0.00, 4770054
0.00, 4701952
0.00, 4667284
0.00, 4646405
0.00, 4582383
0.00, 4238506
0.00, 4055137
0.00, 3977346
0.00, 3842839
0.00, 3788907
0.00, 3640823
0.00, 3465502
0.00, 3463315
0.00, 3416524
0.00, 3389422
0.00, 3384270
0.00, 3357098
0.00, 3323213
0.00, 3149279
0.00, 3062295
0.00, 2985332
0.00, 2962407
0.00, 2940859
0.00, 2896386
0.00, 2849428
0.00, 2775499
0.00, 2629402
0.00, 2556490
0.00, 2546742
0.00, 2480372
0.00, 2424930
0.00, 2371798
0.00, 2368939
0.00, 2333029
0.00, 2284813
0.00, 2189343
0.01, 2184565
0.01, 2174149
0.01, 2148509
0.01, 2146050
0.01, 2133562
0.01, 2123146
0.36, 2100203
0.36, 2085198
0.36, 2074782
0.37, 2049142
0.37, 2023779
0.60, 2016322
2.99, 2003763
