0.00, 4903086
0.00, 4898395
0.00, 4495081
0.00, 3835831
0.00, 3683343
0.00, 3638768
0.00, 3496052
0.00, 3495040
0.00, 3397214
0.00, 3381760
0.01, 3303201
0.01, 3226556
0.01, 3082515
0.01, 2780021
0.01, 2769605
0.01, 2726806
0.01, 2663383
0.01, 2651761
0.01, 2627963
0.01, 2576042
0.01, 2574674
0.02, 2520981
0.02, 2518522
0.02, 2518146
0.02, 2496509
0.02, 2492767
0.03, 2485498
0.03, 2446117
0.18, 2390824
0.19, 2363226
0.20, 2350738
0.20, 2289306
0.20, 2278890
0.26, 2217382
1.14, 2112449
1.15, 2057757
1.16, 2044617
1.17, 2030676
