0.00, 4589758
0.00, 4540990
0.00, 4059903
0.00, 4024073
0.00, 4012723
0.00, 3971942
0.00, 3751647
0.00, 3665665
0.00, 3649063
0.00, 3642012
0.00, 3641042
0.00, 3333920
0.01, 3116392
0.01, 3044451
0.01, 2996827
0.01, 2906825
0.01, 2818857
0.01, 2818382
0.01, 2802379
0.01, 2724448
0.07, 2625519
0.07, 2600905
0.08, 2593042
0.09, 2562810
0.09, 2559923
0.15, 2550236
0.16, 2540578
0.37, 2529037
0.37, 2418472
0.41, 2406194
0.42, 2391225
0.42, 2382107
0.43, 2329816
0.43, 2325101
0.49, 2305430
0.49, 2278716
0.76, 2254324
0.76, 2219275
0.76, 2208381
0.82, 2204442
0.83, 2193628
0.84, 2183212
