0.01, 4943725
0.01, 4761253
0.01, 4691642
0.01, 4644795
0.01, 4228794
0.01, 4219323
0.01, 4076157
0.01, 3935897
0.01, 3728840
0.01, 3718693
0.01, 3607061
0.01, 3594209
0.01, 3570252
0.01, 3566311
0.01, 3562189
0.01, 3468402
0.01, 3432492
0.01, 3412627
0.01, 3287185
0.01, 3082946
0.01, 3082873
0.01, 3051168
0.01, 2852790
0.01, 2824529
0.01, 2812105
0.02, 2751246
0.02, 2731377
0.02, 2722705
0.02, 2589539
0.02, 2585446
0.02, 2562720
0.03, 2541525
0.03, 2508884
0.05, 2505218
0.06, 2439749
0.06, 2439049
0.06, 2409143
0.06, 2405553
0.07, 2394331
0.07, 2381688
0.40, 2362387
0.40, 2350518
0.40, 2336200
0.46, 2253246
0.46, 2228680
0.47, 2199438
0.52, 2183810
3.54, 2144298
3.54, 2113161
3.65, 2102271
3.69, 2098950
3.69, 2085810
