0.00, 4496198
0.00, 4492481
0.00, 4478750
0.00, 4440112
0.00, 4398163
0.00, 4322669
0.00, 4209065
0.00, 4206617
0.00, 3966330
0.00, 3867391
0.00, 3634279
0.00, 3518916
0.01, 3433971
0.01, 3359729
0.01, 3308350
0.01, 3185290
0.01, 3131237
0.01, 3107945
0.01, 2941646
0.01, 2931787
0.01, 2884318
0.01, 2518706
0.01, 2502830
0.01, 2451610
0.01, 2441197
0.01, 2285662
0.01, 2275268
0.02, 2257844
0.02, 2238362
0.02, 2187581
0.09, 2174438
0.09, 2139389
0.10, 2128495
0.10, 2125249
0.94, 2101615
0.94, 2066726
0.94, 2063631
4.52, 2045909
