0.00, 4537077
0.00, 4462475
0.00, 4430874
0.00, 4427628
0.00, 4180342
0.00, 4063485
0.00, 4016030
0.00, 4001404
0.00, 3894407
0.00, 3891848
0.00, 3850965
0.00, 3534771
0.00, 3485198
0.00, 3483465
0.00, 3425222
0.01, 3204302
0.01, 3073924
0.01, 2790305
0.01, 2726316
0.01, 2568893
0.01, 2548672
0.01, 2546463
0.01, 2528526
0.01, 2467825
0.02, 2430434
0.02, 2397544
0.02, 2385221
0.02, 2321132
0.02, 2268000
0.02, 2217501
0.03, 2207249
0.03, 2145741
0.10, 2129337
0.11, 2126046
1.49, 2109073
5.21, 2085838
5.21, 2069599
5.22, 2059484
5.22, 2031423
