0.01, 4770054
0.01, 4701952
0.01, 4667284
0.01, 4646405
0.01, 4582383
0.01, 4238506
0.01, 4055137
0.01, 3977346
0.01, 3842839
0.01, 3788907
0.01, 3640823
0.02, 3465502
0.02, 3463315
0.02, 3416524
0.02, 3389422
0.02, 3384270
0.02, 3357098
0.02, 3323213
0.02, 3149279
0.02, 3062295
0.02, 2985332
0.02, 2962407
0.02, 2940859
0.02, 2896386
0.02, 2849428
0.02, 2775499
0.02, 2629402
0.02, 2556490
0.02, 2546742
0.03, 2480372
0.03, 2424930
0.03, 2371798
0.03, 2368939
0.03, 2333029
0.03, 2284813
0.03, 2189343
0.06, 2184565
0.07, 2174149
0.09, 2148509
0.09, 2146050
0.11, 2133562
0.12, 2123146
