0.00, 4537077
0.00, 4462475
0.00, 4430874
0.00, 4427628
0.00, 4180342
0.00, 4063485
0.00, 4016030
0.00, 4001404
0.00, 3894407
0.00, 3891848
0.00, 3850965
0.00, 3534771
0.00, 3485198
0.00, 3483465
0.00, 3425222
0.00, 3204302
0.00, 3073924
0.00, 2790305
0.00, 2726316
0.00, 2568893
0.00, 2548672
0.00, 2546463
0.00, 2528526
0.00, 2467825
0.00, 2430434
0.00, 2397544
0.00, 2385221
0.00, 2321132
0.00, 2268000
0.00, 2217501
0.00, 2207249
0.00, 2145741
0.01, 2129337
0.01, 2126046
0.10, 2109073
0.37, 2085838
0.37, 2069599
0.37, 2059484
0.37, 2031423
0.98, 2030052
0.98, 2003763
