0.00, 4566399
0.00, 4564572
0.00, 4547148
0.00, 4498319
0.00, 3993029
0.00, 3923904
0.00, 3896022
0.00, 3752545
0.01, 3586632
0.01, 3330130
0.01, 3282056
0.01, 3269062
0.01, 3168256
0.01, 3145042
0.01, 3068587
0.01, 3062559
0.01, 2965562
0.01, 2934655
0.01, 2724835
0.01, 2663402
0.01, 2649267
0.01, 2637784
0.02, 2602363
0.02, 2593741
0.02, 2502865
0.02, 2362520
0.02, 2354915
0.05, 2298383
0.05, 2185546
0.05, 2179170
0.06, 2123231
0.06, 2116458
0.07, 2102211
0.10, 2092203
0.10, 2089933
0.12, 2051925
1.55, 2049142
1.56, 2046683
1.57, 2034195
1.57, 2023779
