0.00, 4849303
0.00, 4764928
0.00, 4698072
0.00, 4487065
0.00, 4399141
0.00, 4263463
0.00, 4155238
0.00, 4067108
0.00, 3840522
0.00, 3788421
0.00, 3783023
0.00, 3727755
0.00, 3620975
0.00, 3447614
0.00, 3409095
0.00, 3354127
0.00, 3306164
0.00, 3231228
0.00, 2950026
0.00, 2611104
0.00, 2553338
0.00, 2427726
0.00, 2414910
0.00, 2374821
0.00, 2358582
0.00, 2297723
0.04, 2285678
0.04, 2269439
0.09, 2229590
0.10, 2150865
0.10, 2135131
0.10, 2132633
0.12, 2103196
0.12, 2088290
0.12, 2064203
0.13, 2054195
0.13, 2051736
0.18, 2040814
2.62, 2016322
8.14, 2003763
