0.00, 4903086
0.00, 4898395
0.00, 4495081
0.00, 3835831
0.00, 3683343
0.00, 3638768
0.00, 3496052
0.00, 3495040
0.00, 3397214
0.00, 3381760
0.01, 3303201
0.01, 3226556
0.01, 3082515
0.01, 2780021
0.01, 2769605
0.01, 2726806
0.03, 2663383
0.03, 2651761
0.03, 2627963
0.03, 2576042
0.03, 2574674
0.04, 2520981
0.04, 2518522
0.04, 2518146
0.04, 2496509
0.04, 2492767
0.05, 2485498
0.05, 2446117
0.18, 2390824
0.20, 2363226
0.21, 2350738
0.21, 2289306
0.21, 2278890
0.22, 2217382
0.79, 2112449
0.79, 2057757
0.80, 2044617
0.83, 2030676
