0.00, 4566399
0.00, 4564572
0.00, 4547148
0.00, 4498319
0.00, 3993029
0.00, 3923904
0.00, 3896022
0.00, 3752545
0.00, 3586632
0.00, 3330130
0.00, 3282056
0.00, 3269062
0.00, 3168256
0.00, 3145042
0.00, 3068587
0.00, 3062559
0.00, 2965562
0.00, 2934655
0.00, 2724835
0.00, 2663402
0.00, 2649267
0.00, 2637784
0.00, 2602363
0.00, 2593741
0.00, 2502865
0.00, 2362520
0.00, 2354915
0.01, 2298383
0.01, 2185546
0.01, 2179170
0.01, 2123231
0.01, 2116458
0.01, 2102211
0.01, 2092203
0.01, 2089933
0.02, 2051925
0.14, 2049142
0.14, 2046683
0.14, 2034195
0.14, 2023779
11.02, 2016322
12.89, 2003763
