0.00, 5339627
0.00, 5196662
0.00, 4904793
0.00, 4891280
0.00, 4491682
0.00, 4482685
0.00, 4477208
0.00, 4447437
0.00, 4368054
0.00, 4333194
0.00, 4314738
0.00, 4299785
0.00, 4193724
0.00, 3930939
0.04, 3879678
0.04, 3858420
0.04, 3855571
0.04, 3699136
0.04, 3634230
0.04, 3560192
0.04, 3457985
0.04, 3394270
0.04, 3385619
0.04, 3218197
0.04, 3174626
0.04, 3167908
0.05, 3100673
0.05, 3088210
0.05, 3050368
0.05, 2954142
0.05, 2933062
0.05, 2894293
0.05, 2891238
0.05, 2861790
0.06, 2845299
0.06, 2828697
0.06, 2819700
0.06, 2786893
0.06, 2759012
0.07, 2745230
0.12, 2744069
0.12, 2696106
0.13, 2615712
0.13, 2538752
0.14, 2471638
0.14, 2442134
0.21, 2362643
0.22, 2301515
0.23, 2300548
0.23, 2292091
0.23, 2290657
0.28, 2287666
0.73, 2186756
0.83, 2107265
4.14, 2095395
4.48, 2084794
4.69, 2070182
4.70, 2063631
