0.01, 4589758
0.01, 4540990
0.02, 4059903
0.02, 4024073
0.02, 4012723
0.02, 3971942
0.02, 3751647
0.02, 3665665
0.02, 3649063
0.02, 3642012
0.02, 3641042
0.02, 3333920
0.02, 3116392
0.02, 3044451
0.02, 2996827
0.02, 2906825
0.02, 2818857
0.02, 2818382
0.02, 2802379
0.03, 2724448
0.04, 2625519
0.04, 2600905
0.09, 2593042
0.10, 2562810
0.10, 2559923
0.11, 2550236
0.12, 2540578
0.28, 2529037
0.29, 2418472
0.29, 2406194
0.29, 2391225
0.30, 2382107
0.30, 2329816
0.31, 2325101
0.35, 2305430
0.35, 2278716
0.76, 2254324
0.76, 2219275
0.77, 2208381
0.78, 2204442
0.79, 2193628
0.85, 2183212
3.26, 2155479
3.32, 2042058
