0.00, 4903086
0.00, 4898395
0.00, 4495081
0.00, 3835831
0.00, 3683343
0.00, 3638768
0.00, 3496052
0.00, 3495040
0.00, 3397214
0.00, 3381760
0.00, 3303201
0.00, 3226556
0.00, 3082515
0.00, 2780021
0.00, 2769605
0.00, 2726806
0.00, 2663383
0.00, 2651761
0.00, 2627963
0.00, 2576042
0.00, 2574674
0.00, 2520981
0.00, 2518522
0.00, 2518146
0.00, 2496509
0.00, 2492767
0.01, 2485498
0.01, 2446117
0.02, 2390824
0.02, 2363226
0.02, 2350738
0.02, 2289306
0.02, 2278890
0.02, 2217382
0.09, 2112449
0.09, 2057757
0.09, 2044617
0.09, 2030676
2.89, 2023779
3.15, 2016322
3.67, 2003763
