0.00, 4903086
0.00, 4898395
0.00, 4495081
0.00, 3835831
0.00, 3683343
0.00, 3638768
0.00, 3496052
0.00, 3495040
0.00, 3397214
0.00, 3381760
0.00, 3303201
0.00, 3226556
0.01, 3082515
0.01, 2780021
0.01, 2769605
0.01, 2726806
0.01, 2663383
0.01, 2651761
0.01, 2627963
0.01, 2576042
0.01, 2574674
0.12, 2520981
0.12, 2518522
0.12, 2518146
0.13, 2496509
0.13, 2492767
0.13, 2485498
0.13, 2446117
0.25, 2390824
0.34, 2363226
0.35, 2350738
0.35, 2289306
0.35, 2278890
0.35, 2217382
1.34, 2112449
1.35, 2057757
1.35, 2044617
1.44, 2030676
