0.00, 4770054
0.00, 4701952
0.00, 4667284
0.00, 4646405
0.00, 4582383
0.01, 4238506
0.01, 4055137
0.01, 3977346
0.01, 3842839
0.01, 3788907
0.01, 3640823
0.01, 3465502
0.01, 3463315
0.01, 3416524
0.01, 3389422
0.01, 3384270
0.01, 3357098
0.01, 3323213
0.01, 3149279
0.01, 3062295
0.01, 2985332
0.01, 2962407
0.02, 2940859
0.02, 2896386
0.02, 2849428
0.02, 2775499
0.02, 2629402
0.02, 2556490
0.02, 2546742
0.02, 2480372
0.02, 2424930
0.02, 2371798
0.03, 2368939
0.03, 2333029
0.03, 2284813
0.03, 2189343
0.08, 2184565
0.09, 2174149
0.11, 2148509
0.11, 2146050
0.17, 2133562
0.18, 2123146
