0.00, 4566399
0.00, 4564572
0.00, 4547148
0.00, 4498319
0.00, 3993029
0.00, 3923904
0.00, 3896022
0.00, 3752545
0.00, 3586632
0.00, 3330130
0.00, 3282056
0.00, 3269062
0.01, 3168256
0.01, 3145042
0.01, 3068587
0.01, 3062559
0.01, 2965562
0.01, 2934655
0.01, 2724835
0.01, 2663402
0.01, 2649267
0.01, 2637784
0.01, 2602363
0.01, 2593741
0.01, 2502865
0.02, 2362520
0.02, 2354915
0.04, 2298383
0.05, 2185546
0.05, 2179170
0.05, 2123231
0.06, 2116458
0.07, 2102211
0.08, 2092203
0.12, 2089933
0.14, 2051925
1.86, 2049142
1.87, 2046683
1.87, 2034195
1.94, 2023779
