0.00, 4717328
0.00, 4555646
0.00, 4337983
0.00, 4294233
0.00, 4290872
0.00, 4278046
0.00, 4258694
0.00, 4248000
0.00, 4236774
0.00, 3966794
0.00, 3926612
0.00, 3846772
0.00, 3729147
0.00, 3638682
0.00, 3344387
0.00, 3257688
0.00, 3063356
0.00, 3052931
0.00, 3030900
0.00, 2981188
0.00, 2872493
0.00, 2854492
0.00, 2849918
0.00, 2831395
0.00, 2830327
0.00, 2732754
0.00, 2716515
0.00, 2711455
0.00, 2692405
0.00, 2681059
0.00, 2645670
0.00, 2644008
0.00, 2581615
0.01, 2552890
0.01, 2545411
0.01, 2543989
0.01, 2535492
0.01, 2522491
0.01, 2489568
0.01, 2479032
0.01, 2424783
0.01, 2422831
0.03, 2372993
0.03, 2308252
0.03, 2246732
0.04, 2234244
0.04, 2223828
0.04, 2217286
0.06, 2121328
0.07, 2070829
0.07, 2054590
0.29, 2044281
1.19, 2030676
1.43, 2024508
1.44, 2003763
