0.00, 5339627
0.00, 5196662
0.00, 4904793
0.00, 4891280
0.00, 4491682
0.00, 4482685
0.00, 4477208
0.00, 4447437
0.00, 4368054
0.00, 4333194
0.00, 4314738
0.00, 4299785
0.00, 4193724
0.00, 3930939
0.00, 3879678
0.00, 3858420
0.00, 3855571
0.01, 3699136
0.01, 3634230
0.01, 3560192
0.01, 3457985
0.01, 3394270
0.01, 3385619
0.01, 3218197
0.01, 3174626
0.01, 3167908
0.01, 3100673
0.01, 3088210
0.01, 3050368
0.01, 2954142
0.02, 2933062
0.03, 2894293
0.03, 2891238
0.04, 2861790
0.04, 2845299
0.04, 2828697
0.05, 2819700
0.05, 2786893
0.06, 2759012
0.07, 2745230
0.09, 2744069
0.09, 2696106
0.11, 2615712
0.11, 2538752
0.11, 2471638
0.11, 2442134
0.15, 2362643
0.16, 2301515
0.17, 2300548
0.17, 2292091
0.18, 2290657
0.20, 2287666
0.52, 2186756
0.59, 2107265
