0.00, 4675034
0.00, 4450677
0.00, 4191714
0.00, 4155706
0.00, 4074670
0.00, 3919870
0.00, 3717907
0.00, 3653842
0.00, 3597438
0.00, 3442366
0.00, 3395922
0.00, 3201401
0.00, 3179215
0.00, 3012591
0.00, 2937410
0.00, 2836682
0.00, 2800738
0.00, 2767062
0.00, 2684548
0.00, 2670439
0.00, 2608931
0.00, 2586278
0.00, 2562761
0.00, 2559019
0.00, 2542615
0.00, 2542422
0.00, 2538919
0.00, 2505106
0.00, 2501815
0.00, 2434121
0.00, 2338651
0.00, 2322542
0.00, 2319447
0.01, 2313510
0.01, 2299489
0.01, 2290519
0.01, 2116801
0.01, 2081752
0.01, 2070858
0.02, 2034306
0.02, 2017704
0.02, 2003763
