0.00, 5339627
0.00, 5196662
0.00, 4904793
0.01, 4891280
0.01, 4491682
0.01, 4482685
0.01, 4477208
0.01, 4447437
0.01, 4368054
0.01, 4333194
0.01, 4314738
0.01, 4299785
0.01, 4193724
0.01, 3930939
0.01, 3879678
0.01, 3858420
0.01, 3855571
0.02, 3699136
0.02, 3634230
0.02, 3560192
0.02, 3457985
0.02, 3394270
0.02, 3385619
0.02, 3218197
0.02, 3174626
0.02, 3167908
0.02, 3100673
0.02, 3088210
0.02, 3050368
0.02, 2954142
0.02, 2933062
0.02, 2894293
0.03, 2891238
0.03, 2861790
0.03, 2845299
0.08, 2828697
0.08, 2819700
0.08, 2786893
0.08, 2759012
0.09, 2745230
0.10, 2744069
0.10, 2696106
0.17, 2615712
0.17, 2538752
0.17, 2471638
0.17, 2442134
0.19, 2362643
0.24, 2301515
0.24, 2300548
0.25, 2292091
0.25, 2290657
0.26, 2287666
0.61, 2186756
0.63, 2107265
