0.00, 5133935
0.00, 5038593
0.00, 4865095
0.00, 4855073
0.04, 4853093
0.04, 4828117
0.04, 4775715
0.04, 4745442
0.04, 4611902
0.04, 4551113
0.04, 4400456
0.04, 4399038
0.04, 4350633
0.04, 4344177
0.04, 4333099
0.04, 4323319
0.04, 4180262
0.04, 3791277
0.04, 3758411
0.04, 3614567
0.04, 3349915
0.05, 3310535
0.05, 3138102
0.05, 3109882
0.05, 3010222
0.05, 3009815
0.05, 2779975
0.05, 2704757
0.05, 2680143
0.05, 2635910
0.05, 2508392
0.07, 2467835
0.11, 2436933
0.11, 2427140
0.11, 2409798
0.11, 2388886
0.11, 2305761
0.14, 2256047
0.54, 2223585
0.54, 2198164
