0.00, 5133935
0.00, 5038593
0.00, 4865095
0.00, 4855073
0.00, 4853093
0.00, 4828117
0.01, 4775715
0.01, 4745442
0.01, 4611902
0.01, 4551113
0.01, 4400456
0.01, 4399038
0.01, 4350633
0.01, 4344177
0.01, 4333099
0.01, 4323319
0.01, 4180262
0.01, 3791277
0.01, 3758411
0.01, 3614567
0.01, 3349915
0.01, 3310535
0.01, 3138102
0.01, 3109882
0.01, 3010222
0.01, 3009815
0.01, 2779975
0.01, 2704757
0.02, 2680143
0.02, 2635910
0.02, 2508392
0.04, 2467835
0.05, 2436933
0.05, 2427140
0.06, 2409798
0.06, 2388886
0.06, 2305761
0.10, 2256047
0.24, 2223585
0.25, 2198164
