0.00, 4903086
0.00, 4898395
0.00, 4495081
0.00, 3835831
0.00, 3683343
0.00, 3638768
0.00, 3496052
0.00, 3495040
0.00, 3397214
0.01, 3381760
0.01, 3303201
0.01, 3226556
0.01, 3082515
0.01, 2780021
0.01, 2769605
0.01, 2726806
0.01, 2663383
0.01, 2651761
0.01, 2627963
0.01, 2576042
0.02, 2574674
0.02, 2520981
0.02, 2518522
0.02, 2518146
0.02, 2496509
0.02, 2492767
0.02, 2485498
0.02, 2446117
0.10, 2390824
0.12, 2363226
0.12, 2350738
0.12, 2289306
0.13, 2278890
0.13, 2217382
0.65, 2112449
0.66, 2057757
0.66, 2044617
0.73, 2030676
