0.00, 4854031
0.00, 4740578
0.00, 4706904
0.00, 4495897
0.00, 4483574
0.00, 4455426
0.00, 4394651
0.00, 4202639
0.00, 4162599
0.00, 4018301
0.00, 4014779
0.00, 4003209
0.00, 3886421
0.00, 3697431
0.00, 3615144
0.00, 3608156
0.00, 3562969
0.00, 3543044
0.00, 3466187
0.00, 3290563
0.00, 3277471
0.00, 3250239
0.00, 3211855
0.00, 3201426
0.00, 2917889
0.00, 2871067
0.00, 2845551
0.00, 2789304
0.00, 2738830
0.00, 2696031
0.00, 2689228
0.00, 2609660
0.00, 2580709
0.00, 2551353
0.01, 2500456
0.01, 2491187
0.01, 2411619
0.01, 2410197
0.01, 2329354
0.01, 2293444
0.01, 2275105
0.01, 2089976
0.01, 2050595
0.01, 2034195
0.01, 2023779
0.16, 2020002
0.16, 2003763
