0.00, 4943725
0.00, 4761253
0.00, 4691642
0.00, 4644795
0.00, 4228794
0.01, 4219323
0.01, 4076157
0.01, 3935897
0.01, 3728840
0.01, 3718693
0.01, 3607061
0.01, 3594209
0.01, 3570252
0.01, 3566311
0.01, 3562189
0.01, 3468402
0.01, 3432492
0.01, 3412627
0.01, 3287185
0.01, 3082946
0.01, 3082873
0.01, 3051168
0.01, 2852790
0.01, 2824529
0.01, 2812105
0.01, 2751246
0.01, 2731377
0.01, 2722705
0.01, 2589539
0.02, 2585446
0.02, 2562720
0.02, 2541525
0.03, 2508884
0.03, 2505218
0.05, 2439749
0.05, 2439049
0.05, 2409143
0.06, 2405553
0.06, 2394331
0.06, 2381688
