0.00, 4849303
0.00, 4764928
0.00, 4698072
0.00, 4487065
0.00, 4399141
0.00, 4263463
0.00, 4155238
0.00, 4067108
0.00, 3840522
0.00, 3788421
0.00, 3783023
0.00, 3727755
0.00, 3620975
0.00, 3447614
0.00, 3409095
0.00, 3354127
0.00, 3306164
0.00, 3231228
0.01, 2950026
0.01, 2611104
0.06, 2553338
0.06, 2427726
0.06, 2414910
0.06, 2374821
0.07, 2358582
0.07, 2297723
0.42, 2285678
0.50, 2269439
1.20, 2229590
1.20, 2150865
1.28, 2135131
1.29, 2132633
1.53, 2103196
1.54, 2088290
1.54, 2064203
1.63, 2054195
1.70, 2051736
2.29, 2040814
