0.00, 4589758
0.00, 4540990
0.00, 4059903
0.00, 4024073
0.00, 4012723
0.00, 3971942
0.00, 3751647
0.00, 3665665
0.00, 3649063
0.00, 3642012
0.00, 3641042
0.00, 3333920
0.00, 3116392
0.00, 3044451
0.00, 2996827
0.00, 2906825
0.00, 2818857
0.00, 2818382
0.00, 2802379
0.00, 2724448
0.01, 2625519
0.01, 2600905
0.01, 2593042
0.01, 2562810
0.01, 2559923
0.01, 2550236
0.01, 2540578
0.03, 2529037
0.04, 2418472
0.04, 2406194
0.04, 2391225
0.04, 2382107
0.04, 2329816
0.04, 2325101
0.04, 2305430
0.05, 2278716
0.07, 2254324
0.07, 2219275
0.07, 2208381
0.08, 2204442
0.08, 2193628
0.08, 2183212
0.28, 2155479
0.29, 2042058
0.93, 2040814
1.61, 2003763
