0.06, 4943725
0.06, 4761253
0.06, 4691642
0.06, 4644795
0.06, 4228794
0.06, 4219323
0.06, 4076157
0.06, 3935897
0.06, 3728840
0.06, 3718693
0.06, 3607061
0.06, 3594209
0.06, 3570252
0.06, 3566311
0.06, 3562189
0.06, 3468402
0.06, 3432492
0.06, 3412627
0.06, 3287185
0.06, 3082946
0.06, 3082873
0.06, 3051168
0.06, 2852790
0.07, 2824529
0.07, 2812105
0.07, 2751246
0.07, 2731377
0.07, 2722705
0.07, 2589539
0.07, 2585446
0.07, 2562720
0.08, 2541525
0.08, 2508884
0.08, 2505218
0.09, 2439749
0.09, 2439049
0.09, 2409143
0.14, 2405553
0.14, 2394331
0.14, 2381688
0.59, 2362387
0.60, 2350518
0.60, 2336200
0.65, 2253246
0.72, 2228680
0.72, 2199438
0.74, 2183810
