0.00, 4849303
0.00, 4764928
0.00, 4698072
0.00, 4487065
0.00, 4399141
0.00, 4263463
0.00, 4155238
0.00, 4067108
0.00, 3840522
0.00, 3788421
0.00, 3783023
0.00, 3727755
0.00, 3620975
0.01, 3447614
0.01, 3409095
0.01, 3354127
0.01, 3306164
0.01, 3231228
0.01, 2950026
0.01, 2611104
0.01, 2553338
0.01, 2427726
0.01, 2414910
0.02, 2374821
0.02, 2358582
0.02, 2297723
0.34, 2285678
0.40, 2269439
1.11, 2229590
1.11, 2150865
1.16, 2135131
1.18, 2132633
1.44, 2103196
1.45, 2088290
1.45, 2064203
1.65, 2054195
1.68, 2051736
2.31, 2040814
