0.00, 4589758
0.00, 4540990
0.00, 4059903
0.00, 4024073
0.00, 4012723
0.00, 3971942
0.00, 3751647
0.00, 3665665
0.01, 3649063
0.01, 3642012
0.01, 3641042
0.01, 3333920
0.01, 3116392
0.01, 3044451
0.01, 2996827
0.01, 2906825
0.01, 2818857
0.01, 2818382
0.01, 2802379
0.01, 2724448
0.05, 2625519
0.06, 2600905
0.06, 2593042
0.07, 2562810
0.08, 2559923
0.08, 2550236
0.13, 2540578
0.32, 2529037
0.32, 2418472
0.33, 2406194
0.33, 2391225
0.33, 2382107
0.40, 2329816
0.41, 2325101
0.43, 2305430
0.43, 2278716
0.81, 2254324
0.81, 2219275
0.82, 2208381
0.91, 2204442
0.92, 2193628
0.93, 2183212
