0.00, 4998726
0.00, 4893373
0.00, 4881697
0.00, 4717660
0.00, 4693376
0.00, 4512869
0.00, 4379635
0.00, 4298009
0.00, 4285500
0.00, 4174557
0.00, 4105561
0.00, 4104383
0.00, 3886968
0.00, 3859943
0.00, 3809444
0.00, 3785847
0.00, 3750160
0.00, 3360664
0.00, 3357680
0.00, 3286458
0.00, 3210144
0.00, 3176259
0.00, 3169705
0.00, 2968813
0.00, 2946893
0.00, 2876730
0.01, 2874892
0.01, 2827814
0.01, 2812790
0.01, 2795479
0.01, 2589076
0.01, 2509307
0.01, 2477183
0.01, 2458133
0.01, 2340983
0.01, 2316539
0.01, 2295229
0.01, 2282027
0.02, 2037509
0.02, 2034414
0.08, 2003763
