0.00, 4496198
0.00, 4492481
0.00, 4478750
0.00, 4440112
0.00, 4398163
0.00, 4322669
0.00, 4209065
0.00, 4206617
0.00, 3966330
0.00, 3867391
0.00, 3634279
0.00, 3518916
0.00, 3433971
0.00, 3359729
0.00, 3308350
0.00, 3185290
0.00, 3131237
0.00, 3107945
0.00, 2941646
0.00, 2931787
0.00, 2884318
0.00, 2518706
0.00, 2502830
0.00, 2451610
0.00, 2441197
0.00, 2285662
0.00, 2275268
0.00, 2257844
0.00, 2238362
0.00, 2187581
0.00, 2174438
0.01, 2139389
0.01, 2128495
0.01, 2125249
0.06, 2101615
0.06, 2066726
0.06, 2063631
0.35, 2045909
1.83, 2030676
2.83, 2023779
3.02, 2003763
