0.00, 4943725
0.00, 4761253
0.00, 4691642
0.00, 4644795
0.00, 4228794
0.00, 4219323
0.00, 4076157
0.00, 3935897
0.00, 3728840
0.00, 3718693
0.00, 3607061
0.00, 3594209
0.00, 3570252
0.00, 3566311
0.00, 3562189
0.00, 3468402
0.00, 3432492
0.00, 3412627
0.00, 3287185
0.00, 3082946
0.00, 3082873
0.00, 3051168
0.00, 2852790
0.00, 2824529
0.00, 2812105
0.00, 2751246
0.00, 2731377
0.00, 2722705
0.00, 2589539
0.00, 2585446
0.00, 2562720
0.00, 2541525
0.00, 2508884
0.01, 2505218
0.01, 2439749
0.01, 2439049
0.01, 2409143
0.01, 2405553
0.01, 2394331
0.01, 2381688
0.04, 2362387
0.04, 2350518
0.04, 2336200
0.05, 2253246
0.05, 2228680
0.05, 2199438
0.05, 2183810
0.28, 2144298
0.28, 2113161
0.29, 2102271
0.29, 2098950
0.29, 2085810
0.58, 2053249
0.61, 2020002
0.61, 2003763
