0.00, 4943725
0.00, 4761253
0.00, 4691642
0.00, 4644795
0.00, 4228794
0.00, 4219323
0.00, 4076157
0.00, 3935897
0.00, 3728840
0.00, 3718693
0.00, 3607061
0.00, 3594209
0.00, 3570252
0.00, 3566311
0.00, 3562189
0.00, 3468402
0.00, 3432492
0.01, 3412627
0.01, 3287185
0.01, 3082946
0.01, 3082873
0.01, 3051168
0.01, 2852790
0.01, 2824529
0.01, 2812105
0.01, 2751246
0.01, 2731377
0.01, 2722705
0.01, 2589539
0.02, 2585446
0.02, 2562720
0.02, 2541525
0.02, 2508884
0.04, 2505218
0.06, 2439749
0.06, 2439049
0.06, 2409143
0.07, 2405553
0.08, 2394331
0.08, 2381688
0.81, 2362387
0.81, 2350518
0.81, 2336200
0.87, 2253246
0.87, 2228680
0.88, 2199438
0.91, 2183810
