0.00, 4589758
0.00, 4540990
0.00, 4059903
0.00, 4024073
0.00, 4012723
0.00, 3971942
0.00, 3751647
0.00, 3665665
0.00, 3649063
0.00, 3642012
0.00, 3641042
0.00, 3333920
0.01, 3116392
0.01, 3044451
0.01, 2996827
0.01, 2906825
0.01, 2818857
0.01, 2818382
0.01, 2802379
0.01, 2724448
0.02, 2625519
0.03, 2600905
0.03, 2593042
0.09, 2562810
0.10, 2559923
0.11, 2550236
0.12, 2540578
0.44, 2529037
0.44, 2418472
0.45, 2406194
0.45, 2391225
0.45, 2382107
0.46, 2329816
0.46, 2325101
0.51, 2305430
0.52, 2278716
0.85, 2254324
0.86, 2219275
0.86, 2208381
0.87, 2204442
0.88, 2193628
0.94, 2183212
4.25, 2155479
4.25, 2042058
