0.00, 4903086
0.00, 4898395
0.01, 4495081
0.01, 3835831
0.01, 3683343
0.01, 3638768
0.01, 3496052
0.01, 3495040
0.01, 3397214
0.01, 3381760
0.01, 3303201
0.01, 3226556
0.01, 3082515
0.01, 2780021
0.01, 2769605
0.01, 2726806
0.02, 2663383
0.02, 2651761
0.02, 2627963
0.02, 2576042
0.02, 2574674
0.02, 2520981
0.02, 2518522
0.03, 2518146
0.04, 2496509
0.04, 2492767
0.04, 2485498
0.04, 2446117
0.14, 2390824
0.17, 2363226
0.21, 2350738
0.21, 2289306
0.21, 2278890
0.22, 2217382
1.11, 2112449
1.12, 2057757
1.12, 2044617
1.18, 2030676
