0.00, 4767322
0.00, 4633829
0.00, 4594915
0.00, 4586018
0.00, 4556152
0.00, 4510704
0.00, 4331897
0.00, 4265794
0.00, 4249944
0.00, 4206769
0.00, 4194270
0.00, 4184339
0.00, 4171057
0.00, 4155998
0.00, 4127937
0.00, 4081402
0.00, 4053712
0.00, 4012151
0.00, 3982034
0.00, 3975357
0.00, 3549085
0.00, 3487946
0.00, 3460076
0.00, 3436367
0.00, 3053902
0.00, 3049935
0.00, 2946010
0.00, 2881235
0.00, 2793695
0.00, 2786707
0.00, 2772970
0.01, 2749403
0.01, 2678025
0.01, 2660327
0.01, 2603025
0.01, 2527797
0.01, 2449532
0.01, 2416382
0.01, 2363328
0.01, 2333972
0.01, 2189674
0.01, 2102654
0.01, 2034414
0.02, 2003763
