0.00, 5133935
0.00, 5038593
0.00, 4865095
0.00, 4855073
0.00, 4853093
0.00, 4828117
0.00, 4775715
0.00, 4745442
0.00, 4611902
0.00, 4551113
0.00, 4400456
0.00, 4399038
0.00, 4350633
0.00, 4344177
0.00, 4333099
0.00, 4323319
0.00, 4180262
0.00, 3791277
0.00, 3758411
0.00, 3614567
0.00, 3349915
0.00, 3310535
0.00, 3138102
0.00, 3109882
0.00, 3010222
0.00, 3009815
0.00, 2779975
0.00, 2704757
0.00, 2680143
0.00, 2635910
0.00, 2508392
0.01, 2467835
0.01, 2436933
0.01, 2427140
0.01, 2409798
0.01, 2388886
0.01, 2305761
0.01, 2256047
0.04, 2223585
0.04, 2198164
0.26, 2186059
0.29, 2145974
0.29, 2132551
0.29, 2082052
0.38, 2066058
1.37, 2058468
3.22, 2045909
3.93, 2045745
4.51, 2030676
5.15, 2023779
5.96, 2020002
5.96, 2003763
