0.00, 4761015
0.00, 4749933
0.00, 4576135
0.00, 4560023
0.00, 4547041
0.00, 4526346
0.00, 4494892
0.00, 4485483
0.00, 4295379
0.00, 4266654
0.00, 4242162
0.00, 4034329
0.00, 4010296
0.00, 3982245
0.00, 3771685
0.00, 3752260
0.00, 3727965
0.00, 3710550
0.00, 3547719
0.00, 3501725
0.00, 3470825
0.00, 3398764
0.00, 3372124
0.00, 3163411
0.00, 3149281
0.00, 3136793
0.00, 3126377
0.00, 3068261
0.00, 2923962
0.01, 2858374
0.01, 2833152
0.01, 2810887
0.01, 2768411
0.01, 2582184
0.01, 2568571
0.01, 2476844
0.01, 2392062
0.01, 2292417
0.01, 2164958
0.01, 2069488
0.01, 2053249
0.02, 2051736
0.04, 2034414
0.07, 2023779
0.10, 2003763
