0.00, 4566399
0.00, 4564572
0.00, 4547148
0.00, 4498319
0.00, 3993029
0.00, 3923904
0.00, 3896022
0.00, 3752545
0.00, 3586632
0.01, 3330130
0.01, 3282056
0.01, 3269062
0.01, 3168256
0.01, 3145042
0.01, 3068587
0.01, 3062559
0.01, 2965562
0.01, 2934655
0.01, 2724835
0.01, 2663402
0.01, 2649267
0.01, 2637784
0.02, 2602363
0.02, 2593741
0.02, 2502865
0.02, 2362520
0.02, 2354915
0.08, 2298383
0.08, 2185546
0.08, 2179170
0.09, 2123231
0.09, 2116458
0.10, 2102211
0.15, 2092203
0.15, 2089933
0.17, 2051925
2.11, 2049142
2.18, 2046683
2.18, 2034195
2.19, 2023779
