0.00, 4717328
0.00, 4555646
0.01, 4337983
0.01, 4294233
0.01, 4290872
0.01, 4278046
0.01, 4258694
0.01, 4248000
0.01, 4236774
0.01, 3966794
0.01, 3926612
0.01, 3846772
0.01, 3729147
0.01, 3638682
0.01, 3344387
0.01, 3257688
0.01, 3063356
0.01, 3052931
0.01, 3030900
0.01, 2981188
0.02, 2872493
0.02, 2854492
0.02, 2849918
0.02, 2831395
0.02, 2830327
0.02, 2732754
0.02, 2716515
0.02, 2711455
0.03, 2692405
0.03, 2681059
0.03, 2645670
0.03, 2644008
0.04, 2581615
0.04, 2552890
0.04, 2545411
0.04, 2543989
0.06, 2535492
0.06, 2522491
0.07, 2489568
0.07, 2479032
0.07, 2424783
0.08, 2422831
0.26, 2372993
0.27, 2308252
0.27, 2246732
0.30, 2234244
0.30, 2223828
0.34, 2217286
0.64, 2121328
0.64, 2070829
0.72, 2054590
4.31, 2044281
