0.00, 4589758
0.00, 4540990
0.00, 4059903
0.00, 4024073
0.00, 4012723
0.00, 3971942
0.00, 3751647
0.01, 3665665
0.01, 3649063
0.01, 3642012
0.01, 3641042
0.01, 3333920
0.01, 3116392
0.01, 3044451
0.01, 2996827
0.01, 2906825
0.01, 2818857
0.01, 2818382
0.01, 2802379
0.01, 2724448
0.02, 2625519
0.04, 2600905
0.04, 2593042
0.06, 2562810
0.06, 2559923
0.07, 2550236
0.09, 2540578
0.22, 2529037
0.24, 2418472
0.24, 2406194
0.25, 2391225
0.25, 2382107
0.27, 2329816
0.27, 2325101
0.31, 2305430
0.31, 2278716
0.53, 2254324
0.53, 2219275
0.54, 2208381
0.55, 2204442
0.56, 2193628
0.59, 2183212
3.29, 2155479
3.30, 2042058
