0.00, 4849303
0.00, 4764928
0.00, 4698072
0.00, 4487065
0.00, 4399141
0.00, 4263463
0.00, 4155238
0.00, 4067108
0.00, 3840522
0.00, 3788421
0.05, 3783023
0.05, 3727755
0.05, 3620975
0.05, 3447614
0.05, 3409095
0.05, 3354127
0.05, 3306164
0.05, 3231228
0.05, 2950026
0.05, 2611104
0.06, 2553338
0.06, 2427726
0.06, 2414910
0.06, 2374821
0.06, 2358582
0.06, 2297723
0.43, 2285678
0.45, 2269439
1.23, 2229590
1.23, 2150865
1.25, 2135131
1.31, 2132633
1.58, 2103196
1.59, 2088290
1.59, 2064203
1.68, 2054195
1.78, 2051736
2.52, 2040814
