0.00, 5339627
0.00, 5196662
0.00, 4904793
0.00, 4891280
0.00, 4491682
0.00, 4482685
0.00, 4477208
0.00, 4447437
0.00, 4368054
0.00, 4333194
0.00, 4314738
0.01, 4299785
0.01, 4193724
0.01, 3930939
0.01, 3879678
0.01, 3858420
0.01, 3855571
0.01, 3699136
0.01, 3634230
0.01, 3560192
0.01, 3457985
0.01, 3394270
0.01, 3385619
0.01, 3218197
0.01, 3174626
0.01, 3167908
0.01, 3100673
0.01, 3088210
0.01, 3050368
0.02, 2954142
0.02, 2933062
0.02, 2894293
0.02, 2891238
0.02, 2861790
0.04, 2845299
0.04, 2828697
0.04, 2819700
0.04, 2786893
0.05, 2759012
0.06, 2745230
0.07, 2744069
0.07, 2696106
0.14, 2615712
0.14, 2538752
0.14, 2471638
0.14, 2442134
0.19, 2362643
0.20, 2301515
0.21, 2300548
0.22, 2292091
0.22, 2290657
0.26, 2287666
0.61, 2186756
0.65, 2107265
