0.05, 5339627
0.05, 5196662
0.05, 4904793
0.05, 4891280
0.05, 4491682
0.05, 4482685
0.06, 4477208
0.06, 4447437
0.06, 4368054
0.06, 4333194
0.06, 4314738
0.06, 4299785
0.06, 4193724
0.06, 3930939
0.06, 3879678
0.06, 3858420
0.06, 3855571
0.06, 3699136
0.06, 3634230
0.06, 3560192
0.06, 3457985
0.06, 3394270
0.07, 3385619
0.07, 3218197
0.07, 3174626
0.07, 3167908
0.07, 3100673
0.07, 3088210
0.07, 3050368
0.07, 2954142
0.07, 2933062
0.07, 2894293
0.07, 2891238
0.08, 2861790
0.08, 2845299
0.08, 2828697
0.08, 2819700
0.08, 2786893
0.09, 2759012
0.09, 2745230
0.16, 2744069
0.16, 2696106
0.17, 2615712
0.18, 2538752
0.18, 2471638
0.18, 2442134
0.27, 2362643
0.28, 2301515
0.28, 2300548
0.29, 2292091
0.29, 2290657
0.38, 2287666
0.80, 2186756
0.83, 2107265
