0.02, 29476
0.02, 29382
0.02, 28826
0.02, 28809
0.02, 27547
0.02, 27502
0.02, 27428
0.02, 27347
0.02, 27160
0.02, 26890
0.02, 26839
0.02, 26692
0.02, 26193
0.02, 25738
0.02, 25261
0.03, 24999
0.03, 24666
0.03, 24631
0.05, 24623
0.05, 24585
0.05, 24422
0.05, 23987
0.05, 23918
0.05, 23624
0.05, 23228
0.05, 23168
0.05, 22920
0.05, 22911
0.05, 22903
0.05, 22782
0.05, 22600
0.05, 22549
0.05, 22544
0.05, 22402
0.05, 21646
0.05, 21180
0.05, 21013
0.05, 20919
0.05, 20581
0.05, 20179
0.05, 19906
0.05, 19694
0.06, 19202
0.06, 18996
0.06, 18375
0.06, 18118
0.06, 17630
0.06, 17384
0.06, 17342
0.06, 17083
0.06, 16838
0.06, 16694
0.06, 16501
0.06, 16345
0.06, 16320
0.06, 16289
0.09, 15477
0.09, 15411
0.09, 15333
0.09, 15332
0.09, 15320
0.09, 14966
0.10, 14736
0.10, 14710
0.10, 14662
0.10, 14506
0.10, 14483
0.10, 14340
0.11, 14181
0.11, 14118
0.11, 14053
0.11, 14003
0.12, 13854
0.12, 13774
0.13, 13678
0.13, 13661
0.13, 13378
0.13, 13324
0.14, 13246
0.14, 13169
0.16, 13164
0.16, 13147
0.17, 13136
0.17, 13119
0.17, 13067
0.20, 12897
0.21, 12870
0.21, 12812
0.21, 12669
0.21, 12659
0.22, 12561
0.22, 12414
0.24, 12132
0.24, 12109
0.25, 12003
0.25, 11954
0.25, 11878
0.26, 11730
0.26, 11405
0.26, 11380
0.29, 11370
0.32, 11357
0.33, 11207
0.36, 11081
0.37, 11058
0.37, 11022
0.37, 11020
0.40, 10819
0.40, 10810
0.46, 10588
0.49, 10567
0.49, 10542
0.53, 10523
0.53, 10386
0.58, 10355
0.61, 10326
0.61, 10235
0.61, 10083
4.41, 10076
4.43, 10046
4.43, 9958
4.43, 9930
6.64, 9917
6.67, 9897
6.67, 9862
10.14, 9851
10.20, 9849
10.21, 9725
10.22, 9642
