0.02, 27473
0.02, 26988
0.02, 26867
0.02, 26741
0.02, 26594
0.03, 25725
0.03, 25703
0.03, 25607
0.03, 25441
0.03, 25140
0.03, 24708
0.03, 24262
0.03, 23639
0.03, 23164
0.03, 23113
0.03, 22958
0.03, 22840
0.03, 22674
0.03, 22646
0.03, 22582
0.03, 21680
0.03, 21631
0.03, 21418
0.03, 21339
0.04, 21224
0.04, 21132
0.04, 21021
0.04, 20912
0.04, 20835
0.04, 20604
0.04, 20470
0.04, 20462
0.04, 20203
0.04, 19715
0.04, 19540
0.05, 19434
0.05, 19431
0.05, 18499
0.05, 18172
0.05, 17615
0.05, 17596
0.05, 17420
0.05, 17343
0.05, 16769
0.05, 16745
0.05, 16743
0.07, 16645
0.07, 16578
0.07, 16498
0.07, 16000
0.07, 15428
0.07, 15301
0.08, 15269
0.08, 15172
0.08, 15090
0.08, 15045
0.08, 14512
0.10, 14415
0.10, 14146
0.10, 14106
0.10, 13453
0.10, 13399
0.13, 13380
0.13, 13359
0.14, 13328
0.14, 13172
0.14, 13127
0.14, 12997
0.14, 12704
0.14, 12593
0.14, 12582
0.17, 12381
0.17, 12362
0.17, 12238
0.18, 12087
0.20, 12044
0.24, 12013
0.24, 11886
0.27, 11871
0.29, 11863
0.29, 11842
0.29, 11694
0.32, 11688
0.32, 11584
0.32, 11560
0.35, 11506
0.35, 11460
0.41, 11320
0.43, 11276
1.20, 11238
1.22, 10974
1.67, 10964
1.67, 10854
1.68, 10846
1.68, 10835
1.70, 10792
1.70, 10782
1.72, 10713
1.72, 10701
1.73, 10693
1.73, 10557
1.75, 10287
1.81, 10205
1.87, 10202
1.89, 9971
1.93, 9921
1.95, 9884
1.97, 9863
1.98, 9796
2.02, 9789
2.02, 9779
4.83, 9754
5.99, 9547
6.00, 9540
