0.02, 27473
0.02, 26988
0.02, 26867
0.02, 26741
0.02, 26594
0.02, 25725
0.02, 25703
0.02, 25607
0.02, 25441
0.02, 25140
0.03, 24708
0.03, 24262
0.03, 23639
0.03, 23164
0.03, 23113
0.03, 22958
0.03, 22840
0.03, 22674
0.03, 22646
0.03, 22582
0.04, 21680
0.04, 21631
0.04, 21418
0.04, 21339
0.05, 21224
0.05, 21132
0.05, 21021
0.05, 20912
0.05, 20835
0.05, 20604
0.05, 20470
0.05, 20462
0.05, 20203
0.05, 19715
0.05, 19540
0.05, 19434
0.05, 19431
0.05, 18499
0.05, 18172
0.05, 17615
0.05, 17596
0.05, 17420
0.05, 17343
0.07, 16769
0.07, 16745
0.07, 16743
0.07, 16645
0.07, 16578
0.07, 16498
0.07, 16000
0.08, 15428
0.08, 15301
0.08, 15269
0.08, 15172
0.08, 15090
0.08, 15045
0.11, 14512
0.11, 14415
0.11, 14146
0.11, 14106
0.11, 13453
0.11, 13399
0.14, 13380
0.14, 13359
0.16, 13328
0.17, 13172
0.17, 13127
0.17, 12997
0.17, 12704
0.17, 12593
0.17, 12582
0.19, 12381
0.19, 12362
0.19, 12238
0.19, 12087
0.21, 12044
0.24, 12013
0.24, 11886
0.27, 11871
0.28, 11863
0.28, 11842
0.30, 11694
0.30, 11688
0.30, 11584
0.30, 11560
0.31, 11506
0.34, 11460
0.40, 11320
0.40, 11276
1.20, 11238
1.21, 10974
1.61, 10964
1.61, 10854
1.61, 10846
1.61, 10835
1.62, 10792
1.63, 10782
1.64, 10713
1.64, 10701
1.67, 10693
1.67, 10557
1.67, 10287
1.75, 10205
1.86, 10202
1.86, 9971
1.92, 9921
1.92, 9884
1.98, 9863
2.00, 9796
2.00, 9789
2.00, 9779
4.09, 9754
5.00, 9547
5.00, 9540
