0.00, 27473
0.00, 26988
0.00, 26867
0.01, 26741
0.01, 26594
0.01, 25725
0.01, 25703
0.01, 25607
0.03, 25441
0.03, 25140
0.03, 24708
0.03, 24262
0.03, 23639
0.03, 23164
0.03, 23113
0.03, 22958
0.03, 22840
0.03, 22674
0.03, 22646
0.03, 22582
0.03, 21680
0.03, 21631
0.03, 21418
0.03, 21339
0.03, 21224
0.03, 21132
0.03, 21021
0.03, 20912
0.03, 20835
0.04, 20604
0.04, 20470
0.04, 20462
0.04, 20203
0.04, 19715
0.04, 19540
0.04, 19434
0.04, 19431
0.04, 18499
0.04, 18172
0.04, 17615
0.04, 17596
0.05, 17420
0.06, 17343
0.06, 16769
0.06, 16745
0.06, 16743
0.06, 16645
0.06, 16578
0.06, 16498
0.06, 16000
0.06, 15428
0.06, 15301
0.06, 15269
0.06, 15172
0.08, 15090
0.09, 15045
0.09, 14512
0.09, 14415
0.09, 14146
0.09, 14106
0.11, 13453
0.11, 13399
0.12, 13380
0.15, 13359
0.15, 13328
0.15, 13172
0.15, 13127
0.15, 12997
0.15, 12704
0.15, 12593
0.16, 12582
0.16, 12381
0.16, 12362
0.16, 12238
0.16, 12087
0.20, 12044
0.23, 12013
0.23, 11886
0.28, 11871
0.29, 11863
0.29, 11842
0.31, 11694
0.32, 11688
0.32, 11584
0.32, 11560
0.34, 11506
0.34, 11460
0.42, 11320
0.43, 11276
1.25, 11238
1.28, 10974
1.83, 10964
1.83, 10854
1.85, 10846
1.86, 10835
1.86, 10792
1.86, 10782
1.90, 10713
1.90, 10701
1.90, 10693
1.90, 10557
1.94, 10287
2.04, 10205
2.12, 10202
2.13, 9971
2.19, 9921
2.21, 9884
2.32, 9863
2.33, 9796
2.35, 9789
2.35, 9779
4.89, 9754
5.79, 9547
5.81, 9540
