0.01, 27563
0.01, 27320
0.01, 26832
0.01, 25203
0.01, 25170
0.01, 25098
0.01, 24948
0.02, 24764
0.02, 24576
0.02, 24497
0.02, 24248
0.02, 23892
0.02, 23877
0.02, 23688
0.02, 23095
0.02, 22698
0.02, 22553
0.02, 22440
0.02, 22093
0.02, 21650
0.02, 21297
0.03, 21183
0.03, 20142
0.03, 19859
0.03, 19612
0.03, 19582
0.03, 19314
0.03, 19035
0.05, 17547
0.05, 17500
0.05, 17347
0.05, 17334
0.05, 17264
0.05, 16444
0.05, 16054
0.05, 16042
0.05, 15982
0.05, 15908
0.05, 15823
0.05, 15637
0.05, 15425
0.06, 15072
0.06, 15032
0.06, 15005
0.06, 15001
0.08, 14839
0.08, 14820
0.08, 14541
0.08, 14491
0.10, 14460
0.10, 14397
0.10, 14094
0.10, 13971
0.10, 13958
0.10, 13957
0.10, 13903
0.10, 13565
0.10, 13555
0.11, 13427
0.11, 13370
0.13, 13308
0.13, 13054
0.14, 12963
0.14, 12884
0.14, 12735
0.16, 12693
0.16, 12540
0.16, 12459
0.16, 12423
0.16, 12357
0.17, 12326
0.19, 11995
0.19, 11939
0.21, 11907
0.22, 11836
0.22, 11796
0.26, 11794
0.30, 11641
0.30, 11626
0.35, 11612
0.36, 11562
0.39, 11402
0.44, 11315
0.44, 11045
1.06, 11000
1.06, 10966
1.13, 10918
1.15, 10789
1.15, 10783
1.18, 10765
1.18, 10735
1.21, 10566
1.26, 10526
1.28, 10442
1.31, 10430
1.35, 10429
2.03, 10424
2.03, 10413
2.03, 10377
2.08, 10305
10.29, 10293
10.35, 10093
10.39, 9929
10.39, 9894
10.39, 9851
10.48, 9818
10.48, 9801
10.50, 9744
10.52, 9715
10.53, 9266
10.56, 9214
10.60, 9193
10.64, 9150
