0.03, 29476
0.03, 29382
0.03, 28826
0.03, 28809
0.03, 27547
0.03, 27502
0.03, 27428
0.03, 27347
0.03, 27160
0.03, 26890
0.03, 26839
0.03, 26692
0.03, 26193
0.03, 25738
0.03, 25261
0.04, 24999
0.04, 24666
0.06, 24631
0.06, 24623
0.06, 24585
0.06, 24422
0.06, 23987
0.06, 23918
0.06, 23624
0.06, 23228
0.06, 23168
0.06, 22920
0.06, 22911
0.06, 22903
0.06, 22782
0.06, 22600
0.06, 22549
0.06, 22544
0.06, 22402
0.06, 21646
0.06, 21180
0.06, 21013
0.06, 20919
0.06, 20581
0.06, 20179
0.06, 19906
0.06, 19694
0.06, 19202
0.06, 18996
0.06, 18375
0.06, 18118
0.06, 17630
0.06, 17384
0.06, 17342
0.06, 17083
0.07, 16838
0.09, 16694
0.09, 16501
0.09, 16345
0.09, 16320
0.09, 16289
0.09, 15477
0.09, 15411
0.09, 15333
0.10, 15332
0.10, 15320
0.13, 14966
0.13, 14736
0.13, 14710
0.13, 14662
0.13, 14506
0.13, 14483
0.13, 14340
0.14, 14181
0.14, 14118
0.16, 14053
0.16, 14003
0.17, 13854
0.17, 13774
0.17, 13678
0.17, 13661
0.17, 13378
0.17, 13324
0.20, 13246
0.20, 13169
0.20, 13164
0.20, 13147
0.22, 13136
0.22, 13119
0.22, 13067
0.26, 12897
0.26, 12870
0.26, 12812
0.26, 12669
0.27, 12659
0.27, 12561
0.27, 12414
0.28, 12132
0.28, 12109
0.28, 12003
0.30, 11954
0.31, 11878
0.31, 11730
0.31, 11405
0.34, 11380
0.34, 11370
0.36, 11357
0.36, 11207
0.39, 11081
0.39, 11058
0.39, 11022
0.39, 11020
0.42, 10819
0.42, 10810
0.46, 10588
0.49, 10567
0.49, 10542
0.55, 10523
0.55, 10386
0.58, 10355
0.61, 10326
0.61, 10235
0.61, 10083
4.56, 10076
4.58, 10046
4.58, 9958
4.58, 9930
6.91, 9917
6.95, 9897
6.95, 9862
10.24, 9851
10.26, 9849
10.27, 9725
10.31, 9642
