0.04, 29644
0.04, 29561
0.04, 29292
0.04, 28966
0.04, 28748
0.04, 28566
0.04, 28507
0.04, 28378
0.04, 28268
0.04, 27489
0.04, 27405
0.04, 27201
0.04, 27043
0.04, 26999
0.04, 26711
0.04, 24950
0.04, 24693
0.04, 24275
0.04, 23992
0.04, 23945
0.04, 22675
0.04, 22647
0.04, 21892
0.04, 21584
0.04, 21019
0.04, 20747
0.04, 20296
0.04, 20212
0.04, 20033
0.06, 19070
0.06, 18780
0.06, 18644
0.06, 18549
0.07, 18297
0.07, 18104
0.07, 17987
0.07, 17972
0.08, 17846
0.09, 17677
0.09, 17675
0.09, 17647
0.09, 17625
0.09, 17560
0.09, 17455
0.09, 17452
0.09, 17104
0.09, 17037
0.09, 16989
0.09, 16849
0.09, 16824
0.09, 16576
0.09, 16539
0.11, 16490
0.11, 16466
0.11, 16431
0.11, 16376
0.11, 16334
0.11, 16293
0.11, 16291
0.11, 16257
0.12, 16164
0.12, 15989
0.12, 15838
0.12, 15776
0.13, 15762
0.14, 15643
0.14, 15549
0.14, 15503
0.14, 15471
0.14, 15400
0.14, 15339
0.14, 15163
0.15, 15149
0.15, 14799
0.15, 14222
0.15, 14181
0.15, 14170
0.15, 14098
0.18, 14084
0.18, 14032
0.18, 13987
0.19, 13972
0.19, 13954
0.21, 13893
0.22, 13821
0.22, 13813
0.22, 13780
0.22, 13649
0.22, 13641
0.24, 13574
0.24, 13506
0.25, 13493
0.25, 13474
0.27, 13471
0.27, 13400
0.27, 13398
0.27, 13249
0.27, 13042
0.27, 13041
0.27, 13040
0.27, 12920
0.27, 12854
0.30, 12830
0.30, 12810
0.31, 12779
0.31, 12772
0.33, 12645
0.33, 12389
0.33, 12358
0.34, 12045
0.34, 12014
0.36, 11965
0.36, 11959
0.36, 11955
0.38, 11864
0.42, 11702
0.42, 11648
0.45, 11605
0.45, 11572
0.48, 11536
0.50, 11507
0.50, 11501
0.53, 11491
0.53, 11448
0.53, 11446
0.56, 11441
0.58, 11408
0.60, 11340
0.61, 11150
0.63, 11121
0.64, 11083
0.66, 10891
0.72, 10860
1.81, 10826
1.82, 10825
1.87, 10763
1.88, 10671
1.91, 10642
1.94, 10492
1.94, 10349
1.96, 10348
1.99, 10319
2.02, 10312
2.07, 10308
2.07, 10177
2.08, 10176
2.08, 10116
2.12, 10032
2.21, 9982
2.22, 9946
2.32, 9893
34.39, 9837
34.41, 9745
34.47, 9724
