0.00, 25938
0.00, 25688
0.00, 25456
0.00, 25327
0.00, 25303
0.00, 25085
0.00, 24845
0.00, 23484
0.00, 23388
0.00, 23258
0.00, 23157
0.00, 23023
0.00, 22823
0.00, 22006
0.01, 21841
0.01, 21640
0.01, 21592
0.01, 21441
0.01, 20965
0.01, 20942
0.01, 20699
0.01, 20356
0.01, 19902
0.01, 19856
0.01, 19613
0.01, 19292
0.01, 18748
0.01, 18681
0.01, 18648
0.01, 18629
0.01, 18509
0.01, 18326
0.01, 18308
0.01, 18301
0.01, 18297
0.01, 18093
0.01, 18053
0.01, 18047
0.01, 17967
0.01, 17663
0.01, 17309
0.01, 17292
0.01, 17153
0.02, 16903
0.02, 16833
0.02, 16656
0.02, 16636
0.02, 16230
0.02, 16007
0.02, 15938
0.02, 15675
0.02, 15592
0.02, 15529
0.02, 15512
0.02, 15459
0.02, 15411
0.02, 15354
0.02, 15209
0.02, 15164
0.02, 15130
0.02, 15045
0.02, 14948
0.02, 14926
0.02, 14887
0.02, 14807
0.02, 14515
0.03, 14501
0.03, 14452
0.03, 14444
0.03, 14400
0.03, 14108
0.03, 14050
0.03, 13669
0.03, 13520
0.03, 13370
0.03, 13366
0.03, 13346
0.04, 13281
0.04, 13094
0.04, 13090
0.04, 12888
0.04, 12842
0.04, 12712
0.04, 12647
0.05, 12620
0.05, 12547
0.05, 12438
0.06, 12392
0.06, 12327
0.06, 12308
0.06, 12273
0.06, 12247
0.06, 12229
0.06, 12217
0.06, 12187
0.07, 12185
0.07, 12179
0.07, 12150
0.07, 12082
0.08, 11975
0.09, 11822
0.09, 11756
0.09, 11735
0.09, 11722
0.10, 11644
0.11, 11640
0.13, 11614
0.20, 11594
0.21, 11462
0.21, 11137
0.21, 11131
0.21, 11130
0.22, 11126
0.23, 11070
0.23, 11045
0.25, 10911
0.25, 10886
0.25, 10875
0.25, 10853
0.26, 10769
0.26, 10740
0.26, 10733
0.52, 10684
0.52, 10661
0.52, 10527
0.52, 10482
0.52, 10442
0.53, 10423
0.53, 10308
0.54, 10257
0.54, 10216
0.55, 10205
0.55, 10196
0.55, 10168
0.56, 10146
0.56, 10120
0.56, 10117
0.56, 10104
0.57, 10101
0.58, 10081
0.58, 10072
0.59, 10062
0.60, 9929
0.61, 9924
0.61, 9911
0.62, 9841
0.64, 9752
0.65, 9697
0.65, 9696
0.66, 9689
2.13, 9683
2.58, 9552
2.59, 9397
2.59, 9324
2.59, 9242
2.60, 9225
2.60, 9218
2.61, 9215
39.00, 9213
75.41, 9063
