0.00, 27922
0.02, 27624
0.02, 27113
0.02, 26954
0.02, 26891
0.02, 26678
0.02, 25848
0.02, 25728
0.02, 24933
0.02, 24092
0.02, 23819
0.02, 23625
0.02, 22860
0.02, 22536
0.02, 22370
0.03, 22011
0.03, 21351
0.03, 21131
0.03, 21045
0.03, 21044
0.03, 20705
0.03, 20607
0.03, 20498
0.03, 20414
0.03, 20388
0.03, 20219
0.03, 19908
0.03, 19596
0.03, 19487
0.03, 19048
0.03, 18956
0.03, 18898
0.05, 18821
0.05, 18752
0.05, 18279
0.05, 18042
0.05, 18036
0.05, 17988
0.05, 17690
0.05, 17361
0.05, 17292
0.05, 17289
0.05, 17234
0.05, 17043
0.05, 17015
0.05, 16981
0.05, 16868
0.05, 15920
0.05, 15837
0.05, 15693
0.05, 15614
0.06, 15588
0.06, 15581
0.06, 15118
0.06, 14864
0.08, 14819
0.08, 14762
0.08, 14693
0.08, 14468
0.08, 14405
0.08, 14317
0.08, 14271
0.08, 14235
0.08, 14229
0.09, 14085
0.09, 14082
0.09, 14059
0.09, 14053
0.10, 14049
0.10, 13328
0.11, 13232
0.11, 13057
0.11, 12907
0.11, 12758
0.13, 12447
0.13, 12384
0.13, 12348
0.13, 12276
0.13, 12093
0.13, 12028
0.16, 12013
0.16, 12007
0.16, 11565
0.16, 11555
0.17, 11509
0.18, 11469
0.18, 11441
0.19, 11394
0.20, 11373
0.21, 11351
0.21, 11257
0.24, 11220
0.26, 11213
0.26, 11210
0.27, 11200
0.29, 10958
0.31, 10930
0.32, 10907
0.32, 10906
0.32, 10901
0.32, 10892
1.78, 10887
1.79, 10763
1.82, 10745
1.82, 10724
1.82, 10674
1.83, 10618
1.85, 10617
1.86, 10612
1.86, 10575
1.96, 10503
1.97, 10501
1.98, 10467
2.01, 10405
2.02, 10225
4.17, 10151
4.26, 10123
4.26, 10063
4.32, 10047
4.34, 10031
4.40, 10030
4.40, 10007
6.11, 9967
6.12, 9928
6.15, 9886
6.18, 9877
6.18, 9798
6.21, 9793
6.24, 9785
6.24, 9762
6.27, 9745
6.30, 9730
12.02, 9717
12.02, 9708
12.04, 9641
12.06, 9626
23.16, 9586
23.16, 9457
23.16, 9434
23.16, 9416
23.21, 9390
23.22, 9259
23.26, 9250
23.28, 9240
23.32, 9183
23.32, 9182
23.32, 9158
23.38, 9134
23.66, 9095
23.69, 9091
23.71, 9086
