0.01, 30027
0.01, 29998
0.01, 29245
0.01, 29148
0.01, 28190
0.01, 28093
0.01, 27983
0.01, 27291
0.01, 27156
0.01, 27011
0.04, 26551
0.04, 25523
0.04, 25033
0.05, 24588
0.05, 24571
0.05, 24439
0.05, 22507
0.05, 22398
0.05, 22327
0.05, 22202
0.05, 21366
0.05, 21283
0.05, 21148
0.05, 20369
0.05, 20343
0.05, 20138
0.05, 20087
0.05, 19881
0.05, 19781
0.05, 19342
0.05, 19210
0.05, 19160
0.05, 19075
0.05, 18882
0.05, 18576
0.05, 18247
0.07, 18166
0.07, 18041
0.07, 18001
0.07, 17875
0.07, 17802
0.07, 17640
0.07, 17634
0.07, 17605
0.07, 17579
0.07, 17239
0.07, 17016
0.07, 17001
0.08, 16852
0.08, 16826
0.08, 16546
0.08, 16424
0.08, 16412
0.08, 16349
0.08, 16323
0.08, 16256
0.08, 15952
0.08, 15767
0.08, 15697
0.08, 15472
0.10, 15460
0.10, 15374
0.10, 15350
0.11, 15297
0.11, 15293
0.11, 15282
0.11, 15175
0.11, 15107
0.11, 14991
0.11, 14945
0.11, 14797
0.11, 14645
0.12, 14637
0.13, 14571
0.13, 14528
0.14, 14520
0.14, 14519
0.14, 14428
0.18, 14033
0.18, 13984
0.18, 13617
0.19, 13596
0.21, 13576
0.21, 13533
0.21, 13404
0.21, 13385
0.21, 13314
0.21, 13190
0.21, 13187
0.22, 13177
0.26, 13118
0.27, 13110
0.27, 13059
0.29, 13056
0.29, 13046
0.31, 12803
0.32, 12636
0.32, 12510
0.32, 12455
0.34, 12062
0.34, 11909
0.39, 11905
0.39, 11868
0.40, 11772
0.42, 11767
0.45, 11766
0.45, 11748
0.45, 11747
0.48, 11742
0.50, 11702
0.50, 11691
0.50, 11687
0.51, 11682
0.52, 11541
0.52, 11490
0.55, 11476
0.58, 11353
0.58, 11345
0.66, 11256
0.66, 11164
0.69, 11153
0.72, 11120
0.73, 11103
0.75, 11087
0.78, 11085
0.83, 11071
1.45, 10955
2.08, 10840
2.68, 10565
2.68, 10543
2.69, 10391
2.69, 10390
2.69, 10385
2.69, 10373
2.70, 10313
2.70, 10238
2.70, 10219
2.70, 10082
2.71, 10074
2.71, 10072
2.71, 10066
2.71, 10058
2.71, 10041
2.71, 10031
2.72, 9958
2.81, 9938
2.85, 9933
2.88, 9923
11.77, 9898
11.79, 9845
11.79, 9555
11.79, 9526
11.86, 9492
11.89, 9411
11.92, 9385
11.93, 9331
11.96, 9327
11.97, 9319
11.99, 9314
12.02, 9188
