0.02, 29476
0.02, 29382
0.02, 28826
0.02, 28809
0.02, 27547
0.02, 27502
0.02, 27428
0.02, 27347
0.02, 27160
0.02, 26890
0.02, 26839
0.02, 26692
0.02, 26193
0.02, 25738
0.02, 25261
0.04, 24999
0.04, 24666
0.04, 24631
0.04, 24623
0.04, 24585
0.04, 24422
0.04, 23987
0.04, 23918
0.04, 23624
0.04, 23228
0.04, 23168
0.04, 22920
0.05, 22911
0.05, 22903
0.05, 22782
0.05, 22600
0.05, 22549
0.05, 22544
0.05, 22402
0.05, 21646
0.05, 21180
0.05, 21013
0.05, 20919
0.05, 20581
0.05, 20179
0.05, 19906
0.07, 19694
0.07, 19202
0.07, 18996
0.07, 18375
0.07, 18118
0.07, 17630
0.07, 17384
0.08, 17342
0.08, 17083
0.08, 16838
0.08, 16694
0.08, 16501
0.08, 16345
0.08, 16320
0.08, 16289
0.08, 15477
0.08, 15411
0.08, 15333
0.10, 15332
0.10, 15320
0.11, 14966
0.11, 14736
0.11, 14710
0.11, 14662
0.11, 14506
0.11, 14483
0.11, 14340
0.11, 14181
0.13, 14118
0.14, 14053
0.14, 14003
0.14, 13854
0.14, 13774
0.14, 13678
0.14, 13661
0.16, 13378
0.16, 13324
0.17, 13246
0.17, 13169
0.17, 13164
0.19, 13147
0.19, 13136
0.20, 13119
0.20, 13067
0.22, 12897
0.23, 12870
0.23, 12812
0.25, 12669
0.25, 12659
0.25, 12561
0.25, 12414
0.25, 12132
0.25, 12109
0.28, 12003
0.28, 11954
0.28, 11878
0.31, 11730
0.31, 11405
0.31, 11380
0.31, 11370
0.35, 11357
0.36, 11207
0.37, 11081
0.39, 11058
0.39, 11022
0.39, 11020
0.40, 10819
0.40, 10810
0.43, 10588
0.49, 10567
0.50, 10542
0.51, 10523
0.51, 10386
0.57, 10355
0.57, 10326
0.58, 10235
0.59, 10083
4.41, 10076
4.43, 10046
4.43, 9958
4.43, 9930
6.82, 9917
6.85, 9897
6.85, 9862
10.49, 9851
10.58, 9849
10.58, 9725
10.64, 9642
55.86, 9575
