0.01, 30666
0.01, 30259
0.01, 29981
0.01, 29655
0.01, 29259
0.01, 29251
0.01, 28979
0.01, 28781
0.01, 28772
0.01, 28364
0.01, 27955
0.02, 27544
0.02, 27462
0.02, 27314
0.02, 27254
0.02, 26629
0.03, 26592
0.03, 26388
0.03, 26308
0.03, 26009
0.03, 25276
0.03, 25259
0.03, 25252
0.03, 24706
0.03, 24585
0.03, 24270
0.03, 23814
0.03, 23277
0.03, 22721
0.03, 22693
0.03, 22564
0.03, 22401
0.03, 21746
0.03, 21667
0.03, 21625
0.03, 21496
0.03, 21281
0.03, 21157
0.03, 20924
0.03, 20624
0.04, 20386
0.04, 20081
0.04, 19817
0.04, 19787
0.04, 19711
0.04, 19710
0.05, 19029
0.05, 18905
0.05, 18605
0.05, 17768
0.05, 17658
0.05, 17458
0.05, 17405
0.06, 17254
0.06, 17205
0.06, 17148
0.06, 16957
0.06, 16594
0.06, 16175
0.06, 15803
0.06, 15727
0.06, 15707
0.06, 15631
0.06, 15560
0.06, 15437
0.08, 15433
0.08, 15225
0.08, 15208
0.08, 15014
0.08, 15013
0.08, 14634
0.09, 14603
0.09, 14594
0.09, 14531
0.09, 14516
0.09, 14434
0.09, 14387
0.09, 14351
0.09, 14243
0.10, 14202
0.10, 14190
0.11, 14158
0.11, 14002
0.11, 13914
0.11, 13896
0.11, 13876
0.13, 13806
0.13, 13646
0.16, 13633
0.16, 13616
0.16, 13564
0.17, 13236
0.17, 13234
0.17, 13198
0.19, 13166
0.19, 13129
0.19, 12966
0.19, 12917
0.19, 12800
0.19, 12743
0.21, 12718
0.24, 12667
0.24, 11991
0.25, 11968
0.26, 11919
0.26, 11853
0.27, 11612
0.31, 11581
0.34, 11567
0.38, 11545
0.38, 11448
0.38, 11420
0.42, 11334
0.46, 10986
0.50, 10941
0.53, 10869
0.57, 10825
0.59, 10821
0.61, 10783
0.61, 10748
1.71, 10707
1.71, 10685
1.73, 10682
1.73, 10605
1.75, 10598
1.75, 10589
1.75, 10524
1.75, 10471
1.76, 10458
1.76, 10411
1.77, 10405
1.77, 10246
1.78, 10237
1.78, 10231
1.89, 10226
1.90, 10172
1.92, 9953
1.92, 9926
1.92, 9918
1.92, 9864
1.95, 9778
1.98, 9654
2.00, 9642
2.06, 9641
21.23, 9619
70.13, 9610
70.21, 9590
70.22, 9583
70.23, 9561
70.23, 9542
70.25, 9418
70.29, 9412
70.34, 9383
70.36, 9373
70.37, 9361
