0.00, 30666
0.00, 30259
0.01, 29981
0.01, 29655
0.01, 29259
0.01, 29251
0.01, 28979
0.01, 28781
0.01, 28772
0.01, 28364
0.01, 27955
0.02, 27544
0.02, 27462
0.02, 27314
0.02, 27254
0.02, 26629
0.02, 26592
0.02, 26388
0.02, 26308
0.02, 26009
0.02, 25276
0.02, 25259
0.02, 25252
0.02, 24706
0.02, 24585
0.02, 24270
0.02, 23814
0.02, 23277
0.02, 22721
0.02, 22693
0.02, 22564
0.02, 22401
0.03, 21746
0.03, 21667
0.03, 21625
0.03, 21496
0.03, 21281
0.03, 21157
0.05, 20924
0.05, 20624
0.05, 20386
0.05, 20081
0.05, 19817
0.05, 19787
0.05, 19711
0.05, 19710
0.05, 19029
0.05, 18905
0.05, 18605
0.05, 17768
0.05, 17658
0.05, 17458
0.05, 17405
0.06, 17254
0.06, 17205
0.06, 17148
0.06, 16957
0.06, 16594
0.07, 16175
0.07, 15803
0.07, 15727
0.07, 15707
0.07, 15631
0.08, 15560
0.08, 15437
0.08, 15433
0.08, 15225
0.08, 15208
0.08, 15014
0.08, 15013
0.08, 14634
0.08, 14603
0.08, 14594
0.08, 14531
0.10, 14516
0.11, 14434
0.11, 14387
0.11, 14351
0.11, 14243
0.11, 14202
0.12, 14190
0.13, 14158
0.14, 14002
0.14, 13914
0.14, 13896
0.14, 13876
0.14, 13806
0.14, 13646
0.19, 13633
0.19, 13616
0.19, 13564
0.19, 13236
0.19, 13234
0.21, 13198
0.21, 13166
0.21, 13129
0.22, 12966
0.22, 12917
0.22, 12800
0.22, 12743
0.25, 12718
0.27, 12667
0.28, 11991
0.28, 11968
0.30, 11919
0.30, 11853
0.32, 11612
0.36, 11581
0.38, 11567
0.46, 11545
0.46, 11448
0.47, 11420
0.50, 11334
0.55, 10986
0.62, 10941
0.64, 10869
0.71, 10825
0.76, 10821
0.79, 10783
0.80, 10748
2.24, 10707
2.24, 10685
2.33, 10682
2.33, 10605
2.36, 10598
2.36, 10589
2.36, 10524
2.36, 10471
2.36, 10458
2.37, 10411
2.44, 10405
2.45, 10246
2.47, 10237
2.48, 10231
2.55, 10226
2.58, 10172
2.58, 9953
2.61, 9926
2.61, 9918
2.61, 9864
2.64, 9778
2.67, 9654
2.72, 9642
2.78, 9641
24.09, 9619
