0.00, 28032
0.00, 27948
0.00, 26866
0.00, 26839
0.00, 25817
0.00, 25407
0.00, 25329
0.00, 25241
0.00, 25224
0.00, 24697
0.00, 24551
0.00, 24355
0.00, 24350
0.00, 24263
0.00, 23459
0.00, 23306
0.00, 23302
0.00, 23293
0.01, 23074
0.01, 22897
0.01, 22781
0.01, 22724
0.01, 22708
0.01, 22425
0.01, 22228
0.01, 22188
0.01, 22092
0.01, 21571
0.01, 21524
0.01, 21409
0.01, 21345
0.01, 21307
0.01, 21271
0.01, 20935
0.01, 20764
0.01, 20256
0.01, 20238
0.01, 19994
0.01, 19806
0.01, 19762
0.01, 19575
0.01, 19548
0.01, 19539
0.01, 19434
0.01, 19406
0.01, 19282
0.01, 19053
0.01, 18508
0.01, 18500
0.01, 18444
0.01, 18332
0.01, 18116
0.02, 18024
0.02, 17696
0.02, 17682
0.02, 17531
0.02, 17455
0.02, 17395
0.02, 17287
0.02, 17127
0.02, 17007
0.02, 16789
0.02, 16432
0.02, 16356
0.02, 16191
0.02, 16169
0.02, 16057
0.02, 15641
0.02, 15616
0.02, 15284
0.02, 15239
0.02, 14969
0.02, 14949
0.02, 14824
0.02, 14743
0.02, 14732
0.02, 14673
0.02, 14643
0.03, 14611
0.03, 14598
0.03, 14443
0.03, 14412
0.03, 14361
0.03, 14287
0.03, 14268
0.03, 14190
0.03, 14114
0.03, 14104
0.04, 13991
0.04, 13923
0.04, 13917
0.04, 13892
0.04, 13700
0.04, 13606
0.04, 13508
0.04, 13336
0.05, 13307
0.05, 13291
0.05, 13270
0.05, 12984
0.05, 12917
0.05, 12761
0.05, 12721
0.06, 12698
0.06, 12519
0.06, 12516
0.06, 12499
0.07, 12249
0.07, 12217
0.07, 12192
0.07, 12180
0.07, 12151
0.07, 12065
0.08, 12009
0.08, 11965
0.09, 11673
0.09, 11629
0.09, 11615
0.10, 11597
0.11, 11500
0.12, 11433
0.12, 11417
0.13, 11279
0.14, 11260
0.14, 11248
0.15, 11196
0.16, 11189
0.27, 11105
0.27, 11041
0.27, 11026
0.27, 11024
0.27, 10985
0.27, 10954
0.27, 10928
0.27, 10916
0.28, 10870
0.28, 10564
0.28, 10531
0.29, 10509
0.29, 10446
0.30, 10432
0.30, 10402
0.30, 10217
0.31, 10164
0.31, 10162
0.32, 10145
0.32, 10134
0.32, 10125
0.32, 10101
0.33, 10077
0.33, 10067
0.34, 9972
0.34, 9966
0.35, 9818
0.36, 9792
0.36, 9753
0.37, 9745
2.45, 9578
2.45, 9520
2.46, 9402
2.47, 9322
2.47, 9318
2.49, 9241
2.50, 9217
16.49, 9161
16.50, 9139
91.85, 9113
91.85, 9094
91.85, 9092
