0.00, 27563
0.01, 27320
0.01, 26832
0.01, 25203
0.01, 25170
0.01, 25098
0.01, 24948
0.04, 24764
0.04, 24576
0.04, 24497
0.04, 24248
0.05, 23892
0.05, 23877
0.05, 23688
0.05, 23095
0.05, 22698
0.05, 22553
0.05, 22440
0.05, 22093
0.05, 21650
0.05, 21297
0.05, 21183
0.05, 20142
0.05, 19859
0.05, 19612
0.05, 19582
0.05, 19314
0.05, 19035
0.06, 17547
0.06, 17500
0.07, 17347
0.07, 17334
0.07, 17264
0.07, 16444
0.07, 16054
0.07, 16042
0.07, 15982
0.07, 15908
0.07, 15823
0.07, 15637
0.07, 15425
0.07, 15072
0.07, 15032
0.07, 15005
0.09, 15001
0.10, 14839
0.10, 14820
0.10, 14541
0.12, 14491
0.12, 14460
0.12, 14397
0.12, 14094
0.12, 13971
0.12, 13958
0.12, 13957
0.12, 13903
0.12, 13565
0.12, 13555
0.13, 13427
0.14, 13370
0.14, 13308
0.14, 13054
0.15, 12963
0.15, 12884
0.17, 12735
0.17, 12693
0.18, 12540
0.18, 12459
0.18, 12423
0.18, 12357
0.20, 12326
0.21, 11995
0.21, 11939
0.23, 11907
0.25, 11836
0.25, 11796
0.29, 11794
0.32, 11641
0.34, 11626
0.40, 11612
0.40, 11562
0.40, 11402
0.47, 11315
0.48, 11045
1.18, 11000
1.18, 10966
1.23, 10918
1.26, 10789
1.26, 10783
1.27, 10765
1.28, 10735
1.30, 10566
1.35, 10526
1.36, 10442
1.40, 10430
1.42, 10429
2.25, 10424
2.25, 10413
2.25, 10377
2.36, 10305
10.33, 10293
10.40, 10093
10.43, 9929
10.43, 9894
10.43, 9851
10.65, 9818
10.65, 9801
10.69, 9744
10.73, 9715
10.75, 9266
10.78, 9214
10.86, 9193
10.90, 9150
