0.00, 25176
0.00, 25046
0.00, 24741
0.00, 24705
0.03, 24690
0.03, 24409
0.03, 24294
0.03, 23341
0.03, 22454
0.03, 22408
0.03, 22284
0.03, 22251
0.03, 22224
0.03, 22124
0.03, 21841
0.03, 21815
0.03, 21810
0.03, 21771
0.03, 21723
0.03, 21642
0.03, 21354
0.03, 20772
0.03, 20760
0.03, 20290
0.03, 20181
0.05, 20147
0.05, 19702
0.05, 19579
0.05, 19392
0.05, 19281
0.05, 19276
0.05, 18995
0.06, 18983
0.06, 18981
0.06, 18341
0.06, 18207
0.06, 18155
0.06, 17318
0.06, 17013
0.06, 16160
0.06, 16131
0.06, 16059
0.06, 15535
0.06, 15336
0.06, 15313
0.06, 15250
0.06, 15188
0.08, 15160
0.08, 15146
0.08, 15061
0.09, 15013
0.09, 14938
0.09, 14854
0.09, 14832
0.10, 14822
0.10, 14743
0.11, 14511
0.11, 14235
0.11, 14223
0.11, 13940
0.11, 13894
0.13, 13454
0.13, 13447
0.13, 13350
0.13, 13220
0.13, 13189
0.13, 13118
0.14, 13071
0.16, 13046
0.16, 13031
0.16, 12615
0.16, 12254
0.17, 12233
0.18, 12101
0.18, 12081
0.18, 12052
0.18, 12044
0.19, 11990
0.21, 11989
0.21, 11944
0.21, 11760
0.22, 11757
0.22, 11752
0.24, 11714
0.24, 11699
0.24, 11654
0.25, 11571
0.25, 11562
0.27, 11504
0.27, 11496
0.27, 11475
0.29, 11440
0.29, 11374
0.32, 11177
0.32, 11176
0.32, 11133
0.34, 11094
0.36, 10862
0.41, 10861
0.42, 10852
0.43, 10777
0.43, 10727
0.43, 10695
0.45, 10678
0.48, 10547
0.50, 10527
0.51, 10520
0.51, 10515
1.42, 10511
1.42, 10492
1.42, 10215
1.42, 10060
1.45, 10036
1.45, 10030
1.45, 9777
1.47, 9695
1.54, 9665
1.55, 9608
1.55, 9585
7.11, 9554
72.42, 9548
72.45, 9480
72.47, 9398
72.48, 9337
72.48, 9320
165.24, 9198
