0.02, 27366
0.02, 27352
0.02, 27286
0.02, 26892
0.02, 26745
0.02, 26071
0.02, 26069
0.02, 25441
0.02, 24714
0.02, 24679
0.02, 24091
0.03, 24086
0.03, 23918
0.03, 23809
0.03, 23537
0.03, 23387
0.03, 23372
0.03, 23257
0.03, 23066
0.04, 23033
0.04, 22939
0.04, 22442
0.04, 22417
0.04, 22403
0.04, 22247
0.05, 21732
0.05, 21439
0.05, 21324
0.05, 21093
0.05, 20945
0.05, 20309
0.05, 20173
0.05, 19255
0.05, 19214
0.05, 18987
0.05, 18875
0.05, 18806
0.05, 18652
0.05, 18581
0.05, 18522
0.05, 18212
0.05, 18209
0.05, 18130
0.05, 18118
0.05, 18014
0.05, 17987
0.05, 17952
0.05, 17861
0.05, 17787
0.07, 17770
0.07, 17604
0.07, 17595
0.07, 17559
0.07, 17552
0.08, 17114
0.08, 17020
0.08, 16939
0.08, 16838
0.08, 16700
0.08, 16607
0.08, 16570
0.08, 16418
0.10, 16374
0.10, 15938
0.10, 15869
0.10, 15769
0.10, 15758
0.10, 15696
0.10, 15561
0.10, 15426
0.10, 15374
0.10, 15069
0.11, 14985
0.11, 14691
0.13, 14638
0.13, 14585
0.13, 14584
0.13, 14456
0.13, 14384
0.13, 14282
0.13, 14226
0.14, 14175
0.14, 14159
0.14, 14093
0.14, 14081
0.14, 14070
0.14, 13985
0.14, 13975
0.16, 13854
0.16, 13853
0.16, 13790
0.17, 13786
0.17, 13761
0.17, 13754
0.17, 13601
0.17, 13569
0.17, 13410
0.18, 13369
0.18, 13307
0.19, 13301
0.19, 13226
0.22, 13225
0.22, 13201
0.25, 13161
0.25, 13016
0.26, 12830
0.26, 12817
0.27, 12795
0.27, 12782
0.32, 12770
0.33, 12710
0.42, 12654
0.44, 12541
0.48, 12316
0.48, 12312
0.52, 12184
0.55, 12120
0.57, 12101
0.62, 12092
0.63, 11927
0.63, 11871
0.68, 11848
0.72, 11823
0.74, 11810
0.82, 11807
0.82, 11703
0.82, 11662
0.85, 11640
0.85, 11575
0.86, 11562
1.30, 11553
1.30, 11521
1.30, 11306
1.32, 11302
1.77, 11301
1.79, 11235
1.80, 11119
1.82, 10966
1.90, 10942
1.97, 10932
1.97, 10894
1.99, 10885
1.99, 10871
2.00, 10815
2.07, 10530
2.10, 10235
2.18, 10193
2.20, 10164
2.87, 10162
14.62, 10110
14.66, 10097
14.66, 10058
19.54, 10054
19.55, 10032
19.56, 10003
19.56, 9992
19.62, 9894
19.62, 9888
19.72, 9818
19.75, 9789
19.80, 9761
19.80, 9759
30.13, 9660
30.13, 9577
30.16, 9526
30.18, 9521
30.23, 9490
30.24, 9476
30.26, 9428
30.27, 9415
30.32, 9401
