0.02, 30027
0.02, 29998
0.02, 29245
0.02, 29148
0.02, 28190
0.02, 28093
0.02, 27983
0.02, 27291
0.02, 27156
0.03, 27011
0.03, 26551
0.03, 25523
0.03, 25033
0.03, 24588
0.03, 24571
0.06, 24439
0.06, 22507
0.06, 22398
0.06, 22327
0.06, 22202
0.07, 21366
0.07, 21283
0.07, 21148
0.07, 20369
0.07, 20343
0.07, 20138
0.07, 20087
0.07, 19881
0.07, 19781
0.07, 19342
0.07, 19210
0.07, 19160
0.07, 19075
0.07, 18882
0.07, 18576
0.07, 18247
0.08, 18166
0.08, 18041
0.08, 18001
0.08, 17875
0.08, 17802
0.10, 17640
0.10, 17634
0.10, 17605
0.10, 17579
0.11, 17239
0.11, 17016
0.11, 17001
0.11, 16852
0.11, 16826
0.11, 16546
0.11, 16424
0.11, 16412
0.11, 16349
0.11, 16323
0.11, 16256
0.11, 15952
0.11, 15767
0.11, 15697
0.11, 15472
0.11, 15460
0.14, 15374
0.14, 15350
0.14, 15297
0.14, 15293
0.14, 15282
0.14, 15175
0.14, 15107
0.14, 14991
0.14, 14945
0.14, 14797
0.14, 14645
0.16, 14637
0.17, 14571
0.17, 14528
0.20, 14520
0.20, 14519
0.23, 14428
0.23, 14033
0.23, 13984
0.23, 13617
0.25, 13596
0.25, 13576
0.25, 13533
0.25, 13404
0.27, 13385
0.27, 13314
0.27, 13190
0.27, 13187
0.27, 13177
0.29, 13118
0.33, 13110
0.33, 13059
0.36, 13056
0.36, 13046
0.36, 12803
0.36, 12636
0.36, 12510
0.37, 12455
0.41, 12062
0.42, 11909
0.47, 11905
0.47, 11868
0.47, 11772
0.48, 11767
0.55, 11766
0.55, 11748
0.55, 11747
0.58, 11742
0.58, 11702
0.60, 11691
0.60, 11687
0.61, 11682
0.63, 11541
0.64, 11490
0.65, 11476
0.70, 11353
0.70, 11345
0.80, 11256
0.80, 11164
0.81, 11153
0.88, 11120
0.88, 11103
0.94, 11087
0.98, 11085
1.04, 11071
1.78, 10955
2.52, 10840
3.18, 10565
3.18, 10543
3.21, 10391
3.22, 10390
3.22, 10385
3.24, 10373
3.24, 10313
3.24, 10238
3.24, 10219
3.25, 10082
3.27, 10074
3.27, 10072
3.29, 10066
3.29, 10058
3.29, 10041
3.29, 10031
3.30, 9958
3.30, 9938
3.39, 9933
3.40, 9923
11.89, 9898
11.89, 9845
11.89, 9555
11.90, 9526
11.98, 9492
12.02, 9411
12.05, 9385
12.06, 9331
12.08, 9327
12.09, 9319
12.10, 9314
12.14, 9188
