0.00, 25176
0.00, 25046
0.00, 24741
0.00, 24705
0.01, 24690
0.01, 24409
0.01, 24294
0.01, 23341
0.01, 22454
0.01, 22408
0.01, 22284
0.01, 22251
0.01, 22224
0.01, 22124
0.02, 21841
0.02, 21815
0.02, 21810
0.02, 21771
0.02, 21723
0.02, 21642
0.02, 21354
0.02, 20772
0.02, 20760
0.02, 20290
0.02, 20181
0.02, 20147
0.02, 19702
0.02, 19579
0.02, 19392
0.03, 19281
0.06, 19276
0.06, 18995
0.06, 18983
0.06, 18981
0.06, 18341
0.06, 18207
0.06, 18155
0.06, 17318
0.06, 17013
0.06, 16160
0.07, 16131
0.07, 16059
0.07, 15535
0.07, 15336
0.07, 15313
0.07, 15250
0.07, 15188
0.10, 15160
0.10, 15146
0.11, 15061
0.11, 15013
0.11, 14938
0.11, 14854
0.11, 14832
0.13, 14822
0.13, 14743
0.13, 14511
0.13, 14235
0.14, 14223
0.14, 13940
0.14, 13894
0.16, 13454
0.16, 13447
0.16, 13350
0.16, 13220
0.16, 13189
0.16, 13118
0.17, 13071
0.19, 13046
0.19, 13031
0.19, 12615
0.21, 12254
0.21, 12233
0.21, 12101
0.22, 12081
0.24, 12052
0.24, 12044
0.24, 11990
0.25, 11989
0.25, 11944
0.25, 11760
0.27, 11757
0.27, 11752
0.27, 11714
0.28, 11699
0.28, 11654
0.30, 11571
0.30, 11562
0.30, 11504
0.32, 11496
0.33, 11475
0.35, 11440
0.35, 11374
0.35, 11177
0.37, 11176
0.38, 11133
0.38, 11094
0.41, 10862
0.47, 10861
0.49, 10852
0.49, 10777
0.49, 10727
0.50, 10695
0.52, 10678
0.55, 10547
0.58, 10527
0.58, 10520
0.58, 10515
1.67, 10511
1.67, 10492
1.70, 10215
1.70, 10060
1.71, 10036
1.72, 10030
1.72, 9777
1.73, 9695
1.83, 9665
1.88, 9608
1.88, 9585
7.55, 9554
