0.00, 30250
0.00, 28464
0.00, 28158
0.00, 27516
0.00, 26760
0.00, 25785
0.00, 24566
0.00, 24441
0.00, 24042
0.00, 23963
0.00, 23945
0.00, 23586
0.00, 23044
0.00, 22929
0.00, 22862
0.01, 21991
0.01, 21712
0.01, 21688
0.01, 21567
0.01, 21414
0.01, 21394
0.01, 20790
0.01, 20181
0.01, 19986
0.01, 19779
0.01, 19639
0.01, 19519
0.01, 19297
0.01, 18526
0.01, 18248
0.01, 18085
0.01, 18039
0.01, 17921
0.01, 17049
0.01, 17036
0.01, 17017
0.01, 16780
0.01, 16405
0.01, 15904
0.01, 15810
0.01, 15731
0.01, 15685
0.01, 15679
0.01, 15612
0.01, 15437
0.01, 15375
0.01, 15362
0.01, 15340
0.01, 15297
0.01, 15290
0.01, 14991
0.01, 14964
0.02, 14955
0.02, 14903
0.02, 14878
0.02, 14714
0.02, 14701
0.02, 14694
0.02, 14548
0.02, 14472
0.02, 14443
0.02, 14238
0.02, 14088
0.03, 14052
0.03, 14006
0.03, 13751
0.03, 13630
0.03, 13269
0.03, 13193
0.03, 13159
0.03, 13121
0.03, 13119
0.03, 13015
0.03, 13007
0.03, 12880
0.04, 12614
0.04, 12382
0.04, 12345
0.05, 12308
0.05, 12231
0.05, 12169
0.06, 12163
0.06, 12141
0.06, 12081
0.06, 11722
0.06, 11707
0.07, 11685
0.07, 11619
0.08, 11609
0.08, 11602
0.09, 11567
0.09, 11433
0.09, 11269
0.09, 11182
0.09, 11009
0.09, 10937
0.10, 10936
0.10, 10891
0.10, 10821
0.10, 10795
0.11, 10689
0.11, 10533
0.12, 10394
0.12, 10390
0.12, 10377
0.13, 10310
0.14, 10251
0.14, 10144
0.15, 10143
0.16, 10066
0.16, 10059
0.16, 10056
0.17, 10051
0.17, 10050
0.90, 9984
0.90, 9969
0.91, 9670
0.91, 9626
0.92, 9552
0.94, 9542
0.95, 9539
0.96, 9530
0.97, 9471
28.73, 9421
28.74, 9350
28.75, 9328
28.76, 9151
28.77, 9069
28.77, 9007
28.78, 9004
28.78, 8980
40.86, 8979
