0.08, 31105
0.08, 30843
0.10, 30668
0.10, 30425
0.10, 29765
0.10, 29663
0.10, 29432
0.10, 28677
0.10, 28209
0.10, 27978
0.10, 27881
0.10, 27449
0.10, 26517
0.10, 26438
0.10, 26285
0.10, 26278
0.10, 26145
0.10, 26103
0.10, 25704
0.10, 25602
0.10, 25521
0.10, 24441
0.10, 24313
0.10, 24158
0.10, 23945
0.10, 23164
0.10, 22695
0.14, 22470
0.14, 22384
0.14, 22338
0.14, 22061
0.14, 21894
0.14, 21565
0.14, 21563
0.14, 21190
0.14, 21066
0.14, 20637
0.14, 20438
0.14, 20398
0.14, 20250
0.14, 20204
0.14, 20115
0.14, 20090
0.14, 19993
0.14, 19928
0.14, 19702
0.14, 19678
0.14, 19666
0.14, 19651
0.14, 19211
0.14, 18696
0.14, 18582
0.14, 18411
0.17, 18262
0.17, 18242
0.17, 18221
0.17, 17631
0.17, 17388
0.18, 17343
0.18, 17273
0.18, 17253
0.18, 17205
0.19, 17114
0.19, 17018
0.21, 16937
0.21, 16897
0.21, 16896
0.21, 16659
0.21, 16424
0.21, 16385
0.21, 15965
0.21, 15799
0.21, 15549
0.21, 15262
0.24, 15200
0.24, 15199
0.24, 15093
0.24, 15056
0.24, 14958
0.24, 14823
0.25, 14811
0.28, 14787
0.28, 14743
0.28, 14720
0.29, 14701
0.29, 14669
0.29, 14612
0.29, 14296
0.29, 14219
0.29, 14051
0.31, 14012
0.32, 13993
0.34, 13970
0.34, 13939
0.34, 13925
0.35, 13822
0.35, 13813
0.35, 13680
0.35, 13678
0.37, 13676
0.38, 13626
0.38, 13576
0.38, 13409
0.38, 13397
0.40, 13349
0.40, 13344
0.41, 13336
0.41, 13318
0.41, 13308
0.41, 13210
0.42, 13029
0.42, 12990
0.45, 12836
0.46, 12807
0.46, 12647
0.46, 12596
0.49, 12528
0.49, 12517
0.51, 12459
0.53, 12428
0.54, 12411
0.54, 12374
0.54, 12251
0.54, 12239
0.54, 12211
0.59, 12208
0.60, 12168
0.61, 12062
0.64, 12046
0.64, 11998
0.64, 11997
0.64, 11957
0.68, 11948
0.70, 11881
0.73, 11832
0.73, 11781
0.74, 11692
0.79, 11664
0.87, 11653
0.87, 11646
0.87, 11621
0.92, 11602
0.97, 11599
1.01, 11575
2.17, 11511
2.21, 11487
2.24, 11435
2.27, 11426
2.27, 11377
2.32, 11298
2.41, 11293
2.41, 11277
2.43, 11268
2.43, 11259
2.48, 11253
2.51, 11173
2.54, 11155
2.55, 11126
2.56, 11097
2.60, 11064
2.63, 11060
3.89, 10969
3.90, 10935
3.90, 10879
3.98, 10875
3.98, 10793
4.02, 10632
4.64, 10593
4.71, 10496
4.74, 10426
4.75, 10377
4.77, 10248
4.84, 10225
4.84, 10164
4.85, 10157
4.90, 10096
4.96, 10089
4.99, 10069
5.07, 10067
7.36, 10027
7.38, 9862
7.40, 9852
7.43, 9850
7.43, 9844
7.44, 9831
7.46, 9810
7.47, 9809
7.48, 9786
7.50, 9708
