0.00, 30666
0.00, 30259
0.01, 29981
0.01, 29655
0.01, 29259
0.01, 29251
0.01, 28979
0.01, 28781
0.01, 28772
0.01, 28364
0.01, 27955
0.01, 27544
0.01, 27462
0.01, 27314
0.01, 27254
0.01, 26629
0.03, 26592
0.03, 26388
0.03, 26308
0.03, 26009
0.03, 25276
0.03, 25259
0.03, 25252
0.03, 24706
0.03, 24585
0.03, 24270
0.03, 23814
0.03, 23277
0.03, 22721
0.03, 22693
0.03, 22564
0.04, 22401
0.04, 21746
0.04, 21667
0.04, 21625
0.04, 21496
0.04, 21281
0.04, 21157
0.04, 20924
0.04, 20624
0.04, 20386
0.06, 20081
0.06, 19817
0.06, 19787
0.06, 19711
0.06, 19710
0.06, 19029
0.06, 18905
0.06, 18605
0.06, 17768
0.06, 17658
0.06, 17458
0.06, 17405
0.06, 17254
0.06, 17205
0.06, 17148
0.06, 16957
0.06, 16594
0.06, 16175
0.06, 15803
0.06, 15727
0.06, 15707
0.08, 15631
0.08, 15560
0.09, 15437
0.09, 15433
0.09, 15225
0.09, 15208
0.09, 15014
0.09, 15013
0.09, 14634
0.09, 14603
0.09, 14594
0.09, 14531
0.09, 14516
0.11, 14434
0.11, 14387
0.11, 14351
0.12, 14243
0.12, 14202
0.12, 14190
0.12, 14158
0.13, 14002
0.14, 13914
0.14, 13896
0.14, 13876
0.14, 13806
0.14, 13646
0.17, 13633
0.20, 13616
0.20, 13564
0.20, 13236
0.20, 13234
0.20, 13198
0.20, 13166
0.22, 13129
0.23, 12966
0.23, 12917
0.23, 12800
0.23, 12743
0.25, 12718
0.28, 12667
0.28, 11991
0.28, 11968
0.31, 11919
0.32, 11853
0.34, 11612
0.39, 11581
0.42, 11567
0.45, 11545
0.47, 11448
0.47, 11420
0.50, 11334
0.55, 10986
0.61, 10941
0.64, 10869
0.69, 10825
0.72, 10821
0.72, 10783
0.75, 10748
2.06, 10707
2.06, 10685
2.09, 10682
2.09, 10605
2.14, 10598
2.15, 10589
2.15, 10524
2.16, 10471
2.16, 10458
2.16, 10411
2.16, 10405
2.19, 10246
2.21, 10237
2.23, 10231
2.28, 10226
2.29, 10172
2.31, 9953
2.31, 9926
2.32, 9918
2.34, 9864
2.35, 9778
2.39, 9654
2.40, 9642
2.47, 9641
22.60, 9619
