0.01, 29644
0.01, 29561
0.01, 29292
0.01, 28966
0.01, 28748
0.01, 28566
0.01, 28507
0.01, 28378
0.01, 28268
0.01, 27489
0.01, 27405
0.01, 27201
0.01, 27043
0.01, 26999
0.01, 26711
0.01, 24950
0.01, 24693
0.01, 24275
0.01, 23992
0.01, 23945
0.01, 22675
0.01, 22647
0.01, 21892
0.03, 21584
0.03, 21019
0.03, 20747
0.03, 20296
0.03, 20212
0.03, 20033
0.03, 19070
0.04, 18780
0.04, 18644
0.04, 18549
0.06, 18297
0.06, 18104
0.06, 17987
0.06, 17972
0.06, 17846
0.06, 17677
0.06, 17675
0.06, 17647
0.06, 17625
0.06, 17560
0.08, 17455
0.08, 17452
0.08, 17104
0.08, 17037
0.08, 16989
0.09, 16849
0.09, 16824
0.09, 16576
0.09, 16539
0.09, 16490
0.09, 16466
0.09, 16431
0.09, 16376
0.11, 16334
0.11, 16293
0.11, 16291
0.11, 16257
0.11, 16164
0.11, 15989
0.11, 15838
0.11, 15776
0.11, 15762
0.11, 15643
0.11, 15549
0.12, 15503
0.14, 15471
0.14, 15400
0.14, 15339
0.14, 15163
0.14, 15149
0.15, 14799
0.15, 14222
0.17, 14181
0.17, 14170
0.17, 14098
0.17, 14084
0.17, 14032
0.17, 13987
0.18, 13972
0.19, 13954
0.20, 13893
0.20, 13821
0.20, 13813
0.20, 13780
0.20, 13649
0.22, 13641
0.22, 13574
0.22, 13506
0.23, 13493
0.23, 13474
0.25, 13471
0.25, 13400
0.25, 13398
0.25, 13249
0.25, 13042
0.25, 13041
0.25, 13040
0.25, 12920
0.25, 12854
0.27, 12830
0.27, 12810
0.28, 12779
0.28, 12772
0.30, 12645
0.30, 12389
0.30, 12358
0.30, 12045
0.30, 12014
0.33, 11965
0.33, 11959
0.34, 11955
0.36, 11864
0.36, 11702
0.38, 11648
0.39, 11605
0.40, 11572
0.43, 11536
0.44, 11507
0.47, 11501
0.49, 11491
0.49, 11448
0.49, 11446
0.52, 11441
0.54, 11408
0.57, 11340
0.58, 11150
0.58, 11121
0.61, 11083
0.61, 10891
0.67, 10860
1.69, 10826
1.71, 10825
1.75, 10763
1.78, 10671
1.79, 10642
1.87, 10492
1.87, 10349
1.88, 10348
1.91, 10319
1.94, 10312
1.99, 10308
1.99, 10177
1.99, 10176
1.99, 10116
2.02, 10032
2.09, 9982
2.10, 9946
2.18, 9893
