0.03, 27366
0.03, 27352
0.03, 27286
0.03, 26892
0.03, 26745
0.03, 26071
0.03, 26069
0.03, 25441
0.03, 24714
0.03, 24679
0.03, 24091
0.03, 24086
0.03, 23918
0.03, 23809
0.03, 23537
0.03, 23387
0.03, 23372
0.03, 23257
0.03, 23066
0.05, 23033
0.05, 22939
0.06, 22442
0.06, 22417
0.06, 22403
0.06, 22247
0.06, 21732
0.06, 21439
0.06, 21324
0.06, 21093
0.06, 20945
0.06, 20309
0.06, 20173
0.06, 19255
0.06, 19214
0.06, 18987
0.06, 18875
0.06, 18806
0.06, 18652
0.06, 18581
0.06, 18522
0.06, 18212
0.07, 18209
0.07, 18130
0.07, 18118
0.07, 18014
0.07, 17987
0.07, 17952
0.07, 17861
0.07, 17787
0.07, 17770
0.09, 17604
0.09, 17595
0.09, 17559
0.09, 17552
0.09, 17114
0.09, 17020
0.09, 16939
0.09, 16838
0.09, 16700
0.09, 16607
0.09, 16570
0.09, 16418
0.09, 16374
0.09, 15938
0.10, 15869
0.10, 15769
0.12, 15758
0.12, 15696
0.12, 15561
0.12, 15426
0.12, 15374
0.12, 15069
0.12, 14985
0.12, 14691
0.13, 14638
0.13, 14585
0.13, 14584
0.13, 14456
0.13, 14384
0.15, 14282
0.15, 14226
0.15, 14175
0.15, 14159
0.15, 14093
0.15, 14081
0.15, 14070
0.15, 13985
0.15, 13975
0.15, 13854
0.15, 13853
0.15, 13790
0.17, 13786
0.17, 13761
0.17, 13754
0.17, 13601
0.17, 13569
0.18, 13410
0.18, 13369
0.18, 13307
0.20, 13301
0.20, 13226
0.20, 13225
0.21, 13201
0.23, 13161
0.23, 13016
0.23, 12830
0.24, 12817
0.26, 12795
0.26, 12782
0.28, 12770
0.29, 12710
0.33, 12654
0.36, 12541
0.39, 12316
0.39, 12312
0.42, 12184
0.45, 12120
0.48, 12101
0.52, 12092
0.53, 11927
0.53, 11871
0.55, 11848
0.58, 11823
0.60, 11810
0.66, 11807
0.66, 11703
0.66, 11662
0.68, 11640
0.68, 11575
0.70, 11562
1.04, 11553
1.04, 11521
1.04, 11306
1.06, 11302
1.43, 11301
1.43, 11235
1.44, 11119
1.47, 10966
1.53, 10942
1.57, 10932
1.57, 10894
1.60, 10885
1.60, 10871
1.60, 10815
1.68, 10530
1.71, 10235
1.78, 10193
1.82, 10164
2.38, 10162
13.74, 10110
13.76, 10097
13.76, 10058
18.41, 10054
18.41, 10032
18.43, 10003
18.44, 9992
18.50, 9894
18.50, 9888
18.58, 9818
18.61, 9789
18.67, 9761
18.67, 9759
31.04, 9660
31.04, 9577
31.07, 9526
31.07, 9521
31.13, 9490
31.14, 9476
31.14, 9428
31.14, 9415
31.19, 9401
