0.00, 30027
0.00, 29998
0.01, 29245
0.01, 29148
0.01, 28190
0.01, 28093
0.01, 27983
0.01, 27291
0.01, 27156
0.01, 27011
0.01, 26551
0.01, 25523
0.01, 25033
0.01, 24588
0.01, 24571
0.01, 24439
0.01, 22507
0.01, 22398
0.01, 22327
0.01, 22202
0.01, 21366
0.02, 21283
0.02, 21148
0.02, 20369
0.02, 20343
0.02, 20138
0.02, 20087
0.02, 19881
0.02, 19781
0.02, 19342
0.02, 19210
0.02, 19160
0.02, 19075
0.02, 18882
0.02, 18576
0.02, 18247
0.02, 18166
0.02, 18041
0.02, 18001
0.02, 17875
0.03, 17802
0.03, 17640
0.03, 17634
0.03, 17605
0.03, 17579
0.06, 17239
0.06, 17016
0.06, 17001
0.06, 16852
0.06, 16826
0.06, 16546
0.06, 16424
0.06, 16412
0.06, 16349
0.06, 16323
0.06, 16256
0.06, 15952
0.06, 15767
0.06, 15697
0.07, 15472
0.07, 15460
0.08, 15374
0.08, 15350
0.08, 15297
0.09, 15293
0.09, 15282
0.09, 15175
0.09, 15107
0.09, 14991
0.09, 14945
0.09, 14797
0.09, 14645
0.09, 14637
0.12, 14571
0.12, 14528
0.15, 14520
0.15, 14519
0.16, 14428
0.17, 14033
0.17, 13984
0.17, 13617
0.20, 13596
0.20, 13576
0.20, 13533
0.20, 13404
0.22, 13385
0.22, 13314
0.22, 13190
0.23, 13187
0.23, 13177
0.28, 13118
0.29, 13110
0.29, 13059
0.31, 13056
0.31, 13046
0.33, 12803
0.34, 12636
0.34, 12510
0.34, 12455
0.36, 12062
0.39, 11909
0.45, 11905
0.45, 11868
0.45, 11772
0.46, 11767
0.51, 11766
0.51, 11748
0.53, 11747
0.56, 11742
0.56, 11702
0.56, 11691
0.57, 11687
0.58, 11682
0.59, 11541
0.61, 11490
0.62, 11476
0.67, 11353
0.67, 11345
0.74, 11256
0.74, 11164
0.77, 11153
0.80, 11120
0.83, 11103
0.85, 11087
0.88, 11085
0.94, 11071
1.75, 10955
2.41, 10840
3.08, 10565
3.08, 10543
3.09, 10391
3.11, 10390
3.12, 10385
3.12, 10373
3.12, 10313
3.13, 10238
3.13, 10219
3.14, 10082
3.14, 10074
3.18, 10072
3.18, 10066
3.18, 10058
3.18, 10041
3.18, 10031
3.22, 9958
3.22, 9938
3.31, 9933
3.32, 9923
12.65, 9898
12.67, 9845
12.67, 9555
12.68, 9526
12.76, 9492
12.79, 9411
12.82, 9385
12.84, 9331
12.84, 9327
12.86, 9319
12.87, 9314
12.89, 9188
