0.02, 31105
0.02, 30843
0.03, 30668
0.03, 30425
0.03, 29765
0.03, 29663
0.03, 29432
0.03, 28677
0.03, 28209
0.03, 27978
0.03, 27881
0.03, 27449
0.03, 26517
0.03, 26438
0.03, 26285
0.03, 26278
0.03, 26145
0.03, 26103
0.03, 25704
0.03, 25602
0.03, 25521
0.03, 24441
0.03, 24313
0.05, 24158
0.05, 23945
0.05, 23164
0.05, 22695
0.05, 22470
0.05, 22384
0.05, 22338
0.05, 22061
0.05, 21894
0.05, 21565
0.05, 21563
0.05, 21190
0.05, 21066
0.05, 20637
0.05, 20438
0.05, 20398
0.05, 20250
0.05, 20204
0.05, 20115
0.05, 20090
0.05, 19993
0.05, 19928
0.05, 19702
0.06, 19678
0.06, 19666
0.06, 19651
0.08, 19211
0.09, 18696
0.09, 18582
0.09, 18411
0.09, 18262
0.09, 18242
0.09, 18221
0.09, 17631
0.09, 17388
0.09, 17343
0.09, 17273
0.11, 17253
0.11, 17205
0.11, 17114
0.11, 17018
0.11, 16937
0.11, 16897
0.11, 16896
0.11, 16659
0.12, 16424
0.12, 16385
0.12, 15965
0.12, 15799
0.12, 15549
0.12, 15262
0.14, 15200
0.14, 15199
0.14, 15093
0.14, 15056
0.14, 14958
0.14, 14823
0.16, 14811
0.16, 14787
0.16, 14743
0.16, 14720
0.16, 14701
0.17, 14669
0.17, 14612
0.17, 14296
0.19, 14219
0.19, 14051
0.19, 14012
0.22, 13993
0.23, 13970
0.23, 13939
0.23, 13925
0.23, 13822
0.23, 13813
0.23, 13680
0.25, 13678
0.25, 13676
0.26, 13626
0.26, 13576
0.26, 13409
0.26, 13397
0.28, 13349
0.28, 13344
0.29, 13336
0.29, 13318
0.31, 13308
0.31, 13210
0.31, 13029
0.31, 12990
0.34, 12836
0.34, 12807
0.34, 12647
0.37, 12596
0.37, 12528
0.37, 12517
0.42, 12459
0.43, 12428
0.43, 12411
0.43, 12374
0.43, 12251
0.45, 12239
0.45, 12211
0.48, 12208
0.52, 12168
0.52, 12062
0.54, 12046
0.54, 11998
0.55, 11997
0.56, 11957
0.56, 11948
0.61, 11881
0.61, 11832
0.61, 11781
0.64, 11692
0.70, 11664
0.77, 11653
0.79, 11646
0.79, 11621
0.82, 11602
0.87, 11599
0.92, 11575
2.09, 11511
2.12, 11487
2.13, 11435
2.17, 11426
2.17, 11377
2.21, 11298
2.23, 11293
2.23, 11277
2.26, 11268
2.26, 11259
2.28, 11253
2.31, 11173
2.33, 11155
2.34, 11126
2.34, 11097
2.41, 11064
2.42, 11060
3.73, 10969
3.75, 10935
3.75, 10879
3.80, 10875
3.80, 10793
3.84, 10632
4.44, 10593
4.51, 10496
4.57, 10426
4.60, 10377
4.62, 10248
4.67, 10225
4.67, 10164
4.67, 10157
4.71, 10096
4.79, 10089
4.81, 10069
4.90, 10067
7.25, 10027
7.25, 9862
7.27, 9852
7.31, 9850
7.31, 9844
7.31, 9831
7.33, 9810
7.34, 9809
7.36, 9786
7.41, 9708
40.93, 9657
40.93, 9567
40.95, 9532
40.99, 9389
40.99, 9384
42.56, 9367
42.64, 9363
42.71, 9353
