0.00, 30504
0.00, 30383
0.00, 30229
0.00, 30129
0.00, 30015
0.00, 29781
0.00, 29601
0.00, 29532
0.00, 29496
0.00, 29455
0.00, 29337
0.00, 29304
0.00, 29259
0.00, 28405
0.00, 27950
0.00, 27587
0.00, 27258
0.00, 27010
0.00, 26985
0.00, 26984
0.00, 26261
0.00, 25382
0.00, 25381
0.00, 24245
0.00, 24139
0.00, 23854
0.00, 23811
0.00, 23498
0.00, 23381
0.00, 23245
0.01, 22892
0.01, 22099
0.01, 21972
0.01, 21926
0.01, 21518
0.01, 21496
0.01, 21482
0.01, 21117
0.01, 20655
0.01, 20114
0.01, 20044
0.01, 20003
0.01, 19338
0.01, 19267
0.01, 19062
0.01, 19049
0.01, 18921
0.01, 18614
0.01, 18368
0.01, 18041
0.01, 17752
0.01, 17739
0.01, 17716
0.01, 17709
0.01, 17565
0.01, 17540
0.01, 17536
0.01, 17518
0.01, 17383
0.02, 17327
0.02, 17225
0.02, 17057
0.02, 16999
0.02, 16407
0.02, 16359
0.02, 16227
0.02, 16002
0.02, 15992
0.02, 15970
0.02, 15914
0.02, 15699
0.02, 15662
0.02, 15621
0.02, 15610
0.02, 15445
0.02, 15437
0.02, 15244
0.02, 15198
0.02, 15151
0.02, 15064
0.02, 14990
0.02, 14887
0.03, 14815
0.03, 14807
0.03, 14803
0.03, 14798
0.03, 14668
0.03, 14658
0.03, 14653
0.03, 14536
0.03, 14477
0.03, 14268
0.03, 14260
0.03, 14250
0.03, 14235
0.04, 14197
0.04, 14160
0.04, 14073
0.04, 13694
0.04, 13687
0.04, 13658
0.04, 13602
0.05, 13587
0.05, 13365
0.05, 13139
0.05, 13128
0.06, 13074
0.06, 13059
0.06, 12992
0.06, 12958
0.06, 12918
0.06, 12914
0.06, 12870
0.06, 12802
0.06, 12763
0.07, 12742
0.07, 12731
0.07, 12724
0.07, 12557
0.08, 12440
0.08, 12192
0.08, 11935
0.09, 11883
0.09, 11855
0.09, 11849
0.10, 11802
0.10, 11721
0.10, 11677
0.10, 11640
0.10, 11438
0.10, 11242
0.10, 11214
0.10, 11157
0.10, 11067
0.11, 10960
0.11, 10872
0.12, 10856
0.12, 10813
0.20, 10676
0.21, 10666
0.21, 10635
0.22, 10363
0.22, 10337
0.22, 10292
0.22, 10290
0.23, 9895
0.23, 9881
0.23, 9874
0.24, 9859
0.24, 9840
0.25, 9677
0.25, 9622
4.31, 9512
4.31, 9366
4.32, 9362
4.32, 9353
4.34, 9339
4.36, 9335
4.36, 9324
4.37, 9316
4.38, 9275
4.38, 9264
4.39, 9263
4.39, 9256
4.40, 9244
4.41, 9100
28.66, 9073
28.67, 9025
28.67, 8974
28.68, 8916
28.69, 8911
28.70, 8761
