0.01, 27563
0.02, 27320
0.02, 26832
0.02, 25203
0.02, 25170
0.02, 25098
0.02, 24948
0.02, 24764
0.02, 24576
0.02, 24497
0.02, 24248
0.02, 23892
0.02, 23877
0.02, 23688
0.02, 23095
0.02, 22698
0.02, 22553
0.02, 22440
0.02, 22093
0.02, 21650
0.02, 21297
0.02, 21183
0.03, 20142
0.05, 19859
0.05, 19612
0.05, 19582
0.05, 19314
0.05, 19035
0.05, 17547
0.05, 17500
0.05, 17347
0.05, 17334
0.05, 17264
0.05, 16444
0.05, 16054
0.05, 16042
0.05, 15982
0.05, 15908
0.05, 15823
0.05, 15637
0.05, 15425
0.05, 15072
0.07, 15032
0.07, 15005
0.08, 15001
0.08, 14839
0.08, 14820
0.10, 14541
0.10, 14491
0.10, 14460
0.10, 14397
0.10, 14094
0.10, 13971
0.10, 13958
0.10, 13957
0.10, 13903
0.10, 13565
0.11, 13555
0.12, 13427
0.13, 13370
0.13, 13308
0.13, 13054
0.13, 12963
0.13, 12884
0.16, 12735
0.16, 12693
0.16, 12540
0.16, 12459
0.16, 12423
0.16, 12357
0.18, 12326
0.19, 11995
0.19, 11939
0.21, 11907
0.22, 11836
0.23, 11796
0.26, 11794
0.29, 11641
0.29, 11626
0.35, 11612
0.35, 11562
0.35, 11402
0.40, 11315
0.42, 11045
1.08, 11000
1.08, 10966
1.13, 10918
1.15, 10789
1.15, 10783
1.16, 10765
1.16, 10735
1.17, 10566
1.23, 10526
1.26, 10442
1.27, 10430
1.32, 10429
1.98, 10424
1.98, 10413
1.98, 10377
2.02, 10305
