0.00, 30745
0.00, 30264
0.00, 30214
0.00, 30073
0.00, 29809
0.00, 28871
0.00, 28681
0.00, 27746
0.00, 27584
0.00, 27364
0.00, 27167
0.00, 27005
0.00, 26914
0.00, 26884
0.00, 26871
0.00, 26328
0.00, 25719
0.00, 25274
0.00, 25040
0.00, 25015
0.00, 24971
0.00, 24887
0.00, 24853
0.00, 23803
0.00, 23679
0.00, 23519
0.01, 23273
0.01, 22957
0.01, 22889
0.01, 22870
0.01, 22684
0.01, 22253
0.01, 22074
0.01, 21536
0.01, 21420
0.01, 21335
0.01, 21124
0.01, 20881
0.01, 20869
0.01, 20483
0.01, 20389
0.01, 19999
0.01, 19963
0.01, 19723
0.01, 19630
0.01, 19229
0.01, 19173
0.01, 19155
0.01, 18962
0.01, 18880
0.01, 18635
0.01, 18633
0.01, 18582
0.01, 18209
0.01, 18122
0.01, 17941
0.01, 17932
0.01, 17790
0.02, 17614
0.02, 17359
0.02, 17345
0.02, 17215
0.02, 17209
0.02, 16665
0.02, 16474
0.02, 16442
0.02, 16407
0.02, 16249
0.02, 16145
0.02, 15988
0.02, 15967
0.02, 15619
0.02, 15560
0.02, 15281
0.02, 15220
0.03, 15173
0.03, 15050
0.03, 14920
0.03, 14870
0.03, 14813
0.03, 14711
0.03, 14696
0.03, 14673
0.03, 14542
0.03, 14490
0.03, 14433
0.03, 14431
0.03, 14390
0.03, 14384
0.03, 14196
0.03, 14161
0.03, 14154
0.03, 14089
0.03, 14068
0.03, 13850
0.03, 13826
0.03, 13775
0.03, 13690
0.03, 13687
0.03, 13660
0.03, 13499
0.03, 13408
0.03, 13304
0.03, 13210
0.03, 13039
0.03, 13012
0.04, 12912
0.04, 12902
0.04, 12900
0.04, 12878
0.04, 12809
0.04, 12782
0.04, 12774
0.04, 12715
0.04, 12645
0.05, 12587
0.05, 12476
0.05, 12466
0.05, 12422
0.05, 12294
0.05, 12287
0.05, 12161
0.05, 11812
0.05, 11495
0.06, 11113
0.06, 11101
0.07, 10960
0.07, 10927
0.07, 10810
0.07, 10799
0.08, 10739
0.08, 10734
0.20, 10657
0.21, 10640
0.21, 10628
0.21, 10590
0.31, 10584
0.31, 10582
0.32, 10379
0.32, 10328
0.32, 10274
0.33, 10236
0.33, 10230
0.34, 10229
0.34, 10196
0.35, 10168
0.85, 10135
0.85, 10101
0.85, 10093
0.85, 10067
0.85, 10015
0.86, 10006
2.40, 9993
2.41, 9989
2.41, 9931
2.41, 9850
2.41, 9803
2.41, 9798
2.41, 9754
2.42, 9732
2.42, 9628
2.42, 9561
2.42, 9529
2.42, 9513
18.17, 9443
18.17, 9406
18.17, 9386
18.18, 9326
18.20, 9222
18.20, 9103
18.21, 9045
