0.00, 25176
0.00, 25046
0.00, 24741
0.00, 24705
0.00, 24690
0.00, 24409
0.00, 24294
0.00, 23341
0.01, 22454
0.01, 22408
0.01, 22284
0.01, 22251
0.01, 22224
0.01, 22124
0.02, 21841
0.02, 21815
0.02, 21810
0.02, 21771
0.02, 21723
0.02, 21642
0.02, 21354
0.03, 20772
0.03, 20760
0.03, 20290
0.03, 20181
0.03, 20147
0.03, 19702
0.03, 19579
0.03, 19392
0.05, 19281
0.05, 19276
0.05, 18995
0.05, 18983
0.05, 18981
0.05, 18341
0.05, 18207
0.05, 18155
0.05, 17318
0.05, 17013
0.05, 16160
0.05, 16131
0.05, 16059
0.05, 15535
0.05, 15336
0.05, 15313
0.05, 15250
0.05, 15188
0.08, 15160
0.08, 15146
0.08, 15061
0.08, 15013
0.08, 14938
0.08, 14854
0.09, 14832
0.10, 14822
0.10, 14743
0.11, 14511
0.11, 14235
0.11, 14223
0.11, 13940
0.14, 13894
0.14, 13454
0.14, 13447
0.14, 13350
0.14, 13220
0.14, 13189
0.14, 13118
0.17, 13071
0.17, 13046
0.17, 13031
0.17, 12615
0.20, 12254
0.20, 12233
0.22, 12101
0.22, 12081
0.22, 12052
0.22, 12044
0.23, 11990
0.25, 11989
0.25, 11944
0.25, 11760
0.27, 11757
0.28, 11752
0.28, 11714
0.28, 11699
0.28, 11654
0.31, 11571
0.31, 11562
0.31, 11504
0.33, 11496
0.33, 11475
0.36, 11440
0.37, 11374
0.37, 11177
0.39, 11176
0.40, 11133
0.42, 11094
0.43, 10862
0.50, 10861
0.51, 10852
0.51, 10777
0.51, 10727
0.54, 10695
0.55, 10678
0.59, 10547
0.59, 10527
0.60, 10520
0.60, 10515
1.72, 10511
1.72, 10492
1.73, 10215
1.73, 10060
1.75, 10036
1.75, 10030
1.75, 9777
1.78, 9695
1.86, 9665
1.87, 9608
1.87, 9585
7.66, 9554
