0.00, 27922
0.01, 27624
0.01, 27113
0.01, 26954
0.01, 26891
0.01, 26678
0.01, 25848
0.01, 25728
0.01, 24933
0.01, 24092
0.01, 23819
0.01, 23625
0.01, 22860
0.01, 22536
0.01, 22370
0.05, 22011
0.05, 21351
0.05, 21131
0.05, 21045
0.05, 21044
0.05, 20705
0.05, 20607
0.05, 20498
0.05, 20414
0.05, 20388
0.05, 20219
0.05, 19908
0.05, 19596
0.05, 19487
0.05, 19048
0.06, 18956
0.06, 18898
0.06, 18821
0.06, 18752
0.06, 18279
0.06, 18042
0.07, 18036
0.07, 17988
0.07, 17690
0.07, 17361
0.07, 17292
0.07, 17289
0.07, 17234
0.07, 17043
0.07, 17015
0.07, 16981
0.08, 16868
0.08, 15920
0.08, 15837
0.08, 15693
0.08, 15614
0.08, 15588
0.08, 15581
0.08, 15118
0.10, 14864
0.10, 14819
0.10, 14762
0.10, 14693
0.10, 14468
0.10, 14405
0.11, 14317
0.11, 14271
0.11, 14235
0.11, 14229
0.12, 14085
0.12, 14082
0.12, 14059
0.13, 14053
0.13, 14049
0.13, 13328
0.13, 13232
0.16, 13057
0.16, 12907
0.16, 12758
0.16, 12447
0.16, 12384
0.16, 12348
0.17, 12276
0.17, 12093
0.17, 12028
0.17, 12013
0.17, 12007
0.18, 11565
0.19, 11555
0.20, 11509
0.20, 11469
0.21, 11441
0.22, 11394
0.22, 11373
0.22, 11351
0.25, 11257
0.32, 11220
0.32, 11213
0.32, 11210
0.32, 11200
0.37, 10958
0.38, 10930
0.39, 10907
0.40, 10906
0.40, 10901
0.43, 10892
2.10, 10887
2.13, 10763
2.14, 10745
2.14, 10724
2.18, 10674
2.21, 10618
2.24, 10617
2.29, 10612
2.29, 10575
2.35, 10503
2.35, 10501
2.38, 10467
2.41, 10405
2.41, 10225
4.69, 10151
4.74, 10123
4.74, 10063
4.81, 10047
4.84, 10031
4.89, 10030
4.90, 10007
6.55, 9967
6.62, 9928
6.63, 9886
6.63, 9877
6.64, 9798
6.65, 9793
6.72, 9785
6.74, 9762
6.75, 9745
6.78, 9730
12.65, 9717
12.66, 9708
12.66, 9641
12.67, 9626
24.87, 9586
24.90, 9457
24.90, 9434
24.90, 9416
25.01, 9390
25.11, 9259
25.15, 9250
25.15, 9240
25.18, 9183
25.20, 9182
25.20, 9158
25.23, 9134
25.32, 9095
25.37, 9091
25.37, 9086
