0.00, 27366
0.00, 27352
0.00, 27286
0.00, 26892
0.01, 26745
0.01, 26071
0.01, 26069
0.01, 25441
0.01, 24714
0.01, 24679
0.01, 24091
0.01, 24086
0.04, 23918
0.04, 23809
0.04, 23537
0.04, 23387
0.04, 23372
0.04, 23257
0.04, 23066
0.05, 23033
0.05, 22939
0.05, 22442
0.05, 22417
0.05, 22403
0.05, 22247
0.05, 21732
0.05, 21439
0.05, 21324
0.05, 21093
0.05, 20945
0.05, 20309
0.05, 20173
0.05, 19255
0.05, 19214
0.05, 18987
0.05, 18875
0.05, 18806
0.05, 18652
0.05, 18581
0.05, 18522
0.05, 18212
0.05, 18209
0.06, 18130
0.06, 18118
0.07, 18014
0.07, 17987
0.07, 17952
0.07, 17861
0.07, 17787
0.07, 17770
0.07, 17604
0.07, 17595
0.07, 17559
0.07, 17552
0.09, 17114
0.09, 17020
0.09, 16939
0.10, 16838
0.10, 16700
0.10, 16607
0.10, 16570
0.10, 16418
0.10, 16374
0.10, 15938
0.10, 15869
0.10, 15769
0.10, 15758
0.10, 15696
0.10, 15561
0.10, 15426
0.10, 15374
0.10, 15069
0.12, 14985
0.12, 14691
0.12, 14638
0.12, 14585
0.12, 14584
0.12, 14456
0.12, 14384
0.13, 14282
0.13, 14226
0.13, 14175
0.13, 14159
0.13, 14093
0.13, 14081
0.13, 14070
0.13, 13985
0.15, 13975
0.15, 13854
0.15, 13853
0.15, 13790
0.16, 13786
0.16, 13761
0.16, 13754
0.16, 13601
0.16, 13569
0.19, 13410
0.19, 13369
0.19, 13307
0.21, 13301
0.21, 13226
0.21, 13225
0.22, 13201
0.24, 13161
0.24, 13016
0.25, 12830
0.27, 12817
0.28, 12795
0.30, 12782
0.33, 12770
0.33, 12710
0.40, 12654
0.42, 12541
0.49, 12316
0.49, 12312
0.53, 12184
0.54, 12120
0.61, 12101
0.65, 12092
0.65, 11927
0.67, 11871
0.68, 11848
0.75, 11823
0.76, 11810
0.85, 11807
0.87, 11703
0.87, 11662
0.88, 11640
0.90, 11575
0.91, 11562
1.32, 11553
1.32, 11521
1.32, 11306
1.36, 11302
1.88, 11301
1.92, 11235
1.93, 11119
2.02, 10966
2.05, 10942
2.12, 10932
2.12, 10894
2.13, 10885
2.13, 10871
2.14, 10815
2.20, 10530
2.23, 10235
2.38, 10193
2.47, 10164
3.16, 10162
15.26, 10110
15.30, 10097
15.30, 10058
21.20, 10054
21.20, 10032
21.24, 10003
21.25, 9992
21.32, 9894
21.33, 9888
21.38, 9818
21.42, 9789
21.48, 9761
21.48, 9759
