0.03, 30027
0.03, 29998
0.03, 29245
0.03, 29148
0.03, 28190
0.03, 28093
0.03, 27983
0.03, 27291
0.03, 27156
0.03, 27011
0.03, 26551
0.03, 25523
0.03, 25033
0.03, 24588
0.03, 24571
0.03, 24439
0.03, 22507
0.03, 22398
0.03, 22327
0.03, 22202
0.03, 21366
0.03, 21283
0.05, 21148
0.05, 20369
0.05, 20343
0.05, 20138
0.06, 20087
0.06, 19881
0.06, 19781
0.06, 19342
0.06, 19210
0.06, 19160
0.06, 19075
0.06, 18882
0.06, 18576
0.06, 18247
0.06, 18166
0.06, 18041
0.06, 18001
0.06, 17875
0.06, 17802
0.06, 17640
0.06, 17634
0.06, 17605
0.06, 17579
0.07, 17239
0.07, 17016
0.07, 17001
0.07, 16852
0.07, 16826
0.07, 16546
0.07, 16424
0.07, 16412
0.07, 16349
0.08, 16323
0.08, 16256
0.08, 15952
0.08, 15767
0.08, 15697
0.08, 15472
0.08, 15460
0.10, 15374
0.10, 15350
0.10, 15297
0.10, 15293
0.11, 15282
0.11, 15175
0.11, 15107
0.11, 14991
0.11, 14945
0.11, 14797
0.12, 14645
0.12, 14637
0.14, 14571
0.14, 14528
0.16, 14520
0.16, 14519
0.17, 14428
0.19, 14033
0.19, 13984
0.19, 13617
0.22, 13596
0.22, 13576
0.22, 13533
0.22, 13404
0.23, 13385
0.23, 13314
0.23, 13190
0.23, 13187
0.24, 13177
0.28, 13118
0.30, 13110
0.30, 13059
0.33, 13056
0.33, 13046
0.33, 12803
0.34, 12636
0.34, 12510
0.34, 12455
0.34, 12062
0.38, 11909
0.44, 11905
0.44, 11868
0.44, 11772
0.46, 11767
0.51, 11766
0.51, 11748
0.51, 11747
0.53, 11742
0.54, 11702
0.54, 11691
0.54, 11687
0.57, 11682
0.57, 11541
0.60, 11490
0.60, 11476
0.65, 11353
0.65, 11345
0.74, 11256
0.74, 11164
0.77, 11153
0.78, 11120
0.82, 11103
0.85, 11087
0.86, 11085
0.95, 11071
1.66, 10955
2.33, 10840
3.00, 10565
3.00, 10543
3.00, 10391
3.00, 10390
3.01, 10385
3.02, 10373
3.02, 10313
3.03, 10238
3.03, 10219
3.06, 10082
3.06, 10074
3.06, 10072
3.07, 10066
3.07, 10058
3.08, 10041
3.08, 10031
3.09, 9958
3.09, 9938
3.17, 9933
3.18, 9923
