0.00, 30666
0.00, 30259
0.00, 29981
0.00, 29655
0.01, 29259
0.01, 29251
0.01, 28979
0.01, 28781
0.01, 28772
0.01, 28364
0.01, 27955
0.02, 27544
0.02, 27462
0.02, 27314
0.02, 27254
0.02, 26629
0.03, 26592
0.03, 26388
0.03, 26308
0.03, 26009
0.03, 25276
0.03, 25259
0.03, 25252
0.03, 24706
0.03, 24585
0.03, 24270
0.03, 23814
0.03, 23277
0.03, 22721
0.03, 22693
0.03, 22564
0.03, 22401
0.03, 21746
0.03, 21667
0.03, 21625
0.03, 21496
0.03, 21281
0.03, 21157
0.05, 20924
0.05, 20624
0.05, 20386
0.05, 20081
0.05, 19817
0.05, 19787
0.05, 19711
0.05, 19710
0.05, 19029
0.05, 18905
0.05, 18605
0.05, 17768
0.05, 17658
0.05, 17458
0.05, 17405
0.05, 17254
0.05, 17205
0.05, 17148
0.05, 16957
0.05, 16594
0.06, 16175
0.07, 15803
0.07, 15727
0.07, 15707
0.07, 15631
0.08, 15560
0.08, 15437
0.08, 15433
0.08, 15225
0.08, 15208
0.08, 15014
0.08, 15013
0.08, 14634
0.08, 14603
0.08, 14594
0.08, 14531
0.08, 14516
0.10, 14434
0.10, 14387
0.10, 14351
0.10, 14243
0.10, 14202
0.11, 14190
0.11, 14158
0.13, 14002
0.13, 13914
0.13, 13896
0.13, 13876
0.16, 13806
0.16, 13646
0.18, 13633
0.19, 13616
0.19, 13564
0.19, 13236
0.19, 13234
0.19, 13198
0.21, 13166
0.22, 13129
0.22, 12966
0.22, 12917
0.22, 12800
0.22, 12743
0.25, 12718
0.28, 12667
0.28, 11991
0.29, 11968
0.29, 11919
0.29, 11853
0.31, 11612
0.40, 11581
0.44, 11567
0.50, 11545
0.50, 11448
0.50, 11420
0.55, 11334
0.59, 10986
0.64, 10941
0.70, 10869
0.76, 10825
0.78, 10821
0.80, 10783
0.80, 10748
2.09, 10707
2.09, 10685
2.10, 10682
2.12, 10605
2.13, 10598
2.14, 10589
2.14, 10524
2.14, 10471
2.14, 10458
2.15, 10411
2.15, 10405
2.15, 10246
2.19, 10237
2.20, 10231
2.22, 10226
2.29, 10172
2.31, 9953
2.32, 9926
2.32, 9918
2.32, 9864
2.35, 9778
2.38, 9654
2.41, 9642
2.47, 9641
22.52, 9619
