0.00, 27695
0.00, 27263
0.00, 27231
0.00, 26976
0.00, 26939
0.00, 26934
0.00, 26687
0.00, 26650
0.00, 26496
0.00, 26289
0.00, 25770
0.00, 25768
0.00, 25731
0.00, 25729
0.00, 25698
0.00, 25634
0.00, 25626
0.01, 25318
0.01, 25216
0.01, 25110
0.01, 24813
0.01, 24806
0.01, 24770
0.01, 24343
0.01, 24138
0.01, 24020
0.01, 23938
0.01, 23183
0.01, 23027
0.01, 23004
0.01, 22819
0.01, 22710
0.01, 22684
0.01, 22586
0.01, 22471
0.01, 22050
0.01, 21830
0.01, 21749
0.01, 21639
0.01, 21593
0.01, 21505
0.01, 21453
0.01, 21451
0.01, 21442
0.02, 21214
0.02, 20994
0.02, 20992
0.02, 20847
0.02, 20846
0.02, 20203
0.02, 20052
0.02, 20040
0.02, 19940
0.02, 19727
0.02, 19659
0.02, 19619
0.02, 19527
0.03, 19170
0.03, 18863
0.03, 18730
0.03, 18724
0.03, 18695
0.03, 18548
0.03, 18481
0.03, 18479
0.04, 18462
0.04, 17920
0.04, 17877
0.04, 17868
0.04, 17845
0.04, 17835
0.04, 17762
0.04, 17757
0.04, 17605
0.04, 17533
0.05, 16965
0.05, 16697
0.05, 16675
0.05, 16582
0.05, 16201
0.06, 15926
0.06, 15925
0.07, 15916
0.07, 15444
0.08, 15422
0.08, 15389
0.09, 15345
0.09, 15274
0.10, 15249
0.11, 15175
0.11, 15102
0.12, 15059
0.12, 15054
0.13, 14850
0.13, 14779
0.14, 14707
0.15, 14626
0.15, 14584
0.16, 14555
0.16, 14407
0.17, 14345
0.17, 13260
0.18, 12982
0.19, 12795
0.19, 12628
0.20, 12555
0.21, 12512
0.22, 12459
0.22, 12417
0.23, 12392
0.24, 12249
0.25, 11945
0.26, 11778
0.26, 11717
0.27, 11692
0.28, 11486
0.29, 11453
0.30, 11409
0.31, 11351
0.32, 11334
0.33, 11312
0.34, 11154
0.35, 11111
0.36, 11088
0.38, 10987
0.39, 10846
0.40, 10724
0.42, 10607
0.43, 10599
0.45, 10461
0.46, 10392
0.47, 10218
0.49, 9890
0.50, 9751
0.52, 9535
0.53, 9382
0.54, 9207
0.56, 9204
0.57, 9099
0.59, 8965
0.60, 8960
0.62, 8904
0.63, 8754
0.65, 8719
0.66, 8425
0.68, 8416
0.70, 8387
0.72, 8268
0.73, 8264
0.74, 8242
0.75, 8220
0.77, 8210
0.79, 8187
1.43, 8186
1.44, 8163
1.46, 8034
1.48, 8032
1.50, 7997
1.52, 7944
1.53, 7815
21.90, 7773
21.92, 7745
58.28, 7702
58.30, 7679
58.31, 7644
58.33, 7542
