0.00, 30027
0.00, 29998
0.00, 29245
0.01, 29148
0.01, 28190
0.01, 28093
0.01, 27983
0.01, 27291
0.01, 27156
0.02, 27011
0.02, 26551
0.02, 25523
0.02, 25033
0.02, 24588
0.02, 24571
0.02, 24439
0.02, 22507
0.02, 22398
0.02, 22327
0.02, 22202
0.02, 21366
0.02, 21283
0.03, 21148
0.03, 20369
0.03, 20343
0.03, 20138
0.03, 20087
0.03, 19881
0.03, 19781
0.03, 19342
0.03, 19210
0.03, 19160
0.03, 19075
0.03, 18882
0.03, 18576
0.03, 18247
0.03, 18166
0.03, 18041
0.03, 18001
0.03, 17875
0.03, 17802
0.03, 17640
0.03, 17634
0.03, 17605
0.03, 17579
0.03, 17239
0.03, 17016
0.03, 17001
0.03, 16852
0.03, 16826
0.04, 16546
0.04, 16424
0.04, 16412
0.04, 16349
0.07, 16323
0.07, 16256
0.07, 15952
0.07, 15767
0.07, 15697
0.08, 15472
0.08, 15460
0.08, 15374
0.08, 15350
0.08, 15297
0.08, 15293
0.10, 15282
0.10, 15175
0.10, 15107
0.10, 14991
0.10, 14945
0.10, 14797
0.10, 14645
0.10, 14637
0.13, 14571
0.13, 14528
0.15, 14520
0.16, 14519
0.16, 14428
0.16, 14033
0.19, 13984
0.19, 13617
0.20, 13596
0.20, 13576
0.21, 13533
0.21, 13404
0.22, 13385
0.22, 13314
0.22, 13190
0.22, 13187
0.22, 13177
0.27, 13118
0.29, 13110
0.29, 13059
0.32, 13056
0.33, 13046
0.33, 12803
0.35, 12636
0.35, 12510
0.35, 12455
0.38, 12062
0.38, 11909
0.45, 11905
0.45, 11868
0.45, 11772
0.46, 11767
0.53, 11766
0.53, 11748
0.53, 11747
0.58, 11742
0.59, 11702
0.60, 11691
0.60, 11687
0.60, 11682
0.61, 11541
0.66, 11490
0.66, 11476
0.73, 11353
0.74, 11345
0.84, 11256
0.84, 11164
0.86, 11153
0.89, 11120
0.90, 11103
0.94, 11087
0.97, 11085
1.02, 11071
1.96, 10955
2.83, 10840
3.64, 10565
3.64, 10543
3.64, 10391
3.65, 10390
3.66, 10385
3.67, 10373
3.67, 10313
3.67, 10238
3.67, 10219
3.69, 10082
3.69, 10074
3.69, 10072
3.72, 10066
3.72, 10058
3.72, 10041
3.72, 10031
3.73, 9958
3.75, 9938
3.81, 9933
3.83, 9923
13.10, 9898
13.11, 9845
13.11, 9555
13.13, 9526
13.18, 9492
13.21, 9411
13.26, 9385
13.26, 9331
13.26, 9327
13.29, 9319
13.29, 9314
13.33, 9188
