0.04, 25176
0.04, 25046
0.04, 24741
0.04, 24705
0.04, 24690
0.06, 24409
0.06, 24294
0.06, 23341
0.06, 22454
0.06, 22408
0.06, 22284
0.06, 22251
0.06, 22224
0.06, 22124
0.06, 21841
0.06, 21815
0.07, 21810
0.07, 21771
0.07, 21723
0.07, 21642
0.07, 21354
0.07, 20772
0.07, 20760
0.07, 20290
0.07, 20181
0.08, 20147
0.08, 19702
0.09, 19579
0.09, 19392
0.09, 19281
0.09, 19276
0.09, 18995
0.09, 18983
0.09, 18981
0.09, 18341
0.09, 18207
0.09, 18155
0.09, 17318
0.09, 17013
0.09, 16160
0.09, 16131
0.09, 16059
0.09, 15535
0.09, 15336
0.09, 15313
0.11, 15250
0.12, 15188
0.12, 15160
0.12, 15146
0.12, 15061
0.14, 15013
0.14, 14938
0.14, 14854
0.14, 14832
0.15, 14822
0.15, 14743
0.15, 14511
0.15, 14235
0.15, 14223
0.17, 13940
0.17, 13894
0.17, 13454
0.18, 13447
0.18, 13350
0.20, 13220
0.20, 13189
0.20, 13118
0.20, 13071
0.21, 13046
0.21, 13031
0.21, 12615
0.23, 12254
0.25, 12233
0.25, 12101
0.26, 12081
0.26, 12052
0.26, 12044
0.28, 11990
0.28, 11989
0.28, 11944
0.28, 11760
0.29, 11757
0.29, 11752
0.29, 11714
0.30, 11699
0.30, 11654
0.36, 11571
0.36, 11562
0.36, 11504
0.38, 11496
0.38, 11475
0.41, 11440
0.41, 11374
0.43, 11177
0.43, 11176
0.44, 11133
0.47, 11094
0.50, 10862
0.56, 10861
0.56, 10852
0.56, 10777
0.56, 10727
0.58, 10695
0.58, 10678
0.64, 10547
0.64, 10527
0.66, 10520
0.66, 10515
1.82, 10511
1.82, 10492
1.82, 10215
1.82, 10060
1.85, 10036
1.87, 10030
1.87, 9777
1.88, 9695
1.96, 9665
1.98, 9608
1.98, 9585
7.50, 9554
