0.00, 29644
0.00, 29561
0.00, 29292
0.01, 28966
0.01, 28748
0.01, 28566
0.01, 28507
0.01, 28378
0.01, 28268
0.01, 27489
0.01, 27405
0.01, 27201
0.01, 27043
0.01, 26999
0.01, 26711
0.01, 24950
0.01, 24693
0.01, 24275
0.01, 23992
0.01, 23945
0.01, 22675
0.02, 22647
0.02, 21892
0.02, 21584
0.02, 21019
0.02, 20747
0.02, 20296
0.02, 20212
0.02, 20033
0.03, 19070
0.03, 18780
0.03, 18644
0.03, 18549
0.06, 18297
0.06, 18104
0.06, 17987
0.06, 17972
0.06, 17846
0.06, 17677
0.06, 17675
0.06, 17647
0.08, 17625
0.08, 17560
0.09, 17455
0.09, 17452
0.09, 17104
0.09, 17037
0.09, 16989
0.09, 16849
0.09, 16824
0.09, 16576
0.09, 16539
0.09, 16490
0.09, 16466
0.09, 16431
0.09, 16376
0.11, 16334
0.11, 16293
0.11, 16291
0.11, 16257
0.12, 16164
0.12, 15989
0.12, 15838
0.12, 15776
0.12, 15762
0.12, 15643
0.12, 15549
0.12, 15503
0.12, 15471
0.13, 15400
0.14, 15339
0.14, 15163
0.16, 15149
0.17, 14799
0.17, 14222
0.17, 14181
0.17, 14170
0.17, 14098
0.17, 14084
0.17, 14032
0.17, 13987
0.17, 13972
0.20, 13954
0.20, 13893
0.20, 13821
0.20, 13813
0.20, 13780
0.20, 13649
0.22, 13641
0.22, 13574
0.22, 13506
0.23, 13493
0.23, 13474
0.26, 13471
0.26, 13400
0.26, 13398
0.26, 13249
0.26, 13042
0.26, 13041
0.26, 13040
0.26, 12920
0.26, 12854
0.28, 12830
0.28, 12810
0.29, 12779
0.29, 12772
0.31, 12645
0.31, 12389
0.31, 12358
0.31, 12045
0.31, 12014
0.34, 11965
0.34, 11959
0.34, 11955
0.38, 11864
0.41, 11702
0.42, 11648
0.44, 11605
0.46, 11572
0.47, 11536
0.49, 11507
0.50, 11501
0.54, 11491
0.54, 11448
0.54, 11446
0.60, 11441
0.60, 11408
0.63, 11340
0.65, 11150
0.67, 11121
0.71, 11083
0.71, 10891
0.78, 10860
2.00, 10826
2.01, 10825
2.06, 10763
2.08, 10671
2.08, 10642
2.15, 10492
2.15, 10349
2.17, 10348
2.17, 10319
2.27, 10312
2.31, 10308
2.32, 10177
2.32, 10176
2.34, 10116
2.46, 10032
2.52, 9982
2.53, 9946
2.59, 9893
