0.00, 27366
0.00, 27352
0.00, 27286
0.02, 26892
0.02, 26745
0.02, 26071
0.02, 26069
0.02, 25441
0.02, 24714
0.02, 24679
0.02, 24091
0.02, 24086
0.02, 23918
0.02, 23809
0.02, 23537
0.02, 23387
0.02, 23372
0.02, 23257
0.02, 23066
0.03, 23033
0.03, 22939
0.03, 22442
0.03, 22417
0.03, 22403
0.03, 22247
0.03, 21732
0.03, 21439
0.03, 21324
0.03, 21093
0.03, 20945
0.03, 20309
0.03, 20173
0.04, 19255
0.04, 19214
0.05, 18987
0.05, 18875
0.05, 18806
0.05, 18652
0.05, 18581
0.05, 18522
0.05, 18212
0.05, 18209
0.05, 18130
0.05, 18118
0.05, 18014
0.05, 17987
0.05, 17952
0.05, 17861
0.05, 17787
0.05, 17770
0.07, 17604
0.07, 17595
0.07, 17559
0.07, 17552
0.07, 17114
0.07, 17020
0.08, 16939
0.08, 16838
0.08, 16700
0.08, 16607
0.08, 16570
0.08, 16418
0.08, 16374
0.08, 15938
0.08, 15869
0.08, 15769
0.08, 15758
0.08, 15696
0.09, 15561
0.10, 15426
0.10, 15374
0.10, 15069
0.10, 14985
0.10, 14691
0.10, 14638
0.10, 14585
0.10, 14584
0.10, 14456
0.10, 14384
0.10, 14282
0.10, 14226
0.10, 14175
0.10, 14159
0.13, 14093
0.13, 14081
0.13, 14070
0.13, 13985
0.13, 13975
0.13, 13854
0.13, 13853
0.13, 13790
0.13, 13786
0.13, 13761
0.15, 13754
0.15, 13601
0.15, 13569
0.15, 13410
0.15, 13369
0.16, 13307
0.18, 13301
0.18, 13226
0.18, 13225
0.18, 13201
0.19, 13161
0.19, 13016
0.20, 12830
0.23, 12817
0.24, 12795
0.24, 12782
0.28, 12770
0.29, 12710
0.35, 12654
0.37, 12541
0.42, 12316
0.43, 12312
0.45, 12184
0.48, 12120
0.51, 12101
0.55, 12092
0.56, 11927
0.56, 11871
0.59, 11848
0.63, 11823
0.65, 11810
0.71, 11807
0.73, 11703
0.74, 11662
0.74, 11640
0.76, 11575
0.79, 11562
1.19, 11553
1.19, 11521
1.21, 11306
1.21, 11302
1.63, 11301
1.64, 11235
1.66, 11119
1.69, 10966
1.76, 10942
1.81, 10932
1.82, 10894
1.86, 10885
1.86, 10871
1.91, 10815
1.97, 10530
2.00, 10235
2.06, 10193
2.11, 10164
2.65, 10162
