0.00, 27473
0.00, 26988
0.00, 26867
0.01, 26741
0.01, 26594
0.01, 25725
0.03, 25703
0.03, 25607
0.03, 25441
0.03, 25140
0.03, 24708
0.03, 24262
0.03, 23639
0.03, 23164
0.03, 23113
0.03, 22958
0.03, 22840
0.03, 22674
0.03, 22646
0.03, 22582
0.03, 21680
0.03, 21631
0.03, 21418
0.03, 21339
0.03, 21224
0.03, 21132
0.03, 21021
0.03, 20912
0.03, 20835
0.03, 20604
0.03, 20470
0.03, 20462
0.03, 20203
0.03, 19715
0.05, 19540
0.05, 19434
0.05, 19431
0.05, 18499
0.05, 18172
0.05, 17615
0.05, 17596
0.05, 17420
0.05, 17343
0.05, 16769
0.05, 16745
0.05, 16743
0.05, 16645
0.05, 16578
0.05, 16498
0.05, 16000
0.06, 15428
0.06, 15301
0.08, 15269
0.08, 15172
0.08, 15090
0.08, 15045
0.08, 14512
0.09, 14415
0.09, 14146
0.09, 14106
0.10, 13453
0.10, 13399
0.12, 13380
0.12, 13359
0.14, 13328
0.14, 13172
0.14, 13127
0.14, 12997
0.14, 12704
0.14, 12593
0.14, 12582
0.17, 12381
0.17, 12362
0.17, 12238
0.17, 12087
0.19, 12044
0.22, 12013
0.22, 11886
0.29, 11871
0.29, 11863
0.29, 11842
0.31, 11694
0.33, 11688
0.33, 11584
0.33, 11560
0.35, 11506
0.36, 11460
0.44, 11320
0.44, 11276
1.28, 11238
1.28, 10974
1.74, 10964
1.75, 10854
1.75, 10846
1.75, 10835
1.77, 10792
1.78, 10782
1.80, 10713
1.80, 10701
1.80, 10693
1.80, 10557
1.83, 10287
1.89, 10205
1.94, 10202
1.96, 9971
2.00, 9921
2.02, 9884
2.08, 9863
2.08, 9796
2.10, 9789
2.10, 9779
4.38, 9754
5.28, 9547
5.28, 9540
47.44, 9489
