0.00, 27922
0.00, 27624
0.00, 27113
0.01, 26954
0.01, 26891
0.01, 26678
0.01, 25848
0.01, 25728
0.01, 24933
0.01, 24092
0.01, 23819
0.01, 23625
0.01, 22860
0.01, 22536
0.01, 22370
0.01, 22011
0.01, 21351
0.01, 21131
0.01, 21045
0.01, 21044
0.01, 20705
0.01, 20607
0.01, 20498
0.01, 20414
0.01, 20388
0.06, 20219
0.06, 19908
0.06, 19596
0.06, 19487
0.06, 19048
0.06, 18956
0.06, 18898
0.06, 18821
0.06, 18752
0.06, 18279
0.06, 18042
0.06, 18036
0.06, 17988
0.06, 17690
0.06, 17361
0.06, 17292
0.06, 17289
0.06, 17234
0.06, 17043
0.06, 17015
0.07, 16981
0.07, 16868
0.07, 15920
0.07, 15837
0.07, 15693
0.08, 15614
0.08, 15588
0.08, 15581
0.09, 15118
0.09, 14864
0.09, 14819
0.09, 14762
0.09, 14693
0.09, 14468
0.09, 14405
0.09, 14317
0.09, 14271
0.11, 14235
0.11, 14229
0.11, 14085
0.11, 14082
0.12, 14059
0.12, 14053
0.12, 14049
0.12, 13328
0.14, 13232
0.14, 13057
0.14, 12907
0.14, 12758
0.15, 12447
0.15, 12384
0.15, 12348
0.15, 12276
0.17, 12093
0.18, 12028
0.18, 12013
0.18, 12007
0.18, 11565
0.20, 11555
0.21, 11509
0.21, 11469
0.23, 11441
0.24, 11394
0.24, 11373
0.26, 11351
0.26, 11257
0.31, 11220
0.31, 11213
0.32, 11210
0.32, 11200
0.36, 10958
0.37, 10930
0.39, 10907
0.40, 10906
0.40, 10901
0.42, 10892
2.02, 10887
2.02, 10763
2.07, 10745
2.07, 10724
2.07, 10674
2.10, 10618
2.15, 10617
2.18, 10612
2.21, 10575
2.24, 10503
2.24, 10501
2.28, 10467
2.30, 10405
2.32, 10225
4.46, 10151
4.57, 10123
4.57, 10063
4.61, 10047
4.65, 10031
4.71, 10030
4.74, 10007
6.56, 9967
6.59, 9928
6.62, 9886
6.63, 9877
6.63, 9798
6.68, 9793
6.74, 9785
6.74, 9762
6.78, 9745
6.79, 9730
