0.00, 25720
0.00, 25559
0.00, 25262
0.00, 25212
0.00, 24984
0.00, 24697
0.00, 24680
0.00, 24385
0.00, 24349
0.00, 24334
0.00, 24317
0.00, 23890
0.00, 23440
0.00, 23336
0.01, 23172
0.01, 22409
0.01, 22146
0.01, 22075
0.01, 21606
0.01, 21558
0.01, 20917
0.01, 20742
0.01, 20393
0.02, 20295
0.02, 20090
0.03, 19893
0.03, 19881
0.04, 19590
0.04, 19465
0.05, 19448
0.05, 19356
0.06, 19129
0.06, 19088
0.07, 19010
0.07, 18132
0.08, 17972
0.08, 17969
0.09, 17901
0.09, 17878
0.10, 17632
0.10, 17602
0.11, 17529
0.11, 17508
0.12, 17437
0.12, 17221
0.13, 16989
0.13, 16979
0.14, 16916
0.14, 16718
0.15, 16274
0.15, 16224
0.16, 16185
0.16, 15958
0.17, 15553
0.17, 15458
0.18, 15445
0.18, 15299
0.19, 14885
0.19, 14788
0.20, 14637
0.20, 14542
0.20, 14484
0.21, 14409
0.21, 14400
0.21, 14348
0.21, 14298
0.21, 14250
0.21, 14072
0.21, 13947
0.21, 13343
0.21, 13332
0.21, 13186
0.21, 13110
0.21, 12965
0.21, 12806
0.21, 12669
0.22, 12525
0.22, 12455
0.22, 12233
0.22, 12096
0.22, 12063
0.22, 12057
0.22, 11879
0.22, 11749
0.22, 11694
0.22, 11682
0.23, 11676
0.23, 11653
0.23, 11634
0.23, 11577
0.24, 11562
0.24, 11527
0.24, 11493
0.25, 11457
0.25, 11448
0.26, 11406
0.26, 11131
0.27, 11127
0.27, 11108
0.27, 11100
0.28, 11094
0.28, 11030
0.29, 11024
0.29, 10943
0.29, 10653
0.30, 10641
0.30, 10624
0.30, 10574
0.31, 10554
0.31, 10545
0.32, 10510
0.32, 10458
0.33, 10453
0.34, 10431
0.35, 10278
0.36, 10273
0.37, 9750
0.38, 9621
0.40, 9594
0.41, 9546
0.42, 9503
0.44, 9434
0.45, 9345
0.47, 9335
0.48, 9298
0.48, 9163
0.50, 9094
0.51, 8965
0.53, 8443
0.55, 8359
0.56, 8292
0.58, 8244
0.59, 8205
0.61, 8126
0.63, 8101
0.63, 7844
10.39, 7825
18.32, 7811
18.34, 7801
18.36, 7798
18.38, 7728
18.38, 7723
18.38, 7714
18.40, 7657
97.16, 7656
97.18, 7645
97.20, 7542
