0.02, 30027
0.02, 29998
0.02, 29245
0.02, 29148
0.02, 28190
0.02, 28093
0.03, 27983
0.03, 27291
0.03, 27156
0.03, 27011
0.03, 26551
0.05, 25523
0.05, 25033
0.05, 24588
0.05, 24571
0.05, 24439
0.05, 22507
0.05, 22398
0.05, 22327
0.05, 22202
0.05, 21366
0.05, 21283
0.05, 21148
0.05, 20369
0.05, 20343
0.05, 20138
0.05, 20087
0.05, 19881
0.05, 19781
0.06, 19342
0.06, 19210
0.06, 19160
0.06, 19075
0.08, 18882
0.08, 18576
0.08, 18247
0.08, 18166
0.08, 18041
0.08, 18001
0.08, 17875
0.08, 17802
0.08, 17640
0.08, 17634
0.08, 17605
0.08, 17579
0.08, 17239
0.08, 17016
0.08, 17001
0.08, 16852
0.09, 16826
0.09, 16546
0.09, 16424
0.09, 16412
0.09, 16349
0.09, 16323
0.10, 16256
0.10, 15952
0.10, 15767
0.11, 15697
0.11, 15472
0.11, 15460
0.11, 15374
0.11, 15350
0.11, 15297
0.11, 15293
0.13, 15282
0.13, 15175
0.13, 15107
0.14, 14991
0.14, 14945
0.14, 14797
0.14, 14645
0.14, 14637
0.16, 14571
0.16, 14528
0.19, 14520
0.19, 14519
0.19, 14428
0.19, 14033
0.20, 13984
0.22, 13617
0.24, 13596
0.24, 13576
0.24, 13533
0.24, 13404
0.25, 13385
0.25, 13314
0.25, 13190
0.26, 13187
0.27, 13177
0.31, 13118
0.32, 13110
0.32, 13059
0.33, 13056
0.33, 13046
0.34, 12803
0.37, 12636
0.37, 12510
0.38, 12455
0.40, 12062
0.40, 11909
0.49, 11905
0.49, 11868
0.49, 11772
0.50, 11767
0.54, 11766
0.54, 11748
0.54, 11747
0.57, 11742
0.59, 11702
0.60, 11691
0.60, 11687
0.60, 11682
0.62, 11541
0.65, 11490
0.65, 11476
0.70, 11353
0.71, 11345
0.80, 11256
0.80, 11164
0.82, 11153
0.85, 11120
0.87, 11103
0.91, 11087
0.93, 11085
0.99, 11071
1.76, 10955
2.47, 10840
3.19, 10565
3.19, 10543
3.19, 10391
3.21, 10390
3.22, 10385
3.22, 10373
3.22, 10313
3.22, 10238
3.22, 10219
3.25, 10082
3.25, 10074
3.26, 10072
3.26, 10066
3.26, 10058
3.26, 10041
3.26, 10031
3.30, 9958
3.30, 9938
3.38, 9933
3.41, 9923
12.44, 9898
12.44, 9845
12.44, 9555
12.47, 9526
12.54, 9492
12.59, 9411
12.62, 9385
12.62, 9331
12.66, 9327
12.67, 9319
12.69, 9314
12.72, 9188
