0.00, 27922
0.00, 27624
0.00, 27113
0.01, 26954
0.01, 26891
0.01, 26678
0.01, 25848
0.01, 25728
0.01, 24933
0.01, 24092
0.01, 23819
0.01, 23625
0.01, 22860
0.04, 22536
0.04, 22370
0.04, 22011
0.04, 21351
0.04, 21131
0.04, 21045
0.04, 21044
0.04, 20705
0.04, 20607
0.05, 20498
0.05, 20414
0.05, 20388
0.05, 20219
0.05, 19908
0.05, 19596
0.05, 19487
0.05, 19048
0.05, 18956
0.05, 18898
0.05, 18821
0.05, 18752
0.05, 18279
0.05, 18042
0.07, 18036
0.07, 17988
0.07, 17690
0.07, 17361
0.07, 17292
0.07, 17289
0.07, 17234
0.07, 17043
0.07, 17015
0.07, 16981
0.07, 16868
0.07, 15920
0.07, 15837
0.07, 15693
0.07, 15614
0.08, 15588
0.08, 15581
0.08, 15118
0.08, 14864
0.08, 14819
0.08, 14762
0.08, 14693
0.08, 14468
0.08, 14405
0.08, 14317
0.08, 14271
0.08, 14235
0.08, 14229
0.08, 14085
0.08, 14082
0.08, 14059
0.08, 14053
0.08, 14049
0.09, 13328
0.12, 13232
0.12, 13057
0.13, 12907
0.13, 12758
0.13, 12447
0.14, 12384
0.16, 12348
0.16, 12276
0.17, 12093
0.17, 12028
0.20, 12013
0.20, 12007
0.20, 11565
0.21, 11555
0.21, 11509
0.23, 11469
0.23, 11441
0.24, 11394
0.24, 11373
0.25, 11351
0.26, 11257
0.31, 11220
0.31, 11213
0.32, 11210
0.32, 11200
0.37, 10958
0.37, 10930
0.39, 10907
0.39, 10906
0.40, 10901
0.42, 10892
2.08, 10887
2.11, 10763
2.14, 10745
2.14, 10724
2.14, 10674
2.21, 10618
2.32, 10617
2.35, 10612
2.37, 10575
2.41, 10503
2.43, 10501
2.46, 10467
2.48, 10405
2.48, 10225
4.74, 10151
4.80, 10123
4.80, 10063
4.87, 10047
4.88, 10031
4.94, 10030
4.94, 10007
6.59, 9967
6.64, 9928
6.65, 9886
6.67, 9877
6.67, 9798
6.70, 9793
6.73, 9785
6.75, 9762
6.76, 9745
6.79, 9730
12.09, 9717
12.09, 9708
12.10, 9641
12.13, 9626
