0.00, 30775
0.00, 30634
0.00, 30469
0.00, 30448
0.00, 30398
0.00, 30382
0.00, 30269
0.00, 30158
0.00, 30121
0.00, 30022
0.00, 29921
0.00, 29348
0.00, 29347
0.00, 29338
0.00, 28766
0.00, 28725
0.00, 28704
0.00, 28637
0.01, 28490
0.01, 28445
0.01, 28227
0.01, 27698
0.01, 27569
0.01, 27150
0.01, 26956
0.01, 26931
0.01, 26814
0.01, 26729
0.01, 26654
0.01, 26585
0.01, 25463
0.01, 25383
0.01, 25231
0.01, 25028
0.01, 25001
0.01, 24983
0.01, 24967
0.02, 24896
0.02, 24642
0.02, 24639
0.03, 24635
0.03, 23925
0.03, 23848
0.03, 23719
0.04, 23551
0.04, 23436
0.04, 23308
0.05, 23094
0.05, 22933
0.05, 22879
0.06, 22829
0.06, 22613
0.06, 22297
0.07, 22208
0.07, 22149
0.07, 22108
0.08, 22080
0.08, 21965
0.08, 21826
0.08, 21581
0.09, 21551
0.09, 21409
0.09, 20936
0.10, 20894
0.10, 20845
0.11, 20757
0.11, 20725
0.12, 20410
0.12, 20308
0.13, 20228
0.13, 20209
0.14, 20199
0.15, 20119
0.15, 20048
0.16, 19890
0.16, 19463
0.17, 19365
0.18, 19303
0.18, 19208
0.19, 18364
0.20, 18346
0.20, 18187
0.21, 17624
0.21, 17571
0.22, 17236
0.22, 17230
0.23, 16937
0.24, 16880
0.24, 16754
0.25, 16722
0.26, 16278
0.27, 16211
0.27, 16192
0.28, 15965
0.29, 15944
0.30, 15908
0.30, 15841
0.31, 15642
0.32, 15533
0.32, 15474
0.33, 15361
0.34, 15340
0.35, 15334
0.36, 15216
0.36, 15070
0.37, 15051
0.38, 15019
0.39, 14325
0.39, 14166
0.40, 14135
0.41, 13985
0.42, 13937
0.43, 13933
0.44, 13885
0.44, 13667
0.45, 13515
0.46, 13359
0.47, 13262
0.48, 12931
0.49, 12733
0.50, 12727
0.51, 12406
0.52, 12297
0.53, 12264
0.54, 12215
0.55, 12210
0.56, 11913
0.57, 11883
0.58, 11729
0.59, 11539
0.61, 11402
0.62, 11108
0.63, 11075
0.64, 10880
0.65, 10723
0.66, 10550
0.67, 10128
0.69, 10127
0.70, 9990
0.71, 9914
0.73, 9563
0.74, 9544
0.76, 9527
0.78, 9211
0.79, 9075
0.80, 9019
0.81, 8933
0.82, 8906
0.83, 8904
0.83, 8892
0.84, 8880
0.85, 8824
0.86, 8768
0.87, 8660
0.88, 8633
0.89, 8617
0.91, 8512
0.93, 8445
0.94, 8430
0.95, 8339
0.95, 8293
0.96, 8160
0.97, 8153
0.99, 8148
1.00, 8146
1.01, 8074
1.02, 8044
1.03, 8039
1.05, 8031
5.60, 7954
5.62, 7945
5.64, 7840
8.19, 7834
33.98, 7797
69.52, 7793
69.53, 7785
77.51, 7708
98.65, 7682
