0.02, 29476
0.02, 29382
0.02, 28826
0.02, 28809
0.02, 27547
0.02, 27502
0.02, 27428
0.02, 27347
0.02, 27160
0.02, 26890
0.02, 26839
0.02, 26692
0.02, 26193
0.02, 25738
0.02, 25261
0.02, 24999
0.02, 24666
0.02, 24631
0.03, 24623
0.03, 24585
0.03, 24422
0.03, 23987
0.04, 23918
0.04, 23624
0.04, 23228
0.04, 23168
0.04, 22920
0.04, 22911
0.04, 22903
0.04, 22782
0.04, 22600
0.04, 22549
0.04, 22544
0.04, 22402
0.04, 21646
0.04, 21180
0.04, 21013
0.05, 20919
0.05, 20581
0.05, 20179
0.05, 19906
0.05, 19694
0.05, 19202
0.05, 18996
0.05, 18375
0.05, 18118
0.05, 17630
0.05, 17384
0.05, 17342
0.05, 17083
0.05, 16838
0.05, 16694
0.07, 16501
0.07, 16345
0.07, 16320
0.07, 16289
0.07, 15477
0.08, 15411
0.08, 15333
0.08, 15332
0.08, 15320
0.10, 14966
0.10, 14736
0.10, 14710
0.10, 14662
0.10, 14506
0.10, 14483
0.10, 14340
0.11, 14181
0.11, 14118
0.12, 14053
0.12, 14003
0.13, 13854
0.13, 13774
0.13, 13678
0.13, 13661
0.13, 13378
0.15, 13324
0.15, 13246
0.16, 13169
0.16, 13164
0.16, 13147
0.18, 13136
0.18, 13119
0.18, 13067
0.21, 12897
0.22, 12870
0.22, 12812
0.22, 12669
0.22, 12659
0.24, 12561
0.24, 12414
0.24, 12132
0.25, 12109
0.25, 12003
0.27, 11954
0.27, 11878
0.27, 11730
0.29, 11405
0.29, 11380
0.29, 11370
0.31, 11357
0.34, 11207
0.35, 11081
0.37, 11058
0.37, 11022
0.37, 11020
0.40, 10819
0.40, 10810
0.43, 10588
0.46, 10567
0.48, 10542
0.51, 10523
0.51, 10386
0.54, 10355
0.57, 10326
0.57, 10235
0.59, 10083
5.01, 10076
5.06, 10046
5.06, 9958
5.06, 9930
7.42, 9917
7.45, 9897
7.46, 9862
10.83, 9851
10.90, 9849
10.90, 9725
10.94, 9642
