0.00, 27366
0.00, 27352
0.00, 27286
0.00, 26892
0.01, 26745
0.01, 26071
0.01, 26069
0.03, 25441
0.03, 24714
0.03, 24679
0.03, 24091
0.03, 24086
0.03, 23918
0.03, 23809
0.03, 23537
0.03, 23387
0.03, 23372
0.03, 23257
0.03, 23066
0.03, 23033
0.03, 22939
0.03, 22442
0.03, 22417
0.03, 22403
0.03, 22247
0.03, 21732
0.03, 21439
0.03, 21324
0.03, 21093
0.03, 20945
0.03, 20309
0.03, 20173
0.03, 19255
0.04, 19214
0.04, 18987
0.05, 18875
0.05, 18806
0.05, 18652
0.05, 18581
0.05, 18522
0.05, 18212
0.05, 18209
0.05, 18130
0.05, 18118
0.05, 18014
0.06, 17987
0.06, 17952
0.06, 17861
0.06, 17787
0.06, 17770
0.06, 17604
0.08, 17595
0.09, 17559
0.09, 17552
0.09, 17114
0.09, 17020
0.09, 16939
0.09, 16838
0.09, 16700
0.09, 16607
0.09, 16570
0.09, 16418
0.09, 16374
0.09, 15938
0.09, 15869
0.09, 15769
0.09, 15758
0.09, 15696
0.11, 15561
0.11, 15426
0.11, 15374
0.11, 15069
0.12, 14985
0.12, 14691
0.12, 14638
0.12, 14585
0.12, 14584
0.12, 14456
0.12, 14384
0.14, 14282
0.14, 14226
0.14, 14175
0.14, 14159
0.14, 14093
0.14, 14081
0.14, 14070
0.14, 13985
0.14, 13975
0.14, 13854
0.15, 13853
0.15, 13790
0.18, 13786
0.18, 13761
0.18, 13754
0.18, 13601
0.18, 13569
0.18, 13410
0.18, 13369
0.18, 13307
0.20, 13301
0.20, 13226
0.20, 13225
0.23, 13201
0.23, 13161
0.23, 13016
0.24, 12830
0.26, 12817
0.27, 12795
0.29, 12782
0.32, 12770
0.32, 12710
0.39, 12654
0.39, 12541
0.45, 12316
0.45, 12312
0.49, 12184
0.54, 12120
0.57, 12101
0.59, 12092
0.61, 11927
0.62, 11871
0.62, 11848
0.65, 11823
0.67, 11810
0.75, 11807
0.75, 11703
0.78, 11662
0.78, 11640
0.80, 11575
0.83, 11562
1.23, 11553
1.23, 11521
1.24, 11306
1.25, 11302
1.72, 11301
1.75, 11235
1.75, 11119
1.79, 10966
1.90, 10942
1.96, 10932
1.96, 10894
1.99, 10885
1.99, 10871
1.99, 10815
2.07, 10530
2.10, 10235
2.16, 10193
2.21, 10164
2.86, 10162
14.53, 10110
14.55, 10097
14.58, 10058
19.90, 10054
19.90, 10032
19.90, 10003
19.93, 9992
19.96, 9894
19.98, 9888
20.06, 9818
20.09, 9789
20.15, 9761
20.16, 9759
31.20, 9660
31.20, 9577
31.21, 9526
31.24, 9521
31.28, 9490
31.30, 9476
31.33, 9428
31.33, 9415
31.36, 9401
