0.00, 29125
0.00, 28563
0.00, 28493
0.00, 27741
0.00, 27739
0.00, 27186
0.00, 27101
0.00, 26994
0.00, 26694
0.00, 26032
0.00, 25718
0.00, 25585
0.00, 25560
0.01, 25526
0.01, 25497
0.01, 25487
0.01, 25482
0.01, 25457
0.02, 25426
0.02, 24945
0.02, 24934
0.02, 24724
0.02, 24695
0.02, 24587
0.03, 24422
0.03, 24420
0.03, 24419
0.03, 24197
0.03, 24196
0.03, 24173
0.03, 24125
0.03, 24108
0.04, 24011
0.04, 23958
0.04, 23488
0.05, 23417
0.05, 23339
0.05, 23193
0.06, 23116
0.06, 22940
0.07, 22678
0.07, 22631
0.07, 22264
0.08, 22081
0.08, 21952
0.08, 21827
0.09, 21470
0.09, 21362
0.10, 21136
0.10, 21120
0.10, 21025
0.11, 20938
0.11, 20840
0.12, 20712
0.12, 20675
0.13, 20529
0.14, 20174
0.14, 20034
0.14, 19880
0.14, 19859
0.14, 19835
0.14, 19722
0.15, 19540
0.15, 19524
0.15, 19481
0.15, 19405
0.15, 19260
0.15, 19258
0.16, 19155
0.16, 19147
0.16, 19093
0.16, 19074
0.16, 19025
0.16, 18992
0.17, 18845
0.17, 17969
0.18, 17726
0.18, 17636
0.19, 17477
0.20, 17460
0.20, 17309
0.21, 17284
0.22, 17062
0.22, 16985
0.23, 16971
0.24, 16955
0.25, 16892
0.25, 16872
0.26, 16860
0.27, 16834
0.27, 16814
0.28, 16758
0.29, 16741
0.29, 16721
0.30, 15968
0.31, 15865
0.32, 15732
0.32, 15326
0.33, 15301
0.34, 15089
0.35, 14957
0.35, 14785
0.36, 14713
0.36, 14631
0.36, 14629
0.36, 14550
0.36, 14537
0.37, 14423
0.38, 13706
0.39, 13574
0.39, 13554
0.39, 13111
0.39, 13002
0.39, 12818
0.39, 12760
0.39, 12727
0.40, 12613
0.41, 12443
0.42, 11882
0.42, 11750
0.43, 11736
0.44, 11454
0.45, 11441
0.46, 11367
0.46, 11336
0.47, 11285
0.48, 11145
0.49, 11062
0.50, 10979
0.51, 10887
0.52, 10814
0.53, 10754
0.53, 10732
0.54, 10684
0.55, 10429
0.56, 10375
0.57, 10266
0.58, 10262
0.60, 10019
0.61, 9640
0.62, 9564
0.63, 9485
0.64, 9471
0.64, 9112
0.65, 9072
0.67, 8913
0.68, 8895
0.70, 8890
0.71, 8827
0.73, 8822
0.75, 8814
0.77, 8760
0.78, 8755
0.80, 8652
0.82, 8537
0.84, 8531
0.85, 8500
0.87, 8469
0.89, 8455
0.90, 8429
0.92, 8362
0.94, 8352
0.96, 8256
0.98, 8208
1.00, 8165
1.65, 7954
8.38, 7894
8.40, 7799
8.42, 7542
