0.00, 30272
0.00, 30259
0.00, 30241
0.00, 30054
0.00, 30049
0.00, 30017
0.00, 29658
0.00, 29610
0.00, 29528
0.00, 29183
0.00, 29164
0.00, 29157
0.00, 29108
0.00, 29081
0.00, 28450
0.00, 27837
0.00, 27783
0.00, 27373
0.00, 27348
0.00, 27329
0.00, 27065
0.00, 27038
0.00, 26835
0.01, 26578
0.01, 25925
0.01, 25171
0.01, 25130
0.01, 25043
0.01, 24889
0.01, 24865
0.01, 24817
0.01, 24772
0.01, 24534
0.01, 24172
0.01, 23521
0.01, 23485
0.01, 23412
0.01, 23160
0.01, 22776
0.01, 22605
0.01, 22515
0.01, 22187
0.01, 22154
0.01, 22086
0.01, 21751
0.01, 21462
0.01, 21381
0.01, 21368
0.01, 21354
0.01, 21154
0.01, 21028
0.01, 20777
0.01, 20738
0.01, 20737
0.01, 20642
0.01, 20625
0.01, 20474
0.01, 20338
0.01, 20276
0.01, 20121
0.01, 19103
0.01, 18995
0.01, 18842
0.01, 18605
0.01, 18392
0.01, 18163
0.01, 17836
0.01, 17575
0.01, 17567
0.01, 17412
0.01, 17277
0.01, 17017
0.01, 16960
0.02, 16899
0.02, 16563
0.02, 16474
0.02, 16179
0.02, 15769
0.02, 15700
0.02, 15669
0.02, 15666
0.02, 15591
0.02, 15523
0.02, 15431
0.02, 15411
0.03, 15389
0.03, 15336
0.03, 15280
0.03, 15275
0.03, 15273
0.03, 15237
0.03, 15201
0.03, 15197
0.03, 15111
0.04, 14806
0.04, 14512
0.04, 14475
0.05, 14341
0.05, 14211
0.05, 14110
0.05, 14108
0.05, 13850
0.05, 13843
0.05, 13705
0.06, 13105
0.06, 12836
0.06, 12794
0.06, 12554
0.07, 12421
0.07, 12398
0.08, 11837
0.08, 11786
0.08, 11764
0.09, 11695
0.10, 11656
0.10, 11628
0.10, 11622
0.10, 11557
0.11, 11531
0.11, 11497
0.11, 11494
0.12, 11465
0.13, 11457
0.13, 11406
0.14, 11359
0.15, 11195
0.16, 11030
0.16, 10856
0.17, 10775
0.18, 10736
0.19, 10717
0.20, 10689
0.20, 10597
0.21, 10595
0.21, 10508
0.22, 10432
0.23, 10405
0.24, 10255
0.25, 10208
0.25, 10195
0.26, 10161
0.26, 9974
0.27, 9877
0.29, 9605
0.30, 9456
0.31, 9167
0.33, 9130
0.34, 9113
0.36, 9046
0.37, 8962
0.38, 8948
0.40, 8938
0.41, 8885
0.43, 8842
0.44, 8802
0.46, 8744
0.48, 8734
0.49, 8728
0.51, 8693
0.53, 8688
0.55, 8675
0.57, 8628
0.58, 8388
0.60, 8188
0.62, 8131
0.64, 7979
5.53, 7960
7.70, 7869
7.72, 7817
7.74, 7804
7.76, 7722
7.78, 7692
7.80, 7671
7.82, 7637
7.84, 7618
58.29, 7547
58.30, 7542
