0.02, 31105
0.02, 30843
0.02, 30668
0.02, 30425
0.02, 29765
0.02, 29663
0.02, 29432
0.02, 28677
0.02, 28209
0.02, 27978
0.02, 27881
0.02, 27449
0.02, 26517
0.02, 26438
0.02, 26285
0.02, 26278
0.02, 26145
0.02, 26103
0.02, 25704
0.02, 25602
0.02, 25521
0.02, 24441
0.02, 24313
0.02, 24158
0.02, 23945
0.02, 23164
0.02, 22695
0.02, 22470
0.02, 22384
0.03, 22338
0.03, 22061
0.04, 21894
0.04, 21565
0.04, 21563
0.04, 21190
0.04, 21066
0.04, 20637
0.04, 20438
0.04, 20398
0.04, 20250
0.04, 20204
0.04, 20115
0.04, 20090
0.04, 19993
0.04, 19928
0.05, 19702
0.05, 19678
0.05, 19666
0.05, 19651
0.05, 19211
0.05, 18696
0.05, 18582
0.05, 18411
0.05, 18262
0.05, 18242
0.07, 18221
0.07, 17631
0.07, 17388
0.08, 17343
0.08, 17273
0.08, 17253
0.08, 17205
0.08, 17114
0.08, 17018
0.10, 16937
0.10, 16897
0.10, 16896
0.10, 16659
0.10, 16424
0.10, 16385
0.10, 15965
0.10, 15799
0.10, 15549
0.10, 15262
0.13, 15200
0.14, 15199
0.14, 15093
0.14, 15056
0.14, 14958
0.14, 14823
0.14, 14811
0.14, 14787
0.14, 14743
0.14, 14720
0.15, 14701
0.15, 14669
0.15, 14612
0.15, 14296
0.15, 14219
0.15, 14051
0.17, 14012
0.18, 13993
0.21, 13970
0.21, 13939
0.21, 13925
0.21, 13822
0.21, 13813
0.21, 13680
0.22, 13678
0.25, 13676
0.26, 13626
0.26, 13576
0.26, 13409
0.26, 13397
0.30, 13349
0.30, 13344
0.30, 13336
0.30, 13318
0.32, 13308
0.32, 13210
0.32, 13029
0.32, 12990
0.35, 12836
0.35, 12807
0.35, 12647
0.38, 12596
0.39, 12528
0.39, 12517
0.43, 12459
0.44, 12428
0.44, 12411
0.44, 12374
0.44, 12251
0.47, 12239
0.47, 12211
0.50, 12208
0.52, 12168
0.53, 12062
0.56, 12046
0.56, 11998
0.57, 11997
0.57, 11957
0.58, 11948
0.63, 11881
0.64, 11832
0.64, 11781
0.64, 11692
0.73, 11664
0.82, 11653
0.83, 11646
0.83, 11621
0.88, 11602
0.93, 11599
0.99, 11575
2.11, 11511
2.15, 11487
2.16, 11435
2.22, 11426
2.23, 11377
2.27, 11298
2.28, 11293
2.30, 11277
2.31, 11268
2.31, 11259
2.35, 11253
2.38, 11173
2.40, 11155
2.41, 11126
2.41, 11097
2.45, 11064
2.48, 11060
3.74, 10969
3.75, 10935
3.75, 10879
3.80, 10875
3.81, 10793
3.86, 10632
4.49, 10593
4.54, 10496
4.59, 10426
4.59, 10377
4.62, 10248
4.68, 10225
4.68, 10164
4.68, 10157
4.76, 10096
4.83, 10089
4.84, 10069
4.93, 10067
7.13, 10027
7.14, 9862
7.17, 9852
7.20, 9850
7.20, 9844
7.20, 9831
7.23, 9810
7.23, 9809
7.25, 9786
7.31, 9708
40.71, 9657
40.71, 9567
40.75, 9532
40.76, 9389
40.76, 9384
42.67, 9367
42.78, 9363
42.88, 9353
