0.00, 28909
0.00, 27373
0.00, 27351
0.00, 27197
0.00, 27165
0.00, 27110
0.00, 25890
0.00, 25530
0.00, 25311
0.00, 24978
0.01, 23927
0.01, 23766
0.01, 23614
0.01, 23099
0.01, 23037
0.01, 22741
0.01, 22337
0.01, 22302
0.01, 22258
0.01, 21813
0.01, 21672
0.01, 21429
0.01, 21017
0.01, 20900
0.01, 20579
0.01, 19624
0.01, 19605
0.01, 19578
0.01, 19359
0.01, 18798
0.01, 18654
0.01, 18619
0.01, 18581
0.01, 18556
0.01, 18285
0.01, 17302
0.01, 17117
0.01, 17101
0.01, 17030
0.01, 16974
0.01, 16928
0.01, 16866
0.01, 16733
0.01, 16707
0.01, 16557
0.01, 16495
0.01, 16492
0.01, 16437
0.01, 16401
0.01, 16398
0.01, 16070
0.01, 15928
0.01, 15101
0.01, 15077
0.02, 15062
0.02, 14787
0.02, 14785
0.02, 14465
0.02, 14279
0.02, 14124
0.02, 13996
0.02, 13948
0.02, 13880
0.02, 13699
0.02, 13587
0.02, 13546
0.02, 13517
0.02, 13500
0.02, 13434
0.02, 13259
0.02, 12997
0.02, 12970
0.03, 12944
0.03, 12913
0.03, 12910
0.03, 12870
0.03, 12853
0.03, 12805
0.03, 12628
0.03, 12575
0.04, 12200
0.04, 12160
0.04, 12031
0.04, 11934
0.04, 11912
0.04, 11828
0.05, 11807
0.05, 11751
0.05, 11738
0.05, 11708
0.05, 11646
0.06, 11350
0.07, 11329
0.07, 11269
0.07, 10883
0.07, 10864
0.07, 10684
0.07, 10683
0.07, 10618
0.09, 10615
0.10, 10343
0.22, 10116
0.23, 9993
1.60, 9989
2.10, 9909
2.84, 9890
2.84, 9861
2.85, 9785
2.86, 9727
7.21, 9721
7.21, 9685
7.22, 9674
7.23, 9599
7.23, 9545
7.23, 9536
7.23, 9519
8.04, 9470
8.05, 9387
8.05, 9312
20.98, 9275
21.00, 9274
54.27, 9200
54.27, 9148
65.35, 9004
65.35, 8995
65.37, 8988
65.38, 8958
65.38, 8873
65.38, 8821
65.40, 8725
