0.00, 27922
0.00, 27624
0.00, 27113
0.01, 26954
0.01, 26891
0.01, 26678
0.02, 25848
0.02, 25728
0.02, 24933
0.02, 24092
0.02, 23819
0.02, 23625
0.02, 22860
0.02, 22536
0.02, 22370
0.02, 22011
0.02, 21351
0.02, 21131
0.02, 21045
0.02, 21044
0.02, 20705
0.02, 20607
0.02, 20498
0.02, 20414
0.02, 20388
0.02, 20219
0.02, 19908
0.03, 19596
0.03, 19487
0.03, 19048
0.03, 18956
0.03, 18898
0.03, 18821
0.03, 18752
0.04, 18279
0.04, 18042
0.04, 18036
0.04, 17988
0.04, 17690
0.04, 17361
0.04, 17292
0.04, 17289
0.05, 17234
0.05, 17043
0.05, 17015
0.05, 16981
0.05, 16868
0.05, 15920
0.05, 15837
0.05, 15693
0.05, 15614
0.05, 15588
0.05, 15581
0.05, 15118
0.07, 14864
0.07, 14819
0.07, 14762
0.07, 14693
0.07, 14468
0.07, 14405
0.07, 14317
0.07, 14271
0.08, 14235
0.08, 14229
0.08, 14085
0.08, 14082
0.08, 14059
0.10, 14053
0.10, 14049
0.11, 13328
0.11, 13232
0.11, 13057
0.12, 12907
0.12, 12758
0.13, 12447
0.13, 12384
0.13, 12348
0.13, 12276
0.13, 12093
0.16, 12028
0.16, 12013
0.17, 12007
0.17, 11565
0.18, 11555
0.19, 11509
0.19, 11469
0.21, 11441
0.22, 11394
0.22, 11373
0.23, 11351
0.24, 11257
0.30, 11220
0.30, 11213
0.30, 11210
0.32, 11200
0.35, 10958
0.38, 10930
0.38, 10907
0.40, 10906
0.41, 10901
0.41, 10892
2.09, 10887
2.10, 10763
2.14, 10745
2.17, 10724
2.17, 10674
2.24, 10618
2.28, 10617
2.29, 10612
2.29, 10575
2.34, 10503
2.37, 10501
2.41, 10467
2.43, 10405
2.44, 10225
5.38, 10151
5.44, 10123
5.44, 10063
5.50, 10047
5.59, 10031
5.68, 10030
5.71, 10007
7.20, 9967
7.23, 9928
7.23, 9886
7.26, 9877
7.26, 9798
7.29, 9793
7.32, 9785
7.32, 9762
7.34, 9745
7.37, 9730
13.01, 9717
13.01, 9708
13.01, 9641
13.04, 9626
24.47, 9586
24.47, 9457
24.47, 9434
24.48, 9416
24.55, 9390
24.59, 9259
24.64, 9250
24.64, 9240
24.67, 9183
24.67, 9182
24.67, 9158
24.71, 9134
24.80, 9095
24.86, 9091
24.86, 9086
