0.00, 27473
0.00, 26988
0.00, 26867
0.01, 26741
0.01, 26594
0.01, 25725
0.02, 25703
0.02, 25607
0.02, 25441
0.02, 25140
0.02, 24708
0.02, 24262
0.02, 23639
0.02, 23164
0.02, 23113
0.02, 22958
0.02, 22840
0.02, 22674
0.02, 22646
0.02, 22582
0.02, 21680
0.02, 21631
0.02, 21418
0.02, 21339
0.02, 21224
0.02, 21132
0.02, 21021
0.02, 20912
0.02, 20835
0.02, 20604
0.03, 20470
0.03, 20462
0.03, 20203
0.03, 19715
0.05, 19540
0.05, 19434
0.05, 19431
0.05, 18499
0.05, 18172
0.05, 17615
0.05, 17596
0.05, 17420
0.05, 17343
0.05, 16769
0.05, 16745
0.05, 16743
0.05, 16645
0.05, 16578
0.05, 16498
0.05, 16000
0.05, 15428
0.06, 15301
0.07, 15269
0.07, 15172
0.08, 15090
0.08, 15045
0.08, 14512
0.08, 14415
0.10, 14146
0.10, 14106
0.10, 13453
0.10, 13399
0.13, 13380
0.13, 13359
0.13, 13328
0.13, 13172
0.14, 13127
0.14, 12997
0.15, 12704
0.15, 12593
0.15, 12582
0.16, 12381
0.16, 12362
0.16, 12238
0.16, 12087
0.19, 12044
0.21, 12013
0.21, 11886
0.27, 11871
0.27, 11863
0.27, 11842
0.30, 11694
0.30, 11688
0.30, 11584
0.31, 11560
0.33, 11506
0.34, 11460
0.41, 11320
0.42, 11276
1.22, 11238
1.22, 10974
1.67, 10964
1.67, 10854
1.68, 10846
1.68, 10835
1.70, 10792
1.71, 10782
1.73, 10713
1.74, 10701
1.74, 10693
1.74, 10557
1.76, 10287
1.79, 10205
1.88, 10202
1.88, 9971
1.94, 9921
1.99, 9884
2.06, 9863
2.06, 9796
2.09, 9789
2.09, 9779
4.39, 9754
5.27, 9547
5.29, 9540
48.08, 9489
