0.02, 31105
0.02, 30843
0.02, 30668
0.02, 30425
0.02, 29765
0.02, 29663
0.02, 29432
0.02, 28677
0.02, 28209
0.02, 27978
0.02, 27881
0.02, 27449
0.02, 26517
0.02, 26438
0.02, 26285
0.02, 26278
0.02, 26145
0.02, 26103
0.02, 25704
0.02, 25602
0.02, 25521
0.02, 24441
0.02, 24313
0.02, 24158
0.02, 23945
0.02, 23164
0.02, 22695
0.02, 22470
0.02, 22384
0.02, 22338
0.02, 22061
0.03, 21894
0.03, 21565
0.03, 21563
0.03, 21190
0.04, 21066
0.04, 20637
0.04, 20438
0.04, 20398
0.04, 20250
0.04, 20204
0.04, 20115
0.04, 20090
0.04, 19993
0.04, 19928
0.04, 19702
0.05, 19678
0.05, 19666
0.05, 19651
0.05, 19211
0.05, 18696
0.05, 18582
0.05, 18411
0.05, 18262
0.05, 18242
0.05, 18221
0.05, 17631
0.05, 17388
0.07, 17343
0.07, 17273
0.07, 17253
0.07, 17205
0.07, 17114
0.08, 17018
0.08, 16937
0.08, 16897
0.10, 16896
0.10, 16659
0.10, 16424
0.10, 16385
0.10, 15965
0.10, 15799
0.10, 15549
0.10, 15262
0.11, 15200
0.13, 15199
0.13, 15093
0.13, 15056
0.14, 14958
0.14, 14823
0.14, 14811
0.14, 14787
0.14, 14743
0.14, 14720
0.14, 14701
0.16, 14669
0.16, 14612
0.16, 14296
0.16, 14219
0.16, 14051
0.16, 14012
0.19, 13993
0.19, 13970
0.19, 13939
0.19, 13925
0.19, 13822
0.19, 13813
0.21, 13680
0.22, 13678
0.22, 13676
0.24, 13626
0.24, 13576
0.24, 13409
0.24, 13397
0.24, 13349
0.25, 13344
0.25, 13336
0.27, 13318
0.27, 13308
0.27, 13210
0.28, 13029
0.28, 12990
0.30, 12836
0.30, 12807
0.32, 12647
0.32, 12596
0.33, 12528
0.34, 12517
0.38, 12459
0.38, 12428
0.38, 12411
0.40, 12374
0.40, 12251
0.40, 12239
0.40, 12211
0.43, 12208
0.45, 12168
0.46, 12062
0.48, 12046
0.49, 11998
0.49, 11997
0.50, 11957
0.51, 11948
0.56, 11881
0.57, 11832
0.57, 11781
0.59, 11692
0.65, 11664
0.71, 11653
0.71, 11646
0.71, 11621
0.76, 11602
0.82, 11599
0.86, 11575
2.00, 11511
2.05, 11487
2.06, 11435
2.10, 11426
2.10, 11377
2.12, 11298
2.12, 11293
2.12, 11277
2.18, 11268
2.18, 11259
2.19, 11253
2.24, 11173
2.25, 11155
2.25, 11126
2.27, 11097
2.31, 11064
2.33, 11060
3.48, 10969
3.48, 10935
3.49, 10879
3.54, 10875
3.54, 10793
3.59, 10632
4.20, 10593
4.25, 10496
4.31, 10426
4.32, 10377
4.39, 10248
4.49, 10225
4.50, 10164
4.50, 10157
4.55, 10096
4.61, 10089
4.64, 10069
4.74, 10067
7.47, 10027
7.47, 9862
7.51, 9852
7.55, 9850
7.55, 9844
7.55, 9831
7.59, 9810
7.60, 9809
7.62, 9786
7.69, 9708
