0.01, 27563
0.01, 27320
0.01, 26832
0.01, 25203
0.01, 25170
0.01, 25098
0.01, 24948
0.02, 24764
0.02, 24576
0.02, 24497
0.02, 24248
0.03, 23892
0.03, 23877
0.03, 23688
0.03, 23095
0.03, 22698
0.03, 22553
0.03, 22440
0.03, 22093
0.03, 21650
0.03, 21297
0.03, 21183
0.03, 20142
0.03, 19859
0.03, 19612
0.03, 19582
0.03, 19314
0.03, 19035
0.05, 17547
0.05, 17500
0.05, 17347
0.05, 17334
0.05, 17264
0.05, 16444
0.05, 16054
0.05, 16042
0.05, 15982
0.05, 15908
0.05, 15823
0.05, 15637
0.05, 15425
0.05, 15072
0.06, 15032
0.06, 15005
0.07, 15001
0.08, 14839
0.08, 14820
0.08, 14541
0.10, 14491
0.10, 14460
0.10, 14397
0.11, 14094
0.11, 13971
0.11, 13958
0.11, 13957
0.11, 13903
0.11, 13565
0.11, 13555
0.11, 13427
0.12, 13370
0.12, 13308
0.13, 13054
0.13, 12963
0.13, 12884
0.16, 12735
0.16, 12693
0.16, 12540
0.16, 12459
0.16, 12423
0.16, 12357
0.18, 12326
0.19, 11995
0.19, 11939
0.22, 11907
0.24, 11836
0.24, 11796
0.28, 11794
0.33, 11641
0.35, 11626
0.41, 11612
0.41, 11562
0.42, 11402
0.48, 11315
0.49, 11045
1.13, 11000
1.13, 10966
1.18, 10918
1.21, 10789
1.21, 10783
1.23, 10765
1.23, 10735
1.26, 10566
1.30, 10526
1.33, 10442
1.36, 10430
1.40, 10429
2.02, 10424
2.02, 10413
2.04, 10377
2.09, 10305
9.60, 10293
9.65, 10093
9.69, 9929
9.70, 9894
9.70, 9851
9.80, 9818
9.80, 9801
9.81, 9744
9.86, 9715
9.87, 9266
9.88, 9214
9.92, 9193
9.94, 9150
