0.00, 27563
0.03, 27320
0.03, 26832
0.03, 25203
0.03, 25170
0.03, 25098
0.03, 24948
0.03, 24764
0.03, 24576
0.03, 24497
0.04, 24248
0.04, 23892
0.04, 23877
0.04, 23688
0.04, 23095
0.04, 22698
0.04, 22553
0.04, 22440
0.04, 22093
0.04, 21650
0.04, 21297
0.04, 21183
0.04, 20142
0.04, 19859
0.04, 19612
0.04, 19582
0.04, 19314
0.04, 19035
0.06, 17547
0.06, 17500
0.06, 17347
0.06, 17334
0.06, 17264
0.06, 16444
0.06, 16054
0.06, 16042
0.06, 15982
0.06, 15908
0.06, 15823
0.07, 15637
0.07, 15425
0.07, 15072
0.07, 15032
0.07, 15005
0.09, 15001
0.09, 14839
0.09, 14820
0.11, 14541
0.11, 14491
0.11, 14460
0.11, 14397
0.11, 14094
0.11, 13971
0.11, 13958
0.12, 13957
0.12, 13903
0.12, 13565
0.12, 13555
0.15, 13427
0.15, 13370
0.15, 13308
0.15, 13054
0.15, 12963
0.17, 12884
0.18, 12735
0.18, 12693
0.18, 12540
0.18, 12459
0.18, 12423
0.21, 12357
0.21, 12326
0.23, 11995
0.23, 11939
0.24, 11907
0.27, 11836
0.27, 11796
0.30, 11794
0.33, 11641
0.34, 11626
0.39, 11612
0.40, 11562
0.42, 11402
0.48, 11315
0.48, 11045
1.12, 11000
1.13, 10966
1.18, 10918
1.18, 10789
1.20, 10783
1.21, 10765
1.21, 10735
1.24, 10566
1.29, 10526
1.31, 10442
1.33, 10430
1.37, 10429
2.06, 10424
2.06, 10413
2.07, 10377
2.12, 10305
10.02, 10293
10.08, 10093
10.13, 9929
10.13, 9894
10.13, 9851
10.20, 9818
10.20, 9801
10.21, 9744
10.24, 9715
10.26, 9266
10.29, 9214
10.32, 9193
10.35, 9150
