0.00, 29818
0.00, 29657
0.00, 29619
0.00, 29352
0.00, 29274
0.00, 29001
0.00, 29000
0.00, 28813
0.00, 28630
0.00, 28209
0.00, 27976
0.00, 27721
0.00, 27549
0.00, 27400
0.00, 26614
0.00, 26574
0.00, 26180
0.00, 26138
0.00, 25888
0.01, 25769
0.01, 25690
0.01, 25427
0.01, 25358
0.01, 25115
0.01, 25084
0.01, 24779
0.01, 24311
0.01, 24212
0.01, 24160
0.01, 24109
0.01, 23642
0.01, 23539
0.01, 23524
0.01, 23363
0.01, 23196
0.01, 23015
0.01, 22962
0.01, 22955
0.01, 22840
0.01, 22458
0.01, 22454
0.01, 22383
0.01, 22139
0.01, 22113
0.01, 22104
0.01, 21644
0.01, 21309
0.01, 21167
0.01, 21153
0.01, 20860
0.01, 19959
0.01, 19894
0.01, 19887
0.01, 19670
0.01, 19662
0.01, 19556
0.01, 19540
0.01, 19405
0.01, 19228
0.01, 18980
0.01, 18801
0.01, 18054
0.01, 18041
0.01, 17837
0.01, 17718
0.01, 16884
0.01, 16759
0.01, 16740
0.01, 16592
0.01, 16062
0.02, 16006
0.02, 15889
0.02, 15846
0.02, 15813
0.02, 15756
0.02, 15623
0.02, 15582
0.02, 15251
0.02, 15184
0.02, 15139
0.02, 14892
0.02, 14883
0.02, 14799
0.02, 14701
0.02, 14649
0.03, 14370
0.03, 14315
0.03, 14281
0.04, 14089
0.04, 13754
0.04, 13672
0.05, 13671
0.05, 13648
0.05, 13634
0.06, 13630
0.07, 13548
0.07, 13357
0.08, 12740
0.09, 12693
0.10, 12435
0.10, 12046
0.11, 11773
0.12, 11600
0.13, 11475
0.13, 11301
0.14, 11267
0.15, 11202
0.16, 11191
0.17, 10983
0.18, 10916
0.19, 10773
0.20, 10711
0.21, 10709
0.22, 10624
0.23, 10559
0.24, 10558
0.25, 10440
0.26, 10438
0.28, 10285
0.29, 10222
0.30, 9990
0.31, 9986
0.32, 9950
0.33, 9601
0.34, 9066
0.36, 9058
0.37, 8969
0.38, 8609
0.40, 8272
0.41, 8263
0.43, 8231
0.44, 7974
0.45, 7817
0.47, 7816
0.49, 7776
0.50, 7766
0.52, 7704
0.54, 7699
0.56, 7680
0.58, 7623
99.08, 7593
99.10, 7582
99.12, 7542
