0.03, 29644
0.03, 29561
0.03, 29292
0.03, 28966
0.03, 28748
0.03, 28566
0.03, 28507
0.03, 28378
0.03, 28268
0.03, 27489
0.03, 27405
0.03, 27201
0.03, 27043
0.03, 26999
0.03, 26711
0.03, 24950
0.03, 24693
0.03, 24275
0.03, 23992
0.03, 23945
0.03, 22675
0.03, 22647
0.03, 21892
0.03, 21584
0.03, 21019
0.03, 20747
0.03, 20296
0.03, 20212
0.03, 20033
0.05, 19070
0.05, 18780
0.05, 18644
0.06, 18549
0.06, 18297
0.06, 18104
0.06, 17987
0.06, 17972
0.06, 17846
0.06, 17677
0.08, 17675
0.08, 17647
0.08, 17625
0.08, 17560
0.09, 17455
0.09, 17452
0.09, 17104
0.09, 17037
0.09, 16989
0.09, 16849
0.09, 16824
0.09, 16576
0.09, 16539
0.09, 16490
0.09, 16466
0.09, 16431
0.09, 16376
0.11, 16334
0.11, 16293
0.11, 16291
0.11, 16257
0.11, 16164
0.11, 15989
0.11, 15838
0.11, 15776
0.11, 15762
0.11, 15643
0.11, 15549
0.11, 15503
0.13, 15471
0.13, 15400
0.13, 15339
0.13, 15163
0.14, 15149
0.14, 14799
0.14, 14222
0.14, 14181
0.14, 14170
0.16, 14098
0.16, 14084
0.16, 14032
0.16, 13987
0.17, 13972
0.17, 13954
0.18, 13893
0.19, 13821
0.19, 13813
0.19, 13780
0.19, 13649
0.19, 13641
0.19, 13574
0.21, 13506
0.21, 13493
0.21, 13474
0.22, 13471
0.22, 13400
0.22, 13398
0.24, 13249
0.24, 13042
0.24, 13041
0.24, 13040
0.24, 12920
0.24, 12854
0.24, 12830
0.24, 12810
0.24, 12779
0.27, 12772
0.27, 12645
0.27, 12389
0.27, 12358
0.27, 12045
0.27, 12014
0.30, 11965
0.30, 11959
0.30, 11955
0.32, 11864
0.32, 11702
0.35, 11648
0.37, 11605
0.37, 11572
0.40, 11536
0.41, 11507
0.42, 11501
0.43, 11491
0.43, 11448
0.43, 11446
0.48, 11441
0.48, 11408
0.49, 11340
0.50, 11150
0.51, 11121
0.53, 11083
0.53, 10891
0.60, 10860
1.47, 10826
1.47, 10825
1.53, 10763
1.53, 10671
1.57, 10642
1.61, 10492
1.61, 10349
1.62, 10348
1.62, 10319
1.68, 10312
1.73, 10308
1.73, 10177
1.74, 10176
1.74, 10116
1.79, 10032
1.85, 9982
1.88, 9946
1.96, 9893
35.18, 9837
35.21, 9745
35.25, 9724
64.82, 9715
64.85, 9672
64.86, 9642
64.88, 9557
64.94, 9461
92.81, 9445
92.83, 9440
92.85, 9420
158.71, 9302
158.71, 9274
158.71, 9257
158.73, 9252
158.76, 9216
158.81, 9211
158.81, 9210
