0.00, 29476
0.00, 29382
0.00, 28826
0.00, 28809
0.00, 27547
0.00, 27502
0.01, 27428
0.01, 27347
0.01, 27160
0.01, 26890
0.01, 26839
0.01, 26692
0.01, 26193
0.01, 25738
0.01, 25261
0.03, 24999
0.03, 24666
0.03, 24631
0.03, 24623
0.03, 24585
0.03, 24422
0.03, 23987
0.03, 23918
0.04, 23624
0.04, 23228
0.04, 23168
0.04, 22920
0.04, 22911
0.04, 22903
0.04, 22782
0.04, 22600
0.04, 22549
0.04, 22544
0.04, 22402
0.04, 21646
0.04, 21180
0.04, 21013
0.04, 20919
0.04, 20581
0.04, 20179
0.06, 19906
0.06, 19694
0.06, 19202
0.06, 18996
0.06, 18375
0.06, 18118
0.06, 17630
0.06, 17384
0.06, 17342
0.06, 17083
0.06, 16838
0.06, 16694
0.06, 16501
0.06, 16345
0.06, 16320
0.06, 16289
0.06, 15477
0.09, 15411
0.09, 15333
0.09, 15332
0.09, 15320
0.09, 14966
0.09, 14736
0.09, 14710
0.09, 14662
0.09, 14506
0.09, 14483
0.09, 14340
0.11, 14181
0.12, 14118
0.12, 14053
0.12, 14003
0.12, 13854
0.14, 13774
0.14, 13678
0.15, 13661
0.15, 13378
0.15, 13324
0.15, 13246
0.18, 13169
0.18, 13164
0.18, 13147
0.18, 13136
0.18, 13119
0.20, 13067
0.21, 12897
0.23, 12870
0.24, 12812
0.24, 12669
0.24, 12659
0.24, 12561
0.24, 12414
0.26, 12132
0.26, 12109
0.27, 12003
0.29, 11954
0.29, 11878
0.29, 11730
0.30, 11405
0.30, 11380
0.30, 11370
0.34, 11357
0.35, 11207
0.37, 11081
0.38, 11058
0.38, 11022
0.38, 11020
0.39, 10819
0.39, 10810
0.44, 10588
0.49, 10567
0.49, 10542
0.53, 10523
0.55, 10386
0.60, 10355
0.62, 10326
0.62, 10235
0.63, 10083
4.88, 10076
4.90, 10046
4.90, 9958
4.90, 9930
7.13, 9917
7.16, 9897
7.16, 9862
11.06, 9851
11.09, 9849
11.09, 9725
11.13, 9642
