0.00, 29644
0.00, 29561
0.00, 29292
0.00, 28966
0.00, 28748
0.00, 28566
0.00, 28507
0.00, 28378
0.00, 28268
0.00, 27489
0.00, 27405
0.00, 27201
0.00, 27043
0.00, 26999
0.00, 26711
0.00, 24950
0.01, 24693
0.01, 24275
0.01, 23992
0.01, 23945
0.01, 22675
0.01, 22647
0.01, 21892
0.01, 21584
0.01, 21019
0.01, 20747
0.01, 20296
0.01, 20212
0.01, 20033
0.02, 19070
0.03, 18780
0.03, 18644
0.03, 18549
0.03, 18297
0.03, 18104
0.03, 17987
0.03, 17972
0.03, 17846
0.04, 17677
0.04, 17675
0.04, 17647
0.04, 17625
0.04, 17560
0.04, 17455
0.04, 17452
0.08, 17104
0.08, 17037
0.08, 16989
0.08, 16849
0.08, 16824
0.08, 16576
0.08, 16539
0.08, 16490
0.08, 16466
0.08, 16431
0.08, 16376
0.09, 16334
0.09, 16293
0.09, 16291
0.09, 16257
0.11, 16164
0.11, 15989
0.11, 15838
0.11, 15776
0.11, 15762
0.11, 15643
0.12, 15549
0.12, 15503
0.12, 15471
0.13, 15400
0.13, 15339
0.13, 15163
0.14, 15149
0.14, 14799
0.14, 14222
0.16, 14181
0.16, 14170
0.16, 14098
0.16, 14084
0.16, 14032
0.17, 13987
0.19, 13972
0.19, 13954
0.19, 13893
0.19, 13821
0.19, 13813
0.19, 13780
0.22, 13649
0.22, 13641
0.22, 13574
0.22, 13506
0.23, 13493
0.23, 13474
0.25, 13471
0.25, 13400
0.25, 13398
0.25, 13249
0.25, 13042
0.27, 13041
0.27, 13040
0.28, 12920
0.28, 12854
0.28, 12830
0.28, 12810
0.28, 12779
0.29, 12772
0.29, 12645
0.29, 12389
0.29, 12358
0.32, 12045
0.32, 12014
0.35, 11965
0.36, 11959
0.36, 11955
0.38, 11864
0.39, 11702
0.39, 11648
0.43, 11605
0.44, 11572
0.47, 11536
0.47, 11507
0.49, 11501
0.50, 11491
0.50, 11448
0.50, 11446
0.56, 11441
0.57, 11408
0.59, 11340
0.60, 11150
0.62, 11121
0.63, 11083
0.63, 10891
0.71, 10860
1.80, 10826
1.81, 10825
1.85, 10763
1.86, 10671
1.86, 10642
1.91, 10492
1.95, 10349
1.96, 10348
1.96, 10319
2.01, 10312
2.05, 10308
2.05, 10177
2.05, 10176
2.07, 10116
2.14, 10032
2.20, 9982
2.22, 9946
2.28, 9893
35.16, 9837
35.17, 9745
35.25, 9724
58.88, 9715
58.88, 9672
58.90, 9642
58.94, 9557
58.97, 9461
