0.00, 27563
0.01, 27320
0.01, 26832
0.01, 25203
0.01, 25170
0.01, 25098
0.01, 24948
0.01, 24764
0.01, 24576
0.01, 24497
0.04, 24248
0.05, 23892
0.05, 23877
0.05, 23688
0.05, 23095
0.05, 22698
0.05, 22553
0.05, 22440
0.05, 22093
0.05, 21650
0.05, 21297
0.05, 21183
0.05, 20142
0.05, 19859
0.05, 19612
0.05, 19582
0.05, 19314
0.05, 19035
0.05, 17547
0.05, 17500
0.08, 17347
0.08, 17334
0.08, 17264
0.08, 16444
0.08, 16054
0.08, 16042
0.08, 15982
0.08, 15908
0.08, 15823
0.09, 15637
0.09, 15425
0.09, 15072
0.09, 15032
0.09, 15005
0.09, 15001
0.11, 14839
0.11, 14820
0.11, 14541
0.11, 14491
0.12, 14460
0.12, 14397
0.12, 14094
0.15, 13971
0.15, 13958
0.15, 13957
0.15, 13903
0.15, 13565
0.15, 13555
0.16, 13427
0.16, 13370
0.16, 13308
0.19, 13054
0.19, 12963
0.19, 12884
0.19, 12735
0.19, 12693
0.22, 12540
0.22, 12459
0.22, 12423
0.22, 12357
0.23, 12326
0.25, 11995
0.25, 11939
0.28, 11907
0.28, 11836
0.28, 11796
0.31, 11794
0.36, 11641
0.36, 11626
0.42, 11612
0.42, 11562
0.42, 11402
0.49, 11315
0.49, 11045
1.18, 11000
1.18, 10966
1.21, 10918
1.24, 10789
1.24, 10783
1.25, 10765
1.27, 10735
1.28, 10566
1.33, 10526
1.36, 10442
1.38, 10430
1.42, 10429
2.07, 10424
2.07, 10413
2.07, 10377
2.12, 10305
9.78, 10293
9.81, 10093
9.87, 9929
9.87, 9894
9.87, 9851
9.96, 9818
9.96, 9801
9.98, 9744
9.98, 9715
10.02, 9266
10.04, 9214
10.07, 9193
10.10, 9150
