0.00, 29470
0.00, 29340
0.00, 29182
0.00, 29151
0.00, 28932
0.00, 28523
0.00, 28362
0.00, 27947
0.00, 27883
0.00, 27791
0.00, 27638
0.00, 27628
0.00, 27565
0.00, 27320
0.00, 27216
0.00, 26989
0.00, 26900
0.00, 26741
0.00, 26681
0.01, 26669
0.01, 26655
0.01, 26603
0.01, 26468
0.01, 26414
0.01, 26383
0.01, 26273
0.01, 26253
0.01, 26242
0.01, 26209
0.01, 26038
0.01, 26032
0.01, 26030
0.01, 26010
0.01, 26003
0.01, 25937
0.01, 25886
0.01, 25883
0.01, 25114
0.01, 24870
0.01, 24735
0.01, 24724
0.01, 24705
0.01, 24646
0.01, 24253
0.01, 24251
0.01, 24119
0.01, 24067
0.01, 24003
0.01, 23991
0.01, 23975
0.01, 23808
0.01, 23727
0.01, 23702
0.01, 23354
0.01, 23305
0.01, 22647
0.01, 22596
0.01, 22593
0.01, 22482
0.01, 22468
0.01, 22354
0.01, 22262
0.01, 22213
0.01, 22068
0.01, 21985
0.01, 21975
0.01, 21937
0.01, 21912
0.01, 21626
0.01, 21624
0.01, 21609
0.01, 21548
0.02, 21532
0.02, 21439
0.02, 21228
0.02, 21216
0.02, 20974
0.02, 20970
0.02, 20967
0.02, 20966
0.02, 20946
0.02, 20741
0.03, 20638
0.03, 20609
0.03, 20241
0.03, 20222
0.04, 19808
0.04, 19613
0.04, 19611
0.04, 19460
0.04, 19400
0.04, 19393
0.04, 19335
0.04, 19322
0.05, 19217
0.05, 19157
0.05, 19114
0.05, 18949
0.06, 18737
0.06, 18712
0.07, 18515
0.07, 18471
0.08, 18384
0.08, 18233
0.09, 17432
0.09, 17412
0.10, 17224
0.10, 16467
0.11, 16453
0.11, 16349
0.12, 16311
0.13, 16200
0.13, 15303
0.14, 15285
0.14, 15243
0.15, 15227
0.15, 14722
0.16, 14374
0.17, 14174
0.17, 14124
0.17, 14053
0.17, 14017
0.17, 13961
0.17, 13939
0.17, 13920
0.17, 13714
0.18, 13175
0.18, 13103
0.18, 12915
0.18, 12894
0.18, 12873
0.18, 12860
0.18, 12826
0.19, 12804
0.20, 12787
0.21, 12718
0.21, 12306
0.22, 12251
0.23, 12242
0.24, 12113
0.24, 11909
0.24, 11887
0.24, 11850
0.24, 11841
0.25, 11801
0.25, 11779
0.26, 11755
0.27, 11745
0.28, 11741
0.29, 11666
0.30, 11630
0.31, 11388
0.32, 11387
0.33, 11358
0.34, 11278
0.35, 10689
0.37, 10401
0.38, 10368
0.39, 9823
0.41, 9801
0.42, 9788
0.43, 9745
0.45, 9712
0.47, 9658
0.49, 9442
0.50, 9057
0.52, 8952
0.54, 8920
0.56, 8915
0.57, 8859
0.59, 8824
0.61, 8530
1.04, 8435
1.06, 8419
1.08, 8408
1.09, 8318
4.83, 8296
4.84, 8291
4.85, 8182
4.86, 8124
4.88, 8066
4.89, 8018
8.77, 8003
9.65, 7981
9.67, 7920
9.68, 7850
9.70, 7845
12.22, 7778
12.23, 7758
12.25, 7735
24.31, 7681
