0.05, 31105
0.05, 30843
0.05, 30668
0.05, 30425
0.05, 29765
0.05, 29663
0.05, 29432
0.05, 28677
0.05, 28209
0.05, 27978
0.05, 27881
0.05, 27449
0.05, 26517
0.05, 26438
0.05, 26285
0.05, 26278
0.05, 26145
0.05, 26103
0.05, 25704
0.05, 25602
0.05, 25521
0.05, 24441
0.05, 24313
0.05, 24158
0.05, 23945
0.05, 23164
0.05, 22695
0.05, 22470
0.05, 22384
0.05, 22338
0.05, 22061
0.05, 21894
0.05, 21565
0.05, 21563
0.05, 21190
0.05, 21066
0.05, 20637
0.05, 20438
0.05, 20398
0.05, 20250
0.05, 20204
0.05, 20115
0.05, 20090
0.05, 19993
0.06, 19928
0.06, 19702
0.07, 19678
0.08, 19666
0.08, 19651
0.08, 19211
0.08, 18696
0.08, 18582
0.08, 18411
0.08, 18262
0.08, 18242
0.08, 18221
0.08, 17631
0.08, 17388
0.10, 17343
0.10, 17273
0.11, 17253
0.11, 17205
0.11, 17114
0.11, 17018
0.11, 16937
0.11, 16897
0.11, 16896
0.11, 16659
0.11, 16424
0.11, 16385
0.11, 15965
0.13, 15799
0.13, 15549
0.13, 15262
0.14, 15200
0.14, 15199
0.14, 15093
0.14, 15056
0.16, 14958
0.16, 14823
0.17, 14811
0.17, 14787
0.17, 14743
0.17, 14720
0.17, 14701
0.18, 14669
0.19, 14612
0.19, 14296
0.19, 14219
0.19, 14051
0.19, 14012
0.20, 13993
0.22, 13970
0.22, 13939
0.22, 13925
0.23, 13822
0.23, 13813
0.25, 13680
0.26, 13678
0.26, 13676
0.28, 13626
0.28, 13576
0.28, 13409
0.28, 13397
0.28, 13349
0.28, 13344
0.29, 13336
0.30, 13318
0.30, 13308
0.30, 13210
0.32, 13029
0.32, 12990
0.33, 12836
0.33, 12807
0.35, 12647
0.36, 12596
0.38, 12528
0.38, 12517
0.41, 12459
0.43, 12428
0.44, 12411
0.44, 12374
0.44, 12251
0.44, 12239
0.44, 12211
0.50, 12208
0.50, 12168
0.53, 12062
0.55, 12046
0.55, 11998
0.56, 11997
0.56, 11957
0.59, 11948
0.63, 11881
0.66, 11832
0.66, 11781
0.67, 11692
0.74, 11664
0.84, 11653
0.84, 11646
0.84, 11621
0.89, 11602
0.95, 11599
1.00, 11575
2.30, 11511
2.32, 11487
2.32, 11435
2.49, 11426
2.49, 11377
2.51, 11298
2.51, 11293
2.51, 11277
2.59, 11268
2.59, 11259
2.61, 11253
2.64, 11173
2.67, 11155
2.67, 11126
2.68, 11097
2.77, 11064
2.79, 11060
4.12, 10969
4.14, 10935
4.15, 10879
4.18, 10875
4.19, 10793
4.26, 10632
4.83, 10593
4.90, 10496
4.95, 10426
4.96, 10377
4.98, 10248
5.03, 10225
5.03, 10164
5.04, 10157
5.08, 10096
5.14, 10089
5.15, 10069
5.28, 10067
7.51, 10027
7.53, 9862
7.56, 9852
7.60, 9850
7.60, 9844
7.60, 9831
7.63, 9810
7.63, 9809
7.65, 9786
7.69, 9708
