0.00, 25176
0.00, 25046
0.04, 24741
0.04, 24705
0.04, 24690
0.04, 24409
0.04, 24294
0.04, 23341
0.05, 22454
0.05, 22408
0.05, 22284
0.05, 22251
0.05, 22224
0.05, 22124
0.05, 21841
0.05, 21815
0.05, 21810
0.05, 21771
0.05, 21723
0.05, 21642
0.05, 21354
0.05, 20772
0.07, 20760
0.07, 20290
0.07, 20181
0.07, 20147
0.07, 19702
0.07, 19579
0.07, 19392
0.07, 19281
0.07, 19276
0.07, 18995
0.07, 18983
0.07, 18981
0.07, 18341
0.07, 18207
0.07, 18155
0.07, 17318
0.07, 17013
0.08, 16160
0.08, 16131
0.08, 16059
0.08, 15535
0.09, 15336
0.09, 15313
0.09, 15250
0.10, 15188
0.10, 15160
0.10, 15146
0.10, 15061
0.12, 15013
0.12, 14938
0.13, 14854
0.13, 14832
0.13, 14822
0.13, 14743
0.13, 14511
0.13, 14235
0.13, 14223
0.15, 13940
0.15, 13894
0.15, 13454
0.16, 13447
0.16, 13350
0.18, 13220
0.18, 13189
0.18, 13118
0.18, 13071
0.19, 13046
0.19, 13031
0.19, 12615
0.21, 12254
0.23, 12233
0.23, 12101
0.24, 12081
0.24, 12052
0.24, 12044
0.26, 11990
0.26, 11989
0.26, 11944
0.26, 11760
0.27, 11757
0.29, 11752
0.29, 11714
0.29, 11699
0.29, 11654
0.30, 11571
0.30, 11562
0.30, 11504
0.30, 11496
0.34, 11475
0.34, 11440
0.37, 11374
0.37, 11177
0.40, 11176
0.40, 11133
0.41, 11094
0.43, 10862
0.49, 10861
0.50, 10852
0.51, 10777
0.51, 10727
0.52, 10695
0.53, 10678
0.57, 10547
0.59, 10527
0.59, 10520
0.62, 10515
1.75, 10511
1.75, 10492
1.76, 10215
1.76, 10060
1.78, 10036
1.78, 10030
1.78, 9777
1.81, 9695
1.89, 9665
1.90, 9608
1.90, 9585
8.08, 9554
