0.00, 27473
0.00, 26988
0.00, 26867
0.01, 26741
0.01, 26594
0.01, 25725
0.01, 25703
0.01, 25607
0.01, 25441
0.01, 25140
0.04, 24708
0.04, 24262
0.04, 23639
0.04, 23164
0.04, 23113
0.04, 22958
0.04, 22840
0.04, 22674
0.04, 22646
0.04, 22582
0.04, 21680
0.04, 21631
0.04, 21418
0.04, 21339
0.04, 21224
0.04, 21132
0.04, 21021
0.04, 20912
0.04, 20835
0.04, 20604
0.04, 20470
0.04, 20462
0.04, 20203
0.04, 19715
0.04, 19540
0.04, 19434
0.04, 19431
0.04, 18499
0.04, 18172
0.04, 17615
0.04, 17596
0.05, 17420
0.05, 17343
0.06, 16769
0.06, 16745
0.06, 16743
0.06, 16645
0.06, 16578
0.06, 16498
0.06, 16000
0.06, 15428
0.06, 15301
0.06, 15269
0.07, 15172
0.07, 15090
0.07, 15045
0.08, 14512
0.08, 14415
0.09, 14146
0.09, 14106
0.09, 13453
0.09, 13399
0.11, 13380
0.11, 13359
0.12, 13328
0.12, 13172
0.12, 13127
0.14, 12997
0.14, 12704
0.14, 12593
0.14, 12582
0.14, 12381
0.14, 12362
0.14, 12238
0.16, 12087
0.17, 12044
0.20, 12013
0.20, 11886
0.24, 11871
0.24, 11863
0.24, 11842
0.25, 11694
0.27, 11688
0.27, 11584
0.27, 11560
0.28, 11506
0.30, 11460
0.35, 11320
0.35, 11276
1.01, 11238
1.01, 10974
1.39, 10964
1.39, 10854
1.40, 10846
1.40, 10835
1.40, 10792
1.42, 10782
1.43, 10713
1.43, 10701
1.43, 10693
1.44, 10557
1.45, 10287
1.50, 10205
1.58, 10202
1.61, 9971
1.64, 9921
1.64, 9884
1.70, 9863
1.70, 9796
1.73, 9789
1.73, 9779
3.93, 9754
4.67, 9547
4.69, 9540
48.95, 9489
165.44, 9483
165.47, 9453
165.48, 9370
165.59, 9233
165.63, 9222
165.64, 9191
165.72, 9168
165.81, 9074
