0.03, 27366
0.03, 27352
0.03, 27286
0.03, 26892
0.03, 26745
0.03, 26071
0.03, 26069
0.03, 25441
0.03, 24714
0.03, 24679
0.03, 24091
0.03, 24086
0.03, 23918
0.03, 23809
0.03, 23537
0.03, 23387
0.03, 23372
0.03, 23257
0.03, 23066
0.03, 23033
0.03, 22939
0.03, 22442
0.03, 22417
0.03, 22403
0.03, 22247
0.03, 21732
0.03, 21439
0.03, 21324
0.05, 21093
0.05, 20945
0.05, 20309
0.05, 20173
0.05, 19255
0.05, 19214
0.05, 18987
0.05, 18875
0.05, 18806
0.05, 18652
0.05, 18581
0.05, 18522
0.05, 18212
0.05, 18209
0.05, 18130
0.05, 18118
0.05, 18014
0.05, 17987
0.05, 17952
0.05, 17861
0.05, 17787
0.06, 17770
0.07, 17604
0.08, 17595
0.08, 17559
0.08, 17552
0.08, 17114
0.08, 17020
0.08, 16939
0.08, 16838
0.08, 16700
0.08, 16607
0.08, 16570
0.08, 16418
0.08, 16374
0.08, 15938
0.08, 15869
0.09, 15769
0.11, 15758
0.11, 15696
0.11, 15561
0.11, 15426
0.11, 15374
0.11, 15069
0.11, 14985
0.11, 14691
0.11, 14638
0.11, 14585
0.12, 14584
0.12, 14456
0.12, 14384
0.13, 14282
0.13, 14226
0.13, 14175
0.13, 14159
0.13, 14093
0.13, 14081
0.13, 14070
0.13, 13985
0.13, 13975
0.14, 13854
0.14, 13853
0.14, 13790
0.16, 13786
0.16, 13761
0.16, 13754
0.16, 13601
0.16, 13569
0.16, 13410
0.17, 13369
0.17, 13307
0.19, 13301
0.19, 13226
0.19, 13225
0.22, 13201
0.23, 13161
0.25, 13016
0.25, 12830
0.25, 12817
0.28, 12795
0.28, 12782
0.31, 12770
0.33, 12710
0.36, 12654
0.37, 12541
0.44, 12316
0.44, 12312
0.49, 12184
0.51, 12120
0.55, 12101
0.58, 12092
0.58, 11927
0.60, 11871
0.61, 11848
0.65, 11823
0.66, 11810
0.74, 11807
0.74, 11703
0.75, 11662
0.76, 11640
0.79, 11575
0.82, 11562
1.21, 11553
1.24, 11521
1.24, 11306
1.24, 11302
1.75, 11301
1.78, 11235
1.78, 11119
1.82, 10966
1.89, 10942
1.93, 10932
1.95, 10894
1.95, 10885
1.97, 10871
1.97, 10815
2.05, 10530
2.06, 10235
2.17, 10193
2.21, 10164
2.83, 10162
14.73, 10110
14.75, 10097
14.75, 10058
19.77, 10054
19.77, 10032
19.79, 10003
19.79, 9992
19.86, 9894
19.88, 9888
19.96, 9818
20.00, 9789
20.07, 9761
20.07, 9759
30.74, 9660
30.74, 9577
30.77, 9526
30.77, 9521
30.81, 9490
30.82, 9476
30.85, 9428
30.85, 9415
30.88, 9401
