0.00, 28929
0.00, 27917
0.00, 27884
0.00, 27534
0.00, 25904
0.00, 25881
0.00, 25829
0.00, 24931
0.00, 24242
0.00, 24211
0.00, 24063
0.00, 23897
0.00, 23871
0.00, 23836
0.00, 23749
0.00, 23660
0.00, 23511
0.00, 23497
0.01, 23417
0.01, 23330
0.01, 22741
0.01, 22281
0.01, 22180
0.01, 21740
0.01, 21692
0.01, 21679
0.01, 21667
0.01, 21664
0.01, 21658
0.01, 21653
0.01, 21559
0.01, 21502
0.01, 21455
0.01, 21429
0.01, 21338
0.01, 21251
0.01, 21203
0.01, 21157
0.01, 20626
0.01, 20567
0.01, 20512
0.01, 19927
0.01, 19682
0.01, 19517
0.01, 19499
0.01, 19370
0.01, 19365
0.01, 19016
0.01, 19013
0.01, 18991
0.01, 18989
0.01, 18328
0.01, 18306
0.01, 18292
0.01, 18255
0.02, 18206
0.02, 18195
0.02, 18174
0.02, 18167
0.02, 17603
0.03, 17585
0.03, 17575
0.03, 17560
0.03, 17517
0.03, 17324
0.03, 17318
0.03, 17076
0.03, 16702
0.03, 16651
0.03, 16379
0.03, 16324
0.03, 16319
0.04, 16147
0.04, 16118
0.04, 16065
0.04, 16036
0.05, 15904
0.05, 15857
0.06, 15655
0.06, 15637
0.07, 15623
0.07, 15621
0.08, 15523
0.08, 14840
0.09, 14837
0.09, 14727
0.10, 14663
0.10, 14612
0.11, 14577
0.12, 14433
0.12, 14411
0.13, 14407
0.13, 14288
0.14, 14267
0.15, 14264
0.15, 13969
0.15, 13938
0.15, 13923
0.15, 13917
0.16, 13898
0.16, 13893
0.16, 13885
0.17, 13695
0.17, 13661
0.17, 13647
0.17, 13616
0.18, 13569
0.18, 13554
0.18, 13527
0.18, 13463
0.18, 13404
0.19, 13279
0.19, 13272
0.19, 13264
0.20, 13009
0.20, 12905
0.20, 12898
0.20, 12897
0.21, 12879
0.21, 12782
0.22, 12227
0.22, 12200
0.22, 12160
0.23, 11909
0.24, 11908
0.24, 11571
0.25, 11361
0.26, 11300
0.27, 11238
0.29, 11165
0.30, 11159
0.31, 11090
0.32, 10742
0.34, 10736
0.35, 10651
0.36, 10621
0.37, 10544
0.38, 10475
0.40, 10342
0.41, 10128
0.42, 10095
0.44, 9917
0.45, 9845
0.47, 9271
0.48, 8936
0.50, 8807
0.52, 8795
0.54, 8783
0.54, 8775
0.54, 8749
0.56, 8746
0.57, 8719
1.51, 8715
1.53, 8642
1.55, 8631
1.57, 8525
1.58, 8518
1.60, 8493
1.62, 8484
1.64, 8460
1.66, 8439
1.67, 8414
1.69, 8410
1.71, 8401
1.73, 8369
1.74, 8354
1.76, 8332
1.78, 8293
1.80, 8291
1.81, 8288
1.83, 8230
1.85, 8215
1.87, 8206
1.88, 8141
1.90, 7952
1.92, 7947
2.96, 7917
4.74, 7914
14.57, 7899
14.58, 7868
14.60, 7825
14.62, 7791
14.64, 7786
21.70, 7691
