0.00, 25176
0.00, 25046
0.00, 24741
0.00, 24705
0.00, 24690
0.01, 24409
0.01, 24294
0.01, 23341
0.03, 22454
0.03, 22408
0.03, 22284
0.03, 22251
0.03, 22224
0.03, 22124
0.03, 21841
0.03, 21815
0.03, 21810
0.03, 21771
0.03, 21723
0.03, 21642
0.03, 21354
0.03, 20772
0.03, 20760
0.03, 20290
0.03, 20181
0.03, 20147
0.03, 19702
0.03, 19579
0.03, 19392
0.05, 19281
0.05, 19276
0.05, 18995
0.05, 18983
0.05, 18981
0.05, 18341
0.05, 18207
0.05, 18155
0.05, 17318
0.05, 17013
0.05, 16160
0.05, 16131
0.05, 16059
0.05, 15535
0.05, 15336
0.05, 15313
0.05, 15250
0.06, 15188
0.08, 15160
0.08, 15146
0.08, 15061
0.09, 15013
0.09, 14938
0.09, 14854
0.09, 14832
0.11, 14822
0.11, 14743
0.11, 14511
0.11, 14235
0.11, 14223
0.11, 13940
0.12, 13894
0.14, 13454
0.14, 13447
0.14, 13350
0.14, 13220
0.14, 13189
0.14, 13118
0.14, 13071
0.16, 13046
0.16, 13031
0.16, 12615
0.19, 12254
0.19, 12233
0.20, 12101
0.20, 12081
0.22, 12052
0.22, 12044
0.22, 11990
0.22, 11989
0.22, 11944
0.22, 11760
0.25, 11757
0.25, 11752
0.25, 11714
0.27, 11699
0.27, 11654
0.28, 11571
0.28, 11562
0.30, 11504
0.30, 11496
0.30, 11475
0.33, 11440
0.33, 11374
0.35, 11177
0.35, 11176
0.35, 11133
0.38, 11094
0.39, 10862
0.46, 10861
0.46, 10852
0.46, 10777
0.46, 10727
0.48, 10695
0.49, 10678
0.52, 10547
0.53, 10527
0.53, 10520
0.53, 10515
1.63, 10511
1.63, 10492
1.63, 10215
1.63, 10060
1.66, 10036
1.67, 10030
1.67, 9777
1.68, 9695
1.75, 9665
1.78, 9608
1.79, 9585
7.86, 9554
