0.02, 29644
0.02, 29561
0.02, 29292
0.02, 28966
0.02, 28748
0.02, 28566
0.02, 28507
0.02, 28378
0.02, 28268
0.02, 27489
0.02, 27405
0.02, 27201
0.02, 27043
0.02, 26999
0.02, 26711
0.02, 24950
0.02, 24693
0.02, 24275
0.02, 23992
0.02, 23945
0.02, 22675
0.02, 22647
0.02, 21892
0.02, 21584
0.02, 21019
0.02, 20747
0.02, 20296
0.02, 20212
0.02, 20033
0.02, 19070
0.02, 18780
0.02, 18644
0.02, 18549
0.05, 18297
0.05, 18104
0.05, 17987
0.05, 17972
0.05, 17846
0.06, 17677
0.06, 17675
0.06, 17647
0.07, 17625
0.07, 17560
0.07, 17455
0.07, 17452
0.07, 17104
0.07, 17037
0.07, 16989
0.07, 16849
0.07, 16824
0.08, 16576
0.08, 16539
0.08, 16490
0.08, 16466
0.08, 16431
0.08, 16376
0.08, 16334
0.09, 16293
0.09, 16291
0.09, 16257
0.09, 16164
0.09, 15989
0.09, 15838
0.09, 15776
0.09, 15762
0.09, 15643
0.09, 15549
0.12, 15503
0.12, 15471
0.12, 15400
0.12, 15339
0.12, 15163
0.15, 15149
0.15, 14799
0.15, 14222
0.15, 14181
0.15, 14170
0.15, 14098
0.15, 14084
0.15, 14032
0.18, 13987
0.18, 13972
0.19, 13954
0.19, 13893
0.19, 13821
0.19, 13813
0.19, 13780
0.19, 13649
0.20, 13641
0.20, 13574
0.20, 13506
0.26, 13493
0.26, 13474
0.27, 13471
0.27, 13400
0.27, 13398
0.28, 13249
0.28, 13042
0.28, 13041
0.28, 13040
0.28, 12920
0.28, 12854
0.29, 12830
0.29, 12810
0.32, 12779
0.32, 12772
0.32, 12645
0.32, 12389
0.32, 12358
0.33, 12045
0.33, 12014
0.36, 11965
0.37, 11959
0.37, 11955
0.37, 11864
0.40, 11702
0.41, 11648
0.44, 11605
0.46, 11572
0.48, 11536
0.49, 11507
0.52, 11501
0.54, 11491
0.54, 11448
0.54, 11446
0.57, 11441
0.58, 11408
0.59, 11340
0.64, 11150
0.68, 11121
0.68, 11083
0.69, 10891
0.75, 10860
1.80, 10826
1.80, 10825
1.82, 10763
1.87, 10671
1.87, 10642
1.92, 10492
1.93, 10349
1.96, 10348
1.97, 10319
2.00, 10312
2.05, 10308
2.05, 10177
2.05, 10176
2.07, 10116
2.12, 10032
2.21, 9982
2.23, 9946
2.29, 9893
34.06, 9837
34.08, 9745
34.14, 9724
