0.02, 31105
0.02, 30843
0.02, 30668
0.02, 30425
0.02, 29765
0.02, 29663
0.02, 29432
0.02, 28677
0.02, 28209
0.02, 27978
0.02, 27881
0.02, 27449
0.02, 26517
0.02, 26438
0.02, 26285
0.02, 26278
0.02, 26145
0.02, 26103
0.02, 25704
0.02, 25602
0.02, 25521
0.02, 24441
0.02, 24313
0.03, 24158
0.03, 23945
0.03, 23164
0.03, 22695
0.03, 22470
0.03, 22384
0.03, 22338
0.03, 22061
0.03, 21894
0.03, 21565
0.05, 21563
0.05, 21190
0.05, 21066
0.05, 20637
0.05, 20438
0.05, 20398
0.05, 20250
0.05, 20204
0.05, 20115
0.05, 20090
0.05, 19993
0.05, 19928
0.05, 19702
0.05, 19678
0.05, 19666
0.05, 19651
0.05, 19211
0.05, 18696
0.05, 18582
0.06, 18411
0.06, 18262
0.06, 18242
0.06, 18221
0.06, 17631
0.06, 17388
0.08, 17343
0.08, 17273
0.08, 17253
0.09, 17205
0.09, 17114
0.09, 17018
0.09, 16937
0.09, 16897
0.11, 16896
0.11, 16659
0.11, 16424
0.11, 16385
0.11, 15965
0.11, 15799
0.11, 15549
0.11, 15262
0.13, 15200
0.13, 15199
0.13, 15093
0.13, 15056
0.13, 14958
0.13, 14823
0.14, 14811
0.14, 14787
0.14, 14743
0.14, 14720
0.16, 14701
0.16, 14669
0.16, 14612
0.16, 14296
0.16, 14219
0.16, 14051
0.18, 14012
0.19, 13993
0.22, 13970
0.22, 13939
0.22, 13925
0.22, 13822
0.22, 13813
0.22, 13680
0.22, 13678
0.22, 13676
0.25, 13626
0.25, 13576
0.25, 13409
0.25, 13397
0.25, 13349
0.27, 13344
0.27, 13336
0.27, 13318
0.28, 13308
0.29, 13210
0.30, 13029
0.30, 12990
0.30, 12836
0.33, 12807
0.33, 12647
0.34, 12596
0.36, 12528
0.36, 12517
0.39, 12459
0.41, 12428
0.41, 12411
0.41, 12374
0.41, 12251
0.44, 12239
0.44, 12211
0.47, 12208
0.47, 12168
0.48, 12062
0.51, 12046
0.51, 11998
0.52, 11997
0.52, 11957
0.55, 11948
0.56, 11881
0.60, 11832
0.60, 11781
0.62, 11692
0.68, 11664
0.74, 11653
0.76, 11646
0.76, 11621
0.79, 11602
0.86, 11599
0.91, 11575
2.06, 11511
2.11, 11487
2.12, 11435
2.18, 11426
2.18, 11377
2.22, 11298
2.22, 11293
2.23, 11277
2.28, 11268
2.28, 11259
2.31, 11253
2.35, 11173
2.35, 11155
2.38, 11126
2.38, 11097
2.44, 11064
2.46, 11060
4.01, 10969
4.04, 10935
4.04, 10879
4.10, 10875
4.11, 10793
4.16, 10632
5.01, 10593
5.18, 10496
5.21, 10426
5.24, 10377
5.29, 10248
5.33, 10225
5.35, 10164
5.35, 10157
5.37, 10096
5.51, 10089
5.51, 10069
5.69, 10067
7.77, 10027
7.80, 9862
7.82, 9852
7.85, 9850
7.85, 9844
7.85, 9831
7.89, 9810
7.89, 9809
7.91, 9786
7.97, 9708
