0.00, 27366
0.00, 27352
0.00, 27286
0.00, 26892
0.00, 26745
0.00, 26071
0.03, 26069
0.03, 25441
0.03, 24714
0.03, 24679
0.03, 24091
0.03, 24086
0.03, 23918
0.03, 23809
0.03, 23537
0.03, 23387
0.03, 23372
0.03, 23257
0.03, 23066
0.06, 23033
0.06, 22939
0.06, 22442
0.06, 22417
0.06, 22403
0.06, 22247
0.06, 21732
0.06, 21439
0.06, 21324
0.06, 21093
0.06, 20945
0.06, 20309
0.06, 20173
0.06, 19255
0.06, 19214
0.07, 18987
0.07, 18875
0.07, 18806
0.07, 18652
0.07, 18581
0.07, 18522
0.07, 18212
0.07, 18209
0.07, 18130
0.07, 18118
0.07, 18014
0.07, 17987
0.07, 17952
0.07, 17861
0.07, 17787
0.12, 17770
0.12, 17604
0.13, 17595
0.13, 17559
0.13, 17552
0.15, 17114
0.15, 17020
0.15, 16939
0.15, 16838
0.15, 16700
0.15, 16607
0.15, 16570
0.15, 16418
0.16, 16374
0.16, 15938
0.16, 15869
0.16, 15769
0.16, 15758
0.16, 15696
0.16, 15561
0.16, 15426
0.16, 15374
0.16, 15069
0.17, 14985
0.17, 14691
0.17, 14638
0.17, 14585
0.19, 14584
0.19, 14456
0.19, 14384
0.20, 14282
0.20, 14226
0.20, 14175
0.20, 14159
0.20, 14093
0.20, 14081
0.20, 14070
0.20, 13985
0.20, 13975
0.20, 13854
0.22, 13853
0.22, 13790
0.22, 13786
0.22, 13761
0.22, 13754
0.23, 13601
0.23, 13569
0.23, 13410
0.26, 13369
0.26, 13307
0.26, 13301
0.26, 13226
0.27, 13225
0.29, 13201
0.30, 13161
0.30, 13016
0.33, 12830
0.34, 12817
0.37, 12795
0.37, 12782
0.38, 12770
0.41, 12710
0.47, 12654
0.47, 12541
0.52, 12316
0.52, 12312
0.57, 12184
0.58, 12120
0.60, 12101
0.66, 12092
0.67, 11927
0.67, 11871
0.69, 11848
0.72, 11823
0.74, 11810
0.83, 11807
0.83, 11703
0.83, 11662
0.85, 11640
0.86, 11575
0.89, 11562
1.33, 11553
1.33, 11521
1.35, 11306
1.36, 11302
1.81, 11301
1.84, 11235
1.84, 11119
1.87, 10966
1.96, 10942
2.02, 10932
2.02, 10894
2.04, 10885
2.05, 10871
2.05, 10815
2.14, 10530
2.16, 10235
2.24, 10193
2.28, 10164
2.99, 10162
14.16, 10110
14.18, 10097
14.20, 10058
18.95, 10054
18.96, 10032
18.96, 10003
18.99, 9992
19.06, 9894
19.07, 9888
19.13, 9818
19.15, 9789
19.23, 9761
19.25, 9759
