0.00, 27922
0.01, 27624
0.01, 27113
0.01, 26954
0.01, 26891
0.01, 26678
0.01, 25848
0.01, 25728
0.01, 24933
0.01, 24092
0.01, 23819
0.01, 23625
0.01, 22860
0.01, 22536
0.01, 22370
0.01, 22011
0.01, 21351
0.01, 21131
0.01, 21045
0.01, 21044
0.01, 20705
0.01, 20607
0.01, 20498
0.01, 20414
0.01, 20388
0.01, 20219
0.01, 19908
0.01, 19596
0.01, 19487
0.02, 19048
0.02, 18956
0.02, 18898
0.02, 18821
0.02, 18752
0.02, 18279
0.02, 18042
0.02, 18036
0.02, 17988
0.02, 17690
0.02, 17361
0.02, 17292
0.02, 17289
0.02, 17234
0.02, 17043
0.04, 17015
0.04, 16981
0.05, 16868
0.05, 15920
0.05, 15837
0.05, 15693
0.05, 15614
0.05, 15588
0.05, 15581
0.05, 15118
0.06, 14864
0.06, 14819
0.06, 14762
0.06, 14693
0.07, 14468
0.07, 14405
0.08, 14317
0.08, 14271
0.08, 14235
0.08, 14229
0.08, 14085
0.08, 14082
0.08, 14059
0.08, 14053
0.08, 14049
0.10, 13328
0.10, 13232
0.10, 13057
0.11, 12907
0.11, 12758
0.13, 12447
0.13, 12384
0.13, 12348
0.13, 12276
0.13, 12093
0.14, 12028
0.16, 12013
0.17, 12007
0.17, 11565
0.17, 11555
0.19, 11509
0.20, 11469
0.20, 11441
0.23, 11394
0.23, 11373
0.23, 11351
0.26, 11257
0.30, 11220
0.31, 11213
0.31, 11210
0.31, 11200
0.34, 10958
0.36, 10930
0.36, 10907
0.39, 10906
0.39, 10901
0.39, 10892
2.36, 10887
2.43, 10763
2.47, 10745
2.47, 10724
2.47, 10674
2.54, 10618
2.58, 10617
2.61, 10612
2.61, 10575
2.66, 10503
2.70, 10501
2.74, 10467
2.75, 10405
2.75, 10225
5.15, 10151
5.20, 10123
5.20, 10063
5.27, 10047
5.30, 10031
5.38, 10030
5.38, 10007
6.96, 9967
6.98, 9928
6.99, 9886
7.01, 9877
7.02, 9798
7.05, 9793
7.07, 9785
7.09, 9762
7.10, 9745
7.12, 9730
13.40, 9717
13.40, 9708
13.41, 9641
13.44, 9626
26.18, 9586
26.20, 9457
26.20, 9434
26.21, 9416
26.26, 9390
26.29, 9259
26.32, 9250
26.32, 9240
26.37, 9183
26.37, 9182
26.37, 9158
26.40, 9134
26.47, 9095
26.53, 9091
26.53, 9086
