0.03, 27563
0.04, 27320
0.04, 26832
0.05, 25203
0.05, 25170
0.05, 25098
0.05, 24948
0.05, 24764
0.05, 24576
0.05, 24497
0.05, 24248
0.05, 23892
0.05, 23877
0.05, 23688
0.05, 23095
0.05, 22698
0.05, 22553
0.05, 22440
0.05, 22093
0.05, 21650
0.05, 21297
0.05, 21183
0.05, 20142
0.05, 19859
0.05, 19612
0.05, 19582
0.05, 19314
0.05, 19035
0.05, 17547
0.05, 17500
0.05, 17347
0.05, 17334
0.05, 17264
0.06, 16444
0.06, 16054
0.06, 16042
0.06, 15982
0.06, 15908
0.06, 15823
0.06, 15637
0.06, 15425
0.06, 15072
0.06, 15032
0.06, 15005
0.06, 15001
0.06, 14839
0.06, 14820
0.06, 14541
0.09, 14491
0.09, 14460
0.09, 14397
0.09, 14094
0.09, 13971
0.09, 13958
0.09, 13957
0.09, 13903
0.09, 13565
0.09, 13555
0.09, 13427
0.12, 13370
0.12, 13308
0.13, 13054
0.13, 12963
0.13, 12884
0.13, 12735
0.15, 12693
0.15, 12540
0.15, 12459
0.15, 12423
0.15, 12357
0.16, 12326
0.18, 11995
0.18, 11939
0.20, 11907
0.21, 11836
0.21, 11796
0.23, 11794
0.26, 11641
0.28, 11626
0.32, 11612
0.33, 11562
0.33, 11402
0.38, 11315
0.39, 11045
0.90, 11000
0.92, 10966
0.95, 10918
0.97, 10789
0.97, 10783
0.98, 10765
0.98, 10735
1.00, 10566
1.03, 10526
1.06, 10442
1.08, 10430
1.11, 10429
1.66, 10424
1.66, 10413
1.66, 10377
1.71, 10305
9.16, 10293
9.35, 10093
9.46, 9929
9.46, 9894
9.47, 9851
9.57, 9818
9.57, 9801
9.57, 9744
9.59, 9715
9.60, 9266
9.60, 9214
9.65, 9193
9.71, 9150
105.30, 9125
105.35, 9029
