0.00, 29644
0.00, 29561
0.00, 29292
0.00, 28966
0.01, 28748
0.01, 28566
0.01, 28507
0.01, 28378
0.01, 28268
0.01, 27489
0.01, 27405
0.01, 27201
0.01, 27043
0.01, 26999
0.01, 26711
0.01, 24950
0.01, 24693
0.01, 24275
0.05, 23992
0.05, 23945
0.05, 22675
0.05, 22647
0.05, 21892
0.05, 21584
0.05, 21019
0.05, 20747
0.05, 20296
0.05, 20212
0.05, 20033
0.06, 19070
0.06, 18780
0.06, 18644
0.06, 18549
0.06, 18297
0.06, 18104
0.06, 17987
0.06, 17972
0.06, 17846
0.07, 17677
0.07, 17675
0.10, 17647
0.10, 17625
0.10, 17560
0.11, 17455
0.11, 17452
0.11, 17104
0.11, 17037
0.11, 16989
0.11, 16849
0.11, 16824
0.11, 16576
0.11, 16539
0.11, 16490
0.11, 16466
0.11, 16431
0.11, 16376
0.12, 16334
0.12, 16293
0.12, 16291
0.12, 16257
0.12, 16164
0.12, 15989
0.12, 15838
0.14, 15776
0.14, 15762
0.14, 15643
0.14, 15549
0.14, 15503
0.14, 15471
0.14, 15400
0.15, 15339
0.15, 15163
0.17, 15149
0.17, 14799
0.17, 14222
0.17, 14181
0.17, 14170
0.18, 14098
0.18, 14084
0.18, 14032
0.18, 13987
0.22, 13972
0.22, 13954
0.22, 13893
0.22, 13821
0.23, 13813
0.23, 13780
0.24, 13649
0.24, 13641
0.25, 13574
0.25, 13506
0.25, 13493
0.25, 13474
0.28, 13471
0.28, 13400
0.28, 13398
0.28, 13249
0.28, 13042
0.28, 13041
0.29, 13040
0.29, 12920
0.29, 12854
0.29, 12830
0.29, 12810
0.30, 12779
0.30, 12772
0.33, 12645
0.33, 12389
0.33, 12358
0.33, 12045
0.34, 12014
0.35, 11965
0.35, 11959
0.35, 11955
0.39, 11864
0.42, 11702
0.42, 11648
0.44, 11605
0.45, 11572
0.47, 11536
0.50, 11507
0.51, 11501
0.52, 11491
0.53, 11448
0.53, 11446
0.57, 11441
0.58, 11408
0.61, 11340
0.63, 11150
0.63, 11121
0.66, 11083
0.66, 10891
0.72, 10860
1.76, 10826
1.77, 10825
1.82, 10763
1.82, 10671
1.86, 10642
1.87, 10492
1.90, 10349
1.90, 10348
1.93, 10319
1.97, 10312
1.99, 10308
1.99, 10177
1.99, 10176
2.06, 10116
2.09, 10032
2.17, 9982
2.20, 9946
2.36, 9893
