0.00, 30027
0.00, 29998
0.00, 29245
0.00, 29148
0.01, 28190
0.01, 28093
0.01, 27983
0.01, 27291
0.03, 27156
0.03, 27011
0.03, 26551
0.03, 25523
0.03, 25033
0.03, 24588
0.03, 24571
0.03, 24439
0.03, 22507
0.03, 22398
0.03, 22327
0.03, 22202
0.03, 21366
0.03, 21283
0.03, 21148
0.03, 20369
0.03, 20343
0.03, 20138
0.05, 20087
0.05, 19881
0.05, 19781
0.05, 19342
0.05, 19210
0.05, 19160
0.05, 19075
0.05, 18882
0.05, 18576
0.05, 18247
0.05, 18166
0.06, 18041
0.06, 18001
0.06, 17875
0.06, 17802
0.06, 17640
0.06, 17634
0.06, 17605
0.06, 17579
0.06, 17239
0.06, 17016
0.06, 17001
0.06, 16852
0.06, 16826
0.06, 16546
0.06, 16424
0.06, 16412
0.06, 16349
0.06, 16323
0.06, 16256
0.06, 15952
0.06, 15767
0.06, 15697
0.06, 15472
0.08, 15460
0.08, 15374
0.08, 15350
0.08, 15297
0.08, 15293
0.08, 15282
0.09, 15175
0.09, 15107
0.09, 14991
0.09, 14945
0.09, 14797
0.11, 14645
0.11, 14637
0.14, 14571
0.14, 14528
0.14, 14520
0.14, 14519
0.14, 14428
0.15, 14033
0.17, 13984
0.17, 13617
0.19, 13596
0.19, 13576
0.19, 13533
0.19, 13404
0.20, 13385
0.20, 13314
0.20, 13190
0.22, 13187
0.22, 13177
0.27, 13118
0.30, 13110
0.30, 13059
0.33, 13056
0.33, 13046
0.34, 12803
0.35, 12636
0.35, 12510
0.36, 12455
0.39, 12062
0.40, 11909
0.49, 11905
0.49, 11868
0.49, 11772
0.49, 11767
0.54, 11766
0.54, 11748
0.57, 11747
0.59, 11742
0.60, 11702
0.60, 11691
0.60, 11687
0.63, 11682
0.63, 11541
0.65, 11490
0.65, 11476
0.72, 11353
0.73, 11345
0.81, 11256
0.81, 11164
0.84, 11153
0.87, 11120
0.89, 11103
0.92, 11087
0.95, 11085
1.00, 11071
1.78, 10955
2.46, 10840
3.16, 10565
3.16, 10543
3.18, 10391
3.18, 10390
3.19, 10385
3.19, 10373
3.21, 10313
3.21, 10238
3.21, 10219
3.22, 10082
3.24, 10074
3.24, 10072
3.25, 10066
3.27, 10058
3.27, 10041
3.27, 10031
3.27, 9958
3.28, 9938
3.35, 9933
3.38, 9923
11.86, 9898
11.88, 9845
11.88, 9555
11.89, 9526
11.97, 9492
12.00, 9411
12.04, 9385
12.04, 9331
12.06, 9327
12.06, 9319
12.07, 9314
12.11, 9188
