0.00, 30666
0.00, 30259
0.00, 29981
0.00, 29655
0.01, 29259
0.01, 29251
0.01, 28979
0.01, 28781
0.01, 28772
0.01, 28364
0.01, 27955
0.01, 27544
0.01, 27462
0.03, 27314
0.03, 27254
0.03, 26629
0.03, 26592
0.03, 26388
0.03, 26308
0.03, 26009
0.03, 25276
0.03, 25259
0.03, 25252
0.03, 24706
0.03, 24585
0.03, 24270
0.03, 23814
0.03, 23277
0.03, 22721
0.03, 22693
0.03, 22564
0.03, 22401
0.04, 21746
0.04, 21667
0.04, 21625
0.04, 21496
0.04, 21281
0.04, 21157
0.04, 20924
0.04, 20624
0.06, 20386
0.06, 20081
0.06, 19817
0.06, 19787
0.06, 19711
0.06, 19710
0.06, 19029
0.06, 18905
0.06, 18605
0.06, 17768
0.06, 17658
0.06, 17458
0.06, 17405
0.06, 17254
0.06, 17205
0.06, 17148
0.06, 16957
0.06, 16594
0.06, 16175
0.07, 15803
0.07, 15727
0.07, 15707
0.08, 15631
0.09, 15560
0.09, 15437
0.09, 15433
0.09, 15225
0.09, 15208
0.09, 15014
0.09, 15013
0.09, 14634
0.09, 14603
0.09, 14594
0.09, 14531
0.09, 14516
0.12, 14434
0.12, 14387
0.12, 14351
0.12, 14243
0.12, 14202
0.13, 14190
0.13, 14158
0.14, 14002
0.15, 13914
0.15, 13896
0.15, 13876
0.15, 13806
0.15, 13646
0.18, 13633
0.20, 13616
0.20, 13564
0.20, 13236
0.21, 13234
0.21, 13198
0.21, 13166
0.21, 13129
0.23, 12966
0.23, 12917
0.23, 12800
0.23, 12743
0.26, 12718
0.28, 12667
0.29, 11991
0.29, 11968
0.31, 11919
0.31, 11853
0.34, 11612
0.36, 11581
0.38, 11567
0.44, 11545
0.44, 11448
0.44, 11420
0.48, 11334
0.53, 10986
0.59, 10941
0.62, 10869
0.67, 10825
0.70, 10821
0.70, 10783
0.71, 10748
1.96, 10707
1.96, 10685
1.98, 10682
1.98, 10605
1.99, 10598
2.01, 10589
2.01, 10524
2.01, 10471
2.01, 10458
2.02, 10411
2.04, 10405
2.05, 10246
2.06, 10237
2.07, 10231
2.12, 10226
2.15, 10172
2.15, 9953
2.16, 9926
2.17, 9918
2.17, 9864
2.20, 9778
2.23, 9654
2.26, 9642
2.29, 9641
