0.00, 29237
0.00, 28480
0.00, 28475
0.00, 28447
0.00, 28382
0.00, 28363
0.00, 27524
0.00, 27522
0.00, 27412
0.00, 27372
0.00, 27113
0.00, 26720
0.00, 26546
0.00, 26494
0.00, 26370
0.00, 26011
0.00, 25819
0.00, 25407
0.00, 25312
0.00, 24959
0.01, 24931
0.01, 24744
0.01, 24718
0.01, 24506
0.01, 24243
0.01, 24234
0.01, 24175
0.01, 24155
0.01, 23951
0.01, 23799
0.01, 23315
0.01, 23218
0.01, 23191
0.01, 22492
0.01, 22471
0.01, 22198
0.01, 22184
0.01, 21898
0.01, 21547
0.01, 21539
0.01, 21272
0.01, 21063
0.01, 20999
0.01, 20542
0.02, 20533
0.02, 20147
0.02, 20085
0.02, 19714
0.02, 19517
0.02, 19460
0.02, 19392
0.02, 19203
0.02, 19017
0.02, 18951
0.02, 18909
0.03, 18580
0.03, 18546
0.03, 18327
0.03, 18236
0.03, 17710
0.03, 17332
0.03, 17296
0.04, 16643
0.04, 16448
0.04, 16339
0.04, 16336
0.04, 16324
0.04, 16221
0.04, 15979
0.05, 15845
0.05, 15671
0.05, 15294
0.05, 15158
0.06, 15001
0.06, 15000
0.07, 14968
0.08, 14817
0.09, 14303
0.10, 14283
0.11, 13927
0.12, 13788
0.13, 13402
0.14, 13328
0.15, 13314
0.17, 13100
0.18, 13047
0.19, 13037
0.20, 12969
0.21, 12962
0.23, 12889
0.23, 12883
0.23, 12874
0.23, 12789
0.23, 12652
0.23, 12407
0.23, 12343
0.23, 12341
0.24, 12333
0.24, 12332
0.24, 11675
0.24, 11624
0.25, 11561
0.25, 11290
0.25, 11254
0.25, 11112
0.26, 11062
0.26, 10818
0.26, 10775
0.27, 10717
0.28, 10664
0.30, 10629
0.32, 10619
0.33, 10612
0.35, 10482
0.36, 9645
0.38, 9614
0.39, 9598
0.41, 9589
0.42, 9563
0.44, 9459
0.45, 9447
0.47, 9380
0.48, 9296
0.50, 9165
0.52, 8449
0.53, 8297
0.55, 8232
0.57, 8222
0.58, 8161
0.60, 7988
0.62, 7975
0.64, 7939
0.66, 7928
5.48, 7780
31.74, 7775
31.75, 7752
33.46, 7697
33.47, 7618
84.50, 7542
