0.00, 30146
0.00, 29977
0.00, 29816
0.00, 29684
0.00, 29208
0.00, 28715
0.00, 28677
0.00, 28667
0.00, 28538
0.00, 28482
0.00, 28405
0.00, 27941
0.00, 27870
0.00, 27513
0.00, 27250
0.00, 27039
0.00, 27003
0.00, 26498
0.00, 26476
0.00, 26433
0.00, 25717
0.00, 25576
0.00, 25384
0.00, 25134
0.00, 24768
0.01, 24423
0.01, 24389
0.01, 23936
0.01, 23916
0.01, 23854
0.01, 23045
0.01, 22895
0.01, 22669
0.01, 22444
0.01, 21281
0.01, 21165
0.01, 20956
0.01, 20684
0.01, 20542
0.01, 20540
0.01, 20397
0.01, 20326
0.01, 20207
0.01, 20093
0.01, 20091
0.01, 20004
0.01, 19912
0.01, 19872
0.01, 19779
0.01, 19538
0.01, 19420
0.01, 19373
0.01, 19286
0.01, 19031
0.01, 18888
0.01, 18779
0.01, 18398
0.01, 17859
0.01, 17762
0.01, 17689
0.01, 17556
0.01, 17511
0.01, 17491
0.01, 17434
0.01, 17368
0.02, 17220
0.02, 17144
0.02, 17070
0.02, 17068
0.02, 16908
0.02, 16903
0.02, 16460
0.02, 16173
0.02, 16089
0.02, 15938
0.02, 15928
0.02, 15927
0.02, 15905
0.02, 15677
0.02, 15636
0.03, 15578
0.03, 15465
0.03, 15454
0.03, 15435
0.03, 15408
0.03, 15385
0.03, 15294
0.03, 15164
0.03, 15136
0.03, 14948
0.04, 14883
0.04, 14875
0.04, 14867
0.04, 14683
0.04, 14679
0.04, 14628
0.04, 14619
0.04, 14601
0.05, 14509
0.05, 14500
0.05, 14486
0.05, 14221
0.05, 14151
0.05, 14054
0.05, 13989
0.05, 13938
0.05, 13860
0.06, 13657
0.06, 13566
0.06, 13543
0.06, 13448
0.06, 13447
0.06, 13248
0.06, 13224
0.06, 13209
0.06, 13096
0.06, 13090
0.07, 13040
0.07, 13014
0.07, 13005
0.07, 13000
0.07, 12970
0.07, 12934
0.07, 12860
0.08, 12722
0.08, 12703
0.09, 12697
0.09, 12408
0.09, 12375
0.09, 12345
0.10, 12318
0.10, 12288
0.10, 12194
0.10, 12163
0.10, 12071
0.10, 12061
0.10, 11993
0.11, 11931
0.12, 11923
0.12, 11919
0.12, 11786
0.14, 11725
0.14, 11474
0.15, 11230
0.15, 11216
0.15, 11193
0.16, 11171
0.16, 11122
0.16, 11099
0.18, 11083
0.18, 11067
0.19, 11005
0.20, 10997
0.31, 10882
0.32, 10858
0.32, 10840
0.33, 10754
0.33, 10683
0.34, 10674
0.34, 10599
0.34, 10583
0.34, 10582
0.34, 10535
0.34, 10483
0.35, 10438
0.35, 10431
0.36, 10414
0.48, 10392
0.48, 10366
0.49, 10361
0.50, 10330
0.50, 10300
0.50, 10241
0.50, 10181
0.51, 10138
0.52, 10088
0.52, 10012
0.53, 10009
2.84, 9999
2.84, 9956
2.84, 9938
2.84, 9908
2.85, 9884
2.85, 9816
2.85, 9777
2.86, 9709
2.87, 9705
2.87, 9693
2.87, 9684
8.04, 9683
8.04, 9635
8.04, 9619
8.05, 9370
8.05, 9367
8.05, 9049
8.06, 9013
8.07, 8971
8.08, 8953
8.08, 8950
8.09, 8945
8.09, 8939
8.10, 8888
8.11, 8876
8.12, 8867
8.12, 8811
8.13, 8803
8.13, 8781
8.13, 8602
8.15, 8481
