0.00, 29476
0.00, 29382
0.00, 28826
0.00, 28809
0.00, 27547
0.02, 27502
0.02, 27428
0.02, 27347
0.02, 27160
0.02, 26890
0.02, 26839
0.02, 26692
0.02, 26193
0.02, 25738
0.02, 25261
0.02, 24999
0.03, 24666
0.03, 24631
0.03, 24623
0.03, 24585
0.03, 24422
0.03, 23987
0.03, 23918
0.03, 23624
0.03, 23228
0.03, 23168
0.03, 22920
0.03, 22911
0.03, 22903
0.03, 22782
0.03, 22600
0.03, 22549
0.03, 22544
0.03, 22402
0.03, 21646
0.03, 21180
0.04, 21013
0.04, 20919
0.04, 20581
0.04, 20179
0.04, 19906
0.04, 19694
0.04, 19202
0.04, 18996
0.04, 18375
0.04, 18118
0.04, 17630
0.04, 17384
0.04, 17342
0.04, 17083
0.04, 16838
0.04, 16694
0.05, 16501
0.05, 16345
0.05, 16320
0.05, 16289
0.05, 15477
0.06, 15411
0.07, 15333
0.07, 15332
0.07, 15320
0.07, 14966
0.07, 14736
0.07, 14710
0.07, 14662
0.07, 14506
0.07, 14483
0.07, 14340
0.10, 14181
0.10, 14118
0.10, 14053
0.10, 14003
0.10, 13854
0.10, 13774
0.10, 13678
0.10, 13661
0.11, 13378
0.13, 13324
0.13, 13246
0.13, 13169
0.13, 13164
0.13, 13147
0.13, 13136
0.14, 13119
0.14, 13067
0.14, 12897
0.15, 12870
0.15, 12812
0.15, 12669
0.15, 12659
0.15, 12561
0.15, 12414
0.15, 12132
0.15, 12109
0.20, 12003
0.21, 11954
0.21, 11878
0.23, 11730
0.23, 11405
0.23, 11380
0.23, 11370
0.27, 11357
0.29, 11207
0.29, 11081
0.29, 11058
0.29, 11022
0.29, 11020
0.31, 10819
0.32, 10810
0.35, 10588
0.39, 10567
0.39, 10542
0.42, 10523
0.42, 10386
0.44, 10355
0.47, 10326
0.47, 10235
0.48, 10083
3.95, 10076
3.99, 10046
3.99, 9958
3.99, 9930
6.26, 9917
6.29, 9897
6.29, 9862
9.92, 9851
9.99, 9849
9.99, 9725
10.03, 9642
58.80, 9575
67.26, 9573
67.30, 9557
80.60, 9548
80.63, 9515
80.66, 9485
80.66, 9463
80.69, 9447
80.69, 9356
80.73, 9344
80.76, 9340
80.76, 9335
80.79, 9331
80.79, 9094
80.86, 9093
