0.02, 31105
0.02, 30843
0.02, 30668
0.02, 30425
0.02, 29765
0.02, 29663
0.02, 29432
0.02, 28677
0.02, 28209
0.02, 27978
0.02, 27881
0.02, 27449
0.02, 26517
0.02, 26438
0.02, 26285
0.02, 26278
0.02, 26145
0.02, 26103
0.02, 25704
0.02, 25602
0.02, 25521
0.02, 24441
0.02, 24313
0.02, 24158
0.02, 23945
0.02, 23164
0.02, 22695
0.02, 22470
0.02, 22384
0.02, 22338
0.02, 22061
0.02, 21894
0.02, 21565
0.02, 21563
0.02, 21190
0.02, 21066
0.02, 20637
0.02, 20438
0.02, 20398
0.02, 20250
0.02, 20204
0.04, 20115
0.04, 20090
0.04, 19993
0.04, 19928
0.04, 19702
0.04, 19678
0.05, 19666
0.05, 19651
0.05, 19211
0.05, 18696
0.05, 18582
0.05, 18411
0.05, 18262
0.05, 18242
0.05, 18221
0.05, 17631
0.05, 17388
0.05, 17343
0.05, 17273
0.07, 17253
0.07, 17205
0.07, 17114
0.07, 17018
0.08, 16937
0.08, 16897
0.08, 16896
0.08, 16659
0.08, 16424
0.08, 16385
0.08, 15965
0.08, 15799
0.08, 15549
0.08, 15262
0.10, 15200
0.10, 15199
0.10, 15093
0.10, 15056
0.10, 14958
0.10, 14823
0.10, 14811
0.10, 14787
0.10, 14743
0.10, 14720
0.12, 14701
0.13, 14669
0.13, 14612
0.13, 14296
0.13, 14219
0.13, 14051
0.13, 14012
0.16, 13993
0.16, 13970
0.16, 13939
0.16, 13925
0.16, 13822
0.16, 13813
0.18, 13680
0.18, 13678
0.18, 13676
0.20, 13626
0.20, 13576
0.20, 13409
0.20, 13397
0.21, 13349
0.21, 13344
0.21, 13336
0.21, 13318
0.23, 13308
0.23, 13210
0.23, 13029
0.23, 12990
0.26, 12836
0.26, 12807
0.26, 12647
0.26, 12596
0.26, 12528
0.28, 12517
0.31, 12459
0.31, 12428
0.31, 12411
0.31, 12374
0.32, 12251
0.34, 12239
0.34, 12211
0.37, 12208
0.38, 12168
0.39, 12062
0.40, 12046
0.41, 11998
0.42, 11997
0.42, 11957
0.44, 11948
0.47, 11881
0.47, 11832
0.47, 11781
0.50, 11692
0.53, 11664
0.61, 11653
0.61, 11646
0.61, 11621
0.66, 11602
0.70, 11599
0.75, 11575
1.67, 11511
1.77, 11487
1.77, 11435
1.80, 11426
1.80, 11377
1.83, 11298
1.85, 11293
1.85, 11277
1.88, 11268
1.89, 11259
1.93, 11253
1.95, 11173
1.95, 11155
1.98, 11126
1.98, 11097
2.03, 11064
2.04, 11060
3.28, 10969
3.31, 10935
3.31, 10879
3.35, 10875
3.37, 10793
3.39, 10632
3.99, 10593
4.04, 10496
4.05, 10426
4.05, 10377
4.12, 10248
4.12, 10225
4.12, 10164
4.14, 10157
4.18, 10096
4.22, 10089
4.26, 10069
4.35, 10067
6.60, 10027
6.62, 9862
6.63, 9852
6.70, 9850
6.70, 9844
6.70, 9831
6.71, 9810
6.74, 9809
6.74, 9786
6.76, 9708
41.14, 9657
41.14, 9567
41.15, 9532
41.17, 9389
41.19, 9384
42.90, 9367
42.99, 9363
43.06, 9353
128.80, 9224
