0.00, 28797
0.00, 28652
0.00, 28490
0.00, 28402
0.00, 28397
0.00, 27898
0.00, 27417
0.00, 26049
0.00, 25650
0.00, 24703
0.00, 24425
0.00, 23977
0.00, 23351
0.00, 23342
0.00, 22539
0.01, 21819
0.01, 21696
0.01, 21419
0.01, 21405
0.01, 21352
0.01, 21293
0.01, 21289
0.01, 21180
0.01, 21026
0.01, 20750
0.01, 20176
0.01, 20173
0.01, 19942
0.01, 19771
0.01, 19703
0.01, 19377
0.01, 19371
0.01, 19320
0.01, 18981
0.01, 18840
0.01, 18822
0.01, 18756
0.01, 18415
0.01, 18413
0.01, 17851
0.01, 17776
0.01, 17453
0.01, 17388
0.01, 17309
0.01, 17262
0.01, 17051
0.01, 17016
0.01, 16990
0.01, 16989
0.01, 16963
0.01, 16768
0.01, 16728
0.01, 16592
0.01, 16561
0.02, 16544
0.02, 16212
0.02, 16105
0.02, 16059
0.02, 16004
0.02, 15992
0.02, 15933
0.02, 15780
0.02, 15614
0.02, 15402
0.02, 15349
0.03, 15236
0.03, 15191
0.03, 15091
0.03, 14947
0.03, 14875
0.03, 14748
0.04, 14709
0.04, 14675
0.04, 14646
0.04, 14634
0.04, 14574
0.04, 14517
0.05, 14241
0.05, 13957
0.06, 13915
0.07, 13913
0.07, 13857
0.07, 13656
0.08, 13536
0.08, 13528
0.08, 13363
0.08, 13325
0.09, 13179
0.09, 13153
0.09, 13089
0.09, 13002
0.09, 12962
0.09, 12946
0.10, 12941
0.10, 12807
0.10, 12797
0.10, 12754
0.10, 12749
0.10, 12745
0.10, 12709
0.10, 12683
0.11, 12546
0.11, 12354
0.11, 12295
0.12, 12231
0.13, 12224
0.13, 12088
0.13, 12023
0.22, 12011
0.22, 11954
0.22, 11952
0.22, 11941
0.22, 11934
0.23, 11864
0.23, 11834
0.23, 11830
0.23, 11786
0.23, 11739
0.23, 11625
0.23, 11621
0.24, 11602
0.24, 11559
0.24, 11501
0.25, 11456
0.25, 11444
0.26, 11411
0.28, 11397
0.28, 11342
0.29, 11213
0.30, 11176
0.37, 11132
0.37, 11046
0.37, 10965
0.37, 10961
0.38, 10859
0.38, 10782
0.39, 10745
0.39, 10630
0.39, 10610
0.40, 10521
0.40, 10494
0.40, 10343
0.40, 10340
0.41, 10252
0.41, 10250
0.42, 10193
0.42, 10171
0.42, 10158
0.42, 10093
0.43, 10075
0.43, 10070
0.44, 10053
0.46, 10036
0.46, 10035
1.69, 9984
1.69, 9945
1.71, 9926
1.72, 9879
1.72, 9821
1.73, 9806
1.73, 9801
1.74, 9799
11.80, 9785
11.82, 9780
11.83, 9701
15.21, 9621
15.21, 9528
15.22, 9519
19.07, 9513
19.09, 9502
43.62, 9475
43.62, 9470
43.62, 9459
43.63, 9407
43.64, 9382
63.81, 9335
90.77, 9304
90.77, 9300
