0.00, 29018
0.00, 28642
0.00, 28427
0.00, 27685
0.00, 26640
0.00, 26606
0.00, 26368
0.00, 26358
0.00, 26229
0.00, 26113
0.00, 25940
0.00, 25054
0.00, 24751
0.00, 24447
0.00, 23651
0.00, 23479
0.00, 22719
0.01, 22614
0.01, 22187
0.01, 21617
0.01, 21238
0.01, 21119
0.01, 20923
0.01, 20877
0.01, 20866
0.01, 20719
0.01, 20691
0.01, 20590
0.01, 20532
0.01, 20282
0.01, 20252
0.01, 20170
0.01, 20113
0.01, 19433
0.01, 19052
0.01, 18969
0.01, 18956
0.01, 18928
0.01, 18872
0.01, 18816
0.01, 18591
0.01, 18056
0.01, 17998
0.01, 17884
0.01, 17787
0.01, 17691
0.01, 17682
0.01, 16875
0.01, 16870
0.01, 16704
0.01, 16685
0.01, 16577
0.01, 15810
0.01, 15748
0.01, 15602
0.01, 15420
0.01, 15402
0.01, 15382
0.01, 15284
0.01, 15070
0.01, 14996
0.01, 14918
0.01, 14858
0.01, 14856
0.02, 14562
0.02, 14551
0.02, 14502
0.02, 14477
0.02, 14463
0.02, 14455
0.02, 14449
0.02, 14370
0.02, 14108
0.02, 13976
0.02, 13817
0.02, 13777
0.02, 13699
0.02, 13565
0.02, 13524
0.02, 13438
0.03, 13389
0.03, 13238
0.03, 12989
0.03, 12979
0.03, 12879
0.03, 12869
0.03, 12495
0.03, 12429
0.03, 12336
0.04, 12166
0.04, 12156
0.04, 12132
0.04, 12110
0.04, 12042
0.04, 12037
0.04, 11956
0.04, 11876
0.04, 11864
0.05, 11789
0.05, 11661
0.05, 11626
0.05, 11536
0.05, 11494
0.05, 11351
0.05, 11284
0.05, 11241
0.06, 11176
0.07, 11166
0.07, 10949
0.07, 10920
0.19, 10798
0.19, 10724
0.19, 10539
0.20, 10526
0.20, 10425
0.21, 10302
0.21, 10267
0.23, 10240
0.23, 10188
0.24, 10109
0.25, 10085
0.27, 10056
0.28, 10007
3.56, 9949
4.51, 9881
4.51, 9870
4.51, 9833
4.52, 9784
4.52, 9767
4.52, 9742
4.52, 9735
4.53, 9704
4.53, 9702
4.53, 9695
4.54, 9682
4.55, 9632
4.56, 9611
9.89, 9529
9.90, 9509
18.46, 9357
18.46, 9337
18.46, 9296
18.46, 9285
18.46, 9262
18.47, 9252
33.41, 9229
33.41, 9219
33.42, 9182
33.43, 9178
33.44, 9166
33.45, 9165
33.46, 9148
33.46, 9136
