0.03, 29476
0.03, 29382
0.03, 28826
0.03, 28809
0.03, 27547
0.03, 27502
0.03, 27428
0.03, 27347
0.03, 27160
0.03, 26890
0.03, 26839
0.03, 26692
0.03, 26193
0.03, 25738
0.03, 25261
0.03, 24999
0.04, 24666
0.04, 24631
0.05, 24623
0.05, 24585
0.05, 24422
0.05, 23987
0.05, 23918
0.05, 23624
0.05, 23228
0.05, 23168
0.05, 22920
0.05, 22911
0.05, 22903
0.05, 22782
0.05, 22600
0.05, 22549
0.05, 22544
0.05, 22402
0.05, 21646
0.05, 21180
0.06, 21013
0.06, 20919
0.06, 20581
0.06, 20179
0.06, 19906
0.06, 19694
0.06, 19202
0.06, 18996
0.06, 18375
0.06, 18118
0.06, 17630
0.06, 17384
0.06, 17342
0.06, 17083
0.06, 16838
0.06, 16694
0.06, 16501
0.06, 16345
0.06, 16320
0.08, 16289
0.08, 15477
0.08, 15411
0.09, 15333
0.09, 15332
0.09, 15320
0.09, 14966
0.09, 14736
0.11, 14710
0.11, 14662
0.11, 14506
0.11, 14483
0.11, 14340
0.12, 14181
0.12, 14118
0.12, 14053
0.12, 14003
0.14, 13854
0.14, 13774
0.14, 13678
0.15, 13661
0.15, 13378
0.15, 13324
0.17, 13246
0.17, 13169
0.17, 13164
0.17, 13147
0.18, 13136
0.19, 13119
0.19, 13067
0.20, 12897
0.22, 12870
0.22, 12812
0.22, 12669
0.22, 12659
0.23, 12561
0.23, 12414
0.24, 12132
0.24, 12109
0.24, 12003
0.27, 11954
0.27, 11878
0.27, 11730
0.27, 11405
0.27, 11380
0.29, 11370
0.32, 11357
0.33, 11207
0.35, 11081
0.35, 11058
0.35, 11022
0.35, 11020
0.38, 10819
0.38, 10810
0.41, 10588
0.45, 10567
0.46, 10542
0.49, 10523
0.49, 10386
0.54, 10355
0.54, 10326
0.54, 10235
0.57, 10083
4.13, 10076
4.13, 10046
4.15, 9958
4.15, 9930
6.80, 9917
6.84, 9897
6.84, 9862
