0.00, 29903
0.00, 29052
0.00, 28982
0.00, 28963
0.00, 28561
0.00, 28085
0.00, 26467
0.00, 26111
0.01, 25573
0.01, 25481
0.01, 25033
0.01, 24450
0.01, 24141
0.01, 24096
0.01, 23636
0.01, 23608
0.01, 23602
0.01, 23457
0.01, 22695
0.01, 22536
0.01, 22530
0.01, 22351
0.01, 22338
0.01, 22074
0.01, 21910
0.01, 21034
0.01, 20409
0.01, 20230
0.01, 19313
0.01, 19254
0.01, 18538
0.01, 18534
0.01, 17873
0.01, 17764
0.01, 17468
0.01, 17449
0.02, 17283
0.02, 17185
0.02, 17138
0.02, 16860
0.02, 16841
0.02, 16735
0.02, 16717
0.02, 16701
0.02, 16638
0.02, 16528
0.02, 16365
0.02, 16354
0.02, 16093
0.02, 16041
0.02, 16035
0.02, 16027
0.03, 15857
0.03, 15829
0.03, 15728
0.03, 15680
0.03, 15660
0.03, 15371
0.03, 15367
0.03, 14891
0.03, 14725
0.03, 14007
0.03, 13859
0.03, 13790
0.03, 13706
0.03, 13517
0.03, 13396
0.03, 13377
0.03, 13335
0.03, 13161
0.04, 13137
0.04, 13114
0.04, 13111
0.04, 13102
0.04, 12819
0.04, 12753
0.04, 12705
0.05, 12697
0.06, 12119
0.07, 12118
0.08, 12099
0.08, 12005
0.08, 11979
0.08, 11959
0.08, 11950
0.09, 11929
0.09, 11865
0.10, 11836
0.10, 11822
0.10, 11567
0.11, 11217
0.11, 11187
0.11, 11173
0.11, 11141
0.12, 11122
0.12, 11119
0.12, 11110
0.13, 11107
0.13, 10776
0.13, 10744
0.14, 10743
0.14, 10696
0.14, 10624
0.14, 10622
0.15, 10617
0.15, 10606
0.15, 10602
0.74, 10536
0.75, 10516
1.10, 10456
1.11, 10445
1.11, 10434
1.11, 10334
1.12, 10276
1.13, 10082
1.13, 10079
1.13, 10043
1.14, 9912
1.14, 9854
1.15, 9808
1.16, 9794
1.17, 9717
1.17, 9686
1.17, 9609
1.17, 9456
1.18, 9404
2.04, 9374
2.05, 9344
2.05, 9336
2.06, 9318
2.07, 9305
2.08, 9298
2.09, 9233
2.10, 9225
2.12, 9210
44.07, 9186
51.03, 9112
51.03, 9110
51.04, 9107
51.04, 9052
