0.01, 27473
0.01, 26988
0.01, 26867
0.01, 26741
0.01, 26594
0.01, 25725
0.01, 25703
0.01, 25607
0.01, 25441
0.01, 25140
0.01, 24708
0.04, 24262
0.04, 23639
0.04, 23164
0.04, 23113
0.04, 22958
0.04, 22840
0.04, 22674
0.04, 22646
0.04, 22582
0.04, 21680
0.04, 21631
0.04, 21418
0.04, 21339
0.04, 21224
0.04, 21132
0.04, 21021
0.04, 20912
0.04, 20835
0.04, 20604
0.04, 20470
0.04, 20462
0.04, 20203
0.04, 19715
0.05, 19540
0.05, 19434
0.05, 19431
0.05, 18499
0.05, 18172
0.05, 17615
0.05, 17596
0.05, 17420
0.05, 17343
0.07, 16769
0.07, 16745
0.07, 16743
0.07, 16645
0.08, 16578
0.08, 16498
0.08, 16000
0.08, 15428
0.08, 15301
0.08, 15269
0.08, 15172
0.09, 15090
0.09, 15045
0.11, 14512
0.11, 14415
0.11, 14146
0.11, 14106
0.12, 13453
0.12, 13399
0.12, 13380
0.13, 13359
0.17, 13328
0.17, 13172
0.17, 13127
0.18, 12997
0.18, 12704
0.18, 12593
0.18, 12582
0.20, 12381
0.20, 12362
0.21, 12238
0.21, 12087
0.21, 12044
0.26, 12013
0.26, 11886
0.30, 11871
0.31, 11863
0.31, 11842
0.32, 11694
0.34, 11688
0.34, 11584
0.34, 11560
0.37, 11506
0.37, 11460
0.42, 11320
0.43, 11276
1.26, 11238
1.28, 10974
1.70, 10964
1.70, 10854
1.71, 10846
1.73, 10835
1.73, 10792
1.73, 10782
1.76, 10713
1.76, 10701
1.76, 10693
1.76, 10557
1.79, 10287
1.82, 10205
1.94, 10202
1.94, 9971
1.99, 9921
1.99, 9884
2.05, 9863
2.06, 9796
2.06, 9789
2.16, 9779
4.49, 9754
5.40, 9547
5.41, 9540
