0.00, 30666
0.00, 30259
0.00, 29981
0.00, 29655
0.01, 29259
0.01, 29251
0.01, 28979
0.01, 28781
0.01, 28772
0.01, 28364
0.03, 27955
0.03, 27544
0.03, 27462
0.03, 27314
0.03, 27254
0.03, 26629
0.04, 26592
0.04, 26388
0.04, 26308
0.04, 26009
0.04, 25276
0.04, 25259
0.04, 25252
0.04, 24706
0.04, 24585
0.04, 24270
0.04, 23814
0.04, 23277
0.04, 22721
0.04, 22693
0.04, 22564
0.04, 22401
0.04, 21746
0.04, 21667
0.04, 21625
0.04, 21496
0.04, 21281
0.04, 21157
0.04, 20924
0.04, 20624
0.04, 20386
0.04, 20081
0.04, 19817
0.04, 19787
0.04, 19711
0.04, 19710
0.08, 19029
0.08, 18905
0.08, 18605
0.08, 17768
0.08, 17658
0.08, 17458
0.08, 17405
0.08, 17254
0.08, 17205
0.08, 17148
0.08, 16957
0.08, 16594
0.08, 16175
0.08, 15803
0.08, 15727
0.08, 15707
0.08, 15631
0.10, 15560
0.11, 15437
0.11, 15433
0.11, 15225
0.11, 15208
0.11, 15014
0.11, 15013
0.11, 14634
0.11, 14603
0.11, 14594
0.11, 14531
0.11, 14516
0.12, 14434
0.13, 14387
0.14, 14351
0.14, 14243
0.14, 14202
0.14, 14190
0.14, 14158
0.14, 14002
0.17, 13914
0.17, 13896
0.17, 13876
0.17, 13806
0.17, 13646
0.20, 13633
0.22, 13616
0.22, 13564
0.22, 13236
0.22, 13234
0.22, 13198
0.22, 13166
0.22, 13129
0.23, 12966
0.25, 12917
0.25, 12800
0.25, 12743
0.25, 12718
0.30, 12667
0.30, 11991
0.30, 11968
0.33, 11919
0.33, 11853
0.34, 11612
0.38, 11581
0.41, 11567
0.45, 11545
0.45, 11448
0.46, 11420
0.50, 11334
0.55, 10986
0.61, 10941
0.64, 10869
0.69, 10825
0.72, 10821
0.72, 10783
0.73, 10748
2.00, 10707
2.00, 10685
2.04, 10682
2.04, 10605
2.06, 10598
2.11, 10589
2.11, 10524
2.11, 10471
2.16, 10458
2.16, 10411
2.16, 10405
2.17, 10246
2.18, 10237
2.18, 10231
2.26, 10226
2.29, 10172
2.31, 9953
2.31, 9926
2.31, 9918
2.34, 9864
2.34, 9778
2.37, 9654
2.41, 9642
2.45, 9641
