0.00, 30545
0.00, 30340
0.00, 29870
0.00, 29642
0.00, 29307
0.01, 29223
0.01, 29034
0.01, 28886
0.01, 28295
0.01, 27688
0.01, 27681
0.01, 27679
0.01, 27293
0.01, 27255
0.01, 27205
0.01, 27025
0.01, 26826
0.01, 26813
0.02, 26755
0.02, 26107
0.02, 25791
0.02, 25612
0.02, 25591
0.02, 25537
0.02, 25192
0.02, 25099
0.02, 24874
0.02, 24815
0.02, 23816
0.03, 23787
0.03, 23676
0.03, 23512
0.03, 23490
0.03, 23388
0.03, 23230
0.03, 23229
0.03, 23216
0.03, 23192
0.03, 22995
0.03, 22897
0.04, 22844
0.04, 22757
0.04, 22490
0.04, 22342
0.04, 22261
0.04, 22224
0.04, 22214
0.04, 20952
0.04, 20705
0.04, 20336
0.04, 20259
0.04, 19923
0.05, 19883
0.05, 19595
0.05, 19504
0.05, 19457
0.05, 19420
0.05, 19279
0.06, 19102
0.06, 19017
0.06, 18972
0.06, 18903
0.06, 18828
0.06, 18821
0.07, 18759
0.07, 18721
0.07, 18655
0.07, 18591
0.07, 18575
0.07, 18505
0.08, 18461
0.08, 18339
0.08, 18282
0.08, 18235
0.08, 18165
0.08, 18163
0.08, 18069
0.09, 18033
0.09, 17955
0.09, 17736
0.09, 17608
0.09, 17527
0.09, 17506
0.10, 17072
0.10, 17019
0.10, 17013
0.10, 16982
0.10, 16945
0.11, 16870
0.11, 16834
0.11, 16474
0.12, 16344
0.12, 16335
0.12, 16311
0.13, 16265
0.13, 16254
0.14, 16225
0.14, 16219
0.15, 15973
0.15, 15838
0.16, 15724
0.16, 14993
0.17, 14972
0.17, 14921
0.18, 14820
0.18, 14815
0.19, 14774
0.19, 14772
0.20, 14675
0.21, 14394
0.22, 14370
0.22, 14014
0.23, 13664
0.24, 13653
0.24, 13648
0.25, 13614
0.26, 13563
0.27, 13515
0.28, 13480
0.29, 13201
0.30, 13174
0.31, 13116
0.32, 13091
0.33, 13056
0.34, 12958
0.34, 12938
0.35, 12923
0.36, 12911
0.37, 12675
0.38, 12524
0.38, 12514
0.39, 12508
0.39, 12502
0.40, 12490
0.41, 12481
0.42, 12449
0.42, 12441
0.43, 12253
0.45, 12102
0.46, 11960
0.47, 11856
0.48, 11834
0.49, 11779
0.50, 11520
0.51, 11515
0.52, 11507
0.53, 11004
0.54, 10867
0.55, 10549
0.56, 10470
0.57, 10403
0.58, 10308
0.59, 10268
0.60, 10144
0.60, 10084
0.61, 10082
0.61, 10066
0.61, 9899
0.62, 9884
0.64, 9823
0.65, 9744
0.67, 9737
0.68, 9717
0.68, 9672
0.68, 9671
0.70, 9603
0.72, 9538
0.72, 9534
0.73, 9408
0.73, 9402
0.74, 9363
0.74, 9347
0.74, 9210
0.75, 9195
0.77, 8794
0.78, 8719
0.80, 8666
0.82, 8584
0.84, 8561
1.82, 8292
1.83, 8241
1.85, 8193
1.87, 8162
1.89, 8155
3.97, 7931
3.99, 7825
4.01, 7824
4.03, 7801
5.67, 7542
