0.00, 25176
0.00, 25046
0.00, 24741
0.00, 24705
0.01, 24690
0.01, 24409
0.01, 24294
0.01, 23341
0.01, 22454
0.01, 22408
0.01, 22284
0.01, 22251
0.01, 22224
0.01, 22124
0.01, 21841
0.01, 21815
0.03, 21810
0.03, 21771
0.03, 21723
0.03, 21642
0.03, 21354
0.03, 20772
0.03, 20760
0.03, 20290
0.03, 20181
0.04, 20147
0.04, 19702
0.04, 19579
0.04, 19392
0.04, 19281
0.04, 19276
0.04, 18995
0.04, 18983
0.04, 18981
0.04, 18341
0.08, 18207
0.08, 18155
0.08, 17318
0.08, 17013
0.08, 16160
0.08, 16131
0.08, 16059
0.08, 15535
0.08, 15336
0.08, 15313
0.08, 15250
0.08, 15188
0.11, 15160
0.11, 15146
0.11, 15061
0.11, 15013
0.11, 14938
0.11, 14854
0.11, 14832
0.12, 14822
0.13, 14743
0.14, 14511
0.14, 14235
0.14, 14223
0.14, 13940
0.15, 13894
0.16, 13454
0.16, 13447
0.16, 13350
0.17, 13220
0.17, 13189
0.17, 13118
0.17, 13071
0.19, 13046
0.19, 13031
0.19, 12615
0.22, 12254
0.22, 12233
0.22, 12101
0.24, 12081
0.24, 12052
0.24, 12044
0.25, 11990
0.25, 11989
0.25, 11944
0.25, 11760
0.28, 11757
0.28, 11752
0.28, 11714
0.31, 11699
0.31, 11654
0.31, 11571
0.31, 11562
0.33, 11504
0.34, 11496
0.34, 11475
0.35, 11440
0.35, 11374
0.40, 11177
0.40, 11176
0.41, 11133
0.43, 11094
0.46, 10862
0.53, 10861
0.54, 10852
0.54, 10777
0.54, 10727
0.57, 10695
0.57, 10678
0.64, 10547
0.65, 10527
0.65, 10520
0.66, 10515
1.95, 10511
1.95, 10492
1.97, 10215
1.97, 10060
1.99, 10036
1.99, 10030
2.00, 9777
2.02, 9695
2.10, 9665
2.12, 9608
2.12, 9585
8.09, 9554
