0.01, 30666
0.01, 30259
0.01, 29981
0.01, 29655
0.01, 29259
0.01, 29251
0.01, 28979
0.01, 28781
0.01, 28772
0.01, 28364
0.01, 27955
0.01, 27544
0.01, 27462
0.01, 27314
0.01, 27254
0.01, 26629
0.06, 26592
0.06, 26388
0.06, 26308
0.06, 26009
0.06, 25276
0.06, 25259
0.06, 25252
0.06, 24706
0.06, 24585
0.06, 24270
0.06, 23814
0.06, 23277
0.06, 22721
0.06, 22693
0.06, 22564
0.06, 22401
0.06, 21746
0.06, 21667
0.06, 21625
0.06, 21496
0.06, 21281
0.06, 21157
0.06, 20924
0.06, 20624
0.06, 20386
0.08, 20081
0.08, 19817
0.08, 19787
0.08, 19711
0.08, 19710
0.08, 19029
0.08, 18905
0.08, 18605
0.08, 17768
0.08, 17658
0.09, 17458
0.09, 17405
0.09, 17254
0.09, 17205
0.09, 17148
0.09, 16957
0.09, 16594
0.09, 16175
0.10, 15803
0.10, 15727
0.10, 15707
0.10, 15631
0.11, 15560
0.11, 15437
0.11, 15433
0.11, 15225
0.11, 15208
0.11, 15014
0.11, 15013
0.11, 14634
0.11, 14603
0.11, 14594
0.11, 14531
0.11, 14516
0.14, 14434
0.15, 14387
0.15, 14351
0.15, 14243
0.15, 14202
0.15, 14190
0.15, 14158
0.16, 14002
0.17, 13914
0.17, 13896
0.17, 13876
0.19, 13806
0.19, 13646
0.22, 13633
0.22, 13616
0.22, 13564
0.22, 13236
0.24, 13234
0.24, 13198
0.25, 13166
0.25, 13129
0.25, 12966
0.25, 12917
0.25, 12800
0.27, 12743
0.28, 12718
0.31, 12667
0.31, 11991
0.33, 11968
0.34, 11919
0.34, 11853
0.36, 11612
0.42, 11581
0.44, 11567
0.48, 11545
0.48, 11448
0.48, 11420
0.50, 11334
0.58, 10986
0.63, 10941
0.66, 10869
0.72, 10825
0.75, 10821
0.77, 10783
0.78, 10748
2.11, 10707
2.11, 10685
2.12, 10682
2.12, 10605
2.16, 10598
2.16, 10589
2.16, 10524
2.17, 10471
2.17, 10458
2.17, 10411
2.20, 10405
2.20, 10246
2.22, 10237
2.23, 10231
2.28, 10226
2.31, 10172
2.31, 9953
2.32, 9926
2.33, 9918
2.33, 9864
2.33, 9778
2.36, 9654
2.42, 9642
2.46, 9641
22.80, 9619
