0.02, 27922
0.02, 27624
0.02, 27113
0.02, 26954
0.02, 26891
0.02, 26678
0.02, 25848
0.02, 25728
0.02, 24933
0.02, 24092
0.02, 23819
0.02, 23625
0.02, 22860
0.02, 22536
0.02, 22370
0.02, 22011
0.02, 21351
0.03, 21131
0.03, 21045
0.03, 21044
0.03, 20705
0.03, 20607
0.04, 20498
0.04, 20414
0.04, 20388
0.04, 20219
0.04, 19908
0.05, 19596
0.05, 19487
0.05, 19048
0.05, 18956
0.05, 18898
0.05, 18821
0.05, 18752
0.05, 18279
0.05, 18042
0.05, 18036
0.05, 17988
0.05, 17690
0.05, 17361
0.05, 17292
0.05, 17289
0.05, 17234
0.05, 17043
0.05, 17015
0.05, 16981
0.05, 16868
0.05, 15920
0.05, 15837
0.05, 15693
0.05, 15614
0.05, 15588
0.05, 15581
0.07, 15118
0.08, 14864
0.08, 14819
0.08, 14762
0.08, 14693
0.08, 14468
0.08, 14405
0.08, 14317
0.08, 14271
0.10, 14235
0.10, 14229
0.10, 14085
0.10, 14082
0.10, 14059
0.10, 14053
0.10, 14049
0.11, 13328
0.12, 13232
0.12, 13057
0.12, 12907
0.12, 12758
0.13, 12447
0.15, 12384
0.15, 12348
0.15, 12276
0.15, 12093
0.15, 12028
0.18, 12013
0.18, 12007
0.18, 11565
0.18, 11555
0.20, 11509
0.21, 11469
0.21, 11441
0.22, 11394
0.22, 11373
0.22, 11351
0.27, 11257
0.32, 11220
0.32, 11213
0.34, 11210
0.34, 11200
0.38, 10958
0.41, 10930
0.42, 10907
0.44, 10906
0.44, 10901
0.46, 10892
2.11, 10887
2.13, 10763
2.16, 10745
2.16, 10724
2.17, 10674
2.19, 10618
2.28, 10617
2.29, 10612
2.29, 10575
2.35, 10503
2.35, 10501
2.37, 10467
2.41, 10405
2.42, 10225
4.63, 10151
4.67, 10123
4.70, 10063
4.76, 10047
4.80, 10031
4.86, 10030
4.87, 10007
6.41, 9967
6.43, 9928
6.43, 9886
6.45, 9877
6.46, 9798
6.49, 9793
6.55, 9785
6.55, 9762
6.57, 9745
6.58, 9730
12.15, 9717
12.15, 9708
12.18, 9641
12.19, 9626
23.99, 9586
23.99, 9457
24.00, 9434
24.00, 9416
24.05, 9390
24.10, 9259
24.13, 9250
24.14, 9240
24.18, 9183
24.18, 9182
24.18, 9158
24.21, 9134
24.29, 9095
24.34, 9091
24.35, 9086
