0.00, 2966690
0.00, 2880224
0.00, 2876998
0.00, 2843227
0.00, 2837888
0.00, 2826601
0.00, 2817094
0.00, 2751366
0.00, 2722771
0.00, 2710351
0.00, 2705142
0.00, 2639580
0.00, 2606039
0.00, 2601324
0.00, 2595592
0.00, 2591830
0.00, 2589804
0.00, 2568094
0.00, 2529080
0.00, 2468576
0.00, 2434579
0.00, 2389933
0.00, 2360571
0.00, 2321760
0.00, 2310428
0.00, 2239991
0.00, 2229238
0.00, 2208135
0.00, 2204899
0.00, 2176400
0.00, 2106251
0.01, 2087569
0.01, 2048903
0.01, 2046196
0.01, 2037958
0.01, 2017291
0.01, 1979298
0.01, 1974320
0.01, 1972892
0.01, 1970500
0.01, 1943249
0.01, 1941554
0.01, 1915893
0.01, 1908366
0.01, 1861311
0.01, 1838248
0.01, 1823691
0.01, 1812863
0.01, 1789879
0.01, 1785996
0.01, 1764639
0.02, 1761470
0.02, 1758742
0.02, 1752034
0.02, 1728239
0.02, 1701885
0.02, 1666354
0.02, 1658291
0.02, 1607046
0.02, 1585625
0.02, 1574564
0.02, 1573619
0.02, 1571118
0.02, 1569056
0.03, 1523224
0.03, 1433152
0.03, 1430217
0.03, 1429531
0.03, 1427132
0.03, 1423888
0.03, 1417555
0.03, 1411331
0.03, 1400876
0.03, 1367027
0.03, 1344127
0.04, 1341135
0.04, 1313867
0.05, 1312026
0.05, 1293888
0.06, 1287162
0.06, 1287066
0.07, 1285106
0.07, 1285037
0.08, 1263993
0.08, 1259261
0.09, 1252443
0.09, 1241407
0.10, 1237622
0.11, 1232867
0.11, 1226423
0.12, 1226327
0.12, 1208965
0.13, 1206253
0.13, 1192251
0.14, 1185536
0.15, 1184018
0.15, 1147866
0.16, 1142821
0.16, 1136220
0.17, 1116140
0.18, 1107040
0.18, 1102058
0.19, 1098533
0.19, 1097262
0.20, 1083363
0.21, 1079175
0.21, 1069002
0.22, 1068355
0.22, 1067318
0.23, 1024768
0.24, 1022510
0.24, 1021212
0.25, 1004195
0.26, 994451
0.26, 987287
0.27, 968341
0.28, 967790
0.28, 920662
0.29, 910872
0.30, 900872
0.31, 900662
3.85, 899517
5.73, 895082
8.53, 894606
63.24, 894197
81.13, 894087
81.14, 893536
