0.00, 3158805
0.00, 3097596
0.00, 3047822
0.00, 2797849
0.00, 2761338
0.00, 2749878
0.00, 2697038
0.00, 2674202
0.00, 2662130
0.00, 2629829
0.00, 2569804
0.00, 2548311
0.00, 2530991
0.00, 2528372
0.00, 2515884
0.00, 2400380
0.00, 2330599
0.00, 2302347
0.00, 2297216
0.00, 2294176
0.00, 2268493
0.00, 2265623
0.00, 2178838
0.00, 2148737
0.00, 2109071
0.00, 2009276
0.00, 2008055
0.00, 2007754
0.00, 1989742
0.00, 1977560
0.00, 1928138
0.00, 1917295
0.00, 1878043
0.01, 1855000
0.01, 1820075
0.01, 1808549
0.01, 1793967
0.01, 1789736
0.01, 1780494
0.01, 1778548
0.01, 1756952
0.01, 1747743
0.01, 1736845
0.01, 1728172
0.01, 1680197
0.01, 1640973
0.01, 1640157
0.01, 1554903
0.01, 1543111
0.01, 1538074
0.01, 1538005
0.01, 1534766
0.01, 1532039
0.01, 1531450
0.01, 1529937
0.01, 1482626
0.01, 1466303
0.01, 1465386
0.01, 1465056
0.01, 1463061
0.02, 1449197
0.02, 1446254
0.02, 1428994
0.02, 1388328
0.02, 1378765
0.02, 1350396
0.02, 1335326
0.02, 1333303
0.02, 1332753
0.02, 1331522
0.03, 1281125
0.03, 1271714
0.03, 1267344
0.03, 1258757
0.03, 1254080
0.03, 1240936
0.03, 1223440
0.03, 1223025
0.03, 1218623
0.04, 1210954
0.04, 1203726
0.04, 1197074
0.04, 1192649
0.04, 1174287
0.05, 1162433
0.05, 1161769
0.05, 1158623
0.05, 1144832
0.06, 1143517
0.06, 1138002
0.06, 1135294
0.06, 1100441
0.07, 1085875
0.11, 1084384
0.12, 1083639
0.33, 1080993
0.33, 1079691
0.34, 1078600
0.59, 1059063
0.59, 1055530
0.59, 1052385
0.59, 1032608
0.59, 1028745
0.60, 1028218
0.60, 1027194
0.61, 1020030
0.61, 1019994
0.61, 1015061
0.62, 1012809
0.62, 1012775
0.63, 999867
0.63, 999654
0.63, 997053
0.64, 992996
0.64, 990796
0.65, 986214
0.66, 983637
0.67, 979671
0.68, 960695
