0.00, 2719960
0.00, 2698524
0.00, 2665853
0.00, 2646072
0.00, 2478782
0.00, 2463208
0.00, 2456641
0.00, 2134697
0.00, 2103320
0.00, 2057247
0.00, 2041419
0.00, 1952864
0.00, 1935135
0.00, 1931690
0.00, 1925446
0.00, 1911904
0.00, 1854988
0.00, 1854336
0.00, 1829003
0.00, 1809784
0.01, 1792094
0.01, 1780850
0.01, 1766836
0.01, 1760516
0.01, 1626314
0.01, 1586651
0.01, 1489817
0.01, 1402043
0.01, 1401862
0.01, 1390943
0.01, 1383069
0.01, 1379790
0.01, 1365713
0.01, 1357532
0.01, 1349967
0.01, 1348597
0.01, 1344866
0.01, 1334436
0.01, 1327637
0.01, 1307748
0.01, 1303097
0.01, 1295906
0.01, 1289515
0.01, 1279298
0.01, 1267323
0.01, 1232301
0.01, 1228949
0.01, 1218460
0.02, 1191436
0.02, 1188026
0.02, 1180648
0.02, 1179055
0.02, 1167435
0.02, 1152025
0.02, 1142086
0.03, 1135881
0.03, 1130795
0.03, 1124167
0.03, 1117294
0.03, 1105871
0.03, 1103664
0.04, 1102600
0.04, 1099794
0.04, 1099760
0.04, 1099075
0.06, 1098710
0.13, 1088250
0.13, 1069274
0.14, 1056577
0.14, 1056384
0.14, 1045382
0.15, 1043368
0.16, 1039575
0.16, 1039365
0.18, 1039115
0.19, 1038593
0.20, 1033055
0.20, 1030104
0.20, 1028179
0.92, 1019383
1.68, 975511
1.68, 974960
1.68, 971529
1.68, 964940
1.68, 964276
1.69, 961535
1.70, 956780
1.71, 956570
