0.00, 2977077
0.00, 2906753
0.00, 2768078
0.00, 2738478
0.00, 2713024
0.00, 2689145
0.00, 2676216
0.00, 2670288
0.00, 2666903
0.00, 2558943
0.00, 2454074
0.00, 2348722
0.00, 2282377
0.00, 2177103
0.00, 2105813
0.00, 2060127
0.00, 2036384
0.00, 2034976
0.00, 2007873
0.00, 1988455
0.00, 1959259
0.00, 1950212
0.00, 1840314
0.00, 1808348
0.00, 1750858
0.00, 1742682
0.00, 1719103
0.00, 1675236
0.00, 1667693
0.01, 1662671
0.01, 1652885
0.01, 1630281
0.01, 1622664
0.01, 1620470
0.01, 1596035
0.01, 1593362
0.01, 1592791
0.01, 1577175
0.01, 1570814
0.01, 1537614
0.01, 1536808
0.01, 1527532
0.01, 1489918
0.01, 1473108
0.01, 1464687
0.01, 1463882
0.01, 1446809
0.01, 1427882
0.01, 1420878
0.01, 1402751
0.01, 1398994
0.01, 1372200
0.01, 1368954
0.02, 1367417
0.02, 1361056
0.02, 1344831
0.02, 1303670
0.02, 1297150
0.02, 1285471
0.02, 1277150
0.02, 1264374
0.02, 1247909
0.02, 1246127
0.02, 1218996
0.03, 1206965
0.03, 1203539
0.04, 1202631
0.04, 1197130
0.04, 1196876
0.04, 1196325
0.04, 1196007
0.05, 1175879
0.05, 1170678
0.05, 1169847
0.05, 1158752
0.05, 1143941
0.05, 1141634
0.05, 1117148
0.06, 1104086
0.06, 1099549
0.06, 1092817
0.06, 1064788
0.07, 1059115
0.07, 1056723
0.07, 1055098
0.08, 1053711
0.08, 1053375
0.09, 1037719
0.10, 1034788
0.10, 1034715
0.84, 1034360
0.84, 1023997
0.85, 1022665
0.85, 1022576
0.85, 1018541
0.86, 1015677
0.86, 1005677
9.03, 997429
21.14, 988829
21.14, 981013
21.16, 979786
21.16, 978597
21.16, 977497
21.17, 977127
33.78, 966863
71.53, 964154
