0.00, 2951349
0.00, 2929745
0.00, 2928231
0.00, 2926605
0.00, 2842447
0.00, 2838024
0.00, 2828015
0.00, 2808176
0.01, 2807499
0.01, 2714746
0.01, 2699289
0.01, 2673106
0.01, 2535402
0.01, 2530084
0.01, 2519122
0.01, 2504003
0.01, 2368160
0.01, 2363186
0.01, 2349243
0.01, 2343107
0.01, 2295359
0.01, 2291553
0.01, 2251015
0.01, 2230501
0.01, 2216380
0.02, 2215321
0.02, 2213649
0.02, 2194868
0.02, 2181929
0.02, 2166038
0.02, 2125168
0.02, 2125132
0.02, 2108546
0.02, 2108400
0.02, 2106843
0.02, 2061686
0.02, 2058123
0.02, 2056746
0.03, 2045376
0.03, 2028805
0.03, 2027473
0.03, 2024719
0.03, 2015803
0.03, 1990286
0.03, 1983263
0.04, 1982097
0.04, 1809355
0.04, 1809338
0.04, 1569719
0.05, 1560839
0.05, 1558841
0.05, 1557110
0.05, 1542715
0.06, 1532959
0.06, 1531443
0.06, 1519979
0.06, 1511359
0.07, 1503255
0.07, 1485103
0.07, 1450117
0.08, 1334381
0.08, 1329174
0.08, 1321876
0.09, 1320732
0.09, 1303354
0.09, 1301488
0.10, 1288528
0.10, 1280803
0.10, 1262471
0.11, 1257514
0.11, 1253548
0.11, 1234572
0.12, 1228292
0.13, 1227297
0.13, 1224265
0.14, 1222972
0.14, 1211322
0.15, 1208368
0.15, 1203030
0.16, 1196974
0.16, 1188290
0.17, 1174168
0.17, 1160901
0.17, 1160475
0.18, 1107896
0.18, 1105416
0.18, 1102258
0.18, 1102116
0.18, 1072727
0.19, 1056185
0.19, 1046821
0.19, 1039649
0.20, 1021574
0.20, 1019391
0.21, 1017817
0.22, 1014821
0.22, 1009954
0.23, 1002535
0.24, 1000143
0.25, 999933
0.25, 989933
0.26, 982553
0.27, 980353
0.28, 980143
0.28, 957159
0.29, 927074
0.30, 925312
0.31, 922455
0.31, 916805
0.31, 916718
0.31, 898036
0.31, 894378
0.32, 894197
38.76, 893536
