0.00, 2871350
0.00, 2868516
0.00, 2863062
0.00, 2840093
0.00, 2755128
0.00, 2719527
0.00, 2587613
0.00, 2530708
0.00, 2519766
0.00, 2433176
0.00, 2407581
0.00, 2347824
0.00, 2257514
0.00, 2255081
0.00, 2124034
0.00, 2076676
0.00, 2013517
0.01, 1978751
0.01, 1957735
0.01, 1914366
0.01, 1911785
0.01, 1897313
0.01, 1886522
0.01, 1882791
0.02, 1877894
0.02, 1868812
0.02, 1795123
0.02, 1790615
0.02, 1785350
0.02, 1777518
0.03, 1762344
0.03, 1753794
0.03, 1647661
0.03, 1644326
0.03, 1594685
0.04, 1590764
0.04, 1573619
0.04, 1555563
0.04, 1554202
0.04, 1548958
0.05, 1545995
0.05, 1452455
0.05, 1445451
0.05, 1437195
0.06, 1418331
0.06, 1412490
0.07, 1405751
0.07, 1382986
0.07, 1367083
0.08, 1344324
0.08, 1342124
0.08, 1341914
0.09, 1321343
0.09, 1319144
0.10, 1307166
0.10, 1303880
0.11, 1268472
0.11, 1254018
0.11, 1248789
0.12, 1238106
0.12, 1224585
0.13, 1221035
0.13, 1219686
0.14, 1213687
0.14, 1208458
0.15, 1180545
0.15, 1174056
0.16, 1170568
0.16, 1157104
0.17, 1154059
0.17, 1107240
0.18, 1105781
0.18, 1105224
0.19, 1104572
0.19, 1102669
0.20, 1101359
0.21, 1093853
0.21, 1064802
0.22, 1061136
0.23, 1058980
0.24, 1058799
0.24, 1058653
0.25, 1040409
0.26, 1013003
0.26, 1003332
0.26, 988860
0.27, 966313
0.27, 950480
0.27, 947335
0.28, 941379
0.28, 939395
0.28, 939182
0.29, 939140
0.30, 937945
0.31, 933120
0.74, 925935
0.75, 924837
0.76, 923571
0.77, 923100
0.78, 920104
1.98, 913451
1.99, 913305
2.81, 898228
4.24, 896366
26.48, 896362
26.49, 896152
28.31, 894159
58.93, 893536
