0.00, 3050026
0.00, 2941298
0.00, 2884154
0.00, 2844448
0.00, 2829785
0.00, 2809021
0.00, 2747717
0.00, 2744777
0.00, 2711787
0.00, 2693645
0.00, 2692767
0.00, 2664933
0.00, 2660413
0.00, 2585103
0.00, 2583755
0.00, 2543687
0.00, 2525216
0.00, 2522181
0.00, 2520380
0.00, 2520196
0.00, 2371906
0.00, 2362959
0.00, 2362510
0.01, 2321163
0.01, 2311060
0.01, 2306483
0.01, 2294929
0.01, 2283320
0.01, 2281996
0.01, 2259197
0.01, 2219060
0.01, 2188509
0.01, 2183097
0.01, 2156892
0.01, 2081084
0.01, 2076180
0.01, 2073697
0.01, 2061055
0.01, 2060387
0.01, 2053902
0.01, 2052067
0.01, 2048656
0.01, 1969619
0.01, 1967809
0.02, 1960530
0.02, 1957383
0.02, 1955020
0.02, 1953892
0.02, 1920618
0.02, 1908472
0.03, 1891998
0.03, 1888897
0.03, 1876359
0.03, 1873213
0.03, 1864074
0.04, 1856687
0.04, 1856413
0.04, 1856340
0.04, 1844266
0.04, 1836964
0.04, 1836500
0.05, 1829079
0.05, 1821683
0.05, 1819077
0.06, 1808329
0.06, 1807994
0.06, 1761386
0.07, 1749674
0.07, 1734819
0.08, 1726995
0.08, 1719136
0.09, 1690655
0.09, 1686765
0.09, 1685733
0.10, 1685092
0.10, 1677636
0.11, 1676085
0.11, 1656793
0.12, 1641295
0.12, 1598083
0.13, 1577475
0.13, 1558346
0.14, 1557431
0.14, 1547862
0.15, 1543208
0.15, 1532402
0.16, 1514643
0.16, 1503531
0.17, 1482379
0.17, 1479652
0.18, 1410871
0.19, 1403489
0.19, 1379399
0.20, 1350925
0.20, 1332907
0.21, 1325516
0.22, 1323124
0.22, 1321508
0.23, 1320691
0.23, 1230430
0.24, 1204298
0.25, 1195918
0.25, 1195584
0.26, 1189936
0.26, 1185399
0.27, 1185357
0.28, 1183741
0.28, 1176618
0.29, 1048131
0.30, 1037527
0.30, 1030446
0.31, 968204
0.32, 951979
0.33, 948644
0.58, 947705
0.82, 946830
0.82, 939734
0.83, 935290
0.83, 933514
0.83, 926830
0.84, 914575
0.85, 908201
1.86, 907845
1.87, 906523
1.88, 900370
7.89, 893746
7.90, 893536
