0.00, 3121070
0.00, 3004881
0.00, 3003584
0.00, 2900871
0.00, 2893320
0.00, 2783512
0.00, 2774571
0.00, 2739761
0.00, 2696713
0.00, 2654466
0.00, 2647734
0.00, 2531235
0.00, 2475171
0.00, 2474115
0.00, 2345086
0.00, 2229645
0.00, 2198407
0.00, 2141000
0.00, 2131547
0.00, 2123030
0.00, 2119056
0.00, 2065849
0.00, 2017942
0.00, 2017388
0.00, 1977388
0.00, 1972593
0.00, 1922808
0.00, 1820672
0.00, 1818176
0.00, 1809601
0.00, 1806890
0.01, 1767088
0.01, 1762572
0.01, 1750462
0.01, 1734829
0.01, 1722371
0.01, 1711278
0.01, 1698212
0.01, 1681263
0.01, 1666861
0.01, 1644067
0.01, 1643398
0.01, 1639233
0.01, 1632917
0.01, 1614938
0.01, 1606853
0.01, 1560036
0.01, 1544177
0.01, 1543026
0.01, 1540664
0.01, 1540557
0.01, 1539601
0.01, 1527419
0.01, 1501808
0.01, 1490577
0.01, 1465598
0.01, 1464142
0.01, 1458747
0.02, 1452911
0.02, 1432018
0.02, 1419860
0.02, 1413546
0.02, 1396208
0.03, 1385489
0.03, 1378808
0.03, 1377366
0.03, 1373013
0.03, 1365389
0.03, 1360055
0.03, 1333590
0.03, 1279970
0.03, 1275694
0.04, 1257204
0.04, 1253856
0.04, 1253529
0.09, 1245588
0.09, 1242406
0.09, 1242360
0.09, 1240615
0.09, 1239694
0.10, 1238401
0.10, 1232194
0.10, 1213218
0.10, 1193091
0.10, 1182377
0.11, 1176907
0.11, 1170259
0.11, 1166046
0.12, 1165314
0.12, 1163234
0.12, 1116786
0.13, 1110303
0.13, 1106573
0.14, 1090919
0.14, 1090368
0.15, 1085793
0.16, 1085186
0.16, 1083978
0.17, 1082556
0.17, 1081578
0.40, 1076798
0.40, 1074200
0.41, 1069522
0.62, 1057875
0.62, 1057822
0.62, 1053533
0.62, 1037308
0.63, 1032838
0.63, 1030614
0.63, 1030240
0.64, 1028911
1.17, 1027271
1.18, 1025816
1.19, 1023924
1.19, 1016128
5.14, 1008317
11.71, 1006895
11.71, 1003237
11.71, 1002927
11.71, 998887
11.71, 996687
11.72, 996590
11.72, 979000
11.72, 973260
11.72, 970974
11.73, 970877
12.19, 967845
35.60, 967176
35.60, 965443
35.61, 962851
35.61, 961751
