0.00, 2806228
0.00, 2744449
0.00, 2732283
0.00, 2718825
0.00, 2703946
0.00, 2701307
0.00, 2650078
0.00, 2608148
0.00, 2571395
0.00, 2558479
0.00, 2556659
0.00, 2479004
0.00, 2400286
0.00, 2381875
0.00, 2359220
0.00, 2335000
0.00, 2328706
0.00, 2165902
0.00, 2093862
0.00, 2015352
0.00, 1965085
0.00, 1932930
0.00, 1902612
0.00, 1886644
0.00, 1868858
0.00, 1841670
0.00, 1801799
0.00, 1769280
0.01, 1750723
0.01, 1707027
0.01, 1660207
0.01, 1655945
0.01, 1627294
0.01, 1574242
0.01, 1573999
0.01, 1573244
0.01, 1560906
0.01, 1487545
0.01, 1476087
0.01, 1450633
0.01, 1437697
0.01, 1432504
0.01, 1429840
0.01, 1427694
0.01, 1427631
0.01, 1427113
0.01, 1425098
0.01, 1405589
0.01, 1380459
0.01, 1368495
0.01, 1362446
0.01, 1361737
0.02, 1354338
0.02, 1350559
0.02, 1296725
0.02, 1292934
0.02, 1284588
0.02, 1279336
0.02, 1278905
0.02, 1262131
0.02, 1258337
0.02, 1258146
0.03, 1252822
0.03, 1236393
0.04, 1221137
0.04, 1182147
0.04, 1181170
0.04, 1179074
0.04, 1167821
0.04, 1166094
0.04, 1159488
0.04, 1144719
0.05, 1135107
0.05, 1123347
0.05, 1118697
0.05, 1115023
0.05, 1110876
0.05, 1110692
0.05, 1109666
0.05, 1107519
0.06, 1104421
0.06, 1101648
0.12, 1094132
0.13, 1092391
0.14, 1092017
0.15, 1090808
0.24, 1073050
0.25, 1072355
0.26, 1065266
0.28, 1064877
0.28, 1057172
0.43, 1054911
0.43, 1042747
0.43, 1033418
0.43, 1028857
0.44, 1028811
9.17, 1028245
9.17, 1023276
9.18, 1017123
15.82, 1014621
15.82, 1012802
15.83, 1005801
15.84, 1003634
15.84, 996256
16.68, 994030
16.69, 993479
16.70, 992057
16.71, 987232
26.82, 984895
26.83, 983810
26.83, 983781
26.84, 965497
26.84, 965282
26.84, 962699
26.85, 958057
26.85, 957115
26.85, 957073
