0.00, 2729359
0.00, 2725714
0.00, 2717652
0.00, 2699436
0.00, 2699251
0.00, 2588439
0.00, 2562127
0.00, 2559100
0.00, 2557388
0.00, 2548327
0.00, 2541421
0.00, 2533272
0.00, 2530624
0.00, 2529709
0.00, 2517200
0.00, 2490654
0.00, 2390358
0.00, 2324304
0.00, 2304354
0.00, 2289770
0.00, 2200943
0.00, 2080644
0.00, 2078588
0.00, 2043819
0.01, 2042546
0.01, 2040880
0.01, 2036420
0.01, 2028658
0.01, 2026630
0.01, 2005937
0.01, 1985657
0.01, 1980019
0.02, 1977111
0.02, 1896680
0.02, 1894107
0.02, 1885278
0.02, 1881147
0.03, 1881112
0.03, 1829206
0.03, 1826633
0.03, 1800686
0.04, 1799293
0.04, 1753263
0.04, 1664644
0.04, 1646064
0.05, 1625424
0.05, 1622280
0.05, 1621991
0.06, 1618544
0.06, 1618420
0.06, 1574381
0.06, 1573095
0.07, 1568303
0.07, 1542438
0.07, 1526603
0.08, 1508093
0.08, 1481320
0.08, 1477615
0.09, 1450811
0.09, 1449851
0.09, 1446430
0.10, 1412421
0.10, 1406004
0.10, 1398684
0.11, 1394806
0.11, 1375194
0.11, 1367362
0.12, 1358798
0.12, 1354534
0.12, 1342310
0.12, 1338430
0.13, 1296719
0.13, 1240230
0.14, 1222638
0.14, 1167883
0.15, 1153989
0.15, 1152348
0.15, 1152229
0.16, 1145411
0.16, 1136661
0.17, 1134507
0.17, 1125926
0.18, 1124964
0.19, 1118975
0.19, 1114013
0.20, 1112922
0.20, 1086341
0.21, 1082401
0.22, 1078782
0.22, 1078072
0.23, 1075814
0.24, 1056868
0.24, 1056317
0.25, 1027794
0.26, 1017080
0.27, 974571
0.27, 965432
0.28, 948252
0.29, 929834
0.30, 927634
0.31, 916381
0.32, 916171
0.33, 904639
0.34, 900193
0.35, 895082
6.22, 893536
