0.00, 2522710
0.00, 2505530
0.00, 2488993
0.00, 2446710
0.00, 2413813
0.00, 2393597
0.00, 2362082
0.00, 2347700
0.00, 2340321
0.00, 2317545
0.00, 2305932
0.00, 2285815
0.00, 2251427
0.00, 2250257
0.00, 2220543
0.00, 2134972
0.00, 2129191
0.00, 2083511
0.00, 2068159
0.00, 2056671
0.00, 2048443
0.00, 2003879
0.00, 2001202
0.00, 1972336
0.00, 1969185
0.00, 1932527
0.00, 1929365
0.00, 1918653
0.00, 1849135
0.00, 1831714
0.00, 1806031
0.01, 1766545
0.01, 1759209
0.01, 1754191
0.01, 1637745
0.01, 1616600
0.01, 1599981
0.01, 1589061
0.01, 1566077
0.01, 1564487
0.01, 1541252
0.01, 1529578
0.01, 1523913
0.01, 1523356
0.01, 1474775
0.01, 1474415
0.01, 1472157
0.02, 1449599
0.02, 1449095
0.02, 1448908
0.02, 1431777
0.02, 1427376
0.02, 1316628
0.03, 1315869
0.03, 1310499
0.03, 1310271
0.03, 1282643
0.03, 1274622
0.03, 1252020
0.04, 1249835
0.04, 1229998
0.04, 1223668
0.04, 1223622
0.04, 1218439
0.05, 1213965
0.05, 1212500
0.05, 1202824
0.06, 1188580
0.06, 1188151
0.06, 1184532
0.07, 1183822
0.07, 1164506
0.08, 1150941
0.09, 1133868
0.09, 1126704
0.09, 1115934
0.09, 1097293
0.10, 1095293
0.11, 1077275
0.11, 1069607
0.12, 1045937
0.13, 1043294
0.13, 1035264
0.14, 1033942
0.15, 1010364
0.15, 1002612
0.16, 982130
0.17, 978208
0.18, 976152
0.19, 949987
0.19, 940559
0.20, 934364
0.21, 932556
0.22, 926175
0.23, 906079
0.24, 903351
0.25, 902880
0.25, 901581
0.26, 899381
0.27, 899171
2.02, 895935
15.59, 895292
15.59, 895082
20.58, 894369
20.58, 894159
33.45, 893536
