0.001638174057006836  3121070
0.0016770362854003906  3004881
0.0017399787902832031  3003584
0.0017709732055664062  2900871
0.0019121170043945312  2893320
0.0019969940185546875  2783512
0.0020542144775390625  2774571
0.002084016799926758  2739761
0.0021409988403320312  2696713
0.002279043197631836  2654466
0.0026051998138427734  2647734
0.0026340484619140625  2531235
0.0027441978454589844  2475171
0.002801179885864258  2474115
0.002856016159057617  2345086
0.0029921531677246094  2229645
0.0032389163970947266  2198407
0.0032961368560791016  2141000
0.003487110137939453  2131547
0.0035431385040283203  2123030
0.003626108169555664  2119056
0.0037403106689453125  2065849
0.0044901371002197266  2017942
0.004546165466308594  2017388
0.004741191864013672  1977388
0.004853963851928711  1972593
0.005530118942260742  1922808
0.005560159683227539  1820672
0.005838155746459961  1818176
0.006033182144165039  1809601
0.006227016448974609  1806890
0.006613016128540039  1767088
0.0066699981689453125  1762572
0.00718998908996582  1750462
0.007534027099609375  1734829
0.007754087448120117  1722371
0.007974863052368164  1711278
0.008337259292602539  1698212
0.008910179138183594  1681263
0.009570121765136719  1666861
0.010009050369262695  1644067
0.010148048400878906  1643398
0.01135706901550293  1639233
0.01138615608215332  1632917
0.012003183364868164  1614938
0.013401031494140625  1606853
0.013859033584594727  1560036
0.014003992080688477  1544177
0.014794111251831055  1543026
0.014852046966552734  1540664
0.015233039855957031  1540557
0.015304088592529297  1539601
0.01627492904663086  1527419
0.01639103889465332  1501808
0.01670098304748535  1490577
0.016814231872558594  1465598
0.017454147338867188  1464142
0.017678022384643555  1458747
0.018189191818237305  1452911
0.01880812644958496  1432018
0.018894195556640625  1419860
0.0237271785736084  1413546
0.025348186492919922  1396208
0.02859020233154297  1385489
0.028759002685546875  1378808
0.030081987380981445  1377366
0.030776023864746094  1373013
0.03113698959350586  1365389
0.0325932502746582  1360055
0.03262901306152344  1333590
0.03378105163574219  1279970
0.03381514549255371  1275694
0.042841196060180664  1257204
0.044515132904052734  1253856
0.050330162048339844  1253529
0.10251402854919434  1245588
0.10285115242004395  1242406
0.10409808158874512  1242360
0.10422706604003906  1240615
0.10515213012695312  1239694
0.10906004905700684  1238401
0.10955119132995605  1232194
0.10965919494628906  1213218
0.11321806907653809  1193091
0.1160590648651123  1182377
0.11841893196105957  1176907
0.12236309051513672  1170259
0.12592792510986328  1166046
0.13054895401000977  1165314
0.13208913803100586  1163234
0.13333606719970703  1116786
0.13825201988220215  1110303
0.14096903800964355  1106573
0.1486060619354248  1090919
0.15074992179870605  1090368
0.15818500518798828  1085793
0.16858291625976562  1085186
0.17734599113464355  1083978
0.1827230453491211  1082556
0.18525409698486328  1081578
0.439176082611084  1076798
0.4436490535736084  1074200
0.45144200325012207  1069522
0.6638450622558594  1057875
0.6653492450714111  1057822
0.6671130657196045  1053533
0.6680290699005127  1037308
0.6721441745758057  1032838
0.6785149574279785  1030614
0.679387092590332  1030240
0.6913342475891113  1028911
1.2650840282440186  1027271
1.2754039764404297  1025816
1.2844979763031006  1023924
1.2854359149932861  1016128
5.1670122146606445  1008317
11.847259283065796  1006895
11.84810495376587  1003237
11.849066019058228  1002927
11.852612018585205  998887
11.853790998458862  996687
11.85516905784607  996590
11.857787132263184  979000
11.858165979385376  973260
11.859214067459106  970974
11.865319013595581  970877
12.31203818321228  967845
35.795279026031494  967176
35.79583525657654  965443
35.80364012718201  962851
35.806918144226074  961751
104.3820071220398  961747
104.38399314880371  961723
104.38657402992249  961513
104.38888597488403  957855
104.39828824996948  948479
209.68437504768372  945513
435.9892590045929  942463
435.9904959201813  940701
