0.00, 2763323
0.00, 2723325
0.00, 2721415
0.00, 2696168
0.00, 2606815
0.00, 2595180
0.00, 2583296
0.00, 2468927
0.00, 2439373
0.00, 2416640
0.00, 2324276
0.00, 2314931
0.00, 2176610
0.00, 2172991
0.00, 2140474
0.00, 2138473
0.00, 2130239
0.00, 2117150
0.00, 2100940
0.00, 2100109
0.00, 2099677
0.00, 2047613
0.00, 2017898
0.00, 1981213
0.00, 1974364
0.00, 1971083
0.00, 1966396
0.01, 1900653
0.01, 1763112
0.01, 1755258
0.01, 1706459
0.01, 1693462
0.01, 1690994
0.01, 1689597
0.01, 1642111
0.01, 1631177
0.01, 1599914
0.01, 1578602
0.01, 1569482
0.01, 1563265
0.01, 1553719
0.01, 1523610
0.01, 1521677
0.01, 1471699
0.01, 1464102
0.01, 1463209
0.02, 1461127
0.02, 1459063
0.02, 1449322
0.02, 1449285
0.02, 1445652
0.02, 1417436
0.02, 1416815
0.02, 1416508
0.02, 1415143
0.02, 1414777
0.02, 1378006
0.02, 1366797
0.02, 1364959
0.02, 1361452
0.03, 1358554
0.03, 1351552
0.03, 1340710
0.03, 1331027
0.03, 1325045
0.03, 1324637
0.07, 1322356
0.08, 1300770
0.08, 1287205
0.08, 1274971
0.08, 1255995
0.08, 1255164
0.08, 1253933
0.08, 1252756
0.09, 1243831
0.09, 1228757
0.09, 1228206
0.09, 1216747
0.09, 1216053
0.10, 1199348
0.10, 1191758
0.11, 1183581
0.11, 1182479
0.11, 1164011
0.12, 1162968
0.12, 1160985
0.18, 1160261
0.18, 1152734
0.19, 1152145
0.19, 1152048
0.20, 1151102
0.20, 1139021
0.21, 1135650
0.21, 1130118
0.22, 1129301
0.23, 1127280
0.24, 1120590
0.32, 1117182
0.33, 1110638
0.33, 1094914
0.33, 1092206
0.92, 1089037
0.93, 1070061
0.93, 1068615
0.93, 1065322
0.94, 1054315
0.95, 1049232
0.95, 1047411
0.96, 1045153
0.96, 1044053
0.96, 1042755
0.97, 1042301
0.97, 1041051
0.97, 1040918
0.97, 1040164
0.97, 1038792
0.98, 1036069
1.82, 1031424
1.83, 1014719
1.83, 1012616
1.84, 1012602
7.40, 1009525
7.40, 1005852
7.40, 1003869
7.41, 993641
7.42, 993428
7.42, 984093
19.25, 966413
24.77, 960803
52.00, 959234
52.00, 957275
65.94, 954805
65.94, 951147
65.94, 938877
65.94, 938696
65.95, 936999
