0.00, 3049274
0.00, 3005964
0.00, 3004610
0.00, 2934949
0.00, 2927373
0.00, 2908262
0.00, 2877685
0.00, 2874347
0.00, 2745122
0.00, 2728353
0.00, 2715179
0.00, 2633435
0.00, 2583221
0.00, 2580933
0.00, 2579156
0.00, 2525937
0.00, 2474078
0.00, 2473816
0.00, 2445759
0.00, 2433134
0.00, 2396185
0.01, 2389137
0.01, 2360994
0.01, 2282319
0.01, 2278259
0.01, 2277142
0.01, 2214169
0.01, 2212240
0.01, 2193159
0.01, 2185704
0.01, 2184630
0.01, 2139230
0.01, 2105019
0.01, 2104928
0.01, 2072681
0.01, 2068534
0.02, 2068505
0.02, 2051492
0.02, 2051445
0.02, 2036018
0.02, 2016329
0.02, 2014519
0.02, 1972162
0.02, 1960547
0.02, 1950467
0.03, 1892711
0.03, 1890083
0.03, 1874916
0.03, 1868948
0.03, 1799968
0.04, 1790592
0.04, 1771800
0.04, 1767845
0.04, 1758071
0.04, 1677151
0.05, 1650198
0.05, 1648529
0.05, 1644052
0.05, 1631254
0.05, 1599274
0.05, 1577161
0.06, 1543762
0.06, 1534593
0.06, 1533210
0.06, 1518011
0.07, 1510931
0.07, 1508857
0.07, 1507253
0.07, 1502271
0.07, 1491176
0.07, 1490750
0.07, 1489285
0.07, 1487129
0.07, 1486948
0.07, 1486802
0.08, 1469785
0.08, 1460041
0.08, 1446520
0.09, 1439356
0.09, 1428586
0.10, 1427966
0.10, 1427233
0.11, 1330641
0.11, 1328462
0.12, 1327940
0.12, 1317940
0.13, 1315032
0.14, 1313710
0.14, 1306291
0.15, 1306081
0.15, 1304815
0.16, 1085920
0.17, 1085116
0.17, 1084767
0.18, 1075185
0.18, 973110
0.19, 964540
0.20, 958260
0.21, 954203
0.21, 952781
0.22, 933325
0.22, 929618
0.23, 929601
0.23, 923226
0.23, 920620
0.24, 920407
0.86, 913815
0.87, 913351
0.88, 904212
1.22, 899884
1.23, 897492
1.24, 895292
1.25, 895082
27.29, 893536
