0.00, 2912685
0.00, 2813421
0.00, 2696541
0.00, 2661055
0.00, 2569053
0.00, 2568984
0.00, 2567727
0.00, 2543466
0.00, 2541516
0.00, 2480215
0.00, 2434058
0.00, 2402453
0.00, 2356630
0.00, 2345535
0.00, 2329388
0.00, 2303587
0.00, 2271171
0.00, 2235656
0.00, 2176561
0.00, 2175525
0.00, 2160014
0.00, 2152605
0.00, 2142163
0.00, 2138113
0.00, 2060941
0.00, 2045451
0.00, 2026837
0.00, 1968774
0.00, 1962107
0.00, 1944178
0.00, 1872998
0.00, 1850527
0.00, 1844531
0.00, 1827053
0.00, 1823940
0.00, 1819974
0.01, 1761065
0.01, 1751652
0.01, 1724196
0.01, 1574464
0.01, 1573109
0.01, 1566766
0.01, 1560688
0.01, 1558827
0.01, 1538366
0.01, 1524662
0.01, 1523895
0.01, 1508785
0.01, 1461655
0.01, 1454386
0.02, 1445724
0.02, 1438400
0.02, 1429106
0.02, 1419126
0.02, 1411539
0.02, 1380042
0.02, 1364812
0.02, 1359944
0.02, 1346915
0.02, 1342389
0.02, 1340169
0.02, 1328916
0.02, 1319795
0.02, 1318363
0.02, 1312692
0.03, 1301292
0.03, 1301146
0.03, 1301117
0.03, 1293648
0.04, 1291933
0.04, 1289856
0.04, 1282658
0.04, 1280189
0.05, 1278736
0.05, 1243967
0.05, 1231705
0.05, 1230037
0.06, 1228525
0.06, 1210957
0.06, 1209748
0.06, 1179463
0.06, 1173089
0.15, 1155168
0.22, 1129933
0.22, 1125108
0.22, 1121163
0.23, 1120251
0.23, 1116685
0.24, 1114067
0.24, 1105022
0.25, 1100618
0.26, 1095341
0.33, 1089806
0.34, 1076285
0.34, 1075821
0.40, 1071900
0.40, 1045332
0.41, 1040370
0.41, 1038591
0.42, 1031192
0.43, 1026530
0.44, 1025937
0.45, 1025564
3.81, 1021039
3.82, 1020846
3.82, 1020655
3.83, 1020191
3.83, 1019340
7.77, 1017193
8.02, 1009394
8.02, 1008730
8.03, 1001366
8.04, 993776
8.05, 988287
19.36, 980415
19.36, 979751
19.37, 973865
49.10, 965332
53.64, 955157
53.64, 952469
53.65, 948883
53.65, 942759
53.66, 941247
64.36, 939332
64.36, 938238
64.37, 932514
64.38, 931092
