0.00, 2698797
0.00, 2688161
0.00, 2616195
0.00, 2575340
0.00, 2575024
0.00, 2534792
0.00, 2519297
0.00, 2477226
0.00, 2472769
0.00, 2471843
0.00, 2424655
0.00, 2418248
0.00, 2415796
0.00, 2415677
0.00, 2415641
0.00, 2392897
0.00, 2392657
0.00, 2391123
0.00, 2390392
0.00, 2389277
0.00, 2363878
0.00, 2309188
0.00, 2299188
0.00, 2292326
0.00, 2277227
0.00, 2264219
0.00, 2261260
0.00, 2240249
0.00, 2151597
0.00, 2140997
0.00, 2140266
0.00, 2108715
0.00, 2100521
0.00, 1995691
0.00, 1994982
0.00, 1987299
0.00, 1960374
0.01, 1939839
0.01, 1879274
0.01, 1785946
0.01, 1785769
0.01, 1778283
0.01, 1770411
0.01, 1746569
0.01, 1710642
0.01, 1708547
0.01, 1676813
0.01, 1676193
0.01, 1672344
0.01, 1643644
0.01, 1623073
0.01, 1600495
0.01, 1599072
0.02, 1582749
0.02, 1574251
0.02, 1566324
0.02, 1534529
0.02, 1476962
0.02, 1442207
0.02, 1425000
0.03, 1364133
0.03, 1263801
0.03, 1259264
0.03, 1251267
0.04, 1251225
0.04, 1232249
0.05, 1186474
0.05, 1146257
0.06, 1126472
0.06, 1118456
0.07, 1090848
0.08, 1087225
0.08, 1071761
0.09, 1070210
0.10, 1066150
0.10, 1056581
0.11, 1055228
0.12, 1030438
0.12, 1028451
0.13, 1021931
0.14, 1012255
0.15, 1012154
0.16, 991562
0.16, 991011
0.17, 987688
0.18, 985127
0.19, 964955
0.20, 961484
0.21, 959001
0.21, 951185
0.22, 950085
0.84, 940203
0.84, 940039
0.85, 935433
0.86, 915054
0.87, 914841
3.48, 912395
3.49, 912185
5.07, 899381
5.08, 899171
7.44, 898355
7.45, 898074
11.04, 896152
29.28, 895935
34.51, 895267
62.01, 895082
