0.00, 2638761
0.00, 2636120
0.00, 2612471
0.00, 2532510
0.00, 2518937
0.00, 2403459
0.00, 2398264
0.00, 2376750
0.00, 2365676
0.00, 2301768
0.00, 2284693
0.00, 2199080
0.00, 2179539
0.00, 2140795
0.00, 2132699
0.00, 2098089
0.00, 2087968
0.00, 2060845
0.00, 2058799
0.00, 2056880
0.00, 1981001
0.00, 1969951
0.00, 1963207
0.00, 1893237
0.00, 1883488
0.00, 1878767
0.00, 1847482
0.00, 1780249
0.00, 1746712
0.00, 1712553
0.00, 1669002
0.01, 1655773
0.01, 1654036
0.01, 1647044
0.01, 1645076
0.01, 1634880
0.01, 1602016
0.01, 1600849
0.01, 1591345
0.01, 1491233
0.01, 1477663
0.01, 1469717
0.01, 1462305
0.01, 1454675
0.01, 1432069
0.01, 1421259
0.01, 1387486
0.01, 1316536
0.01, 1300845
0.01, 1297705
0.01, 1295387
0.02, 1290729
0.02, 1287141
0.02, 1247174
0.02, 1246432
0.02, 1245532
0.02, 1245212
0.02, 1235306
0.02, 1232014
0.02, 1231924
0.02, 1230981
0.03, 1217459
0.03, 1194559
0.03, 1185076
0.03, 1180555
0.03, 1174829
0.04, 1170465
0.04, 1157230
0.06, 1155995
0.06, 1152065
0.33, 1149367
0.34, 1144047
0.34, 1143496
0.34, 1134815
0.35, 1134773
0.35, 1124304
0.36, 1119353
0.36, 1118374
0.37, 1113044
0.37, 1112993
0.37, 1103690
0.38, 1090222
0.39, 1077129
0.81, 1075737
0.81, 1062062
0.81, 1060288
0.82, 1059852
0.82, 1053591
0.83, 1040657
0.83, 1037661
1.40, 1034704
1.41, 1034240
1.41, 1033857
1.76, 1033693
1.76, 1021281
1.76, 1021148
1.76, 1018203
1.76, 1013834
1.76, 1012515
1.77, 1012396
1.77, 1006670
1.77, 1006454
1.77, 994055
1.78, 990612
1.79, 988174
10.42, 976636
10.42, 975025
10.42, 973703
10.43, 965648
10.43, 964109
41.29, 955786
41.30, 943579
41.30, 941425
41.30, 940577
41.31, 938118
41.31, 937647
41.31, 937243
41.32, 935710
41.32, 931306
