0.00, 2951885
0.00, 2946829
0.00, 2868812
0.00, 2861128
0.00, 2769333
0.00, 2717558
0.00, 2709120
0.00, 2659656
0.00, 2649936
0.00, 2641585
0.00, 2634693
0.00, 2526507
0.00, 2476505
0.00, 2455986
0.00, 2432069
0.00, 2407238
0.00, 2384644
0.00, 2376267
0.00, 2372535
0.00, 2314708
0.00, 2304343
0.00, 2279805
0.00, 2241848
0.00, 2239361
0.00, 2213597
0.00, 2180603
0.00, 2154790
0.00, 2141870
0.00, 2122518
0.00, 2122315
0.00, 2105616
0.00, 2104855
0.00, 2098338
0.00, 2051432
0.00, 2027485
0.00, 2017870
0.00, 2002198
0.01, 1980184
0.01, 1966121
0.01, 1957629
0.01, 1956422
0.01, 1939624
0.01, 1938923
0.01, 1936386
0.01, 1922037
0.01, 1921141
0.01, 1906735
0.01, 1799200
0.01, 1792724
0.01, 1781901
0.01, 1780108
0.01, 1761575
0.01, 1718590
0.01, 1708221
0.01, 1698537
0.01, 1683193
0.01, 1679610
0.01, 1655702
0.01, 1648413
0.01, 1629670
0.01, 1615104
0.01, 1582590
0.01, 1568198
0.01, 1565183
0.01, 1557383
0.01, 1550838
0.02, 1516314
0.02, 1507856
0.02, 1495669
0.02, 1489818
0.02, 1485969
0.02, 1480057
0.02, 1477886
0.02, 1468286
0.02, 1456027
0.02, 1448353
0.02, 1446247
0.02, 1442178
0.02, 1412628
0.02, 1384737
0.02, 1383244
0.03, 1383081
0.03, 1380916
0.03, 1379854
0.03, 1379375
0.03, 1360399
0.03, 1355379
0.03, 1354282
0.03, 1346115
0.03, 1341371
0.03, 1341270
0.03, 1340614
0.03, 1335417
0.03, 1334770
0.03, 1333580
0.04, 1332767
0.04, 1332126
0.04, 1331014
0.05, 1329401
0.05, 1306598
0.05, 1300527
0.06, 1300501
0.06, 1276561
0.06, 1272474
0.10, 1266408
0.10, 1258594
0.10, 1258423
0.10, 1247194
0.10, 1206417
0.10, 1203178
0.10, 1177602
0.10, 1173590
0.10, 1164480
0.11, 1152312
0.11, 1152266
0.12, 1148918
0.12, 1140537
0.12, 1106524
0.12, 1096352
0.12, 1096318
0.12, 1089154
0.12, 1085492
0.13, 1073157
0.13, 1071228
0.13, 1070836
0.13, 1060576
0.13, 1036866
0.13, 1031492
0.14, 1031203
0.14, 1027168
0.14, 1027004
0.45, 1024547
0.45, 1016245
0.46, 1016035
0.46, 1015238
0.47, 1008312
4.63, 1004306
4.63, 993522
4.63, 990735
4.63, 977384
4.63, 972005
4.64, 971004
49.03, 964168
49.03, 963068
49.03, 955252
49.03, 948088
