0.00, 2726994
0.00, 2716643
0.00, 2687328
0.00, 2670032
0.00, 2635082
0.00, 2632653
0.00, 2630343
0.00, 2576937
0.00, 2535984
0.00, 2509594
0.00, 2497861
0.00, 2476641
0.00, 2476053
0.00, 2418395
0.00, 2418147
0.00, 2411283
0.00, 2388806
0.00, 2306679
0.00, 2243604
0.00, 2226352
0.00, 2208725
0.00, 2198927
0.00, 2191097
0.00, 2085076
0.00, 1976792
0.00, 1966115
0.00, 1865864
0.00, 1849639
0.01, 1840399
0.01, 1839260
0.01, 1837232
0.01, 1804375
0.01, 1795744
0.01, 1780865
0.01, 1775106
0.01, 1762533
0.02, 1692097
0.02, 1672470
0.02, 1645689
0.02, 1624955
0.03, 1596908
0.03, 1591099
0.03, 1585429
0.03, 1572048
0.04, 1539034
0.04, 1524210
0.04, 1504257
0.05, 1501156
0.05, 1487216
0.05, 1468635
0.06, 1417245
0.06, 1384231
0.06, 1343240
0.07, 1311193
0.07, 1294281
0.07, 1285251
0.08, 1276386
0.08, 1274940
0.08, 1261375
0.09, 1253594
0.09, 1241386
0.10, 1231213
0.10, 1223705
0.11, 1222990
0.11, 1215569
0.12, 1174593
0.12, 1171712
0.13, 1161601
0.13, 1161570
0.13, 1158760
0.14, 1157740
0.14, 1132855
0.15, 1115219
0.16, 1094427
0.16, 1089399
0.17, 1082941
0.17, 1074863
0.18, 1066729
0.18, 1051280
0.18, 1032949
0.19, 1027600
0.19, 1026020
0.19, 1020827
0.20, 1016319
0.20, 1014863
0.20, 1012199
0.21, 1003154
0.21, 1000536
0.22, 996953
0.22, 980128
0.23, 967149
0.24, 967103
0.24, 956333
0.53, 955816
0.54, 955770
0.55, 955306
0.74, 943465
0.75, 941298
0.75, 940776
0.76, 931592
0.77, 918983
1.14, 910612
1.73, 906945
2.19, 903763
2.20, 901563
2.21, 901353
3.08, 898632
4.03, 896276
4.03, 895754
4.04, 895044
24.31, 894197
69.36, 893536
