0.00, 2959085
0.00, 2924052
0.00, 2918492
0.00, 2825216
0.00, 2733765
0.00, 2703333
0.00, 2567581
0.00, 2550513
0.00, 2544162
0.00, 2540449
0.00, 2527644
0.00, 2502694
0.00, 2368278
0.00, 2294374
0.00, 2266604
0.00, 2259280
0.00, 1992077
0.00, 1986407
0.00, 1961804
0.00, 1958259
0.00, 1894401
0.00, 1892238
0.00, 1865880
0.00, 1847588
0.00, 1756125
0.00, 1742319
0.00, 1733163
0.00, 1731541
0.00, 1728962
0.00, 1682106
0.00, 1668268
0.00, 1619299
0.01, 1574303
0.01, 1573752
0.01, 1544780
0.01, 1536747
0.01, 1535983
0.01, 1531440
0.01, 1500000
0.01, 1485340
0.01, 1477409
0.01, 1471466
0.01, 1445020
0.01, 1443155
0.01, 1440061
0.01, 1427263
0.01, 1426654
0.01, 1383440
0.01, 1383343
0.01, 1380903
0.01, 1364939
0.01, 1363799
0.01, 1357277
0.01, 1332780
0.02, 1311724
0.02, 1294950
0.02, 1294241
0.02, 1276391
0.02, 1268797
0.03, 1268180
0.04, 1260362
0.04, 1257245
0.04, 1250781
0.04, 1234455
0.04, 1233012
0.04, 1232999
0.05, 1231686
0.05, 1226119
0.05, 1219311
0.05, 1188080
0.05, 1181577
0.05, 1179608
0.05, 1175688
0.06, 1170002
0.06, 1153881
0.06, 1146717
0.06, 1140990
0.06, 1140442
0.07, 1138156
0.07, 1119555
0.07, 1096362
0.08, 1083985
0.08, 1082279
0.08, 1062938
0.08, 1062903
0.09, 1034469
0.14, 1022742
0.15, 1022438
0.15, 1007716
0.15, 1005324
0.16, 1005295
0.16, 983416
0.16, 981719
0.16, 979235
0.16, 969219
0.17, 967997
97.74, 963632
97.75, 961432
