0.00, 2998336
0.00, 2983819
0.00, 2977993
0.00, 2941627
0.00, 2932774
0.00, 2864898
0.00, 2829821
0.00, 2825822
0.00, 2807619
0.00, 2673157
0.00, 2619896
0.00, 2611672
0.00, 2610211
0.00, 2591196
0.00, 2483798
0.00, 2475068
0.00, 2455449
0.00, 2454035
0.00, 2450466
0.00, 2429069
0.00, 2395215
0.00, 2371813
0.00, 2321705
0.01, 2295289
0.01, 2292652
0.01, 2211701
0.01, 2169640
0.01, 2115670
0.01, 2015564
0.01, 2012943
0.01, 1946920
0.01, 1938315
0.01, 1902239
0.01, 1898250
0.01, 1811991
0.01, 1809495
0.01, 1807929
0.01, 1772968
0.01, 1766376
0.01, 1679299
0.01, 1667548
0.01, 1664622
0.01, 1638009
0.01, 1631170
0.02, 1616759
0.02, 1599440
0.02, 1593569
0.02, 1586625
0.02, 1576454
0.02, 1574503
0.02, 1550001
0.02, 1549302
0.02, 1539487
0.03, 1539218
0.03, 1525239
0.03, 1522199
0.03, 1518616
0.03, 1512355
0.03, 1512026
0.03, 1494549
0.04, 1490427
0.04, 1481086
0.04, 1470212
0.04, 1468603
0.05, 1448810
0.05, 1445127
0.05, 1435147
0.05, 1430140
0.06, 1427657
0.06, 1420378
0.06, 1404972
0.06, 1403641
0.07, 1396935
0.07, 1391792
0.07, 1390692
0.08, 1374920
0.08, 1322823
0.09, 1303216
0.10, 1284416
0.10, 1258998
0.11, 1239391
0.12, 1212223
0.12, 1069855
0.13, 1051019
0.14, 1035215
0.14, 1034294
0.15, 1030748
0.16, 1021413
0.17, 992713
0.17, 992610
0.18, 979929
0.19, 960953
0.20, 958225
0.21, 956959
0.22, 954014
0.23, 951622
0.24, 951489
0.25, 948155
0.72, 934690
0.72, 934480
1.59, 926406
1.60, 919689
1.61, 903464
10.24, 898511
13.02, 895935
17.96, 895082
29.96, 894378
29.97, 894197
47.65, 893746
47.66, 893536
