0.00, 216651
0.00, 216270
0.00, 216144
0.00, 215805
0.00, 212956
0.00, 212628
0.00, 210997
0.00, 210973
0.00, 210885
0.00, 209796
0.01, 207714
0.01, 207538
0.01, 206598
0.01, 206324
0.01, 200349
0.01, 199590
0.01, 198750
0.01, 193675
0.01, 193358
0.01, 193283
0.01, 192852
0.01, 192833
0.01, 186460
0.01, 186270
0.01, 177253
0.01, 176948
0.01, 176809
0.01, 176086
0.01, 175924
0.01, 175783
0.01, 175543
0.01, 171181
0.01, 170581
0.01, 169581
0.01, 164590
0.01, 163070
0.01, 159681
0.01, 158706
0.01, 158302
0.01, 158182
0.01, 157738
0.01, 156617
0.02, 156582
0.02, 153479
0.02, 153298
0.02, 152686
0.02, 152397
0.03, 149677
0.03, 148232
0.04, 147834
0.04, 146797
0.05, 143981
0.06, 143861
0.06, 138773
0.07, 137842
0.08, 137835
0.08, 137542
0.09, 137313
0.10, 135067
0.11, 134862
0.12, 130156
0.13, 129689
0.14, 125528
0.15, 124195
0.16, 123529
0.16, 123477
0.16, 123380
0.16, 122776
0.16, 122227
0.16, 122157
0.16, 121118
0.16, 119341
0.16, 118889
0.16, 118042
0.17, 117821
0.17, 116326
0.17, 114445
0.17, 114346
0.17, 113471
0.18, 113257
0.18, 111951
0.18, 111363
0.18, 110908
0.18, 109366
0.19, 109333
0.19, 108822
0.19, 106807
0.19, 106600
0.19, 106090
0.19, 104757
0.20, 104660
0.20, 104018
0.20, 103081
0.20, 102615
0.21, 101957
0.21, 101851
0.22, 100872
0.22, 100137
0.22, 100044
0.23, 99909
0.23, 98882
0.23, 98794
0.24, 95302
0.24, 94591
0.25, 93788
0.25, 93633
0.26, 92444
0.26, 91068
0.27, 90635
0.27, 79492
0.28, 78401
0.28, 78180
0.29, 76929
0.30, 76923
0.30, 76310
0.31, 75625
0.32, 74762
0.33, 74344
0.34, 67543
0.35, 67259
0.36, 67257
0.37, 66939
0.38, 66283
0.38, 65963
0.39, 65463
0.40, 65102
0.41, 63938
0.42, 63795
0.43, 63349
0.44, 63060
0.46, 61689
0.47, 61450
0.49, 61144
0.51, 59432
0.52, 58504
0.54, 58407
0.56, 58220
0.57, 56631
0.59, 55792
0.61, 55546
0.63, 55486
0.65, 54939
0.67, 54371
0.70, 54047
5.34, 53901
5.35, 53761
10.87, 53534
10.89, 53487
10.91, 53431
10.93, 53273
25.04, 53162
49.07, 52788
