45.97, 222048
46.97, 219400
46.97, 219366
47.97, 217480
49.97, 217058
50.97, 215725
51.97, 214909
53.97, 210730
56.97, 209839
60.97, 209224
65.96, 209102
66.96, 204908
71.96, 204285
79.95, 202539
86.95, 202163
86.95, 200977
94.95, 200623
95.95, 200580
97.94, 194217
106.94, 194120
107.94, 194103
108.94, 192799
112.94, 187419
114.93, 187158
126.93, 186777
127.93, 186246
129.92, 185430
131.92, 179336
133.92, 179208
134.92, 175828
137.92, 170358
140.92, 170130
145.92, 169992
145.92, 169382
146.92, 169363
147.92, 167681
149.92, 166446
149.92, 164462
150.92, 164232
151.92, 163665
157.91, 163256
157.91, 156464
169.90, 155766
189.89, 155588
205.88, 155348
219.87, 155300
250.86, 154570
271.84, 154377
286.83, 154199
317.82, 153863
351.82, 153847
394.77, 153658
468.73, 153567
593.66, 153522
795.54, 153420
921.47, 153106
1107.37, 153098
