9.97, 222404
9.97, 221960
9.97, 220902
9.97, 220466
9.97, 217041
9.97, 212524
9.97, 211529
9.97, 211514
9.97, 210832
9.97, 209933
9.97, 207510
9.97, 206253
9.97, 205267
9.97, 204607
9.97, 204599
9.97, 202293
9.97, 202150
9.97, 201994
9.97, 201435
9.97, 200790
9.97, 199755
9.97, 196903
9.97, 194650
19.97, 191000
19.97, 189327
19.97, 186512
19.97, 186466
19.97, 186410
19.97, 185456
19.97, 184941
19.97, 184568
19.97, 184347
19.97, 184282
19.97, 183511
19.97, 183259
19.97, 182563
19.97, 182372
29.97, 181565
29.97, 181213
29.97, 181146
29.97, 180775
29.97, 180066
29.97, 179901
29.97, 179152
29.97, 177276
29.97, 175678
29.97, 172596
29.97, 172350
40.00, 172342
40.00, 169897
40.00, 168846
40.00, 168786
40.00, 167514
40.00, 167416
40.00, 165866
40.00, 164082
40.00, 162674
40.00, 162120
50.00, 161372
50.00, 155893
50.00, 155399
50.00, 154253
50.00, 154111
50.00, 153543
50.00, 153351
50.00, 149455
50.00, 148132
50.00, 147915
50.00, 147090
50.00, 146441
50.00, 139479
50.00, 139422
50.00, 139295
59.97, 139271
59.97, 138996
59.97, 136272
59.97, 135814
59.97, 135790
59.97, 135145
59.97, 133021
59.97, 131937
59.97, 131646
59.97, 130131
59.97, 129899
59.97, 129677
70.00, 129420
70.00, 129384
70.00, 126414
70.00, 126025
70.00, 125079
70.00, 124017
70.00, 123704
80.00, 123575
80.00, 123534
80.00, 123451
89.97, 123089
99.97, 122561
99.97, 122038
99.97, 120854
109.97, 120568
109.97, 119775
119.97, 119464
129.97, 119414
139.97, 118410
149.97, 115559
159.97, 115334
179.97, 113336
190.00, 112976
209.97, 111898
220.00, 110027
229.97, 109805
250.00, 109268
259.97, 109081
279.97, 108669
299.97, 108122
329.97, 107620
349.97, 107408
379.97, 107377
419.97, 107006
439.97, 105025
479.97, 104763
509.97, 103733
549.97, 103385
579.97, 101321
610.00, 101239
640.69, 99948
670.68, 99935
700.68, 99108
730.68, 97773
760.71, 97122
780.72, 96968
800.68, 96739
830.69, 96284
850.68, 96205
880.68, 96198
920.68, 96169
950.68, 95554
1000.68, 95441
1020.72, 95436
1050.72, 94045
1080.68, 93758
1110.68, 92884
1150.71, 92478
1170.68, 91759
1190.68, 91685
1210.72, 90646
1240.68, 90618
1270.72, 90195
1290.68, 89606
1330.72, 89571
1390.68, 88296
1400.69, 88133
1410.68, 87755
1450.71, 86631
1510.68, 86198
1560.68, 77570
1610.72, 76207
1660.68, 76128
1720.72, 75798
1790.68, 75215
1860.68, 75165
1930.72, 75164
1990.72, 74368
2050.68, 74136
2110.69, 72678
2180.68, 72183
2240.71, 71281
2300.68, 61575
2360.68, 61092
2440.72, 60139
2500.71, 59806
2550.71, 59400
2620.92, 58917
2690.93, 58259
2750.93, 56809
2810.96, 55828
2870.93, 55165
2940.96, 54445
3010.92, 54324
3090.92, 54136
3150.95, 52929
