33.98, 222048
35.98, 219400
35.98, 219366
36.98, 217480
37.98, 217058
38.98, 215725
39.97, 214909
41.97, 210730
43.97, 209839
45.97, 209224
49.97, 209102
50.97, 204908
53.97, 204285
58.96, 202539
63.96, 202163
64.96, 200977
70.96, 200623
70.96, 200580
71.96, 194217
78.95, 194120
79.95, 194103
80.95, 192799
81.95, 187419
82.95, 187158
92.95, 186777
93.95, 186246
94.95, 185430
95.95, 179336
96.94, 179208
96.94, 175828
98.94, 170358
101.94, 170130
108.94, 169992
109.94, 169382
110.94, 169363
111.94, 167681
114.94, 166446
115.93, 164462
116.93, 164232
117.93, 163665
128.93, 163256
128.93, 156464
140.92, 155766
185.89, 155588
230.87, 155348
269.84, 155300
306.83, 154570
335.81, 154377
353.79, 154199
419.76, 153863
467.73, 153847
506.71, 153658
735.58, 153567
1001.42, 153522
1151.34, 153420
1397.20, 153106
1649.05, 153098
1783.98, 149976
1885.92, 148959
1960.88, 148864
2020.84, 148441
2055.82, 147919
2116.79, 147388
2199.74, 147268
2273.70, 144011
2338.66, 143920
2363.64, 142836
2397.62, 142549
2438.60, 138261
2466.58, 138215
2488.57, 137957
2515.56, 137326
2570.53, 135511
2650.50, 134890
2685.48, 120028
2716.44, 119413
2754.42, 118597
2824.38, 115754
2872.36, 115712
2913.33, 112915
2952.31, 112789
2976.31, 111106
3001.30, 111082
3024.26, 110216
3045.25, 109894
3067.26, 106430
3102.22, 105557
3136.20, 104959
3159.21, 104728
3182.20, 103004
3213.19, 102458
3305.11, 100480
3438.07, 99926
3535.01, 99568
3652.91, 99408
3772.84, 98368
4273.55, 98366
4679.32, 97764
4980.15, 95259
5209.02, 94559
5436.89, 93281
5596.80, 93216
5989.57, 92858
6117.50, 92395
6219.44, 91775
6315.38, 91570
6399.34, 90733
6455.30, 90288
6518.27, 89010
6556.24, 88806
6602.22, 86837
6640.20, 86178
6699.16, 85773
6790.11, 84034
6890.06, 82764
6966.01, 82084
7041.97, 81974
7093.94, 81320
7142.91, 80433
7187.89, 80281
7250.85, 79035
7283.83, 78340
7320.81, 78117
7352.79, 77700
7385.77, 76927
7435.74, 76753
7477.72, 76723
7525.69, 75798
7560.67, 74610
7618.64, 74095
7769.55, 72874
7972.44, 72837
8158.33, 72052
8409.19, 71940
8866.93, 71569
9352.65, 71038
9566.53, 70253
9695.45, 68873
9776.43, 68860
9888.34, 64299
9997.28, 64078
10138.20, 62631
