0.00, 205742
0.00, 204761
0.00, 199170
0.00, 198922
0.00, 198849
0.00, 198238
0.00, 198202
0.00, 197946
0.00, 192832
0.00, 191586
0.00, 189813
0.00, 189102
0.00, 188275
0.00, 186441
0.00, 184870
0.00, 183843
0.00, 178316
0.00, 178080
0.00, 170392
0.00, 165036
0.00, 163789
0.00, 163595
0.00, 162831
0.00, 158762
0.00, 157560
0.00, 154906
0.01, 151339
0.01, 151050
0.01, 150057
0.01, 149593
0.01, 144190
0.01, 143867
0.01, 142889
0.01, 142117
0.01, 141514
0.01, 140520
0.01, 138250
0.01, 133604
0.01, 132366
0.01, 128495
0.01, 128299
0.01, 127491
0.01, 127489
0.01, 126801
0.01, 125364
0.01, 124668
0.01, 122989
0.01, 122883
0.01, 121492
0.01, 119555
0.01, 118654
0.01, 117947
0.01, 117403
0.01, 117329
0.01, 115555
0.01, 114936
0.01, 113903
0.02, 111388
0.02, 110505
0.02, 110278
0.02, 109145
0.02, 108605
0.02, 108366
0.02, 107639
0.02, 107068
0.02, 106469
0.02, 104905
0.02, 104454
0.02, 104427
0.02, 102579
0.02, 102016
0.02, 100651
0.02, 99946
0.02, 98256
0.03, 97532
0.03, 95399
0.03, 95119
0.03, 95116
0.03, 94864
0.03, 94258
0.03, 94232
0.03, 93887
0.03, 92095
0.03, 91046
0.03, 90800
0.03, 88999
0.03, 88946
0.03, 88795
0.04, 87547
0.04, 86622
0.04, 86140
0.04, 86134
0.04, 85872
0.05, 85105
0.05, 84509
0.05, 84426
0.05, 84198
0.05, 84123
0.05, 84107
0.06, 83997
0.06, 83712
0.06, 83597
0.06, 83084
0.07, 82842
0.07, 82778
0.07, 81985
0.07, 81749
0.07, 81609
0.07, 81491
0.08, 81207
0.08, 80930
0.09, 80288
0.09, 80228
0.10, 80126
0.10, 79971
0.10, 79893
0.11, 78988
0.11, 78386
0.11, 77483
0.12, 77461
0.12, 77242
0.13, 76952
0.15, 76661
0.15, 76605
0.16, 76191
0.17, 75985
0.17, 74274
0.17, 74238
0.18, 71338
0.18, 70381
0.20, 70304
0.21, 70117
0.23, 69109
1.32, 69051
1.32, 68697
1.32, 67930
1.32, 67841
1.33, 67407
1.34, 66927
1.34, 66224
1.34, 64973
1.34, 64856
1.34, 64435
3.98, 64198
9.89, 64056
