0.00, 205013
0.00, 202623
0.00, 201659
0.00, 187816
0.00, 185782
0.00, 182840
0.00, 181547
0.00, 181327
0.00, 180261
0.00, 179927
0.00, 179359
0.00, 177732
0.00, 174355
0.00, 174090
0.00, 172397
0.00, 171195
0.00, 169909
0.01, 166674
0.01, 166463
0.01, 166190
0.01, 161558
0.01, 161522
0.01, 161414
0.01, 157539
0.01, 156497
0.01, 154582
0.01, 154289
0.01, 148839
0.01, 148761
0.01, 148112
0.01, 147948
0.01, 144526
0.01, 143411
0.01, 143162
0.01, 139656
0.01, 138441
0.01, 138314
0.01, 135846
0.01, 135784
0.01, 135569
0.01, 132949
0.01, 131995
0.01, 131943
0.01, 131801
0.01, 131758
0.01, 131070
0.01, 130727
0.01, 130581
0.01, 127035
0.01, 125425
0.01, 123771
0.01, 122073
0.01, 121495
0.01, 121256
0.01, 120951
0.01, 118772
0.01, 115760
0.01, 114606
0.01, 113846
0.01, 113666
0.02, 113463
0.02, 113109
0.02, 112849
0.02, 109171
0.02, 107362
0.02, 106043
0.02, 105614
0.02, 103745
0.02, 102748
0.02, 100776
0.02, 97787
0.02, 96805
0.02, 96686
0.02, 96483
0.02, 95219
0.02, 94739
0.03, 94629
0.03, 94220
0.03, 92782
0.03, 92447
0.03, 91759
0.03, 91735
0.03, 91583
0.03, 91182
0.03, 90796
0.03, 90764
0.03, 90716
0.03, 90606
0.04, 90078
0.04, 89866
0.04, 89422
0.04, 86913
0.04, 85628
0.04, 85321
0.05, 84605
0.05, 84148
0.06, 83516
0.06, 83325
0.06, 83082
0.06, 82540
0.06, 82263
0.06, 81587
0.06, 80976
0.07, 80929
0.07, 80834
0.07, 80721
0.07, 80701
0.08, 80541
0.08, 80477
0.08, 80378
0.08, 80343
0.09, 80250
0.09, 80225
0.09, 79980
0.10, 79383
0.10, 79258
0.10, 78179
0.10, 77903
0.11, 77823
0.13, 77743
0.22, 77452
0.22, 77199
0.22, 77162
0.23, 76201
0.23, 76078
0.23, 75427
0.24, 75399
0.24, 74422
0.25, 73836
0.33, 73794
1.14, 73152
1.14, 72734
1.14, 72728
1.15, 72307
1.15, 72288
1.16, 72259
1.16, 72141
1.16, 71415
1.17, 71234
1.17, 71187
1.18, 71036
1.18, 70741
1.18, 70700
1.19, 70552
1.19, 70291
1.20, 69818
1.20, 69328
1.21, 68717
1.21, 67771
1.22, 67607
1.23, 67426
1.98, 66995
1.98, 66971
1.98, 66525
2.77, 66385
2.77, 66075
2.77, 66004
2.78, 65735
2.78, 65069
2.78, 64736
20.72, 64469
20.73, 63644
