0.00, 213754
0.00, 213010
0.00, 209449
0.00, 205359
0.00, 203515
0.00, 202213
0.00, 202015
0.00, 201572
0.00, 200975
0.00, 199372
0.00, 192152
0.00, 185660
0.00, 181280
0.00, 181211
0.00, 179975
0.00, 179109
0.00, 178834
0.00, 178812
0.00, 178418
0.00, 173217
0.00, 170915
0.00, 170908
0.00, 169817
0.00, 169514
0.00, 167710
0.00, 163699
0.00, 163661
0.00, 162702
0.01, 160492
0.01, 159593
0.01, 159142
0.01, 154979
0.01, 148800
0.01, 147039
0.01, 145603
0.01, 144194
0.01, 142696
0.01, 142160
0.01, 142109
0.01, 141601
0.01, 140237
0.01, 140194
0.01, 140110
0.01, 138238
0.01, 137218
0.01, 136808
0.01, 134700
0.01, 134328
0.01, 134108
0.01, 133720
0.01, 133617
0.01, 133523
0.01, 133252
0.01, 132366
0.01, 132060
0.01, 130699
0.01, 129977
0.01, 129909
0.01, 129505
0.01, 126585
0.01, 125188
0.01, 116457
0.01, 115845
0.01, 113901
0.01, 113414
0.01, 112992
0.01, 112553
0.01, 112372
0.02, 111418
0.02, 111006
0.02, 110224
0.02, 109891
0.02, 109239
0.02, 108460
0.02, 108439
0.02, 108325
0.02, 107564
0.02, 107453
0.02, 106875
0.02, 106830
0.02, 104554
0.02, 103733
0.02, 103158
0.02, 101363
0.02, 100728
0.02, 100149
0.02, 99819
0.02, 99470
0.02, 99049
0.02, 98898
0.02, 98178
0.02, 97246
0.02, 96864
0.03, 96098
0.03, 95958
0.03, 95760
0.03, 95670
0.03, 95251
0.03, 93203
0.03, 93111
0.03, 91890
0.03, 91276
0.03, 89608
0.04, 89397
0.04, 88656
0.04, 87021
0.04, 86957
0.04, 86834
0.04, 86089
0.04, 85876
0.04, 85248
0.06, 85051
0.06, 84987
0.06, 84768
0.07, 84011
0.07, 83561
0.07, 83558
0.07, 83047
0.07, 82947
0.07, 82582
0.07, 81589
0.08, 81175
0.08, 80086
0.08, 79629
0.08, 77411
0.09, 77129
0.09, 76862
0.09, 76821
0.09, 76291
0.09, 74984
0.10, 74538
0.11, 74471
0.11, 74296
0.11, 73985
0.12, 73693
0.13, 73287
0.13, 73282
0.14, 73188
0.14, 72881
0.15, 72147
0.16, 71636
0.17, 71618
0.17, 71221
0.18, 71000
0.18, 70144
1.07, 69740
1.07, 69251
1.08, 69082
1.08, 68810
1.08, 68744
1.08, 68177
1.09, 67903
1.10, 67493
4.40, 67354
4.40, 67138
4.40, 66792
4.41, 66744
4.41, 66742
11.00, 66103
11.00, 65867
14.06, 65385
14.06, 65091
14.07, 64959
14.07, 63872
14.09, 63486
36.72, 63171
36.72, 63082
36.72, 62809
36.72, 62802
