0.00, 207606
0.00, 206902
0.00, 206891
0.00, 201785
0.00, 190824
0.00, 190567
0.00, 187995
0.00, 186828
0.00, 181312
0.00, 181248
0.00, 181034
0.00, 180178
0.00, 177619
0.00, 169465
0.00, 166072
0.00, 160799
0.00, 159011
0.00, 156244
0.00, 154995
0.00, 152411
0.00, 149280
0.00, 148838
0.00, 146885
0.01, 146388
0.01, 144947
0.01, 144560
0.01, 142778
0.01, 142149
0.01, 142066
0.01, 141582
0.01, 141380
0.01, 140220
0.01, 139374
0.01, 135479
0.01, 134773
0.01, 134252
0.01, 131392
0.01, 123545
0.01, 123010
0.01, 121293
0.01, 120350
0.01, 120188
0.01, 119579
0.01, 119168
0.01, 118885
0.01, 118768
0.01, 118170
0.01, 118121
0.01, 116883
0.01, 114704
0.01, 110977
0.01, 110604
0.01, 110305
0.01, 109276
0.01, 108739
0.01, 108083
0.01, 104390
0.01, 101294
0.02, 101067
0.02, 100889
0.02, 100057
0.02, 98504
0.02, 97764
0.02, 97242
0.02, 97233
0.02, 97197
0.02, 96814
0.02, 96728
0.02, 96658
0.02, 96096
0.02, 95603
0.02, 95466
0.02, 95406
0.03, 94584
0.03, 94295
0.03, 93846
0.03, 87152
0.03, 86624
0.03, 86190
0.03, 86043
0.03, 86016
0.03, 84535
0.04, 83405
0.04, 82387
0.04, 82045
0.05, 81833
0.06, 81706
0.07, 81613
0.07, 81450
0.08, 81168
0.09, 80232
0.09, 80087
0.09, 79718
0.10, 79696
0.10, 79289
0.11, 78594
0.11, 78356
0.11, 77805
0.22, 77628
0.23, 77440
0.23, 77403
0.23, 77380
0.23, 77042
0.24, 76601
0.24, 76531
0.24, 76359
0.24, 76319
0.24, 76150
0.25, 75441
0.25, 75362
0.25, 74246
0.26, 73135
0.26, 72811
0.26, 71173
0.26, 71171
0.28, 71072
0.38, 70671
0.38, 70309
0.38, 69847
0.38, 69340
0.38, 69032
0.39, 68893
1.76, 68311
1.76, 68174
1.76, 67773
1.76, 67635
1.77, 67170
1.77, 66555
14.01, 66527
14.02, 65610
14.02, 65562
30.97, 64789
30.98, 64450
30.98, 64344
30.99, 64072
30.99, 63938
31.00, 62973
31.01, 62637
62.13, 61668
