17.99, 222048
19.99, 219400
19.99, 219366
20.99, 217480
20.99, 217058
20.99, 215725
20.99, 214909
21.98, 210730
22.98, 209839
24.99, 209224
28.01, 209102
28.01, 204908
29.01, 204285
32.98, 202539
34.98, 202163
34.98, 200977
37.97, 200623
37.97, 200580
37.97, 194217
43.00, 194120
43.00, 194103
43.00, 192799
44.00, 187419
44.00, 187158
47.00, 186777
47.00, 186246
47.97, 185430
47.97, 179336
47.97, 179208
49.00, 175828
49.00, 170358
50.00, 170130
52.99, 169992
52.99, 169382
53.99, 169363
53.99, 167681
55.96, 166446
55.96, 164462
56.99, 164232
56.99, 163665
60.99, 163256
60.99, 156464
64.99, 155766
79.95, 155588
99.95, 155348
128.92, 155300
170.90, 154570
216.88, 154377
255.86, 154199
346.81, 153863
411.76, 153847
458.77, 153658
519.70, 153567
575.67, 153522
670.62, 153420
808.54, 153106
965.45, 153098
1135.36, 149976
1760.99, 148959
1932.89, 148864
2052.83, 148441
2114.79, 147919
2175.75, 147388
2248.71, 147268
2359.65, 144011
2516.56, 143920
2609.51, 142836
2734.43, 142549
2855.36, 138261
2999.28, 138215
3110.22, 137957
3331.09, 137326
3440.03, 135511
3508.99, 134890
3546.97, 120028
3579.95, 119413
3618.95, 118597
3656.91, 115754
3691.89, 115712
3735.86, 112915
3792.83, 112789
3846.80, 111106
3883.78, 111082
3924.75, 110216
3966.73, 109894
4002.71, 106430
4079.66, 105557
4216.58, 104959
4275.55, 104728
4347.51, 103004
4386.49, 102458
4425.47, 100480
4456.45, 99926
4484.43, 99568
4515.41, 99408
4547.40, 98368
4578.38, 98366
4616.36, 97764
4673.32, 95259
4725.29, 94559
4793.25, 93281
4850.22, 93216
4920.18, 92858
4960.16, 92395
4996.14, 91775
5020.15, 91570
