0.00, 230234
0.00, 221122
0.00, 217894
0.00, 213618
0.00, 211655
0.00, 209654
0.00, 206405
0.00, 204348
0.00, 202110
0.00, 199727
0.00, 198794
0.00, 197770
0.00, 194460
0.00, 188921
0.00, 188397
0.00, 187045
0.00, 187001
0.00, 184848
0.00, 183720
0.00, 181979
0.00, 181542
0.00, 181231
0.00, 179776
0.00, 177280
0.00, 176180
0.00, 175952
0.01, 174017
0.01, 172378
0.01, 171355
0.01, 161746
0.01, 161540
0.01, 161149
0.01, 157516
0.01, 157354
0.01, 156890
0.01, 156193
0.01, 155948
0.01, 155130
0.01, 147313
0.01, 145554
0.01, 145442
0.01, 144106
0.01, 143690
0.01, 143651
0.01, 142589
0.01, 141332
0.01, 140675
0.01, 135207
0.01, 134755
0.01, 134635
0.01, 130738
0.01, 130654
0.01, 129607
0.01, 128575
0.01, 126818
0.01, 124955
0.01, 124025
0.01, 123278
0.01, 122955
0.01, 121824
0.02, 121584
0.02, 120943
0.02, 120703
0.02, 120175
0.02, 119954
0.02, 119331
0.02, 119142
0.02, 113993
0.02, 111318
0.02, 110862
0.02, 109405
0.02, 108828
0.02, 108094
0.02, 106061
0.02, 105768
0.02, 104757
0.02, 103808
0.02, 103309
0.02, 102793
0.02, 102355
0.02, 101391
0.02, 100639
0.03, 100158
0.03, 99984
0.03, 99699
0.03, 99467
0.03, 98895
0.03, 98109
0.03, 98072
0.03, 97716
0.03, 97296
0.04, 96722
0.04, 96509
0.04, 96289
0.04, 96144
0.04, 95235
0.04, 94886
0.04, 94501
0.05, 94334
0.05, 94214
0.05, 93989
0.05, 93305
0.05, 93148
0.05, 92196
0.05, 91579
0.05, 91003
0.05, 90127
0.06, 89862
0.06, 89276
0.06, 89216
0.06, 88007
0.06, 87065
0.06, 87063
0.06, 87049
0.07, 87024
0.07, 86831
0.07, 86666
0.08, 85948
0.08, 85830
0.08, 85414
0.10, 85180
0.10, 84747
0.10, 84727
0.10, 84565
0.11, 84442
0.11, 84297
0.12, 83668
0.13, 83103
0.13, 82654
0.14, 82202
0.16, 81418
0.16, 81280
0.17, 80782
0.17, 79989
0.47, 79763
0.47, 79738
0.48, 79556
0.49, 78555
0.49, 78495
0.49, 78391
0.50, 78235
0.51, 77298
0.51, 77257
0.51, 77006
0.52, 76422
0.52, 76204
0.53, 75850
0.54, 75664
0.54, 75584
0.55, 75076
0.56, 74930
0.57, 74863
0.57, 74670
0.58, 74654
0.99, 74311
1.00, 74218
1.00, 74105
1.00, 73742
1.01, 72974
1.01, 72958
1.01, 72119
1.01, 71366
1.02, 71321
1.03, 69911
1.03, 69761
1.03, 69746
1.03, 69198
1.04, 69104
1.04, 68914
1.04, 68642
1.06, 67955
1.06, 67790
1.06, 67718
2.14, 67563
2.14, 67274
2.14, 67249
2.15, 66963
7.38, 66745
7.39, 66382
7.39, 66374
7.39, 66308
7.40, 65347
7.40, 65267
22.25, 64961
22.26, 64573
41.43, 64369
41.44, 64340
41.46, 64256
41.47, 64222
56.49, 64059
56.49, 63766
65.47, 63759
65.48, 63728
65.48, 63697
98.67, 63618
