0.00, 211012
0.00, 209718
0.00, 208743
0.00, 205125
0.00, 204009
0.00, 203818
0.00, 202513
0.00, 200659
0.00, 200285
0.00, 192617
0.00, 190378
0.00, 189885
0.00, 189836
0.00, 188874
0.00, 188530
0.00, 187615
0.00, 176782
0.00, 176768
0.00, 176245
0.00, 175649
0.00, 173906
0.00, 172315
0.00, 171366
0.00, 167899
0.00, 167679
0.00, 165231
0.00, 164263
0.00, 164144
0.00, 163903
0.00, 160074
0.00, 160015
0.01, 159938
0.01, 159290
0.01, 157990
0.01, 155833
0.01, 155766
0.01, 153949
0.01, 153694
0.01, 153010
0.01, 150318
0.01, 149441
0.01, 149228
0.01, 147823
0.01, 145570
0.01, 145149
0.01, 145125
0.01, 143871
0.01, 143334
0.01, 140771
0.01, 137887
0.01, 137868
0.01, 137524
0.01, 136459
0.01, 135623
0.01, 134363
0.01, 131180
0.01, 131076
0.01, 129823
0.01, 128641
0.01, 127931
0.01, 127847
0.01, 123230
0.01, 121246
0.01, 119682
0.01, 119679
0.01, 118912
0.01, 118803
0.01, 118029
0.01, 117607
0.01, 117321
0.01, 116326
0.01, 116021
0.01, 115986
0.01, 115762
0.01, 114609
0.02, 114526
0.02, 114188
0.02, 113865
0.02, 113784
0.02, 113721
0.02, 113020
0.02, 112974
0.02, 112586
0.02, 112136
0.02, 112050
0.02, 111368
0.03, 111089
0.03, 110378
0.03, 110285
0.03, 110106
0.03, 109388
0.03, 109026
0.03, 108535
0.03, 108323
0.03, 107902
0.03, 107859
0.03, 107380
0.04, 107244
0.04, 106551
0.04, 104145
0.04, 103565
0.04, 103021
0.04, 102612
0.04, 102389
0.05, 102025
0.05, 101681
0.05, 100837
0.05, 100166
0.05, 99782
0.05, 99627
0.05, 97568
0.05, 97471
0.06, 97183
0.06, 96589
0.06, 96494
0.06, 95908
0.06, 95662
0.06, 95505
0.06, 94972
0.07, 94562
0.07, 94377
0.07, 94251
0.07, 93856
0.07, 93743
0.08, 93737
0.08, 93620
0.08, 93075
0.09, 92753
0.09, 92215
0.10, 92009
0.10, 91585
0.10, 91559
0.10, 91447
0.11, 91050
0.11, 90586
0.12, 89800
0.12, 89712
0.12, 89051
0.12, 88392
0.12, 87348
0.13, 87257
0.13, 86878
0.14, 86868
0.14, 86356
0.14, 85964
0.14, 85935
0.14, 85806
0.14, 85297
0.15, 85225
0.15, 85162
0.15, 84934
0.15, 84278
0.15, 84227
0.16, 83335
0.16, 82773
0.16, 82151
0.22, 82103
0.22, 81764
0.22, 81616
0.22, 81436
0.22, 81207
0.23, 77258
0.23, 76841
0.23, 76596
0.23, 76478
0.23, 75422
0.23, 74761
0.23, 74469
0.24, 74390
0.24, 74183
0.88, 73588
1.01, 73228
1.02, 73001
1.02, 72354
1.02, 71842
1.02, 71789
1.03, 71784
1.04, 71116
1.04, 70295
1.04, 70094
1.05, 70077
1.06, 70028
1.06, 70000
1.07, 69863
1.44, 69401
1.45, 69152
1.45, 68142
1.46, 68129
1.46, 68118
1.46, 67768
1.47, 67724
5.75, 67527
5.75, 67314
5.91, 67121
19.45, 66409
19.46, 66074
19.47, 65985
19.48, 65835
24.28, 65764
32.34, 65603
54.05, 65526
54.05, 65476
54.05, 65459
54.07, 64818
54.08, 64740
54.09, 64622
54.11, 63987
54.13, 63960
54.14, 63574
71.03, 63194
71.03, 61048
71.04, 59795
71.04, 59080
71.05, 58525
71.05, 58270
71.06, 58172
71.06, 57864
71.06, 57843
