0.00, 229728
0.00, 229674
0.00, 221998
0.00, 221692
0.00, 220442
0.00, 219890
0.00, 219141
0.00, 216870
0.01, 216240
0.01, 213062
0.01, 211161
0.01, 210102
0.01, 209420
0.01, 209153
0.01, 208859
0.01, 198087
0.01, 197333
0.01, 197282
0.01, 196876
0.01, 196398
0.01, 195809
0.01, 191365
0.02, 191011
0.02, 187491
0.02, 186651
0.02, 181334
0.02, 181160
0.02, 180422
0.02, 180325
0.02, 179985
0.02, 179548
0.03, 179305
0.03, 177613
0.03, 177384
0.03, 176598
0.03, 169175
0.03, 168356
0.03, 167672
0.03, 159684
0.03, 158644
0.03, 158056
0.03, 157729
0.04, 157647
0.04, 153659
0.04, 153576
0.04, 149786
0.04, 147949
0.04, 145811
0.05, 145794
0.05, 145058
0.06, 144718
0.06, 143455
0.07, 142678
0.07, 140149
0.08, 138208
0.08, 137968
0.09, 137284
0.10, 137141
0.10, 136659
0.11, 136578
0.11, 133221
0.12, 133147
0.12, 132942
0.13, 132640
0.13, 132432
0.13, 132416
0.13, 132068
0.13, 131977
0.13, 131910
0.13, 131747
0.14, 131623
0.14, 130503
0.14, 130310
0.15, 130201
0.16, 118131
0.16, 117687
0.17, 116593
0.18, 116580
0.19, 113532
0.20, 113402
0.20, 112343
0.21, 111751
0.22, 111505
0.23, 101703
0.24, 101592
0.24, 101554
0.25, 100424
0.26, 100391
0.27, 99865
0.28, 99664
0.29, 98722
0.30, 95935
0.31, 95726
0.32, 95681
0.33, 92613
0.33, 91181
0.34, 91142
0.35, 91045
0.36, 90418
0.37, 89375
0.38, 89286
0.39, 88960
0.41, 88803
0.42, 88590
0.43, 88294
0.44, 88135
0.45, 88014
0.46, 84785
0.47, 84765
0.49, 84223
0.50, 83895
0.51, 83061
0.52, 82943
0.53, 82801
0.55, 82570
0.56, 82409
0.57, 82305
0.58, 81620
0.60, 81542
0.61, 81484
0.62, 81306
0.63, 80247
0.64, 79716
0.66, 79415
0.67, 79402
0.68, 78963
0.69, 78471
0.71, 77728
0.72, 77722
0.73, 77606
0.75, 77323
0.76, 76804
0.77, 74610
0.78, 73049
0.80, 72330
0.81, 71981
0.82, 71865
0.83, 71650
0.84, 71507
0.86, 71144
0.88, 70649
0.90, 70341
0.92, 70322
0.94, 70230
0.96, 69101
0.98, 68405
1.00, 62423
1.02, 61859
1.03, 61848
1.05, 61799
1.06, 61636
1.08, 61508
1.10, 59380
1.11, 58461
1.13, 58145
1.15, 58134
1.17, 58030
1.19, 57665
1.21, 57358
1.23, 57268
2.20, 56755
2.22, 56548
3.32, 56420
3.34, 56414
3.36, 56090
3.39, 54644
3.41, 54623
3.43, 54355
3.45, 53726
5.89, 53475
16.36, 53278
22.93, 53250
23.49, 53078
29.30, 53074
29.30, 53039
