0.00, 204584
0.00, 202149
0.00, 200933
0.00, 200472
0.00, 199667
0.00, 198723
0.00, 196981
0.00, 196273
0.00, 194989
0.00, 192101
0.00, 192047
0.00, 187743
0.00, 186778
0.00, 186443
0.00, 185949
0.00, 185723
0.00, 185062
0.00, 185028
0.00, 182327
0.00, 167717
0.00, 167591
0.00, 167248
0.00, 163321
0.00, 161699
0.01, 160979
0.01, 158882
0.01, 158726
0.01, 158539
0.01, 156774
0.01, 155718
0.01, 155163
0.01, 154797
0.01, 154502
0.01, 153420
0.01, 151274
0.01, 150602
0.01, 150587
0.01, 149966
0.01, 148613
0.01, 147876
0.01, 146258
0.01, 144932
0.01, 144379
0.01, 144218
0.01, 141198
0.01, 140987
0.01, 140791
0.01, 138146
0.01, 136631
0.01, 134050
0.01, 132299
0.01, 131007
0.01, 130483
0.02, 130179
0.02, 129283
0.02, 128436
0.02, 127485
0.02, 125453
0.02, 125305
0.02, 125099
0.02, 119693
0.02, 119622
0.02, 116002
0.02, 115639
0.02, 115593
0.02, 114884
0.02, 114639
0.02, 113890
0.03, 111899
0.03, 111127
0.03, 111017
0.03, 110894
0.03, 110008
0.03, 109710
0.03, 108805
0.03, 108314
0.03, 107748
0.03, 107676
0.03, 107623
0.03, 107621
0.03, 107419
0.03, 105320
0.04, 104222
0.04, 103686
0.04, 103576
0.04, 103509
0.04, 101782
0.04, 101668
0.04, 100959
0.04, 100932
0.04, 100898
0.05, 99833
0.05, 95304
0.06, 95250
0.06, 95111
0.06, 94936
0.06, 93949
0.06, 92948
0.06, 89722
0.06, 89604
0.07, 88485
0.07, 88457
0.08, 88320
0.08, 87803
0.08, 86585
0.12, 86354
0.12, 85394
0.13, 84659
0.13, 84126
0.13, 83645
0.13, 83487
0.13, 83402
0.13, 82703
0.13, 82617
0.13, 82536
0.13, 80969
0.14, 80138
0.14, 79583
0.14, 79402
0.14, 79120
0.14, 78896
0.14, 78283
0.14, 77503
0.14, 76922
0.15, 76896
0.15, 76554
0.15, 76520
0.15, 76461
0.16, 75593
0.16, 74981
0.16, 74008
0.16, 73993
0.17, 73755
0.17, 73437
0.18, 72679
0.18, 72576
0.19, 72455
0.19, 71356
0.19, 70750
0.19, 70644
0.19, 70391
0.20, 69688
0.22, 69578
0.22, 69369
0.23, 68752
0.24, 68303
0.24, 67680
0.24, 67530
0.61, 65902
0.62, 65798
0.62, 65433
0.63, 64928
0.63, 63364
0.64, 62436
0.64, 62415
