0.00, 204400
0.00, 203265
0.00, 201641
0.00, 200241
0.00, 199623
0.00, 198563
0.00, 195794
0.00, 193813
0.00, 192550
0.00, 191898
0.00, 191749
0.00, 190933
0.00, 189357
0.01, 182652
0.01, 172733
0.01, 171291
0.01, 170235
0.01, 164539
0.01, 163124
0.01, 161879
0.01, 161074
0.01, 160395
0.01, 153752
0.01, 152433
0.01, 151144
0.01, 149036
0.01, 147148
0.01, 145963
0.01, 145962
0.01, 144396
0.01, 140818
0.01, 138411
0.01, 136937
0.01, 133413
0.01, 131823
0.01, 131424
0.01, 130706
0.01, 130561
0.01, 130131
0.01, 129532
0.01, 127614
0.01, 127126
0.01, 126983
0.01, 126860
0.01, 126854
0.01, 126581
0.01, 126204
0.01, 126074
0.01, 126037
0.02, 125533
0.02, 125178
0.02, 124341
0.02, 124240
0.02, 124222
0.02, 124207
0.02, 122272
0.02, 122151
0.02, 121929
0.02, 121446
0.02, 120675
0.02, 117720
0.02, 116456
0.02, 115956
0.02, 115048
0.02, 114635
0.02, 114609
0.03, 113631
0.03, 113584
0.03, 112125
0.03, 111740
0.03, 111325
0.04, 110715
0.04, 110516
0.04, 110041
0.05, 110008
0.05, 108734
0.05, 106593
0.05, 106456
0.06, 104932
0.06, 104753
0.07, 104564
0.07, 104103
0.08, 103803
0.08, 100515
0.09, 100490
0.09, 100381
0.10, 99460
0.10, 99046
0.10, 97863
0.11, 97745
0.11, 97335
0.11, 97282
0.11, 97142
0.11, 96585
0.11, 92462
0.12, 91672
0.12, 91614
0.12, 90919
0.12, 89883
0.12, 88934
0.13, 88862
0.13, 88526
0.13, 88118
0.14, 87906
0.14, 87656
0.15, 87531
0.15, 86597
0.16, 86518
0.16, 86421
0.16, 86420
0.17, 86418
0.17, 86231
0.17, 84677
0.18, 83924
0.18, 82575
0.18, 81398
0.19, 80645
0.19, 80185
0.20, 78495
0.20, 77007
0.21, 76346
0.21, 75254
0.22, 74590
0.22, 73542
0.23, 72699
0.24, 71529
0.24, 71494
0.25, 70611
0.26, 70580
0.27, 70389
0.28, 70374
0.29, 69714
0.30, 69229
0.31, 68680
0.32, 68599
0.33, 68583
0.34, 68376
0.36, 67854
0.37, 67270
0.39, 66324
0.42, 65235
0.44, 64783
0.46, 63358
0.48, 59445
0.50, 58469
0.52, 55468
0.55, 55038
0.57, 54950
1.79, 54803
2.78, 53977
2.80, 53687
5.63, 53662
5.64, 53555
5.66, 53031
5.68, 52943
40.04, 52922
61.30, 52719
61.32, 52657
