0.00, 217224
0.00, 215897
0.00, 210553
0.00, 209643
0.00, 197880
0.00, 196121
0.00, 194719
0.00, 193868
0.00, 191736
0.00, 188324
0.00, 185108
0.00, 184973
0.00, 179717
0.00, 179002
0.00, 178651
0.00, 178248
0.00, 177933
0.00, 174184
0.00, 170156
0.00, 168864
0.00, 168451
0.00, 167043
0.00, 166158
0.00, 165145
0.00, 164368
0.01, 163361
0.01, 163181
0.01, 162823
0.01, 162765
0.01, 162336
0.01, 160017
0.01, 158153
0.01, 157499
0.01, 156739
0.01, 156529
0.01, 156086
0.01, 149224
0.01, 148796
0.01, 148514
0.01, 147553
0.01, 147189
0.01, 143589
0.01, 142290
0.01, 142027
0.01, 139869
0.01, 139486
0.01, 137917
0.01, 136469
0.01, 135978
0.01, 135656
0.01, 135473
0.01, 132702
0.01, 132153
0.01, 131545
0.01, 131430
0.01, 129997
0.01, 129911
0.01, 129830
0.01, 129521
0.01, 129373
0.01, 129075
0.01, 128366
0.01, 127968
0.02, 127746
0.02, 127514
0.02, 125227
0.02, 124823
0.02, 124516
0.02, 124297
0.02, 124098
0.02, 122452
0.02, 122146
0.02, 121858
0.02, 121633
0.02, 120589
0.02, 120550
0.02, 120042
0.02, 118669
0.02, 118382
0.02, 116257
0.02, 116154
0.02, 116048
0.02, 116042
0.02, 115348
0.02, 114975
0.02, 114737
0.02, 114724
0.03, 110877
0.03, 110472
0.03, 110310
0.03, 110286
0.03, 110207
0.03, 110086
0.03, 110049
0.03, 109711
0.03, 109588
0.03, 109316
0.03, 108669
0.03, 107608
0.03, 107454
0.03, 107332
0.03, 107027
0.04, 106516
0.04, 106459
0.04, 106280
0.04, 106192
0.04, 104935
0.04, 104717
0.05, 104048
0.05, 103747
0.05, 98965
0.05, 98922
0.05, 98541
0.05, 98098
0.05, 97747
0.05, 96833
0.05, 94293
0.05, 94213
0.05, 93837
0.05, 93793
0.05, 93724
0.05, 93317
0.06, 92805
0.06, 91515
0.06, 91378
0.06, 90937
0.06, 90302
0.06, 89891
0.07, 89758
0.07, 88725
0.08, 88317
0.08, 88124
0.08, 87802
0.08, 87340
0.08, 86537
0.09, 85969
0.09, 85830
0.09, 85829
0.09, 85793
0.09, 85676
0.10, 85510
0.10, 85268
0.10, 85037
0.10, 84662
0.10, 84587
0.11, 84444
0.11, 84130
0.11, 84087
0.28, 83864
0.29, 83012
0.29, 83003
0.29, 82390
0.30, 82315
0.57, 82250
0.57, 81923
0.57, 81077
0.58, 80715
0.58, 80060
0.58, 79839
0.58, 79723
0.58, 79355
0.58, 79048
0.59, 78825
0.59, 78696
0.60, 77823
0.60, 77147
0.61, 76812
0.61, 76369
0.62, 75963
0.63, 75545
0.63, 75245
0.64, 74985
0.65, 74779
0.67, 74727
0.67, 74609
1.65, 74596
1.65, 73412
1.66, 73271
1.66, 73138
1.66, 72965
1.66, 72870
1.66, 72771
1.66, 72749
1.67, 71910
1.68, 71518
1.68, 71380
1.69, 70500
1.69, 69982
1.70, 69544
1.70, 69381
1.70, 69354
1.70, 69346
1.70, 69324
1.71, 69088
1.72, 68790
1.72, 68697
1.73, 68479
1.74, 68037
1.74, 67436
2.50, 67116
2.50, 67053
2.52, 66865
2.53, 66256
2.53, 65866
2.54, 65831
2.55, 64894
2.56, 64735
2.57, 63670
12.06, 62946
12.07, 62925
58.59, 62800
