0.00, 209084
0.00, 208845
0.00, 201966
0.00, 201845
0.00, 201547
0.00, 199441
0.00, 199363
0.00, 199261
0.01, 196612
0.01, 195793
0.01, 195544
0.01, 195441
0.01, 194542
0.01, 189556
0.01, 189550
0.01, 189529
0.01, 189292
0.01, 188756
0.01, 183260
0.01, 181826
0.01, 180412
0.01, 179728
0.01, 179271
0.01, 177446
0.01, 177080
0.01, 176487
0.01, 167626
0.01, 165757
0.01, 162574
0.01, 161343
0.01, 160962
0.01, 160263
0.01, 160151
0.01, 158731
0.01, 158471
0.01, 158286
0.01, 157034
0.01, 154280
0.01, 153677
0.01, 153400
0.01, 151420
0.01, 150705
0.02, 150334
0.02, 149948
0.02, 149731
0.02, 149316
0.02, 148997
0.02, 143288
0.02, 142770
0.02, 139298
0.03, 138320
0.04, 136421
0.05, 136413
0.05, 136298
0.06, 136294
0.06, 136228
0.06, 135441
0.06, 135005
0.06, 134912
0.06, 133878
0.06, 133657
0.06, 133586
0.07, 133575
0.07, 133503
0.07, 133363
0.07, 132685
0.07, 132614
0.07, 132032
0.07, 131913
0.07, 131676
0.07, 131503
0.08, 130989
0.09, 130764
0.10, 126588
0.11, 125524
0.12, 123255
0.13, 123054
0.14, 122997
0.14, 122995
0.15, 122962
0.15, 122839
0.15, 122732
0.16, 122612
0.16, 121831
0.16, 121760
0.16, 121539
0.16, 121518
0.16, 121250
0.16, 121164
0.16, 121123
0.17, 120978
0.17, 120658
0.18, 119876
0.18, 119831
0.19, 113429
0.19, 113393
0.19, 113113
0.20, 111843
0.20, 111826
0.21, 110616
0.21, 110512
0.22, 109461
0.22, 107311
0.23, 107190
0.23, 107150
0.24, 107043
0.24, 107006
0.24, 106965
0.25, 104182
0.25, 103812
0.26, 103705
0.26, 103572
0.27, 103087
0.28, 102704
0.29, 102489
0.29, 102086
0.30, 100935
0.31, 99920
0.32, 99595
0.32, 94944
0.33, 93585
0.34, 93087
0.35, 92073
0.35, 91559
0.36, 91360
0.37, 91359
0.38, 89224
0.39, 88367
0.40, 88354
0.40, 87020
0.41, 85705
0.42, 84058
0.43, 83625
0.44, 83601
0.45, 81165
0.46, 80938
0.46, 80771
0.47, 80678
0.48, 79541
0.49, 79172
0.50, 78875
0.51, 78426
0.52, 78169
0.53, 77813
0.54, 77422
0.55, 77000
0.55, 76960
0.56, 75717
0.57, 75502
0.58, 75120
0.60, 74834
0.61, 74271
0.63, 73995
0.64, 73908
0.66, 71910
0.67, 71839
0.69, 71262
0.70, 71247
0.71, 71091
0.73, 70722
0.74, 69512
0.75, 68897
0.76, 68106
0.78, 67498
0.79, 67434
0.80, 66819
0.82, 66738
0.83, 66624
0.85, 66417
0.86, 65944
0.88, 65335
0.89, 64534
0.90, 64174
0.91, 64088
0.92, 63166
0.93, 63058
0.93, 61836
0.94, 61483
0.96, 60770
0.98, 60263
1.00, 60128
1.02, 59307
1.04, 59157
1.06, 58933
1.07, 58723
1.10, 58473
1.12, 57468
1.14, 57406
1.16, 57169
1.18, 56204
1.20, 55862
1.23, 54871
2.86, 54848
4.53, 54139
4.55, 54104
4.57, 53552
10.49, 53481
17.17, 53319
17.17, 53051
57.02, 52875
