0.00, 199769
0.00, 198166
0.00, 197546
0.00, 192558
0.00, 191707
0.00, 191621
0.00, 191486
0.00, 188059
0.00, 183068
0.01, 182222
0.01, 182210
0.01, 182185
0.01, 182055
0.01, 179040
0.01, 174547
0.01, 173708
0.01, 173149
0.01, 172858
0.01, 172802
0.01, 170305
0.01, 168109
0.01, 167421
0.01, 166907
0.01, 164644
0.01, 164562
0.01, 164398
0.01, 163426
0.01, 163319
0.01, 161163
0.01, 159650
0.01, 159246
0.01, 158889
0.01, 151813
0.01, 149119
0.01, 148730
0.01, 147984
0.01, 147329
0.01, 147315
0.01, 146329
0.01, 144014
0.01, 143169
0.01, 142871
0.01, 142080
0.01, 141657
0.01, 141288
0.01, 140286
0.01, 139533
0.01, 139420
0.01, 139150
0.02, 138418
0.02, 138398
0.02, 137947
0.02, 137503
0.02, 136148
0.02, 132208
0.02, 132036
0.02, 131041
0.02, 130556
0.02, 128844
0.02, 128832
0.02, 128101
0.03, 126790
0.03, 126116
0.03, 125445
0.04, 122171
0.04, 121942
0.04, 119984
0.05, 119555
0.05, 119328
0.05, 115158
0.06, 112292
0.06, 112113
0.07, 111933
0.07, 111862
0.08, 111858
0.09, 111683
0.09, 110742
0.10, 110683
0.10, 108894
0.10, 108124
0.11, 107557
0.11, 106941
0.12, 106739
0.13, 106531
0.13, 106168
0.14, 106163
0.15, 105082
0.16, 103489
0.16, 102433
0.17, 101875
0.18, 101386
0.19, 100129
0.20, 100108
0.21, 97984
0.22, 97204
0.23, 96183
0.24, 96076
0.25, 95568
0.26, 95211
0.27, 93724
0.28, 92672
0.29, 92256
0.31, 91580
0.32, 91461
0.33, 90337
0.34, 90159
0.36, 89919
0.37, 89496
0.38, 89069
0.39, 88886
0.41, 88329
0.42, 88267
0.43, 88220
0.45, 88046
0.46, 87321
0.48, 87084
0.49, 86647
0.51, 85425
0.52, 85334
0.53, 84986
0.54, 84919
0.55, 84871
0.57, 84490
0.58, 83813
0.60, 83638
0.62, 82828
0.63, 82809
0.65, 82221
0.67, 81057
0.69, 81028
0.71, 80514
0.71, 80374
0.71, 79869
0.72, 79362
0.72, 77273
0.72, 76302
0.72, 75977
0.72, 75319
0.72, 73957
0.72, 73929
0.72, 73883
0.73, 73482
0.73, 73169
0.73, 72375
0.73, 71959
0.73, 70159
0.74, 63817
0.74, 59408
0.74, 56117
0.75, 55687
0.75, 55599
0.75, 55541
0.75, 55298
0.76, 54988
0.77, 54065
0.78, 53772
6.12, 53296
9.94, 53244
9.96, 53086
20.11, 53029
28.54, 52992
60.74, 52895
