0.00, 205762
0.00, 204422
0.00, 202824
0.00, 197099
0.00, 196613
0.00, 188667
0.00, 187399
0.00, 187086
0.01, 186839
0.01, 186002
0.01, 184586
0.01, 184491
0.01, 184332
0.01, 184224
0.01, 184133
0.01, 184129
0.01, 184096
0.01, 183757
0.01, 179818
0.01, 179658
0.01, 179123
0.01, 177835
0.01, 177510
0.01, 177246
0.01, 175991
0.01, 174965
0.01, 174670
0.01, 174620
0.01, 174308
0.01, 173808
0.01, 173674
0.01, 173014
0.01, 172506
0.01, 162824
0.01, 161917
0.01, 161803
0.01, 151792
0.01, 151654
0.01, 150863
0.01, 150380
0.01, 149850
0.01, 148475
0.01, 139632
0.02, 138750
0.02, 138670
0.02, 138423
0.02, 137663
0.02, 137559
0.02, 131518
0.03, 130878
0.03, 129891
0.04, 129842
0.05, 129661
0.06, 129459
0.06, 129448
0.06, 128004
0.06, 128000
0.06, 127979
0.06, 127711
0.07, 127315
0.09, 126892
0.09, 126756
0.10, 126521
0.10, 126314
0.11, 125469
0.12, 124404
0.13, 124318
0.14, 122575
0.15, 122461
0.17, 120183
0.18, 119108
0.19, 117663
0.20, 117461
0.21, 115354
0.23, 115167
0.24, 115152
0.25, 114510
0.26, 113945
0.27, 113746
0.28, 113214
0.30, 113213
0.31, 112917
0.32, 112632
0.33, 111151
0.34, 111081
0.35, 109827
0.37, 109303
0.38, 107443
0.39, 107219
0.40, 106422
0.42, 106110
0.43, 98206
0.45, 97981
0.47, 92319
0.49, 91672
0.51, 91260
0.52, 90958
0.54, 90072
0.56, 89729
0.57, 88353
0.58, 87885
0.60, 87165
0.61, 86367
0.63, 83890
0.64, 83889
0.65, 83713
0.67, 81165
0.68, 80920
0.70, 79871
0.71, 79406
0.73, 78629
0.74, 77046
0.76, 76915
0.77, 76396
0.79, 76252
0.80, 75275
0.82, 74033
0.83, 73552
0.85, 73126
0.86, 71513
0.88, 69700
0.89, 69621
0.91, 68382
0.93, 67793
0.95, 67714
0.97, 67632
0.98, 66947
1.00, 66425
1.02, 66219
1.04, 66090
1.06, 65941
1.07, 65467
1.09, 65275
1.11, 64663
1.13, 64578
1.15, 64324
1.16, 61916
1.18, 61704
1.20, 60440
1.22, 60223
1.23, 59320
1.25, 59136
1.27, 56596
1.29, 56573
1.31, 56192
1.33, 56103
1.35, 56047
1.37, 55889
1.39, 55468
1.42, 55290
1.44, 53794
1.46, 53751
1.48, 53630
1.51, 53483
1.53, 53340
7.76, 52936
41.65, 52860
