0.01, 194598
0.01, 193959
0.01, 192949
0.01, 192408
0.01, 191793
0.01, 188508
0.01, 188330
0.01, 185745
0.01, 183404
0.01, 180616
0.01, 179791
0.01, 175818
0.01, 175509
0.01, 174867
0.01, 173664
0.01, 172938
0.01, 169858
0.01, 169636
0.01, 168037
0.01, 166614
0.01, 166403
0.01, 165307
0.01, 161763
0.01, 160895
0.01, 160489
0.01, 160277
0.01, 158950
0.02, 158019
0.02, 157476
0.02, 156389
0.02, 156092
0.02, 155572
0.02, 151770
0.02, 150420
0.02, 148698
0.02, 147844
0.02, 147508
0.02, 146079
0.03, 144099
0.03, 141820
0.03, 138313
0.03, 135812
0.03, 135616
0.03, 135067
0.03, 131676
0.03, 131366
0.03, 128868
0.03, 128526
0.03, 126290
0.03, 126189
0.03, 124703
0.03, 124161
0.04, 123528
0.05, 123461
0.05, 122910
0.05, 122412
0.05, 121780
0.05, 120415
0.05, 120138
0.05, 120082
0.06, 119878
0.06, 119694
0.06, 118891
0.06, 118661
0.07, 118352
0.07, 116620
0.07, 115753
0.07, 115485
0.08, 114641
0.08, 114053
0.08, 112999
0.08, 112993
0.08, 112968
0.08, 109694
0.09, 109634
0.09, 109602
0.09, 109380
0.09, 108888
0.10, 108476
0.10, 108277
0.10, 107750
0.10, 106287
0.10, 106198
0.10, 105503
0.11, 103832
0.11, 103724
0.11, 103600
0.11, 103391
0.11, 103312
0.11, 101842
0.12, 100817
0.12, 100701
0.13, 99088
0.13, 97708
0.14, 97212
0.14, 97047
0.15, 94897
0.15, 94670
0.16, 94328
0.16, 93520
0.16, 93394
0.16, 93280
0.17, 93222
0.17, 93131
0.18, 92441
0.19, 92345
0.20, 92173
0.20, 92052
0.20, 91966
0.22, 91882
0.24, 91288
0.24, 90955
0.26, 90404
0.26, 90313
0.26, 90260
0.27, 89589
0.39, 89558
0.39, 88966
0.39, 87942
0.41, 87673
0.41, 86350
0.42, 85833
0.43, 85771
0.43, 84743
0.43, 84208
0.43, 84200
0.43, 82947
0.43, 82880
0.43, 82397
0.44, 82362
0.45, 80517
0.45, 80354
0.46, 80311
0.46, 79840
0.47, 77954
0.47, 77494
0.48, 77439
0.48, 77387
0.49, 76702
0.50, 76578
0.51, 76485
0.52, 76210
0.53, 75863
0.54, 75629
0.54, 75264
0.55, 75202
0.56, 75126
0.58, 74244
0.60, 73755
0.61, 72795
0.61, 72530
0.61, 72416
0.61, 72356
0.62, 72173
0.63, 71969
0.64, 71463
0.64, 71179
0.65, 70873
0.66, 70279
0.68, 70111
0.68, 70031
0.69, 69814
0.71, 69025
0.72, 68836
0.72, 68398
0.77, 67424
0.77, 67331
