0.00, 219567
0.00, 219348
0.00, 217769
0.00, 216886
0.00, 213308
0.00, 212975
0.00, 211360
0.00, 206611
0.00, 206204
0.00, 205930
0.00, 205723
0.00, 203704
0.00, 203178
0.00, 203092
0.00, 201143
0.00, 200688
0.01, 200170
0.01, 200085
0.01, 199825
0.01, 191804
0.01, 190231
0.01, 188016
0.01, 187973
0.01, 187272
0.01, 185853
0.01, 185846
0.01, 181854
0.01, 181747
0.01, 180343
0.01, 179198
0.01, 178288
0.01, 175138
0.01, 174616
0.02, 174091
0.02, 173727
0.02, 170761
0.02, 170470
0.02, 170405
0.02, 169674
0.03, 169013
0.03, 167629
0.03, 166972
0.03, 166555
0.03, 164492
0.03, 163716
0.04, 159824
0.04, 159696
0.04, 158962
0.04, 158494
0.04, 157601
0.05, 156290
0.05, 154533
0.05, 153416
0.05, 151829
0.05, 150192
0.06, 149949
0.06, 149226
0.06, 141607
0.06, 139921
0.06, 135713
0.06, 134139
0.07, 133737
0.07, 132135
0.07, 131880
0.07, 126017
0.07, 124141
0.08, 123950
0.08, 123336
0.08, 122371
0.08, 120905
0.09, 120396
0.09, 118945
0.09, 116878
0.09, 116431
0.10, 116034
0.10, 115250
0.10, 114858
0.11, 114597
0.11, 114092
0.11, 113886
0.12, 113402
0.12, 112809
0.13, 112434
0.13, 112160
0.14, 110764
0.15, 110338
0.15, 110334
0.16, 110313
0.16, 110292
0.17, 109913
0.17, 109906
0.18, 109874
0.19, 109605
0.19, 109514
0.20, 109343
0.20, 100327
0.21, 99731
0.21, 99385
0.23, 99117
0.24, 98987
0.26, 93626
0.28, 92885
0.29, 92879
0.31, 92828
0.33, 92707
0.34, 91773
0.36, 91485
0.38, 91072
0.40, 90645
0.42, 90013
0.43, 86875
0.45, 86843
0.47, 86654
0.49, 86348
0.51, 85955
0.53, 85760
0.55, 85544
0.57, 82150
0.59, 81490
0.61, 81434
0.62, 81402
0.64, 80896
0.66, 80207
0.68, 79520
0.70, 79422
0.72, 78843
0.74, 78011
0.76, 77979
0.78, 77588
0.80, 77184
0.82, 75679
0.83, 74989
0.85, 74860
0.87, 74562
0.89, 74249
0.91, 73962
0.93, 73302
0.95, 72963
0.96, 72253
0.98, 71853
1.00, 71542
1.02, 71486
1.04, 70622
1.06, 69949
1.07, 69856
1.09, 69572
1.11, 69571
1.13, 69179
1.15, 68613
1.17, 68433
1.19, 67801
1.21, 67141
1.23, 67008
1.25, 66219
1.27, 66199
1.29, 66196
1.31, 66026
1.33, 64925
1.35, 64793
1.37, 64509
1.39, 64343
1.41, 64042
1.43, 63592
1.45, 63245
1.47, 62743
1.49, 62232
1.51, 62115
1.53, 61851
1.55, 61705
1.58, 61608
1.60, 61511
1.62, 61493
1.64, 61185
1.66, 60650
1.68, 60487
1.70, 60440
1.72, 60384
1.75, 59962
1.77, 59927
1.79, 58976
1.81, 57663
1.83, 57304
1.85, 56648
1.87, 56379
1.89, 56364
3.76, 56251
3.78, 55160
3.80, 54914
3.82, 54760
3.85, 54070
8.68, 53175
16.16, 53137
32.61, 53092
46.89, 52894
