0.00, 224867
0.00, 219613
0.00, 212764
0.00, 211591
0.00, 211287
0.00, 209875
0.00, 208037
0.00, 207876
0.00, 207438
0.00, 206087
0.00, 203750
0.00, 200713
0.00, 199514
0.00, 198280
0.00, 196894
0.00, 196097
0.00, 190909
0.00, 190614
0.00, 190046
0.01, 189878
0.01, 189319
0.01, 189109
0.01, 183528
0.01, 182019
0.01, 181840
0.01, 180833
0.01, 180449
0.01, 180403
0.01, 171130
0.01, 167914
0.01, 166017
0.01, 163686
0.01, 154009
0.01, 152935
0.01, 152027
0.01, 151394
0.01, 150354
0.01, 149542
0.01, 147758
0.01, 146786
0.01, 141875
0.01, 141138
0.01, 138250
0.01, 137123
0.01, 137032
0.01, 135719
0.01, 135323
0.01, 134754
0.01, 131954
0.01, 127551
0.01, 124916
0.01, 123768
0.01, 123243
0.01, 123184
0.01, 122882
0.01, 121631
0.01, 121181
0.01, 121132
0.01, 119335
0.01, 119182
0.01, 114886
0.02, 114300
0.02, 113938
0.02, 113277
0.02, 112871
0.02, 109573
0.02, 108774
0.02, 108727
0.02, 108093
0.02, 106672
0.02, 105490
0.02, 103699
0.02, 103682
0.02, 103582
0.02, 103081
0.02, 102417
0.03, 102229
0.03, 101605
0.03, 99954
0.03, 99721
0.03, 99661
0.03, 99650
0.03, 94702
0.03, 94114
0.03, 93414
0.03, 93393
0.03, 92943
0.03, 92890
0.03, 92824
0.04, 92612
0.04, 91952
0.04, 91083
0.04, 90907
0.04, 90533
0.04, 89631
0.04, 89441
0.04, 86150
0.04, 86102
0.04, 84334
0.04, 83761
0.04, 83437
0.05, 83019
0.05, 82429
0.05, 81840
0.06, 81694
0.06, 81578
0.06, 81406
0.06, 80961
0.07, 80394
0.08, 80307
0.10, 80195
0.10, 79919
0.11, 79108
0.12, 78485
0.12, 78164
0.13, 78140
0.14, 78100
0.16, 77920
0.16, 77542
0.17, 77296
0.25, 76961
0.25, 76676
0.25, 76660
0.26, 75931
0.26, 72930
0.26, 72475
0.26, 72200
0.26, 71727
0.26, 71311
0.26, 70449
0.26, 70324
0.27, 70246
0.27, 69730
0.27, 69705
0.27, 68777
0.27, 68627
0.28, 68494
0.28, 67689
0.28, 67377
0.28, 67199
0.28, 67185
0.29, 67028
0.29, 67000
0.30, 66190
0.30, 65944
0.30, 65652
0.30, 65181
0.32, 64811
9.78, 64735
9.79, 64273
15.41, 64246
15.41, 63639
15.41, 63597
15.41, 63054
15.42, 62929
15.42, 62891
15.42, 62555
15.42, 62297
15.43, 61374
15.43, 59506
15.44, 59421
15.45, 58996
15.47, 58795
