0.00, 208184
0.00, 208150
0.00, 208012
0.00, 207891
0.00, 207623
0.00, 207585
0.00, 204370
0.00, 204156
0.01, 203993
0.01, 199581
0.01, 199235
0.01, 193571
0.01, 193201
0.01, 192891
0.01, 192665
0.01, 191652
0.01, 191401
0.01, 190317
0.01, 187353
0.01, 187303
0.01, 183587
0.01, 183288
0.01, 183066
0.01, 178555
0.01, 176895
0.01, 176675
0.01, 174648
0.01, 174523
0.01, 174161
0.01, 173908
0.01, 173519
0.01, 172709
0.01, 171529
0.01, 170994
0.01, 170622
0.01, 169761
0.01, 169365
0.01, 169189
0.02, 168732
0.02, 168263
0.02, 161914
0.03, 161297
0.03, 161150
0.03, 160071
0.04, 153086
0.04, 152425
0.04, 151106
0.05, 150685
0.05, 150592
0.06, 149307
0.06, 147896
0.07, 147080
0.08, 145858
0.08, 145188
0.09, 144999
0.09, 144983
0.09, 144776
0.10, 144629
0.10, 142491
0.11, 141875
0.11, 140402
0.12, 139888
0.12, 139860
0.13, 138223
0.14, 137883
0.14, 137830
0.15, 134539
0.15, 133845
0.16, 133833
0.17, 133654
0.17, 133104
0.18, 131878
0.18, 131620
0.19, 128908
0.19, 122435
0.20, 120911
0.20, 119312
0.21, 117912
0.21, 115827
0.22, 115221
0.22, 115120
0.23, 114947
0.23, 112821
0.24, 111241
0.24, 110936
0.25, 110424
0.25, 107893
0.26, 107456
0.27, 106787
0.27, 105767
0.28, 105701
0.29, 104632
0.29, 103056
0.30, 102548
0.31, 102231
0.31, 101937
0.32, 100985
0.33, 100750
0.34, 100707
0.35, 100579
0.36, 100195
0.37, 100074
0.38, 99575
0.39, 99556
0.40, 99132
0.41, 98918
0.42, 98811
0.43, 98806
0.44, 98713
0.45, 98439
0.46, 98297
0.47, 98066
0.48, 97978
0.48, 97799
0.50, 95301
0.51, 95122
0.52, 94753
0.53, 94569
0.55, 91475
0.56, 90812
0.57, 90715
0.58, 90666
0.60, 90243
0.61, 89119
0.62, 89094
0.63, 88290
0.64, 87712
0.65, 87411
0.65, 87402
0.66, 87294
0.67, 87174
0.67, 86133
0.68, 86065
0.69, 85836
0.70, 85143
0.71, 84642
0.72, 84046
0.73, 83832
0.74, 83315
0.75, 82483
0.76, 82141
0.77, 82051
0.78, 81600
0.80, 74729
0.81, 74716
0.82, 74301
0.83, 74126
0.84, 74092
0.86, 74033
0.87, 73450
0.88, 72257
0.89, 72166
0.91, 71482
0.92, 71321
0.93, 71171
0.95, 70566
0.96, 70544
0.97, 69849
0.98, 69379
1.00, 68407
1.01, 68237
1.03, 68167
1.04, 68156
1.05, 67693
1.06, 67568
1.08, 66806
1.09, 66347
1.11, 66207
1.13, 65724
1.14, 65687
1.16, 57553
1.18, 57190
1.19, 56899
1.21, 56656
1.23, 56340
2.65, 56100
2.68, 54540
2.70, 53979
3.87, 53937
3.89, 53881
3.91, 53723
3.94, 53302
3.96, 53112
24.47, 53014
