0.00, 230781
0.00, 230506
0.00, 229858
0.00, 229608
0.00, 220458
0.00, 216682
0.00, 214291
0.00, 212825
0.00, 207923
0.00, 207740
0.00, 198328
0.00, 197028
0.00, 184509
0.00, 180014
0.00, 175119
0.00, 173451
0.00, 170203
0.00, 168921
0.00, 165130
0.01, 161215
0.01, 155769
0.01, 155585
0.01, 153765
0.01, 152845
0.01, 152813
0.01, 151553
0.01, 147104
0.01, 146407
0.01, 146171
0.01, 145821
0.01, 140327
0.01, 139434
0.01, 138684
0.01, 135862
0.01, 135387
0.01, 133512
0.01, 130789
0.01, 128210
0.01, 127293
0.01, 127097
0.01, 123774
0.01, 122574
0.01, 122090
0.01, 122037
0.01, 121774
0.01, 121588
0.01, 121283
0.01, 120072
0.01, 119499
0.01, 118043
0.01, 117977
0.01, 117531
0.01, 116802
0.01, 116396
0.01, 116284
0.01, 116240
0.02, 116221
0.02, 115816
0.02, 115628
0.02, 115553
0.02, 115339
0.02, 115258
0.02, 113446
0.02, 113345
0.02, 111515
0.02, 111372
0.02, 110642
0.02, 108518
0.02, 108361
0.02, 107951
0.02, 107839
0.02, 107205
0.02, 107126
0.02, 106777
0.02, 106053
0.03, 105601
0.03, 105546
0.03, 105095
0.03, 104925
0.03, 104455
0.03, 104134
0.03, 103772
0.03, 103683
0.03, 103077
0.03, 102991
0.03, 102961
0.03, 102449
0.04, 102294
0.04, 101799
0.04, 101649
0.04, 101294
0.04, 98592
0.04, 98001
0.04, 97941
0.04, 97197
0.04, 96268
0.04, 95767
0.04, 94995
0.04, 94608
0.04, 94276
0.05, 93796
0.05, 93224
0.05, 93126
0.05, 92770
0.05, 92067
0.05, 91360
0.05, 88892
0.05, 88723
0.05, 88586
0.05, 88367
0.05, 88247
0.05, 88202
0.06, 87984
0.06, 87670
0.06, 87190
0.06, 86100
0.06, 85785
0.06, 85193
0.06, 84475
0.06, 83170
0.07, 82945
0.07, 82818
0.07, 82507
0.07, 81685
0.08, 81322
0.08, 80734
0.08, 80513
0.08, 79603
0.08, 79429
0.08, 78840
0.08, 78819
0.08, 78464
0.09, 78081
0.10, 77331
0.10, 76434
0.10, 76316
0.10, 75530
0.10, 75451
0.10, 75194
0.11, 75044
0.11, 74678
0.13, 74013
0.13, 71917
0.13, 71315
0.66, 70761
0.67, 70536
0.67, 70196
0.68, 70069
0.69, 69907
0.69, 69461
4.15, 69352
4.17, 68935
4.17, 68892
4.17, 68694
4.18, 68453
4.18, 68366
4.20, 67682
8.28, 66967
8.28, 66630
8.28, 66354
8.28, 65367
8.28, 64987
8.30, 64671
8.30, 64167
8.31, 64033
8.31, 64012
85.64, 63839
85.64, 63727
85.64, 63646
89.89, 63557
89.89, 62888
