0.00, 228550
0.00, 228316
0.00, 228053
0.00, 227806
0.00, 226391
0.00, 225719
0.00, 216515
0.00, 215567
0.00, 214812
0.01, 214522
0.01, 208722
0.01, 208022
0.01, 207293
0.01, 205566
0.01, 204189
0.01, 204094
0.01, 202918
0.01, 202796
0.01, 202495
0.01, 200225
0.01, 200194
0.01, 199486
0.01, 199130
0.01, 198583
0.01, 195079
0.01, 194831
0.01, 194821
0.01, 194562
0.01, 190307
0.01, 189106
0.01, 187785
0.01, 187546
0.01, 187504
0.01, 186016
0.01, 185835
0.01, 184513
0.01, 184480
0.01, 184136
0.01, 184075
0.01, 184069
0.01, 183915
0.01, 183722
0.01, 183496
0.01, 182303
0.01, 182138
0.01, 181685
0.01, 181319
0.01, 181032
0.01, 180821
0.01, 180160
0.01, 179124
0.01, 178785
0.02, 178322
0.02, 176584
0.02, 175627
0.02, 175413
0.02, 175402
0.02, 175169
0.02, 172319
0.02, 170989
0.02, 169593
0.02, 169589
0.02, 169568
0.02, 169112
0.02, 168867
0.02, 163701
0.02, 162767
0.02, 162486
0.02, 161794
0.02, 160299
0.02, 159361
0.02, 158638
0.02, 156572
0.02, 155974
0.02, 155228
0.02, 154873
0.02, 154831
0.02, 153388
0.02, 151505
0.02, 151238
0.02, 143400
0.03, 142042
0.03, 139347
0.03, 133223
0.03, 132295
0.03, 131432
0.03, 131012
0.04, 122507
0.04, 121948
0.05, 121657
0.05, 120892
0.05, 120615
0.06, 120521
0.06, 120056
0.06, 119736
0.07, 119126
0.07, 118694
0.08, 118066
0.08, 118023
0.09, 117882
0.10, 116638
0.11, 116562
0.12, 116471
0.13, 116296
0.14, 115535
0.15, 115501
0.17, 114146
0.18, 113721
0.19, 113486
0.20, 113194
0.22, 113084
0.23, 112592
0.24, 110622
0.26, 110481
0.27, 110474
0.28, 110402
0.29, 104190
0.31, 102294
0.32, 101097
0.33, 97513
0.35, 97347
0.36, 96658
0.37, 95005
0.39, 94884
0.40, 94611
0.41, 93631
0.43, 92935
0.44, 92724
0.45, 92357
0.47, 90863
0.48, 90641
0.49, 90230
0.51, 90072
0.52, 89124
0.53, 88195
0.55, 87613
0.56, 87337
0.57, 87080
0.59, 86479
0.60, 84772
0.61, 83273
0.63, 81370
0.64, 81078
0.65, 80099
0.67, 79686
0.68, 79676
0.69, 79651
0.71, 79598
0.72, 78988
0.73, 78971
0.75, 78909
0.76, 77812
0.78, 77411
0.79, 76438
0.81, 75171
0.82, 73585
0.84, 73457
0.85, 73393
0.86, 73248
0.87, 72358
0.89, 71912
0.91, 70875
0.93, 70132
0.95, 69633
0.96, 69186
0.98, 69049
0.99, 68170
1.01, 68060
1.03, 67492
1.04, 67025
1.06, 65218
1.07, 65105
1.09, 64865
1.10, 64834
1.12, 64496
1.13, 64348
1.15, 63672
1.17, 63435
1.18, 63088
1.20, 63072
1.21, 62865
1.23, 62776
1.24, 62468
1.26, 62367
1.27, 61922
1.29, 61784
1.31, 61516
1.32, 61096
1.34, 61089
1.36, 60447
1.38, 60370
1.40, 60341
1.42, 60050
1.43, 59939
1.44, 59801
1.46, 59800
1.48, 59488
1.50, 59287
1.52, 57640
1.54, 57408
1.56, 56843
1.58, 56131
1.60, 55692
3.38, 55590
3.40, 55101
3.42, 55092
3.43, 54543
5.29, 54319
5.30, 54276
5.32, 53486
5.34, 53453
15.13, 53365
36.32, 53186
53.36, 52921
