0.00, 208939
0.00, 208683
0.00, 206263
0.00, 203630
0.00, 203075
0.00, 201540
0.00, 200688
0.00, 200582
0.00, 197830
0.00, 196783
0.00, 196200
0.00, 196122
0.00, 194910
0.00, 193215
0.00, 192610
0.00, 192104
0.00, 191699
0.00, 185870
0.00, 185122
0.00, 184347
0.01, 183674
0.01, 181469
0.01, 180946
0.01, 176569
0.01, 176060
0.01, 172678
0.01, 171969
0.01, 168901
0.01, 164822
0.01, 164797
0.01, 163675
0.01, 163493
0.01, 163423
0.01, 162919
0.01, 162859
0.01, 156954
0.01, 156913
0.01, 156092
0.01, 155788
0.01, 152443
0.01, 149901
0.01, 147461
0.01, 147113
0.01, 141069
0.01, 140451
0.01, 140225
0.01, 140064
0.01, 138812
0.01, 138715
0.01, 138240
0.01, 137304
0.01, 137101
0.01, 136664
0.01, 135507
0.01, 134956
0.01, 134923
0.01, 134788
0.01, 134678
0.01, 134247
0.02, 130376
0.02, 129527
0.02, 128816
0.02, 128422
0.02, 127179
0.03, 127148
0.03, 126495
0.04, 125793
0.04, 125022
0.05, 124992
0.05, 124421
0.06, 124374
0.07, 123866
0.07, 123507
0.08, 123183
0.09, 122782
0.09, 121614
0.10, 120825
0.10, 120635
0.10, 120072
0.10, 119881
0.11, 119036
0.11, 118869
0.12, 118425
0.13, 118339
0.15, 116784
0.15, 116674
0.15, 115995
0.15, 115965
0.15, 112837
0.15, 112726
0.16, 112018
0.17, 111926
0.19, 111019
0.20, 109085
0.21, 108512
0.23, 108312
0.24, 107651
0.25, 106764
0.27, 106763
0.28, 106692
0.29, 106595
0.31, 106199
0.32, 106047
0.33, 105928
0.34, 102935
0.36, 102516
0.37, 100592
0.39, 100357
0.40, 99519
0.41, 98632
0.43, 97620
0.44, 97511
0.46, 95521
0.47, 94982
0.49, 94491
0.50, 92563
0.52, 91808
0.53, 91496
0.54, 91111
0.56, 90959
0.57, 90931
0.58, 90464
0.60, 89684
0.61, 88894
0.62, 88773
0.64, 88626
0.65, 88511
0.67, 88445
0.68, 87791
0.70, 87747
0.71, 86843
0.73, 86542
0.74, 86245
0.76, 86010
0.77, 85903
0.79, 85291
0.81, 85151
0.82, 84090
0.84, 83676
0.86, 83038
0.87, 81971
0.89, 81696
0.91, 80984
0.92, 80944
0.94, 79402
0.96, 78273
0.98, 77577
0.99, 67665
1.01, 67421
1.03, 60620
1.05, 59745
1.07, 59420
1.09, 58843
1.11, 58358
1.13, 58315
1.15, 58172
1.17, 57521
1.20, 57004
1.22, 55844
1.24, 54525
1.26, 54516
1.29, 53851
1.31, 53736
5.67, 53616
8.99, 53593
9.01, 53192
37.98, 53136
38.01, 53080
38.03, 52922
78.54, 52910
97.34, 52875
