0.05, 538072
0.05, 531568
0.05, 523478
0.05, 523038
0.05, 517716
0.05, 496092
0.05, 494884
0.05, 494080
0.05, 493435
0.05, 489169
0.05, 486516
0.05, 483820
0.05, 481209
0.05, 477038
0.05, 470391
0.06, 457356
0.06, 454445
0.06, 451298
0.06, 450384
0.06, 446018
0.06, 439226
0.07, 438362
0.07, 437767
0.07, 435980
0.07, 435795
0.07, 432222
0.07, 429993
0.07, 427959
0.07, 423313
0.07, 422965
0.08, 414581
0.08, 414014
0.08, 413218
0.08, 392491
0.08, 389134
0.08, 375933
0.09, 372757
0.09, 369889
0.09, 369153
0.09, 366242
0.09, 362508
0.09, 361990
0.10, 360807
0.10, 358003
0.10, 357029
0.10, 356342
0.10, 351758
0.10, 349577
0.11, 343844
0.11, 342319
0.11, 342245
0.11, 342234
0.11, 340537
0.11, 337739
0.11, 335364
0.11, 334862
0.12, 334478
0.12, 332571
0.13, 331970
0.13, 330799
0.13, 327771
0.13, 326466
0.13, 325085
0.14, 321437
0.14, 317877
0.14, 316144
0.15, 311024
0.15, 310974
0.15, 307402
0.18, 306952
0.18, 305726
0.20, 303777
0.20, 303475
0.20, 301233
0.20, 301147
0.21, 299762
0.21, 297876
0.22, 294689
0.22, 294191
0.22, 294176
0.22, 293345
0.23, 292871
0.23, 289619
0.24, 288100
0.24, 286146
0.24, 284179
0.24, 283668
0.25, 282065
0.25, 279815
0.26, 279563
0.26, 277254
0.26, 276905
0.27, 275280
0.28, 275232
0.28, 273364
0.29, 272118
0.30, 271269
0.30, 271144
0.30, 270344
0.31, 265834
0.31, 265518
0.31, 261281
0.31, 261223
0.31, 259946
0.32, 255864
0.32, 255712
0.32, 254097
0.32, 254004
0.33, 253382
0.34, 252994
0.34, 252813
0.34, 252490
0.34, 250563
0.35, 248728
0.35, 243913
0.35, 243067
0.36, 242323
0.36, 242265
0.37, 242165
0.37, 239978
0.38, 239574
0.38, 238838
0.38, 238780
0.38, 236769
0.39, 235822
0.40, 235613
0.40, 233948
0.41, 232638
0.41, 232331
0.43, 230216
0.44, 228679
0.45, 226635
0.48, 225730
0.48, 225462
0.49, 225267
0.49, 224772
0.51, 224750
0.53, 224517
0.54, 224245
0.54, 223878
0.59, 222512
0.59, 222509
0.59, 220580
0.61, 219662
0.62, 219048
0.62, 218358
0.62, 216852
0.64, 216278
0.65, 211372
0.66, 211188
0.66, 210567
0.69, 208735
0.71, 208305
0.72, 206097
0.72, 204715
0.73, 203193
0.74, 202589
0.75, 199673
0.76, 199083
0.76, 197979
0.78, 197520
0.79, 197226
0.81, 196876
0.82, 196421
0.82, 196008
0.82, 195928
0.84, 195561
0.85, 195399
0.86, 195393
0.86, 195199
0.90, 192581
0.90, 192576
0.91, 191806
0.91, 190059
0.92, 189575
1.04, 189307
1.06, 187404
1.07, 187208
1.07, 187134
1.12, 187085
1.13, 185771
1.13, 185576
1.18, 185013
1.18, 183799
1.18, 182904
1.18, 182893
1.22, 182655
1.23, 182396
1.23, 181557
1.24, 181308
1.26, 180954
1.27, 179746
1.27, 178257
1.29, 177442
1.30, 176657
1.31, 175837
1.37, 174784
1.39, 173916
1.41, 173130
1.43, 172938
1.49, 172781
1.57, 172460
1.58, 172101
1.63, 171658
1.64, 170810
1.66, 170089
1.71, 170081
35.68, 169761
35.71, 169504
35.75, 169170
35.76, 169168
35.77, 169026
35.92, 167019
36.04, 166466
36.21, 165281
36.61, 165194
36.66, 163310
36.72, 163273
36.74, 162513
36.75, 162022
36.87, 161680
37.09, 161434
37.17, 161234
37.23, 160611
37.23, 160269
37.23, 160211
37.32, 159732
37.34, 159239
