0.04, 538372
0.04, 538018
0.04, 537746
0.04, 537636
0.04, 531201
0.04, 530731
0.04, 525286
0.04, 525227
0.04, 524025
0.04, 523892
0.04, 519087
0.04, 517823
0.05, 517185
0.05, 499914
0.05, 499908
0.05, 499589
0.05, 497313
0.06, 496962
0.06, 496527
0.06, 480022
0.06, 479590
0.07, 476924
0.08, 476598
0.08, 475302
0.09, 473793
0.09, 471977
0.09, 471758
0.10, 471315
0.11, 471282
0.12, 471202
0.14, 470908
0.14, 470703
0.14, 459317
0.14, 457833
0.14, 446295
0.14, 443270
0.14, 443020
0.14, 442167
0.16, 441771
0.17, 439482
0.17, 439132
0.18, 437677
0.18, 437403
0.19, 436134
0.20, 435883
0.23, 432116
0.25, 429022
0.26, 428965
0.29, 424727
0.32, 422856
0.33, 419727
0.36, 419633
0.40, 410833
0.43, 410253
0.50, 405803
0.56, 404601
0.60, 403693
0.62, 402838
0.64, 400433
0.66, 398869
0.69, 398450
0.70, 395501
0.75, 395008
0.80, 394562
0.91, 392343
0.91, 391541
0.91, 391490
0.92, 391239
0.92, 388677
0.93, 388486
0.96, 388468
0.96, 388427
0.97, 388159
0.98, 388156
1.01, 387895
1.01, 387862
1.03, 387437
1.06, 387366
1.10, 385502
1.15, 385352
1.20, 385220
1.21, 385035
1.21, 383584
1.21, 383295
1.21, 383043
1.22, 377804
1.22, 377162
1.22, 377014
1.22, 376265
1.22, 376240
1.23, 376221
1.24, 375689
1.25, 375206
1.30, 375093
1.34, 374795
1.45, 374293
1.52, 373429
1.76, 373280
1.91, 372386
1.99, 371513
2.40, 368732
2.76, 368606
2.79, 368143
2.83, 365749
2.89, 364255
2.94, 363105
2.99, 362067
3.03, 361835
3.07, 358081
3.10, 356312
3.12, 353828
3.15, 353689
3.16, 353402
3.16, 353178
3.17, 353003
3.19, 346562
3.22, 344838
3.24, 344253
3.26, 343615
3.27, 343452
3.30, 341810
3.32, 339234
3.35, 339026
3.38, 337812
3.41, 337135
3.43, 336755
3.45, 336364
3.47, 334211
3.49, 334200
3.49, 333750
3.50, 333729
3.51, 332332
3.53, 331872
3.55, 331839
3.57, 331654
3.61, 331329
3.64, 330308
3.68, 328388
3.72, 327829
3.77, 327656
3.84, 327357
3.88, 326508
3.91, 326470
3.95, 326249
3.96, 325826
3.99, 325344
4.01, 320635
4.05, 320426
4.09, 319029
4.27, 318973
4.47, 318500
4.56, 318173
4.65, 318067
4.76, 318042
4.81, 317758
4.83, 317479
4.88, 317059
4.92, 316945
4.95, 316594
5.00, 315371
5.04, 315363
5.12, 315344
5.35, 314748
5.50, 307306
5.73, 307168
5.88, 306886
6.01, 306306
6.26, 302273
6.47, 301317
6.67, 300310
6.85, 296511
6.95, 295085
7.04, 293321
7.17, 292699
7.56, 291793
7.89, 290791
8.12, 286150
8.42, 277214
8.82, 275620
9.08, 274470
9.20, 272831
9.29, 270517
9.40, 269768
9.69, 269666
9.91, 269257
10.02, 256444
10.11, 252255
10.34, 245822
10.46, 245584
10.56, 242966
10.63, 239287
10.68, 237553
10.74, 236593
10.87, 236299
10.98, 235780
11.08, 235055
11.21, 232308
11.37, 230784
11.46, 230636
11.53, 229520
11.54, 229370
11.56, 229092
11.59, 228807
11.63, 228760
11.71, 228725
12.35, 228025
12.79, 227666
13.37, 226067
13.64, 224377
13.84, 221640
14.05, 221450
14.36, 220244
14.51, 219058
14.64, 218014
14.76, 216419
14.91, 215509
15.04, 210122
15.12, 208407
15.28, 205266
15.45, 204787
15.56, 201472
15.73, 197629
15.97, 197297
16.27, 196711
16.62, 196695
16.97, 196067
17.19, 194855
17.43, 194642
17.71, 194007
17.97, 193297
18.31, 193259
18.70, 192673
19.04, 192567
19.32, 192134
19.62, 191488
20.11, 188953
20.52, 188097
20.94, 187603
21.21, 183794
21.44, 183573
21.70, 183360
22.22, 183110
22.53, 182524
22.87, 182193
23.13, 182018
23.44, 177558
23.69, 177486
23.95, 177063
24.42, 175189
24.61, 174305
24.82, 174099
24.97, 174087
25.01, 173850
25.04, 173399
25.13, 173148
25.34, 172962
25.63, 172741
25.90, 172557
26.22, 169221
26.66, 168618
26.99, 168553
27.28, 168368
27.70, 168103
28.00, 166235
28.41, 166203
28.92, 166165
29.31, 165076
29.80, 164856
30.22, 163120
30.69, 163071
31.13, 162832
31.45, 161393
31.83, 160718
32.21, 159915
32.73, 159708
33.13, 158434
33.49, 157450
33.97, 157139
34.47, 156585
35.01, 154033
35.67, 152037
36.07, 151698
36.62, 150767
37.09, 148633
37.45, 147993
37.84, 147771
38.32, 147759
39.19, 146859
39.43, 145268
39.86, 144856
40.09, 143264
40.60, 142738
40.99, 141426
41.32, 140261
41.72, 138756
42.23, 133563
42.95, 133453
43.42, 132148
44.02, 131537
44.83, 131271
45.02, 130843
45.22, 130805
45.87, 130770
46.64, 130572
47.13, 128970
47.76, 128732
48.32, 127815
49.11, 127203
49.57, 125530
50.42, 124069
51.09, 123561
51.53, 122154
52.13, 119852
52.89, 116723
53.41, 116448
53.97, 116079
54.76, 115645
55.43, 115358
55.85, 114732
56.53, 112658
57.10, 111437
57.83, 111392
58.46, 109070
59.28, 109067
60.31, 108130
60.46, 108083
60.62, 107691
61.15, 107137
61.67, 107117
62.42, 105206
63.19, 105100
63.73, 104427
64.50, 104400
