0.11, 557011
0.11, 552182
0.11, 541449
0.11, 539878
0.12, 538012
0.12, 534484
0.12, 534200
0.12, 532266
0.12, 526777
0.12, 525656
0.13, 523768
0.13, 522933
0.13, 512015
0.13, 510710
0.13, 510031
0.14, 508538
0.14, 503885
0.14, 502311
0.14, 502124
0.14, 498623
0.14, 495634
0.15, 495252
0.15, 493392
0.15, 491061
0.15, 481231
0.16, 480847
0.16, 480129
0.17, 478244
0.17, 476276
0.17, 476136
0.17, 474344
0.17, 473329
0.18, 469811
0.18, 469169
0.18, 468586
0.19, 467677
0.20, 466309
0.20, 465847
0.20, 465163
0.20, 465087
0.21, 464848
0.21, 459208
0.21, 458024
0.22, 456681
0.22, 456101
0.22, 455725
0.22, 455021
0.23, 454459
0.23, 453049
0.23, 452894
0.25, 452806
0.25, 450967
0.26, 450616
0.26, 449062
0.27, 448822
0.27, 447621
0.28, 447417
0.28, 446318
0.29, 445457
0.29, 445406
0.30, 443776
0.30, 442883
0.31, 441628
0.31, 441601
0.31, 441363
0.31, 423167
0.31, 422661
0.32, 422101
0.32, 420768
0.32, 420350
0.34, 419503
0.34, 414975
0.34, 410763
0.36, 409433
0.37, 409079
0.37, 407721
0.38, 406721
0.38, 406124
0.38, 405819
0.39, 404998
0.40, 404829
0.40, 398595
0.41, 398199
0.42, 397420
0.42, 396651
0.42, 388603
0.43, 387897
0.44, 387483
0.45, 387444
0.45, 382934
0.45, 382408
0.45, 382375
0.46, 381938
0.46, 380537
0.46, 375112
0.47, 374982
0.47, 374925
0.47, 374609
0.48, 372027
0.49, 371589
0.49, 369956
0.50, 369020
0.50, 368892
0.51, 368630
0.53, 367399
0.53, 362817
0.53, 362594
0.54, 361302
0.57, 360551
0.59, 354069
0.60, 353838
0.60, 353492
0.60, 351232
0.62, 349484
0.64, 348108
0.68, 344148
0.70, 343581
0.77, 343503
0.77, 343436
0.77, 343312
0.77, 342479
0.79, 336725
0.82, 336501
0.83, 335933
0.84, 335890
0.85, 334165
0.86, 331464
0.87, 330716
0.88, 329546
0.88, 323352
0.89, 322804
0.90, 320308
0.91, 319482
0.92, 318600
0.93, 314651
0.95, 313787
0.97, 313684
1.00, 312959
1.01, 312637
1.01, 312226
1.06, 311537
1.12, 310683
1.12, 310410
1.12, 309928
1.32, 306929
1.73, 306607
1.73, 306196
2.04, 306088
2.21, 304628
2.46, 304260
2.58, 303253
2.70, 302068
2.73, 301391
2.85, 301353
2.94, 299401
3.02, 298848
3.11, 298215
3.25, 295037
3.25, 294711
3.28, 294120
3.31, 293796
3.47, 293544
3.60, 293171
3.69, 292014
3.83, 288886
3.97, 288176
4.09, 285395
4.18, 282470
4.30, 282263
4.30, 281926
4.35, 280635
4.39, 280173
4.41, 279946
4.42, 279823
4.45, 279739
4.49, 279514
4.50, 279457
4.52, 278267
4.53, 278065
4.54, 277621
4.58, 276147
4.62, 275813
4.65, 275450
4.68, 273112
4.70, 272885
4.71, 272762
4.75, 272678
4.81, 272660
4.85, 272603
4.92, 271288
4.99, 270807
5.02, 270756
5.05, 266275
5.08, 266218
5.14, 265867
5.16, 265691
5.17, 265247
5.22, 265090
5.27, 264321
5.30, 264133
5.33, 264116
5.35, 264086
5.37, 263621
5.38, 263246
5.40, 258150
5.44, 257881
5.48, 256947
5.51, 253643
5.57, 253343
5.72, 252921
5.94, 252721
6.07, 251716
6.21, 250457
6.32, 249262
6.45, 247012
6.55, 246093
6.61, 246064
6.68, 245440
6.78, 243815
6.82, 243753
6.89, 243691
6.96, 243183
7.05, 242157
7.10, 242104
7.14, 241904
7.23, 241541
7.30, 240506
7.39, 238798
7.58, 238110
7.81, 238024
7.98, 237130
8.16, 237070
8.29, 236954
8.36, 236787
8.41, 236542
8.45, 236202
8.55, 235733
8.62, 235321
8.66, 230202
8.72, 227387
8.72, 227240
8.72, 226331
8.72, 225432
8.72, 223905
8.72, 223701
8.73, 223119
8.75, 219783
8.76, 219492
8.78, 217572
8.79, 217186
8.82, 217083
8.86, 216312
8.89, 215063
8.94, 214390
9.19, 212602
9.64, 212573
10.02, 212327
10.40, 212160
10.72, 211446
10.91, 209988
11.10, 208797
11.31, 208174
11.47, 206821
11.63, 206417
11.63, 206109
11.73, 206107
11.80, 205032
11.86, 204890
11.91, 204876
11.97, 204841
12.01, 204756
12.09, 204036
12.18, 203838
12.25, 199599
12.29, 199488
12.35, 199162
12.41, 198975
12.49, 198901
12.57, 198203
12.66, 196438
12.75, 196325
12.89, 195944
13.00, 195899
13.13, 194790
13.19, 194528
13.29, 191535
13.35, 191333
13.59, 190560
14.27, 190385
15.07, 190074
15.40, 189798
15.41, 189754
15.42, 189091
15.43, 189041
15.44, 184978
15.44, 184125
15.45, 184094
15.45, 183859
15.45, 183599
15.45, 183592
15.45, 183497
15.45, 183310
15.45, 183295
15.46, 182169
15.49, 177613
15.52, 175480
15.59, 175086
15.67, 174848
15.75, 173164
15.87, 172750
15.98, 172128
16.06, 171728
16.11, 170030
16.19, 168392
16.25, 167255
16.31, 165020
16.35, 163745
16.40, 160913
16.45, 159033
16.49, 158734
16.54, 157855
16.67, 151410
16.83, 150949
17.16, 149880
17.40, 149844
17.53, 148762
17.62, 148583
17.75, 147158
17.87, 145901
18.17, 144896
18.40, 144718
18.47, 144648
18.54, 144071
18.69, 141715
18.83, 141703
18.93, 138680
19.06, 137035
19.20, 135468
19.36, 135329
19.57, 133467
19.84, 131186
20.13, 130323
20.39, 128199
20.58, 124412
20.80, 123851
20.96, 122916
21.21, 122783
21.58, 122356
22.38, 118466
22.94, 113288
23.50, 113236
23.91, 112015
24.42, 111345
24.67, 111263
24.88, 111158
25.08, 111087
25.32, 110865
25.65, 110422
26.04, 109698
26.41, 108744
26.72, 108664
27.01, 108040
27.34, 108010
27.55, 106875
