0.03, 548108
0.03, 544532
0.03, 534407
0.03, 533408
0.03, 527940
0.03, 525460
0.03, 520118
0.03, 517265
0.03, 516665
0.03, 515733
0.03, 506936
0.03, 501036
0.03, 500320
0.03, 495070
0.03, 471644
0.03, 469662
0.03, 463691
0.03, 463064
0.03, 462690
0.03, 460602
0.04, 455979
0.04, 453075
0.04, 451296
0.04, 444506
0.04, 442934
0.04, 441914
0.04, 438101
0.05, 436245
0.05, 430298
0.05, 421078
0.05, 413548
0.05, 413240
0.05, 406790
0.05, 402876
0.05, 396547
0.06, 395923
0.06, 392932
0.06, 384175
0.06, 381905
0.06, 379486
0.07, 378011
0.07, 374742
0.07, 374271
0.07, 374181
0.07, 369595
0.07, 367291
0.07, 365405
0.07, 363018
0.07, 360212
0.08, 350285
0.08, 348950
0.09, 347040
0.09, 346799
0.09, 346604
0.09, 343435
0.09, 343397
0.10, 343204
0.10, 341833
0.10, 340183
0.10, 338787
0.12, 338350
0.14, 337091
0.16, 333318
0.21, 320906
0.23, 314753
0.24, 312257
0.24, 310073
0.25, 308362
0.26, 307215
0.26, 307059
0.27, 306030
0.28, 305277
0.29, 305029
0.33, 304821
0.33, 302011
0.35, 301808
0.38, 299437
0.38, 298429
0.40, 298015
0.41, 297032
0.45, 296546
0.45, 296052
0.49, 289003
0.53, 287464
0.53, 286140
0.59, 284050
0.67, 283181
0.74, 281468
0.80, 281262
0.86, 281098
0.87, 280526
0.90, 280290
0.94, 277834
0.94, 271199
0.96, 269364
0.96, 268270
0.97, 268136
0.98, 257628
1.03, 255601
1.04, 254306
1.05, 253970
1.14, 252814
1.19, 252160
1.23, 251827
1.24, 250766
1.28, 250726
1.31, 250046
1.32, 247984
1.35, 247799
1.35, 245442
1.38, 245208
1.39, 245048
1.41, 245016
1.46, 244129
1.47, 243871
1.52, 243549
1.59, 243189
1.60, 242944
1.63, 241080
1.64, 240311
1.65, 235140
1.65, 234292
1.66, 230647
1.68, 230206
1.69, 227899
1.71, 226802
1.71, 226772
1.72, 226104
1.76, 225979
1.83, 225183
1.85, 224597
1.85, 223963
1.85, 221095
1.86, 220660
1.90, 220119
1.92, 220108
1.93, 219799
1.95, 219645
1.95, 219331
1.96, 218376
1.96, 217321
1.97, 217068
2.00, 216367
2.04, 215582
3.03, 214404
3.11, 213671
3.13, 212947
3.16, 212639
3.16, 211577
3.27, 210938
3.28, 209650
3.32, 209351
3.61, 208958
3.64, 207883
3.64, 206544
3.65, 205418
3.66, 205242
3.66, 204642
3.70, 203394
3.71, 199351
3.75, 198248
3.76, 198105
3.76, 196994
3.77, 196354
3.77, 196106
3.81, 194578
3.88, 193371
3.93, 193177
3.93, 193121
3.94, 190630
3.94, 190219
3.94, 189678
3.94, 189076
3.94, 188501
3.96, 187779
3.97, 187606
3.98, 187574
3.99, 187170
3.99, 187096
4.00, 186382
4.00, 186279
4.00, 186151
4.02, 184671
4.03, 184054
4.03, 183781
4.03, 183727
4.04, 183416
4.05, 183120
4.07, 181402
4.07, 179871
4.08, 178939
4.09, 178627
4.10, 178494
4.36, 177499
4.45, 177420
4.73, 177293
5.22, 176492
5.22, 175633
5.24, 175051
5.37, 174853
5.85, 174794
6.14, 174632
6.23, 174044
6.25, 171714
6.26, 171366
6.34, 171279
6.42, 170974
6.43, 170503
6.44, 169047
26.11, 168159
26.20, 168138
26.21, 167643
26.30, 167467
26.33, 165702
26.34, 165001
26.36, 164894
26.43, 162618
26.44, 162025
26.44, 161787
26.46, 160629
26.48, 160280
26.51, 159908
31.06, 157665
31.26, 157597
31.26, 157486
31.45, 156893
44.78, 156881
44.81, 156623
44.91, 155647
44.97, 155433
45.15, 155392
45.17, 154755
45.21, 154741
45.26, 153026
45.30, 151513
45.31, 151029
45.31, 150652
45.34, 150464
45.35, 150423
