0.07, 557011
0.07, 552182
0.07, 541449
0.07, 539878
0.07, 538012
0.07, 534484
0.07, 534200
0.07, 532266
0.07, 526777
0.07, 525656
0.07, 523768
0.08, 522933
0.08, 512015
0.08, 510710
0.08, 510031
0.08, 508538
0.08, 503885
0.08, 502311
0.08, 502124
0.09, 498623
0.09, 495634
0.09, 495252
0.09, 493392
0.10, 491061
0.10, 481231
0.10, 480847
0.10, 480129
0.11, 478244
0.11, 476276
0.11, 476136
0.11, 474344
0.11, 473329
0.11, 469811
0.12, 469169
0.12, 468586
0.13, 467677
0.13, 466309
0.13, 465847
0.13, 465163
0.14, 465087
0.14, 464848
0.14, 459208
0.14, 458024
0.14, 456681
0.14, 456101
0.14, 455725
0.15, 455021
0.15, 454459
0.16, 453049
0.16, 452894
0.17, 452806
0.17, 450967
0.18, 450616
0.18, 449062
0.19, 448822
0.19, 447621
0.19, 447417
0.19, 446318
0.20, 445457
0.21, 445406
0.21, 443776
0.21, 442883
0.22, 441628
0.22, 441601
0.22, 441363
0.23, 423167
0.23, 422661
0.23, 422101
0.23, 420768
0.24, 420350
0.25, 419503
0.25, 414975
0.26, 410763
0.28, 409433
0.29, 409079
0.29, 407721
0.32, 406721
0.32, 406124
0.32, 405819
0.33, 404998
0.35, 404829
0.35, 398595
0.36, 398199
0.37, 397420
0.37, 396651
0.37, 388603
0.38, 387897
0.40, 387483
0.40, 387444
0.41, 382934
0.41, 382408
0.41, 382375
0.41, 381938
0.41, 380537
0.41, 375112
0.41, 374982
0.42, 374925
0.42, 374609
0.42, 372027
0.43, 371589
0.43, 369956
0.44, 369020
0.44, 368892
0.44, 368630
0.46, 367399
0.46, 362817
0.46, 362594
0.46, 361302
0.48, 360551
0.51, 354069
0.52, 353838
0.52, 353492
0.52, 351232
0.55, 349484
0.56, 348108
0.59, 344148
0.62, 343581
0.68, 343503
0.68, 343436
0.68, 343312
0.68, 342479
0.71, 336725
0.76, 336501
0.78, 335933
0.80, 335890
0.83, 334165
0.88, 331464
0.92, 330716
0.94, 329546
0.96, 323352
0.98, 322804
1.01, 320308
1.03, 319482
1.06, 318600
1.08, 314651
1.12, 313787
1.15, 313684
1.17, 312959
1.18, 312637
1.18, 312226
1.23, 311537
1.28, 310683
1.28, 310410
1.28, 309928
1.33, 306929
1.35, 306607
1.35, 306196
1.38, 306088
1.43, 304628
1.47, 304260
1.51, 303253
1.56, 302068
1.57, 301391
1.62, 301353
1.68, 299401
1.72, 298848
1.76, 298215
1.80, 295037
1.80, 294711
1.81, 294120
1.82, 293796
1.90, 293544
1.99, 293171
2.08, 292014
2.17, 288886
2.25, 288176
2.36, 285395
2.45, 282470
2.55, 282263
2.55, 281926
2.62, 280635
2.71, 280173
2.78, 279946
2.80, 279823
2.88, 279739
2.96, 279514
3.00, 279457
3.11, 278267
3.13, 278065
3.14, 277621
3.22, 276147
3.29, 275813
3.35, 275450
3.41, 273112
3.44, 272885
3.45, 272762
3.50, 272678
3.57, 272660
3.60, 272603
3.91, 271288
3.98, 270807
4.02, 270756
4.11, 266275
4.15, 266218
4.30, 265867
4.35, 265691
4.37, 265247
4.48, 265090
4.57, 264321
4.63, 264133
4.77, 264116
4.85, 264086
4.98, 263621
5.07, 263246
5.17, 258150
5.30, 257881
5.41, 256947
5.60, 253643
5.71, 253343
5.80, 252921
5.90, 252721
5.98, 251716
6.13, 250457
6.27, 249262
6.47, 247012
6.60, 246093
6.75, 246064
6.91, 245440
7.07, 243815
7.27, 243753
7.41, 243691
7.55, 243183
7.63, 242157
7.81, 242104
7.93, 241904
8.02, 241541
8.09, 240506
8.19, 238798
8.35, 238110
8.47, 238024
8.57, 237130
8.67, 237070
8.74, 236954
8.82, 236787
8.95, 236542
9.12, 236202
9.47, 235733
9.64, 235321
9.77, 230202
9.89, 227387
9.89, 227240
9.89, 226331
9.91, 225432
9.91, 223905
9.92, 223701
9.93, 223119
9.96, 219783
10.01, 219492
10.06, 217572
10.11, 217186
10.22, 217083
10.43, 216312
10.60, 215063
10.80, 214390
10.97, 212602
11.05, 212573
11.16, 212327
11.25, 212160
11.37, 211446
11.49, 209988
11.60, 208797
11.73, 208174
11.87, 206821
12.01, 206417
12.02, 206109
12.11, 206107
12.15, 205032
12.22, 204890
12.30, 204876
12.37, 204841
12.48, 204756
12.67, 204036
12.82, 203838
13.01, 199599
13.18, 199488
13.37, 199162
13.54, 198975
13.72, 198901
14.00, 198203
14.23, 196438
14.52, 196325
14.80, 195944
15.00, 195899
15.40, 194790
15.63, 194528
15.90, 191535
16.11, 191333
16.50, 190560
16.76, 190385
17.32, 190074
17.84, 189798
17.85, 189754
17.87, 189091
17.88, 189041
17.89, 184978
17.89, 184125
17.89, 184094
17.89, 183859
17.90, 183599
17.90, 183592
17.90, 183497
17.90, 183310
17.90, 183295
17.91, 182169
17.95, 177613
17.98, 175480
18.06, 175086
18.10, 174848
18.15, 173164
18.22, 172750
18.29, 172128
18.36, 171728
18.42, 170030
18.49, 168392
18.56, 167255
18.64, 165020
18.71, 163745
18.77, 160913
18.86, 159033
18.92, 158734
18.99, 157855
19.09, 151410
19.16, 150949
19.22, 149880
19.25, 149844
19.28, 148762
19.30, 148583
19.32, 147158
19.34, 145901
19.37, 144896
19.42, 144718
19.48, 144648
19.52, 144071
19.54, 141715
19.57, 141703
19.70, 138680
19.91, 137035
20.13, 135468
20.39, 135329
20.67, 133467
21.09, 131186
21.32, 130323
21.55, 128199
21.77, 124412
22.16, 123851
22.54, 122916
22.81, 122783
23.17, 122356
23.40, 118466
23.65, 113288
23.86, 113236
24.14, 112015
24.41, 111345
24.57, 111263
24.65, 111158
24.74, 111087
25.14, 110865
25.88, 110422
26.62, 109698
27.41, 108744
28.13, 108664
28.95, 108040
29.41, 108010
29.88, 106875
90.94, 106174
91.45, 106033
91.97, 105653
92.78, 105501
93.53, 104446
94.12, 103899
95.03, 103789
95.67, 103148
96.33, 103110
97.39, 102941
97.44, 102847
