30.04, 135430
30.05, 134613
30.07, 134590
30.10, 133530
30.25, 133467
30.33, 133413
30.97, 125953
31.03, 125943
31.60, 125599
31.69, 125526
34.46, 125386
34.58, 125313
35.32, 124370
36.96, 123801
37.08, 123800
40.02, 121760
40.19, 121688
46.28, 120719
46.49, 120681
60.61, 120016
60.82, 119978
94.31, 119973
94.43, 117291
94.60, 116691
94.86, 115988
95.55, 115943
106.54, 115780
106.66, 114967
106.80, 112285
106.97, 111685
107.23, 110982
108.65, 110931
111.76, 110384
112.02, 109681
431.35, 109671
431.36, 109644
