0.01, 566136
0.01, 565919
0.01, 555852
0.01, 551129
0.01, 549057
0.01, 537994
0.01, 526397
0.01, 518319
0.01, 518176
0.01, 514848
0.01, 511846
0.01, 509148
0.01, 499863
0.01, 499202
0.01, 497355
0.01, 492999
0.01, 487352
0.02, 486911
0.02, 486323
0.02, 484327
0.02, 483489
0.02, 476835
0.02, 476447
0.02, 475071
0.02, 472999
0.02, 471346
0.02, 464444
0.02, 451761
0.02, 425131
0.02, 421873
0.03, 410936
0.03, 408427
0.03, 407701
0.03, 407621
0.03, 403224
0.03, 400646
0.03, 395497
0.03, 391518
0.03, 385961
0.03, 385466
0.03, 385040
0.03, 372370
0.03, 372338
0.03, 369602
0.03, 367108
0.03, 366659
0.03, 366003
0.04, 363418
0.04, 360127
0.04, 358690
0.04, 356781
0.04, 354758
0.05, 352891
0.05, 352033
0.05, 348017
0.05, 347217
0.05, 346906
0.05, 342625
0.06, 341234
0.06, 338349
0.06, 335248
0.06, 331427
0.06, 330551
0.06, 329971
0.06, 329601
0.06, 327041
0.06, 323489
0.06, 322297
0.06, 321281
0.06, 319522
0.07, 313220
0.07, 308545
0.07, 305564
0.08, 303198
0.08, 300351
0.08, 299228
0.08, 298784
0.08, 298294
0.08, 296644
0.09, 296621
0.09, 296330
0.09, 293298
0.09, 293175
0.10, 292985
0.10, 292165
0.10, 291369
0.11, 290667
0.11, 290554
0.11, 289289
0.11, 284062
0.11, 282786
0.12, 279492
0.12, 279075
0.12, 278343
0.13, 277924
0.13, 275635
0.13, 275273
0.13, 275270
0.13, 272511
0.13, 272027
0.14, 271728
0.14, 271469
0.15, 271398
0.15, 270421
0.15, 269893
0.15, 268434
0.16, 267495
0.16, 266667
0.16, 265413
0.16, 262765
0.16, 262314
0.17, 261789
0.17, 260934
0.17, 260250
0.18, 259270
0.18, 258491
0.18, 257050
0.18, 256351
0.18, 255717
0.23, 252430
0.23, 251039
0.23, 246249
0.24, 246202
0.24, 245233
0.25, 243575
0.25, 242585
0.25, 238292
0.26, 237840
0.26, 235316
0.26, 230688
0.27, 229524
0.27, 228290
0.28, 227792
0.29, 227461
0.29, 227191
0.30, 224155
0.30, 223380
0.30, 222923
0.31, 222355
0.32, 221941
0.33, 221529
0.33, 214954
0.35, 214251
0.39, 212029
0.39, 212026
0.39, 210084
0.39, 209765
0.39, 209644
0.40, 209322
0.41, 207331
0.41, 204787
0.42, 203501
0.43, 203429
0.44, 203100
0.45, 201770
0.46, 201307
0.46, 200681
0.46, 197039
0.47, 196781
0.47, 196766
0.47, 196679
0.49, 196181
0.52, 195933
0.53, 193090
0.54, 191959
0.54, 191386
0.57, 190184
0.58, 189152
0.58, 188964
0.59, 188665
0.59, 188325
0.59, 187891
0.60, 187117
0.62, 187040
0.63, 186299
0.63, 186208
0.63, 185216
0.64, 185194
0.64, 184363
0.64, 183436
0.65, 182570
0.66, 181403
0.68, 181288
0.69, 180398
0.70, 180090
0.74, 179935
0.74, 179617
0.80, 178898
0.83, 178679
0.89, 178071
0.94, 176873
0.95, 175978
0.96, 175881
0.97, 175697
1.00, 175673
1.01, 175254
1.22, 174920
1.22, 174813
1.24, 174707
1.25, 174692
1.26, 172651
1.33, 172610
1.33, 172371
1.36, 172001
1.36, 171922
1.43, 171535
1.43, 170955
1.46, 170044
1.47, 167291
1.51, 166973
1.53, 166083
1.58, 165986
1.60, 164385
1.62, 163668
2.03, 162513
2.08, 162339
2.25, 161754
2.34, 160605
2.35, 160093
2.35, 159364
2.35, 158086
2.39, 157987
2.41, 156760
2.67, 155893
27.77, 155192
27.77, 154901
27.84, 154791
27.88, 154471
27.90, 154391
89.03, 153657
89.05, 151852
89.08, 150522
89.20, 150373
89.35, 150157
89.43, 150003
89.44, 149286
89.66, 149068
89.82, 148856
89.85, 148225
89.88, 148125
90.01, 147903
90.13, 147077
