0.05, 558425
0.06, 554214
0.06, 553290
0.06, 553060
0.06, 552117
0.06, 551464
0.06, 550601
0.07, 550578
0.07, 548371
0.07, 547078
0.07, 546687
0.08, 545742
0.08, 544988
0.08, 539724
0.08, 538875
0.08, 538731
0.08, 536144
0.08, 534859
0.08, 532545
0.08, 520516
0.08, 515877
0.09, 513259
0.09, 512747
0.09, 512594
0.09, 511647
0.09, 510764
0.09, 510034
0.09, 505748
0.09, 504441
0.10, 501548
0.10, 501088
0.10, 499126
0.10, 498201
0.10, 496725
0.10, 495405
0.10, 494611
0.11, 491022
0.11, 490340
0.11, 483013
0.12, 480447
0.12, 479587
0.13, 478951
0.14, 478038
0.14, 457611
0.14, 455738
0.14, 455007
0.14, 454565
0.15, 452579
0.15, 452156
0.18, 451168
0.20, 450780
0.23, 449376
0.25, 449358
0.26, 447961
0.27, 447514
0.29, 447174
0.29, 446334
0.30, 446304
0.30, 446193
0.30, 445933
0.30, 445611
0.30, 445024
0.31, 442602
0.34, 442529
0.36, 441120
0.37, 434949
0.40, 433532
0.41, 430055
0.43, 429334
0.44, 428921
0.45, 427990
0.46, 425237
0.48, 424228
0.49, 424105
0.51, 422194
0.53, 421996
0.55, 421059
0.57, 420517
0.62, 418958
0.80, 418041
0.91, 417056
1.05, 416212
1.15, 416150
1.29, 416023
1.39, 415308
1.53, 415253
1.64, 414715
1.77, 414278
1.92, 414248
2.05, 413793
2.15, 412850
2.28, 411860
2.42, 410235
2.57, 406688
2.82, 405177
3.08, 404845
3.22, 404488
3.28, 404475
3.32, 404251
3.48, 395681
3.63, 395577
3.79, 394698
3.92, 394630
4.16, 394367
4.30, 382265
4.34, 382091
4.37, 381642
4.42, 381591
4.45, 381555
4.49, 380893
4.66, 380886
4.87, 380404
5.15, 377651
5.34, 376647
5.51, 374992
5.65, 374836
5.78, 373214
5.95, 371157
6.15, 371110
6.31, 370790
6.50, 370087
6.83, 370063
7.12, 369549
7.51, 368966
7.67, 367056
7.82, 366691
7.98, 365339
8.15, 363422
8.37, 363418
8.70, 363243
8.92, 363032
9.13, 362395
9.33, 361372
9.53, 359092
9.81, 358882
9.98, 357530
10.17, 350592
10.38, 349718
10.58, 349247
11.00, 347092
11.38, 346040
11.75, 344473
11.96, 343828
12.15, 343700
12.32, 339063
12.51, 337423
13.06, 337396
13.26, 334714
13.48, 333886
13.68, 330636
13.84, 330542
14.22, 329168
14.55, 327912
15.04, 327242
15.39, 326913
15.59, 326068
15.78, 325694
16.02, 325533
16.33, 325456
16.62, 325307
16.95, 325293
17.37, 325095
17.58, 323286
17.78, 323248
17.98, 323126
18.22, 323091
18.44, 323088
18.60, 322867
18.77, 321930
19.01, 321064
19.29, 320774
19.57, 313097
19.74, 312822
19.90, 312303
20.07, 310878
20.25, 310586
20.56, 305385
20.84, 305365
21.06, 298349
21.30, 292456
21.47, 292203
21.94, 289627
22.13, 288631
22.31, 288384
22.49, 286708
22.89, 285973
23.15, 285930
23.47, 285923
23.67, 279668
23.87, 278248
24.08, 275880
24.29, 275676
24.41, 275208
24.52, 274277
24.79, 264149
25.34, 263853
25.56, 260820
25.74, 260452
26.01, 258884
26.26, 254173
26.48, 253021
26.80, 250361
27.19, 249340
27.56, 248951
27.71, 247252
27.96, 240910
28.26, 240816
28.52, 240290
28.87, 235122
29.20, 234099
29.46, 230650
29.64, 229014
29.89, 227027
30.10, 225312
30.37, 224626
30.75, 223414
31.19, 220951
31.48, 219946
31.72, 219091
31.94, 215413
32.25, 214643
32.49, 213071
32.86, 212450
33.12, 208383
33.41, 206134
33.72, 204803
33.95, 203017
34.40, 202855
34.60, 200445
35.12, 198830
35.43, 197927
35.70, 194590
35.95, 194361
36.29, 193311
36.72, 190768
37.14, 188329
37.47, 186939
37.72, 185381
38.02, 181591
38.39, 180113
38.69, 175843
39.06, 174578
39.41, 173441
39.64, 171728
39.90, 170149
40.12, 169859
40.39, 169787
40.69, 169670
40.99, 169018
41.33, 166939
41.62, 166096
42.10, 166056
42.32, 165299
42.50, 165271
42.76, 164773
43.31, 164146
43.78, 162871
44.14, 161077
44.46, 159899
44.79, 156956
45.03, 156876
45.24, 156356
45.70, 155956
46.30, 155395
46.56, 155206
47.02, 154493
47.48, 154281
47.87, 153951
48.31, 152035
49.60, 151643
50.14, 147192
50.93, 144690
51.25, 142340
51.58, 140384
52.24, 139585
52.75, 136145
53.39, 135405
53.87, 133268
54.53, 131274
55.32, 131197
55.81, 129007
56.37, 128330
57.03, 128253
57.56, 127571
57.93, 126764
57.93, 126183
57.94, 124554
57.96, 124171
57.96, 123863
57.96, 117664
57.97, 117040
57.98, 115914
58.00, 115313
58.02, 115250
58.03, 115202
58.06, 115042
58.09, 113336
58.12, 113333
58.16, 112856
58.24, 112380
58.30, 112114
58.37, 111346
58.47, 111199
58.56, 110703
58.71, 110580
59.00, 110234
59.83, 110093
60.38, 108676
61.55, 108499
62.36, 108147
63.11, 108111
63.64, 107730
63.82, 106509
