0.09, 528110
0.09, 527287
0.10, 522003
0.10, 520531
0.10, 512510
0.10, 510590
0.11, 507495
0.11, 503455
0.11, 501599
0.11, 499613
0.11, 499222
0.11, 497394
0.12, 496739
0.12, 493680
0.12, 490443
0.12, 490287
0.12, 486408
0.12, 485649
0.13, 481663
0.13, 472541
0.14, 470994
0.14, 466795
0.15, 465349
0.15, 453912
0.16, 452262
0.16, 451552
0.16, 444326
0.17, 440788
0.17, 425723
0.18, 424778
0.18, 421758
0.18, 415493
0.18, 414875
0.19, 413481
0.20, 412486
0.20, 411598
0.20, 411586
0.22, 411481
0.22, 410970
0.22, 410899
0.23, 407572
0.23, 402578
0.24, 400860
0.25, 400598
0.25, 397050
0.26, 392322
0.26, 390568
0.26, 389773
0.26, 383163
0.26, 381819
0.27, 379842
0.27, 379676
0.27, 379611
0.27, 374318
0.29, 366947
0.31, 365784
0.34, 365705
0.36, 362848
0.41, 362661
0.43, 359981
0.45, 358831
0.48, 358644
0.51, 357902
0.53, 357328
0.56, 353958
0.59, 349799
0.63, 348157
0.66, 346079
0.69, 339672
0.74, 339266
0.76, 338727
0.78, 338084
0.80, 334451
0.82, 333093
0.85, 332630
0.88, 330439
0.90, 327860
0.94, 326427
0.97, 324901
1.02, 324767
1.06, 322911
1.08, 322225
1.09, 320276
1.10, 311776
1.16, 308611
1.21, 307737
1.24, 307668
1.27, 303183
1.30, 302832
1.32, 302343
1.34, 301815
1.39, 301414
1.43, 299179
1.47, 297914
1.52, 296593
1.56, 296404
1.61, 295879
1.67, 288798
1.71, 286024
1.79, 285545
1.85, 285429
1.92, 285372
2.00, 285095
2.12, 284511
2.28, 282398
2.31, 282359
2.34, 282165
2.37, 280404
2.42, 280331
2.46, 279583
2.50, 278665
2.54, 277107
2.57, 276699
2.60, 274864
2.65, 274451
2.67, 272939
2.73, 272440
2.77, 272425
2.79, 272043
2.81, 271288
2.84, 271042
2.87, 270982
2.90, 269088
2.94, 268945
2.97, 264282
3.02, 263844
3.06, 256982
3.09, 252564
3.16, 251233
3.17, 250666
3.27, 250242
3.29, 249830
3.34, 248577
3.40, 246066
3.46, 243602
3.53, 242943
3.59, 241376
3.66, 241258
3.73, 241128
3.80, 239680
3.98, 239649
4.18, 238555
4.43, 237415
4.63, 237177
4.79, 235843
4.92, 235822
5.09, 234600
5.27, 234136
5.46, 233344
5.62, 233266
5.75, 232797
5.90, 232512
6.10, 230093
6.33, 228954
6.55, 227877
6.85, 226660
6.99, 225228
7.12, 223412
7.29, 221219
7.44, 220367
7.62, 215822
7.88, 215813
8.22, 215422
8.46, 212460
8.68, 210916
9.10, 208935
9.43, 208844
9.92, 208492
10.26, 207533
10.69, 207027
10.92, 203057
11.31, 202196
11.63, 202086
11.99, 200342
12.69, 199593
13.12, 199543
13.43, 197006
13.66, 196337
14.03, 196235
14.56, 196221
14.96, 194783
15.33, 194230
15.69, 193820
16.00, 193037
16.78, 192819
17.33, 192434
17.68, 192190
17.96, 192018
18.32, 191952
18.64, 191829
18.91, 191337
19.20, 191246
19.41, 190353
19.74, 190178
19.88, 190112
20.02, 189827
20.23, 187021
20.39, 186736
20.53, 185723
20.64, 184777
20.83, 181410
20.94, 181124
21.12, 180274
21.54, 179286
22.06, 178980
22.59, 178686
23.05, 178223
23.32, 177125
23.63, 176526
24.04, 176250
24.45, 172910
24.73, 172072
25.07, 171541
25.36, 171472
25.73, 166572
25.99, 165417
26.35, 165376
26.55, 161740
26.70, 160942
26.82, 160823
27.14, 160663
27.53, 159736
27.87, 159157
28.43, 158519
28.93, 158266
29.29, 156476
29.67, 155916
29.95, 154876
30.21, 152811
30.40, 151427
30.57, 151326
30.78, 151119
31.00, 149211
31.18, 147545
31.39, 147366
32.01, 147317
33.14, 146709
33.56, 146307
34.11, 145505
34.62, 145411
35.15, 143829
35.43, 143526
35.72, 142340
36.11, 139768
36.46, 139435
36.61, 138842
36.77, 136784
36.96, 136056
37.19, 134502
37.44, 134436
37.58, 134391
37.99, 134170
38.82, 134007
39.33, 133560
39.76, 133508
40.00, 131586
40.88, 131390
41.47, 131382
42.05, 131266
42.89, 129421
43.45, 129086
44.25, 128561
44.95, 125256
45.42, 125248
46.05, 124030
47.00, 122766
47.59, 121546
48.03, 121283
48.48, 120555
49.31, 120460
50.41, 118542
51.03, 118215
51.56, 116925
52.42, 116569
53.95, 116561
54.61, 114889
55.02, 113760
55.49, 113368
55.95, 113078
56.40, 111079
56.54, 110653
56.92, 110556
57.43, 109025
58.20, 108989
59.12, 108709
60.01, 108673
60.64, 107064
61.40, 106883
61.96, 106707
62.99, 106111
