0.06, 493149
0.06, 492484
0.06, 491535
0.06, 489967
0.07, 485910
0.07, 477033
0.07, 476026
0.07, 456095
0.07, 455957
0.07, 454678
0.08, 448872
0.08, 448596
0.08, 440809
0.08, 437740
0.08, 433760
0.08, 421582
0.08, 418542
0.08, 416471
0.08, 412927
0.09, 407141
0.09, 398667
0.09, 395356
0.09, 393743
0.09, 389137
0.09, 380269
0.09, 379909
0.09, 379213
0.10, 378536
0.10, 378430
0.10, 378218
0.10, 370932
0.11, 369808
0.11, 369728
0.11, 360048
0.11, 351585
0.11, 349943
0.12, 349381
0.12, 345527
0.12, 345203
0.12, 344800
0.12, 342177
0.13, 341949
0.14, 336750
0.14, 334294
0.15, 332618
0.15, 330144
0.15, 327175
0.16, 325771
0.19, 322697
0.19, 322596
0.19, 322258
0.19, 319737
0.19, 317625
0.19, 311273
0.19, 307729
0.20, 307365
0.20, 306710
0.21, 306164
0.21, 305047
0.21, 301237
0.22, 299774
0.23, 297488
0.23, 292460
0.24, 288297
0.25, 287594
0.25, 286478
0.27, 285868
0.27, 285539
0.28, 283394
0.29, 282753
0.29, 282742
0.30, 279211
0.31, 278349
0.31, 277377
0.31, 276986
0.32, 276282
0.32, 276024
0.32, 275374
0.36, 275089
0.39, 275042
0.39, 274551
0.39, 271194
0.40, 271120
0.42, 271076
0.43, 270657
0.43, 268408
0.46, 267992
0.47, 267892
0.47, 267352
0.48, 266594
0.48, 266469
0.48, 263901
0.49, 261898
0.50, 260645
0.52, 259587
0.52, 259532
0.53, 257728
0.57, 257464
0.58, 256126
0.60, 255808
0.64, 255733
0.68, 254645
0.72, 251658
0.75, 249624
0.77, 248801
0.80, 248473
0.82, 248038
0.87, 246789
0.94, 245890
0.98, 245865
1.00, 245563
1.03, 245091
1.17, 244075
1.17, 243460
1.17, 241164
1.17, 240322
1.19, 239229
1.21, 239150
1.22, 237963
1.23, 237755
1.25, 236078
1.26, 235709
1.26, 235572
1.26, 234115
1.27, 232108
1.29, 231974
1.32, 231569
1.37, 230083
1.41, 229531
1.43, 227023
1.50, 226835
1.53, 226164
1.56, 226136
1.59, 226131
1.61, 225798
1.62, 225180
1.63, 224779
1.64, 224696
1.67, 224658
1.67, 224618
1.68, 223807
1.68, 223739
1.69, 223432
1.70, 222578
1.70, 222395
1.70, 222378
1.71, 220745
1.75, 219902
1.76, 219261
1.77, 217940
1.82, 216043
1.84, 215911
2.00, 214898
2.03, 214399
2.03, 214300
2.06, 214058
2.06, 213976
2.08, 213129
2.12, 212676
2.14, 212556
2.15, 212372
2.18, 211317
2.21, 211101
2.21, 210022
2.47, 206860
2.61, 206626
2.79, 206301
2.84, 205662
2.85, 204947
2.91, 202643
2.92, 201979
3.01, 201808
3.01, 199027
3.06, 197738
3.08, 197398
3.12, 197318
3.16, 196923
3.19, 196847
3.28, 196459
3.29, 196431
3.29, 195993
3.32, 194793
3.32, 194402
3.33, 193243
3.39, 192226
3.39, 191643
3.39, 190852
3.40, 190751
3.40, 189651
3.41, 189205
3.43, 188487
3.44, 188320
3.45, 188011
3.45, 187747
3.46, 187692
3.52, 186973
3.59, 186550
3.69, 186419
3.71, 184757
3.72, 184459
3.83, 184452
3.88, 183645
3.91, 183140
3.91, 182371
3.93, 182063
3.94, 181673
3.94, 180733
3.95, 180570
3.95, 179900
3.96, 179886
3.98, 179044
4.00, 178609
4.02, 178591
4.02, 177780
4.02, 177508
5.04, 176498
5.04, 175232
5.04, 174943
5.18, 174753
5.21, 172801
5.23, 172780
5.37, 172472
5.57, 172280
5.71, 171452
5.87, 171287
5.87, 170363
5.88, 169554
5.91, 169216
5.93, 168752
6.04, 167874
6.11, 167782
6.26, 167555
6.33, 167365
6.43, 167103
6.50, 167096
6.52, 166390
6.84, 165174
26.34, 163552
26.37, 163281
26.43, 163231
26.44, 161846
26.50, 161689
26.52, 160325
26.54, 160205
26.61, 159609
73.64, 159247
73.69, 158549
73.80, 158087
73.91, 157555
74.01, 157481
79.02, 157441
97.41, 157397
97.50, 156907
97.55, 156703
97.56, 156087
97.60, 155741
97.62, 154294
97.82, 154125
98.17, 153934
98.19, 153516
98.28, 153194
98.50, 152628
98.76, 152223
99.00, 148366
99.04, 146428
