0.02, 558972
0.02, 557719
0.02, 552573
0.02, 550092
0.02, 548722
0.02, 546130
0.02, 544368
0.02, 544019
0.02, 541140
0.02, 538261
0.02, 530558
0.02, 529184
0.02, 521757
0.02, 511265
0.02, 506564
0.02, 497247
0.02, 496970
0.03, 493721
0.03, 491553
0.03, 487852
0.03, 484966
0.03, 477600
0.03, 476321
0.03, 474838
0.03, 459435
0.03, 459178
0.03, 456820
0.03, 451355
0.03, 446021
0.03, 439806
0.03, 437043
0.03, 436162
0.03, 434955
0.03, 430181
0.03, 427871
0.03, 424857
0.04, 420200
0.04, 419281
0.04, 416344
0.04, 415357
0.04, 413378
0.04, 405902
0.04, 401648
0.04, 400387
0.04, 399106
0.04, 396590
0.05, 394548
0.05, 383118
0.05, 379695
0.05, 378638
0.05, 377665
0.05, 377503
0.05, 375870
0.05, 375286
0.06, 374913
0.06, 374771
0.06, 374132
0.06, 370981
0.06, 370637
0.06, 370422
0.06, 365653
0.06, 364029
0.06, 363926
0.06, 361225
0.06, 357543
0.07, 356329
0.07, 355052
0.07, 352297
0.07, 351142
0.07, 341151
0.07, 337085
0.07, 336332
0.08, 334712
0.08, 331702
0.09, 331048
0.09, 330750
0.09, 330012
0.09, 328020
0.09, 327904
0.09, 323438
0.09, 321286
0.09, 320893
0.09, 319533
0.10, 316961
0.10, 315518
0.10, 314797
0.10, 313532
0.10, 313376
0.10, 312938
0.10, 310798
0.10, 310318
0.10, 309415
0.10, 307757
0.10, 304589
0.10, 304409
0.10, 301679
0.10, 300292
0.10, 296769
0.10, 296315
0.10, 296287
0.11, 290805
0.11, 290582
0.11, 286708
0.11, 286544
0.11, 283008
0.11, 282270
0.12, 281485
0.12, 278700
0.13, 276230
0.13, 273363
0.13, 270314
0.14, 267060
0.15, 267000
0.15, 263057
0.15, 262695
0.16, 259619
0.16, 259281
0.16, 256790
0.16, 254123
0.16, 253894
0.17, 251450
0.17, 251410
0.17, 250519
0.18, 249952
0.18, 249292
0.18, 248027
0.19, 247450
0.19, 243868
0.20, 243277
0.20, 243036
0.22, 242819
0.22, 242174
0.22, 240813
0.22, 240282
0.23, 239515
0.23, 239107
0.24, 238248
0.24, 236967
0.24, 235972
0.24, 235299
0.25, 234946
0.25, 234893
0.26, 233155
0.26, 232841
0.27, 231385
0.27, 230195
0.27, 229003
0.28, 227835
0.28, 227385
0.28, 227005
0.30, 225945
0.30, 224176
0.31, 222531
0.31, 220140
0.32, 219603
0.33, 219421
0.33, 218210
0.37, 217458
0.40, 217296
0.41, 217156
0.41, 215473
0.41, 215393
0.45, 212373
0.45, 212313
0.48, 212014
0.48, 210026
0.48, 209936
0.49, 209667
0.50, 209433
0.50, 209102
0.50, 208287
0.50, 208078
0.51, 207543
0.52, 207413
0.52, 207062
0.52, 206740
0.53, 206340
0.55, 205264
0.56, 203672
0.56, 203508
0.57, 203199
0.63, 203147
0.64, 203132
0.64, 202848
0.70, 202648
0.71, 202440
0.71, 202180
0.72, 201889
0.75, 201266
0.76, 201151
0.76, 200906
0.76, 200290
0.77, 200200
0.78, 199883
0.82, 199516
0.88, 199297
0.89, 199133
0.89, 198319
0.91, 197460
0.92, 196966
0.92, 196255
0.92, 195625
0.95, 193592
0.95, 193313
0.98, 193120
1.05, 191706
1.09, 191647
1.13, 191381
1.15, 190428
1.16, 190046
1.17, 189950
1.21, 189871
1.22, 189409
1.24, 189225
1.27, 189052
1.30, 189045
1.30, 188968
1.31, 188752
1.33, 188717
1.35, 188677
1.42, 188119
1.47, 187451
1.48, 186940
1.54, 185047
1.55, 184835
2.56, 183734
5.78, 183712
5.83, 183296
5.83, 182984
5.84, 182846
5.85, 182498
5.87, 181447
5.88, 181249
5.89, 181011
5.90, 180444
5.92, 179310
5.95, 179301
6.00, 179087
6.03, 179042
6.07, 177933
6.07, 177474
6.10, 176701
8.90, 176459
8.94, 176228
8.96, 175940
8.96, 175686
8.98, 174136
9.00, 173966
9.05, 173750
9.06, 173563
9.07, 172352
9.14, 172344
9.15, 172067
9.15, 171371
9.18, 170713
9.21, 169329
9.22, 167754
9.22, 166690
9.25, 166131
9.29, 165691
9.38, 165343
9.39, 165036
78.84, 164960
78.99, 164436
79.24, 163849
79.45, 163516
79.74, 163322
79.86, 163004
80.07, 162959
80.21, 162202
80.21, 161491
80.24, 160938
80.33, 160913
80.33, 160730
80.36, 160698
80.40, 160426
80.42, 160033
80.62, 160018
80.67, 160010
80.81, 159657
80.85, 158169
80.90, 156752
81.04, 156719
