0.03, 555066
0.04, 552479
0.04, 551016
0.04, 546895
0.04, 543588
0.04, 542126
0.04, 540790
0.04, 525296
0.04, 525280
0.04, 521616
0.04, 521345
0.05, 520284
0.05, 504522
0.05, 504039
0.05, 502351
0.05, 502018
0.05, 501966
0.05, 491804
0.06, 489559
0.06, 488146
0.06, 485758
0.06, 484254
0.06, 483697
0.06, 473987
0.06, 473974
0.06, 472430
0.11, 470822
0.13, 465986
0.16, 465112
0.16, 464846
0.19, 447766
0.20, 446769
0.22, 444522
0.25, 443243
0.28, 440962
0.31, 438704
0.31, 438661
0.31, 438528
0.31, 423231
0.31, 423195
0.32, 422124
0.32, 421583
0.34, 421341
0.36, 421252
0.39, 410950
0.42, 410729
0.46, 406208
0.49, 405980
0.52, 405805
0.54, 405321
0.54, 404296
0.54, 397287
0.54, 396619
0.54, 394188
0.54, 390531
0.54, 384723
0.54, 384156
0.55, 380894
0.55, 379666
0.55, 379112
0.60, 373716
0.64, 373024
0.68, 372026
0.73, 364484
0.79, 361612
0.86, 361216
0.95, 358840
1.03, 354639
1.07, 353232
1.10, 352369
1.14, 351001
1.19, 350021
1.22, 348960
1.26, 348584
1.28, 346769
1.31, 346535
1.33, 346109
1.36, 344628
1.40, 340211
1.46, 339418
1.50, 334991
1.54, 331573
1.57, 328599
1.62, 328321
1.65, 316163
1.70, 316102
1.77, 315042
1.80, 314654
1.84, 313255
1.88, 311315
1.92, 309876
1.96, 307488
2.01, 306476
2.07, 305506
2.11, 304484
2.16, 299360
2.20, 298086
2.24, 296601
2.28, 294753
2.32, 292887
2.35, 292058
2.39, 287170
2.49, 282517
2.64, 281152
2.87, 280777
3.10, 277026
3.36, 276097
3.62, 274648
3.77, 269481
3.91, 267964
4.02, 265941
4.12, 265004
4.24, 263986
4.36, 263924
4.47, 262832
4.59, 258622
4.67, 257950
4.76, 257242
4.90, 256954
5.09, 256381
5.28, 253034
5.50, 248473
5.70, 248417
5.81, 244896
5.94, 242351
6.06, 241957
6.21, 239372
6.33, 238048
6.53, 236885
6.70, 236734
6.84, 236650
7.06, 236428
7.27, 235359
7.44, 234616
7.69, 234099
7.86, 233593
8.05, 233586
8.17, 233163
8.35, 233070
8.63, 232552
8.87, 232260
9.04, 229698
9.23, 228929
9.39, 228600
9.60, 226437
9.77, 226418
9.93, 226290
10.06, 225722
10.34, 223391
10.44, 222117
10.56, 221495
10.74, 221098
10.92, 220661
11.32, 219885
11.55, 219819
11.66, 219393
11.77, 218843
11.93, 217057
12.07, 216151
12.25, 205538
12.42, 205246
12.66, 203671
13.04, 202127
13.42, 201058
13.63, 199187
13.78, 198411
13.95, 196808
14.22, 196071
14.48, 195760
14.74, 195402
15.05, 194084
15.30, 192811
15.51, 192776
15.70, 192224
15.86, 187632
15.99, 187622
16.23, 187376
16.60, 187252
16.95, 186990
17.22, 186286
17.54, 186171
18.03, 184762
18.30, 184089
18.54, 183567
18.66, 183465
18.82, 183171
19.07, 183169
19.28, 181494
19.42, 181186
19.58, 180160
19.88, 179999
20.09, 179581
20.27, 179333
20.45, 178322
20.62, 178147
20.95, 177657
21.32, 177444
21.59, 177149
21.75, 176582
22.04, 176339
22.26, 175801
22.57, 174068
23.03, 172243
23.55, 169870
23.89, 168910
24.32, 166763
24.75, 165404
25.10, 163575
25.39, 162936
25.54, 162505
25.73, 161959
25.99, 161621
26.24, 160996
26.41, 160944
26.59, 160897
26.73, 160887
26.88, 160103
27.06, 157409
27.20, 156223
27.30, 153579
27.39, 150265
27.80, 147628
28.42, 146802
29.08, 146801
29.56, 145601
30.03, 143420
30.44, 142861
30.97, 142604
31.51, 141793
31.93, 141741
32.29, 141197
32.62, 140461
33.15, 140348
33.58, 140283
33.90, 139181
34.41, 138786
34.96, 137960
35.58, 137746
36.04, 137593
36.63, 135836
37.49, 134768
38.06, 134460
38.60, 133510
39.08, 130563
39.63, 130460
39.91, 129325
40.41, 129298
40.95, 129290
41.60, 129107
41.98, 128738
42.46, 128635
42.89, 128560
43.66, 127930
44.21, 125762
44.77, 125729
45.42, 124733
45.94, 124176
46.49, 123207
47.36, 123174
48.05, 122471
48.59, 121730
49.03, 120102
49.45, 119837
49.80, 118442
50.42, 117829
50.97, 117266
51.71, 117189
52.23, 117111
52.76, 112655
53.59, 112364
53.72, 112127
53.84, 111662
53.97, 111512
54.12, 110828
54.72, 110383
55.73, 109619
56.21, 108975
56.90, 108788
57.82, 107952
58.55, 107837
59.22, 106975
