0.04, 529489
0.04, 525392
0.04, 525000
0.04, 524572
0.04, 515364
0.04, 514255
0.04, 511952
0.04, 492672
0.04, 492326
0.05, 492147
0.05, 490387
0.05, 490275
0.05, 489835
0.05, 482491
0.05, 465857
0.05, 451998
0.06, 451055
0.06, 448377
0.06, 443024
0.06, 442316
0.06, 435654
0.06, 432620
0.07, 426699
0.07, 425831
0.07, 419320
0.07, 418918
0.07, 406161
0.07, 404815
0.08, 404790
0.08, 403344
0.08, 402111
0.08, 401424
0.08, 401302
0.08, 398321
0.08, 392961
0.10, 392873
0.11, 388459
0.11, 382990
0.11, 380366
0.11, 379843
0.12, 378252
0.12, 373185
0.12, 371667
0.13, 369212
0.13, 359933
0.13, 359163
0.13, 358973
0.13, 357295
0.13, 356436
0.14, 356099
0.14, 347407
0.15, 347199
0.15, 347110
0.15, 346456
0.15, 340852
0.15, 339783
0.15, 337302
0.15, 336862
0.15, 335756
0.16, 334302
0.16, 330965
0.16, 330675
0.16, 330205
0.16, 329696
0.17, 329089
0.17, 328306
0.17, 326522
0.17, 316550
0.17, 316137
0.17, 310802
0.18, 304614
0.18, 304203
0.18, 301371
0.18, 299284
0.19, 297982
0.20, 296496
0.21, 295164
0.21, 294407
0.21, 292230
0.22, 289889
0.22, 289856
0.23, 281039
0.23, 279844
0.23, 278908
0.24, 277058
0.24, 276880
0.24, 276715
0.25, 276337
0.26, 273787
0.26, 273134
0.26, 271607
0.27, 270310
0.28, 269322
0.28, 268735
0.30, 268149
0.38, 267115
0.46, 265502
0.51, 264484
0.52, 259513
0.53, 258363
0.54, 254778
0.60, 252794
0.62, 252756
0.62, 252058
0.63, 251696
0.63, 251537
0.63, 250993
0.65, 248560
0.66, 248357
0.67, 246401
0.67, 246286
0.68, 246260
0.69, 243616
0.71, 240689
0.74, 238774
0.88, 237530
0.89, 236705
0.92, 235385
0.95, 233397
0.96, 233161
0.97, 232072
0.97, 231848
1.02, 231455
1.11, 227028
1.13, 226274
1.15, 224998
1.17, 221685
1.18, 221561
1.20, 221559
1.22, 221299
1.25, 220563
1.27, 220098
1.30, 219956
1.35, 214451
1.38, 212365
1.39, 212302
1.42, 212222
1.42, 211631
1.52, 211214
1.52, 210688
1.53, 209517
1.58, 209437
1.59, 209305
1.69, 209252
1.70, 208676
1.72, 207985
1.75, 207824
1.75, 207636
1.77, 206475
1.78, 206469
1.89, 206364
1.93, 202948
1.94, 202197
1.97, 200902
2.00, 200815
2.00, 200538
2.01, 200059
2.03, 199463
2.08, 199000
2.08, 198318
2.09, 197874
2.16, 197841
2.17, 196781
2.17, 196623
2.21, 195757
2.21, 195499
2.22, 194670
2.22, 193386
2.36, 193275
2.41, 193132
2.42, 192946
2.45, 191518
2.49, 190732
2.54, 190655
2.62, 190025
2.97, 188792
3.22, 187946
3.38, 187879
3.39, 187830
3.40, 187084
3.41, 186281
3.42, 186017
3.47, 185251
3.48, 184294
3.49, 183917
3.73, 183621
3.84, 182804
3.85, 182035
3.90, 181369
3.95, 181019
4.00, 180701
4.00, 180394
4.02, 180180
4.12, 178834
4.12, 178616
4.14, 177149
4.15, 177141
4.19, 176959
9.76, 175045
9.79, 174706
9.85, 173624
9.92, 172390
9.95, 170168
9.95, 169579
9.96, 168591
9.97, 168016
9.99, 167590
10.04, 166497
10.04, 166341
10.06, 165099
10.19, 164236
10.20, 164150
10.39, 163858
10.44, 163229
10.57, 163202
10.61, 162983
10.83, 162432
10.97, 160771
10.99, 160319
11.00, 159331
11.16, 158963
11.23, 158164
11.25, 157780
11.27, 156716
11.28, 155679
11.36, 155437
11.48, 154763
11.50, 154046
11.55, 153138
11.89, 153020
12.09, 151770
12.17, 151275
12.45, 150448
12.46, 150403
12.61, 149682
