0.07, 557879
0.07, 557212
0.07, 547082
0.07, 540203
0.07, 525300
0.07, 510843
0.07, 510551
0.07, 509140
0.08, 508343
0.08, 508103
0.08, 504602
0.08, 503667
0.08, 498344
0.08, 494051
0.08, 482657
0.08, 474402
0.08, 470869
0.09, 468117
0.09, 467400
0.09, 456730
0.09, 456380
0.09, 455710
0.09, 453857
0.09, 453832
0.09, 451759
0.10, 451656
0.10, 433397
0.10, 423116
0.10, 419513
0.10, 419231
0.11, 415688
0.11, 415444
0.11, 414773
0.11, 414570
0.11, 412808
0.12, 410875
0.12, 408698
0.12, 408408
0.12, 407054
0.12, 397883
0.13, 389829
0.13, 388021
0.14, 387310
0.14, 386426
0.15, 381408
0.15, 381164
0.16, 375058
0.16, 374553
0.16, 361352
0.17, 346946
0.17, 346257
0.17, 345394
0.17, 344318
0.18, 341446
0.18, 341438
0.18, 340489
0.18, 340188
0.18, 339755
0.19, 339543
0.19, 336020
0.19, 334448
0.19, 329467
0.19, 328737
0.19, 328635
0.20, 325669
0.21, 322878
0.21, 321439
0.21, 319107
0.22, 317938
0.22, 317487
0.23, 316047
0.23, 313347
0.23, 312510
0.24, 311346
0.24, 309349
0.25, 309284
0.25, 307115
0.26, 306936
0.27, 306302
0.27, 299766
0.29, 298481
0.29, 296107
0.29, 296017
0.30, 295683
0.31, 293933
0.31, 293901
0.32, 293295
0.33, 292204
0.33, 290791
0.34, 288341
0.34, 288291
0.35, 288224
0.35, 288108
0.36, 286882
0.36, 285267
0.38, 284598
0.39, 284499
0.39, 283749
0.40, 279911
0.43, 279312
0.43, 275068
0.44, 274820
0.45, 272888
0.47, 272619
0.49, 269591
0.51, 268447
0.54, 268413
0.56, 268140
0.59, 267027
0.59, 266861
0.60, 265663
0.60, 265601
0.61, 265210
0.61, 265046
0.63, 260416
0.63, 259972
0.63, 255682
0.70, 255402
0.72, 252947
0.72, 252320
0.72, 251512
0.72, 251330
0.74, 250131
0.77, 249230
0.77, 248883
0.81, 248632
0.81, 248546
0.82, 248525
0.83, 247962
0.83, 247305
0.85, 246342
0.85, 246134
0.92, 243140
0.94, 240762
0.99, 240316
1.00, 238382
1.01, 237986
1.02, 237664
1.04, 235742
1.04, 235469
1.05, 235271
1.06, 233724
1.07, 232470
1.07, 232186
1.07, 229210
1.12, 227705
1.12, 227441
1.13, 226158
1.13, 226027
1.15, 225406
1.24, 224941
1.26, 223498
1.27, 222826
1.32, 222730
1.33, 222060
1.54, 221922
1.83, 220259
1.84, 220245
1.87, 220239
2.05, 220233
2.09, 220198
2.14, 219641
2.23, 219561
2.26, 219427
2.28, 218515
2.33, 218514
2.34, 217615
2.39, 214458
3.94, 213594
4.00, 213135
4.05, 213015
4.06, 212953
4.08, 211216
4.13, 211192
4.14, 211190
4.14, 209097
4.17, 208952
4.19, 207366
4.33, 205755
4.47, 204558
4.56, 204017
4.56, 202670
4.58, 202611
4.60, 202088
4.63, 202034
4.71, 201473
4.76, 201028
4.89, 200964
4.90, 200255
4.96, 199911
4.96, 199448
4.98, 197851
5.01, 197690
5.10, 197044
5.11, 195825
5.18, 194649
5.27, 194645
5.28, 193888
5.34, 193643
5.44, 193111
5.47, 192496
5.51, 191591
5.55, 190445
5.55, 189675
5.57, 188745
5.58, 188094
5.64, 186179
5.66, 185539
5.69, 185296
5.73, 185007
5.73, 184359
5.74, 183805
5.79, 183009
5.80, 182661
5.85, 182620
5.89, 181671
5.91, 179687
5.92, 178321
5.93, 178288
5.96, 177148
6.01, 177054
6.02, 176799
6.09, 176565
6.19, 176283
6.27, 175570
6.36, 175339
6.43, 175208
6.66, 173625
6.75, 173234
6.75, 172972
6.87, 172372
7.20, 171360
7.52, 170858
7.57, 170252
7.58, 169766
7.65, 167101
7.69, 166686
7.70, 166574
7.79, 166487
7.80, 165545
7.91, 164591
7.95, 164331
7.96, 163737
8.01, 161205
8.05, 160943
8.07, 160923
8.07, 160840
8.19, 160554
8.23, 160114
8.32, 159139
23.60, 158980
23.64, 157909
23.69, 157859
23.76, 156638
23.82, 156622
23.83, 155564
23.95, 155175
23.96, 154636
