0.03, 528080
0.03, 526953
0.03, 525750
0.03, 525207
0.03, 524852
0.03, 521621
0.04, 520219
0.04, 515027
0.04, 513071
0.04, 511269
0.04, 511180
0.04, 511135
0.04, 507902
0.04, 502459
0.04, 499381
0.04, 498164
0.04, 494083
0.04, 490842
0.04, 489590
0.04, 489364
0.04, 488789
0.04, 487547
0.05, 486151
0.05, 480342
0.05, 479286
0.05, 478778
0.05, 478653
0.06, 476314
0.06, 465966
0.06, 460223
0.06, 460187
0.06, 459468
0.06, 458146
0.06, 457030
0.06, 456561
0.06, 456146
0.06, 455068
0.07, 454248
0.07, 451742
0.08, 451316
0.08, 451038
0.08, 450937
0.08, 450768
0.08, 449260
0.08, 448377
0.08, 445074
0.08, 428691
0.08, 427538
0.08, 427361
0.08, 426841
0.09, 423284
0.09, 422100
0.09, 420752
0.09, 418391
0.09, 417285
0.09, 415998
0.09, 415571
0.10, 415354
0.10, 415182
0.10, 413046
0.10, 412910
0.11, 408315
0.12, 407090
0.13, 406303
0.14, 405977
0.14, 403508
0.15, 403387
0.15, 401428
0.16, 401147
0.16, 400902
0.17, 400490
0.17, 399944
0.18, 395532
0.18, 393125
0.19, 392786
0.19, 392290
0.20, 390911
0.20, 390637
0.21, 389916
0.21, 389059
0.22, 385643
0.23, 382367
0.24, 382060
0.24, 366883
0.25, 365847
0.26, 364210
0.27, 363794
0.28, 362847
0.29, 362454
0.30, 360630
0.31, 360572
0.31, 349486
0.32, 349287
0.34, 349097
0.34, 346990
0.37, 346496
0.37, 345769
0.38, 345742
0.39, 345589
0.40, 345446
0.40, 344155
0.44, 344102
0.48, 342818
0.52, 342727
0.54, 342383
0.57, 341148
0.59, 340397
0.62, 339835
0.62, 339694
0.63, 339545
0.63, 339509
0.63, 338918
0.64, 338633
0.64, 333524
0.64, 333420
0.65, 333144
0.65, 332905
0.66, 332239
0.66, 325779
0.67, 325171
0.69, 323122
0.71, 323009
0.72, 322995
0.74, 319868
0.75, 319541
0.93, 319252
1.21, 318731
1.42, 318470
1.70, 318039
1.84, 317021
2.00, 316676
2.16, 316605
2.37, 314760
2.58, 314684
2.77, 314318
3.01, 313876
3.42, 313863
3.65, 311623
3.85, 311009
4.07, 310980
4.23, 310647
4.41, 310012
4.58, 309862
4.76, 308738
4.93, 307884
5.08, 307826
5.10, 307822
5.11, 290575
5.12, 290573
5.14, 289400
5.15, 287453
5.45, 287079
5.77, 287052
6.03, 286098
6.25, 286012
6.57, 285783
6.87, 283151
7.31, 282194
7.51, 281779
7.67, 281646
7.87, 281454
8.17, 280627
8.63, 279067
9.01, 278099
9.34, 278049
9.68, 277767
10.11, 277493
10.53, 275112
11.01, 272795
11.32, 272720
11.60, 272079
11.98, 272028
12.00, 271931
12.03, 270372
12.34, 269674
12.85, 265472
13.29, 263877
13.64, 263579
14.02, 259281
14.48, 256185
14.84, 255792
15.21, 255622
15.47, 255042
15.77, 254779
16.05, 254428
16.45, 252977
16.92, 246246
17.36, 245497
17.61, 244917
17.89, 244709
18.27, 244358
18.69, 242927
19.20, 242903
19.64, 242350
19.91, 241474
20.22, 239842
20.65, 238210
21.15, 238019
21.55, 237575
21.84, 237248
22.09, 237142
22.54, 236841
22.97, 232804
23.40, 231261
23.69, 228002
24.27, 227779
24.84, 223327
25.27, 222593
25.60, 218514
25.89, 218244
26.18, 217793
26.78, 217193
27.25, 215674
27.56, 214135
27.96, 214102
28.36, 213374
28.84, 213187
29.23, 212869
29.52, 212763
29.86, 206371
30.26, 198671
30.73, 196441
31.25, 195889
31.53, 191508
31.83, 189140
32.27, 187006
32.75, 185709
33.06, 185334
33.49, 184883
33.73, 184299
34.79, 183786
35.24, 183626
35.56, 183287
35.99, 183068
36.40, 182779
37.08, 182320
37.57, 181208
37.97, 179777
38.28, 172776
38.92, 169012
39.62, 167297
40.04, 165582
40.54, 161745
41.20, 158428
41.56, 157744
41.95, 155939
42.50, 155234
43.02, 153352
43.67, 151466
44.25, 148957
44.70, 148113
45.03, 147618
45.48, 144750
45.89, 144521
46.34, 143720
47.16, 140361
47.82, 137992
48.12, 137744
48.66, 137217
49.01, 136873
49.11, 136864
49.33, 136752
49.98, 136373
50.42, 136125
51.15, 129942
51.55, 128917
52.11, 128170
52.58, 127567
53.41, 127282
54.28, 127053
54.62, 125645
54.98, 122595
55.28, 121204
55.68, 120604
56.28, 117458
56.83, 116596
57.37, 116034
57.79, 114483
58.50, 114298
59.28, 113913
59.80, 112485
60.43, 110739
61.24, 109697
