0.01, 528146
0.01, 510391
0.02, 507507
0.02, 498910
0.02, 484446
0.02, 473070
0.02, 466789
0.02, 459884
0.02, 459673
0.02, 456548
0.02, 452818
0.02, 451294
0.02, 451180
0.02, 450252
0.02, 447112
0.02, 443918
0.02, 426741
0.02, 418783
0.02, 417102
0.02, 416201
0.02, 413624
0.02, 404834
0.02, 402692
0.02, 398381
0.02, 398375
0.02, 398030
0.02, 393165
0.02, 391763
0.02, 383859
0.02, 383287
0.02, 382445
0.02, 373433
0.02, 365738
0.03, 364457
0.03, 364358
0.03, 363021
0.03, 361490
0.03, 359018
0.03, 359009
0.03, 354113
0.03, 352155
0.03, 347425
0.03, 347341
0.03, 345772
0.03, 344562
0.03, 344218
0.03, 343396
0.03, 338647
0.03, 337861
0.03, 335220
0.04, 331748
0.04, 329262
0.04, 327146
0.04, 325428
0.04, 324379
0.04, 319770
0.04, 319504
0.04, 315800
0.04, 315751
0.04, 314387
0.05, 309700
0.05, 308625
0.05, 306106
0.05, 305368
0.06, 303855
0.06, 302454
0.06, 300980
0.06, 298716
0.06, 298356
0.06, 296918
0.07, 296595
0.07, 295982
0.07, 295793
0.07, 294526
0.08, 293331
0.08, 292450
0.08, 290392
0.08, 289172
0.08, 288272
0.09, 285873
0.09, 285792
0.09, 285226
0.09, 285153
0.09, 285021
0.09, 276007
0.09, 275967
0.10, 272877
0.10, 272715
0.12, 271153
0.12, 270862
0.13, 268729
0.13, 268481
0.14, 268352
0.14, 267188
0.14, 267172
0.15, 264696
0.15, 261100
0.15, 260962
0.16, 257662
0.17, 256891
0.17, 255669
0.17, 254516
0.17, 254360
0.17, 252742
0.18, 249449
0.18, 249143
0.18, 247519
0.18, 245246
0.19, 244725
0.19, 244358
0.19, 243668
0.19, 243651
0.19, 240655
0.19, 240330
0.20, 238118
0.20, 237576
0.20, 235487
0.20, 233667
0.20, 233453
0.21, 230318
0.22, 230225
0.22, 229313
0.22, 229171
0.22, 229109
0.22, 228856
0.22, 227690
0.23, 227417
0.23, 226924
0.24, 226416
0.24, 225066
0.24, 222296
0.25, 218813
0.27, 218563
0.27, 218528
0.27, 218443
0.27, 217810
0.28, 217538
0.29, 217519
0.29, 214086
0.30, 213976
0.31, 212982
0.32, 212524
0.33, 212336
0.33, 211997
0.33, 211369
0.33, 211354
0.35, 210643
0.36, 210619
0.37, 210159
0.38, 209622
0.39, 209355
0.40, 208455
0.44, 208178
0.45, 207785
0.45, 206669
0.45, 206487
0.47, 206035
0.47, 205972
0.48, 205544
0.49, 205427
0.49, 203485
0.51, 203272
0.53, 203132
0.54, 202300
0.55, 200566
0.56, 199908
0.57, 199901
0.60, 198508
0.60, 198500
0.63, 197604
0.63, 197338
0.64, 197189
0.66, 196945
0.67, 196841
0.68, 195170
0.70, 194720
0.72, 194543
0.72, 194308
0.73, 194028
0.74, 193121
0.75, 191347
0.77, 190966
0.80, 190020
2.06, 189400
2.08, 189294
2.09, 187417
2.09, 187267
2.10, 187226
2.11, 186042
2.11, 185983
2.11, 184714
2.12, 184145
2.14, 183133
2.14, 182404
2.16, 181551
2.17, 180184
2.18, 179267
2.19, 178182
2.24, 178032
2.27, 177331
2.31, 175276
2.37, 175120
2.38, 174959
2.39, 173563
2.43, 172347
2.44, 172270
2.45, 171050
2.51, 170386
2.54, 169714
2.57, 169130
2.61, 167675
2.66, 167491
2.69, 167379
2.75, 166740
2.76, 165648
2.89, 163721
20.97, 162494
20.97, 161770
21.00, 159541
21.02, 159002
21.02, 157214
21.03, 154945
21.05, 154768
76.48, 154701
76.50, 153060
76.51, 152988
76.53, 152638
76.54, 150912
76.60, 150905
76.62, 150543
76.72, 150406
