0.04, 568723
0.04, 566062
0.04, 563130
0.04, 560143
0.04, 558026
0.04, 557757
0.04, 549932
0.05, 548264
0.05, 543322
0.05, 542585
0.05, 541028
0.05, 535152
0.05, 534348
0.05, 521216
0.05, 516166
0.05, 514160
0.06, 513267
0.06, 508072
0.06, 507892
0.06, 506938
0.06, 505987
0.06, 505538
0.06, 503104
0.06, 503056
0.07, 502746
0.07, 501578
0.07, 500946
0.07, 499099
0.07, 497820
0.08, 494616
0.08, 494615
0.08, 489253
0.08, 487422
0.08, 483482
0.08, 481855
0.09, 481775
0.09, 481354
0.09, 479838
0.10, 478444
0.10, 478358
0.10, 478225
0.11, 475727
0.11, 472705
0.11, 472128
0.11, 471872
0.11, 469669
0.12, 469668
0.12, 465333
0.12, 461968
0.12, 461358
0.12, 459473
0.12, 458925
0.12, 457382
0.12, 456980
0.13, 453654
0.13, 452962
0.13, 452172
0.13, 451366
0.13, 451163
0.13, 448904
0.13, 434262
0.13, 433700
0.13, 432111
0.13, 428769
0.14, 428393
0.14, 428182
0.14, 427477
0.14, 427426
0.14, 426010
0.14, 426004
0.15, 423666
0.15, 421418
0.15, 420647
0.16, 419461
0.16, 418790
0.17, 417798
0.17, 416739
0.17, 415590
0.18, 407219
0.18, 406244
0.19, 405435
0.19, 405331
0.20, 398262
0.20, 397420
0.20, 394050
0.21, 392705
0.22, 392514
0.22, 389308
0.23, 388645
0.24, 388294
0.24, 387880
0.24, 387189
0.24, 387056
0.26, 383786
0.27, 383411
0.27, 382971
0.28, 382344
0.29, 382294
0.29, 381635
0.30, 380776
0.32, 376377
0.33, 374951
0.33, 374932
0.35, 374494
0.35, 357671
0.37, 357274
0.39, 356871
0.40, 356248
0.41, 356028
0.42, 355964
0.43, 353519
0.46, 353403
0.47, 349110
0.48, 346647
0.49, 340827
0.50, 339505
0.51, 337785
0.52, 335055
0.53, 334276
0.54, 333604
0.57, 333566
0.60, 332510
0.64, 331964
0.67, 329167
0.71, 328969
0.74, 327742
0.78, 327716
0.83, 327341
0.87, 310725
0.92, 310541
0.98, 310151
1.02, 309465
1.06, 309301
1.08, 307208
1.12, 307045
1.15, 307005
1.20, 306621
1.22, 305714
1.25, 303282
1.26, 302973
1.28, 302858
1.29, 302855
1.31, 295095
1.32, 293026
1.34, 292817
1.35, 292398
1.37, 280091
1.41, 279293
1.46, 279222
1.50, 279001
1.55, 278929
1.58, 278052
1.58, 277418
1.65, 276893
1.75, 276716
1.80, 276073
1.96, 275395
2.03, 274954
2.45, 274823
2.89, 273628
3.27, 272905
3.53, 272417
3.71, 272237
3.89, 271740
3.99, 271627
4.14, 270666
4.31, 270222
4.43, 269266
4.52, 268686
4.61, 268555
4.71, 266901
4.78, 266412
4.92, 264858
5.14, 257570
5.32, 256500
5.42, 256310
5.52, 256022
5.64, 250366
5.78, 250328
5.91, 248853
6.04, 248750
6.21, 248247
6.43, 247716
6.58, 245968
6.69, 244536
6.79, 243820
6.92, 243162
7.09, 243113
7.22, 242681
7.38, 233836
7.58, 233495
7.73, 225930
7.86, 225200
7.99, 224096
8.12, 223382
8.28, 220655
8.53, 218965
8.71, 216970
8.91, 212584
9.09, 210147
9.32, 208800
9.56, 204914
9.73, 197933
9.90, 194181
10.07, 191665
10.29, 191070
10.45, 190417
10.60, 190007
10.91, 189974
11.14, 188404
11.27, 183862
11.40, 182895
11.61, 182723
11.79, 179326
11.94, 177852
12.11, 170961
12.35, 169702
12.50, 166661
12.70, 166624
12.91, 163945
13.16, 163643
13.28, 163168
13.42, 162777
13.56, 159939
14.07, 158129
14.20, 158105
14.42, 156056
14.69, 155962
15.04, 155667
15.46, 153482
15.75, 149124
16.05, 148219
16.48, 147682
16.64, 147010
16.76, 146845
16.97, 146121
17.16, 145567
17.51, 145458
17.80, 145231
17.96, 143732
18.12, 143290
18.26, 138208
18.41, 138050
18.54, 137209
18.71, 134894
19.32, 134876
19.88, 132924
20.57, 131708
21.37, 130917
21.88, 130644
22.20, 130537
22.80, 127911
23.61, 127505
24.18, 127202
24.72, 127083
25.93, 123719
27.04, 120271
27.71, 119368
28.24, 118805
28.43, 116882
28.91, 116840
30.54, 114481
31.77, 114350
32.13, 112407
32.43, 112365
32.71, 110249
33.05, 109513
33.28, 109376
33.58, 108842
34.14, 107747
34.75, 106723
35.15, 106033
35.34, 105997
35.54, 105864
