0.02, 496542
0.02, 484231
0.02, 480265
0.02, 479828
0.02, 478278
0.02, 471010
0.02, 470509
0.03, 460928
0.03, 456418
0.03, 449128
0.03, 448368
0.03, 448015
0.03, 440513
0.03, 438924
0.03, 435602
0.03, 434927
0.03, 432284
0.03, 424999
0.03, 416542
0.03, 415029
0.03, 412479
0.03, 409157
0.03, 408834
0.03, 407157
0.03, 400477
0.03, 398182
0.03, 389694
0.03, 383182
0.03, 382745
0.03, 378732
0.03, 375363
0.04, 372369
0.04, 369645
0.04, 369332
0.04, 366035
0.04, 364763
0.04, 364600
0.04, 364417
0.04, 361901
0.04, 359205
0.04, 357540
0.05, 352790
0.05, 352252
0.05, 347556
0.05, 343393
0.05, 327912
0.06, 326138
0.06, 323371
0.06, 322356
0.06, 322035
0.07, 322019
0.07, 321039
0.07, 320567
0.08, 319170
0.08, 316376
0.09, 315916
0.09, 315658
0.09, 315335
0.10, 314695
0.10, 312783
0.11, 312690
0.11, 312366
0.12, 311777
0.12, 310866
0.13, 308571
0.13, 308425
0.14, 307665
0.14, 306828
0.15, 305459
0.16, 304713
0.19, 303751
0.25, 303708
0.28, 302206
0.28, 302164
0.32, 301667
0.33, 301202
0.34, 300195
0.35, 295725
0.35, 294470
0.35, 292828
0.36, 292353
0.36, 288648
0.37, 288613
0.39, 287019
0.42, 284510
0.44, 284185
0.49, 283769
0.52, 283304
0.55, 282020
0.60, 278134
0.71, 273741
0.76, 271798
0.80, 270686
0.85, 268619
0.91, 267556
0.95, 266764
1.01, 265390
1.06, 264281
1.10, 262187
1.14, 260884
1.18, 260140
1.22, 259984
1.29, 257868
1.37, 257768
1.46, 257295
1.53, 256882
1.73, 249417
1.93, 249352
2.13, 248348
2.30, 247987
2.39, 246876
2.53, 246278
2.71, 245022
2.81, 245002
2.91, 244848
3.06, 244705
3.16, 243729
3.28, 243068
3.36, 242914
3.44, 242690
3.51, 242642
3.68, 242387
3.94, 238592
4.16, 237486
4.39, 236680
4.49, 234379
4.59, 233023
4.70, 230215
4.85, 228822
5.04, 227883
5.18, 227600
5.31, 227442
5.42, 225596
5.59, 222928
5.90, 221583
6.15, 221075
6.34, 220910
6.47, 218534
6.60, 218195
6.76, 218156
6.93, 217515
7.11, 216672
7.33, 215478
7.49, 214066
7.70, 213376
8.01, 213259
8.29, 213206
8.44, 211863
8.57, 211827
8.79, 211299
9.05, 211233
9.14, 211099
9.32, 210040
9.59, 206269
9.99, 205959
10.36, 205090
10.68, 204329
10.97, 203037
11.09, 202772
11.19, 202478
11.30, 202398
11.44, 202327
11.57, 200045
11.75, 199425
11.91, 199267
12.09, 198777
12.51, 198618
12.86, 198544
13.07, 198410
13.26, 198383
13.50, 198008
13.93, 197929
14.27, 196955
14.35, 196732
14.46, 196410
14.66, 196270
14.80, 196213
14.96, 196048
15.06, 194415
15.16, 193250
15.26, 193187
15.37, 192263
15.48, 191788
15.62, 191139
15.81, 188109
16.03, 187753
16.17, 187745
16.35, 187577
16.50, 187430
16.69, 186133
16.87, 186062
17.11, 185243
17.25, 185044
17.48, 183660
17.73, 183547
18.06, 183250
18.38, 181094
18.69, 179050
19.01, 179024
19.41, 178749
19.84, 178434
20.39, 177462
20.66, 176885
20.94, 176247
21.24, 175394
21.58, 175016
22.09, 174540
22.71, 174428
23.23, 173857
23.65, 173637
24.12, 173208
24.37, 172836
24.61, 172806
24.86, 172792
25.52, 172263
26.48, 171956
26.48, 171802
26.49, 171252
26.50, 171217
26.53, 171210
26.56, 171077
26.58, 170874
26.60, 169978
26.64, 169676
26.67, 169119
26.69, 169081
26.74, 168813
26.77, 168491
26.82, 168344
26.87, 167585
26.97, 166652
27.18, 163053
27.24, 161513
27.48, 161168
27.83, 161056
28.29, 160999
28.57, 160613
29.23, 159128
29.25, 158156
30.12, 158109
30.60, 156423
31.05, 156136
31.06, 154564
31.06, 153708
31.88, 152454
32.87, 148572
33.61, 145952
34.35, 144767
34.75, 142010
35.30, 141499
36.04, 141200
36.70, 136455
37.25, 134524
37.86, 134071
38.64, 133101
39.31, 132729
41.43, 132323
42.18, 130774
42.19, 129813
43.10, 122811
44.30, 120561
44.72, 118860
45.47, 118096
46.44, 117854
47.06, 117251
48.25, 116537
49.26, 115435
50.01, 114792
50.46, 112863
50.73, 112712
50.96, 111277
51.20, 109116
51.59, 106455
52.08, 105193
52.82, 104639
54.67, 104614
55.38, 104436
55.63, 102792
