0.06, 541938
0.06, 531959
0.07, 530380
0.07, 528176
0.07, 526498
0.07, 525407
0.07, 516165
0.08, 514817
0.08, 509466
0.08, 509076
0.08, 507875
0.08, 504337
0.08, 498909
0.09, 497248
0.09, 496367
0.09, 485404
0.09, 484177
0.09, 483501
0.09, 478356
0.09, 474325
0.09, 467600
0.10, 462738
0.10, 451287
0.10, 450594
0.10, 443227
0.11, 439041
0.11, 431779
0.12, 428112
0.12, 421076
0.13, 419707
0.13, 417429
0.13, 411593
0.13, 411461
0.13, 411330
0.13, 403367
0.14, 398842
0.14, 389875
0.14, 389615
0.14, 387449
0.14, 384286
0.14, 381778
0.14, 377838
0.15, 373865
0.15, 371955
0.15, 369251
0.15, 366888
0.16, 362628
0.16, 362141
0.16, 359708
0.16, 354431
0.16, 353574
0.17, 352912
0.18, 351623
0.19, 351454
0.20, 348764
0.20, 343634
0.23, 343045
0.23, 340420
0.25, 339146
0.25, 335770
0.25, 334465
0.25, 333850
0.26, 333744
0.26, 330007
0.26, 329317
0.26, 328846
0.26, 325218
0.26, 324764
0.26, 324418
0.26, 324411
0.27, 324369
0.27, 324259
0.28, 322881
0.29, 322241
0.29, 319548
0.29, 314663
0.30, 310000
0.34, 306757
0.41, 302163
0.48, 301584
0.53, 300605
0.61, 299968
0.72, 299215
0.81, 298499
0.91, 297192
1.03, 296507
1.18, 294947
1.36, 294239
1.53, 292190
1.69, 291430
1.79, 290853
1.92, 290447
2.06, 290205
2.23, 289346
2.48, 288983
2.73, 288443
3.03, 288218
3.44, 286355
3.83, 285256
4.10, 284311
4.36, 280288
4.66, 278910
5.09, 277253
5.46, 275103
5.71, 275042
6.06, 274257
6.32, 273842
6.60, 273495
6.97, 267559
7.34, 266147
7.82, 264657
8.14, 263542
8.31, 262699
8.74, 260360
9.19, 260267
9.52, 259684
9.80, 258931
10.17, 258775
10.47, 256690
10.66, 256580
10.90, 254992
11.37, 254984
11.67, 254307
11.94, 254284
12.38, 251242
12.75, 250597
13.16, 250298
13.61, 244913
13.95, 244454
14.24, 243936
14.55, 243471
14.99, 243072
15.40, 242877
15.83, 238608
16.10, 236512
16.37, 236337
16.80, 234025
17.17, 233455
17.57, 228626
17.95, 227889
18.22, 226290
18.62, 223069
19.11, 222825
19.48, 222430
19.78, 222270
20.14, 219278
20.41, 217642
20.71, 216669
21.17, 216264
21.67, 213974
21.96, 208457
22.25, 208213
22.47, 207462
22.73, 207264
23.19, 205341
23.60, 205250
23.93, 204117
24.32, 201822
24.78, 201284
25.24, 200278
25.81, 200149
26.14, 198754
26.45, 197830
26.77, 196830
27.30, 193670
27.67, 192854
28.15, 192352
28.49, 189014
28.83, 187625
29.36, 185815
29.82, 185396
30.24, 183003
30.58, 181313
31.00, 180793
31.53, 179802
31.94, 177556
32.38, 177185
32.69, 176903
33.51, 175494
33.96, 174970
34.81, 174233
35.54, 174073
36.19, 173988
36.41, 173378
36.58, 173230
36.94, 171554
37.20, 171489
37.33, 171438
37.53, 170897
37.75, 170855
37.95, 170444
38.13, 168785
38.41, 167440
38.67, 167302
38.88, 167264
39.14, 166933
39.39, 164197
39.59, 164192
39.78, 164169
39.93, 164003
40.06, 163474
40.23, 161819
40.67, 161461
40.88, 161323
41.18, 161285
41.34, 160954
41.56, 160896
41.70, 159877
41.89, 159544
42.20, 159100
42.39, 158475
42.58, 155705
42.81, 155409
43.06, 154841
43.38, 151135
43.59, 150426
43.76, 149262
44.15, 148509
44.49, 147632
44.67, 146693
45.32, 146024
46.27, 145080
46.79, 144923
47.48, 143529
47.71, 141576
48.10, 139400
48.58, 138867
49.86, 138835
50.33, 138276
51.75, 137704
52.41, 137107
52.75, 136570
53.40, 136323
53.99, 136194
54.42, 135115
55.37, 134776
56.48, 134702
56.88, 133575
57.28, 131524
57.74, 131312
58.05, 131247
58.23, 130240
58.55, 129818
58.77, 129649
59.17, 129635
60.28, 128972
61.21, 128086
62.40, 127876
63.00, 127813
63.73, 127622
64.46, 125144
65.05, 125117
66.25, 124913
67.42, 124571
67.92, 121600
68.19, 121592
68.48, 121426
68.56, 120990
68.64, 120744
68.81, 120241
69.82, 120155
70.17, 119920
70.70, 118196
71.21, 116923
71.80, 115357
72.00, 114948
72.19, 113915
72.41, 113782
72.71, 113360
73.37, 112231
73.82, 111956
74.16, 111864
74.58, 111408
74.93, 107126
