0.07, 576149
0.07, 571083
0.07, 570451
0.07, 565461
0.07, 559940
0.08, 559925
0.08, 555235
0.08, 547984
0.08, 546065
0.09, 542282
0.09, 541510
0.09, 541171
0.09, 539167
0.10, 515871
0.10, 515191
0.10, 513886
0.12, 503672
0.12, 493418
0.12, 467916
0.12, 460699
0.13, 460641
0.13, 457059
0.14, 454881
0.14, 449931
0.15, 445702
0.15, 443837
0.16, 430735
0.17, 419115
0.17, 418413
0.19, 415915
0.21, 415186
0.22, 412470
0.22, 405539
0.22, 395383
0.23, 394842
0.23, 391762
0.23, 380005
0.23, 377094
0.24, 370045
0.24, 369955
0.25, 367477
0.25, 360406
0.25, 358461
0.25, 351371
0.26, 348431
0.26, 346546
0.26, 342089
0.27, 341859
0.27, 340412
0.28, 339286
0.28, 337748
0.29, 333184
0.29, 330502
0.32, 328145
0.32, 327355
0.32, 326921
0.33, 325042
0.33, 323229
0.34, 321452
0.36, 319556
0.37, 319294
0.37, 319259
0.39, 317901
0.42, 316799
0.42, 301413
0.66, 300351
0.66, 297566
0.68, 296617
0.70, 294230
0.70, 290260
0.73, 289351
0.73, 289307
0.92, 286293
0.94, 285922
0.99, 285357
1.00, 284139
1.01, 284075
1.02, 283968
1.03, 283967
1.04, 283728
1.05, 283724
1.06, 282636
1.06, 281876
1.07, 281640
1.07, 280912
1.08, 279339
1.08, 279336
1.12, 277281
1.13, 277199
1.14, 276833
1.15, 275682
1.16, 273620
1.18, 273490
1.19, 271066
1.19, 268795
1.20, 266602
1.21, 261641
1.22, 260868
1.24, 257092
1.26, 256988
1.28, 252643
1.32, 252099
1.34, 250282
1.35, 247490
1.35, 245366
1.37, 243795
1.38, 243269
1.39, 242636
1.42, 242473
1.42, 240531
1.42, 240260
1.44, 238764
1.48, 238573
1.49, 236503
1.50, 234937
1.50, 232075
1.50, 232063
1.50, 230901
1.51, 230341
1.53, 229615
1.55, 227200
1.55, 226671
1.60, 225292
1.62, 224764
1.62, 224680
1.63, 224114
1.63, 224094
1.63, 221978
1.64, 220479
1.65, 216199
1.66, 215278
1.69, 214260
1.69, 213330
1.70, 212379
1.71, 204893
1.71, 203036
1.72, 200991
1.72, 200836
1.73, 200377
1.76, 199708
1.78, 199517
1.80, 198804
1.82, 198677
1.82, 198568
1.85, 198121
1.87, 197785
1.95, 197392
1.98, 197024
2.00, 196856
2.05, 195953
2.18, 195601
2.27, 195493
2.28, 193212
2.32, 192943
2.44, 191976
2.48, 190893
2.49, 190064
2.49, 189843
2.58, 188743
2.59, 188320
2.67, 188259
2.68, 186931
2.71, 186544
2.76, 184135
2.78, 182566
2.79, 181256
2.80, 181163
2.81, 180938
2.83, 179653
2.85, 179064
2.85, 178007
2.86, 177279
2.86, 177029
2.89, 175496
2.89, 174565
2.90, 174325
2.91, 173554
2.94, 171951
2.95, 171917
2.96, 171269
2.99, 170583
3.07, 170318
3.16, 168817
3.20, 166654
3.21, 166572
18.29, 166568
18.33, 166261
18.34, 166168
18.45, 166090
18.49, 164345
18.64, 164305
18.65, 164143
18.77, 163931
18.80, 162424
19.04, 161901
29.29, 161765
29.37, 161412
29.40, 160281
