0.08, 575472
0.08, 569756
0.08, 565364
0.08, 564584
0.09, 561268
0.09, 560419
0.09, 556506
0.09, 555462
0.09, 554599
0.09, 550801
0.10, 538080
0.10, 534708
0.10, 534659
0.10, 531343
0.11, 529146
0.11, 527933
0.11, 527761
0.11, 524698
0.11, 521661
0.11, 521430
0.12, 520395
0.12, 515551
0.12, 512354
0.12, 511753
0.12, 499539
0.12, 497451
0.13, 495232
0.13, 487689
0.13, 486027
0.13, 485671
0.15, 484542
0.15, 483957
0.16, 483538
0.17, 481913
0.17, 481867
0.17, 471241
0.18, 471133
0.18, 471019
0.19, 469180
0.19, 469005
0.19, 468979
0.20, 464278
0.20, 462398
0.20, 459032
0.20, 455099
0.20, 455070
0.20, 453650
0.20, 453271
0.20, 446337
0.21, 446050
0.21, 443942
0.21, 442541
0.22, 441165
0.23, 440948
0.23, 440517
0.24, 429459
0.25, 428524
0.25, 426008
0.26, 425257
0.27, 425087
0.29, 422795
0.29, 422355
0.31, 421392
0.31, 418262
0.31, 418205
0.31, 418139
0.31, 417379
0.33, 417351
0.33, 403067
0.35, 402551
0.35, 401758
0.35, 400346
0.35, 400321
0.35, 399956
0.36, 398515
0.37, 398511
0.37, 388357
0.38, 387128
0.40, 386067
0.40, 385261
0.41, 381210
0.42, 378648
0.44, 378384
0.45, 377735
0.46, 377188
0.46, 376810
0.46, 374803
0.47, 370967
0.48, 369978
0.48, 368680
0.49, 368089
0.49, 364489
0.50, 363457
0.50, 357684
0.50, 357108
0.51, 355038
0.52, 354321
0.52, 349930
0.53, 349256
0.53, 348151
0.53, 346043
0.54, 343246
0.55, 341954
0.58, 340938
0.61, 339642
0.67, 337294
0.72, 335828
0.82, 334314
0.89, 332329
0.93, 330061
0.99, 329324
1.02, 328435
1.06, 328283
1.10, 327864
1.15, 323424
1.17, 321096
1.22, 320045
1.24, 319352
1.26, 318085
1.29, 317969
1.32, 315021
1.35, 312714
1.37, 312178
1.37, 311915
1.38, 311873
1.39, 310838
1.39, 310484
1.40, 310364
1.40, 308944
1.46, 308366
1.53, 306087
1.61, 305452
1.69, 302458
1.92, 301520
2.06, 297325
2.10, 297055
2.13, 297032
2.21, 296678
2.25, 296628
2.33, 295945
2.44, 295469
2.53, 295446
2.62, 294950
2.71, 294639
2.83, 289516
2.95, 289306
3.11, 286047
3.29, 285692
3.45, 285183
3.64, 285020
3.82, 279247
3.99, 279207
4.17, 278874
4.31, 277973
4.44, 277934
4.53, 276419
4.63, 276219
4.74, 274615
4.88, 274223
4.98, 274107
5.14, 273263
5.29, 269871
5.44, 267944
5.58, 267150
5.81, 265286
6.07, 264201
6.38, 263527
6.84, 260577
7.06, 260524
7.23, 258471
7.51, 258256
7.68, 258212
7.84, 258067
7.99, 254936
8.11, 254799
8.21, 254752
8.30, 254042
8.42, 253302
8.46, 252788
8.48, 251590
8.55, 251516
8.60, 250516
8.65, 248335
8.73, 247888
8.83, 246337
8.91, 246027
9.00, 245099
9.08, 244931
9.18, 244868
9.25, 244677
9.34, 243193
9.41, 242864
9.50, 242558
9.81, 241759
10.53, 241751
10.85, 241498
11.18, 239971
11.71, 238148
12.26, 237717
12.53, 235391
12.83, 232142
13.22, 230938
13.70, 230164
14.25, 226261
14.70, 225812
15.10, 224305
15.22, 223903
15.35, 223173
15.48, 222720
15.65, 222367
15.79, 215736
15.79, 215089
15.79, 215051
15.80, 215013
15.94, 213078
15.94, 212017
16.02, 211852
16.07, 211756
16.17, 211115
16.21, 210985
16.30, 210847
16.40, 207669
16.40, 207110
16.40, 207072
16.41, 206543
16.52, 206530
16.64, 202369
16.73, 202239
16.81, 201009
16.87, 190501
16.87, 189440
16.90, 188892
16.98, 188754
17.11, 188219
17.31, 186359
17.31, 185166
17.31, 185128
17.33, 184599
17.50, 184338
17.64, 181649
17.81, 181342
18.00, 176324
18.00, 176311
18.00, 176194
18.02, 175650
18.04, 175561
18.06, 175223
18.07, 167982
18.09, 167667
18.14, 163600
18.16, 163412
18.19, 162955
18.30, 160601
18.34, 160423
18.36, 159934
18.39, 159172
18.41, 159079
18.42, 158933
18.44, 157923
18.47, 157604
18.49, 157239
18.51, 157175
18.56, 157116
18.68, 156065
18.84, 156051
18.98, 156031
19.13, 155846
19.33, 155810
19.93, 150254
20.46, 150206
20.90, 149315
21.33, 148646
21.94, 145541
22.67, 145465
23.27, 141042
23.92, 137868
24.35, 135208
24.35, 134373
24.35, 134285
24.35, 133735
24.35, 133642
24.35, 132641
24.36, 132101
24.37, 132061
24.38, 131462
24.39, 129599
24.42, 127136
24.42, 126971
24.42, 126546
24.44, 125819
24.48, 124943
24.97, 124703
25.46, 124572
26.10, 124351
26.69, 122430
27.56, 121758
28.15, 121716
28.57, 119845
29.18, 117244
29.67, 114972
30.45, 114143
31.02, 112927
31.61, 112616
32.44, 110197
32.92, 109773
33.53, 109596
34.39, 109471
35.02, 108540
35.65, 107853
36.53, 107589
37.22, 107505
38.34, 106555
38.96, 106132
39.40, 105911
72.73, 105656
