0.08, 565810
0.08, 559830
0.08, 553913
0.08, 537667
0.08, 522989
0.09, 519290
0.09, 519188
0.09, 515331
0.09, 503148
0.10, 501283
0.10, 473963
0.11, 463835
0.11, 458496
0.11, 447777
0.11, 446129
0.11, 441219
0.11, 440706
0.11, 438743
0.11, 433533
0.12, 432078
0.12, 426786
0.12, 424490
0.12, 420445
0.12, 417972
0.13, 413146
0.13, 407646
0.13, 407580
0.14, 407461
0.14, 406373
0.14, 405417
0.15, 404913
0.15, 394178
0.15, 392896
0.15, 392795
0.15, 391115
0.16, 378623
0.16, 377001
0.17, 376292
0.17, 373774
0.17, 372564
0.17, 372256
0.18, 370394
0.18, 369852
0.18, 368137
0.19, 366984
0.19, 359183
0.19, 358266
0.19, 356136
0.19, 354464
0.19, 350961
0.19, 350690
0.20, 334804
0.20, 334580
0.20, 334578
0.21, 330923
0.21, 321914
0.21, 321622
0.21, 319667
0.22, 319604
0.22, 319041
0.23, 318607
0.23, 318306
0.24, 317832
0.24, 316837
0.24, 315838
0.24, 314123
0.26, 313189
0.26, 312850
0.26, 309170
0.27, 309115
0.27, 308295
0.27, 306456
0.28, 296660
0.28, 294500
0.29, 292797
0.29, 291990
0.29, 286930
0.29, 286662
0.30, 285215
0.30, 284668
0.33, 281121
0.35, 278139
0.35, 277993
0.36, 276993
0.37, 276188
0.38, 276137
0.41, 275921
0.41, 275258
0.41, 274196
0.41, 273912
0.42, 272229
0.42, 272165
0.43, 271227
0.44, 267385
0.44, 265135
0.45, 264276
0.45, 260974
0.45, 260002
0.45, 258633
0.46, 257397
0.46, 256910
0.46, 256263
0.47, 256162
0.47, 255882
0.47, 255864
0.49, 254910
0.53, 254836
0.54, 253016
0.55, 252612
0.59, 252569
0.61, 252108
0.61, 250766
0.61, 250714
0.62, 248205
0.64, 245519
0.64, 244911
0.67, 244384
0.84, 244056
0.84, 241566
0.84, 238101
0.87, 236709
1.26, 236652
1.27, 236227
1.28, 235856
1.29, 235671
1.31, 232453
1.34, 231134
1.37, 227589
1.38, 226101
1.41, 225910
1.42, 225880
1.44, 225743
1.47, 220050
1.47, 219396
1.47, 218951
1.49, 217124
1.49, 216557
1.50, 216144
1.50, 216086
1.52, 214316
1.52, 212423
1.53, 212273
1.54, 212131
1.57, 211384
1.58, 209792
1.58, 209069
1.62, 208389
1.63, 208332
1.65, 208213
1.66, 208027
1.66, 207932
1.66, 207874
1.71, 207205
1.72, 206980
1.75, 206363
1.76, 205770
1.76, 204959
1.78, 204499
1.81, 204494
1.82, 202004
1.82, 201455
1.83, 201038
1.83, 200985
1.88, 200658
1.93, 197805
1.96, 195849
1.96, 195509
2.00, 194422
2.01, 194035
2.04, 193966
2.05, 193817
2.06, 193682
2.07, 192184
2.12, 191898
2.19, 191438
2.19, 190839
2.19, 189762
2.21, 183384
2.24, 183184
2.26, 183025
2.35, 182257
2.39, 181983
2.40, 180361
2.40, 180308
2.46, 179532
2.52, 179508
2.54, 178881
2.54, 178662
2.54, 178284
2.56, 178116
2.60, 175460
2.61, 175183
2.64, 172229
2.64, 171816
2.69, 171209
2.76, 170723
2.78, 170445
2.78, 169840
2.82, 169369
2.84, 169155
2.87, 169089
2.89, 168427
2.93, 167916
2.96, 166504
2.97, 165922
3.00, 161334
3.01, 161128
3.02, 160545
3.05, 160472
3.07, 160286
3.14, 160072
3.19, 159526
3.25, 158703
3.26, 158608
3.35, 157387
3.36, 156796
3.45, 155735
3.69, 154050
12.78, 151923
12.79, 150990
12.85, 150605
12.89, 149827
12.89, 149674
12.99, 147570
12.99, 146573
13.00, 145056
13.02, 144756
13.04, 144438
13.04, 144277
13.35, 141834
13.43, 141295
