0.02, 7270679
0.02, 7215927
0.02, 6872258
0.03, 6870018
0.03, 6845365
0.03, 6792854
0.03, 6757413
0.03, 6672521
0.03, 6667266
0.03, 6511614
0.03, 6413402
0.03, 6386959
0.03, 6339225
0.03, 6337479
0.03, 6317936
0.04, 6210011
0.04, 6147146
0.04, 6141133
0.04, 5962580
0.04, 5683045
0.04, 5584667
0.04, 5493863
0.04, 5489870
0.04, 5230418
0.05, 5204845
0.05, 5070270
0.05, 5027949
0.05, 5018689
0.05, 4882902
0.06, 4866575
0.06, 4850712
0.06, 4776301
0.07, 4731606
0.07, 4697131
0.07, 4686967
0.07, 4680374
0.07, 4666963
0.07, 4511100
0.07, 4506162
0.07, 4452492
0.07, 4387772
0.08, 4373207
0.08, 4320786
0.08, 4252090
0.08, 4237787
0.08, 4228272
0.08, 4213382
0.08, 4204195
0.09, 4192267
0.09, 4130564
0.09, 4114140
0.11, 3953415
0.11, 3893315
0.11, 3888783
0.11, 3845137
0.11, 3834127
0.11, 3762166
0.12, 3747455
0.12, 3734628
0.12, 3718293
0.12, 3710841
0.12, 3709003
0.12, 3708345
0.15, 3707222
0.15, 3705617
0.16, 3690942
0.16, 3669181
0.16, 3643623
0.17, 3637458
0.17, 3614419
0.17, 3610969
0.17, 3606001
0.18, 3604431
0.19, 3604325
0.19, 3579716
0.20, 3578518
0.20, 3564875
0.21, 3548979
0.21, 3547171
0.21, 3540631
0.22, 3540065
0.22, 3523722
0.23, 3493859
0.23, 3493662
0.24, 3491513
0.24, 3480007
0.25, 3476338
0.25, 3475560
0.25, 3473862
0.25, 3472266
0.25, 3470231
0.26, 3463771
0.26, 3402449
0.28, 3396026
0.29, 3389488
0.29, 3384737
0.31, 3353718
0.31, 3320027
0.32, 3316025
0.33, 3309144
0.34, 3302181
0.35, 3253691
0.35, 3247594
0.36, 3236339
0.36, 3080975
0.37, 3060345
0.38, 3049012
0.38, 3037077
0.39, 3022212
0.40, 2996410
0.41, 2992497
0.41, 2989485
0.44, 2974998
0.44, 2973910
0.48, 2972362
0.48, 2970687
0.48, 2966599
0.49, 2964506
0.50, 2962176
0.50, 2935929
0.51, 2935778
0.52, 2933022
0.52, 2898468
0.52, 2897165
0.57, 2896784
0.62, 2881587
0.62, 2861269
0.66, 2809613
0.66, 2762701
0.67, 2758678
0.67, 2758473
0.68, 2757357
0.69, 2752753
0.70, 2748514
0.71, 2710404
0.71, 2710368
0.71, 2686061
0.73, 2676923
0.78, 2663688
0.82, 2660995
0.84, 2659081
0.84, 2652946
0.88, 2641164
0.92, 2617572
0.92, 2614074
0.97, 2603866
0.98, 2602459
0.98, 2600239
1.02, 2596289
1.04, 2595333
1.04, 2592504
1.12, 2590819
1.14, 2586874
1.23, 2575082
1.29, 2567118
1.29, 2546479
1.32, 2540239
1.35, 2524653
1.43, 2472879
2.94, 2468962
2.96, 2467173
2.97, 2466927
3.01, 2422410
3.04, 2417959
3.09, 2412318
3.10, 2405745
3.14, 2401399
3.18, 2396893
3.21, 2385120
3.23, 2384861
3.25, 2372491
3.45, 2314802
3.59, 2313931
3.60, 2310218
3.61, 2309732
10.24, 2298685
10.24, 2262110
10.24, 2258704
10.26, 2201450
10.27, 2200067
10.27, 2197777
10.28, 2197306
10.35, 2182608
10.48, 2177166
10.49, 2165863
10.50, 2149898
10.50, 2135431
10.50, 2135169
10.51, 2128821
10.55, 2121616
10.59, 2116115
10.61, 2106912
10.66, 2106730
10.68, 2101218
10.69, 2093318
10.73, 2093312
10.82, 2088117
10.90, 2067760
10.98, 2058588
11.20, 2056707
11.21, 2045188
11.42, 2040322
11.58, 2036555
11.68, 2036294
11.79, 2035608
48.31, 2029718
48.33, 2028223
48.36, 2018574
48.37, 2017777
48.43, 1989408
48.46, 1988722
48.46, 1981036
48.46, 1967224
48.47, 1964119
48.54, 1958626
48.60, 1956016
48.61, 1938496
48.64, 1937027
48.67, 1910497
48.67, 1907478
48.69, 1903450
48.82, 1902118
48.97, 1901078
49.02, 1882869
