0.01, 7000047
0.01, 6963043
0.01, 6947439
0.01, 6944248
0.01, 6943137
0.01, 6918901
0.01, 6853255
0.01, 6834637
0.01, 6814058
0.01, 6629328
0.02, 6625431
0.02, 6619925
0.02, 6617038
0.02, 6571461
0.02, 6536393
0.02, 6529735
0.02, 6524533
0.02, 6497334
0.02, 6490395
0.02, 6488901
0.02, 6477083
0.02, 6472540
0.02, 6448454
0.03, 6404245
0.03, 6345986
0.03, 6316200
0.03, 6309270
0.03, 6308984
0.03, 6285160
0.03, 6274089
0.03, 6273592
0.03, 6273277
0.04, 6268541
0.04, 6253503
0.04, 6228470
0.04, 6189808
0.05, 6163446
0.05, 6121165
0.05, 6093300
0.05, 5981818
0.05, 5909340
0.05, 5869355
0.05, 5864115
0.05, 5770453
0.06, 5747706
0.06, 5746048
0.06, 5662942
0.06, 5535272
0.07, 5446392
0.07, 5395129
0.08, 5384796
0.10, 5377810
0.11, 5325863
0.12, 5318708
0.14, 5194161
0.16, 5155919
0.19, 5088862
0.21, 5087254
0.23, 5056667
0.25, 4996949
0.27, 4920155
0.29, 4828699
0.31, 4718075
0.33, 4649045
0.35, 4509986
0.38, 4460827
0.41, 4444187
0.43, 4416348
0.45, 4340945
0.47, 4338274
0.49, 4328320
0.51, 4318539
0.53, 4316130
0.55, 4253699
0.57, 4252274
0.60, 4251640
0.62, 4244025
0.64, 4241904
0.66, 4208929
0.69, 4198446
0.72, 4195088
0.75, 4188893
0.79, 4167797
0.84, 4144789
0.88, 4133269
0.91, 4125041
0.95, 4124324
0.98, 4104764
1.01, 4102159
1.04, 4100151
1.06, 4088211
1.09, 4080206
1.11, 4031114
1.13, 4029939
1.17, 4029547
1.18, 4019472
1.20, 3967470
1.23, 3935789
1.24, 3892543
1.26, 3809486
1.29, 3782160
1.34, 3780982
1.42, 3730623
1.49, 3724735
1.61, 3616051
1.72, 3593224
1.88, 3460076
1.99, 3358030
2.10, 3330716
2.26, 3233131
2.35, 3183830
2.47, 3182865
2.52, 3176438
2.59, 3144649
2.63, 3141330
2.72, 3117431
2.81, 3099827
2.93, 3057455
3.01, 3021534
3.10, 3016290
3.17, 2980353
3.22, 2851442
3.28, 2850006
3.35, 2820480
3.40, 2809070
3.45, 2796451
3.49, 2790391
3.54, 2771942
3.59, 2770027
3.64, 2769238
3.68, 2765978
3.73, 2751216
3.79, 2747916
3.85, 2739684
3.90, 2731357
3.95, 2730125
4.03, 2728974
4.12, 2727363
4.19, 2719785
4.25, 2716023
4.32, 2713250
4.41, 2691690
4.48, 2677947
4.60, 2672835
4.70, 2662862
4.85, 2646530
4.95, 2635240
5.01, 2627386
5.07, 2622954
5.14, 2612062
5.19, 2602202
5.26, 2597527
5.33, 2517239
5.39, 2503587
5.45, 2490877
5.60, 2467063
5.76, 2456967
6.02, 2456551
6.20, 2452872
6.41, 2446859
6.60, 2441079
6.95, 2429086
7.23, 2425917
7.50, 2392001
7.65, 2358671
7.83, 2262419
7.99, 2262308
8.20, 2229630
8.37, 2167226
8.52, 2154149
8.73, 2103661
8.98, 2098953
9.22, 2097365
9.34, 2090418
9.46, 2060256
9.58, 2053828
9.72, 2053007
9.87, 2009292
9.99, 2007077
10.15, 2002478
10.32, 1941503
10.47, 1939633
10.61, 1870948
10.75, 1866666
10.96, 1859078
11.11, 1858533
11.26, 1808257
11.39, 1791562
11.51, 1775055
11.70, 1773320
11.81, 1758853
11.93, 1746029
12.02, 1743818
12.26, 1742042
12.70, 1730965
13.23, 1722427
13.54, 1704074
13.74, 1703211
14.05, 1700651
14.31, 1697434
14.46, 1697059
14.63, 1692451
15.07, 1689400
15.33, 1688895
15.57, 1677701
15.82, 1677420
16.12, 1667456
16.39, 1645216
16.67, 1642813
17.07, 1630975
17.41, 1623944
17.72, 1620656
18.09, 1619106
50.40, 1618852
50.54, 1613787
51.05, 1606140
51.48, 1596089
51.95, 1594164
52.40, 1592614
