0.03, 7503264
0.03, 7503018
0.03, 7333944
0.03, 7220990
0.03, 7217504
0.03, 7182069
0.03, 7097124
0.03, 7032191
0.03, 7001656
0.03, 6985934
0.03, 6915097
0.03, 6907325
0.03, 6785053
0.03, 6755280
0.03, 6622432
0.04, 6617629
0.04, 6590635
0.04, 6484853
0.04, 6353771
0.04, 6332089
0.04, 6276959
0.05, 6207290
0.05, 6192987
0.05, 6115054
0.05, 6105131
0.05, 6093182
0.05, 6081406
0.05, 6069997
0.05, 6060801
0.05, 6004325
0.05, 5994160
0.05, 5970899
0.06, 5953933
0.06, 5938293
0.06, 5882293
0.06, 5818746
0.06, 5788456
0.06, 5762431
0.06, 5582138
0.07, 5535273
0.07, 5479381
0.07, 5408836
0.07, 5348618
0.07, 5342840
0.07, 5295686
0.08, 5284968
0.08, 5271371
0.08, 5229794
0.09, 5216523
0.09, 5209129
0.09, 5190491
0.09, 5190484
0.09, 5089037
0.09, 5082039
0.09, 5063795
0.10, 4976289
0.10, 4917821
0.10, 4915086
0.10, 4890101
0.10, 4808461
0.10, 4703298
0.10, 4644744
0.10, 4565942
0.10, 4550768
0.10, 4438319
0.10, 4396401
0.11, 4361627
0.11, 4360287
0.11, 4351859
0.11, 4291089
0.11, 4283192
0.11, 4211840
0.12, 4204164
0.12, 4194171
0.12, 4157260
0.12, 4051361
0.12, 4034316
0.15, 4020728
0.15, 3964462
0.15, 3942822
0.15, 3858348
0.15, 3849580
0.15, 3847195
0.15, 3717832
0.15, 3712615
0.21, 3681880
0.23, 3654836
0.34, 3645545
0.37, 3601438
0.39, 3589771
0.44, 3582075
0.49, 3578232
0.50, 3572247
0.52, 3556701
0.52, 3513586
0.52, 3503231
0.53, 3474943
0.53, 3430682
0.54, 3423137
0.59, 3421548
0.59, 3421477
0.59, 3415328
0.61, 3409734
0.61, 3408798
0.62, 3386355
0.63, 3372142
0.65, 3350785
0.68, 3323343
0.73, 3317918
0.73, 3288069
0.74, 3281250
0.75, 3269704
0.76, 3260497
0.78, 3258632
0.78, 3241952
0.78, 3241940
0.86, 3239786
0.88, 3212046
0.88, 3208167
0.90, 3207830
0.91, 3166413
1.00, 3152143
1.00, 3140426
1.00, 3134481
1.01, 3133457
1.06, 3127699
1.09, 3124162
1.29, 3121578
1.29, 3118353
1.37, 3116181
1.37, 3083281
1.45, 3081186
1.46, 3080147
1.52, 3054402
1.54, 3023023
1.55, 3022126
1.58, 3010524
1.59, 3000937
1.65, 2941993
1.65, 2932157
1.69, 2928366
1.70, 2927873
1.82, 2919435
1.91, 2916595
1.95, 2914892
1.96, 2912033
1.99, 2911918
2.02, 2866710
2.03, 2846224
2.05, 2844791
2.06, 2828332
2.09, 2815358
2.10, 2814482
2.11, 2809011
2.11, 2802063
2.12, 2796227
2.12, 2752140
2.15, 2750919
2.15, 2747301
2.16, 2735012
2.16, 2706751
2.17, 2694047
2.17, 2686499
2.18, 2683916
2.18, 2682630
2.22, 2680976
2.25, 2651505
2.27, 2647254
2.28, 2637320
2.28, 2633423
2.33, 2632381
2.35, 2607692
2.35, 2601844
2.35, 2600064
2.37, 2576584
2.39, 2572338
2.46, 2557036
2.51, 2549846
2.57, 2533339
2.63, 2532872
2.64, 2526083
2.67, 2516242
2.69, 2511136
2.71, 2509558
2.88, 2496830
2.93, 2490193
2.94, 2490119
2.98, 2486141
3.04, 2447431
4.98, 2430575
5.05, 2430294
5.06, 2414830
5.07, 2408336
5.09, 2407271
8.20, 2402751
8.20, 2400032
8.24, 2386038
8.28, 2385675
8.29, 2384799
8.29, 2361881
8.33, 2355361
8.48, 2336456
8.55, 2334755
8.70, 2328915
8.71, 2317677
8.72, 2311768
8.74, 2301435
8.79, 2300618
8.88, 2294314
8.91, 2267284
8.99, 2263674
9.04, 2260718
9.05, 2260310
9.11, 2260053
57.86, 2251338
57.92, 2251083
57.95, 2241225
67.26, 2216417
67.27, 2213507
67.35, 2212561
67.44, 2210499
67.46, 2202868
67.49, 2197555
67.61, 2194823
67.88, 2194820
67.91, 2194688
68.09, 2194049
68.09, 2176532
68.19, 2160776
68.29, 2154391
68.30, 2152598
68.35, 2148337
68.41, 2138784
68.43, 2117391
69.21, 2117332
69.23, 2116504
69.23, 2115163
69.28, 2108789
69.41, 2108547
69.45, 2107687
69.46, 2105032
69.47, 2099604
69.48, 2082510
69.49, 2082257
