0.05, 7241488
0.05, 7212603
0.05, 7109721
0.05, 7107497
0.05, 6956121
0.05, 6953078
0.05, 6836531
0.05, 6812763
0.05, 6800741
0.06, 6787746
0.06, 6774608
0.06, 6773769
0.06, 6745969
0.06, 6706646
0.06, 6687270
0.06, 6684708
0.06, 6633796
0.06, 6550030
0.06, 6544601
0.06, 6531775
0.06, 6529562
0.07, 6515807
0.07, 6500636
0.07, 6500461
0.07, 6492422
0.07, 6490331
0.07, 6486360
0.07, 6479533
0.07, 6467990
0.07, 6465512
0.08, 6460662
0.08, 6453028
0.08, 6450687
0.09, 6434331
0.09, 6392751
0.09, 6391655
0.09, 6390345
0.09, 6325143
0.09, 6316515
0.10, 6308337
0.10, 6302507
0.11, 6297792
0.12, 6296075
0.12, 6276294
0.12, 6138133
0.12, 6126595
0.12, 6125960
0.12, 6120632
0.13, 6118507
0.13, 6089622
0.13, 6038394
0.13, 6035076
0.14, 6033790
0.14, 5902620
0.14, 5831917
0.14, 5822315
0.15, 5820321
0.15, 5786995
0.15, 5740310
0.16, 5740103
0.16, 5738113
0.16, 5737381
0.17, 5711894
0.18, 5707084
0.18, 5695339
0.18, 5686712
0.18, 5682332
0.19, 5680956
0.20, 5672896
0.22, 5669087
0.24, 5667839
0.27, 5655307
0.30, 5653984
0.33, 5578125
0.35, 5576877
0.38, 5571333
0.42, 5561681
0.47, 5555943
0.52, 5474401
0.57, 5393134
0.62, 5392879
0.71, 5273127
0.76, 5265154
0.82, 5026181
0.92, 4995011
1.03, 4981819
1.09, 4931085
1.19, 4929985
1.27, 4926345
1.37, 4911142
1.45, 4895425
1.49, 4894788
1.54, 4888848
1.57, 4882935
1.65, 4840802
1.70, 4766091
1.75, 4765215
1.79, 4764934
1.85, 4745134
1.92, 4720206
1.94, 4718362
1.97, 4714832
2.00, 4707460
2.03, 4707146
2.04, 4706228
2.05, 4705269
2.06, 4694162
2.06, 4595394
2.08, 4589945
2.08, 4578581
2.11, 4566003
2.12, 4472685
2.14, 4472625
2.15, 4471707
2.19, 4469554
2.24, 4468160
2.33, 4440845
2.39, 4424171
2.47, 4342321
2.53, 4302081
2.59, 4297277
2.66, 4266421
2.73, 4262171
2.84, 4239804
2.92, 4235710
3.04, 4229163
3.19, 4221270
3.32, 4201733
3.49, 4165565
3.69, 4152231
3.83, 4142286
3.95, 4137480
4.07, 4126353
4.18, 4102295
4.28, 4076517
4.40, 4068059
4.55, 4062647
4.66, 3950928
4.81, 3948127
4.93, 3940167
5.04, 3884477
5.20, 3880913
5.32, 3880327
5.48, 3878720
5.62, 3874096
5.79, 3865935
5.85, 3864019
6.03, 3863993
6.21, 3811360
6.36, 3797026
6.78, 3794649
7.02, 3793273
7.17, 3751042
7.28, 3747222
7.42, 3746643
7.57, 3745921
7.70, 3736800
7.87, 3736546
8.01, 3700953
8.17, 3697809
8.35, 3682045
8.52, 3660440
8.68, 3659890
8.85, 3623965
9.02, 3597667
9.25, 3541195
9.40, 3524319
9.54, 3399060
9.63, 3364477
9.72, 3359945
9.83, 3359783
10.00, 3347484
10.21, 3334670
10.45, 3333368
10.67, 3180781
10.88, 3180768
11.15, 3176155
11.47, 3159408
11.68, 3138193
11.96, 3137113
12.15, 3007469
12.69, 2923219
12.73, 2920576
12.76, 2920002
12.79, 2919688
12.81, 2918770
12.85, 2906907
12.86, 2906723
12.89, 2904706
12.93, 2898274
12.96, 2894954
13.03, 2890092
13.08, 2888844
13.38, 2869634
13.62, 2843845
13.86, 2755004
14.05, 2744648
14.55, 2744388
14.84, 2740576
15.34, 2570345
16.26, 2561217
16.96, 2489958
17.14, 2489121
17.51, 2480973
17.65, 2408353
17.87, 2265909
18.01, 2174043
18.13, 2090080
18.33, 2080867
18.49, 2041174
18.61, 2036621
18.92, 1986345
19.45, 1956979
19.95, 1949895
20.24, 1901530
20.60, 1882155
20.94, 1859789
21.43, 1835800
21.82, 1786442
22.08, 1786388
22.30, 1782139
22.60, 1774667
23.07, 1774372
23.51, 1767671
23.91, 1737964
24.20, 1714637
24.80, 1681854
25.71, 1664288
26.03, 1662860
26.23, 1661822
26.43, 1659445
26.95, 1653293
27.40, 1646608
52.30, 1641982
52.39, 1639272
52.87, 1637829
53.74, 1633965
54.49, 1630465
54.71, 1629947
54.96, 1626451
55.46, 1625399
55.92, 1624256
88.91, 1623551
89.30, 1622873
89.74, 1622498
90.00, 1619444
90.39, 1616288
90.78, 1607013
91.11, 1606150
