0.04, 7401713
0.04, 7373480
0.04, 7360139
0.04, 7267098
0.04, 7216890
0.04, 7116110
0.04, 6982631
0.04, 6954900
0.04, 6915926
0.04, 6871177
0.04, 6811469
0.04, 6787703
0.04, 6774161
0.04, 6550466
0.04, 6440238
0.05, 6363452
0.05, 6260196
0.05, 6189558
0.05, 6118266
0.05, 6117833
0.05, 6078864
0.05, 5933576
0.05, 5894945
0.05, 5770589
0.06, 5717363
0.06, 5583986
0.06, 5566644
0.06, 5522915
0.06, 5474308
0.06, 5472280
0.06, 5457967
0.06, 5440227
0.06, 5369527
0.06, 5340111
0.06, 5312641
0.06, 5177445
0.06, 5157318
0.06, 5083378
0.06, 5070361
0.06, 5025122
0.07, 5002502
0.07, 4993297
0.07, 4960750
0.07, 4925183
0.07, 4910529
0.07, 4824666
0.08, 4786487
0.08, 4631202
0.09, 4570731
0.09, 4501227
0.09, 4443492
0.09, 4426515
0.09, 4386881
0.09, 4381209
0.10, 4373980
0.10, 4354474
0.10, 4293415
0.10, 4281698
0.10, 4244010
0.10, 4217926
0.10, 4202248
0.10, 4100565
0.11, 3987252
0.11, 3910067
0.12, 3852813
0.17, 3836306
0.24, 3829224
0.31, 3796100
0.35, 3773251
0.39, 3758784
0.45, 3743353
0.51, 3741831
0.62, 3737650
0.69, 3660899
0.77, 3651793
0.88, 3638402
0.88, 3601829
0.89, 3584627
0.89, 3577149
0.90, 3539667
0.90, 3479674
0.90, 3428596
0.90, 3365436
0.90, 3353683
0.91, 3342842
0.91, 3317195
0.91, 3286717
0.92, 3217672
0.94, 3158451
0.98, 3096488
0.99, 3075268
0.99, 3060236
0.99, 3050655
0.99, 3028460
0.99, 2958984
1.00, 2941852
1.00, 2939388
1.01, 2909907
1.04, 2884999
1.07, 2844226
1.09, 2830320
1.11, 2812941
1.14, 2776633
1.16, 2771361
1.18, 2738465
1.22, 2735740
1.26, 2724684
1.31, 2711431
1.32, 2709049
1.46, 2701438
1.56, 2687889
1.70, 2674661
1.78, 2657433
1.85, 2637918
1.95, 2637327
2.03, 2634968
2.12, 2587405
2.19, 2586070
2.25, 2580075
2.32, 2578545
2.38, 2559177
2.45, 2555644
2.64, 2547181
2.75, 2538493
2.86, 2535496
3.02, 2535121
3.12, 2532067
3.22, 2528911
3.34, 2522563
3.46, 2520475
3.57, 2514867
3.76, 2508491
3.83, 2503883
3.92, 2493132
4.10, 2468605
4.21, 2435620
4.73, 2399253
5.38, 2394373
5.62, 2385718
5.89, 2383460
6.53, 2363575
6.72, 2350902
6.83, 2337573
6.98, 2329353
7.14, 2314128
7.28, 2306728
7.35, 2301901
7.39, 2300207
7.43, 2289261
7.50, 2287519
7.56, 2283092
7.62, 2270461
7.66, 2266570
7.74, 2248092
7.80, 2231131
7.88, 2218865
7.96, 2218379
8.04, 2215171
8.09, 2194766
8.14, 2185122
8.21, 2183505
8.43, 2183019
9.08, 2164981
9.72, 2162377
10.15, 2160232
10.41, 2149442
10.72, 2148888
10.93, 2147710
11.17, 2129582
11.31, 2118022
11.37, 2102521
11.43, 2098659
11.65, 2098014
11.85, 2093715
12.09, 2086538
12.80, 2072065
13.41, 2069185
13.80, 2062826
14.03, 2060387
14.21, 2055056
14.54, 2050428
14.82, 2044511
15.03, 2040734
15.28, 2034676
15.39, 2032349
15.47, 2030435
15.54, 2024560
15.60, 2023530
15.65, 2010784
15.89, 2001994
16.29, 2000746
16.77, 2000299
17.39, 1998426
18.11, 1998398
18.25, 1997849
18.45, 1995597
18.71, 1994276
18.98, 1990072
19.42, 1987330
19.74, 1985374
19.95, 1981382
20.28, 1971839
20.56, 1967572
20.93, 1967565
21.34, 1963528
22.01, 1959079
22.63, 1957163
22.80, 1946797
23.29, 1915188
25.04, 1909934
25.39, 1906726
25.66, 1900827
25.80, 1896472
25.96, 1870074
26.14, 1866786
26.41, 1865236
26.78, 1858375
27.23, 1857680
27.66, 1850995
28.04, 1850252
28.61, 1845910
29.30, 1842412
29.98, 1830450
30.21, 1826766
30.42, 1822311
30.55, 1817792
30.83, 1817392
31.33, 1811674
31.77, 1811311
32.10, 1802805
32.29, 1799700
32.60, 1799623
33.25, 1787863
33.65, 1787468
34.12, 1781477
34.61, 1780302
34.99, 1772833
35.26, 1760803
35.51, 1724475
35.74, 1697897
36.25, 1687174
36.60, 1667799
37.43, 1663238
61.15, 1661651
61.51, 1657027
61.80, 1642502
62.06, 1641366
62.31, 1636847
62.62, 1634931
63.03, 1629381
63.39, 1618674
63.67, 1600009
64.14, 1594271
64.55, 1594270
65.06, 1582463
65.48, 1577357
65.84, 1576214
