0.03, 6789098
0.03, 6748861
0.03, 6668470
0.03, 6662931
0.03, 6603872
0.03, 6574214
0.04, 6562194
0.04, 6555677
0.04, 6546561
0.04, 6534482
0.04, 6534376
0.05, 6478987
0.05, 6428815
0.05, 6239714
0.05, 6231876
0.05, 5989630
0.05, 5927474
0.05, 5883359
0.05, 5878424
0.06, 5876068
0.06, 5849094
0.06, 5666727
0.06, 5654238
0.06, 5584269
0.06, 5064246
0.07, 5036705
0.07, 5035908
0.08, 5017501
0.08, 4981718
0.08, 4976216
0.08, 4953109
0.08, 4950251
0.08, 4935956
0.09, 4928740
0.09, 4902856
0.10, 4894195
0.10, 4871385
0.10, 4833935
0.10, 4807280
0.10, 4756564
0.10, 4696913
0.11, 4663920
0.11, 4646348
0.11, 4560468
0.11, 4400220
0.12, 4397354
0.12, 4351228
0.12, 4332319
0.12, 4317192
0.12, 4186532
0.12, 4127495
0.12, 4081235
0.12, 4075929
0.13, 4055790
0.13, 4055631
0.13, 3979926
0.13, 3978176
0.13, 3970743
0.14, 3959508
0.14, 3958422
0.14, 3957157
0.14, 3936141
0.14, 3914960
0.14, 3890592
0.15, 3857622
0.15, 3822471
0.15, 3787208
0.15, 3741118
0.16, 3714819
0.16, 3601498
0.16, 3583894
0.16, 3563229
0.16, 3547918
0.16, 3534934
0.17, 3511002
0.17, 3479752
0.18, 3479449
0.18, 3473847
0.18, 3465210
0.18, 3462066
0.19, 3458803
0.19, 3454877
0.19, 3425772
0.24, 3421145
0.24, 3362833
0.24, 3359466
0.25, 3357858
0.26, 3356261
0.26, 3354752
0.27, 3300516
0.28, 3234434
0.28, 3227315
0.29, 3226161
0.29, 3215042
0.30, 3192064
0.32, 3183939
0.34, 3183186
0.37, 3179942
0.45, 3178529
0.47, 3177288
0.47, 3155901
0.49, 3108302
0.51, 3106858
0.52, 3104890
0.52, 3104124
0.53, 3101573
0.54, 3099657
0.56, 3080324
0.57, 3078982
0.60, 3078839
0.64, 3077483
0.71, 3062889
0.71, 3062051
0.72, 3060378
0.78, 3057716
0.78, 3057350
0.79, 2981166
0.80, 2980990
0.82, 2912335
0.83, 2900899
0.84, 2897685
0.85, 2892677
0.87, 2883722
0.87, 2875261
0.89, 2864439
0.91, 2862569
0.93, 2856537
0.95, 2851113
0.98, 2850208
0.99, 2837605
1.02, 2822238
1.06, 2817862
1.06, 2817190
1.12, 2787981
1.13, 2787482
1.14, 2778640
1.19, 2776243
1.24, 2762819
1.25, 2762231
1.27, 2759292
1.28, 2759166
1.28, 2757759
1.31, 2740020
1.34, 2734810
1.35, 2731016
1.36, 2729601
1.40, 2721798
1.45, 2719271
1.46, 2708581
1.47, 2702132
1.47, 2685122
1.50, 2684185
1.51, 2677343
1.51, 2672556
1.57, 2664251
1.74, 2655038
1.77, 2653455
1.82, 2651458
1.82, 2643793
1.85, 2643066
1.91, 2640281
2.00, 2636544
2.03, 2635423
2.03, 2599896
2.06, 2596225
2.08, 2582470
2.12, 2581889
2.18, 2573531
2.20, 2573253
2.23, 2565740
2.24, 2565068
2.26, 2559962
2.27, 2558358
2.29, 2547460
2.31, 2527444
2.31, 2526671
2.34, 2525856
2.35, 2525562
2.35, 2520681
2.37, 2517942
2.40, 2516563
2.44, 2490511
2.48, 2487193
2.55, 2478424
2.55, 2476826
2.56, 2476481
2.58, 2474691
2.61, 2474053
2.66, 2471296
2.72, 2464581
2.72, 2464294
2.75, 2463701
3.04, 2463202
3.10, 2454158
3.21, 2444168
3.22, 2443911
3.26, 2443296
3.37, 2442845
3.41, 2437308
3.45, 2432417
3.46, 2429818
3.49, 2428795
3.74, 2419784
9.75, 2394989
9.84, 2372347
9.99, 2372232
10.08, 2370443
10.09, 2369955
10.10, 2367762
10.14, 2312686
10.21, 2304006
10.27, 2295482
10.30, 2295154
10.35, 2285814
10.44, 2282630
10.52, 2281101
10.67, 2278294
10.67, 2276796
10.69, 2274734
10.74, 2274446
10.77, 2272855
10.79, 2272546
10.83, 2271907
10.83, 2265759
10.88, 2264921
10.88, 2262696
16.73, 2248064
16.77, 2236753
16.82, 2236026
16.91, 2221669
16.91, 2221208
16.91, 2204112
17.06, 2202518
17.15, 2192185
53.07, 2184441
53.11, 2182739
53.12, 2179272
75.22, 2177654
