0.02, 7628516
0.02, 7550514
0.02, 7534779
0.02, 7514646
0.02, 7411785
0.02, 7360549
0.02, 7317280
0.02, 7212356
0.02, 7149271
0.02, 7122464
0.03, 7082358
0.03, 7072665
0.03, 7018339
0.03, 6921769
0.03, 6666209
0.03, 6664743
0.03, 6438792
0.03, 6430154
0.03, 6405494
0.03, 6382029
0.03, 6218139
0.03, 6202520
0.03, 6155050
0.04, 6152999
0.04, 6093350
0.04, 6059637
0.04, 6047505
0.04, 5967728
0.04, 5946227
0.04, 5906976
0.04, 5892567
0.04, 5862239
0.04, 5862207
0.04, 5756832
0.04, 5723241
0.04, 5656134
0.04, 5602887
0.05, 5584691
0.05, 5560707
0.05, 5524849
0.05, 5488064
0.05, 5209596
0.05, 5144794
0.05, 5107502
0.05, 5075199
0.05, 5045669
0.05, 4783660
0.05, 4704114
0.05, 4564814
0.06, 4516013
0.06, 4496447
0.06, 4451537
0.06, 4402555
0.06, 4401710
0.07, 4400596
0.07, 4377289
0.07, 4358086
0.07, 4356998
0.07, 4334603
0.07, 4293107
0.07, 4164264
0.07, 4138717
0.08, 4114259
0.08, 4111758
0.08, 4034326
0.08, 4019654
0.08, 4009491
0.08, 4009274
0.08, 3958167
0.09, 3954796
0.09, 3951251
0.12, 3931935
0.13, 3914929
0.14, 3888975
0.15, 3862027
0.16, 3852075
0.16, 3851716
0.18, 3848543
0.20, 3802291
0.20, 3737630
0.21, 3727231
0.21, 3702023
0.21, 3675772
0.21, 3607108
0.23, 3582401
0.24, 3552333
0.24, 3552265
0.24, 3476657
0.24, 3469313
0.25, 3467688
0.25, 3460513
0.25, 3459118
0.26, 3457409
0.26, 3456892
0.26, 3454911
0.27, 3422495
0.27, 3415156
0.28, 3406691
0.29, 3354984
0.29, 3351646
0.29, 3339136
0.29, 3328759
0.30, 3316910
0.30, 3314824
0.33, 3308582
0.34, 3279988
0.34, 3274988
0.35, 3263213
0.35, 3259351
0.36, 3231890
0.37, 3217711
0.38, 3208563
0.38, 3178681
0.38, 3162445
0.39, 3141245
0.40, 3113337
0.40, 3113310
0.41, 3109826
0.43, 3103078
0.43, 3092058
0.44, 3083789
0.45, 3077298
0.45, 3029100
0.46, 3028861
0.46, 3027818
0.47, 3020895
0.47, 3011467
0.47, 2982823
0.47, 2981878
0.47, 2981744
0.47, 2979311
0.47, 2962523
0.49, 2959693
0.49, 2952805
0.50, 2916330
0.50, 2914154
0.51, 2912288
0.52, 2909890
0.53, 2907762
0.53, 2902679
0.53, 2886754
0.54, 2874642
0.54, 2851691
0.55, 2844180
0.56, 2836454
0.56, 2829331
0.57, 2828371
0.58, 2809695
0.62, 2809489
0.65, 2799156
0.66, 2741845
0.70, 2728954
0.70, 2718718
0.71, 2715194
0.71, 2703213
0.72, 2697196
0.75, 2685877
0.77, 2685856
0.78, 2667198
0.78, 2658948
0.78, 2658493
0.80, 2655863
0.80, 2644540
0.81, 2635384
0.81, 2630831
0.82, 2627169
0.85, 2595610
0.85, 2584367
0.87, 2581953
0.89, 2581945
0.92, 2581812
0.93, 2555933
0.97, 2529385
0.99, 2514623
0.99, 2502082
0.99, 2501610
0.99, 2500724
1.01, 2500375
1.01, 2459997
1.03, 2459841
1.07, 2455507
1.11, 2452037
1.18, 2441936
1.20, 2411656
1.21, 2409715
1.21, 2408530
1.47, 2408399
1.53, 2406427
1.58, 2403834
1.59, 2394559
1.59, 2386388
1.61, 2385525
1.64, 2374993
1.66, 2367838
1.67, 2356208
1.68, 2350310
1.72, 2348455
1.73, 2347502
1.77, 2341585
1.78, 2334104
1.78, 2330061
1.80, 2247496
1.83, 2243685
1.85, 2240430
1.88, 2219918
1.88, 2200126
1.91, 2189471
1.93, 2182682
1.95, 2178319
1.95, 2178240
1.96, 2166776
1.97, 2166628
1.99, 2160399
2.01, 2148567
2.01, 2144788
2.02, 2144080
2.04, 2141171
2.08, 2133770
2.09, 2131799
2.11, 2131194
2.12, 2128168
2.13, 2105969
2.15, 2091776
2.16, 2087008
2.20, 2086985
2.21, 2086816
2.22, 2084083
2.22, 2073988
2.27, 2073215
2.28, 2069474
2.31, 2068483
2.32, 2065488
2.32, 2057625
