0.04, 7515759
0.04, 7436536
0.04, 7394884
0.04, 7167808
0.04, 7155947
0.04, 7150315
0.04, 7128180
0.05, 7118795
0.05, 7092639
0.05, 7079760
0.05, 7050008
0.05, 7041948
0.05, 6987559
0.05, 6933026
0.05, 6889831
0.05, 6867575
0.05, 6813008
0.06, 6809832
0.06, 6798686
0.06, 6781442
0.06, 6742344
0.06, 6735320
0.06, 6643284
0.07, 6612894
0.07, 6531720
0.08, 6483879
0.08, 6472457
0.08, 6459316
0.08, 6451448
0.08, 6294161
0.08, 6286917
0.08, 6282569
0.08, 6256291
0.08, 6239186
0.09, 6172179
0.09, 6149422
0.09, 6148787
0.10, 6095920
0.10, 6076621
0.10, 5984058
0.10, 5973791
0.10, 5950485
0.10, 5938520
0.11, 5917109
0.11, 5915988
0.11, 5907240
0.11, 5833844
0.12, 5821333
0.12, 5765125
0.13, 5700682
0.13, 5700397
0.13, 5567292
0.13, 5538697
0.14, 5473359
0.14, 5445155
0.14, 5444035
0.14, 5427784
0.14, 5400619
0.15, 5389967
0.15, 5354656
0.16, 5341673
0.18, 5336874
0.21, 5298043
0.29, 5286481
0.32, 5158171
0.35, 5158156
0.41, 5149182
0.42, 5114564
0.42, 5091934
0.42, 5091243
0.42, 5079278
0.44, 5075704
0.45, 5070905
0.46, 5052552
0.52, 5051689
0.60, 5050273
0.65, 5047548
0.74, 5026472
0.83, 4925109
1.04, 4924325
1.16, 4917200
1.17, 4912117
1.24, 4908645
1.30, 4908571
1.42, 4894923
1.51, 4892223
1.53, 4891316
1.56, 4888412
1.59, 4874003
1.62, 4857268
1.64, 4845795
1.67, 4782518
1.70, 4739949
1.71, 4731188
1.72, 4678192
1.74, 4677642
1.75, 4667970
1.76, 4638412
1.77, 4636316
1.79, 4607946
1.80, 4604670
1.81, 4485669
1.83, 4472640
1.84, 4469335
1.85, 4459114
1.87, 4444050
1.89, 4437135
1.89, 4433403
1.90, 4417735
2.00, 4417288
2.26, 4414455
2.55, 4406078
2.55, 4405171
2.67, 4375146
2.81, 4328649
2.94, 4306385
3.04, 4302046
3.26, 4295078
3.43, 4289000
3.60, 4277950
4.09, 4262383
4.27, 4245986
4.38, 4227963
4.49, 4208906
4.63, 4201488
4.74, 4181178
4.79, 4032970
4.83, 4032473
4.87, 4024312
4.87, 4017091
4.87, 4009503
4.87, 4005811
4.87, 3981033
4.89, 3903854
4.91, 3884664
4.94, 3876408
4.96, 3868687
4.99, 3861679
5.01, 3835823
5.03, 3732464
5.05, 3724451
5.08, 3691750
5.10, 3683294
5.13, 3672729
5.15, 3657593
5.17, 3618355
5.23, 3598295
5.32, 3596379
5.37, 3590172
5.41, 3583407
5.45, 3577881
5.52, 3576232
5.58, 3573053
5.62, 3564943
5.65, 3564648
5.70, 3558558
5.73, 3556979
5.77, 3505309
5.82, 3503594
5.85, 3462272
5.93, 3454439
6.16, 3445488
6.38, 3425807
6.50, 3420628
6.63, 3339697
6.78, 3337957
6.90, 3318346
7.04, 3309381
7.28, 3307369
7.53, 3306035
7.76, 3305948
7.91, 3288373
8.03, 3281776
8.23, 3278847
8.49, 3201772
8.67, 3201596
8.84, 3197606
9.01, 3172503
9.25, 3152176
9.57, 3144213
9.80, 3083625
9.94, 3083402
10.16, 3082084
10.52, 3082033
10.84, 3081931
11.15, 3064954
11.31, 3056276
11.61, 3052678
12.10, 3050523
12.30, 3047966
12.40, 3016296
12.45, 2963330
12.53, 2949575
12.59, 2926257
12.66, 2901230
12.71, 2887591
12.79, 2881215
12.85, 2865046
12.89, 2848033
13.01, 2846334
13.35, 2844769
13.67, 2840565
13.91, 2839870
14.13, 2833185
14.37, 2829297
14.77, 2798742
15.00, 2796738
15.21, 2793989
15.46, 2783676
15.73, 2782032
15.88, 2781472
16.01, 2761387
16.18, 2747333
16.43, 2725413
16.75, 2724966
16.99, 2712507
17.29, 2707579
17.69, 2700109
18.05, 2693568
18.26, 2690750
18.46, 2690621
18.75, 2672457
19.12, 2665964
19.58, 2662289
19.94, 2659366
20.16, 2646111
20.35, 2644009
20.58, 2597777
21.00, 2596944
21.25, 2582149
21.47, 2550965
21.68, 2531202
21.87, 2530744
22.12, 2516176
22.38, 2481334
22.62, 2382997
22.80, 2382198
22.85, 2380136
22.90, 2376511
22.99, 2370793
23.09, 2354942
23.26, 2354171
23.38, 2323273
23.50, 2275502
23.61, 2249347
23.70, 2204214
23.79, 2157373
23.92, 2151838
24.21, 2150885
24.34, 2120747
24.82, 2090066
25.01, 2079702
25.23, 2035358
25.39, 2016984
25.50, 2011052
25.61, 1935243
25.74, 1884991
25.85, 1861237
25.95, 1851307
26.06, 1828311
26.31, 1820511
26.41, 1805199
26.43, 1786563
26.76, 1781066
27.03, 1740266
27.36, 1738149
27.85, 1732467
28.09, 1731892
28.33, 1731890
28.52, 1722849
28.64, 1715377
28.77, 1693011
28.93, 1685856
29.16, 1676839
29.62, 1661513
30.13, 1630539
30.34, 1590094
