0.08, 7908798
0.08, 7906810
0.08, 7854819
0.08, 7758398
0.08, 7663804
0.08, 7598310
0.09, 7478216
0.09, 7393793
0.09, 7323387
0.10, 7321591
0.10, 7280893
0.10, 7276344
0.11, 7196398
0.11, 7159574
0.11, 7038133
0.12, 6824561
0.13, 6723957
0.14, 6666937
0.16, 6619515
0.16, 6594237
0.16, 6539355
0.16, 6537270
0.16, 6500035
0.16, 6417615
0.17, 6409175
0.17, 6399564
0.17, 6336668
0.17, 6319041
0.18, 6292148
0.18, 6239865
0.19, 6234419
0.20, 6166103
0.20, 6149747
0.21, 6146019
0.25, 5956291
0.28, 5916083
0.28, 5882855
0.48, 5823006
0.48, 5739186
0.49, 5514739
0.50, 5473103
0.51, 5388937
0.55, 5364942
0.87, 5242995
0.94, 5193283
1.06, 5093184
1.25, 5090659
1.34, 5079148
1.44, 4984631
1.50, 4983651
1.55, 4943933
1.60, 4940972
1.65, 4854575
1.69, 4831893
1.74, 4763134
1.78, 4746842
1.82, 4707112
1.85, 4704331
1.88, 4621019
1.92, 4586093
1.95, 4581212
1.98, 4578040
2.06, 4558246
2.09, 4531261
2.10, 4403030
2.13, 4331746
2.15, 4327483
2.17, 4309771
2.19, 4309473
2.21, 4145879
2.22, 4110886
2.24, 4080065
2.26, 4075544
2.29, 4055710
2.31, 4044336
2.32, 4014311
2.33, 3990366
2.34, 3986752
2.36, 3983757
2.37, 3946640
2.40, 3940197
2.41, 3938597
2.44, 3937734
2.46, 3931108
2.49, 3915195
2.52, 3851550
2.56, 3842013
2.63, 3836395
2.68, 3832972
2.73, 3828244
2.87, 3822479
3.06, 3812704
3.32, 3796252
3.50, 3772018
3.62, 3738688
3.76, 3728178
3.89, 3710474
4.07, 3607808
4.23, 3516481
4.38, 3506033
4.52, 3498275
4.74, 3481188
4.94, 3473957
5.14, 3456389
5.30, 3370268
5.47, 3339616
5.63, 3338846
5.79, 3298866
5.94, 3194988
6.04, 3189628
6.13, 3187885
6.24, 3187847
6.33, 3164663
6.42, 3162809
6.51, 3094372
6.71, 3092280
6.78, 3062245
6.91, 3059582
7.13, 3032368
7.22, 3016818
7.29, 3002690
7.42, 2993717
7.54, 2990799
7.65, 2989670
7.81, 2982512
7.99, 2967509
8.10, 2942079
8.20, 2939676
8.29, 2934741
8.39, 2924362
8.47, 2906353
8.55, 2901834
8.63, 2901612
8.69, 2900126
8.77, 2882235
8.84, 2879554
8.88, 2878731
8.92, 2878492
9.21, 2877074
9.49, 2837278
9.72, 2831002
10.01, 2821445
10.48, 2817496
10.66, 2801960
10.94, 2784584
11.06, 2783443
11.20, 2783083
11.35, 2766355
11.64, 2757156
11.87, 2756934
12.14, 2754966
12.39, 2712450
12.62, 2711466
12.78, 2699209
12.94, 2686055
13.12, 2682825
13.29, 2679794
13.46, 2643112
13.64, 2639006
13.80, 2633492
14.06, 2630866
14.48, 2628779
14.80, 2628140
15.05, 2620176
15.23, 2618415
15.43, 2612056
15.72, 2596463
15.85, 2579169
16.06, 2576456
16.21, 2562587
16.35, 2549758
16.47, 2547717
16.62, 2547431
16.83, 2546838
17.13, 2538581
17.42, 2507378
17.70, 2505684
18.00, 2496692
18.33, 2492412
18.52, 2491802
18.69, 2481693
18.90, 2480500
19.16, 2471308
19.67, 2428262
19.88, 2388607
20.37, 2387216
20.82, 2379848
21.28, 2370420
21.65, 2348775
21.87, 2339642
22.08, 2332781
22.23, 2332086
22.40, 2328688
22.53, 2321179
22.67, 2293942
23.04, 2280154
23.30, 2275893
23.52, 2224890
23.74, 2220668
24.09, 2219897
24.93, 2203764
25.17, 2202616
25.49, 2195931
25.66, 2161657
25.86, 2154164
26.42, 2147124
26.78, 2145368
27.08, 2144531
27.25, 2143788
27.48, 2141964
27.73, 2141569
27.96, 2132066
28.35, 2095187
28.72, 2093782
28.99, 2045524
29.50, 2035206
29.78, 1989939
30.05, 1941607
30.45, 1926733
30.75, 1839403
31.10, 1791675
31.30, 1781342
31.73, 1774187
32.13, 1764779
32.49, 1761689
32.81, 1757130
33.05, 1750503
33.28, 1749578
33.54, 1715840
33.93, 1715601
34.29, 1714458
34.73, 1704362
35.18, 1703817
35.33, 1703442
35.46, 1686867
68.55, 1634541
93.27, 1624954
93.57, 1619475
93.87, 1614820
94.35, 1611715
94.74, 1595700
95.05, 1590992
