0.03, 6755490
0.03, 6755442
0.03, 6637560
0.03, 6600500
0.03, 6571601
0.03, 6570535
0.04, 6483867
0.04, 6372207
0.04, 6362420
0.04, 6335371
0.04, 6277354
0.04, 6197582
0.04, 6174023
0.05, 5990766
0.05, 5910525
0.06, 5804617
0.06, 5803004
0.06, 5737700
0.06, 5728589
0.06, 5679869
0.06, 5510704
0.06, 5423559
0.06, 5403389
0.06, 5402733
0.06, 5354764
0.07, 5353657
0.07, 5312748
0.08, 5078812
0.09, 5024726
0.09, 4965325
0.09, 4914905
0.10, 4906721
0.11, 4753949
0.11, 4720308
0.12, 4685965
0.12, 4612784
0.13, 4605237
0.13, 4586817
0.13, 4562830
0.14, 4358387
0.14, 4229925
0.14, 4176759
0.14, 4154998
0.14, 4146023
0.15, 4141235
0.15, 4139766
0.16, 4031442
0.16, 3991753
0.16, 3975387
0.17, 3942938
0.17, 3936284
0.17, 3892547
0.17, 3874479
0.17, 3796687
0.17, 3774901
0.17, 3693236
0.17, 3692691
0.17, 3687402
0.18, 3599829
0.19, 3590808
0.19, 3538649
0.20, 3512440
0.20, 3499531
0.21, 3424697
0.21, 3401648
0.21, 3373379
0.21, 3363741
0.21, 3363031
0.21, 3292593
0.22, 3255739
0.22, 3246455
0.22, 3239701
0.23, 3214138
0.23, 3196456
0.24, 3194756
0.25, 3189687
0.25, 3169831
0.26, 3156316
0.26, 3149452
0.26, 3146008
0.26, 3144024
0.29, 3142850
0.30, 3142432
0.30, 3094294
0.31, 3094212
0.31, 3093872
0.32, 3074010
0.33, 3060357
0.33, 3060112
0.33, 3029348
0.34, 2987374
0.35, 2985543
0.35, 2974278
0.36, 2957474
0.37, 2954689
0.39, 2909687
0.39, 2901957
0.39, 2869777
0.40, 2858389
0.40, 2843534
0.41, 2838725
0.41, 2827941
0.41, 2821207
0.54, 2818673
0.63, 2798649
0.78, 2791144
0.78, 2784688
0.84, 2776455
0.89, 2764350
1.08, 2758449
1.12, 2705400
1.19, 2703638
1.20, 2700349
1.32, 2679859
2.84, 2675193
2.87, 2672474
2.87, 2668560
2.91, 2667731
2.96, 2667089
2.97, 2665219
2.97, 2655988
2.98, 2650296
3.03, 2642106
3.03, 2624006
3.04, 2623365
3.09, 2621897
3.10, 2615307
3.14, 2610857
3.15, 2603557
3.17, 2572454
3.22, 2572261
3.23, 2570346
3.27, 2569782
3.28, 2568440
3.35, 2564533
3.35, 2537841
3.40, 2535164
3.43, 2532275
3.44, 2532166
3.47, 2531592
3.51, 2513061
3.53, 2511646
3.55, 2492682
3.58, 2490250
3.58, 2489431
3.58, 2486107
3.62, 2471709
3.63, 2469828
3.68, 2468481
3.88, 2466237
3.97, 2464997
4.11, 2463662
4.13, 2462160
4.14, 2459477
4.16, 2439283
4.17, 2390570
4.20, 2381126
4.29, 2381080
4.31, 2379170
4.33, 2377033
4.53, 2375279
4.61, 2375227
27.19, 2370450
27.35, 2365699
27.51, 2363317
27.51, 2355554
27.56, 2354475
27.60, 2349500
27.61, 2348637
27.75, 2340270
27.80, 2339824
27.81, 2333956
27.89, 2323623
27.94, 2294952
28.02, 2294627
28.15, 2293662
38.13, 2293277
38.15, 2292562
38.15, 2290069
38.16, 2270265
38.17, 2268594
38.20, 2263415
38.20, 2262258
38.21, 2248506
38.27, 2242533
38.28, 2240541
38.30, 2230052
38.35, 2191342
38.36, 2172581
38.41, 2170130
38.44, 2161461
45.58, 2152223
45.61, 2133713
45.61, 2132634
45.67, 2132397
45.69, 2115890
99.43, 2045775
99.45, 1966852
99.46, 1945461
99.46, 1932157
99.50, 1930387
99.51, 1930306
99.53, 1929187
99.57, 1881849
99.58, 1871919
99.58, 1871022
99.65, 1860057
99.65, 1859748
