0.03, 7637799
0.03, 7397065
0.03, 7386828
0.03, 7344868
0.03, 7306523
0.03, 7281959
0.03, 7014559
0.03, 6964913
0.03, 6880812
0.03, 6876103
0.03, 6765672
0.03, 6762360
0.03, 6730251
0.03, 6649916
0.03, 6525488
0.03, 6193893
0.04, 6182781
0.04, 6177259
0.04, 6125403
0.04, 6007977
0.04, 6003362
0.04, 5993693
0.04, 5936676
0.04, 5925320
0.04, 5904361
0.04, 5884383
0.04, 5882767
0.04, 5670649
0.04, 5669229
0.05, 5649891
0.05, 5608090
0.05, 5604080
0.05, 5559296
0.06, 5558003
0.06, 5529462
0.06, 5468608
0.06, 5467433
0.06, 5433208
0.06, 5151046
0.06, 5061882
0.06, 5042540
0.06, 5036353
0.06, 5023654
0.07, 4982060
0.07, 4964865
0.07, 4931885
0.07, 4844351
0.08, 4823302
0.08, 4793143
0.08, 4766740
0.09, 4766396
0.10, 4695239
0.11, 4675466
0.11, 4573502
0.11, 4565164
0.11, 4523384
0.11, 4518818
0.12, 4489848
0.12, 4334935
0.12, 4261510
0.12, 4238262
0.12, 4215620
0.12, 4096332
0.13, 4082166
0.13, 4043911
0.14, 4038205
0.16, 4030749
0.16, 3986694
0.17, 3935658
0.19, 3920867
0.19, 3909499
0.19, 3909377
0.20, 3901164
0.20, 3890194
0.20, 3889903
0.21, 3889309
0.21, 3888158
0.21, 3868826
0.22, 3737786
0.22, 3732414
0.22, 3718661
0.24, 3705156
0.25, 3704709
0.25, 3632812
0.26, 3628376
0.26, 3621689
0.26, 3620416
0.27, 3618221
0.27, 3611162
0.28, 3604202
0.29, 3507638
0.29, 3495869
0.29, 3492948
0.30, 3467326
0.31, 3466566
0.31, 3455699
0.32, 3447657
0.32, 3439215
0.33, 3438550
0.35, 3438054
0.35, 3415690
0.36, 3404208
0.37, 3382593
0.37, 3359695
0.39, 3329289
0.41, 3329050
0.44, 3326865
0.47, 3321050
0.47, 3308517
0.48, 3304535
0.48, 3279499
0.49, 3278362
0.51, 3262093
0.51, 3261939
0.51, 3254541
0.51, 3240175
0.51, 3230140
0.52, 3223946
0.52, 3207877
0.52, 3161576
0.52, 3159986
0.53, 3144267
0.53, 3130733
0.53, 3109948
0.53, 3109439
0.55, 3091839
0.55, 2963681
0.55, 2959298
0.56, 2954822
0.56, 2935079
0.57, 2916879
0.57, 2913906
0.58, 2900005
0.59, 2882718
0.60, 2858266
0.60, 2857892
0.61, 2845705
0.63, 2845351
0.63, 2779762
0.67, 2776065
0.68, 2765843
0.68, 2758628
0.69, 2758277
0.69, 2756854
0.70, 2755808
0.73, 2749128
0.73, 2729971
0.74, 2728978
0.75, 2726885
0.75, 2721995
0.76, 2721744
0.78, 2719527
0.79, 2696347
0.80, 2683600
0.80, 2668959
0.85, 2666658
0.86, 2661922
0.88, 2652669
0.88, 2649866
0.89, 2632304
0.90, 2582193
0.91, 2581966
0.91, 2571889
0.91, 2548694
0.92, 2533389
0.92, 2502106
0.92, 2502031
0.97, 2495534
1.00, 2494934
1.00, 2494115
1.03, 2493504
1.04, 2485493
1.05, 2484998
1.07, 2479487
1.08, 2466402
1.09, 2460708
1.09, 2450922
1.10, 2450307
1.13, 2448910
1.15, 2445956
1.18, 2444584
1.18, 2441822
1.20, 2433972
1.22, 2431158
2.41, 2419296
2.42, 2414335
2.55, 2413423
2.62, 2407588
2.69, 2400218
2.79, 2386126
2.94, 2384032
3.11, 2363006
3.19, 2357550
3.31, 2337276
3.43, 2310746
3.48, 2308394
23.89, 2303712
23.95, 2303035
23.99, 2294840
24.00, 2276778
27.23, 2274653
27.30, 2261428
27.39, 2261270
27.41, 2257513
27.42, 2253622
27.45, 2251088
27.46, 2230854
27.47, 2227425
27.50, 2213043
27.58, 2177053
27.84, 2164179
27.96, 2153846
27.96, 2088879
28.04, 2087443
28.07, 2087312
28.08, 2082409
28.10, 2078621
28.22, 2059028
28.23, 2042334
28.25, 2040921
