0.07, 6875353
0.07, 6795568
0.07, 6793220
0.07, 6778970
0.08, 6729069
0.08, 6718656
0.08, 6717624
0.08, 6716676
0.09, 6656582
0.09, 6568297
0.09, 6492456
0.10, 6491432
0.10, 6432471
0.10, 6192478
0.10, 6002993
0.11, 5823871
0.11, 5784835
0.12, 5637085
0.12, 5595487
0.12, 5411486
0.13, 5370611
0.13, 5319698
0.13, 5247441
0.13, 5247171
0.13, 5230829
0.13, 5208128
0.14, 5191850
0.14, 5151256
0.15, 5082690
0.15, 5040031
0.15, 5025184
0.15, 5005489
0.15, 4993106
0.15, 4950150
0.16, 4946482
0.16, 4942230
0.17, 4932633
0.17, 4898615
0.18, 4762033
0.18, 4760438
0.18, 4649991
0.18, 4641893
0.19, 4628590
0.19, 4624792
0.20, 4453065
0.21, 4350865
0.21, 4340876
0.21, 4297708
0.21, 4284568
0.22, 4252250
0.22, 4245891
0.22, 4236379
0.22, 4233233
0.22, 4125916
0.23, 4041770
0.23, 4026016
0.25, 3974363
0.25, 3939213
0.25, 3911540
0.25, 3871597
0.25, 3843970
0.25, 3765616
0.25, 3713692
0.25, 3680792
0.26, 3642853
0.26, 3637026
0.27, 3595923
0.27, 3588013
0.27, 3557028
0.29, 3544206
0.29, 3520765
0.30, 3480858
0.30, 3446167
0.31, 3409298
0.32, 3364267
0.37, 3329458
0.50, 3301536
0.64, 3300607
0.74, 3297979
0.83, 3246007
0.91, 3228394
0.98, 3214756
1.09, 3195503
1.17, 3173176
1.25, 3168724
1.35, 3133712
1.43, 3133442
1.53, 3121268
1.64, 3112338
1.69, 3107438
1.77, 3028406
1.77, 3008943
1.78, 2981751
1.80, 2945950
1.81, 2938714
1.83, 2935719
1.85, 2910542
1.87, 2903933
1.91, 2897490
1.92, 2895890
1.94, 2895027
1.99, 2893651
2.03, 2837711
2.11, 2811333
2.17, 2788231
2.19, 2776899
2.23, 2766269
2.30, 2756586
2.35, 2748790
2.40, 2746827
2.47, 2745209
2.53, 2743185
2.63, 2717596
2.70, 2715092
2.75, 2658599
2.81, 2643539
2.86, 2638323
2.90, 2629381
2.94, 2625547
2.97, 2622554
3.02, 2618774
3.05, 2616549
3.10, 2576221
3.22, 2573471
3.32, 2572460
3.42, 2547385
3.48, 2545534
3.54, 2536002
3.59, 2524154
3.63, 2520903
3.65, 2518423
3.67, 2508468
3.69, 2496390
3.73, 2493987
3.77, 2477323
3.98, 2473436
4.21, 2468761
4.41, 2456824
4.63, 2451998
4.86, 2449657
5.35, 2428354
6.17, 2399954
6.50, 2398858
6.68, 2384900
6.86, 2373093
6.99, 2360175
7.18, 2358049
7.42, 2352619
7.71, 2325369
7.87, 2322627
8.06, 2316844
8.30, 2300965
8.51, 2288213
8.79, 2281353
9.02, 2278342
9.75, 2275932
10.23, 2271483
10.64, 2271008
10.89, 2268495
11.20, 2252627
11.85, 2237872
12.34, 2214364
12.61, 2208800
12.99, 2206999
13.07, 2189019
13.14, 2188409
13.25, 2185368
13.36, 2167990
13.45, 2143417
13.67, 2123592
13.77, 2117317
13.90, 2032113
14.12, 1948442
14.28, 1945957
14.45, 1944005
14.76, 1915067
14.98, 1901221
15.06, 1900262
15.14, 1899567
16.22, 1892882
16.78, 1885842
17.11, 1877615
17.68, 1861764
17.92, 1859975
18.14, 1853546
18.51, 1803957
18.82, 1795896
19.22, 1779310
19.90, 1776010
20.35, 1757087
20.74, 1716951
21.01, 1716561
21.49, 1677192
41.82, 1669880
42.59, 1664815
42.84, 1661823
43.00, 1656115
43.13, 1655473
43.36, 1649972
43.56, 1647425
43.72, 1646446
43.99, 1643126
64.94, 1632490
65.21, 1629719
65.66, 1624613
