0.03, 6993607
0.03, 6914024
0.03, 6810681
0.03, 6787596
0.03, 6725959
0.03, 6685275
0.04, 6660156
0.04, 6646687
0.04, 6645078
0.04, 6617618
0.04, 6590705
0.05, 6577900
0.05, 6574863
0.05, 6532406
0.07, 6481497
0.07, 6465828
0.07, 6437203
0.08, 6411788
0.08, 6408281
0.08, 6330531
0.08, 6302801
0.08, 6266057
0.08, 6248486
0.09, 6158500
0.09, 6130145
0.09, 5941822
0.09, 5938358
0.10, 5861446
0.10, 5766586
0.10, 5765357
0.10, 5718739
0.10, 5619182
0.10, 5588726
0.10, 5573237
0.11, 5548527
0.11, 5537175
0.11, 5452645
0.12, 5444452
0.12, 5441160
0.12, 5376926
0.12, 5360670
0.12, 5360319
0.12, 5355561
0.12, 5354290
0.12, 5352684
0.12, 5330756
0.14, 5323305
0.14, 5294656
0.14, 5278469
0.14, 5258944
0.15, 5257245
0.16, 5235310
0.16, 5227532
0.17, 5224939
0.17, 5224369
0.17, 5180911
0.17, 5158327
0.17, 5078942
0.17, 5068097
0.18, 5058027
0.19, 5044019
0.19, 5042470
0.19, 5041222
0.20, 5027716
0.20, 5015328
0.20, 5006560
0.20, 5001573
0.20, 4995482
0.20, 4977246
0.20, 4971879
0.23, 4962282
0.24, 4960022
0.25, 4677462
0.27, 4655095
0.30, 4536851
0.34, 4437890
0.36, 4423998
0.39, 4416569
0.41, 4363417
0.45, 4362169
0.49, 4342752
0.49, 4336542
0.49, 4333437
0.52, 4328337
0.52, 4322619
0.53, 4314845
0.55, 4311205
0.56, 4293540
0.59, 4287800
0.62, 4287768
0.65, 4258041
0.68, 4251854
0.73, 4232212
0.75, 4128164
0.78, 4115249
0.79, 4115056
0.81, 4104249
0.88, 4060074
0.93, 4053141
0.95, 4051326
0.99, 4046779
1.00, 4039366
1.02, 4035679
1.03, 4034438
1.05, 4022576
1.05, 4022251
1.06, 4003115
1.08, 3995713
1.11, 3984390
1.15, 3981830
1.21, 3917748
1.29, 3902045
1.35, 3783651
1.40, 3774553
1.46, 3763206
1.55, 3755433
1.65, 3749045
1.69, 3748926
1.72, 3748698
1.75, 3747879
1.81, 3653228
1.91, 3648451
1.99, 3647876
2.14, 3643520
2.24, 3642034
2.36, 3601898
2.45, 3576264
2.56, 3559400
2.62, 3529299
2.72, 3525500
2.80, 3518941
2.89, 3508339
2.97, 3194181
2.97, 3187125
2.97, 3185008
2.98, 3180728
2.98, 3140293
2.98, 3131191
3.00, 3083873
3.03, 3056777
3.06, 2998442
3.11, 2989133
3.13, 2963382
3.18, 2945226
3.20, 2900325
3.22, 2876836
3.25, 2874336
3.29, 2866694
3.32, 2857151
3.36, 2799686
3.36, 2799359
3.36, 2789921
3.36, 2770844
3.37, 2759432
3.37, 2736952
3.40, 2714447
3.44, 2694481
3.49, 2693009
3.51, 2691001
3.56, 2654148
3.60, 2642801
3.80, 2548530
3.99, 2436848
4.17, 2426288
4.36, 2405278
4.51, 2353962
4.66, 2315252
4.85, 2264726
5.00, 2201086
5.13, 2187799
5.32, 2182082
5.47, 2165705
5.69, 2102709
5.98, 2090686
6.20, 2077074
6.44, 2072169
6.60, 2052614
6.78, 2052422
6.96, 2047992
7.17, 2034830
7.35, 2019257
7.53, 2002890
7.75, 1993350
8.00, 1971737
8.38, 1906229
8.72, 1903251
8.93, 1896546
9.21, 1891450
9.47, 1881519
9.72, 1850884
10.00, 1838944
10.32, 1828630
10.54, 1827672
10.75, 1819705
10.97, 1814087
11.21, 1810887
11.42, 1803141
11.67, 1800247
12.02, 1795717
12.33, 1786738
12.53, 1772504
12.76, 1772433
12.98, 1759520
13.22, 1744556
13.49, 1741463
13.80, 1739721
14.17, 1733741
14.50, 1725171
14.82, 1718871
15.06, 1701048
15.31, 1693246
15.57, 1689355
16.14, 1686466
16.53, 1677620
16.87, 1667569
17.18, 1650003
46.90, 1629366
47.24, 1625215
47.54, 1624934
47.96, 1615140
48.39, 1614964
48.88, 1610102
49.30, 1604923
