0.04, 7124353
0.04, 6705476
0.04, 6624260
0.04, 6576665
0.05, 6435900
0.05, 6417874
0.05, 6397403
0.05, 5970013
0.06, 5774868
0.06, 5598076
0.06, 5598001
0.07, 5547344
0.07, 5546391
0.07, 5481995
0.08, 5428264
0.08, 5359917
0.08, 5358570
0.08, 5234177
0.08, 5180024
0.08, 5118206
0.09, 5030166
0.09, 4983268
0.09, 4913420
0.09, 4901756
0.11, 4898690
0.11, 4677593
0.11, 4522247
0.11, 4512764
0.11, 4476842
0.12, 4451595
0.12, 4447010
0.12, 4427560
0.12, 4391628
0.12, 4340955
0.13, 4321537
0.13, 4275358
0.13, 4247278
0.13, 4187398
0.13, 4174362
0.13, 4167594
0.14, 4075970
0.15, 4069329
0.15, 4043415
0.15, 4015032
0.16, 3994661
0.16, 3982874
0.16, 3954991
0.16, 3927207
0.17, 3920445
0.17, 3887711
0.17, 3872956
0.17, 3871860
0.17, 3830068
0.17, 3827646
0.18, 3764992
0.18, 3752938
0.18, 3719096
0.18, 3662997
0.19, 3662787
0.19, 3647210
0.20, 3637140
0.21, 3635827
0.21, 3633750
0.22, 3609072
0.22, 3583513
0.22, 3576918
0.22, 3573104
0.23, 3548146
0.25, 3537736
0.27, 3456573
0.29, 3428544
0.31, 3425720
0.32, 3417122
0.32, 3401780
0.32, 3399454
0.33, 3379680
0.36, 3375837
0.37, 3359721
0.37, 3354105
0.38, 3342828
0.40, 3341433
0.40, 3334450
0.40, 3287683
0.42, 3277372
0.43, 3271357
0.43, 3261654
0.43, 3176550
0.43, 3172135
0.44, 3158804
0.45, 3110886
0.47, 3101904
0.49, 3082965
0.50, 3077715
0.50, 3072274
0.51, 3068358
0.51, 3067683
0.52, 3067479
0.52, 3053509
0.53, 3050290
0.53, 3047671
0.59, 3027473
0.65, 2998098
0.85, 2984744
0.87, 2980779
1.01, 2961049
1.06, 2959994
1.06, 2942030
1.09, 2935607
1.09, 2905229
1.15, 2904965
1.19, 2903728
1.21, 2884683
1.23, 2877445
1.23, 2875064
1.28, 2871423
1.29, 2865740
1.31, 2856491
1.32, 2851733
1.33, 2831439
1.39, 2827110
1.39, 2823576
1.40, 2820361
1.52, 2784437
1.54, 2767259
1.55, 2761385
1.56, 2752110
1.67, 2751247
3.57, 2744940
3.59, 2662653
3.63, 2662192
3.66, 2661094
3.73, 2656842
3.77, 2656711
3.82, 2656496
3.82, 2643644
3.93, 2635333
3.97, 2631136
4.00, 2628064
4.03, 2621725
4.06, 2621428
4.08, 2613419
4.11, 2610817
4.14, 2608143
4.18, 2595288
4.23, 2587126
4.24, 2586754
4.25, 2578645
4.25, 2577236
4.26, 2575116
4.34, 2571349
4.40, 2568124
4.59, 2562574
4.64, 2560571
4.71, 2558221
4.71, 2556749
4.76, 2555929
4.76, 2554657
4.76, 2537488
4.79, 2536883
4.80, 2510559
4.88, 2509438
4.89, 2507874
5.10, 2478665
5.20, 2476789
5.28, 2475688
6.49, 2461451
6.52, 2437902
6.59, 2426199
6.63, 2425381
6.65, 2422451
6.71, 2420562
6.75, 2419307
6.78, 2351645
6.83, 2349033
6.85, 2328809
6.91, 2321607
6.91, 2317291
6.93, 2316396
6.94, 2306063
6.96, 2305151
7.00, 2302751
7.02, 2297014
7.27, 2291838
7.38, 2290010
7.50, 2287607
7.53, 2282027
7.55, 2281843
17.43, 2279221
17.48, 2245847
17.63, 2232763
17.69, 2232254
17.77, 2222369
17.79, 2207882
17.84, 2192370
17.85, 2190125
17.92, 2188297
17.93, 2180827
17.94, 2158349
17.98, 2158207
18.03, 2154930
18.08, 2153172
