0.03, 6934457
0.03, 6881157
0.03, 6777248
0.03, 6766347
0.03, 6567802
0.03, 6393210
0.03, 6347782
0.03, 6344007
0.03, 6343020
0.03, 6309569
0.03, 6222716
0.03, 6059613
0.03, 6047204
0.03, 5931288
0.03, 5831991
0.03, 5536691
0.04, 5485322
0.04, 5475106
0.04, 5455337
0.04, 5436775
0.05, 5389092
0.05, 5289398
0.05, 5284534
0.06, 5261811
0.06, 5240266
0.06, 5219906
0.06, 5214275
0.06, 5179932
0.06, 5148836
0.06, 5147008
0.07, 5125282
0.07, 5123438
0.07, 4956275
0.08, 4905295
0.08, 4882882
0.08, 4856485
0.08, 4835305
0.08, 4691965
0.08, 4673228
0.08, 4665514
0.09, 4660315
0.09, 4653005
0.10, 4635008
0.10, 4460816
0.10, 4267950
0.10, 4219461
0.10, 4182303
0.11, 4168576
0.11, 4163246
0.11, 4109900
0.11, 4095991
0.12, 4041908
0.13, 3997178
0.14, 3962595
0.14, 3929637
0.14, 3883873
0.14, 3883850
0.15, 3880233
0.17, 3872794
0.17, 3870238
0.17, 3855175
0.17, 3854905
0.19, 3833623
0.21, 3815949
0.22, 3804392
0.22, 3800692
0.23, 3792338
0.23, 3732027
0.24, 3721446
0.24, 3712878
0.24, 3705575
0.25, 3598612
0.26, 3591674
0.26, 3591232
0.26, 3456321
0.26, 3431578
0.26, 3428724
0.28, 3416597
0.28, 3399803
0.29, 3392001
0.29, 3381613
0.29, 3372568
0.29, 3329995
0.30, 3308360
0.34, 3305241
0.36, 3297333
0.41, 3294395
0.44, 3285809
0.44, 3285095
0.48, 3261587
0.51, 3192754
0.53, 3065737
0.55, 3064221
0.56, 3013353
0.56, 2970574
0.57, 2945209
0.57, 2939196
0.58, 2925597
0.61, 2904214
0.63, 2821389
0.64, 2808730
0.64, 2796817
0.67, 2790729
0.67, 2786359
0.69, 2679131
0.71, 2662576
0.73, 2662529
0.74, 2660604
0.74, 2655594
0.75, 2650923
0.75, 2635257
0.79, 2628425
0.81, 2628306
0.81, 2628116
0.82, 2618507
0.84, 2616621
0.84, 2604877
0.85, 2601675
0.87, 2591438
0.89, 2586379
0.89, 2584363
0.93, 2582902
0.96, 2573594
0.97, 2570462
0.99, 2568310
1.03, 2565620
1.04, 2564806
1.04, 2553562
1.07, 2549267
1.08, 2526185
1.10, 2524652
1.11, 2518488
1.12, 2515754
1.14, 2513131
1.14, 2498857
1.18, 2496186
1.21, 2488315
1.21, 2488170
1.23, 2480728
1.25, 2470292
1.30, 2467245
1.31, 2458194
1.32, 2451697
1.36, 2447707
1.40, 2436416
1.41, 2413957
1.43, 2406802
1.43, 2405189
1.43, 2371419
1.49, 2369148
1.50, 2368285
1.53, 2367827
1.54, 2363311
1.55, 2361750
1.61, 2351481
1.67, 2332069
30.25, 2321258
30.26, 2320863
30.30, 2319102
30.38, 2318190
30.56, 2313940
30.56, 2309599
30.61, 2309157
30.67, 2298011
30.67, 2265718
30.68, 2263771
30.70, 2257705
30.75, 2256110
30.89, 2250985
30.91, 2245448
30.98, 2245034
31.04, 2235149
31.06, 2232031
43.04, 2228075
43.08, 2227490
43.09, 2224766
43.21, 2218751
43.22, 2212678
43.28, 2201569
43.37, 2194165
43.40, 2193865
82.96, 2190995
82.97, 2189208
82.98, 2187727
82.98, 2186671
82.98, 2183885
83.01, 2181983
83.01, 2177038
83.04, 2170659
83.08, 2161837
