0.06, 6478922
0.06, 6478618
0.06, 6476938
0.06, 6358437
0.06, 6336212
0.07, 6221526
0.08, 6184003
0.08, 6120980
0.08, 6102188
0.08, 6095742
0.08, 6044518
0.09, 6004705
0.09, 5936247
0.09, 5911780
0.09, 5899260
0.09, 5849101
0.09, 5822671
0.09, 5787578
0.10, 5749106
0.10, 5722807
0.10, 5681359
0.10, 5677920
0.10, 5529779
0.10, 5400446
0.10, 5386332
0.10, 5380351
0.11, 5365660
0.14, 5326549
0.17, 5319778
0.20, 5317432
0.22, 5311654
0.27, 5292233
0.34, 5209154
0.37, 5176374
0.38, 5172800
0.40, 4954605
0.43, 4931027
0.43, 4914520
0.44, 4909931
0.44, 4908196
0.46, 4877464
0.47, 4840330
0.48, 4762320
0.48, 4755333
0.49, 4690125
0.50, 4674707
0.51, 4632804
0.52, 4518597
0.53, 4518554
0.54, 4509907
0.55, 4437000
0.56, 4411988
0.57, 4399703
0.58, 4366381
0.58, 4326308
0.60, 4297920
0.61, 4012030
0.62, 4006280
0.63, 4004599
0.63, 3945600
0.64, 3872799
0.66, 3848886
0.68, 3773487
0.71, 3733504
0.74, 3637533
0.76, 3583102
0.80, 3580891
0.84, 3561330
0.95, 3555519
0.98, 3554735
1.00, 3536093
1.08, 3523004
1.17, 3522918
1.23, 3468900
1.32, 3459507
1.40, 3437726
1.50, 3409614
1.58, 3380062
1.75, 3348125
1.94, 3338922
2.06, 3324655
2.15, 3317221
2.24, 3317141
2.32, 3310348
2.38, 3269566
2.44, 3260878
2.56, 3257365
2.79, 3100168
3.08, 3082540
3.19, 3071998
3.31, 3009072
3.42, 2998507
3.52, 2997331
3.67, 2985360
3.89, 2967155
4.12, 2962413
4.29, 2955270
4.49, 2948360
4.62, 2926944
4.76, 2926352
4.88, 2881265
4.97, 2870823
5.09, 2867861
5.16, 2863971
5.26, 2854571
5.43, 2854569
5.56, 2851303
5.76, 2841208
5.96, 2838805
6.20, 2837463
6.39, 2835468
6.57, 2832714
6.81, 2827224
7.18, 2815192
7.40, 2802259
7.55, 2793411
7.84, 2771750
8.07, 2727988
8.37, 2704274
8.62, 2670498
8.88, 2666425
9.06, 2613550
9.39, 2599148
9.58, 2583617
9.84, 2568311
10.01, 2544932
10.20, 2503114
10.34, 2501321
10.57, 2492803
10.83, 2490946
11.00, 2490307
11.20, 2488291
11.40, 2483077
11.62, 2480861
12.03, 2473593
12.34, 2469307
12.51, 2468668
12.70, 2464412
12.96, 2462651
13.22, 2448279
13.42, 2443330
14.03, 2424138
14.52, 2422954
14.97, 2416225
15.30, 2412021
15.67, 2410045
15.90, 2410017
16.06, 2406377
16.18, 2401202
16.29, 2396753
16.39, 2394328
16.65, 2393720
16.94, 2393627
17.16, 2391114
17.43, 2390893
17.77, 2387721
18.06, 2387211
18.39, 2350207
19.07, 2325979
19.47, 2316591
19.65, 2310898
19.94, 2295842
20.20, 2292816
20.42, 2292736
20.63, 2292364
20.90, 2288437
21.13, 2285057
21.45, 2283809
21.85, 2279781
22.24, 2271685
22.54, 2268556
22.70, 2264334
22.92, 2219079
23.12, 2214568
23.39, 2214110
23.73, 2211409
24.05, 2204724
24.40, 2090083
24.96, 2051864
25.18, 2038022
25.41, 2032850
25.74, 1996735
26.22, 1995946
26.46, 1992700
26.67, 1973626
26.95, 1972394
27.31, 1957415
27.64, 1912445
28.05, 1860555
28.48, 1857727
28.86, 1823759
29.22, 1814713
29.75, 1791997
30.14, 1789944
30.44, 1751261
30.75, 1747848
31.06, 1746030
31.33, 1738445
31.64, 1663254
32.19, 1641969
32.54, 1638682
32.83, 1629439
33.17, 1628264
82.35, 1620362
