0.03, 7918468
0.03, 7725878
0.03, 7647186
0.03, 7613463
0.03, 7582927
0.03, 7545980
0.03, 7476003
0.03, 7376871
0.03, 7366681
0.03, 7339150
0.03, 7251289
0.03, 6958206
0.04, 6951626
0.04, 6860155
0.04, 6830945
0.04, 6717357
0.04, 6668740
0.04, 6611511
0.04, 6581154
0.04, 6565318
0.04, 6564051
0.04, 6561466
0.05, 6524438
0.05, 6483053
0.05, 6477837
0.05, 6397165
0.06, 6322610
0.06, 6293275
0.06, 6288539
0.06, 6245142
0.06, 6226567
0.06, 6150266
0.06, 6072787
0.06, 6046667
0.07, 6017885
0.07, 6016269
0.07, 5982488
0.08, 5943866
0.08, 5883365
0.08, 5699143
0.09, 5696302
0.09, 5631235
0.09, 5619033
0.09, 5501945
0.10, 5485279
0.10, 5291868
0.10, 5249336
0.10, 5246704
0.10, 5209336
0.10, 5181168
0.10, 5075835
0.10, 5041854
0.11, 5035552
0.11, 5031191
0.11, 5028717
0.11, 5019272
0.12, 4985534
0.12, 4900818
0.13, 4674487
0.13, 4647196
0.13, 4615226
0.14, 4606531
0.14, 4576193
0.14, 4549944
0.14, 4548561
0.15, 4520242
0.15, 4505856
0.15, 4496687
0.15, 4449546
0.16, 4367987
0.16, 4367034
0.16, 4339916
0.16, 4327174
0.16, 4244626
0.16, 4159864
0.16, 4132388
0.16, 4129820
0.16, 4120948
0.17, 4100873
0.17, 4057506
0.18, 4052434
0.18, 3985212
0.18, 3951794
0.18, 3934781
0.18, 3916812
0.19, 3898798
0.19, 3886337
0.19, 3826917
0.19, 3786446
0.19, 3755752
0.19, 3733336
0.20, 3732423
0.20, 3719794
0.21, 3715615
0.22, 3662117
0.22, 3645119
0.23, 3554331
0.24, 3519288
0.25, 3512871
0.25, 3510662
0.25, 3494304
0.25, 3468128
0.26, 3442519
0.26, 3440978
0.26, 3438843
0.27, 3417912
0.27, 3409039
0.27, 3401486
0.27, 3397811
0.27, 3392703
0.28, 3339561
0.28, 3284277
0.28, 3275842
0.29, 3251044
0.29, 3237382
0.31, 3227893
0.32, 3226814
0.33, 3218153
0.33, 3187514
0.33, 3151053
0.34, 3128127
0.34, 3125735
0.35, 3121242
0.36, 3106121
0.36, 3102940
0.37, 3100624
0.39, 3099890
0.39, 3097572
0.41, 3084785
0.43, 2990996
0.43, 2977788
0.44, 2974657
0.44, 2939815
0.46, 2935233
0.46, 2919998
0.47, 2902408
0.47, 2823850
0.47, 2807853
0.49, 2806856
0.49, 2796074
0.52, 2795298
0.52, 2789579
0.53, 2764890
0.56, 2755733
0.56, 2742098
0.56, 2734022
0.56, 2725752
0.59, 2723982
0.60, 2712570
0.60, 2668684
0.61, 2666320
0.62, 2665563
0.63, 2644532
0.65, 2644390
0.66, 2611301
0.68, 2605680
0.69, 2585473
0.70, 2568792
0.70, 2525378
0.75, 2522440
0.77, 2516961
0.79, 2514284
0.81, 2510013
0.85, 2505966
0.86, 2502134
1.14, 2449980
1.14, 2441451
1.19, 2438627
1.22, 2434222
1.24, 2423099
1.24, 2409478
1.34, 2409056
1.43, 2397807
1.46, 2389814
1.46, 2339445
1.47, 2333241
1.51, 2307714
1.63, 2304348
1.77, 2299802
11.72, 2298856
11.72, 2274792
11.73, 2274172
11.76, 2272612
11.77, 2271189
11.86, 2270367
12.18, 2265807
12.21, 2255175
12.26, 2230949
12.26, 2221312
12.28, 2218087
12.30, 2215169
12.34, 2197484
12.36, 2195796
12.43, 2186006
12.67, 2180042
12.84, 2179889
93.19, 2179162
93.28, 2173788
93.32, 2167812
93.36, 2166471
93.38, 2152326
93.54, 2151461
93.54, 2147056
93.55, 2146675
93.56, 2142390
98.46, 2140493
98.48, 2138756
98.48, 2132853
