0.01, 6984982
0.01, 6980708
0.01, 6751952
0.01, 6748714
0.01, 6719282
0.01, 6711182
0.01, 6705361
0.01, 6661108
0.01, 6617720
0.01, 6559044
0.01, 6394429
0.01, 6393695
0.01, 6138097
0.01, 6128158
0.01, 6098657
0.01, 5998754
0.01, 5919311
0.01, 5818975
0.01, 5770266
0.01, 5678434
0.01, 5645421
0.01, 5602504
0.01, 5598114
0.01, 5595058
0.01, 5593289
0.01, 5588646
0.01, 5560091
0.01, 5506621
0.01, 5396203
0.01, 5301649
0.02, 5032883
0.02, 5031875
0.02, 5014826
0.02, 4952210
0.02, 4913849
0.02, 4872209
0.02, 4729397
0.02, 4728965
0.02, 4723794
0.02, 4640657
0.02, 4632520
0.02, 4631511
0.02, 4606649
0.02, 4586460
0.02, 4570982
0.02, 4564958
0.02, 4555903
0.02, 4525020
0.02, 4482184
0.02, 4430304
0.02, 4428990
0.02, 4379599
0.02, 4377507
0.02, 4374062
0.03, 4361820
0.03, 4349948
0.03, 4334120
0.03, 4330960
0.03, 4319685
0.03, 4293910
0.03, 4229353
0.03, 4216819
0.03, 4183043
0.03, 4141335
0.03, 4130914
0.03, 4112671
0.03, 4082307
0.03, 4072905
0.03, 4071725
0.03, 4052471
0.03, 4044010
0.03, 4004386
0.04, 3965803
0.04, 3937200
0.04, 3934445
0.04, 3932948
0.04, 3924607
0.04, 3914789
0.04, 3907208
0.04, 3889945
0.04, 3825264
0.04, 3813524
0.05, 3716573
0.05, 3709551
0.05, 3688449
0.05, 3679959
0.05, 3633250
0.05, 3632534
0.05, 3628599
0.05, 3627142
0.06, 3611873
0.06, 3598252
0.06, 3595650
0.06, 3582216
0.07, 3540904
0.07, 3539344
0.08, 3538212
0.09, 3477318
0.09, 3475230
0.09, 3397062
0.10, 3342519
0.10, 3304853
0.11, 3301103
0.11, 3290747
0.12, 3253574
0.12, 3198544
0.12, 3196070
0.12, 3194024
0.13, 3166732
0.15, 3158843
0.15, 3144152
0.15, 3142417
0.18, 3137686
0.19, 3133261
0.20, 3132546
0.21, 3095664
0.21, 3066965
0.22, 3059206
0.22, 3050288
0.23, 3029694
0.23, 2979520
0.25, 2977006
0.27, 2938296
0.29, 2935983
0.29, 2928973
0.29, 2926188
0.31, 2898366
0.31, 2882454
0.31, 2842801
0.32, 2840223
0.32, 2834479
0.34, 2832994
0.34, 2832715
0.35, 2832663
0.35, 2817814
0.37, 2812531
0.37, 2809266
0.37, 2807860
0.37, 2807050
0.39, 2803514
0.40, 2799551
0.40, 2797159
0.40, 2767434
0.40, 2752115
0.44, 2719819
0.46, 2716334
0.47, 2713746
0.49, 2710723
0.49, 2709879
0.49, 2707052
0.52, 2666873
0.52, 2662112
0.52, 2660582
0.53, 2657808
0.53, 2652702
0.55, 2649832
0.55, 2647924
0.55, 2635252
0.56, 2634844
0.56, 2630438
0.56, 2621163
0.57, 2578118
1.25, 2572826
1.30, 2563710
1.31, 2560274
1.31, 2550969
1.32, 2550754
1.32, 2537218
1.33, 2493317
1.34, 2488369
1.41, 2469791
1.44, 2452495
1.44, 2447035
1.47, 2424526
1.48, 2417013
1.49, 2406680
1.54, 2339473
1.54, 2324711
1.57, 2321237
1.59, 2316487
1.60, 2314420
4.80, 2292241
4.95, 2281908
5.09, 2280891
14.48, 2263682
14.55, 2253173
