0.06, 6889480
0.06, 6888270
0.06, 6887373
0.06, 6886782
0.06, 6885231
0.06, 6846689
0.06, 6831366
0.06, 6830429
0.06, 6769713
0.06, 6764300
0.06, 6762396
0.06, 6670884
0.06, 6668635
0.06, 6501218
0.07, 6498662
0.07, 6496842
0.07, 6476013
0.07, 6457965
0.07, 6442879
0.07, 6359840
0.07, 6341303
0.07, 6200504
0.07, 6198761
0.08, 6198607
0.08, 6130226
0.08, 6076547
0.08, 6068330
0.08, 6016033
0.09, 5965276
0.09, 5962419
0.09, 5961666
0.09, 5942423
0.09, 5885436
0.09, 5881358
0.10, 5871315
0.10, 5841090
0.10, 5839580
0.11, 5837573
0.11, 5827994
0.11, 5817129
0.11, 5774430
0.11, 5727705
0.11, 5675318
0.12, 5667555
0.12, 5666695
0.12, 5642690
0.12, 5641903
0.12, 5560262
0.12, 5530933
0.13, 5485659
0.14, 5481998
0.15, 5457572
0.16, 5440305
0.17, 5410204
0.18, 5373257
0.20, 5325759
0.22, 5297652
0.24, 5248063
0.25, 5229140
0.29, 5189004
0.34, 5188614
0.39, 5176865
0.45, 5153882
0.53, 5124673
0.61, 5107019
0.61, 5106426
0.63, 4974721
0.65, 4957695
0.66, 4956334
0.67, 4946207
0.69, 4934825
0.70, 4907306
0.71, 4888278
0.72, 4878893
0.73, 4757625
0.75, 4748847
0.76, 4743220
0.77, 4736059
0.78, 4728079
0.79, 4712084
0.80, 4711439
0.81, 4694818
0.81, 4671767
0.82, 4654958
0.83, 4626665
0.85, 4619361
0.86, 4618464
0.89, 4616434
0.90, 4599096
0.92, 4589791
0.96, 4588931
0.97, 4578618
0.98, 4576048
0.98, 4556135
1.01, 4552272
1.05, 4545117
1.15, 4429589
1.37, 4338241
1.38, 4337725
1.39, 4322092
1.40, 4294947
1.41, 4272819
1.54, 4214091
1.54, 4213010
1.55, 4211614
1.55, 4211344
1.55, 4210683
1.55, 4200538
1.55, 4190374
1.55, 4179352
1.55, 4175618
1.55, 4135455
1.56, 4103597
1.57, 4092027
1.57, 4072245
1.58, 4071331
1.58, 4069390
1.58, 3987056
1.59, 3985700
1.60, 3971860
1.70, 3947403
1.82, 3871331
1.92, 3837506
2.00, 3834648
2.10, 3797624
2.20, 3779106
2.33, 3775933
2.42, 3754246
2.49, 3746042
2.57, 3678252
2.64, 3677375
2.67, 3677138
2.71, 3655084
2.73, 3550398
2.76, 3537766
2.80, 3517488
2.81, 3490026
2.92, 3427304
3.05, 3414207
3.19, 3401585
3.28, 3349391
3.41, 3343934
3.51, 3314179
3.62, 3103440
3.76, 3088448
3.86, 3061428
3.96, 3049292
4.02, 2980231
4.12, 2922819
4.22, 2913844
4.39, 2852514
4.51, 2835116
4.59, 2803649
4.69, 2801923
4.81, 2770239
4.95, 2760387
5.03, 2746991
5.13, 2688235
5.23, 2675736
5.37, 2674323
5.47, 2671588
5.59, 2660057
5.70, 2599343
5.91, 2545763
6.03, 2526612
6.20, 2453163
6.36, 2436867
6.52, 2380788
6.66, 2344467
6.82, 2342900
6.97, 2342381
7.15, 2339679
7.33, 2339500
7.58, 2337757
7.84, 2291518
8.04, 2289054
8.19, 2276044
8.34, 2271336
8.52, 2256109
8.68, 2247590
8.90, 2220650
9.07, 2211375
9.24, 2210512
9.53, 2207634
9.85, 2193094
10.15, 2182438
10.39, 2177767
10.60, 2162927
10.82, 2130677
11.03, 2127160
11.31, 2112595
11.61, 2110231
11.93, 2058724
12.19, 2044431
12.45, 2039461
12.80, 2022347
13.09, 1990588
13.26, 1988980
13.50, 1964013
13.76, 1950365
14.01, 1947320
14.16, 1924921
14.36, 1917891
14.60, 1910278
14.90, 1900173
15.12, 1874341
15.38, 1865792
15.68, 1860341
16.03, 1836726
16.26, 1823668
16.51, 1819869
16.77, 1794178
17.00, 1782005
17.27, 1772065
17.66, 1767094
17.96, 1761380
18.16, 1759464
18.39, 1750911
18.65, 1746528
19.09, 1739999
19.44, 1720698
19.84, 1714634
20.12, 1704588
20.34, 1703949
20.57, 1698770
20.85, 1693664
21.22, 1693217
21.73, 1684104
22.16, 1681965
22.47, 1672377
22.81, 1659722
23.34, 1656539
43.94, 1651622
44.17, 1649659
44.53, 1641998
44.87, 1617721
