0.05, 6478922
0.05, 6478618
0.06, 6476938
0.06, 6358437
0.06, 6336212
0.06, 6221526
0.07, 6184003
0.07, 6120980
0.07, 6102188
0.07, 6095742
0.07, 6044518
0.07, 6004705
0.07, 5936247
0.07, 5911780
0.07, 5899260
0.07, 5849101
0.08, 5822671
0.08, 5787578
0.08, 5749106
0.08, 5722807
0.08, 5681359
0.09, 5677920
0.09, 5529779
0.09, 5400446
0.10, 5386332
0.10, 5380351
0.10, 5365660
0.15, 5326549
0.18, 5319778
0.21, 5317432
0.24, 5311654
0.28, 5292233
0.31, 5209154
0.34, 5176374
0.36, 5172800
0.38, 4954605
0.41, 4931027
0.41, 4914520
0.41, 4909931
0.42, 4908196
0.44, 4877464
0.45, 4840330
0.46, 4762320
0.47, 4755333
0.48, 4690125
0.48, 4674707
0.49, 4632804
0.50, 4518597
0.51, 4518554
0.52, 4509907
0.53, 4437000
0.53, 4411988
0.54, 4399703
0.55, 4366381
0.56, 4326308
0.57, 4297920
0.57, 4012030
0.59, 4006280
0.59, 4004599
0.60, 3945600
0.60, 3872799
0.62, 3848886
0.63, 3773487
0.63, 3733504
0.64, 3637533
0.65, 3583102
0.66, 3580891
0.69, 3561330
0.74, 3555519
0.76, 3554735
0.77, 3536093
0.81, 3523004
0.89, 3522918
1.19, 3468900
1.39, 3459507
1.56, 3437726
1.73, 3409614
1.92, 3380062
2.07, 3348125
2.17, 3338922
2.28, 3324655
2.36, 3317221
2.43, 3317141
2.52, 3310348
2.65, 3269566
2.73, 3260878
3.03, 3257365
3.29, 3100168
3.59, 3082540
3.83, 3071998
4.01, 3009072
4.16, 2998507
4.29, 2997331
4.35, 2985360
4.42, 2967155
4.53, 2962413
4.67, 2955270
4.84, 2948360
4.98, 2926944
5.35, 2926352
5.55, 2881265
5.77, 2870823
6.01, 2867861
6.21, 2863971
6.45, 2854571
6.58, 2854569
6.69, 2851303
6.77, 2841208
6.88, 2838805
6.95, 2837463
7.04, 2835468
7.16, 2832714
7.23, 2827224
7.29, 2815192
7.38, 2802259
7.47, 2793411
7.57, 2771750
7.69, 2727988
7.80, 2704274
7.85, 2670498
7.89, 2666425
7.96, 2613550
8.03, 2599148
8.42, 2583617
8.73, 2568311
9.08, 2544932
9.57, 2503114
9.86, 2501321
10.17, 2492803
10.41, 2490946
10.65, 2490307
10.88, 2488291
11.15, 2483077
11.38, 2480861
11.62, 2473593
11.87, 2469307
12.14, 2468668
12.26, 2464412
12.43, 2462651
12.54, 2448279
12.71, 2443330
12.89, 2424138
12.98, 2422954
13.15, 2416225
13.28, 2412021
13.35, 2410045
13.43, 2410017
13.49, 2406377
13.59, 2401202
13.77, 2396753
13.89, 2394328
13.98, 2393720
14.05, 2393627
14.12, 2391114
14.20, 2390893
14.30, 2387721
14.39, 2387211
14.49, 2350207
14.58, 2325979
14.70, 2316591
15.09, 2310898
15.48, 2295842
15.79, 2292816
16.28, 2292736
16.59, 2292364
16.90, 2288437
17.26, 2285057
17.51, 2283809
17.74, 2279781
18.17, 2271685
18.36, 2268556
18.89, 2264334
19.64, 2219079
20.01, 2214568
20.32, 2214110
20.54, 2211409
21.28, 2204724
21.84, 2090083
22.15, 2051864
22.43, 2038022
22.72, 2032850
23.18, 1996735
23.75, 1995946
24.02, 1992700
24.26, 1973626
24.56, 1972394
24.90, 1957415
25.29, 1912445
25.78, 1860555
26.48, 1857727
26.95, 1823759
27.28, 1814713
27.57, 1791997
27.80, 1789944
28.22, 1751261
28.62, 1747848
28.92, 1746030
29.53, 1738445
30.17, 1663254
30.51, 1641969
30.77, 1638682
31.01, 1629439
31.79, 1628264
