0.05, 7633279
0.05, 7332609
0.05, 7320683
0.05, 7303538
0.05, 7266699
0.05, 7243903
0.05, 7232499
0.05, 7195488
0.06, 7165607
0.06, 7155989
0.06, 7147422
0.06, 7133217
0.07, 6999467
0.07, 6992013
0.07, 6987733
0.07, 6979869
0.07, 6955284
0.07, 6803686
0.07, 6758824
0.08, 6735103
0.08, 6651087
0.08, 6593188
0.08, 6590036
0.08, 6508073
0.09, 6498598
0.09, 6495389
0.09, 6445231
0.09, 6434803
0.10, 6392843
0.10, 6390697
0.10, 6381271
0.11, 6374272
0.12, 6373774
0.13, 6267470
0.14, 6240497
0.15, 6236013
0.16, 6222121
0.18, 6222085
0.19, 6221731
0.21, 6208980
0.22, 6201868
0.23, 6190259
0.24, 6179528
0.25, 6142620
0.26, 6140068
0.27, 6136410
0.28, 6122107
0.29, 6091937
0.30, 6083489
0.32, 6083024
0.34, 6016972
0.35, 5948771
0.37, 5946875
0.39, 5938852
0.40, 5918694
0.42, 5907829
0.44, 5877653
0.46, 5860176
0.48, 5857820
0.50, 5798431
0.52, 5739183
0.54, 5690782
0.55, 5655125
0.57, 5638360
0.58, 5638021
0.60, 5533352
0.62, 5506045
0.63, 5503986
0.66, 5503950
0.66, 5503375
0.66, 5503115
0.72, 5503112
0.77, 5502275
0.83, 5494875
0.83, 5494377
0.87, 5485315
0.89, 5477469
0.91, 5473441
0.95, 5470445
1.00, 5467814
1.03, 5397693
1.10, 5379377
1.18, 5359989
1.23, 5357300
1.25, 5352627
1.27, 5300005
1.30, 5277180
1.31, 5275968
1.33, 5224103
1.34, 5223541
1.36, 5204542
1.37, 5101397
1.39, 5095111
1.45, 5093254
1.48, 5088805
1.51, 5084994
1.56, 5080721
1.61, 5080459
1.64, 5079673
1.65, 5076940
1.67, 5029644
1.69, 5028001
1.71, 4963328
1.72, 4962730
1.73, 4949513
1.74, 4940552
1.75, 4928976
1.77, 4921006
1.80, 4868064
1.85, 4774602
1.89, 4761665
1.95, 4694448
1.95, 4691178
2.00, 4619404
2.00, 4618047
2.02, 4610763
2.05, 4609991
2.09, 4607242
2.13, 4607106
2.17, 4606919
2.23, 4603647
2.30, 4597877
2.35, 4579943
2.44, 4579367
2.48, 4578995
2.53, 4575253
2.61, 4565476
2.68, 4279836
2.69, 4270395
2.80, 4229156
2.90, 4218823
3.02, 4196318
3.19, 4170412
3.25, 4168940
3.30, 4159697
3.41, 4133882
3.47, 4128538
3.48, 4087643
3.55, 3779621
3.62, 3776595
3.65, 3770902
3.67, 3770663
3.69, 3769520
3.75, 3750729
3.81, 3740866
3.86, 3739691
3.97, 3731455
4.04, 3728156
4.10, 3724568
4.20, 3702202
4.31, 3695047
4.50, 3634514
4.59, 3624312
4.59, 3618778
4.60, 3607605
4.60, 3603249
4.79, 3571393
4.98, 3504079
5.16, 3469228
5.31, 3467558
5.46, 3464505
5.59, 3463667
5.72, 3420469
5.86, 3375742
5.98, 3308837
6.15, 3302488
6.31, 3271255
6.56, 3213752
6.79, 3147545
6.96, 3052672
7.17, 3029860
7.43, 3018881
7.63, 3003225
7.85, 3003157
7.85, 3001800
7.88, 2994516
8.04, 2993744
8.22, 2992308
8.34, 2981929
8.50, 2981183
8.68, 2973796
8.83, 2973424
9.01, 2955154
9.13, 2952326
9.26, 2949443
9.41, 2926368
9.56, 2917991
9.70, 2898363
9.84, 2862788
10.01, 2845793
10.15, 2845447
10.46, 2831336
10.61, 2816631
10.82, 2813648
11.02, 2810229
11.15, 2768825
11.30, 2734111
11.47, 2734018
11.68, 2729156
11.82, 2720871
11.97, 2718087
12.13, 2709906
12.29, 2705470
12.53, 2705437
12.78, 2686563
13.03, 2681084
13.17, 2675344
13.36, 2674277
13.61, 2657895
13.78, 2627770
13.96, 2623424
14.13, 2622957
14.31, 2600143
14.56, 2592771
14.83, 2530216
15.29, 2527096
15.44, 2524932
15.60, 2519458
15.77, 2502992
15.95, 2500767
16.15, 2402421
16.33, 2400953
16.61, 2390674
16.93, 2314353
17.19, 2300484
17.49, 2213500
17.69, 2212131
18.00, 2162581
18.31, 2161665
18.52, 2161120
18.80, 2122856
19.21, 2103783
19.37, 2093223
19.52, 2005540
19.72, 1841620
19.90, 1836912
20.08, 1834464
20.28, 1833051
20.59, 1794341
20.92, 1765672
21.22, 1765402
21.50, 1740225
21.75, 1729148
22.03, 1719873
22.28, 1719010
22.66, 1716285
23.06, 1703032
23.32, 1700650
23.58, 1688198
23.86, 1685124
24.13, 1682842
24.47, 1672747
24.89, 1669038
25.26, 1662732
25.57, 1655325
25.89, 1643079
26.18, 1631241
26.55, 1626622
26.89, 1625486
27.27, 1619481
27.63, 1614302
79.15, 1613436
79.27, 1603635
79.38, 1601672
79.50, 1591621
79.63, 1580480
79.88, 1579841
