0.00, 3951997
0.00, 3560156
0.00, 3551869
0.00, 2912984
0.00, 2895964
0.00, 2885629
0.00, 2760613
0.00, 2748232
0.00, 2742161
0.00, 2737362
0.01, 2683381
0.01, 2638307
0.01, 2507603
0.01, 2490565
0.01, 2446457
0.01, 2401129
0.01, 2362911
0.01, 2346518
0.01, 2342156
0.01, 2319139
0.01, 2318508
0.01, 2298106
0.01, 2292290
0.02, 2238851
0.02, 2214244
0.02, 2211269
0.02, 2167673
0.02, 2154289
0.02, 2143154
0.02, 2141764
0.02, 2131791
0.02, 1958193
0.03, 1918669
0.03, 1913051
0.03, 1832117
0.03, 1817319
0.03, 1814533
0.03, 1782502
0.03, 1781141
0.04, 1731596
0.04, 1729296
0.05, 1728630
0.05, 1728107
0.05, 1722557
0.06, 1722538
0.06, 1701061
0.06, 1657171
0.07, 1645622
0.08, 1640637
0.08, 1631392
0.08, 1625303
0.09, 1618231
0.11, 1611638
0.13, 1602292
2.73, 1594628
2.74, 1544813
2.74, 1538114
2.75, 1537473
4.31, 1533668
4.33, 1533577
4.37, 1529507
4.39, 1526293
4.41, 1526035
4.46, 1520128
4.64, 1520107
4.70, 1517618
5.91, 1509151
5.91, 1508527
5.91, 1505132
5.94, 1500923
17.62, 1482210
17.63, 1478964
17.64, 1476146
26.40, 1464468
26.40, 1462115
26.40, 1462100
26.40, 1457548
26.40, 1454494
26.41, 1452639
26.41, 1447846
26.42, 1445985
26.43, 1444485
26.44, 1438475
26.44, 1434021
26.44, 1433708
35.13, 1421770
