0.01, 3930040
0.01, 3924101
0.02, 3910189
0.02, 3735469
0.03, 3717963
0.03, 3699049
0.04, 3624175
0.04, 3591666
0.05, 3584433
0.05, 3265233
0.05, 3213719
0.06, 3145002
0.06, 3144592
0.07, 3138175
0.07, 3134642
0.07, 3123073
0.07, 3122832
0.07, 3121506
0.07, 3117340
0.07, 3112093
0.07, 2915606
0.07, 2909225
0.07, 2908189
0.07, 2907138
0.07, 2902750
0.08, 2889543
0.08, 2888022
0.08, 2881190
0.08, 2881060
0.08, 2876728
0.08, 2870531
0.08, 2870502
0.08, 2867588
0.08, 2851373
0.08, 2851081
0.08, 2849815
0.08, 2837203
0.08, 2834241
0.08, 2828280
0.09, 2824747
0.09, 2787024
0.09, 2767655
0.09, 2759432
0.10, 2748513
0.10, 2743490
0.11, 2669165
0.11, 2668269
0.12, 2661447
0.13, 2656594
0.13, 2285368
0.13, 2284584
0.14, 2281470
0.14, 2264323
0.14, 2061334
0.14, 2057047
0.14, 2051099
0.14, 2047716
0.14, 2040644
0.15, 2040076
0.16, 2024719
0.18, 2019850
0.21, 2012333
0.23, 1999101
0.24, 1994137
0.26, 1992616
0.28, 1983037
0.28, 1978789
0.28, 1956542
0.28, 1953858
0.28, 1946754
0.30, 1945753
0.31, 1905816
0.32, 1902902
0.32, 1893417
0.32, 1884974
0.32, 1876056
0.32, 1874920
0.32, 1870134
0.33, 1868893
0.34, 1860272
0.34, 1854206
0.35, 1837646
0.36, 1837078
0.37, 1833654
0.38, 1831636
0.39, 1801928
0.39, 1801457
0.41, 1777053
0.43, 1646160
0.44, 1599414
0.46, 1503222
0.48, 1496980
1.02, 1492155
1.05, 1487884
1.08, 1464815
1.11, 1459971
1.15, 1454238
1.18, 1447230
1.20, 1440171
1.23, 1437929
1.26, 1433649
5.38, 1413825
5.41, 1411964
5.43, 1395981
