0.00, 4641329
0.00, 4623184
0.00, 4613952
0.00, 4612432
0.00, 4521489
0.00, 4220305
0.00, 4213364
0.00, 4206388
0.00, 4197465
0.00, 4141152
0.00, 4105812
0.00, 3850706
0.00, 3548864
0.00, 3250238
0.00, 3202190
0.00, 3124863
0.00, 3118989
0.00, 2762577
0.00, 2731894
0.00, 2724255
0.00, 2696097
0.00, 2694543
0.00, 2661160
0.00, 2591439
0.01, 2583235
0.01, 2573955
0.01, 2533250
0.01, 2526691
0.01, 2487143
0.01, 2485884
0.01, 2473379
0.02, 2470394
0.02, 2264727
0.02, 2263608
0.02, 2256573
0.02, 2254455
0.02, 2253469
0.02, 2217687
0.02, 2213054
0.02, 2194796
0.02, 2190752
0.02, 2167927
0.02, 2166944
0.03, 2160387
0.03, 2128938
0.03, 2122192
0.03, 2010111
0.04, 1958350
0.04, 1951514
0.04, 1939662
0.04, 1930537
0.06, 1876920
0.06, 1865896
0.06, 1865475
0.07, 1865251
0.07, 1862951
0.07, 1854864
0.07, 1846480
0.08, 1830108
0.08, 1828889
0.08, 1823258
0.08, 1822628
0.09, 1822302
0.10, 1819937
0.16, 1802885
0.19, 1802039
0.33, 1797535
0.44, 1768160
0.52, 1764914
1.48, 1757456
1.48, 1752439
1.48, 1707718
1.48, 1702098
1.48, 1692752
1.48, 1643873
1.48, 1640705
1.48, 1626922
1.49, 1623604
1.50, 1620786
1.50, 1619662
1.50, 1617362
1.51, 1604512
1.52, 1598345
8.84, 1587662
8.86, 1587211
8.86, 1581875
8.86, 1578859
8.86, 1577545
8.88, 1576939
8.88, 1575613
34.84, 1567598
34.85, 1516857
34.91, 1512115
34.94, 1509815
36.98, 1487784
37.00, 1454938
37.05, 1453077
37.09, 1448932
37.09, 1443976
37.09, 1427993
