0.01, 4047456
0.01, 4004917
0.01, 3981681
0.01, 3945852
0.01, 3911246
0.01, 3884081
0.01, 3879801
0.01, 3845994
0.01, 3838765
0.02, 3835784
0.02, 3830076
0.02, 3766145
0.02, 3760003
0.02, 3758488
0.02, 3687993
0.02, 3683181
0.02, 3680271
0.03, 3668078
0.03, 3667858
0.03, 3262573
0.03, 3254228
0.04, 3253660
0.04, 3246470
0.05, 3245662
0.05, 3243473
0.06, 3243220
0.06, 3234301
0.07, 3228025
0.09, 3213085
0.11, 3201224
0.12, 3201050
0.14, 3024231
0.16, 3021156
0.18, 3017300
0.20, 3014825
0.22, 2696801
0.24, 2695723
0.25, 2688921
0.27, 2676210
0.28, 2661301
0.28, 2624361
0.28, 2607140
0.28, 2605763
0.28, 2601434
0.29, 2596834
0.29, 2590286
0.30, 2589150
0.32, 2569198
0.34, 2567926
0.36, 2351746
0.38, 1946678
0.38, 1946613
0.39, 1940305
0.41, 1937230
0.44, 1905817
0.44, 1893299
0.44, 1893272
0.45, 1888287
0.47, 1885971
0.47, 1881095
0.47, 1877831
0.48, 1874152
0.49, 1870060
0.52, 1864538
0.56, 1851827
0.59, 1762183
0.61, 1761653
0.63, 1754646
0.65, 1714553
0.67, 1709148
0.69, 1682608
0.70, 1610033
0.70, 1605779
0.70, 1602853
0.70, 1593306
0.71, 1592305
0.71, 1539045
0.72, 1532121
0.72, 1512889
0.72, 1504789
0.72, 1503775
0.73, 1494878
0.73, 1489794
0.73, 1489495
0.75, 1473954
0.76, 1468738
0.80, 1426188
0.82, 1424327
0.86, 1408344
2.58, 1404121
2.61, 1400857
2.63, 1395981
