0.01, 4056485
0.01, 3859695
0.02, 3806563
0.02, 3782042
0.02, 3761092
0.02, 3756527
0.02, 3702454
0.02, 3672997
0.02, 3582885
0.03, 3575231
0.03, 3545706
0.03, 3527339
0.03, 3511804
0.03, 3503075
0.04, 3425047
0.04, 3391142
0.04, 3383059
0.05, 3197158
0.05, 3156740
0.05, 2723193
0.05, 2710873
0.05, 2698002
0.05, 2690951
0.05, 2681283
0.05, 2650835
0.06, 2646969
0.07, 2627108
0.08, 2594036
0.08, 2593572
0.09, 2555874
0.09, 2489581
0.09, 2486394
0.09, 2467247
0.09, 2466840
0.09, 2403400
0.09, 2384249
0.09, 2382659
0.11, 2366503
0.11, 2350281
0.11, 2348559
0.12, 2346773
0.12, 2306680
0.12, 2304908
0.12, 2280755
0.12, 2280630
0.12, 2271582
0.12, 2259725
0.12, 2248414
0.12, 2245084
0.13, 2239008
0.13, 2238678
0.14, 2219186
0.15, 2193825
0.15, 2191109
0.15, 2189172
0.16, 2185230
0.16, 2184849
0.16, 2184283
0.16, 2179027
0.16, 2170800
0.16, 2169664
0.17, 2169040
0.18, 2143474
0.20, 2127295
0.20, 2119938
0.24, 2115148
0.25, 2114506
0.29, 2113515
0.41, 2110931
0.44, 2105123
0.57, 2093831
0.93, 2059682
0.93, 2058829
0.93, 2054638
0.95, 2027944
0.95, 2025921
0.96, 2025856
0.98, 2011302
0.99, 2009147
1.00, 1999459
1.01, 1999058
1.02, 1983424
1.02, 1975065
1.12, 1973913
1.13, 1912590
1.18, 1909344
1.22, 1909175
1.32, 1907826
2.22, 1870058
2.23, 1869546
2.23, 1869197
2.24, 1868629
2.24, 1865517
2.24, 1864681
2.24, 1858755
2.24, 1858183
2.24, 1856618
2.24, 1854103
2.26, 1853541
2.27, 1845908
2.27, 1840023
2.27, 1839717
2.28, 1838767
2.28, 1812889
2.29, 1810833
2.29, 1805495
2.29, 1794491
2.30, 1789898
2.30, 1776762
2.32, 1775977
2.32, 1775946
2.32, 1774822
2.32, 1772522
2.36, 1758234
2.36, 1742997
2.37, 1741408
2.40, 1723101
3.65, 1694927
3.74, 1693528
3.77, 1693165
3.78, 1689888
3.78, 1688631
3.83, 1686199
3.87, 1684320
3.87, 1682425
3.95, 1681227
6.29, 1672797
6.29, 1671290
6.30, 1670018
6.31, 1665648
6.35, 1664322
6.40, 1655666
6.41, 1646346
6.41, 1556382
6.41, 1554693
6.43, 1552698
6.43, 1550329
6.43, 1548141
6.44, 1538746
6.44, 1533055
6.45, 1531741
6.50, 1531173
6.55, 1522006
6.55, 1520435
6.56, 1516570
6.56, 1500566
6.59, 1484583
9.44, 1484519
9.53, 1483205
9.54, 1482637
12.92, 1473444
12.92, 1469074
65.95, 1454109
65.95, 1452248
65.97, 1419402
