0.00, 4087374
0.01, 4068237
0.01, 4062351
0.01, 4059862
0.01, 4028571
0.01, 4011993
0.01, 4006631
0.01, 3969945
0.01, 3958623
0.01, 3952229
0.01, 3946951
0.01, 3940758
0.01, 3939730
0.01, 3939309
0.01, 3924342
0.01, 3918697
0.01, 3917994
0.01, 3901132
0.01, 3895235
0.01, 3877347
0.01, 3863182
0.01, 3859811
0.01, 3859243
0.01, 3850574
0.01, 3840283
0.01, 3819866
0.01, 3816467
0.01, 3813194
0.01, 3810136
0.01, 3806162
0.02, 3802449
0.02, 3795122
0.02, 3795067
0.02, 3794936
0.02, 3793781
0.02, 3755789
0.02, 3744619
0.02, 3738999
0.02, 3733793
0.03, 3731513
0.03, 3595078
0.03, 3591477
0.03, 3530106
0.03, 3292010
0.03, 3289348
0.03, 3286983
0.04, 3281080
0.04, 3271662
0.04, 3266276
0.05, 3266061
0.05, 3264925
0.05, 3262011
0.06, 2890036
0.07, 2885285
0.07, 2881076
0.08, 2880180
0.10, 2874231
0.11, 2861108
0.11, 2853781
0.13, 2841936
0.14, 2825262
0.16, 2423667
0.19, 2415742
0.21, 2415207
0.23, 2415180
0.24, 2406339
0.25, 2403075
0.29, 2395558
0.33, 2366134
0.37, 2362045
0.39, 2262480
0.42, 2260626
0.45, 2091918
0.48, 1861115
0.49, 1811845
0.52, 1757550
0.54, 1735755
0.56, 1733364
0.58, 1679824
0.60, 1627917
0.62, 1623015
0.65, 1622275
0.67, 1536233
0.69, 1501993
0.69, 1499871
0.69, 1494989
0.69, 1481736
0.69, 1470045
0.71, 1432689
1.45, 1425824
1.47, 1419054
1.49, 1405796
9.32, 1404001
9.80, 1395981
