0.01, 4910136
0.01, 4813868
0.01, 4753977
0.01, 4735981
0.01, 4200977
0.01, 4194416
0.01, 4146721
0.01, 3975989
0.01, 3956458
0.01, 3895466
0.01, 3862912
0.01, 3664790
0.01, 3621905
0.01, 3594721
0.01, 3418490
0.02, 3412183
0.02, 3409327
0.02, 3403477
0.02, 3367224
0.02, 3365868
0.02, 2991495
0.02, 2980225
0.03, 2974922
0.03, 2956778
0.03, 2860964
0.03, 2628622
0.04, 2604524
0.04, 2585152
0.04, 2570644
0.04, 2555929
0.04, 2555832
0.04, 2546239
0.04, 2538292
0.05, 2534863
0.05, 2532009
0.05, 2502470
0.05, 2490239
0.05, 2482113
0.05, 2481589
0.06, 2458162
0.06, 2424596
0.06, 2424114
0.06, 2391804
0.06, 2373554
0.06, 2372656
0.07, 2371728
0.07, 2369627
0.07, 2367404
0.09, 2338715
0.10, 2184190
0.14, 2169462
0.14, 2088214
0.14, 2085004
0.16, 2075967
0.16, 2073769
0.16, 2069041
0.16, 2050567
0.16, 2046319
0.17, 2036748
0.18, 2029755
0.19, 2027087
0.20, 2004925
0.20, 1991515
0.23, 1990605
0.25, 1986956
0.26, 1984788
0.27, 1953386
0.27, 1953150
0.29, 1948247
0.30, 1934418
0.32, 1918610
0.32, 1907087
0.32, 1897394
0.33, 1891214
0.33, 1889828
0.33, 1886407
0.33, 1872382
0.34, 1859876
0.36, 1858799
0.36, 1858110
0.36, 1854242
0.36, 1847694
0.37, 1843531
0.38, 1832476
0.38, 1829954
0.39, 1811338
0.40, 1800718
0.41, 1798998
0.41, 1797902
1.06, 1790090
1.13, 1790084
1.25, 1786238
1.25, 1785237
3.76, 1783578
3.76, 1776193
3.78, 1761377
3.78, 1755413
3.78, 1737796
3.78, 1730396
3.78, 1702128
3.78, 1673880
3.79, 1668977
3.81, 1664607
3.82, 1557893
3.83, 1555109
3.83, 1543015
3.84, 1541540
3.84, 1539931
3.88, 1532374
3.92, 1532064
3.94, 1524014
3.96, 1515591
4.03, 1507173
4.04, 1504873
4.06, 1497294
14.98, 1496556
14.98, 1482681
14.98, 1478863
14.98, 1476498
15.00, 1473752
15.00, 1458696
15.00, 1454728
35.91, 1453869
54.46, 1427862
54.46, 1422744
54.47, 1418374
