0.00, 4695869
0.00, 4369461
0.00, 4315310
0.00, 4235508
0.00, 4171134
0.00, 4032562
0.00, 3994460
0.00, 3898919
0.00, 3852318
0.00, 3804688
0.00, 3700859
0.00, 3677862
0.00, 3570737
0.00, 3535182
0.00, 3482257
0.00, 3409365
0.00, 3253023
0.00, 3246365
0.00, 3240711
0.00, 3167212
0.00, 3153533
0.00, 3148547
0.01, 3087612
0.01, 3086380
0.01, 3083591
0.01, 3066253
0.01, 3064688
0.01, 3047433
0.01, 3040261
0.01, 2839350
0.02, 2838872
0.02, 2826245
0.02, 2572558
0.02, 2502339
0.02, 2493821
0.02, 2486897
0.02, 2483390
0.02, 2482141
0.03, 2462579
0.03, 2433090
0.03, 2427595
0.03, 2420088
0.04, 2420057
0.04, 2419228
0.04, 2415514
0.04, 2408159
0.04, 2315766
0.05, 2280015
0.05, 2271905
0.05, 2271262
0.05, 2270472
0.05, 2255781
0.05, 2255234
0.06, 2255010
0.06, 2250439
0.06, 2245117
0.06, 2242685
0.06, 2240775
0.06, 1976877
0.07, 1929520
0.07, 1928913
0.07, 1854391
0.07, 1853680
0.07, 1650428
0.07, 1646133
0.07, 1588223
0.07, 1519529
0.08, 1516928
0.08, 1476793
0.08, 1464710
0.09, 1447800
0.09, 1443708
0.10, 1438723
0.10, 1428750
0.11, 1425788
0.12, 1424445
0.12, 1418825
0.13, 1412277
0.13, 1411141
0.14, 1410245
0.15, 1402307
