0.01, 3947232
0.01, 3937758
0.01, 3529161
0.01, 3481458
0.01, 3425767
0.02, 3134316
0.02, 3091515
0.02, 2858266
0.02, 2747443
0.02, 2746950
0.03, 2697314
0.03, 2433053
0.03, 2422748
0.03, 2411105
0.04, 2399511
0.04, 2309136
0.05, 2152191
0.05, 2101037
0.05, 2046851
0.06, 2018074
0.06, 1964060
0.07, 1953755
0.07, 1931543
0.08, 1867908
0.10, 1866971
0.11, 1856436
0.12, 1854390
0.13, 1780891
0.14, 1779999
0.15, 1771366
0.16, 1745155
0.17, 1727750
0.19, 1714921
0.20, 1712073
0.21, 1697600
0.23, 1682243
0.25, 1666176
0.26, 1633353
0.27, 1630732
0.31, 1627569
0.34, 1615982
0.35, 1603595
0.37, 1596088
0.38, 1567394
0.41, 1565106
0.42, 1562845
0.44, 1562277
0.47, 1561925
0.49, 1558858
0.52, 1548659
0.54, 1546492
0.56, 1545684
0.57, 1543495
0.59, 1537812
0.61, 1536498
0.63, 1535930
0.66, 1531460
0.68, 1520767
0.71, 1515245
0.74, 1509612
0.76, 1504738
0.78, 1496238
0.81, 1493656
0.84, 1488263
0.86, 1483983
0.89, 1479139
0.92, 1472131
0.95, 1468039
1.00, 1434389
1.06, 1433649
2.72, 1426226
2.74, 1422027
6.02, 1411628
6.82, 1407548
6.86, 1400517
6.90, 1400046
19.73, 1395981
