0.01, 4722853
0.01, 4710839
0.01, 4710301
0.01, 4631620
0.01, 4539637
0.01, 4538251
0.01, 4528447
0.01, 4517608
0.01, 4150817
0.01, 4138138
0.01, 4128875
0.01, 4029719
0.01, 4025427
0.01, 4021657
0.01, 4017052
0.02, 4010128
0.02, 4009582
0.02, 4009337
0.02, 4004434
0.02, 4004186
0.02, 3989246
0.02, 3983782
0.02, 3976763
0.03, 3975867
0.03, 3968718
0.03, 3924490
0.04, 3911094
0.04, 3767194
0.04, 3765848
0.04, 3758924
0.05, 3348638
0.05, 3345131
0.05, 3344341
0.05, 3107292
0.06, 3089290
0.06, 3019794
0.07, 3013715
0.07, 2865085
0.08, 2858986
0.09, 2801208
0.13, 2788099
0.13, 2563579
0.14, 2562536
0.15, 2554663
0.16, 2547152
0.16, 2545806
0.17, 2538882
0.18, 2294658
0.18, 2292797
0.18, 2276814
0.20, 2269762
0.20, 2250333
0.20, 2242816
0.20, 2238170
0.21, 2231616
0.21, 2191900
0.22, 2003960
0.22, 1947304
0.22, 1945443
0.23, 1929460
0.23, 1736226
0.24, 1673551
0.26, 1666363
0.27, 1666111
0.29, 1626443
0.30, 1598571
0.32, 1590685
0.33, 1590281
0.35, 1587908
0.36, 1587531
0.38, 1565270
0.39, 1553804
0.41, 1551502
0.43, 1539802
0.45, 1539178
0.47, 1529418
0.49, 1523936
0.52, 1513868
0.54, 1509836
0.56, 1501919
0.58, 1490979
0.60, 1485596
0.62, 1481267
0.65, 1480699
0.68, 1475442
0.71, 1448015
0.73, 1437724
0.76, 1434460
0.79, 1429584
8.16, 1421948
8.18, 1420812
8.18, 1420408
8.19, 1415904
8.19, 1409313
13.54, 1395981
