0.02, 4927451
0.02, 4918810
0.03, 4898169
0.03, 4843961
0.03, 4843699
0.03, 4790834
0.03, 4717636
0.03, 4653865
0.03, 4577215
0.03, 4257053
0.03, 4250782
0.03, 4241565
0.03, 3876699
0.03, 3740976
0.03, 3379222
0.03, 3364793
0.03, 3335121
0.03, 3326228
0.04, 3317172
0.04, 3192420
0.04, 2820075
0.04, 2818843
0.04, 2808514
0.04, 2806795
0.04, 2803342
0.04, 2595522
0.04, 2583231
0.04, 2572726
0.04, 2539187
0.04, 2467848
0.04, 2282757
0.04, 2260348
0.04, 2254780
0.05, 2217424
0.05, 2193331
0.05, 2188933
0.05, 2151678
0.05, 2122097
0.05, 2116517
0.05, 1966213
0.05, 1779852
0.05, 1778728
0.06, 1776428
0.07, 1767980
0.09, 1699681
0.10, 1682656
0.15, 1681212
0.16, 1601143
0.18, 1596267
0.20, 1592511
0.29, 1586752
0.36, 1564525
0.37, 1560597
0.37, 1530676
0.38, 1529939
0.38, 1524624
0.42, 1520339
0.42, 1516411
0.42, 1499046
0.42, 1498421
0.42, 1495507
0.42, 1491342
0.43, 1488624
0.43, 1484547
0.43, 1479025
0.45, 1463071
0.47, 1462221
0.52, 1446060
0.55, 1440014
0.60, 1423009
0.64, 1421736
0.67, 1415833
3.45, 1405303
3.49, 1400046
