0.01, 4927451
0.01, 4918810
0.01, 4898169
0.01, 4843961
0.01, 4843699
0.01, 4790834
0.01, 4717636
0.01, 4653865
0.01, 4577215
0.01, 4257053
0.01, 4250782
0.01, 4241565
0.01, 3876699
0.01, 3740976
0.01, 3379222
0.01, 3364793
0.01, 3335121
0.01, 3326228
0.02, 3317172
0.02, 3192420
0.02, 2820075
0.02, 2818843
0.02, 2808514
0.02, 2806795
0.02, 2803342
0.02, 2595522
0.02, 2583231
0.02, 2572726
0.02, 2539187
0.02, 2467848
0.03, 2282757
0.03, 2260348
0.03, 2254780
0.03, 2217424
0.03, 2193331
0.03, 2188933
0.03, 2151678
0.03, 2122097
0.04, 2116517
0.04, 1966213
0.04, 1779852
0.04, 1778728
0.04, 1776428
0.07, 1767980
0.09, 1699681
0.14, 1682656
0.16, 1681212
0.17, 1601143
0.23, 1596267
0.24, 1592511
0.26, 1586752
0.28, 1564525
0.28, 1560597
0.28, 1530676
0.29, 1529939
0.29, 1524624
0.32, 1520339
0.32, 1516411
0.33, 1499046
0.33, 1498421
0.34, 1495507
0.34, 1491342
0.34, 1488624
0.36, 1484547
0.36, 1479025
0.43, 1463071
0.68, 1462221
0.74, 1446060
0.80, 1440014
0.86, 1423009
0.92, 1421736
1.18, 1415833
4.70, 1405303
4.77, 1400046
19.37, 1399405
19.39, 1398281
19.42, 1395981
