0.01, 4722853
0.01, 4710839
0.01, 4710301
0.01, 4631620
0.01, 4539637
0.01, 4538251
0.01, 4528447
0.01, 4517608
0.01, 4150817
0.01, 4138138
0.01, 4128875
0.01, 4029719
0.01, 4025427
0.01, 4021657
0.02, 4017052
0.02, 4010128
0.02, 4009582
0.02, 4009337
0.02, 4004434
0.02, 4004186
0.02, 3989246
0.02, 3983782
0.03, 3976763
0.03, 3975867
0.03, 3968718
0.03, 3924490
0.03, 3911094
0.03, 3767194
0.03, 3765848
0.03, 3758924
0.03, 3348638
0.03, 3345131
0.04, 3344341
0.04, 3107292
0.04, 3089290
0.04, 3019794
0.04, 3013715
0.04, 2865085
0.04, 2858986
0.04, 2801208
0.04, 2788099
0.04, 2563579
0.05, 2562536
0.05, 2554663
0.05, 2547152
0.05, 2545806
0.05, 2538882
0.06, 2294658
0.06, 2292797
0.06, 2276814
0.06, 2269762
0.06, 2250333
0.06, 2242816
0.06, 2238170
0.06, 2231616
0.07, 2191900
0.07, 2003960
0.07, 1947304
0.07, 1945443
0.07, 1929460
0.08, 1736226
0.09, 1673551
0.09, 1666363
0.10, 1666111
0.11, 1626443
0.12, 1598571
0.14, 1590685
0.17, 1590281
0.19, 1587908
0.21, 1587531
0.23, 1565270
0.25, 1553804
0.26, 1551502
0.28, 1539802
0.30, 1539178
0.33, 1529418
0.35, 1523936
0.37, 1513868
0.39, 1509836
0.42, 1501919
0.44, 1490979
0.47, 1485596
0.49, 1481267
0.51, 1480699
0.56, 1475442
0.62, 1448015
0.67, 1437724
0.73, 1434460
0.79, 1429584
8.39, 1421948
8.42, 1420812
8.42, 1420408
8.42, 1415904
8.42, 1409313
