0.01, 4047456
0.01, 4004917
0.01, 3981681
0.01, 3945852
0.02, 3911246
0.02, 3884081
0.02, 3879801
0.02, 3845994
0.02, 3838765
0.02, 3835784
0.02, 3830076
0.03, 3766145
0.03, 3760003
0.03, 3758488
0.03, 3687993
0.03, 3683181
0.04, 3680271
0.04, 3668078
0.05, 3667858
0.05, 3262573
0.06, 3254228
0.06, 3253660
0.08, 3246470
0.08, 3245662
0.09, 3243473
0.10, 3243220
0.10, 3234301
0.11, 3228025
0.12, 3213085
0.15, 3201224
0.16, 3201050
0.17, 3024231
0.18, 3021156
0.19, 3017300
0.21, 3014825
0.22, 2696801
0.23, 2695723
0.24, 2688921
0.26, 2676210
0.26, 2661301
0.26, 2624361
0.26, 2607140
0.26, 2605763
0.26, 2601434
0.26, 2596834
0.27, 2590286
0.28, 2589150
0.29, 2569198
0.31, 2567926
0.33, 2351746
0.36, 1946678
0.37, 1946613
0.37, 1940305
0.38, 1937230
0.40, 1905817
0.40, 1893299
0.40, 1893272
0.41, 1888287
0.42, 1885971
0.42, 1881095
0.42, 1877831
0.43, 1874152
0.45, 1870060
0.47, 1864538
0.49, 1851827
0.50, 1762183
0.51, 1761653
0.53, 1754646
0.55, 1714553
0.58, 1709148
0.59, 1682608
0.60, 1610033
0.60, 1605779
0.60, 1602853
0.61, 1593306
0.61, 1592305
0.61, 1539045
0.61, 1532121
0.62, 1512889
0.62, 1504789
0.62, 1503775
0.62, 1494878
0.62, 1489794
0.62, 1489495
0.63, 1473954
0.63, 1468738
0.65, 1426188
0.67, 1424327
0.70, 1408344
2.74, 1404121
2.80, 1400857
2.84, 1395981
