0.02, 3886061
0.02, 3839409
0.02, 3832741
0.02, 3764909
0.02, 3605731
0.03, 3595589
0.03, 3482646
0.03, 3467004
0.03, 3454212
0.03, 3140533
0.03, 2902728
0.03, 2902385
0.04, 2901058
0.04, 2885577
0.04, 2884542
0.04, 2824914
0.04, 2824017
0.04, 2786906
0.04, 2729383
0.04, 2712471
0.05, 2703686
0.06, 2689759
0.06, 2646541
0.06, 2635656
0.07, 2610491
0.07, 2265902
0.07, 2251223
0.08, 2245323
0.08, 2241885
0.08, 2218757
0.08, 2202536
0.08, 2187521
0.09, 2181214
0.09, 2169990
0.09, 2162287
0.11, 2162259
0.11, 2155058
0.12, 2150904
0.12, 2129667
0.12, 2123564
0.13, 2029054
0.13, 1978313
0.14, 1978186
0.15, 1972242
0.15, 1970120
0.16, 1965755
0.17, 1944357
0.20, 1944266
0.20, 1942894
0.21, 1942438
0.21, 1937559
0.22, 1936297
0.36, 1915268
0.41, 1907941
0.49, 1905166
0.52, 1904756
0.54, 1894465
1.02, 1888751
1.03, 1860363
1.03, 1810731
1.03, 1793265
1.03, 1671416
1.03, 1666784
1.04, 1605278
1.04, 1604366
1.05, 1604148
1.05, 1603724
1.05, 1590717
1.08, 1585298
1.08, 1580928
11.10, 1567436
11.14, 1566629
11.15, 1565274
11.16, 1560904
11.78, 1518421
11.81, 1514329
11.86, 1504130
11.89, 1498427
25.88, 1489532
25.88, 1477755
25.90, 1468723
25.90, 1466352
25.90, 1463184
25.92, 1463120
25.92, 1460645
25.94, 1452628
25.95, 1449724
25.95, 1447863
25.97, 1442130
25.97, 1439374
81.87, 1429584
