0.00, 4127877
0.00, 3779643
0.00, 3477418
0.00, 3429048
0.00, 3300547
0.00, 3296077
0.00, 3289350
0.01, 3276266
0.01, 3258884
0.01, 3230137
0.01, 3026783
0.01, 3010601
0.01, 2973392
0.01, 2868484
0.01, 2859708
0.01, 2817083
0.01, 2791084
0.01, 2757248
0.01, 2739589
0.01, 2730774
0.01, 2705049
0.01, 2699654
0.01, 2692949
0.01, 2685877
0.01, 2684314
0.02, 2481002
0.02, 2470463
0.02, 2460521
0.03, 2460263
0.03, 2430695
0.03, 2410287
0.03, 2407931
0.04, 2406382
0.04, 2405209
0.04, 2394993
0.04, 2383443
0.04, 2373842
0.04, 2373774
0.04, 2262828
0.05, 2259567
0.05, 2228995
0.05, 2216399
0.05, 2211523
0.05, 2207986
0.06, 2207608
0.07, 2203116
0.07, 2197360
0.09, 2172366
0.09, 2171797
0.09, 2171600
0.10, 2161074
0.13, 2159241
0.13, 2150339
0.14, 2150102
0.34, 2149676
0.36, 2144800
0.36, 2135118
0.37, 2130229
0.38, 2124735
0.38, 2117010
0.38, 2091995
0.38, 2089225
0.39, 2084467
0.39, 2071091
0.39, 2048006
0.39, 1990711
0.39, 1971945
0.39, 1952463
0.39, 1951528
0.39, 1943260
0.39, 1939990
0.40, 1933711
0.40, 1929010
0.40, 1914663
0.40, 1913271
0.41, 1911663
0.41, 1876328
0.41, 1845356
0.41, 1829819
0.41, 1827924
0.43, 1826534
0.44, 1826110
0.44, 1823242
0.45, 1821024
0.46, 1784000
0.46, 1646865
0.47, 1633607
0.49, 1628529
2.01, 1607636
2.02, 1607326
2.03, 1606586
2.04, 1590603
2.05, 1503869
