0.00, 4695869
0.00, 4369461
0.00, 4315310
0.00, 4235508
0.00, 4171134
0.01, 4032562
0.01, 3994460
0.01, 3898919
0.01, 3852318
0.01, 3804688
0.01, 3700859
0.01, 3677862
0.01, 3570737
0.01, 3535182
0.01, 3482257
0.01, 3409365
0.01, 3253023
0.01, 3246365
0.01, 3240711
0.01, 3167212
0.01, 3153533
0.01, 3148547
0.02, 3087612
0.02, 3086380
0.02, 3083591
0.02, 3066253
0.02, 3064688
0.03, 3047433
0.03, 3040261
0.03, 2839350
0.03, 2838872
0.03, 2826245
0.03, 2572558
0.04, 2502339
0.04, 2493821
0.04, 2486897
0.04, 2483390
0.04, 2482141
0.05, 2462579
0.05, 2433090
0.06, 2427595
0.06, 2420088
0.07, 2420057
0.08, 2419228
0.08, 2415514
0.08, 2408159
0.08, 2315766
0.08, 2280015
0.08, 2271905
0.09, 2271262
0.09, 2270472
0.09, 2255781
0.09, 2255234
0.09, 2255010
0.10, 2250439
0.10, 2245117
0.10, 2242685
0.11, 2240775
0.11, 1976877
0.11, 1929520
0.11, 1928913
0.11, 1854391
0.11, 1853680
0.12, 1650428
0.12, 1646133
0.13, 1588223
0.14, 1519529
0.15, 1516928
0.15, 1476793
0.16, 1464710
0.18, 1447800
0.20, 1443708
0.21, 1438723
0.22, 1428750
0.24, 1425788
0.24, 1424445
0.25, 1418825
0.27, 1412277
0.29, 1411141
0.32, 1410245
0.33, 1402307
16.86, 1395981
