0.01, 4127877
0.01, 3779643
0.01, 3477418
0.01, 3429048
0.02, 3300547
0.02, 3296077
0.02, 3289350
0.02, 3276266
0.02, 3258884
0.02, 3230137
0.02, 3026783
0.02, 3010601
0.02, 2973392
0.03, 2868484
0.03, 2859708
0.03, 2817083
0.03, 2791084
0.03, 2757248
0.04, 2739589
0.04, 2730774
0.04, 2705049
0.05, 2699654
0.05, 2692949
0.05, 2685877
0.06, 2684314
0.06, 2481002
0.06, 2470463
0.07, 2460521
0.07, 2460263
0.08, 2430695
0.08, 2410287
0.08, 2407931
0.09, 2406382
0.10, 2405209
0.11, 2394993
0.11, 2383443
0.11, 2373842
0.12, 2373774
0.12, 2262828
0.12, 2259567
0.13, 2228995
0.13, 2216399
0.14, 2211523
0.14, 2207986
0.14, 2207608
0.16, 2203116
0.17, 2197360
0.21, 2172366
0.21, 2171797
0.22, 2171600
0.24, 2161074
0.27, 2159241
0.27, 2150339
0.29, 2150102
0.59, 2149676
0.61, 2144800
0.62, 2135118
0.62, 2130229
0.63, 2124735
0.63, 2117010
0.64, 2091995
0.64, 2089225
0.64, 2084467
0.65, 2071091
0.65, 2048006
0.66, 1990711
0.66, 1971945
0.66, 1952463
0.66, 1951528
0.67, 1943260
0.67, 1939990
0.68, 1933711
0.68, 1929010
0.68, 1914663
0.69, 1913271
0.70, 1911663
0.70, 1876328
0.71, 1845356
0.73, 1829819
0.74, 1827924
0.76, 1826534
0.78, 1826110
0.79, 1823242
0.80, 1821024
0.83, 1784000
0.83, 1646865
0.84, 1633607
0.90, 1628529
2.50, 1607636
2.51, 1607326
2.54, 1606586
2.59, 1590603
2.60, 1503869
19.34, 1500086
19.34, 1490980
19.35, 1474997
31.67, 1467291
31.68, 1453081
31.69, 1453068
31.69, 1450845
31.70, 1450077
31.74, 1449764
31.75, 1436914
