0.01, 4695869
0.01, 4369461
0.01, 4315310
0.01, 4235508
0.01, 4171134
0.01, 4032562
0.01, 3994460
0.01, 3898919
0.01, 3852318
0.01, 3804688
0.01, 3700859
0.01, 3677862
0.02, 3570737
0.02, 3535182
0.02, 3482257
0.02, 3409365
0.02, 3253023
0.02, 3246365
0.02, 3240711
0.02, 3167212
0.02, 3153533
0.02, 3148547
0.02, 3087612
0.03, 3086380
0.03, 3083591
0.03, 3066253
0.03, 3064688
0.04, 3047433
0.04, 3040261
0.04, 2839350
0.04, 2838872
0.04, 2826245
0.04, 2572558
0.05, 2502339
0.05, 2493821
0.05, 2486897
0.06, 2483390
0.07, 2482141
0.08, 2462579
0.08, 2433090
0.10, 2427595
0.11, 2420088
0.11, 2420057
0.13, 2419228
0.13, 2415514
0.13, 2408159
0.14, 2315766
0.14, 2280015
0.14, 2271905
0.14, 2271262
0.14, 2270472
0.15, 2255781
0.15, 2255234
0.15, 2255010
0.15, 2250439
0.16, 2245117
0.16, 2242685
0.17, 2240775
0.17, 1976877
0.17, 1929520
0.17, 1928913
0.17, 1854391
0.17, 1853680
0.18, 1650428
0.18, 1646133
0.19, 1588223
0.19, 1519529
0.19, 1516928
0.20, 1476793
0.22, 1464710
0.24, 1447800
0.28, 1443708
0.30, 1438723
0.32, 1428750
0.35, 1425788
0.38, 1424445
0.41, 1418825
0.45, 1412277
0.48, 1411141
0.49, 1410245
0.51, 1402307
