0.01, 4147616
0.01, 4143500
0.01, 4131796
0.01, 4130255
0.01, 4094673
0.01, 4046993
0.01, 3928956
0.01, 3876403
0.01, 3825097
0.01, 3823431
0.01, 3760705
0.01, 3753086
0.01, 3752776
0.01, 3750966
0.01, 3716679
0.01, 3643808
0.01, 3620767
0.01, 3592519
0.01, 3579213
0.01, 3572413
0.01, 3563485
0.01, 3069797
0.01, 3067951
0.01, 3058866
0.01, 2855354
0.02, 2849589
0.02, 2742017
0.02, 2740698
0.02, 2711752
0.02, 2707514
0.02, 2703081
0.03, 2697086
0.03, 2694513
0.03, 2665642
0.03, 2663192
0.03, 2405947
0.03, 2226686
0.03, 2206108
0.03, 2201730
0.04, 2195413
0.04, 2144596
0.04, 2143082
0.04, 2136916
0.04, 2131341
0.04, 2126573
0.04, 2125064
0.05, 2036701
0.05, 2030277
0.05, 2029596
0.05, 2024294
0.06, 2003694
0.06, 1992428
0.06, 1974915
0.06, 1951415
0.06, 1932936
0.08, 1931258
0.08, 1913853
0.09, 1910300
0.09, 1908242
0.09, 1883544
0.16, 1864213
0.17, 1859884
0.18, 1795510
0.18, 1784523
0.19, 1782567
0.26, 1778197
0.29, 1776336
0.30, 1771309
0.30, 1768542
0.36, 1768259
0.39, 1752276
2.29, 1676225
2.33, 1672414
2.33, 1669764
6.99, 1669758
6.99, 1668490
6.99, 1666683
7.00, 1664498
7.01, 1663641
7.02, 1658958
7.03, 1649593
7.05, 1649295
7.05, 1638498
7.07, 1637210
7.11, 1631140
7.12, 1629900
7.14, 1623858
7.14, 1620677
7.21, 1620047
9.66, 1555720
9.67, 1555321
9.68, 1548271
9.68, 1546030
9.69, 1540912
9.74, 1525667
9.74, 1519312
9.75, 1486383
9.77, 1479367
9.78, 1470933
9.79, 1469987
9.81, 1468714
9.81, 1467590
9.88, 1465290
11.56, 1455063
11.56, 1448931
11.58, 1445742
11.58, 1435356
11.76, 1431467
80.24, 1428872
80.36, 1427037
81.97, 1425121
81.99, 1423098
81.99, 1420509
82.02, 1414889
