0.01, 3947232
0.01, 3937758
0.01, 3529161
0.01, 3481458
0.01, 3425767
0.01, 3134316
0.02, 3091515
0.02, 2858266
0.02, 2747443
0.02, 2746950
0.03, 2697314
0.03, 2433053
0.03, 2422748
0.03, 2411105
0.04, 2399511
0.04, 2309136
0.05, 2152191
0.05, 2101037
0.06, 2046851
0.07, 2018074
0.08, 1964060
0.08, 1953755
0.09, 1931543
0.10, 1867908
0.11, 1866971
0.12, 1856436
0.13, 1854390
0.14, 1780891
0.16, 1779999
0.16, 1771366
0.18, 1745155
0.19, 1727750
0.21, 1714921
0.22, 1712073
0.25, 1697600
0.28, 1682243
0.31, 1666176
0.34, 1633353
0.37, 1630732
0.42, 1627569
0.45, 1615982
0.49, 1603595
0.52, 1596088
0.56, 1567394
0.61, 1565106
0.66, 1562845
0.69, 1562277
0.73, 1561925
0.77, 1558858
0.81, 1548659
0.84, 1546492
0.88, 1545684
0.92, 1543495
0.96, 1537812
1.01, 1536498
1.13, 1535930
1.30, 1531460
1.37, 1520767
1.45, 1515245
1.57, 1509612
1.63, 1504738
1.65, 1496238
1.68, 1493656
1.69, 1488263
1.71, 1483983
1.75, 1479139
1.77, 1472131
1.79, 1468039
1.81, 1434389
1.82, 1433649
4.70, 1426226
4.74, 1422027
6.88, 1411628
8.27, 1407548
8.30, 1400517
8.32, 1400046
