0.01, 4016723
0.01, 4009977
0.01, 4006641
0.01, 3747350
0.02, 3610066
0.02, 3521707
0.02, 3503722
0.03, 3433529
0.03, 3375817
0.04, 3340700
0.04, 3282064
0.05, 3252148
0.05, 3184875
0.05, 3165153
0.06, 3099019
0.06, 3092012
0.06, 3054191
0.07, 3043613
0.07, 2839084
0.08, 2806592
0.09, 2743861
0.09, 2710169
0.10, 2538126
0.11, 2484112
0.11, 2443950
0.13, 2438019
0.13, 2067545
0.14, 2058899
0.15, 2046527
0.16, 2039665
0.17, 2036937
0.18, 2027657
0.19, 1983068
0.20, 1972763
0.20, 1949784
0.21, 1937039
0.23, 1918062
0.24, 1839873
0.25, 1793534
0.27, 1787919
0.28, 1782321
0.30, 1762612
0.31, 1759197
0.33, 1745956
0.35, 1740811
0.36, 1729898
0.39, 1714000
0.41, 1670776
0.43, 1662829
0.45, 1659447
0.47, 1658817
0.49, 1657552
0.50, 1652959
0.51, 1618139
0.53, 1611324
0.55, 1602483
0.57, 1589749
0.60, 1581525
0.63, 1569979
0.66, 1558534
0.68, 1548236
0.70, 1547428
0.73, 1545239
0.76, 1523931
0.78, 1522617
0.81, 1522049
0.82, 1514111
0.85, 1512353
0.88, 1510968
0.90, 1504428
0.93, 1501023
0.95, 1501010
0.98, 1491037
1.01, 1486163
1.03, 1476745
1.06, 1471359
1.09, 1437604
1.86, 1433649
2.95, 1411163
5.59, 1405947
