0.01, 4422744
0.01, 4417328
0.01, 4403788
0.01, 4327386
0.01, 4278701
0.01, 4277593
0.01, 4232645
0.01, 4205781
0.01, 4183469
0.01, 4168112
0.02, 4156487
0.02, 4156413
0.02, 4154602
0.02, 4068956
0.02, 4059930
0.02, 4058996
0.02, 4055222
0.03, 3994918
0.03, 3670419
0.03, 3655298
0.04, 3630717
0.04, 3628271
0.05, 3585654
0.05, 3577432
0.06, 3563932
0.07, 3557615
0.08, 3554732
0.08, 3542261
0.09, 3540752
0.09, 3535128
0.10, 3524837
0.10, 3497574
0.11, 3489655
0.11, 3485174
0.11, 3481191
0.12, 3474643
0.12, 3471410
0.13, 3463733
0.14, 3463677
0.15, 3405969
0.15, 3397691
0.16, 3347431
0.16, 3026012
0.17, 3024665
0.18, 2950071
0.19, 2634053
0.20, 2632915
0.20, 2631642
0.20, 2618396
0.20, 2605109
0.21, 2597595
0.21, 2557355
0.21, 2556189
0.21, 2536985
0.22, 2535190
0.22, 2534730
0.22, 2530014
0.23, 2529348
0.23, 2526632
0.24, 2520621
0.24, 2518039
0.26, 2503342
0.27, 2501545
0.28, 2493681
0.30, 2488159
0.31, 2485434
0.31, 2484600
0.32, 2483771
0.32, 2478126
0.33, 2476812
0.34, 2476244
0.35, 2475108
0.38, 2445126
0.40, 2275862
0.42, 2112083
0.44, 2026063
0.46, 1960679
0.48, 1934604
0.50, 1897580
0.52, 1895213
0.54, 1886341
0.55, 1762658
0.59, 1761918
0.63, 1451493
0.68, 1449632
0.70, 1433649
2.08, 1430952
2.10, 1422350
2.11, 1418070
2.12, 1417367
2.13, 1415875
2.14, 1415450
2.15, 1414519
2.17, 1406777
4.41, 1400046
8.20, 1395981
