0.01, 4526530
0.01, 4447373
0.01, 4439372
0.01, 4346142
0.01, 4020464
0.02, 3580912
0.02, 3390548
0.02, 3378976
0.02, 3331003
0.02, 3310213
0.02, 3249129
0.02, 3242843
0.03, 3214524
0.03, 3032774
0.03, 2853709
0.03, 2736894
0.04, 2696019
0.04, 2687862
0.04, 2684079
0.04, 2635884
0.04, 2628993
0.05, 2609201
0.06, 2595363
0.06, 2576237
0.07, 2567465
0.07, 2541133
0.07, 2381438
0.08, 2368694
0.08, 2361522
0.09, 2353094
0.10, 2291030
0.10, 2148757
0.11, 2147638
0.11, 2042955
0.12, 2040210
0.12, 2034329
0.13, 2030821
0.13, 1871833
0.14, 1867516
0.15, 1812499
0.16, 1807548
0.16, 1805939
0.16, 1786354
0.19, 1653900
0.19, 1652178
0.19, 1602908
0.21, 1599833
0.22, 1594354
0.24, 1594289
0.24, 1585252
0.24, 1583939
0.25, 1580116
0.26, 1569918
0.31, 1558341
0.33, 1558338
0.37, 1544128
2.45, 1544008
2.47, 1537828
2.49, 1537637
2.54, 1519208
2.54, 1492106
2.55, 1491535
2.56, 1486017
2.57, 1485049
2.82, 1484631
2.84, 1482396
26.56, 1471523
26.57, 1471496
26.58, 1469027
55.15, 1466260
55.30, 1455955
98.53, 1454984
98.57, 1449366
98.63, 1447914
