0.01, 4016723
0.01, 4009977
0.01, 4006641
0.01, 3747350
0.02, 3610066
0.02, 3521707
0.02, 3503722
0.03, 3433529
0.03, 3375817
0.03, 3340700
0.03, 3282064
0.03, 3252148
0.03, 3184875
0.03, 3165153
0.04, 3099019
0.04, 3092012
0.04, 3054191
0.04, 3043613
0.04, 2839084
0.04, 2806592
0.04, 2743861
0.05, 2710169
0.05, 2538126
0.05, 2484112
0.06, 2443950
0.07, 2438019
0.07, 2067545
0.08, 2058899
0.08, 2046527
0.09, 2039665
0.10, 2036937
0.10, 2027657
0.11, 1983068
0.11, 1972763
0.12, 1949784
0.12, 1937039
0.13, 1918062
0.14, 1839873
0.15, 1793534
0.16, 1787919
0.17, 1782321
0.17, 1762612
0.18, 1759197
0.19, 1745956
0.20, 1740811
0.21, 1729898
0.22, 1714000
0.23, 1670776
0.25, 1662829
0.26, 1659447
0.28, 1658817
0.31, 1657552
0.32, 1652959
0.34, 1618139
0.35, 1611324
0.37, 1602483
0.39, 1589749
0.41, 1581525
0.43, 1569979
0.45, 1558534
0.47, 1548236
0.49, 1547428
0.51, 1545239
0.53, 1523931
0.54, 1522617
0.55, 1522049
0.56, 1514111
0.57, 1512353
0.59, 1510968
0.59, 1504428
0.61, 1501023
0.62, 1501010
0.62, 1491037
0.63, 1486163
0.65, 1476745
0.67, 1471359
0.68, 1437604
0.99, 1433649
1.34, 1411163
2.52, 1405947
20.08, 1403443
20.09, 1402307
25.14, 1395981
