0.01, 3938318
0.01, 3902110
0.01, 3768510
0.01, 3766190
0.01, 3535649
0.01, 3342321
0.01, 3341698
0.01, 3310227
0.01, 3308238
0.01, 3288589
0.01, 3238334
0.01, 3235717
0.01, 3232458
0.01, 3194808
0.02, 3181631
0.02, 3161159
0.02, 3045682
0.02, 3015047
0.02, 3006918
0.02, 2980644
0.02, 2971993
0.02, 2682955
0.02, 2675405
0.03, 2665099
0.03, 2643371
0.03, 2622420
0.03, 2607875
0.03, 2599665
0.03, 2448019
0.03, 2426588
0.04, 2366446
0.04, 2365779
0.04, 2364986
0.04, 2353403
0.04, 2349360
0.04, 2349142
0.04, 2325267
0.06, 2315767
0.06, 2312556
0.07, 2286010
0.08, 2240419
0.08, 2147186
0.08, 2143928
0.09, 2136467
0.09, 2134996
0.10, 2126506
0.10, 2087468
0.10, 2043640
0.10, 2041275
0.11, 1984979
0.12, 1958058
0.13, 1956318
0.14, 1942716
0.14, 1941742
0.20, 1936128
0.33, 1934093
0.35, 1919308
0.37, 1916507
0.49, 1910298
0.53, 1900952
0.58, 1897073
0.58, 1892981
0.58, 1892300
0.58, 1885478
0.59, 1884477
0.64, 1881785
0.69, 1881045
0.73, 1880739
0.74, 1880370
0.75, 1879838
0.76, 1877649
0.84, 1874637
1.00, 1874105
1.17, 1873617
2.45, 1833915
2.45, 1823942
2.46, 1807543
2.48, 1806407
2.48, 1801422
2.48, 1797183
2.49, 1790621
2.50, 1786246
2.50, 1782419
2.51, 1781736
2.52, 1763134
2.53, 1760763
2.53, 1724842
2.56, 1722959
2.56, 1640195
2.58, 1623607
2.59, 1562837
2.59, 1550748
2.61, 1550154
2.67, 1547031
2.68, 1545758
2.68, 1545516
2.71, 1542239
2.77, 1540977
2.79, 1538138
3.03, 1536907
5.59, 1517467
5.61, 1477765
5.64, 1461604
5.74, 1457309
7.52, 1457282
7.54, 1448765
7.68, 1448294
7.70, 1445074
25.90, 1435231
