0.02, 4016723
0.02, 4009977
0.02, 4006641
0.03, 3747350
0.03, 3610066
0.03, 3521707
0.04, 3503722
0.04, 3433529
0.05, 3375817
0.05, 3340700
0.06, 3282064
0.06, 3252148
0.06, 3184875
0.06, 3165153
0.06, 3099019
0.06, 3092012
0.07, 3054191
0.07, 3043613
0.08, 2839084
0.08, 2806592
0.09, 2743861
0.09, 2710169
0.09, 2538126
0.10, 2484112
0.11, 2443950
0.12, 2438019
0.13, 2067545
0.14, 2058899
0.14, 2046527
0.16, 2039665
0.18, 2036937
0.19, 2027657
0.21, 1983068
0.22, 1972763
0.28, 1949784
0.35, 1937039
0.37, 1918062
0.40, 1839873
0.51, 1793534
0.54, 1787919
0.56, 1782321
0.59, 1762612
0.60, 1759197
0.61, 1745956
0.63, 1740811
0.64, 1729898
0.66, 1714000
0.68, 1670776
0.69, 1662829
0.70, 1659447
0.71, 1658817
0.73, 1657552
0.74, 1652959
0.76, 1618139
0.76, 1611324
0.78, 1602483
0.79, 1589749
0.80, 1581525
0.81, 1569979
0.83, 1558534
0.85, 1548236
0.86, 1547428
0.88, 1545239
0.89, 1523931
0.90, 1522617
0.92, 1522049
0.94, 1514111
0.97, 1512353
0.99, 1510968
1.01, 1504428
1.02, 1501023
1.04, 1501010
1.07, 1491037
1.09, 1486163
1.14, 1476745
1.17, 1471359
1.21, 1437604
2.38, 1433649
3.21, 1411163
6.37, 1405947
