0.01, 4127877
0.01, 3779643
0.01, 3477418
0.01, 3429048
0.01, 3300547
0.01, 3296077
0.01, 3289350
0.01, 3276266
0.01, 3258884
0.01, 3230137
0.01, 3026783
0.01, 3010601
0.01, 2973392
0.01, 2868484
0.01, 2859708
0.01, 2817083
0.01, 2791084
0.02, 2757248
0.02, 2739589
0.02, 2730774
0.03, 2705049
0.03, 2699654
0.03, 2692949
0.03, 2685877
0.03, 2684314
0.03, 2481002
0.03, 2470463
0.03, 2460521
0.03, 2460263
0.03, 2430695
0.03, 2410287
0.03, 2407931
0.04, 2406382
0.04, 2405209
0.04, 2394993
0.04, 2383443
0.04, 2373842
0.04, 2373774
0.04, 2262828
0.05, 2259567
0.05, 2228995
0.05, 2216399
0.05, 2211523
0.05, 2207986
0.06, 2207608
0.07, 2203116
0.07, 2197360
0.10, 2172366
0.10, 2171797
0.10, 2171600
0.10, 2161074
0.11, 2159241
0.11, 2150339
0.11, 2150102
0.20, 2149676
0.21, 2144800
0.21, 2135118
0.21, 2130229
0.22, 2124735
0.22, 2117010
0.22, 2091995
0.22, 2089225
0.23, 2084467
0.23, 2071091
0.23, 2048006
0.23, 1990711
0.23, 1971945
0.24, 1952463
0.24, 1951528
0.24, 1943260
0.24, 1939990
0.24, 1933711
0.24, 1929010
0.24, 1914663
0.25, 1913271
0.25, 1911663
0.25, 1876328
0.26, 1845356
0.26, 1829819
0.26, 1827924
0.27, 1826534
0.29, 1826110
0.30, 1823242
0.30, 1821024
0.31, 1784000
0.32, 1646865
0.32, 1633607
0.35, 1628529
3.77, 1607636
3.79, 1607326
3.82, 1606586
3.85, 1590603
3.86, 1503869
18.91, 1500086
18.91, 1490980
18.92, 1474997
32.37, 1467291
32.39, 1453081
32.40, 1453068
32.40, 1450845
32.46, 1450077
32.66, 1449764
32.69, 1436914
