0.00, 3744264
0.01, 3709649
0.01, 3488517
0.01, 3372444
0.01, 3335589
0.01, 3331850
0.02, 3265310
0.02, 3240086
0.02, 3208632
0.02, 3190744
0.02, 3171804
0.02, 3148577
0.02, 3095817
0.02, 3092238
0.02, 3062153
0.03, 3056881
0.03, 3037019
0.03, 2764562
0.03, 2377530
0.03, 2342379
0.03, 2273238
0.04, 2257812
0.04, 2227890
0.04, 2213057
0.05, 1992204
0.05, 1991115
0.06, 1970005
0.06, 1962456
0.06, 1947346
0.06, 1945322
0.06, 1922961
0.07, 1828808
0.08, 1788855
0.08, 1788392
0.09, 1783535
0.10, 1740866
0.11, 1737429
0.11, 1717719
0.12, 1716006
0.12, 1689619
0.13, 1684417
0.14, 1680135
0.16, 1633587
0.16, 1617426
0.17, 1607135
0.18, 1585706
0.18, 1584913
0.19, 1559445
0.20, 1558405
0.21, 1521828
0.22, 1519399
0.23, 1507302
0.24, 1491798
0.25, 1488393
0.26, 1481321
0.29, 1476851
0.32, 1471262
0.36, 1456013
0.39, 1413463
0.42, 1411163
1.01, 1410714
2.12, 1404333
4.05, 1400046
6.29, 1397117
6.33, 1395981
