0.01, 4442120
0.01, 4434586
0.01, 4430151
0.01, 4199150
0.01, 4050091
0.01, 4038581
0.01, 3985829
0.01, 3969806
0.01, 3939370
0.01, 3904209
0.02, 3870711
0.02, 3832747
0.02, 3810350
0.02, 3794587
0.02, 3697270
0.02, 3686774
0.02, 3675494
0.02, 3476441
0.03, 3473586
0.03, 3471522
0.04, 3465416
0.04, 3291142
0.04, 2828553
0.04, 2823404
0.04, 2792753
0.05, 2771010
0.05, 2688079
0.05, 2681722
0.05, 2641253
0.06, 2633584
0.06, 2369819
0.06, 2364097
0.07, 2266025
0.07, 2261532
0.07, 2241211
0.07, 2227708
0.07, 2217479
0.07, 2154349
0.10, 2153958
0.10, 2123861
0.10, 2084153
0.11, 2039193
0.12, 2037567
0.12, 2018828
0.13, 2011087
0.14, 2005115
0.14, 1997598
0.14, 1868603
0.14, 1845339
0.16, 1838535
0.18, 1790329
0.19, 1788532
0.19, 1780912
0.21, 1780348
0.23, 1754537
0.25, 1752425
0.26, 1750004
0.27, 1748143
0.33, 1745502
0.34, 1733563
0.40, 1717580
0.69, 1662100
0.71, 1652412
0.74, 1645324
0.76, 1618605
0.84, 1613274
0.87, 1612706
0.95, 1605163
0.95, 1593871
3.46, 1528555
3.47, 1514597
3.53, 1498614
14.14, 1493482
22.73, 1492730
22.73, 1477748
22.73, 1469237
22.74, 1462189
22.74, 1429512
22.75, 1428173
22.77, 1426796
