0.01, 4127877
0.01, 3779643
0.01, 3477418
0.01, 3429048
0.01, 3300547
0.01, 3296077
0.01, 3289350
0.01, 3276266
0.01, 3258884
0.01, 3230137
0.01, 3026783
0.01, 3010601
0.01, 2973392
0.01, 2868484
0.01, 2859708
0.01, 2817083
0.01, 2791084
0.01, 2757248
0.02, 2739589
0.02, 2730774
0.02, 2705049
0.02, 2699654
0.02, 2692949
0.02, 2685877
0.03, 2684314
0.03, 2481002
0.03, 2470463
0.03, 2460521
0.03, 2460263
0.04, 2430695
0.04, 2410287
0.04, 2407931
0.04, 2406382
0.05, 2405209
0.05, 2394993
0.05, 2383443
0.05, 2373842
0.06, 2373774
0.06, 2262828
0.06, 2259567
0.07, 2228995
0.07, 2216399
0.08, 2211523
0.08, 2207986
0.09, 2207608
0.09, 2203116
0.10, 2197360
0.12, 2172366
0.12, 2171797
0.13, 2171600
0.13, 2161074
0.15, 2159241
0.15, 2150339
0.15, 2150102
0.38, 2149676
0.40, 2144800
0.42, 2135118
0.43, 2130229
0.44, 2124735
0.44, 2117010
0.45, 2091995
0.45, 2089225
0.45, 2084467
0.46, 2071091
0.46, 2048006
0.47, 1990711
0.47, 1971945
0.47, 1952463
0.48, 1951528
0.48, 1943260
0.49, 1939990
0.51, 1933711
0.51, 1929010
0.52, 1914663
0.54, 1913271
0.57, 1911663
0.57, 1876328
0.59, 1845356
0.60, 1829819
0.60, 1827924
0.63, 1826534
0.66, 1826110
0.67, 1823242
0.68, 1821024
0.71, 1784000
0.71, 1646865
0.72, 1633607
0.79, 1628529
2.42, 1607636
2.43, 1607326
2.45, 1606586
2.49, 1590603
2.51, 1503869
18.17, 1500086
18.18, 1490980
18.19, 1474997
