0.01, 4087374
0.01, 4068237
0.01, 4062351
0.01, 4059862
0.01, 4028571
0.01, 4011993
0.01, 4006631
0.01, 3969945
0.01, 3958623
0.02, 3952229
0.02, 3946951
0.02, 3940758
0.02, 3939730
0.02, 3939309
0.02, 3924342
0.02, 3918697
0.02, 3917994
0.02, 3901132
0.02, 3895235
0.02, 3877347
0.02, 3863182
0.02, 3859811
0.02, 3859243
0.02, 3850574
0.02, 3840283
0.02, 3819866
0.02, 3816467
0.02, 3813194
0.02, 3810136
0.02, 3806162
0.02, 3802449
0.03, 3795122
0.03, 3795067
0.03, 3794936
0.03, 3793781
0.03, 3755789
0.03, 3744619
0.03, 3738999
0.03, 3733793
0.03, 3731513
0.04, 3595078
0.04, 3591477
0.04, 3530106
0.04, 3292010
0.04, 3289348
0.04, 3286983
0.05, 3281080
0.05, 3271662
0.06, 3266276
0.06, 3266061
0.07, 3264925
0.07, 3262011
0.08, 2890036
0.09, 2885285
0.10, 2881076
0.11, 2880180
0.12, 2874231
0.16, 2861108
0.18, 2853781
0.20, 2841936
0.23, 2825262
0.24, 2423667
0.26, 2415742
0.27, 2415207
0.28, 2415180
0.29, 2406339
0.30, 2403075
0.32, 2395558
0.33, 2366134
0.35, 2362045
0.37, 2262480
0.40, 2260626
0.44, 2091918
0.46, 1861115
0.48, 1811845
0.50, 1757550
0.52, 1735755
0.55, 1733364
0.57, 1679824
0.59, 1627917
0.62, 1623015
0.65, 1622275
0.67, 1536233
0.68, 1501993
0.68, 1499871
0.68, 1494989
0.69, 1481736
0.69, 1470045
0.71, 1432689
1.68, 1425824
1.71, 1419054
1.73, 1405796
8.84, 1404001
9.23, 1395981
