0.01, 4695869
0.01, 4369461
0.01, 4315310
0.01, 4235508
0.01, 4171134
0.01, 4032562
0.01, 3994460
0.01, 3898919
0.02, 3852318
0.02, 3804688
0.02, 3700859
0.02, 3677862
0.02, 3570737
0.02, 3535182
0.02, 3482257
0.02, 3409365
0.02, 3253023
0.02, 3246365
0.02, 3240711
0.02, 3167212
0.03, 3153533
0.03, 3148547
0.03, 3087612
0.04, 3086380
0.04, 3083591
0.05, 3066253
0.06, 3064688
0.07, 3047433
0.07, 3040261
0.07, 2839350
0.08, 2838872
0.09, 2826245
0.10, 2572558
0.11, 2502339
0.11, 2493821
0.11, 2486897
0.12, 2483390
0.15, 2482141
0.18, 2462579
0.21, 2433090
0.22, 2427595
0.23, 2420088
0.26, 2420057
0.28, 2419228
0.29, 2415514
0.29, 2408159
0.29, 2315766
0.31, 2280015
0.31, 2271905
0.31, 2271262
0.32, 2270472
0.32, 2255781
0.33, 2255234
0.33, 2255010
0.35, 2250439
0.36, 2245117
0.38, 2242685
0.38, 2240775
0.39, 1976877
0.39, 1929520
0.40, 1928913
0.40, 1854391
0.40, 1853680
0.42, 1650428
0.43, 1646133
0.44, 1588223
0.45, 1519529
0.46, 1516928
0.47, 1476793
0.49, 1464710
0.51, 1447800
0.53, 1443708
0.55, 1438723
0.57, 1428750
0.60, 1425788
0.65, 1424445
0.70, 1418825
0.73, 1412277
0.76, 1411141
0.81, 1410245
0.88, 1402307
