0.01, 4016723
0.01, 4009977
0.01, 4006641
0.01, 3747350
0.01, 3610066
0.01, 3521707
0.02, 3503722
0.02, 3433529
0.03, 3375817
0.03, 3340700
0.04, 3282064
0.04, 3252148
0.04, 3184875
0.05, 3165153
0.05, 3099019
0.05, 3092012
0.06, 3054191
0.06, 3043613
0.07, 2839084
0.07, 2806592
0.08, 2743861
0.08, 2710169
0.09, 2538126
0.09, 2484112
0.10, 2443950
0.11, 2438019
0.12, 2067545
0.13, 2058899
0.14, 2046527
0.15, 2039665
0.16, 2036937
0.17, 2027657
0.17, 1983068
0.17, 1972763
0.18, 1949784
0.19, 1937039
0.20, 1918062
0.21, 1839873
0.22, 1793534
0.23, 1787919
0.25, 1782321
0.26, 1762612
0.27, 1759197
0.29, 1745956
0.32, 1740811
0.34, 1729898
0.35, 1714000
0.35, 1670776
0.36, 1662829
0.38, 1659447
0.40, 1658817
0.41, 1657552
0.43, 1652959
0.44, 1618139
0.45, 1611324
0.46, 1602483
0.49, 1589749
0.52, 1581525
0.54, 1569979
0.56, 1558534
0.60, 1548236
0.62, 1547428
0.65, 1545239
0.67, 1523931
0.69, 1522617
0.71, 1522049
0.73, 1514111
0.75, 1512353
0.76, 1510968
0.79, 1504428
0.81, 1501023
0.84, 1501010
0.85, 1491037
0.87, 1486163
0.89, 1476745
0.91, 1471359
0.93, 1437604
1.98, 1433649
3.10, 1411163
5.46, 1405947
