1.26, 7236241
1.26, 7227521
1.27, 7181407
1.27, 7180822
1.28, 7179319
1.28, 7174402
1.28, 7171569
1.29, 7171517
1.29, 7140044
1.30, 7119316
1.32, 7117059
1.32, 7090456
1.33, 7088995
1.35, 7080747
1.38, 7075998
1.40, 7073164
1.41, 7070477
1.42, 7066289
1.45, 7064820
1.45, 7064075
1.45, 7053161
1.46, 7051117
1.47, 7045712
1.48, 7044915
1.48, 7041514
1.49, 7038723
1.50, 7037291
1.52, 7034383
1.52, 7031587
1.52, 7029117
1.53, 6908551
1.53, 6907632
1.53, 6906815
1.55, 6905763
1.55, 6813943
1.55, 6807889
1.57, 6806847
1.57, 6802265
1.59, 6800809
1.59, 6777712
1.59, 6774688
1.61, 6772545
1.62, 6770981
1.62, 6768570
1.64, 6766120
1.64, 6764836
1.64, 6746252
1.64, 6744449
1.66, 6742348
1.66, 6740789
1.67, 6736269
1.68, 6734577
1.68, 6731500
1.70, 6726780
1.70, 6670774
1.70, 6668917
1.70, 6662623
1.70, 6646133
1.70, 6643916
1.73, 6642847
1.73, 6631291
1.73, 6630806
1.74, 6629753
1.74, 6620088
1.74, 6619573
1.75, 6618968
1.75, 6610319
1.75, 6609835
1.75, 6609675
1.76, 6608618
1.77, 6607844
1.77, 6606828
1.79, 6606454
1.80, 6605739
1.81, 6605684
1.81, 6602791
1.81, 6600405
1.81, 6599370
1.83, 6594848
1.85, 6594758
1.85, 6594152
1.85, 6593336
1.87, 6592756
1.91, 6592546
1.91, 6591595
1.92, 6591128
1.93, 6588069
1.94, 6581326
1.94, 6581202
1.94, 6558241
1.95, 6557528
1.96, 6556903
1.96, 6556354
1.97, 6556346
2.00, 6554009
2.03, 6552315
2.04, 6551355
2.04, 6548939
2.04, 6547050
2.04, 6544294
2.04, 6543432
2.05, 6543040
2.05, 6537070
2.07, 6535408
2.11, 6535256
2.14, 6535047
2.17, 6534239
2.17, 6504221
2.22, 6503267
2.22, 6501610
2.22, 6501409
2.22, 6496214
2.23, 6492291
2.23, 6488102
2.24, 6485645
2.24, 6471809
2.24, 6470971
2.25, 6457602
2.27, 6451579
2.31, 6447044
2.39, 6444833
2.40, 6443945
2.40, 6429846
2.40, 6425654
2.40, 6424584
2.41, 6423230
2.51, 6421632
2.51, 6421606
2.51, 6339514
2.58, 6337731
2.58, 6328780
2.59, 6327531
2.59, 6301487
2.59, 6268484
2.59, 6266992
2.59, 6263532
2.60, 6252964
2.60, 6252722
2.69, 6250278
2.79, 6249375
2.79, 6242801
2.90, 6242315
2.91, 6240766
2.92, 6235228
2.92, 6212344
2.92, 6209942
2.93, 6205335
2.93, 6187590
2.94, 6185936
2.94, 6181424
2.95, 6178316
2.96, 6164916
2.96, 6159355
2.98, 6158742
3.00, 6146967
3.11, 6145187
3.12, 6141287
3.12, 6139735
3.14, 6134859
3.14, 6130472
3.15, 6130018
3.17, 6125480
3.18, 6124778
3.22, 6121276
3.26, 6120762
3.26, 6118250
3.26, 6107454
3.27, 6106302
3.28, 6105207
3.29, 6103835
3.29, 6083201
3.29, 6080668
3.30, 6078932
3.30, 6071679
3.30, 6069641
3.40, 6067594
3.43, 6066713
3.43, 6060929
3.49, 6056340
3.49, 6046148
3.50, 6045991
3.50, 6045265
3.50, 5951013
3.51, 5950286
3.57, 5950234
3.58, 5949719
3.58, 5948972
3.58, 5948398
3.59, 5942667
3.59, 5942655
3.59, 5862618
3.61, 5860576
3.61, 5860076
3.62, 5859850
3.62, 5856221
3.62, 5849433
3.62, 5847615
3.70, 5847561
3.70, 5846160
3.70, 5845177
3.70, 5816373
3.83, 5814014
3.83, 5811162
3.83, 5807941
3.84, 5759322
3.84, 5746143
3.84, 5730877
3.84, 5730750
3.85, 5717060
3.85, 5716037
3.85, 5715074
3.85, 5712456
3.86, 5712087
3.87, 5710750
3.87, 5706749
3.89, 5690787
3.89, 5688622
3.90, 5681302
3.99, 5679026
3.99, 5678125
4.05, 5677317
4.05, 5676677
4.05, 5675761
4.14, 5674571
4.14, 5672837
4.20, 5671873
4.30, 5671533
4.30, 5653427
4.30, 5648731
4.31, 5633986
4.31, 5582763
4.31, 5576252
4.31, 5575170
4.32, 5573020
4.32, 5548734
4.32, 5547462
4.32, 5526556
4.33, 5518334
4.34, 5518002
4.35, 5508130
4.35, 5504463
4.44, 5503486
4.50, 5501607
4.63, 5500928
4.93, 5500443
4.94, 5498961
4.94, 5497862
5.09, 5495481
5.10, 5491733
5.11, 5462957
5.21, 5462922
5.21, 5459478
5.21, 5456273
5.22, 5453684
5.29, 5452628
5.39, 5452281
5.39, 5448916
5.39, 5444264
5.39, 5380615
5.40, 5377149
5.40, 5371028
5.40, 5366119
5.40, 5364575
5.41, 5362086
5.41, 5335810
5.41, 5335582
5.41, 5286391
5.49, 5286244
5.57, 5285877
5.58, 5282013
5.58, 5281264
5.58, 5276781
5.58, 5275336
5.58, 5269043
5.59, 5267526
5.59, 5266798
5.59, 5258225
5.60, 5180754
5.60, 5180695
5.60, 5179474
5.61, 5176432
5.61, 5174341
5.62, 5172830
5.62, 5171739
5.63, 5170455
5.64, 5167695
5.64, 5167615
5.64, 5138388
5.64, 5137560
5.64, 5137035
5.65, 5135608
5.74, 5133407
5.74, 5132989
5.75, 5132853
5.75, 5124993
5.83, 5123298
5.93, 5112664
6.09, 5108225
6.28, 5106654
6.41, 5101550
6.52, 5101229
6.76, 5100952
7.02, 5100925
7.16, 5100857
7.23, 5098547
7.30, 5098373
7.45, 5098259
7.65, 5095525
7.81, 5094089
8.04, 5093910
8.16, 5087130
8.37, 5087064
9.30, 5086258
9.56, 5085525
9.73, 5085295
9.89, 5081920
10.13, 5080511
10.28, 5079263
10.54, 5074773
10.80, 5073507
11.46, 5048148
12.05, 5047320
13.00, 5046936
14.28, 5046865
15.41, 5012620
16.18, 5012047
17.03, 5011190
17.70, 5010800
18.71, 5009721
18.72, 5009373
18.72, 5009331
18.72, 5009086
19.70, 5006571
19.74, 5005879
19.83, 5005153
19.91, 5003539
20.00, 5001629
20.16, 5000559
20.30, 4997105
20.51, 4991373
20.74, 4986895
20.94, 4982913
21.20, 4975277
21.30, 4975179
21.40, 4975153
21.46, 4970832
21.52, 4969393
21.92, 4969042
22.24, 4968682
22.37, 4965472
22.82, 4964762
23.36, 4964703
23.53, 4964582
23.70, 4964578
23.92, 4964266
24.26, 4964139
24.72, 4963934
25.09, 4882386
25.47, 4817309
25.94, 4813196
26.12, 4812646
26.46, 4811895
26.96, 4810370
27.38, 4809254
27.69, 4808664
27.97, 4806944
28.41, 4806184
29.14, 4805851
29.54, 4804946
30.30, 4798278
31.14, 4757147
31.79, 4756878
32.58, 4742675
33.66, 4722761
34.37, 4722455
34.63, 4721832
34.90, 4721438
35.18, 4720635
35.34, 4720438
35.48, 4719750
35.79, 4716034
35.97, 4715902
36.20, 4715405
36.36, 4714522
37.21, 4713630
38.04, 4713594
39.54, 4696853
40.25, 4694363
41.41, 4576995
42.35, 4544094
43.47, 4537524
44.43, 4536583
44.68, 4536189
44.90, 4517980
45.10, 4516542
45.31, 4516112
45.47, 4515424
45.72, 4512780
45.89, 4512648
46.05, 4512151
46.32, 4511268
47.22, 4506698
47.80, 4506594
48.64, 4506080
49.74, 4505878
50.92, 4492491
51.94, 4418237
53.22, 4415409
54.23, 4376422
55.54, 4375888
56.34, 4375816
57.10, 4375088
58.13, 4289845
59.62, 4285920
60.69, 4285879
61.70, 4274969
62.82, 4195151
63.82, 4190817
65.17, 4168751
66.18, 4164317
67.42, 4160684
68.43, 4160502
68.43, 4160231
68.43, 4160175
68.44, 4159667
68.44, 4158887
70.00, 4156028
71.04, 4155613
71.93, 4155454
71.93, 4155027
72.96, 4153480
73.98, 4149881
75.14, 4148447
75.92, 4133772
77.02, 4133686
77.98, 4132115
79.41, 4131337
80.58, 4125780
80.59, 4125309
81.79, 4125246
82.71, 4124526
83.93, 4123318
84.11, 4122904
85.02, 4121596
86.31, 4052195
87.73, 4050517
87.75, 4048821
87.75, 4048765
87.76, 4048257
89.44, 4043128
89.44, 4040457
89.63, 4040142
90.22, 4038845
91.43, 3969433
92.46, 3962876
93.74, 3958474
94.84, 3958120
94.84, 3957540
94.84, 3956831
94.85, 3956775
94.85, 3956267
95.97, 3955963
97.14, 3954781
98.09, 3954587
99.37, 3954440
100.24, 3954277
