0.22, 7236241
0.22, 7227521
0.22, 7181407
0.22, 7180822
0.22, 7179319
0.22, 7174402
0.22, 7171569
0.22, 7171517
0.22, 7140044
0.23, 7119316
0.23, 7117059
0.23, 7090456
0.23, 7088995
0.23, 7080747
0.23, 7075998
0.24, 7073164
0.24, 7070477
0.24, 7066289
0.24, 7064820
0.24, 7064075
0.24, 7053161
0.25, 7051117
0.25, 7045712
0.25, 7044915
0.25, 7041514
0.25, 7038723
0.26, 7037291
0.27, 7034383
0.27, 7031587
0.28, 7029117
0.28, 6908551
0.28, 6907632
0.29, 6906815
0.30, 6905763
0.30, 6813943
0.31, 6807889
0.32, 6806847
0.33, 6802265
0.34, 6800809
0.34, 6777712
0.34, 6774688
0.35, 6772545
0.35, 6770981
0.36, 6768570
0.36, 6766120
0.36, 6764836
0.36, 6746252
0.36, 6744449
0.36, 6742348
0.36, 6740789
0.37, 6736269
0.38, 6734577
0.38, 6731500
0.39, 6726780
0.39, 6670774
0.39, 6668917
0.39, 6662623
0.39, 6646133
0.39, 6643916
0.41, 6642847
0.41, 6631291
0.41, 6630806
0.42, 6629753
0.42, 6620088
0.43, 6619573
0.43, 6618968
0.43, 6610319
0.43, 6609835
0.44, 6609675
0.45, 6608618
0.46, 6607844
0.46, 6606828
0.47, 6606454
0.47, 6605739
0.47, 6605684
0.47, 6602791
0.47, 6600405
0.48, 6599370
0.48, 6594848
0.49, 6594758
0.49, 6594152
0.49, 6593336
0.49, 6592756
0.50, 6592546
0.50, 6591595
0.50, 6591128
0.50, 6588069
0.50, 6581326
0.50, 6581202
0.50, 6558241
0.50, 6557528
0.51, 6556903
0.51, 6556354
0.51, 6556346
0.53, 6554009
0.53, 6552315
0.53, 6551355
0.53, 6548939
0.53, 6547050
0.53, 6544294
0.54, 6543432
0.54, 6543040
0.54, 6537070
0.54, 6535408
0.54, 6535256
0.55, 6535047
0.55, 6534239
0.55, 6504221
0.56, 6503267
0.56, 6501610
0.56, 6501409
0.57, 6496214
0.57, 6492291
0.57, 6488102
0.57, 6485645
0.57, 6471809
0.57, 6470971
0.57, 6457602
0.57, 6451579
0.58, 6447044
0.59, 6444833
0.59, 6443945
0.59, 6429846
0.59, 6425654
0.59, 6424584
0.59, 6423230
0.60, 6421632
0.60, 6421606
0.60, 6339514
0.62, 6337731
0.62, 6328780
0.62, 6327531
0.63, 6301487
0.63, 6268484
0.63, 6266992
0.63, 6263532
0.63, 6252964
0.63, 6252722
0.65, 6250278
0.66, 6249375
0.66, 6242801
0.68, 6242315
0.68, 6240766
0.68, 6235228
0.68, 6212344
0.68, 6209942
0.68, 6205335
0.68, 6187590
0.68, 6185936
0.68, 6181424
0.68, 6178316
0.68, 6164916
0.68, 6159355
0.69, 6158742
0.69, 6146967
0.70, 6145187
0.70, 6141287
0.70, 6139735
0.70, 6134859
0.70, 6130472
0.70, 6130018
0.71, 6125480
0.71, 6124778
0.72, 6121276
0.73, 6120762
0.73, 6118250
0.73, 6107454
0.74, 6106302
0.74, 6105207
0.74, 6103835
0.74, 6083201
0.74, 6080668
0.74, 6078932
0.74, 6071679
0.75, 6069641
0.76, 6067594
0.77, 6066713
0.77, 6060929
0.79, 6056340
0.79, 6046148
0.79, 6045991
0.80, 6045265
0.80, 5951013
0.80, 5950286
0.81, 5950234
0.82, 5949719
0.82, 5948972
0.82, 5948398
0.82, 5942667
0.83, 5942655
0.83, 5862618
0.84, 5860576
0.84, 5860076
0.84, 5859850
0.84, 5856221
0.84, 5849433
0.84, 5847615
0.85, 5847561
0.85, 5846160
0.85, 5845177
0.86, 5816373
0.87, 5814014
0.87, 5811162
0.87, 5807941
0.87, 5759322
0.87, 5746143
0.88, 5730877
0.88, 5730750
0.88, 5717060
0.88, 5716037
0.88, 5715074
0.88, 5712456
0.88, 5712087
0.88, 5710750
0.88, 5706749
0.89, 5690787
0.89, 5688622
0.89, 5681302
0.91, 5679026
0.91, 5678125
0.92, 5677317
0.92, 5676677
0.92, 5675761
0.94, 5674571
0.94, 5672837
0.96, 5671873
0.97, 5671533
0.98, 5653427
0.98, 5648731
0.98, 5633986
0.98, 5582763
0.98, 5576252
0.98, 5575170
0.98, 5573020
0.98, 5548734
0.98, 5547462
0.98, 5526556
0.98, 5518334
0.98, 5518002
0.98, 5508130
0.98, 5504463
1.01, 5503486
1.08, 5501607
1.14, 5500928
1.23, 5500443
1.23, 5498961
1.23, 5497862
1.35, 5495481
1.36, 5491733
1.36, 5462957
1.42, 5462922
1.42, 5459478
1.43, 5456273
1.43, 5453684
1.50, 5452628
1.60, 5452281
1.60, 5448916
1.60, 5444264
1.60, 5380615
1.60, 5377149
1.60, 5371028
1.60, 5366119
1.61, 5364575
1.61, 5362086
1.61, 5335810
1.62, 5335582
1.62, 5286391
1.69, 5286244
1.76, 5285877
1.76, 5282013
1.76, 5281264
1.77, 5276781
1.77, 5275336
1.77, 5269043
1.78, 5267526
1.78, 5266798
1.78, 5258225
1.78, 5180754
1.79, 5180695
1.79, 5179474
1.80, 5176432
1.80, 5174341
1.80, 5172830
1.80, 5171739
1.81, 5170455
1.82, 5167695
1.82, 5167615
1.83, 5138388
1.83, 5137560
1.83, 5137035
1.83, 5135608
1.92, 5133407
1.92, 5132989
1.92, 5132853
1.92, 5124993
1.98, 5123298
2.06, 5112664
2.14, 5108225
2.26, 5106654
2.34, 5101550
2.42, 5101229
2.50, 5100952
2.59, 5100925
2.67, 5100857
2.77, 5098547
2.96, 5098373
3.22, 5098259
3.40, 5095525
3.47, 5094089
3.61, 5093910
3.69, 5087130
3.85, 5087064
4.01, 5086258
4.25, 5085525
4.49, 5085295
4.80, 5081920
5.11, 5080511
5.37, 5079263
5.64, 5074773
5.96, 5073507
6.58, 5048148
7.17, 5047320
7.78, 5046936
8.36, 5046865
8.88, 5012620
9.60, 5012047
10.26, 5011190
10.94, 5010800
11.50, 5009721
11.50, 5009373
11.50, 5009331
11.51, 5009086
11.99, 5006571
12.05, 5005879
12.15, 5005153
12.23, 5003539
12.32, 5001629
12.48, 5000559
12.61, 4997105
12.73, 4991373
13.33, 4986895
13.59, 4982913
13.67, 4975277
13.73, 4975179
13.79, 4975153
13.87, 4970832
13.97, 4969393
14.05, 4969042
14.20, 4968682
14.34, 4965472
14.70, 4964762
15.40, 4964703
15.62, 4964582
15.85, 4964578
16.24, 4964266
16.68, 4964139
17.20, 4963934
17.50, 4882386
17.90, 4817309
18.48, 4813196
18.66, 4812646
18.96, 4811895
19.30, 4810370
19.69, 4809254
20.05, 4808664
20.43, 4806944
20.69, 4806184
21.11, 4805851
21.30, 4804946
21.96, 4798278
22.64, 4757147
23.68, 4756878
24.28, 4742675
24.99, 4722761
25.73, 4722455
25.97, 4721832
26.17, 4721438
26.40, 4720635
26.59, 4720438
26.80, 4719750
27.20, 4716034
27.36, 4715902
27.57, 4715405
27.74, 4714522
28.53, 4713630
29.41, 4713594
30.26, 4696853
31.12, 4694363
32.07, 4576995
32.77, 4544094
33.98, 4537524
34.64, 4536583
34.76, 4536189
34.95, 4517980
35.15, 4516542
35.31, 4516112
35.50, 4515424
35.81, 4512780
36.07, 4512648
36.25, 4512151
36.42, 4511268
37.15, 4506698
37.68, 4506594
38.40, 4506080
39.22, 4505878
40.17, 4492491
41.34, 4418237
42.62, 4415409
43.81, 4376422
44.75, 4375888
45.35, 4375816
46.02, 4375088
46.81, 4289845
47.62, 4285920
48.57, 4285879
49.38, 4274969
50.17, 4195151
50.86, 4190817
51.79, 4168751
52.62, 4164317
53.73, 4160684
54.57, 4160502
54.57, 4160231
54.57, 4160175
54.58, 4159667
54.58, 4158887
55.56, 4156028
56.28, 4155613
57.08, 4155454
57.08, 4155027
57.84, 4153480
58.71, 4149881
59.55, 4148447
60.38, 4133772
61.20, 4133686
61.94, 4132115
62.77, 4131337
63.98, 4125780
63.98, 4125309
64.76, 4125246
65.52, 4124526
66.37, 4123318
66.52, 4122904
67.20, 4121596
68.04, 4052195
68.80, 4050517
68.80, 4048821
68.80, 4048765
68.80, 4048257
69.54, 4043128
69.55, 4040457
69.70, 4040142
70.28, 4038845
71.12, 3969433
71.96, 3962876
72.63, 3958474
73.64, 3958120
73.65, 3957540
73.65, 3956831
73.65, 3956775
73.66, 3956267
74.51, 3955963
75.32, 3954781
76.28, 3954587
77.15, 3954440
77.90, 3954277
78.67, 3954089
79.50, 3953954
80.36, 3953780
81.30, 3951628
81.31, 3951555
82.08, 3951295
82.08, 3950979
82.81, 3950946
82.82, 3950475
83.91, 3950237
83.91, 3949694
84.80, 3949007
85.62, 3938544
86.35, 3928436
87.21, 3926354
87.21, 3925604
87.35, 3919383
87.99, 3919271
88.79, 3914774
89.63, 3905187
90.23, 3904217
91.22, 3824526
92.01, 3824304
92.77, 3816387
93.78, 3735465
94.57, 3735024
94.72, 3734552
94.89, 3734513
95.86, 3734322
96.84, 3734009
97.92, 3733967
98.96, 3733772
100.14, 3733728
101.23, 3732345
102.53, 3722430
102.53, 3721070
102.53, 3721029
102.53, 3720650
102.60, 3720006
102.64, 3719607
102.70, 3718126
102.72, 3718082
102.73, 3716841
102.74, 3716593
102.74, 3684726
102.74, 3684085
102.81, 3683882
103.00, 3683301
103.19, 3682858
103.34, 3680986
103.44, 3680125
103.57, 3672378
103.66, 3670951
103.75, 3670544
103.83, 3664981
103.98, 3664863
104.12, 3663961
104.20, 3663630
104.33, 3655204
104.47, 3653564
104.54, 3653524
105.00, 3652429
105.23, 3652240
105.46, 3647282
105.72, 3620590
105.99, 3615304
106.26, 3613599
106.33, 3613232
106.56, 3613055
106.83, 3612638
107.06, 3611338
107.14, 3611298
107.38, 3610158
107.46, 3609791
107.74, 3609306
108.05, 3608950
108.13, 3608802
108.22, 3608705
108.29, 3605116
108.44, 3604978
108.51, 3603159
108.58, 3598864
108.66, 3598407
108.86, 3598240
109.04, 3597658
109.20, 3562320
109.45, 3560126
109.76, 3559493
110.17, 3559293
110.64, 3553178
111.11, 3553140
111.51, 3552848
111.84, 3552520
112.19, 3547002
112.48, 3546528
112.74, 3528965
113.25, 3528523
113.64, 3485733
113.71, 3485620
114.07, 3420697
114.07, 3420655
114.41, 3418837
114.48, 3418698
114.55, 3416186
114.57, 3411393
114.57, 3411345
114.64, 3410664
114.72, 3410642
114.90, 3410234
114.90, 3410230
115.06, 3407557
115.06, 3407550
115.29, 3405991
115.48, 3405924
115.69, 3405299
115.69, 3404718
115.97, 3403381
116.27, 3403089
116.48, 3403034
116.70, 3401566
116.93, 3401354
117.25, 3401152
117.71, 3400289
118.13, 3400016
118.74, 3399960
119.25, 3399819
119.80, 3367359
120.07, 3367199
120.55, 3365963
120.82, 3365706
121.27, 3349696
121.50, 3349391
121.95, 3339145
122.23, 3338638
122.79, 3338451
123.59, 3330854
124.03, 3329831
124.55, 3329719
125.13, 3328575
125.83, 3325967
126.74, 3325612
127.44, 3323526
127.52, 3323402
127.65, 3323222
127.70, 3322903
127.70, 3322729
127.76, 3322650
127.89, 3321991
128.22, 3321786
128.53, 3320403
128.95, 3320329
129.38, 3320027
129.79, 3318155
130.25, 3317028
131.02, 3311601
131.64, 3311048
132.30, 3310500
133.21, 3309043
134.06, 3307459
134.78, 3306575
135.63, 3305020
136.51, 3305004
137.27, 3304718
138.10, 3304472
138.10, 3303604
138.10, 3303349
138.17, 3302162
138.23, 3302054
138.31, 3301675
138.41, 3301342
138.48, 3301300
138.61, 3300896
138.68, 3300419
138.91, 3299566
139.50, 3299514
140.09, 3299507
140.64, 3299504
141.15, 3299030
141.78, 3298906
141.79, 3298523
141.79, 3298176
142.15, 3298057
142.40, 3297775
142.69, 3297759
143.48, 3290445
143.71, 3290024
144.25, 3289534
144.79, 3289025
145.26, 3288076
145.81, 3288021
146.34, 3287880
146.83, 3287542
147.42, 3287262
147.92, 3286785
148.51, 3286474
149.10, 3285752
150.04, 3285721
151.01, 3285061
152.05, 3284674
153.57, 3284145
154.85, 3283648
156.38, 3283582
156.86, 3283037
157.17, 3282972
158.42, 3281456
159.73, 3277224
160.98, 3276347
162.69, 3275010
164.45, 3274657
166.23, 3274568
168.58, 3271455
170.69, 3271058
171.99, 3270599
174.02, 3270592
175.54, 3270540
177.26, 3268030
178.90, 3267522
180.54, 3267393
182.76, 3266927
184.56, 3266870
186.15, 3266730
186.63, 3266473
187.23, 3265489
189.63, 3264810
191.80, 3263435
194.39, 3261280
196.99, 3261043
198.79, 3259947
201.16, 3259729
203.45, 3259433
205.58, 3255377
207.65, 3253496
209.77, 3253469
211.98, 3249833
214.40, 3246788
216.50, 3246625
218.50, 3236190
220.53, 3234630
222.63, 3231742
225.15, 3220905
227.14, 3214961
229.16, 3213934
231.13, 3212094
233.60, 3212047
235.55, 3211368
237.74, 3208467
239.86, 3202287
241.72, 3202070
242.25, 3201827
242.62, 3201417
243.17, 3201321
243.60, 3201285
243.95, 3199732
245.73, 3198651
247.65, 3198434
249.74, 3198295
251.85, 3195623
254.27, 3195543
256.59, 3195412
258.68, 3195276
260.82, 3194768
263.42, 3188239
265.48, 3180092
267.39, 3179969
269.51, 3178575
271.61, 3178338
274.09, 3161421
276.27, 3161090
278.44, 3160980
280.64, 3160978
282.99, 3160417
285.41, 3160138
288.55, 3159532
291.12, 3157390
293.80, 3157364
296.31, 3157336
299.02, 3156898
301.05, 3156762
303.74, 3156717
306.34, 3151941
308.86, 3143308
311.50, 3141328
314.35, 3137652
316.70, 3131708
318.89, 3129096
321.53, 3124639
324.53, 3122155
327.25, 3118306
329.60, 3112147
332.03, 3111610
334.90, 3104673
337.38, 3099342
339.73, 3098222
342.15, 3095815
345.20, 3092207
347.88, 3080201
350.72, 3067304
353.71, 3066471
356.35, 3066364
359.14, 3063077
362.13, 3060851
365.02, 3060819
368.55, 3060599
372.07, 3059214
375.44, 3059183
378.78, 3059042
381.73, 3058531
384.77, 3057598
387.47, 3052135
390.11, 3051441
393.32, 3051162
396.84, 3050732
399.74, 3050002
402.20, 3046437
404.84, 3045065
407.91, 3021802
410.66, 3021075
413.67, 3020651
416.83, 3010546
420.40, 3010007
423.71, 3007160
426.72, 3006846
429.64, 3006771
432.63, 3004090
436.26, 3003306
439.19, 3003043
442.56, 3002979
445.82, 2997012
449.08, 2996818
452.19, 2996426
455.51, 2988595
458.68, 2984326
461.72, 2978050
464.83, 2977385
467.36, 2977266
469.71, 2976858
471.86, 2976735
474.48, 2975628
476.90, 2974746
478.98, 2974467
481.35, 2970390
483.91, 2946676
486.49, 2944003
488.90, 2944002
491.28, 2939021
494.03, 2938302
496.62, 2927941
499.24, 2926653
501.67, 2924178
504.43, 2923442
506.87, 2922883
509.47, 2922669
511.97, 2919878
514.53, 2909534
517.02, 2901555
519.41, 2897489
522.04, 2897328
524.61, 2897037
527.06, 2892783
530.06, 2892462
532.52, 2892053
534.70, 2891630
537.32, 2891282
540.04, 2884475
543.45, 2883746
546.31, 2883003
549.12, 2882977
551.80, 2882945
554.49, 2882077
557.92, 2880962
560.61, 2880740
564.25, 2880129
566.75, 2878737
569.46, 2878736
572.03, 2878708
574.88, 2877922
577.67, 2877899
580.12, 2877672
583.46, 2871063
585.82, 2870781
588.51, 2869733
591.13, 2869419
594.72, 2868796
597.73, 2866884
600.89, 2865636
