0.65, 7230157
0.65, 7191300
0.66, 7187683
0.67, 7160862
0.71, 7156545
0.72, 7151702
0.75, 7151286
0.79, 7147212
0.80, 7062995
0.80, 7041692
0.81, 7037287
0.82, 7035926
0.84, 7017864
0.84, 7014575
0.84, 6975229
0.87, 6974133
0.88, 6971236
0.94, 6965426
1.00, 6963064
1.00, 6952959
1.08, 6952801
1.08, 6933623
1.09, 6915050
1.09, 6906243
1.09, 6904255
1.09, 6897217
1.10, 6871040
1.10, 6858675
1.10, 6854444
1.14, 6842675
1.25, 6835073
1.26, 6710381
1.26, 6706661
1.29, 6701450
1.31, 6689271
1.31, 6689200
1.32, 6685403
1.36, 6676775
1.37, 6668327
1.38, 6532457
1.38, 6530700
1.39, 6525202
1.42, 6524746
1.44, 6518421
1.50, 6514344
1.66, 6501748
1.80, 6485241
1.98, 6471655
2.05, 6470018
2.13, 6465811
2.22, 6465444
2.35, 6450111
2.45, 6445080
2.57, 6432231
2.63, 6431490
2.68, 6431367
2.73, 6426937
2.77, 6402339
2.81, 6398654
2.86, 6397372
2.93, 6395043
2.97, 6379662
3.04, 6370776
3.15, 6364228
3.25, 6359518
3.42, 6350968
3.65, 6339778
3.78, 6315191
3.90, 6308645
4.03, 6301771
4.19, 6295108
4.30, 6292169
4.41, 6288318
4.53, 6284776
4.71, 6283746
4.85, 6283572
4.95, 6275230
5.04, 6267589
5.12, 6265435
5.21, 6237424
5.45, 6227524
5.67, 6225665
5.87, 6223728
5.97, 6193564
6.09, 6192773
6.22, 6192000
6.45, 6176036
6.68, 6166481
6.89, 6164683
7.01, 6139949
7.09, 6139760
7.24, 6125771
7.39, 6109624
7.45, 6109614
7.51, 6101196
7.58, 6092771
7.64, 6088377
7.78, 6057626
7.94, 6055919
8.12, 6051577
8.28, 6045312
8.76, 6040480
9.26, 6038883
9.39, 6034807
9.43, 6033525
9.53, 6030829
9.58, 6029146
9.64, 6026161
9.74, 6018838
9.82, 5993350
9.91, 5986872
10.08, 5984240
10.22, 5974003
10.34, 5881913
10.45, 5874049
10.70, 5872108
10.81, 5865128
10.89, 5856383
11.02, 5852989
11.17, 5847561
11.30, 5832529
11.38, 5827087
11.47, 5802326
11.65, 5800220
11.75, 5769742
11.83, 5769306
11.91, 5761019
12.00, 5647321
12.16, 5642249
12.33, 5641031
12.44, 5639876
12.54, 5638166
12.66, 5636985
12.78, 5634728
12.88, 5548931
12.96, 5547806
13.04, 5511358
13.13, 5510988
13.22, 5509144
13.31, 5507661
13.39, 5505864
13.47, 5505509
13.56, 5495200
13.65, 5494020
13.74, 5487329
13.82, 5473654
13.90, 5466460
14.00, 5447467
14.09, 5446181
14.47, 5445208
14.59, 5435787
14.70, 5413986
14.80, 5399060
14.88, 5382140
14.97, 5379079
15.04, 5326486
15.11, 5325654
15.19, 5324350
15.31, 5321361
15.40, 5313316
15.50, 5298467
15.59, 5288134
15.69, 5285060
15.86, 5284220
16.14, 5277238
16.36, 5265559
16.57, 5256099
16.78, 5246529
16.95, 5246011
17.11, 5242251
17.29, 5242124
17.46, 5226320
17.69, 5206781
17.86, 5189580
18.09, 5186934
18.51, 5185671
19.14, 5160232
19.39, 5155678
19.81, 5140779
20.14, 5130002
20.47, 5107626
20.47, 5106961
20.84, 5103390
20.84, 5099270
21.08, 5094119
21.35, 5093740
21.60, 5074290
21.85, 5049157
22.28, 5047647
22.74, 5047225
23.10, 5038261
23.47, 5017883
23.94, 5017471
24.41, 5014099
24.86, 5013296
25.26, 5001567
25.63, 4995309
25.95, 4993864
26.34, 4991685
26.75, 4986019
27.23, 4974173
27.58, 4972455
27.88, 4966866
28.45, 4960470
29.22, 4953133
29.54, 4952000
29.97, 4948092
30.45, 4939763
30.87, 4938635
31.22, 4926499
31.55, 4924770
31.97, 4919310
32.48, 4919103
32.91, 4908648
33.26, 4907426
33.57, 4906934
33.90, 4901432
34.38, 4899134
34.83, 4892658
34.83, 4891454
34.83, 4891423
35.09, 4890739
35.18, 4888528
35.34, 4827592
35.50, 4818763
35.67, 4805424
35.85, 4801961
36.01, 4800140
36.24, 4793550
36.49, 4785745
36.73, 4782024
36.91, 4752092
37.08, 4741512
37.24, 4733932
37.43, 4720492
37.74, 4720298
38.00, 4701228
38.38, 4694368
39.03, 4693274
39.25, 4677235
39.56, 4653674
39.86, 4653037
40.20, 4652951
40.68, 4652650
41.00, 4648992
41.26, 4630883
41.51, 4605272
41.76, 4594452
42.05, 4574487
42.41, 4563749
42.78, 4546290
43.07, 4545145
43.40, 4542244
43.69, 4541910
43.95, 4541372
44.28, 4535449
44.66, 4534593
44.95, 4525636
45.19, 4514315
45.47, 4512426
45.72, 4508525
46.08, 4506390
46.41, 4497883
46.77, 4495765
47.19, 4491967
47.46, 4487539
47.71, 4486763
48.03, 4485496
48.39, 4480080
49.05, 4478940
49.28, 4471862
49.54, 4471570
49.78, 4449456
50.11, 4446940
50.53, 4446867
50.77, 4446624
51.02, 4442294
51.26, 4441339
51.42, 4441103
51.79, 4440055
52.40, 4438740
52.77, 4437106
53.31, 4436524
53.82, 4435056
54.53, 4430731
54.99, 4429519
55.61, 4416277
56.13, 4412641
56.80, 4411913
57.13, 4410863
57.62, 4407370
57.98, 4407004
59.09, 4402934
59.84, 4402741
60.34, 4398396
60.94, 4394100
61.28, 4394016
61.79, 4392561
62.47, 4390698
63.11, 4311255
63.65, 4306828
64.24, 4300463
64.98, 4300316
65.42, 4299995
65.99, 4298121
66.66, 4288608
67.19, 4287664
67.65, 4286028
68.32, 4278795
69.40, 4277664
69.87, 4274862
70.57, 4268908
71.30, 4257080
71.64, 4255751
72.17, 4252907
72.90, 4243354
73.60, 4225786
74.60, 4221977
75.29, 4205507
75.87, 4203619
76.78, 4201645
77.27, 4201059
77.80, 4199114
78.14, 4193721
79.23, 4193651
79.70, 4191786
80.36, 4191542
80.96, 4191474
81.48, 4190283
82.03, 4185457
82.90, 4184698
83.44, 4184022
83.95, 4183451
84.64, 4182739
85.23, 4178682
85.84, 4178460
86.56, 4177922
87.08, 4175124
87.71, 4169670
88.31, 4167889
89.17, 4167689
89.84, 4166246
90.65, 4166233
91.17, 4164611
91.82, 4164541
92.55, 4164180
93.18, 4163573
93.77, 4162670
94.40, 4151928
94.99, 4150716
95.60, 4148969
96.26, 4148559
97.05, 4147200
97.91, 4146945
99.15, 4145912
100.16, 4129848
