0.09, 7237047
0.09, 7224636
0.09, 7206449
0.09, 7167714
0.09, 7165608
0.09, 7161868
0.10, 7161797
0.10, 7143940
0.10, 7075981
0.10, 7027148
0.10, 7020867
0.10, 7019490
0.10, 6922954
0.10, 6916271
0.10, 6901951
0.11, 6869251
0.11, 6783091
0.11, 6770409
0.11, 6767017
0.11, 6764512
0.11, 6723592
0.11, 6713123
0.11, 6709660
0.11, 6696638
0.11, 6635914
0.11, 6580133
0.11, 6577273
0.11, 6575405
0.11, 6554546
0.11, 6548861
0.11, 6519193
0.11, 6512490
0.12, 6501558
0.12, 6498663
0.12, 6493922
0.12, 6462989
0.12, 6457615
0.12, 6456175
0.12, 6454247
0.12, 6450313
0.12, 6388701
0.12, 6314800
0.12, 6312682
0.12, 6311686
0.12, 6302961
0.12, 6270435
0.12, 6237517
0.12, 6229921
0.12, 6210271
0.12, 6196640
0.12, 6137985
0.12, 6137567
0.12, 6123576
0.13, 6120629
0.13, 6109019
0.13, 6095025
0.13, 6046078
0.13, 6028187
0.13, 6014171
0.13, 6012450
0.13, 5991395
0.13, 5984267
0.13, 5982145
0.13, 5844306
0.13, 5678911
0.13, 5663774
0.14, 5655738
0.14, 5655656
0.14, 5654342
0.14, 5644099
0.14, 5636666
0.14, 5628477
0.14, 5625340
0.14, 5625211
0.15, 5435352
0.15, 5433644
0.15, 5429195
0.15, 5410599
0.16, 5408247
0.16, 5399438
0.16, 5351656
0.16, 5346808
0.16, 5334780
0.16, 5333068
0.16, 5316474
0.16, 5310032
0.16, 5293023
0.17, 5292129
0.17, 5263465
0.17, 5214375
0.17, 5195013
0.17, 5193306
0.18, 5179490
0.18, 5177493
0.18, 5171645
0.18, 5168561
0.18, 5168009
0.19, 5150993
0.19, 5146311
0.19, 5145690
0.19, 5137687
0.19, 5137616
0.20, 5136664
0.20, 5098202
0.20, 5003855
0.20, 4977016
0.21, 4966084
0.21, 4964054
0.21, 4958096
0.21, 4951684
0.21, 4937700
0.21, 4929068
0.21, 4926072
0.21, 4925517
0.22, 4922124
0.22, 4908303
0.22, 4898587
0.22, 4896550
0.23, 4896450
0.23, 4893896
0.23, 4855695
0.23, 4837289
0.23, 4837284
0.23, 4830059
0.24, 4768443
0.24, 4759429
0.24, 4729307
0.24, 4728223
0.24, 4718199
0.24, 4715401
0.25, 4711430
0.25, 4687103
0.26, 4679753
0.26, 4675591
0.26, 4675484
0.26, 4665517
0.26, 4634516
0.26, 4629987
0.27, 4619028
0.27, 4618296
0.27, 4616804
0.27, 4616435
0.27, 4605874
0.28, 4605787
0.28, 4589808
0.29, 4582382
0.29, 4575840
0.29, 4464403
0.29, 4429361
0.29, 4424442
0.30, 4423685
0.30, 4410233
0.30, 4409270
0.30, 4397738
0.30, 4394281
0.31, 4389375
0.31, 4388643
0.32, 4386610
0.32, 4384644
0.32, 4381738
0.32, 4359816
0.32, 4358868
0.32, 4316421
0.33, 4265992
0.33, 4265634
0.33, 4265001
0.34, 4264244
0.34, 4198784
0.34, 4193578
0.34, 4192063
0.34, 4189660
0.34, 4186797
0.35, 4184729
0.35, 4153988
0.36, 4153620
0.36, 4139345
0.36, 4127859
0.36, 4124238
0.36, 4117324
0.37, 4116071
0.37, 4115864
0.37, 4077444
0.37, 4076888
0.38, 4072942
0.38, 4072359
0.38, 4014642
0.38, 4011893
0.39, 4011065
0.39, 4008699
0.39, 4005467
0.39, 3937049
0.39, 3931447
0.40, 3912662
0.40, 3878969
0.42, 3873254
0.42, 3872278
0.43, 3867230
0.43, 3863099
0.43, 3859273
0.43, 3857017
0.44, 3852281
0.44, 3850179
0.45, 3845011
0.45, 3843868
0.45, 3836583
0.45, 3833410
0.47, 3830345
0.48, 3827917
0.48, 3816350
0.48, 3788835
0.48, 3783162
0.48, 3782458
0.48, 3768450
0.48, 3762829
0.50, 3761861
0.50, 3759350
0.50, 3754281
0.50, 3753195
0.52, 3751386
0.52, 3747567
0.53, 3745331
0.53, 3713345
0.53, 3712557
0.53, 3709857
0.54, 3709398
0.55, 3706129
0.55, 3705968
0.55, 3665598
0.55, 3664966
0.55, 3663983
0.55, 3661787
0.55, 3661363
0.56, 3656898
0.56, 3653854
0.56, 3647446
0.56, 3644178
0.56, 3636050
0.57, 3595244
0.57, 3590396
0.57, 3580714
0.58, 3580101
0.58, 3532744
0.59, 3531384
0.59, 3530187
0.60, 3526704
0.60, 3522198
0.60, 3515112
0.60, 3514770
0.60, 3505053
0.61, 3499772
0.62, 3494519
0.62, 3487079
0.62, 3484790
0.62, 3484154
0.63, 3482735
0.63, 3468858
0.64, 3371813
0.64, 3368968
0.65, 3299301
0.65, 3282705
0.66, 3281521
0.66, 3272127
0.66, 3269422
0.66, 3265497
0.67, 3264441
0.67, 3261041
0.69, 3213581
0.69, 3212865
0.69, 3210262
0.70, 3209868
0.70, 3209403
0.71, 3206685
0.72, 3200271
0.73, 3199466
0.73, 3194243
0.74, 3191973
0.74, 3191960
0.74, 3186016
0.77, 3180281
0.77, 3176470
0.77, 3171329
0.78, 3156401
0.78, 3155299
0.78, 3149335
0.79, 3147656
0.82, 3146675
0.83, 3142358
0.84, 3142323
0.84, 3141806
0.84, 3139380
0.84, 3127455
0.86, 3118076
0.86, 3107531
0.86, 3106157
0.87, 3103328
0.88, 3101167
0.88, 3070657
0.88, 3045900
0.91, 3044230
0.92, 3034376
0.93, 3034120
0.93, 3033954
0.93, 3032917
0.94, 3026018
0.94, 3025870
0.96, 3023719
0.96, 3023414
0.97, 3023111
0.98, 3022266
0.99, 3021137
0.99, 3014277
0.99, 3012751
1.00, 3012249
1.00, 3008975
1.00, 3008540
1.00, 3006148
1.01, 3006116
1.01, 3000889
1.01, 2997326
1.01, 2996681
1.01, 2992534
1.02, 2983563
1.04, 2969518
1.05, 2969516
1.07, 2965769
1.07, 2962513
1.08, 2962438
1.08, 2931625
1.08, 2928296
1.08, 2925202
1.09, 2919404
1.10, 2896650
1.12, 2895147
1.14, 2894937
1.14, 2892295
1.14, 2890947
1.16, 2890715
1.17, 2888729
1.19, 2885991
1.19, 2883187
1.20, 2881388
1.20, 2880520
1.20, 2879864
1.21, 2877557
1.22, 2875475
1.24, 2873954
1.24, 2871795
1.25, 2870644
1.26, 2863585
1.26, 2863241
1.26, 2861778
1.28, 2823612
1.28, 2823001
1.29, 2814956
1.30, 2810932
1.31, 2808927
1.32, 2806646
1.32, 2806190
1.34, 2805776
1.34, 2801999
1.34, 2801786
1.36, 2799736
1.37, 2797666
1.37, 2795848
1.39, 2795736
1.39, 2795374
1.41, 2793813
1.42, 2792279
1.42, 2791738
1.43, 2791456
1.44, 2785645
1.47, 2781658
1.48, 2780972
1.48, 2778665
1.49, 2777530
1.49, 2772736
1.59, 2765129
1.60, 2760429
1.61, 2758423
1.67, 2754131
1.67, 2753298
1.70, 2751160
1.71, 2748089
1.72, 2746792
1.74, 2746310
1.74, 2745701
1.77, 2745219
1.77, 2743079
1.78, 2740162
1.84, 2739827
1.84, 2739806
1.86, 2739655
1.87, 2737344
1.87, 2724892
1.89, 2720647
1.90, 2720183
1.90, 2719742
1.90, 2718339
1.93, 2716742
1.94, 2716377
1.95, 2715128
1.97, 2714321
1.97, 2714066
2.00, 2702881
2.00, 2702288
2.01, 2701058
2.02, 2699485
2.02, 2698841
2.03, 2696277
2.04, 2693963
2.07, 2692078
2.08, 2690735
2.08, 2689128
2.14, 2688726
2.14, 2688238
2.15, 2687785
2.16, 2682964
2.16, 2605484
2.16, 2602497
2.16, 2602435
2.16, 2601730
2.18, 2564452
2.18, 2563884
2.19, 2562895
2.23, 2562129
2.24, 2561020
2.24, 2553991
2.24, 2553516
2.25, 2553007
2.28, 2549557
2.29, 2546851
2.29, 2546746
2.31, 2545522
2.32, 2545296
2.32, 2531011
2.32, 2529965
2.33, 2529736
2.33, 2529049
2.34, 2526522
2.34, 2526260
2.39, 2524388
2.40, 2521655
2.40, 2507147
2.43, 2506410
2.44, 2503698
2.44, 2502571
2.45, 2501053
2.47, 2500010
2.47, 2499798
2.47, 2496956
2.48, 2496903
2.49, 2495126
2.49, 2460602
2.49, 2460465
2.51, 2454830
2.52, 2452837
2.54, 2449047
2.55, 2446739
2.56, 2446504
2.60, 2424343
2.61, 2418607
2.61, 2416338
2.62, 2416298
2.62, 2414514
2.63, 2412674
2.64, 2410191
2.65, 2407312
2.66, 2405542
2.67, 2403382
2.69, 2402763
2.70, 2402735
2.71, 2398905
2.73, 2391977
2.73, 2390581
2.76, 2390519
2.76, 2389647
2.79, 2385690
2.80, 2384736
2.83, 2378700
2.84, 2374805
2.91, 2373359
2.96, 2372206
2.96, 2367533
3.02, 2365085
3.06, 2361932
3.10, 2360810
3.13, 2341174
3.13, 2340024
3.13, 2310330
3.13, 2309132
3.15, 2307744
3.17, 2304876
3.18, 2303257
3.23, 2287037
3.23, 2279178
3.27, 2278408
3.35, 2275886
3.36, 2275731
3.38, 2269463
3.39, 2266897
3.42, 2264985
3.44, 2264404
3.48, 2263431
3.51, 2258673
3.53, 2254001
3.55, 2246304
3.56, 2246276
3.60, 2246272
3.61, 2244991
3.62, 2244811
3.63, 2242702
3.64, 2232001
3.64, 2231896
3.67, 2231066
3.69, 2228432
3.69, 2227366
3.71, 2221050
3.74, 2219432
3.80, 2218723
3.82, 2217607
3.83, 2216686
3.84, 2215804
3.88, 2215260
3.90, 2214168
3.90, 2204250
3.95, 2200117
4.12, 2197410
4.14, 2184066
4.16, 2175195
4.22, 2171707
4.26, 2171535
4.31, 2171185
4.33, 2170727
4.33, 2169126
4.33, 2153908
4.35, 2138617
4.48, 2138131
4.53, 2137780
4.55, 2135799
4.58, 2135613
4.58, 2134794
4.68, 2134161
4.70, 2133898
4.75, 2133863
4.75, 2132199
4.84, 2131189
4.87, 2128785
4.89, 2127284
4.90, 2126502
4.90, 2126305
4.97, 2125321
5.02, 2125180
5.05, 2123734
5.22, 2118384
5.27, 2115359
5.30, 2115283
5.31, 2115219
5.39, 2113509
5.57, 2112934
5.61, 2112869
5.66, 2112839
5.68, 2112461
5.71, 2110228
5.73, 2109907
5.73, 2109284
5.75, 2108917
5.76, 2108805
5.77, 2106696
5.81, 2106662
5.86, 2106528
5.89, 2106074
5.91, 2105813
5.92, 2105617
5.92, 2102527
5.96, 2101904
6.00, 2100920
6.03, 2100037
6.07, 2099631
6.11, 2098148
6.21, 2098141
6.24, 2097854
6.28, 2097824
6.29, 2092873
6.35, 2087824
6.40, 2087811
6.40, 2084940
6.55, 2084580
6.64, 2083743
6.65, 2082240
6.66, 2076500
6.68, 2073579
6.77, 2072470
6.78, 2067622
6.82, 2066816
6.82, 2066585
6.84, 2062830
6.84, 2061433
6.89, 2060092
6.97, 2059664
7.07, 2059373
7.08, 2058395
7.09, 2056154
7.12, 2055710
7.15, 2055691
7.21, 2055688
7.32, 2055431
7.32, 2050162
7.45, 2049928
7.47, 2035669
7.50, 2034012
7.52, 2033266
7.57, 2033122
7.61, 2026940
7.68, 2026924
7.70, 2026863
7.77, 2025162
7.79, 2023461
7.84, 2023096
7.85, 2022452
7.89, 2017026
7.98, 2002957
7.98, 2002219
7.99, 2000641
7.99, 2000316
8.03, 2000229
8.05, 2000098
8.14, 1999239
8.15, 1996781
8.18, 1993889
8.24, 1993680
8.34, 1992821
8.38, 1987651
8.39, 1986133
8.47, 1985544
8.56, 1984852
8.62, 1980537
8.67, 1979899
8.76, 1979894
8.82, 1979177
8.90, 1979030
8.92, 1978469
8.98, 1976732
9.03, 1971384
9.14, 1971365
9.18, 1970974
9.33, 1970957
9.42, 1969685
9.47, 1969540
9.52, 1966384
9.59, 1961777
9.71, 1959372
9.71, 1958870
9.72, 1958070
9.72, 1957685
9.75, 1956985
9.76, 1955763
9.78, 1952647
9.81, 1952272
9.81, 1952246
9.91, 1951567
9.93, 1951564
9.94, 1950058
10.05, 1949424
10.12, 1926180
10.13, 1925384
10.15, 1925164
10.17, 1918703
10.18, 1918507
10.21, 1864257
10.29, 1864190
10.47, 1864049
10.52, 1863939
10.53, 1862654
10.54, 1861480
10.66, 1861002
10.73, 1860836
10.75, 1860492
10.77, 1859775
10.78, 1859467
10.79, 1852244
10.81, 1852016
10.86, 1846982
10.92, 1846725
10.94, 1839954
10.95, 1839939
11.09, 1839870
11.14, 1839132
11.19, 1832614
11.20, 1831358
11.21, 1828299
11.28, 1827869
11.30, 1826073
11.38, 1825465
11.42, 1824927
11.45, 1823983
11.55, 1823787
11.57, 1823546
11.57, 1823169
11.57, 1821334
11.59, 1821229
11.62, 1820869
11.65, 1820580
11.71, 1818714
11.71, 1818334
11.72, 1817915
11.78, 1817213
11.83, 1816001
11.90, 1813468
11.99, 1813227
12.09, 1813203
12.12, 1812587
12.13, 1812094
12.23, 1811460
12.32, 1810198
42.19, 1810139
42.22, 1808277
42.25, 1807880
42.33, 1807353
42.35, 1800667
42.48, 1800521
42.50, 1800258
42.55, 1798872
42.67, 1796788
42.68, 1796602
42.71, 1796542
42.72, 1795621
42.74, 1793979
63.35, 1793435
63.43, 1792738
63.45, 1792653
63.51, 1791988
63.57, 1790167
63.62, 1782539
63.70, 1782524
63.72, 1782339
63.73, 1782293
63.73, 1782001
63.81, 1780706
63.82, 1780416
77.38, 1778224
77.39, 1777903
77.41, 1776125
77.44, 1775296
77.45, 1774258
77.47, 1773822
77.47, 1773812
77.52, 1773643
77.56, 1769785
77.64, 1769287
77.67, 1765621
77.70, 1765486
77.73, 1765295
77.74, 1764109
77.86, 1763115
77.89, 1762777
77.90, 1760498
77.91, 1757387
77.93, 1754115
77.93, 1753421
77.95, 1752002
77.96, 1751937
77.97, 1750844
78.00, 1749851
78.01, 1749498
78.04, 1746096
78.13, 1746022
78.16, 1743049
78.26, 1738596
78.28, 1738332
78.34, 1734300
78.37, 1734107
78.41, 1732831
78.52, 1732709
78.56, 1732474
78.58, 1729886
78.58, 1729630
78.66, 1727318
78.69, 1727198
78.69, 1724764
78.70, 1724727
78.72, 1724671
78.73, 1722246
78.76, 1719896
78.77, 1719115
78.79, 1718489
78.80, 1718226
78.87, 1717922
78.96, 1717345
79.01, 1716884
79.04, 1713188
79.06, 1712475
79.16, 1711892
79.18, 1711650
79.18, 1710324
79.25, 1709659
79.25, 1707567
79.29, 1707135
79.41, 1706867
79.46, 1706709
79.46, 1706057
79.54, 1705217
79.58, 1704453
79.60, 1704295
79.61, 1703393
79.70, 1702037
79.71, 1700444
79.79, 1698565
79.79, 1697051
79.81, 1696530
79.90, 1696259
79.97, 1695003
79.99, 1694007
80.03, 1685705
80.15, 1685001
80.18, 1684943
80.24, 1683526
80.26, 1683213
80.30, 1680467
80.33, 1679936
80.33, 1679926
80.38, 1679693
80.44, 1674234
80.49, 1673821
80.59, 1673813
80.62, 1673161
80.64, 1673155
80.71, 1672690
80.72, 1669824
80.81, 1668705
80.86, 1668538
80.95, 1668082
81.01, 1668059
