0.47, 6852407
0.47, 6720029
0.48, 6719847
0.48, 6717750
0.48, 6714428
0.48, 6712513
0.49, 6712318
0.49, 6703859
0.49, 6691886
0.50, 6690653
0.52, 6687093
0.53, 6685127
0.53, 6640489
0.54, 6636802
0.55, 6636057
0.55, 6560999
0.56, 6558258
0.56, 6550958
0.58, 6550852
0.58, 6471225
0.58, 6469792
0.58, 6463204
0.59, 6462458
0.59, 6461589
0.59, 6384703
0.60, 6383428
0.61, 6382882
0.64, 6381526
0.64, 6377410
0.64, 6373535
0.64, 6248594
0.64, 6247092
0.65, 6245339
0.65, 6241049
0.65, 6235216
0.66, 6116165
0.66, 6089380
0.67, 6080642
0.72, 6078798
0.80, 6077223
0.82, 6076162
0.87, 6073076
0.88, 6068574
0.88, 6057260
0.89, 6056104
0.89, 6048673
0.90, 6033606
0.91, 6030566
0.92, 6018469
0.94, 6015268
0.95, 6010643
0.95, 6008643
0.95, 6005579
0.96, 5976090
0.96, 5971106
0.97, 5969096
0.97, 5968284
0.98, 5965860
0.98, 5959818
0.99, 5953221
1.02, 5949441
1.02, 5947552
1.04, 5944417
1.04, 5894233
1.04, 5893317
1.07, 5891352
1.07, 5888589
1.07, 5888431
1.07, 5881551
1.07, 5857351
1.07, 5855177
1.08, 5839211
1.09, 5838263
1.10, 5838193
1.11, 5837231
1.12, 5833443
1.16, 5828509
1.18, 5824561
1.20, 5823941
1.28, 5822712
1.28, 5822176
1.29, 5815659
1.37, 5814404
1.37, 5797836
1.37, 5796168
1.37, 5773180
1.37, 5769399
1.38, 5758430
1.38, 5754180
1.39, 5752740
1.39, 5748416
1.41, 5747364
1.41, 5747359
1.43, 5741003
1.44, 5738786
1.44, 5734924
1.45, 5732196
1.52, 5729591
1.52, 5729418
1.52, 5709417
1.58, 5709017
1.58, 5707905
1.59, 5707130
1.59, 5699760
1.59, 5699678
1.59, 5697622
1.59, 5696654
1.59, 5677204
1.59, 5677182
1.60, 5676398
1.60, 5674748
1.67, 5674378
1.67, 5674369
1.67, 5615879
1.68, 5613757
1.69, 5606414
1.75, 5605534
1.75, 5602155
1.75, 5593893
1.75, 5593747
1.75, 5583678
1.75, 5579997
1.75, 5576350
1.76, 5574208
1.77, 5574206
1.77, 5564660
1.77, 5564510
1.77, 5564276
1.78, 5563853
1.78, 5562936
1.78, 5562284
1.79, 5561544
1.87, 5560697
1.95, 5559651
1.95, 5511333
1.96, 5509569
1.96, 5493759
2.01, 5493432
2.01, 5483415
2.01, 5463240
2.02, 5459128
2.06, 5459019
2.06, 5458914
2.07, 5450485
2.08, 5450365
2.08, 5446029
2.12, 5445792
2.12, 5445785
2.12, 5428291
2.17, 5426239
2.17, 5425292
2.25, 5424708
2.30, 5424300
2.30, 5340247
2.37, 5339739
2.46, 5339605
2.46, 5339471
2.51, 5339198
2.58, 5337161
2.66, 5336880
2.73, 5335412
2.86, 5334868
2.86, 5319193
2.89, 5318789
2.90, 5318024
3.02, 5317976
3.03, 5316803
3.21, 5316708
3.21, 5314661
3.21, 5311063
3.34, 5308899
3.52, 5308741
3.52, 5305708
3.52, 5305514
3.53, 5303909
3.53, 5288939
3.54, 5285370
3.54, 5284410
3.54, 5280393
3.55, 5275708
3.56, 5273256
3.57, 5264228
3.57, 5262689
3.57, 5245360
3.57, 5243983
3.58, 5234207
3.58, 5234106
3.60, 5229517
3.61, 5227656
3.61, 5209231
3.61, 5196745
3.61, 5184910
3.63, 5184183
3.65, 5181826
3.66, 5154682
3.66, 5135119
3.66, 5133022
3.67, 5131442
3.68, 5131360
3.68, 5130033
3.68, 5106599
3.68, 5103529
3.68, 5102310
3.69, 5094256
3.69, 5054901
3.69, 5054878
3.69, 5054388
3.69, 5051117
3.70, 4981307
3.70, 4977081
3.70, 4967811
3.72, 4964576
3.72, 4955678
3.72, 4952403
3.73, 4944859
3.73, 4944229
3.73, 4933097
3.73, 4928581
3.74, 4926826
3.74, 4925962
3.75, 4925472
3.77, 4923172
3.78, 4922708
3.80, 4921630
3.82, 4921534
3.84, 4917871
3.92, 4917634
3.97, 4917310
4.04, 4917135
4.11, 4916607
4.20, 4916456
4.35, 4915098
4.49, 4915062
4.49, 4899595
4.49, 4893734
4.50, 4893035
4.50, 4888766
4.50, 4885751
4.50, 4881583
4.50, 4853388
4.50, 4839013
4.51, 4822365
4.51, 4821995
4.54, 4821933
4.55, 4821165
4.55, 4818612
4.69, 4818333
4.88, 4817901
5.31, 4817068
5.62, 4816067
5.81, 4816006
5.95, 4808606
6.18, 4807495
6.38, 4799113
6.64, 4758961
6.87, 4755154
7.23, 4748340
7.73, 4741072
7.90, 4660052
8.04, 4654404
8.15, 4654079
8.33, 4653818
8.46, 4639733
8.70, 4638824
8.70, 4638792
9.10, 4638531
9.10, 4637650
9.54, 4637506
9.75, 4635418
9.98, 4635321
10.26, 4602894
10.54, 4602274
10.81, 4602209
11.15, 4591936
11.39, 4591768
11.57, 4580946
11.73, 4574513
11.73, 4574480
11.88, 4572093
11.88, 4571652
12.11, 4570688
12.37, 4570397
12.54, 4559994
12.76, 4535184
13.17, 4533443
13.69, 4533295
13.98, 4532809
14.26, 4529110
14.55, 4504278
14.71, 4503692
15.03, 4502481
15.28, 4446212
15.41, 4443863
15.60, 4441077
15.85, 4441069
16.08, 4434776
16.34, 4433380
16.55, 4426915
16.55, 4426903
16.77, 4425695
16.78, 4425137
17.10, 4424846
17.64, 4422869
17.88, 4415858
18.02, 4410214
18.18, 4409975
18.18, 4409942
18.40, 4408733
18.70, 4408374
18.70, 4408327
19.10, 4406895
19.11, 4406863
19.53, 4406806
19.54, 4405822
20.18, 4391774
20.99, 4388183
21.63, 4388170
21.97, 4388111
22.43, 4386021
23.07, 4383759
23.76, 4380138
23.76, 4379826
23.84, 4378560
23.92, 4378489
23.92, 4371339
24.18, 4371320
24.51, 4370717
25.21, 4368254
25.90, 4361701
26.45, 4361413
26.83, 4361354
27.88, 4359020
28.43, 4357733
28.77, 4357239
29.22, 4356379
29.93, 4345992
30.38, 4336593
30.92, 4293306
31.78, 4292820
32.57, 4266512
32.83, 4266396
33.22, 4266337
33.91, 4265500
34.39, 4264783
35.10, 4264321
35.82, 4262798
36.39, 4262533
37.10, 4258996
38.02, 4257748
38.27, 4257698
38.61, 4257064
39.42, 4256547
40.05, 4255281
40.66, 4254300
41.04, 4254034
41.38, 4253975
42.12, 4253357
42.70, 4253236
43.46, 4251429
44.14, 4246020
45.03, 4245869
45.92, 4245841
46.63, 4242147
47.92, 4238395
48.69, 4232972
49.59, 4227809
50.38, 4227169
51.38, 4222773
51.71, 4222109
51.99, 4221993
52.56, 4221160
53.75, 4212510
54.66, 4212478
55.72, 4212295
56.64, 4210072
58.16, 4207780
59.45, 4197310
60.41, 4191906
61.55, 4190155
63.21, 4190107
64.40, 4186268
65.76, 4183338
67.48, 4181290
68.42, 4181044
69.52, 4180031
70.45, 4176437
70.61, 4176349
71.47, 4174919
71.71, 4174801
72.10, 4174468
73.33, 4174149
74.24, 4172609
74.52, 4171276
74.85, 4171160
75.90, 4139986
76.77, 4138925
78.16, 4137821
79.07, 4137553
80.09, 4136442
80.44, 4135673
81.26, 4135069
82.10, 4134224
82.97, 4133036
83.88, 4132760
84.70, 4131657
85.68, 4129740
86.54, 4128057
86.79, 4126427
87.14, 4126311
88.33, 4120234
88.58, 4118728
89.34, 4118272
90.08, 4117886
90.09, 4117795
90.09, 4117681
90.16, 4117513
90.37, 4117121
90.37, 4116571
91.57, 4116040
91.83, 4115498
92.24, 4115333
92.86, 4110663
93.37, 4109481
93.99, 4103914
94.18, 4103731
94.47, 4101169
94.82, 4101096
95.19, 4095490
95.71, 4095011
95.72, 4094801
95.96, 4048861
95.96, 4048685
96.20, 4046872
96.54, 4044285
96.54, 4044102
96.84, 4000626
97.29, 3997158
97.82, 3935588
97.82, 3935569
98.07, 3935435
98.37, 3934237
98.67, 3934151
99.04, 3933536
99.04, 3933359
99.37, 3933004
99.62, 3927513
99.90, 3917187
99.90, 3915166
100.15, 3914886
