0.27, 7056114
0.27, 7040047
0.27, 7029367
0.27, 7017028
0.27, 7012031
0.28, 7007865
0.28, 7001403
0.29, 6990072
0.29, 6989984
0.29, 6886277
0.29, 6875981
0.29, 6870700
0.29, 6829175
0.29, 6721283
0.29, 6716250
0.30, 6705592
0.30, 6705437
0.30, 6702524
0.30, 6701744
0.30, 6700669
0.31, 6675495
0.31, 6674590
0.31, 6666261
0.31, 6662841
0.32, 6623195
0.32, 6606968
0.32, 6588079
0.32, 6576539
0.33, 6562447
0.33, 6559313
0.33, 6554346
0.33, 6510123
0.34, 6506810
0.34, 6475686
0.34, 6406064
0.34, 6392699
0.35, 6391462
0.35, 6347201
0.35, 6301939
0.35, 6283869
0.35, 6283233
0.35, 6279653
0.36, 6274596
0.37, 6270070
0.37, 6254999
0.38, 6250976
0.38, 6240715
0.38, 6219455
0.39, 6147557
0.39, 6131056
0.40, 6129055
0.40, 6123718
0.40, 6122302
0.40, 6115787
0.41, 6115428
0.41, 6114669
0.41, 6111787
0.41, 6103207
0.41, 6102171
0.42, 6099942
0.42, 6089423
0.42, 6077691
0.43, 6069643
0.43, 6012269
0.44, 5985825
0.44, 5962900
0.45, 5961840
0.45, 5951931
0.45, 5933483
0.45, 5926316
0.46, 5903729
0.46, 5900402
0.46, 5899367
0.47, 5890575
0.47, 5889741
0.47, 5872344
0.49, 5866132
0.49, 5858589
0.50, 5854743
0.50, 5824116
0.50, 5797285
0.50, 5722957
0.51, 5705191
0.52, 5673042
0.53, 5667396
0.53, 5665842
0.53, 5599835
0.53, 5597084
0.54, 5594138
0.55, 5583822
0.57, 5552733
0.57, 5536214
0.58, 5524665
0.58, 5524222
0.59, 5518817
0.59, 5486691
0.59, 5482967
0.60, 5472993
0.60, 5459811
0.60, 5450635
0.60, 5438879
0.60, 5433952
0.60, 5423665
0.60, 5391685
0.62, 5379392
0.63, 5378741
0.63, 5376228
0.63, 5368247
0.63, 5367969
0.64, 5365024
0.64, 5363004
0.64, 5303080
0.64, 5301228
0.65, 5289359
0.65, 5287439
0.65, 5281288
0.65, 5280886
0.66, 5279396
0.66, 5276047
0.66, 5186391
0.67, 5174188
0.67, 5168862
0.67, 5167178
0.67, 5160696
0.67, 5114888
0.67, 5110312
0.68, 5081681
0.68, 5080436
0.68, 5080239
0.68, 5073096
0.68, 5071284
0.69, 5069140
0.69, 5044997
0.69, 5038819
0.69, 5038431
0.70, 5036709
0.70, 5035801
0.70, 5022767
0.70, 5016724
0.71, 5014726
0.71, 4972122
0.71, 4957072
0.71, 4946613
0.72, 4941150
0.75, 4935144
0.76, 4927642
0.76, 4915682
0.77, 4915367
0.78, 4910772
0.79, 4905946
0.79, 4903347
0.79, 4878714
0.80, 4875148
0.80, 4861853
0.82, 4858879
0.82, 4830884
0.82, 4830856
0.82, 4827988
0.83, 4827364
0.85, 4820631
0.85, 4816172
0.85, 4804920
0.87, 4795233
0.87, 4795052
0.88, 4794487
0.89, 4791188
0.90, 4786729
0.90, 4773296
0.91, 4771887
0.93, 4761192
0.93, 4749957
0.93, 4749079
0.93, 4745462
0.94, 4740151
0.95, 4721729
0.96, 4720523
0.97, 4720441
0.98, 4699052
0.98, 4648563
0.98, 4646469
0.99, 4634793
1.00, 4630498
1.01, 4630430
1.01, 4622285
1.01, 4621234
1.02, 4591779
1.03, 4575265
1.04, 4561089
1.07, 4558532
1.07, 4549675
1.08, 4548135
1.09, 4540358
1.10, 4532497
1.10, 4529561
1.11, 4525098
1.11, 4522424
1.12, 4509360
1.12, 4502256
1.13, 4496267
1.15, 4496218
1.16, 4492562
1.18, 4489615
1.18, 4476957
1.18, 4472013
1.22, 4398435
1.26, 4397911
1.26, 4354826
1.26, 4342289
1.26, 4341687
1.28, 4340504
1.29, 4339898
1.30, 4339522
1.30, 4336195
1.31, 4331584
1.31, 4327794
1.33, 4314255
1.35, 4309968
1.35, 4309567
1.37, 4308442
1.38, 4303466
1.38, 4295448
1.38, 4294247
1.39, 4290204
1.39, 4284548
1.39, 4283916
1.40, 4274989
1.40, 4271761
1.40, 4268967
1.41, 4268649
1.41, 4213424
1.41, 4212401
1.43, 4202733
1.43, 4176521
1.43, 4163959
1.44, 4145436
1.45, 4143506
1.45, 4142121
1.45, 4140972
1.48, 4089510
1.48, 4084488
1.50, 4074415
1.51, 4049221
1.52, 4046800
1.53, 4042037
1.57, 4041286
1.59, 3995830
1.60, 3967873
1.60, 3926850
1.61, 3920452
1.64, 3920017
1.65, 3915117
1.67, 3912178
1.69, 3909035
1.71, 3908593
1.77, 3907061
1.77, 3886794
1.79, 3883609
1.80, 3878489
1.81, 3876284
1.83, 3875163
1.84, 3870805
1.86, 3870337
1.87, 3861182
1.87, 3858411
1.88, 3854621
1.89, 3847590
1.89, 3843183
1.90, 3839375
1.91, 3837057
1.93, 3834167
1.96, 3833404
1.98, 3826091
1.98, 3822758
2.00, 3789706
2.05, 3784700
2.06, 3783335
2.06, 3779717
2.07, 3766410
2.09, 3764480
2.13, 3762034
2.13, 3729031
2.14, 3728434
2.14, 3728102
2.15, 3725557
2.18, 3725385
2.23, 3719758
2.25, 3693952
2.26, 3684325
2.26, 3674160
2.28, 3673828
2.28, 3658016
2.30, 3657824
2.30, 3647046
2.31, 3646003
2.47, 3645338
2.49, 3642486
2.51, 3621570
2.59, 3615352
2.64, 3612735
2.69, 3612682
2.78, 3611508
2.90, 3611394
2.90, 3605235
2.90, 3599191
2.92, 3597933
2.95, 3596992
2.96, 3583222
2.99, 3583203
3.00, 3582245
3.02, 3579542
3.03, 3569045
3.05, 3562765
3.06, 3562713
3.07, 3554477
3.08, 3503173
3.09, 3495875
3.10, 3495064
3.10, 3495032
3.11, 3490051
3.11, 3486401
3.14, 3484403
3.14, 3397395
3.16, 3395264
3.20, 3391756
3.21, 3382576
3.23, 3382133
3.28, 3304525
3.29, 3303244
3.35, 3301762
3.43, 3301362
3.43, 3300860
3.43, 3292444
3.44, 3292377
3.45, 3283387
3.48, 3278123
3.48, 3274956
3.49, 3215572
3.49, 3202997
3.50, 3202643
3.51, 3201649
3.52, 3189231
3.56, 3172706
3.64, 3170283
3.66, 3166502
3.67, 3166407
3.70, 3110892
3.72, 3108803
3.73, 3081242
3.73, 3077164
3.73, 3075377
3.74, 3074482
3.75, 3072672
3.78, 3066364
3.80, 3065608
3.80, 3064796
3.82, 3063295
3.88, 3060078
3.92, 3055737
3.93, 3054349
3.96, 2977817
3.97, 2938553
3.97, 2924183
3.98, 2922503
4.01, 2922355
4.01, 2911244
4.05, 2911062
4.06, 2897130
4.06, 2896969
4.07, 2896965
4.07, 2895746
4.08, 2893876
4.13, 2892619
4.14, 2885307
4.14, 2873513
4.16, 2872016
4.17, 2871937
4.19, 2870888
4.22, 2861630
4.23, 2854978
4.23, 2853636
4.29, 2852133
4.42, 2851437
4.45, 2845580
4.48, 2836662
4.48, 2826697
4.50, 2826116
4.59, 2825325
4.60, 2823198
4.64, 2809478
4.64, 2806745
4.67, 2780457
4.72, 2776508
4.74, 2775360
4.75, 2749103
4.76, 2747328
4.77, 2744663
4.77, 2737893
4.81, 2737419
4.87, 2723580
4.88, 2720368
4.89, 2720223
4.97, 2718986
5.08, 2718716
5.15, 2716252
5.18, 2715896
5.18, 2714960
5.23, 2714246
5.35, 2697357
5.35, 2690031
5.41, 2689196
5.43, 2689060
5.44, 2681286
5.46, 2666377
5.49, 2666337
5.50, 2631805
5.50, 2629594
5.52, 2621914
5.55, 2621332
5.55, 2618867
5.55, 2617794
5.60, 2602668
5.70, 2546076
5.71, 2545776
5.78, 2545633
5.84, 2544057
5.86, 2543110
5.88, 2534659
6.00, 2531278
6.00, 2522622
6.04, 2521515
6.07, 2517498
6.17, 2514031
6.19, 2513543
6.23, 2510688
6.24, 2510063
6.24, 2510055
6.24, 2507956
6.31, 2498856
6.33, 2498739
6.33, 2496547
6.34, 2496265
6.36, 2495603
6.39, 2492903
6.40, 2492721
6.44, 2491152
6.45, 2488966
6.46, 2488422
6.52, 2488223
6.53, 2487054
6.57, 2486584
6.57, 2482789
6.58, 2482305
6.64, 2481892
6.65, 2481710
6.66, 2481355
6.75, 2480085
6.75, 2478185
6.76, 2472860
6.77, 2471150
6.78, 2469366
6.78, 2466611
6.79, 2465347
6.82, 2461139
6.83, 2459846
6.92, 2451073
6.95, 2448802
6.97, 2446956
7.17, 2444776
7.19, 2444274
7.23, 2439230
7.24, 2436220
7.38, 2434813
7.41, 2427318
7.41, 2425531
7.42, 2425247
7.42, 2423585
7.44, 2423242
7.45, 2422872
7.45, 2421442
7.47, 2419034
7.47, 2416828
7.49, 2416323
7.50, 2414750
7.50, 2413651
7.60, 2412001
7.61, 2399292
7.75, 2398512
7.78, 2395983
7.79, 2393909
7.79, 2393699
7.84, 2393193
7.92, 2392789
7.94, 2377440
8.06, 2376485
8.08, 2376373
8.09, 2374775
8.12, 2373317
8.13, 2369914
8.14, 2369502
8.27, 2366627
8.28, 2364784
8.41, 2364623
8.49, 2364264
8.49, 2363105
8.60, 2342184
8.62, 2339985
8.63, 2339530
8.67, 2338392
8.68, 2335576
8.76, 2325005
8.95, 2323556
9.04, 2323306
9.05, 2315150
9.07, 2311895
9.13, 2310254
9.14, 2309389
9.21, 2307862
9.29, 2306095
9.40, 2290967
9.43, 2229218
9.46, 2227675
9.52, 2224944
9.57, 2224226
9.59, 2222151
9.60, 2221250
9.62, 2220329
9.63, 2220258
9.64, 2192903
9.67, 2192263
9.73, 2188762
9.77, 2185974
9.78, 2185878
9.85, 2185832
9.88, 2184946
9.91, 2181503
9.94, 2167658
10.02, 2164997
10.03, 2163360
10.04, 2163245
10.17, 2162828
10.24, 2162484
10.38, 2154554
10.43, 2152738
10.45, 2142861
10.46, 2125986
10.48, 2120391
10.55, 2111556
10.60, 2107948
10.64, 2107560
10.68, 2103888
10.77, 2101908
10.81, 2099175
10.88, 2097612
11.06, 2075757
11.14, 2067251
11.19, 2067235
11.23, 2065193
11.23, 2064733
11.23, 2063564
11.28, 2058097
11.28, 2054110
11.28, 2053871
11.30, 2042401
11.30, 2041187
11.42, 2040838
11.53, 2028534
11.54, 2028209
11.57, 2025642
11.60, 2024060
11.68, 2021068
11.90, 2020914
11.94, 2020579
11.96, 2019887
11.98, 2017223
11.99, 2015831
12.07, 2014675
12.14, 2014158
12.17, 2009083
12.22, 2004075
12.41, 2002223
12.46, 2002112
12.52, 1998305
12.57, 1998053
12.68, 1997840
12.79, 1996589
12.88, 1994905
12.89, 1994430
12.97, 1992143
13.08, 1991392
13.16, 1989862
13.29, 1987251
13.34, 1986805
13.38, 1986314
13.42, 1976223
13.46, 1975242
13.52, 1973288
13.53, 1971711
13.56, 1970821
13.61, 1967407
13.72, 1966616
13.76, 1966605
13.80, 1965966
13.81, 1954619
13.89, 1951195
13.92, 1950980
14.14, 1950526
14.30, 1949720
14.48, 1946208
14.53, 1946123
14.54, 1943445
14.56, 1943304
14.56, 1943052
14.57, 1942386
14.58, 1936961
14.61, 1933069
14.66, 1928574
14.83, 1928424
14.86, 1927281
14.89, 1923965
14.89, 1921962
14.92, 1909110
14.93, 1907910
14.94, 1902699
15.03, 1900758
15.04, 1899802
15.15, 1899415
15.17, 1899307
15.19, 1899083
15.23, 1897745
15.24, 1897435
15.38, 1892523
15.46, 1890532
15.89, 1889515
16.05, 1883061
16.09, 1877251
16.17, 1876445
16.26, 1875778
16.31, 1875518
16.39, 1872840
16.40, 1872481
16.50, 1872120
16.55, 1870374
16.56, 1869739
16.62, 1867096
16.75, 1865025
16.75, 1864857
16.82, 1864853
16.88, 1864240
16.92, 1860995
17.00, 1859416
17.01, 1858567
17.07, 1856072
17.16, 1855941
17.18, 1855150
17.28, 1854583
17.40, 1854311
17.44, 1854110
17.55, 1853848
17.59, 1852605
17.63, 1852430
17.74, 1851360
17.80, 1849408
17.82, 1849272
17.87, 1848491
17.88, 1846752
17.93, 1841197
18.08, 1838991
18.20, 1837208
18.58, 1833041
18.60, 1832653
18.62, 1831547
18.67, 1829021
18.71, 1826458
18.92, 1806102
18.99, 1805921
19.04, 1798982
19.05, 1795195
19.06, 1794765
19.07, 1790378
19.15, 1789289
19.24, 1752424
19.35, 1749257
19.42, 1746614
19.49, 1745593
19.52, 1743917
19.80, 1743595
19.81, 1742507
19.91, 1742010
19.94, 1741456
20.14, 1740420
20.17, 1739827
20.19, 1738704
20.22, 1737778
20.23, 1733906
20.23, 1733339
20.34, 1733224
20.43, 1730039
20.91, 1729943
20.99, 1729465
21.01, 1727796
21.04, 1726606
21.04, 1725996
21.05, 1725949
21.09, 1722450
21.34, 1721670
21.39, 1721477
21.42, 1720666
21.50, 1720456
21.62, 1719659
21.72, 1719578
21.92, 1719223
22.03, 1718470
22.04, 1718428
22.08, 1718295
22.20, 1717691
22.23, 1717319
22.34, 1717218
22.65, 1716828
22.75, 1716411
22.75, 1713660
22.79, 1713226
22.82, 1712499
22.93, 1712346
22.96, 1708819
22.99, 1708816
23.01, 1706364
23.06, 1705822
23.10, 1705805
23.36, 1704048
23.41, 1703897
23.70, 1703360
24.01, 1703055
24.02, 1702972
24.09, 1702049
24.13, 1701611
