0.38, 6844861
0.38, 6840413
0.38, 6829003
0.38, 6819368
0.39, 6792204
0.40, 6792199
0.40, 6788011
0.40, 6759745
0.40, 6756533
0.40, 6756012
0.40, 6740449
0.41, 6733436
0.41, 6730707
0.42, 6723048
0.42, 6722040
0.42, 6711566
0.42, 6702348
0.42, 6702080
0.42, 6688618
0.43, 6682193
0.43, 6669753
0.44, 6668878
0.45, 6658121
0.47, 6654646
0.49, 6654315
0.51, 6654119
0.51, 6647070
0.53, 6646548
0.56, 6646148
0.57, 6639029
0.57, 6628701
0.57, 6620776
0.57, 6583919
0.58, 6509201
0.58, 6492164
0.59, 6490173
0.60, 6488236
0.60, 6471745
0.60, 6464736
0.60, 6361479
0.61, 6359060
0.61, 6358940
0.61, 6319648
0.61, 6258291
0.61, 6245661
0.62, 6234545
0.62, 6234025
0.62, 6217198
0.63, 6215967
0.63, 6213765
0.64, 6206212
0.64, 6189834
0.64, 6189696
0.64, 6188219
0.66, 6186583
0.67, 6182111
0.69, 6182092
0.69, 6180205
0.71, 6180019
0.73, 6176299
0.75, 6176000
0.75, 6133272
0.76, 6106406
0.76, 6097625
0.78, 6094700
0.78, 6053718
0.79, 6050234
0.82, 6045337
0.87, 6043955
0.87, 6029721
0.95, 6029630
0.95, 6019370
1.00, 6018210
1.01, 6011408
1.01, 6007985
1.01, 6001171
1.01, 6001047
1.01, 5990805
1.02, 5924369
1.03, 5920900
1.03, 5879417
1.04, 5877799
1.04, 5871439
1.05, 5864983
1.05, 5862340
1.08, 5857703
1.08, 5857165
1.17, 5856081
1.27, 5855297
1.39, 5855045
1.39, 5846107
1.39, 5829629
1.39, 5828802
1.39, 5805656
1.39, 5801549
1.40, 5786781
1.40, 5780635
1.40, 5778580
1.41, 5777076
1.42, 5776404
1.44, 5775351
1.44, 5774244
1.45, 5768691
1.46, 5768129
1.48, 5766334
1.48, 5762109
1.48, 5751291
1.48, 5749646
1.48, 5715664
1.50, 5708264
1.57, 5708189
1.59, 5702648
1.63, 5701146
1.72, 5700981
1.99, 5700943
1.99, 5695500
2.00, 5690630
2.00, 5688058
2.01, 5685828
2.02, 5682839
2.02, 5682692
2.03, 5679021
2.03, 5678532
2.04, 5678123
2.09, 5677817
2.09, 5675073
2.10, 5644431
2.10, 5639503
2.11, 5633405
2.11, 5624842
2.12, 5615298
2.13, 5612498
2.13, 5604160
2.16, 5603775
2.16, 5603101
2.24, 5599291
2.24, 5597892
2.25, 5592854
2.26, 5591078
2.27, 5588758
2.27, 5587049
2.32, 5577417
2.33, 5569405
2.46, 5564087
2.51, 5562781
2.53, 5562363
2.54, 5556890
2.54, 5497015
2.57, 5495337
2.67, 5495219
2.76, 5494958
2.76, 5481952
2.76, 5478224
2.77, 5424301
2.77, 5422580
2.77, 5422499
2.77, 5422074
2.77, 5404088
2.77, 5397575
2.79, 5377968
2.79, 5374024
2.81, 5368603
2.82, 5367911
2.83, 5352302
2.84, 5348556
2.84, 5338209
2.85, 5337073
2.86, 5336849
2.86, 5335679
2.86, 5324942
2.87, 5323209
2.87, 5315815
2.87, 5312332
2.88, 5310529
2.88, 5310496
2.89, 5307747
3.08, 5307268
3.21, 5301474
3.34, 5300430
3.45, 5291234
3.59, 5291098
3.64, 5291026
3.73, 5290710
3.98, 5290603
4.11, 5288815
4.26, 5288398
4.39, 5287944
4.47, 5285867
4.59, 5285695
4.68, 5283684
5.04, 5283482
5.32, 5282743
5.46, 5276405
5.68, 5273341
5.81, 5269593
5.96, 5267421
6.07, 5266706
6.15, 5265357
6.24, 5263773
6.31, 5261392
6.39, 5260153
6.53, 5247706
7.16, 5182222
7.64, 5181199
7.65, 5180793
7.80, 5179019
8.00, 5178917
8.06, 5175148
8.11, 5174115
8.20, 5173851
8.29, 5171972
8.38, 5171573
8.46, 5170336
8.54, 5156496
8.62, 5153665
8.76, 5153520
9.01, 5152944
9.18, 5150546
9.32, 5148863
9.59, 5147146
9.77, 5146571
9.95, 5145515
10.08, 5144611
10.28, 5144037
10.58, 5134558
10.77, 5111273
11.04, 5090163
11.28, 5090142
11.50, 5050784
11.71, 5050706
11.90, 5050535
12.14, 5050380
12.37, 5050004
12.53, 5049113
12.70, 5046609
12.92, 5045378
13.17, 5044804
13.47, 5043524
13.70, 5043039
13.89, 5040479
14.18, 5040014
14.73, 5039045
15.26, 5036597
16.11, 5035437
16.55, 5035235
17.08, 5031944
17.67, 5030566
18.20, 5030098
18.99, 5029981
19.82, 5027431
20.30, 5026611
20.71, 5023107
21.50, 5021234
22.10, 5015489
22.67, 5011049
23.38, 5008276
24.00, 5004807
24.62, 5004163
25.42, 5003112
26.27, 5001717
26.81, 5001049
27.62, 5000685
27.99, 5000232
28.21, 5000210
28.57, 5000209
28.81, 5000155
29.48, 4999719
29.97, 4995442
30.48, 4987585
30.48, 4986563
30.52, 4985503
30.52, 4975124
30.52, 4974511
30.53, 4971927
30.56, 4971861
30.56, 4889778
30.57, 4888071
30.58, 4887589
30.59, 4887516
30.59, 4857311
30.60, 4855623
30.60, 4843575
30.60, 4836197
30.63, 4836156
30.64, 4834881
30.86, 4834843
31.18, 4834503
31.47, 4834446
31.63, 4834352
31.80, 4834258
32.03, 4834107
32.23, 4833906
32.55, 4833897
32.99, 4833737
33.42, 4832871
33.99, 4832153
34.58, 4831853
35.23, 4830050
36.09, 4829098
36.51, 4824631
37.16, 4822832
37.85, 4822056
38.38, 4821255
39.02, 4820477
39.63, 4820089
40.25, 4819667
40.85, 4817545
41.49, 4811040
42.00, 4804407
42.54, 4804256
43.19, 4788452
43.77, 4776895
44.20, 4776853
44.73, 4747027
45.44, 4746807
46.07, 4744729
46.59, 4744555
47.29, 4728943
47.81, 4725187
48.02, 4724777
48.52, 4724745
49.13, 4723395
49.76, 4722939
49.95, 4722427
50.51, 4721883
51.11, 4719105
51.69, 4717852
52.29, 4714278
52.85, 4713890
53.47, 4713565
54.03, 4712749
54.67, 4712456
55.40, 4711960
56.46, 4711304
57.36, 4711066
58.04, 4697290
58.75, 4694153
58.99, 4693643
59.39, 4693012
59.51, 4692670
59.53, 4692142
59.55, 4689764
59.64, 4682669
59.68, 4679664
59.69, 4676086
59.71, 4674734
59.72, 4674290
59.72, 4672764
59.75, 4671400
59.78, 4669601
59.83, 4668237
60.05, 4667991
60.28, 4667882
60.42, 4667526
61.15, 4667194
61.54, 4666726
62.14, 4666681
62.57, 4666387
62.95, 4665977
63.45, 4665576
64.10, 4665470
64.88, 4664998
65.58, 4664672
66.32, 4664485
67.53, 4662872
68.50, 4649585
69.71, 4630210
69.89, 4629890
70.14, 4629605
70.30, 4628732
70.46, 4628554
71.35, 4628399
71.47, 4628276
71.47, 4620505
71.47, 4562260
71.47, 4554610
71.47, 4514642
71.48, 4469181
71.48, 4467854
71.48, 4467851
71.48, 4447084
71.49, 4437093
71.49, 4436851
71.52, 4434297
71.64, 4433813
71.72, 4433264
71.80, 4432762
71.95, 4431875
72.16, 4431776
72.50, 4431212
73.02, 4431194
73.52, 4430628
74.10, 4430606
74.75, 4426537
75.58, 4426303
76.24, 4425288
77.04, 4412306
77.93, 4410043
78.76, 4405564
79.80, 4398811
80.75, 4398189
81.75, 4397211
82.58, 4391168
83.71, 4386504
84.68, 4382569
86.15, 4382519
87.03, 4360949
87.94, 4348624
88.85, 4345173
89.90, 4341506
90.86, 4335364
91.98, 4330388
92.97, 4328517
93.96, 4317136
94.79, 4315336
96.18, 4314788
97.24, 4314588
98.13, 4308192
98.98, 4308053
100.02, 4303914
