0.13, 7140070
0.13, 7119603
0.13, 7117643
0.13, 7113537
0.13, 7112450
0.13, 7107621
0.13, 7102911
0.13, 7099276
0.13, 7095738
0.13, 7083207
0.13, 7076870
0.13, 7076008
0.13, 7062144
0.13, 7059565
0.14, 7048139
0.14, 7043378
0.14, 7042129
0.14, 7008642
0.14, 7008514
0.14, 6988043
0.14, 6980152
0.14, 6975949
0.14, 6975305
0.15, 6973261
0.15, 6969570
0.15, 6969246
0.15, 6962140
0.15, 6962057
0.15, 6961782
0.16, 6960111
0.16, 6959171
0.16, 6957322
0.17, 6956856
0.17, 6951240
0.17, 6945797
0.17, 6945322
0.17, 6942404
0.17, 6937235
0.17, 6935193
0.17, 6932427
0.17, 6927608
0.17, 6926271
0.18, 6906007
0.18, 6903970
0.18, 6876073
0.18, 6875400
0.18, 6875025
0.18, 6874585
0.19, 6873683
0.19, 6873196
0.19, 6872760
0.20, 6870872
0.20, 6870381
0.20, 6865373
0.20, 6860840
0.20, 6858597
0.20, 6856237
0.20, 6845966
0.21, 6840846
0.21, 6840053
0.21, 6834386
0.21, 6832910
0.21, 6831569
0.22, 6831215
0.22, 6831212
0.22, 6830159
0.22, 6828491
0.22, 6826943
0.23, 6826449
0.23, 6809701
0.23, 6806579
0.23, 6806179
0.23, 6803989
0.23, 6797934
0.24, 6796598
0.25, 6796329
0.25, 6796022
0.25, 6784338
0.26, 6782143
0.26, 6659308
0.27, 6659235
0.27, 6640692
0.27, 6638441
0.27, 6637835
0.28, 6637524
0.28, 6633616
0.28, 6629318
0.28, 6626160
0.28, 6625052
0.28, 6617248
0.29, 6614601
0.29, 6605263
0.29, 6602047
0.29, 6598892
0.29, 6597770
0.29, 6597360
0.29, 6582158
0.29, 6582128
0.30, 6581299
0.30, 6579947
0.31, 6579098
0.31, 6579085
0.31, 6578983
0.32, 6578313
0.32, 6578128
0.32, 6577566
0.32, 6575362
0.32, 6574876
0.32, 6568596
0.32, 6568593
0.33, 6567079
0.33, 6565196
0.33, 6564900
0.34, 6563806
0.34, 6561933
0.34, 6549781
0.35, 6548924
0.35, 6547792
0.35, 6546328
0.36, 6545715
0.37, 6545444
0.37, 6520878
0.37, 6515337
0.37, 6515301
0.37, 6513829
0.37, 6511561
0.37, 6504955
0.38, 6503535
0.38, 6501611
0.39, 6498047
0.39, 6496282
0.39, 6494510
0.39, 6491721
0.40, 6491640
0.40, 6489780
0.40, 6485562
0.41, 6482442
0.41, 6481438
0.41, 6476314
0.41, 6475814
0.42, 6474493
0.43, 6473369
0.43, 6471396
0.44, 6469182
0.44, 6441538
0.44, 6429964
0.44, 6429500
0.45, 6427557
0.45, 6424789
0.47, 6423952
0.47, 6421722
0.48, 6421593
0.48, 6420679
0.48, 6420065
0.48, 6416654
0.48, 6416545
0.49, 6415589
0.50, 6415587
0.50, 6397744
0.50, 6397743
0.50, 6397626
0.53, 6396282
0.55, 6395705
0.55, 6393809
0.58, 6393007
0.58, 6365167
0.59, 6357727
0.59, 6356958
0.61, 6356274
0.61, 6307203
0.61, 6306789
0.61, 6304340
0.61, 6289382
0.61, 6273710
0.61, 6271898
0.61, 6271897
0.61, 6271028
0.61, 6264587
0.61, 6246361
0.62, 6241205
0.62, 6239772
0.62, 6239724
0.63, 6239320
0.63, 6237587
0.65, 6234140
0.68, 6233259
0.68, 6233233
0.68, 6233220
0.68, 6230864
0.71, 6228025
0.71, 6221948
0.71, 6221635
0.71, 6220912
0.71, 6206676
0.72, 6206555
0.74, 6206410
0.74, 6206108
0.74, 6198738
0.77, 6197013
0.77, 6196253
0.77, 6195872
0.77, 6195469
0.78, 6194211
0.78, 6194088
0.81, 6192997
0.81, 6191424
0.82, 6190252
0.84, 6189366
0.84, 6187734
0.84, 6179376
0.86, 6176035
0.86, 6174188
0.87, 6173860
0.87, 6163140
0.87, 6157557
0.87, 6152855
0.88, 6151496
0.89, 6147606
0.89, 6142191
0.91, 6142083
0.91, 6140551
0.92, 6140542
0.94, 6139805
0.94, 6138721
0.94, 6136179
0.96, 6134963
0.96, 6131412
0.97, 6130666
0.97, 6128356
0.97, 6108282
0.98, 6107542
0.98, 6103941
0.98, 6102980
0.98, 6102416
1.02, 6102210
1.02, 6102143
1.09, 6101745
1.14, 6100638
1.14, 6095258
1.14, 6092153
1.19, 6091927
1.19, 6073587
1.19, 6071345
1.19, 6053571
1.19, 6052351
1.19, 6049638
1.19, 6048660
1.19, 6038626
1.20, 6036878
1.20, 6036868
1.20, 6031039
1.20, 6030692
1.20, 6026099
1.20, 6021172
1.20, 6017305
1.20, 6012347
1.20, 6009090
1.20, 6007774
1.22, 6007072
1.24, 6005968
1.24, 5986807
1.24, 5986799
1.27, 5986571
1.27, 5955061
1.27, 5951823
1.29, 5951822
1.29, 5951077
1.29, 5950583
1.29, 5950495
1.29, 5950212
1.29, 5945053
1.29, 5944991
1.29, 5944300
1.29, 5943922
1.30, 5936403
1.30, 5880364
1.30, 5879810
1.30, 5875004
1.30, 5869310
1.30, 5868698
1.30, 5849386
1.30, 5844576
1.30, 5844522
1.30, 5843116
1.30, 5833149
1.30, 5828864
1.30, 5828405
1.30, 5821590
1.30, 5818695
1.31, 5815805
1.31, 5788738
1.31, 5712487
1.31, 5689518
1.31, 5687264
1.31, 5687154
1.33, 5686218
1.33, 5685947
1.33, 5679320
1.36, 5678777
1.36, 5676113
1.38, 5676062
1.40, 5673410
1.42, 5673054
1.45, 5668275
1.48, 5667663
1.53, 5667131
1.57, 5664500
1.59, 5660629
1.62, 5649966
1.64, 5642150
1.67, 5640430
1.69, 5640395
1.72, 5639926
1.74, 5639523
1.78, 5639496
1.82, 5638462
1.86, 5637448
1.90, 5636570
1.95, 5635461
2.00, 5635393
2.05, 5631090
2.08, 5625056
2.11, 5620876
2.14, 5620725
2.18, 5618657
2.22, 5617424
2.27, 5617367
2.28, 5617178
2.30, 5616640
2.32, 5615425
2.32, 5611756
2.33, 5609664
2.34, 5609428
2.35, 5608864
2.43, 5608647
2.50, 5607506
2.55, 5607405
2.65, 5607026
2.76, 5606369
2.84, 5605908
2.92, 5603609
3.01, 5603161
3.07, 5602633
3.12, 5601299
3.19, 5600767
3.27, 5600551
3.27, 5600526
3.29, 5600438
3.32, 5570261
3.34, 5564320
3.37, 5553363
3.41, 5552084
3.43, 5549639
3.45, 5548344
3.48, 5536512
3.51, 5535151
3.53, 5512158
3.56, 5501095
3.58, 5498385
3.68, 5497923
3.74, 5497898
3.75, 5497690
3.76, 5496990
3.76, 5496867
3.81, 5496216
3.87, 5494616
3.97, 5494593
4.05, 5494202
4.11, 5494141
4.22, 5493945
4.29, 5478494
4.38, 5461102
4.45, 5459884
4.45, 5459879
4.49, 5459854
4.53, 5459849
4.53, 5450831
4.54, 5449265
4.54, 5448404
4.54, 5447929
4.54, 5447383
4.57, 5446322
4.62, 5446170
4.67, 5445679
4.67, 5442691
4.73, 5441580
4.74, 5441103
4.85, 5440980
4.93, 5432302
4.93, 5432116
5.02, 5432036
5.02, 5431985
5.05, 5431203
5.05, 5431081
5.17, 5430927
5.26, 5429459
5.34, 5428416
5.45, 5427944
5.62, 5427921
5.73, 5427629
5.80, 5426617
5.92, 5426400
6.16, 5309503
6.23, 5309140
6.30, 5308968
6.38, 5308679
6.38, 5308122
6.39, 5307321
6.39, 5306501
6.39, 5305908
6.39, 5305443
6.40, 5304821
6.40, 5304747
6.40, 5304578
6.42, 5304404
6.44, 5304166
6.44, 5191613
6.44, 5186631
6.44, 5180345
6.44, 5170574
6.44, 5169236
6.44, 5146743
6.45, 5146300
6.45, 5145474
6.45, 5145385
6.45, 5143596
6.45, 5142309
6.49, 5136879
6.51, 5128904
6.53, 5113644
6.56, 5107394
6.61, 5097526
6.66, 5094536
6.70, 5093402
6.73, 5091586
6.78, 5086560
6.83, 5083538
6.87, 5083354
6.96, 5076991
7.03, 5075842
7.17, 5075181
7.28, 5067801
7.40, 5066337
7.53, 5065965
7.66, 5065671
7.84, 5065063
8.03, 5061850
8.08, 5061499
8.11, 5060748
8.21, 5060736
8.32, 5060677
8.49, 5060657
8.67, 5060241
8.86, 5058097
9.02, 5057320
9.17, 5053622
9.31, 5053225
9.42, 5051084
9.56, 5050911
9.72, 5048027
9.88, 5045538
9.99, 5045430
10.17, 5045406
10.29, 5045288
10.44, 5040604
10.61, 5039732
10.83, 5010917
11.16, 5010259
11.49, 5010102
11.70, 5008897
11.95, 5008800
12.10, 5008702
12.21, 4998965
12.36, 4969513
12.50, 4957178
12.63, 4949863
12.83, 4948876
13.03, 4946150
13.11, 4945728
13.23, 4945508
13.33, 4944874
13.42, 4943666
13.76, 4943505
13.93, 4943028
14.13, 4942900
14.29, 4942512
14.45, 4928642
14.45, 4928591
14.45, 4928510
14.47, 4928382
14.48, 4928327
14.48, 4927116
14.49, 4925210
14.49, 4905767
14.49, 4896760
14.49, 4896562
14.49, 4890009
14.49, 4888996
14.49, 4887764
14.49, 4887671
14.49, 4886262
14.49, 4885354
14.49, 4883888
14.49, 4882587
14.49, 4854599
14.49, 4853173
14.49, 4853078
14.49, 4846360
14.50, 4840702
14.50, 4829504
14.51, 4827955
14.51, 4827908
14.52, 4826580
14.54, 4825680
14.60, 4822799
14.67, 4822348
14.72, 4818891
14.78, 4813560
14.86, 4813557
14.92, 4813363
14.98, 4812501
15.05, 4812487
15.19, 4809971
15.32, 4808980
15.43, 4717339
15.55, 4716977
15.75, 4716898
15.86, 4715115
16.02, 4714974
16.17, 4714763
16.29, 4713982
16.45, 4710617
16.80, 4710022
16.91, 4709823
17.09, 4709351
17.09, 4708118
17.09, 4707673
17.25, 4707256
17.47, 4707066
17.71, 4706373
17.90, 4703735
18.10, 4703385
18.31, 4702991
18.50, 4701316
18.82, 4701246
19.08, 4699117
19.23, 4699085
19.38, 4698994
19.57, 4686919
19.74, 4686397
19.90, 4685456
20.10, 4685054
20.24, 4684942
20.39, 4684921
20.62, 4683381
20.89, 4682496
21.29, 4680445
21.48, 4678865
21.82, 4678455
22.13, 4678451
22.49, 4676697
22.99, 4676506
23.32, 4675606
23.64, 4675539
24.02, 4674798
24.39, 4671916
24.89, 4669937
24.89, 4669358
24.89, 4669121
24.89, 4668176
24.91, 4667940
24.94, 4666375
24.97, 4666150
24.99, 4665663
25.02, 4664506
25.10, 4664366
25.17, 4663235
25.24, 4662389
25.32, 4662335
25.39, 4661880
25.46, 4659994
25.66, 4659663
25.81, 4659209
25.94, 4658799
26.15, 4656852
26.32, 4656810
26.49, 4656658
26.65, 4656248
26.88, 4655132
27.08, 4654765
27.26, 4653620
27.51, 4643506
27.56, 4642860
27.60, 4642627
27.67, 4642584
27.72, 4642327
27.77, 4642296
27.98, 4631376
28.19, 4628339
28.48, 4587994
28.72, 4587954
28.98, 4584406
29.00, 4583934
29.03, 4582777
29.21, 4582453
29.54, 4535762
29.81, 4528285
30.01, 4527551
30.24, 4522048
30.24, 4521917
30.24, 4521650
30.24, 4520349
30.50, 4519848
30.80, 4519385
31.13, 4517277
31.37, 4516106
31.59, 4515997
31.89, 4515782
32.01, 4515380
32.13, 4514613
32.38, 4514100
32.47, 4513703
32.52, 4513462
32.67, 4513441
32.83, 4513292
32.95, 4512986
33.09, 4511980
33.23, 4511897
33.37, 4511602
33.52, 4511579
33.70, 4494233
33.83, 4493702
33.88, 4493689
33.94, 4493255
34.20, 4493166
34.46, 4492967
34.69, 4492749
35.08, 4492417
35.38, 4490534
35.69, 4489972
36.00, 4489690
36.30, 4487267
36.77, 4483744
37.20, 4483445
37.53, 4478570
38.01, 4478302
38.43, 4478017
38.87, 4477907
39.23, 4475524
39.58, 4474787
39.63, 4474650
39.85, 4474038
39.86, 4473242
39.87, 4465994
39.87, 4465244
39.87, 4464551
39.90, 4464506
39.93, 4464247
39.96, 4463761
39.96, 4462223
40.25, 4459980
40.64, 4459370
41.24, 4459222
41.70, 4459173
42.12, 4459042
42.53, 4458262
43.03, 4457941
43.50, 4456813
43.96, 4456763
44.49, 4447148
45.14, 4442917
45.70, 4442755
46.35, 4442269
47.01, 4405013
47.53, 4402547
48.23, 4402537
48.88, 4396527
49.40, 4394324
49.93, 4394067
50.48, 4390534
51.25, 4384576
51.72, 4369933
52.29, 4366222
52.91, 4366164
53.49, 4365878
54.12, 4365665
54.83, 4365586
55.52, 4365222
56.09, 4364854
56.80, 4364587
57.41, 4364560
57.95, 4326336
58.44, 4326197
59.09, 4288055
59.63, 4287838
60.31, 4286160
60.98, 4265976
61.70, 4265868
62.30, 4258478
63.00, 4209887
63.51, 4209740
64.17, 4208113
64.85, 4207970
65.40, 4207941
65.40, 4207431
65.40, 4207403
65.40, 4207313
65.40, 4207212
65.40, 4206836
65.40, 4206820
65.42, 4206583
65.47, 4204979
65.49, 4204697
65.49, 4204666
65.60, 4204257
65.69, 4204211
65.77, 4201842
65.83, 4199468
65.91, 4198118
66.00, 4197921
66.14, 4197191
66.28, 4196212
66.40, 4195298
66.55, 4195295
66.69, 4194982
66.93, 4190705
67.06, 4189718
67.24, 4189682
67.38, 4189173
67.72, 4189147
68.08, 4189090
68.40, 4189032
68.96, 4188187
69.19, 4187996
69.43, 4187984
69.95, 4187966
70.55, 4187890
71.33, 4187557
71.86, 4187354
72.49, 4186709
73.23, 4186150
73.82, 4184655
74.59, 4184480
76.20, 4183410
78.43, 4183044
80.04, 4183033
83.10, 4181787
85.54, 4181490
87.91, 4175783
90.51, 4170994
93.48, 4164069
95.99, 4163933
98.81, 4129064
101.84, 4125199
