0.09, 7365707
0.09, 7332585
0.09, 7295161
0.09, 7285960
0.09, 7262398
0.09, 7261861
0.09, 7206718
0.09, 7204750
0.09, 7199965
0.09, 7070580
0.09, 7067624
0.09, 7012084
0.10, 6963505
0.10, 6846648
0.10, 6845919
0.10, 6800567
0.10, 6796112
0.10, 6792896
0.11, 6617132
0.11, 6602851
0.11, 6564395
0.11, 6554785
0.11, 6549472
0.11, 6545758
0.11, 6526081
0.11, 6515693
0.11, 6512664
0.11, 6483726
0.11, 6475925
0.11, 6467198
0.11, 6387524
0.11, 6381908
0.11, 6381752
0.11, 6333050
0.12, 6332895
0.12, 6331811
0.12, 6298399
0.12, 6297947
0.12, 6294008
0.12, 6290776
0.12, 6290198
0.12, 6276657
0.12, 6258646
0.12, 6195760
0.13, 6182284
0.13, 6171416
0.13, 6149107
0.13, 6144726
0.13, 6141520
0.13, 6124104
0.13, 6118004
0.13, 6102287
0.13, 6099909
0.13, 6086506
0.13, 5995317
0.13, 5970170
0.13, 5959656
0.13, 5790785
0.14, 5770261
0.14, 5765443
0.14, 5739579
0.14, 5732619
0.14, 5698779
0.14, 5660497
0.14, 5660387
0.14, 5654506
0.14, 5649479
0.15, 5647448
0.15, 5638990
0.15, 5635398
0.15, 5635193
0.15, 5536295
0.15, 5531363
0.16, 5527741
0.16, 5520480
0.16, 5520431
0.16, 5517172
0.16, 5502363
0.16, 5485972
0.16, 5474326
0.16, 5465495
0.17, 5462013
0.17, 5455736
0.17, 5453028
0.18, 5450293
0.18, 5424457
0.18, 5406309
0.18, 5384833
0.18, 5318613
0.18, 5308591
0.19, 5301841
0.19, 5292510
0.19, 5286308
0.19, 5282510
0.20, 5282248
0.20, 5232420
0.20, 5226362
0.20, 5221639
0.20, 5221496
0.20, 5174045
0.20, 5141774
0.20, 5139907
0.20, 5139503
0.20, 5138494
0.21, 5123311
0.21, 5122112
0.21, 5084409
0.21, 5076368
0.21, 5057394
0.21, 5056875
0.21, 5056731
0.21, 5045336
0.22, 5042152
0.22, 5041032
0.22, 5040993
0.22, 5037822
0.22, 5031207
0.22, 5027742
0.23, 5027048
0.23, 5006897
0.23, 5006700
0.23, 5004773
0.23, 5003819
0.23, 5002307
0.23, 5002229
0.24, 4998778
0.24, 4987180
0.24, 4962652
0.24, 4944677
0.24, 4919927
0.24, 4918885
0.24, 4914887
0.24, 4912006
0.24, 4910869
0.24, 4902268
0.25, 4890998
0.25, 4890942
0.25, 4885316
0.25, 4850453
0.25, 4836537
0.25, 4815340
0.26, 4810496
0.26, 4808650
0.26, 4806900
0.26, 4806741
0.27, 4796370
0.27, 4796174
0.28, 4794813
0.28, 4775621
0.28, 4774572
0.29, 4762593
0.29, 4733154
0.29, 4731997
0.29, 4679697
0.29, 4642124
0.29, 4638643
0.29, 4619419
0.30, 4614866
0.30, 4602359
0.30, 4597748
0.31, 4592141
0.31, 4591955
0.31, 4580068
0.33, 4562031
0.33, 4560827
0.34, 4545517
0.35, 4544583
0.35, 4537315
0.35, 4532560
0.37, 4524980
0.37, 4515965
0.38, 4513517
0.40, 4500190
0.41, 4493871
0.43, 4493164
0.43, 4490127
0.44, 4490047
0.44, 4480454
0.44, 4474211
0.45, 4454971
0.46, 4449181
0.46, 4448427
0.48, 4439213
0.49, 4439204
0.50, 4428706
0.50, 4428246
0.50, 4417974
0.52, 4414597
0.52, 4366772
0.52, 4360419
0.53, 4353059
0.54, 4346173
0.54, 4344718
0.55, 4337847
0.57, 4335946
0.57, 4286553
0.57, 4282783
0.58, 4280086
0.58, 4278274
0.60, 4277234
0.60, 4247671
0.61, 4242874
0.65, 4242328
0.65, 4238344
0.67, 4236005
0.67, 4231991
0.68, 4228149
0.70, 4227353
0.70, 4226310
0.71, 4225909
0.71, 4221682
0.72, 4218614
0.73, 4216747
0.73, 4213253
0.74, 4194317
0.75, 4185030
0.76, 4109690
0.77, 4078766
0.80, 4011283
0.81, 4000402
0.81, 3994486
0.84, 3994378
0.84, 3969975
0.84, 3967448
0.84, 3950091
0.86, 3925835
0.87, 3922116
0.88, 3921731
0.88, 3921154
0.89, 3856620
0.90, 3851111
0.90, 3847657
0.90, 3835521
0.91, 3831508
0.91, 3830334
0.91, 3752708
0.92, 3748661
0.92, 3742361
0.92, 3738849
0.95, 3735931
0.95, 3731227
0.96, 3717609
1.01, 3696724
1.01, 3681230
1.01, 3680146
1.05, 3678439
1.06, 3672829
1.06, 3672394
1.06, 3661488
1.07, 3661224
1.09, 3659884
1.10, 3643738
1.11, 3642865
1.11, 3641295
1.12, 3637016
1.14, 3634554
1.15, 3634124
1.15, 3633789
1.19, 3620389
1.20, 3606369
1.20, 3593771
1.21, 3591680
1.21, 3590187
1.22, 3590062
1.22, 3585201
1.24, 3584977
1.24, 3583973
1.25, 3567447
1.25, 3567435
1.25, 3567056
1.25, 3561321
1.25, 3558842
1.26, 3558179
1.26, 3554475
1.28, 3533728
1.28, 3532147
1.28, 3528636
1.28, 3525611
1.29, 3517888
1.29, 3517045
1.29, 3513632
1.30, 3513502
1.30, 3502760
1.32, 3500488
1.32, 3497817
1.33, 3492418
1.33, 3492273
1.33, 3480226
1.34, 3479160
1.34, 3469570
1.35, 3469368
1.35, 3461165
1.35, 3450685
1.35, 3402876
1.36, 3401946
1.37, 3385161
1.37, 3384665
1.38, 3379182
1.39, 3373439
1.39, 3367979
1.39, 3367345
1.39, 3366139
1.40, 3365077
1.41, 3364040
1.41, 3355629
1.41, 3354886
1.41, 3333302
1.41, 3321394
1.43, 3320103
1.43, 3318439
1.43, 3306502
1.43, 3306046
1.43, 3303361
1.43, 3301762
1.44, 3298535
1.44, 3297612
1.45, 3297440
1.45, 3275643
1.46, 3229228
1.46, 3221584
1.46, 3218516
1.47, 3217836
1.47, 3154066
1.47, 3142787
1.47, 3142329
1.48, 3140198
1.48, 3129981
1.48, 3129787
1.49, 3101454
1.49, 3100873
1.50, 3074918
1.50, 3071453
1.50, 3068688
1.50, 3067691
1.51, 3063730
1.51, 3063381
1.52, 3061766
1.53, 3049289
1.53, 3044689
1.53, 3043762
1.53, 3041885
1.55, 3031532
1.56, 3014754
1.56, 2983795
1.56, 2976758
1.56, 2974857
1.57, 2967390
1.58, 2962693
1.58, 2962473
1.58, 2960544
1.60, 2959163
1.61, 2957134
1.61, 2956535
1.61, 2953821
1.61, 2940340
1.62, 2939689
1.62, 2938850
1.62, 2937179
1.63, 2935865
1.63, 2930172
1.64, 2926968
1.65, 2925038
1.66, 2911568
1.66, 2911118
1.69, 2909549
1.71, 2909461
1.72, 2903905
1.75, 2903574
1.76, 2890772
1.77, 2890667
1.82, 2888986
1.87, 2887446
1.88, 2885798
1.88, 2884664
1.89, 2882818
1.89, 2877908
1.89, 2869662
1.92, 2869140
1.92, 2867494
1.93, 2866809
1.95, 2866798
1.95, 2860867
1.96, 2859801
1.97, 2859690
1.98, 2858711
1.98, 2837766
1.99, 2837312
2.01, 2832029
2.01, 2832028
2.01, 2829553
2.01, 2822474
2.01, 2818813
2.02, 2818269
2.02, 2814488
2.02, 2808398
2.02, 2806510
2.03, 2803150
2.03, 2802507
2.03, 2800147
2.03, 2798991
2.03, 2794820
2.04, 2791408
2.07, 2790715
2.07, 2786689
2.07, 2784359
2.07, 2781901
2.08, 2780740
2.09, 2779888
2.11, 2779763
2.12, 2779202
2.12, 2777328
2.14, 2760188
2.14, 2726623
2.15, 2726277
2.17, 2726236
2.19, 2725780
2.20, 2719020
2.21, 2710430
2.21, 2708405
2.21, 2706089
2.23, 2699384
2.24, 2698886
2.25, 2694958
2.25, 2686795
2.25, 2686623
2.26, 2686183
2.28, 2685465
2.28, 2684990
2.29, 2683312
2.31, 2681558
2.34, 2680106
2.35, 2679789
2.35, 2672855
2.36, 2641733
2.41, 2635663
2.43, 2633306
2.44, 2631040
2.44, 2630680
2.44, 2630606
2.45, 2619855
2.46, 2614148
2.49, 2612411
2.51, 2612095
2.52, 2611800
2.53, 2600153
2.54, 2595409
2.54, 2585930
2.54, 2585393
2.57, 2580291
2.58, 2574960
2.58, 2567894
2.62, 2566654
2.63, 2564351
2.64, 2562454
2.64, 2558551
2.65, 2556681
2.66, 2556645
2.67, 2556339
2.68, 2551829
2.71, 2550737
2.72, 2547507
2.73, 2547069
2.79, 2546405
2.86, 2545828
2.89, 2541198
2.91, 2540385
2.91, 2538501
2.94, 2531773
2.97, 2531102
2.98, 2530767
2.99, 2530548
2.99, 2529917
2.99, 2519269
3.00, 2518513
3.01, 2518056
3.03, 2517349
3.05, 2509974
3.06, 2508445
3.09, 2507255
3.11, 2507098
3.11, 2507024
3.12, 2498325
3.12, 2493035
3.14, 2492754
3.15, 2492697
3.16, 2482848
3.16, 2482807
3.17, 2479543
3.19, 2444582
3.20, 2443506
3.21, 2442869
3.22, 2441962
3.22, 2438510
3.23, 2438242
3.26, 2435371
3.29, 2434702
3.30, 2427423
3.33, 2424485
3.34, 2423600
3.35, 2420181
3.36, 2420065
3.39, 2419044
3.42, 2417578
3.42, 2416694
3.43, 2416598
3.45, 2416164
3.46, 2415591
3.46, 2414358
3.49, 2414070
3.52, 2413330
3.53, 2412930
3.54, 2405246
3.55, 2401829
3.58, 2401677
3.59, 2399976
3.60, 2399067
3.68, 2397410
3.72, 2396381
3.73, 2393998
3.73, 2392126
3.74, 2350905
3.75, 2350520
3.77, 2349127
3.83, 2345264
3.92, 2344094
3.93, 2340407
4.00, 2340344
4.10, 2338099
4.13, 2331879
4.15, 2328384
4.24, 2327926
4.25, 2325669
4.27, 2325442
4.31, 2323637
4.33, 2322680
4.37, 2320938
4.37, 2320937
4.40, 2318940
4.41, 2316587
4.41, 2312821
4.42, 2304084
4.43, 2300277
4.44, 2298354
4.47, 2297183
4.47, 2284953
4.47, 2282211
4.50, 2281868
4.51, 2281116
4.54, 2280314
4.55, 2278103
4.59, 2277168
4.59, 2273874
4.62, 2273659
4.62, 2270595
4.62, 2270496
4.63, 2263980
4.64, 2262021
4.65, 2261794
4.67, 2260884
4.68, 2257808
4.70, 2254744
4.75, 2254617
4.76, 2252320
4.76, 2243070
4.80, 2242980
4.82, 2242637
4.85, 2242570
4.89, 2242051
4.93, 2241949
4.95, 2210099
4.95, 2206690
4.96, 2205075
5.01, 2204617
5.07, 2201369
5.07, 2200991
5.09, 2200307
5.15, 2199399
5.16, 2199384
5.16, 2198036
5.17, 2196539
5.20, 2196266
5.25, 2191974
5.30, 2189565
5.30, 2185251
5.31, 2183283
5.35, 2181032
5.35, 2178157
5.37, 2177738
5.37, 2177725
5.37, 2176863
5.38, 2176317
5.40, 2174009
5.41, 2173443
5.43, 2171426
5.45, 2152260
5.50, 2150183
5.50, 2149627
5.50, 2145548
5.51, 2144673
5.53, 2144577
5.55, 2143120
5.56, 2142679
5.62, 2140973
5.68, 2138452
5.69, 2135801
5.70, 2135702
5.71, 2134979
5.71, 2134510
5.72, 2124345
5.74, 2124289
5.77, 2124027
5.90, 2122807
5.96, 2121293
5.98, 2108482
6.02, 2106704
6.03, 2101027
6.05, 2096917
6.06, 2093454
6.08, 2092923
6.08, 2089048
6.12, 2087512
6.13, 2087394
6.13, 2087314
6.15, 2086328
6.17, 2085570
6.21, 2084570
6.22, 2080685
6.25, 2079811
6.25, 2079809
6.27, 2079793
6.28, 2078770
6.32, 2078106
6.39, 2070800
6.40, 2070076
6.43, 2067028
6.48, 2066280
6.54, 2060690
6.57, 2059892
6.58, 2059557
6.61, 2056977
6.62, 2054937
6.65, 2053222
6.66, 2053131
6.66, 2049455
6.70, 2046682
6.78, 2046279
6.84, 2044988
6.84, 2044888
6.91, 2044480
6.95, 2044286
6.96, 2044024
6.97, 2042385
6.99, 2038851
6.99, 2035813
7.04, 2035340
7.11, 2032364
7.11, 2031902
7.14, 2031885
12.13, 2016789
12.14, 2013569
12.15, 2012011
12.18, 2007153
12.19, 2003815
12.20, 1989315
12.23, 1988733
12.29, 1983149
12.31, 1964538
12.36, 1962782
12.36, 1962053
12.37, 1959134
12.37, 1958772
12.38, 1958594
12.43, 1957441
12.45, 1956587
12.46, 1945670
12.50, 1945503
12.51, 1944662
12.54, 1943328
12.58, 1942939
12.60, 1934994
12.62, 1928423
12.64, 1926763
12.65, 1925857
12.70, 1925461
12.72, 1925460
12.75, 1920937
12.94, 1913273
12.96, 1909938
12.98, 1908099
13.01, 1907902
13.06, 1906579
13.08, 1903687
13.09, 1898999
13.24, 1895504
13.38, 1895041
13.39, 1887022
13.41, 1883898
13.42, 1883799
13.43, 1880472
13.45, 1879978
13.49, 1872364
13.53, 1871409
13.69, 1868771
13.84, 1865690
13.87, 1865603
13.89, 1857231
13.90, 1856395
13.95, 1855819
13.98, 1851715
14.00, 1849686
14.03, 1848868
14.09, 1847979
14.09, 1847864
14.12, 1847855
14.15, 1847387
14.28, 1846560
14.31, 1846066
14.34, 1843643
14.35, 1842368
14.36, 1839424
14.39, 1838219
14.50, 1837849
14.54, 1835101
14.54, 1834249
14.58, 1831794
14.58, 1831769
14.62, 1830392
14.66, 1829828
14.70, 1829769
14.75, 1829416
14.81, 1828871
14.84, 1828838
14.85, 1828281
14.92, 1827724
14.98, 1827306
15.06, 1826500
15.11, 1823902
15.18, 1822190
15.20, 1813354
15.26, 1812988
15.44, 1808489
15.56, 1808374
15.71, 1807505
15.75, 1807434
