0.38, 6977594
0.38, 6968080
0.39, 6941908
0.40, 6928033
0.40, 6921194
0.41, 6908313
0.41, 6903836
0.43, 6903654
0.43, 6895249
0.44, 6894749
0.44, 6891278
0.47, 6888495
0.47, 6880266
0.47, 6871290
0.48, 6834552
0.48, 6829834
0.49, 6824196
0.49, 6808097
0.49, 6804278
0.50, 6803931
0.50, 6798649
0.50, 6786099
0.51, 6773469
0.53, 6771904
0.54, 6769542
0.54, 6765790
0.54, 6764367
0.55, 6762210
0.57, 6760137
0.57, 6759312
0.58, 6759052
0.58, 6750247
0.60, 6725393
0.60, 6722149
0.60, 6722014
0.60, 6717808
0.61, 6715904
0.61, 6703719
0.64, 6680139
0.69, 6675613
0.69, 6666106
0.69, 6660927
0.69, 6654880
0.69, 6646829
0.69, 6632447
0.70, 6629483
0.70, 6611381
0.70, 6609226
0.70, 6534275
0.71, 6534168
0.71, 6529018
0.71, 6520814
0.71, 6514758
0.72, 6493664
0.72, 6479478
0.73, 6407125
0.73, 6393254
0.74, 6385309
0.75, 6384102
0.76, 6382380
0.76, 6379699
0.77, 6319595
0.78, 6313778
0.78, 6313757
0.79, 6281605
0.79, 6270635
0.80, 6270214
0.81, 6179120
0.81, 6162863
0.83, 6150773
0.83, 6100204
0.83, 6087017
0.84, 6085907
0.85, 5992686
0.86, 5957671
0.86, 5951397
0.86, 5915334
0.90, 5914812
0.93, 5912688
0.93, 5911348
0.93, 5905146
0.96, 5899646
0.96, 5896571
0.97, 5894726
1.00, 5893752
1.05, 5882559
1.05, 5881925
1.10, 5880375
1.14, 5880199
1.16, 5876638
1.20, 5873645
1.20, 5871460
1.20, 5856824
1.21, 5850280
1.21, 5842139
1.21, 5837463
1.21, 5821783
1.21, 5809718
1.22, 5781935
1.22, 5781904
1.22, 5777274
1.22, 5764202
1.25, 5762026
1.25, 5759511
1.26, 5752705
1.26, 5750430
1.27, 5746083
1.29, 5745973
1.29, 5738400
1.32, 5737970
1.36, 5734393
1.36, 5732548
1.37, 5732029
1.37, 5730355
1.37, 5704018
1.37, 5699005
1.37, 5671737
1.42, 5668423
1.46, 5668406
1.46, 5668351
1.46, 5662963
1.46, 5636758
1.47, 5627815
1.47, 5606039
1.47, 5599261
1.47, 5481423
1.47, 5476072
1.47, 5377680
1.47, 5360830
1.48, 5353283
1.48, 5352480
1.48, 5352186
1.48, 5338234
1.49, 5334415
1.50, 5313062
1.50, 5297820
1.51, 5284217
1.51, 5282842
1.51, 5275939
1.52, 5272037
1.52, 5268875
1.52, 5267453
1.53, 5262311
1.53, 5253211
1.54, 5245621
1.58, 5243582
1.58, 5239516
1.62, 5234366
1.62, 5233329
1.62, 5231862
1.67, 5229023
1.67, 5220522
1.67, 5206798
1.67, 5206573
1.68, 5183863
1.68, 5179798
1.68, 5149449
1.68, 5142532
1.73, 5140662
1.73, 5137388
1.74, 5135616
1.81, 5132727
1.81, 5132702
1.81, 5105236
1.90, 5102394
1.91, 5101820
1.92, 5099669
1.92, 5086451
1.92, 5072641
1.93, 5067252
1.93, 5063975
1.96, 5056042
1.96, 5043615
1.98, 5043282
1.99, 5039818
1.99, 5038337
1.99, 5036395
1.99, 5034258
2.01, 5030667
2.02, 5030467
2.04, 5030368
2.05, 5028407
2.07, 5007722
2.07, 5007085
2.18, 5002355
2.18, 4995833
2.18, 4989767
2.19, 4988810
2.19, 4987721
2.19, 4986293
2.19, 4986240
2.19, 4985093
2.20, 4981977
2.20, 4968390
2.20, 4964701
2.20, 4949420
2.26, 4946066
2.26, 4942136
2.31, 4941171
2.31, 4940338
2.32, 4930180
2.32, 4919492
2.38, 4915979
2.49, 4907751
2.65, 4872699
2.73, 4858902
2.82, 4856120
2.92, 4855755
3.09, 4855080
3.22, 4854969
3.36, 4854604
3.45, 4851421
3.60, 4848406
3.68, 4840727
3.81, 4832433
3.95, 4824360
4.03, 4815694
4.11, 4804529
4.37, 4802112
4.53, 4801838
4.82, 4801317
4.92, 4799710
4.99, 4796715
5.06, 4787840
5.12, 4756235
5.22, 4749320
5.43, 4731004
5.54, 4694570
5.62, 4693293
5.70, 4588830
5.79, 4588488
5.88, 4585431
5.96, 4581532
6.04, 4567527
6.12, 4478405
6.19, 4477543
6.26, 4469859
6.33, 4467515
6.41, 4466955
6.49, 4463179
6.57, 4460958
6.67, 4457391
6.76, 4455819
6.85, 4453093
6.98, 4451025
7.08, 4449786
7.17, 4423943
7.32, 4421831
7.48, 4411871
7.64, 4397479
7.81, 4396990
8.04, 4385803
8.26, 4383045
8.41, 4382329
8.57, 4379890
8.75, 4377182
9.03, 4374051
9.18, 4364019
9.44, 4360550
9.67, 4356792
9.82, 4356452
9.98, 4314104
10.13, 4311327
10.27, 4307596
10.42, 4306413
10.57, 4298583
10.75, 4295140
10.97, 4294704
11.12, 4293648
11.28, 4293011
11.46, 4292624
11.66, 4292316
11.84, 4291917
12.13, 4288915
12.30, 4282809
12.51, 4282606
12.75, 4268813
12.92, 4268487
13.11, 4261813
13.34, 4255458
13.71, 4161955
14.07, 4145879
14.63, 4135560
15.02, 4133917
15.25, 4132906
15.40, 4130078
15.56, 4128753
15.71, 4108614
15.96, 4098876
16.27, 4092041
16.48, 4055333
16.79, 4052489
17.02, 4051277
17.30, 4047713
17.58, 4047381
17.93, 4044927
18.16, 4041738
18.47, 4036514
18.87, 4035521
19.22, 4033981
19.58, 3946989
19.93, 3944426
20.37, 3873793
20.52, 3871217
20.52, 3871016
20.82, 3866880
21.30, 3862347
21.83, 3858568
22.37, 3858405
22.87, 3854966
23.51, 3854714
24.21, 3854025
24.90, 3823304
25.56, 3822006
25.78, 3820223
25.78, 3818283
25.93, 3815234
26.49, 3765789
26.72, 3763745
27.01, 3760936
27.24, 3757284
27.46, 3750501
27.75, 3747641
27.98, 3744976
28.27, 3738232
28.63, 3737543
29.13, 3737003
29.41, 3731200
29.74, 3730681
30.17, 3730007
30.48, 3724245
30.87, 3720266
31.28, 3716542
31.69, 3716446
32.14, 3715819
32.76, 3715790
33.13, 3713149
33.51, 3709124
33.90, 3706589
34.33, 3706038
34.72, 3705733
35.07, 3699976
35.42, 3699671
35.75, 3699662
36.17, 3696110
36.63, 3694657
37.13, 3693244
37.50, 3691568
38.05, 3690408
38.28, 3687360
38.28, 3687159
38.90, 3678144
39.45, 3658262
39.45, 3657505
39.45, 3657173
39.59, 3657117
39.69, 3656723
39.69, 3656680
39.78, 3654972
40.01, 3654389
40.15, 3651547
40.39, 3651320
41.03, 3646356
41.57, 3644458
42.25, 3643920
42.76, 3643193
43.33, 3641074
43.82, 3617821
44.79, 3610028
45.30, 3610017
45.93, 3608125
46.48, 3575160
46.57, 3573209
46.77, 3570648
46.77, 3570447
47.28, 3569603
47.81, 3569400
48.40, 3567994
48.99, 3567429
49.56, 3560845
49.92, 3559185
50.51, 3553499
50.98, 3549317
51.56, 3549088
52.04, 3545558
52.64, 3545523
53.05, 3543198
53.59, 3542844
54.38, 3538635
55.18, 3531604
55.78, 3530353
55.99, 3528570
55.99, 3526630
56.18, 3523581
56.82, 3517109
56.94, 3516929
57.32, 3514152
57.42, 3513568
57.76, 3510223
57.76, 3510022
58.22, 3509529
58.99, 3509390
59.68, 3508801
60.43, 3507164
61.13, 3506449
61.72, 3505331
62.33, 3494809
62.93, 3487636
63.56, 3486493
63.83, 3484710
63.83, 3482770
64.07, 3479721
65.14, 3466133
65.36, 3463572
65.36, 3463371
65.77, 3459134
66.44, 3457497
67.08, 3457059
67.69, 3455178
68.55, 3453358
69.30, 3453083
69.90, 3453048
70.43, 3450522
71.18, 3449159
71.99, 3448647
72.86, 3445327
73.69, 3444316
74.82, 3443963
75.61, 3442792
76.47, 3442669
77.27, 3442396
78.13, 3440476
79.47, 3438654
80.15, 3438335
80.82, 3438327
81.79, 3438230
82.75, 3437462
83.32, 3436300
84.22, 3436040
85.58, 3435558
87.10, 3432243
88.21, 3430970
89.39, 3429907
90.61, 3428967
91.68, 3428783
92.85, 3427846
94.13, 3427671
94.90, 3427515
95.55, 3425165
96.14, 3424160
96.61, 3417854
97.09, 3409806
97.69, 3402639
98.19, 3398936
98.66, 3395169
99.10, 3394751
100.18, 3393358
101.33, 3392058
102.53, 3389547
103.57, 3387167
105.23, 3385816
106.39, 3385573
107.66, 3385140
109.03, 3384097
110.11, 3383735
111.31, 3383431
112.34, 3380801
113.42, 3380401
114.03, 3379009
115.00, 3378691
115.51, 3378547
116.08, 3378109
116.82, 3377729
117.63, 3376849
118.47, 3376230
119.18, 3375444
119.91, 3374262
120.56, 3372937
121.20, 3372804
121.91, 3372572
122.91, 3366523
123.61, 3365341
125.92, 3363051
127.83, 3362671
129.86, 3361693
131.84, 3360044
133.79, 3357593
135.92, 3357573
137.83, 3355559
139.90, 3352389
142.71, 3352195
144.76, 3350059
146.84, 3349921
148.65, 3348506
150.69, 3348224
152.46, 3344365
155.03, 3325510
157.35, 3324406
159.31, 3321557
161.05, 3319888
163.24, 3319831
165.42, 3319026
167.16, 3316433
168.98, 3316123
170.89, 3314515
173.27, 3313238
175.56, 3310973
177.78, 3268914
179.58, 3264687
181.52, 3264457
182.84, 3263955
184.10, 3263649
185.70, 3262882
187.18, 3262594
188.50, 3261774
189.96, 3256544
191.48, 3255194
192.87, 3255110
194.79, 3254514
196.44, 3253801
198.27, 3253493
199.89, 3250974
201.42, 3250465
203.13, 3250407
205.23, 3250198
206.85, 3249191
208.44, 3247110
210.04, 3245730
211.89, 3245536
213.43, 3244529
215.56, 3244435
217.59, 3243477
219.52, 3243452
221.60, 3242612
223.60, 3230442
225.88, 3213978
227.84, 3213363
229.09, 3212951
230.42, 3211743
231.53, 3210275
232.83, 3210201
234.73, 3209121
236.85, 3201368
238.44, 3199636
239.78, 3199606
241.13, 3199330
242.45, 3199070
244.23, 3198250
246.36, 3198116
248.30, 3186099
250.17, 3184578
252.00, 3183744
253.78, 3152306
253.94, 3149814
253.94, 3146275
254.07, 3145485
254.33, 3144246
254.64, 3143640
254.82, 3143090
255.03, 3142059
255.38, 3141759
255.68, 3141300
256.15, 3139954
258.27, 3118244
258.42, 3108160
258.42, 3107959
259.59, 3107298
260.78, 3107290
262.33, 3105636
264.00, 3103727
266.17, 3103161
268.22, 3082194
270.29, 3065935
272.13, 3064614
274.28, 3064295
276.74, 3062923
278.84, 3061626
280.53, 3060482
282.32, 3046248
284.66, 3043559
286.53, 3043455
288.46, 3043178
291.33, 3042729
293.97, 3042229
296.86, 3039203
299.21, 3038774
301.50, 3035217
303.92, 3035004
305.71, 3034588
308.38, 3031683
310.84, 3031498
313.47, 3031471
315.97, 3030982
318.48, 3030842
321.11, 3030547
323.72, 3027505
325.47, 3027223
328.28, 3026273
330.83, 3025893
333.69, 3024057
336.61, 3023384
339.43, 3022860
342.09, 3022802
344.88, 3021322
347.26, 3016658
350.21, 3015205
352.62, 3014665
355.70, 3014126
358.44, 3011896
359.38, 3010084
360.23, 3006644
362.03, 3005646
365.40, 3005566
367.66, 3005156
369.24, 3005138
372.02, 3004956
373.71, 3004830
375.23, 3004683
376.68, 3003237
378.38, 2991356
380.05, 2990906
381.49, 2990901
383.00, 2990273
384.22, 2990091
387.03, 2987191
390.95, 2986587
394.26, 2986361
397.02, 2985719
399.85, 2985624
402.89, 2984866
405.89, 2984311
408.57, 2982943
411.52, 2982221
414.21, 2982097
417.31, 2981432
419.74, 2981214
421.68, 2981017
423.45, 2979846
425.79, 2979604
428.21, 2978884
431.42, 2950335
433.55, 2949991
435.77, 2949238
437.89, 2949102
440.18, 2948851
442.60, 2948560
445.36, 2948075
448.29, 2947124
451.13, 2945999
453.94, 2945790
456.79, 2945593
459.78, 2945224
462.49, 2944886
465.54, 2943363
468.47, 2942044
471.32, 2941540
474.57, 2941378
477.61, 2939869
481.18, 2939805
484.36, 2938443
487.69, 2938397
490.78, 2937745
494.77, 2936967
497.89, 2935328
501.07, 2934312
504.43, 2933973
504.82, 2932433
505.05, 2906467
505.27, 2904709
505.47, 2904628
505.65, 2904395
505.82, 2904336
505.98, 2903005
506.30, 2902628
506.69, 2902511
506.95, 2898428
507.26, 2897407
507.71, 2897328
508.01, 2892302
508.40, 2885830
508.96, 2885782
509.46, 2884024
510.17, 2883238
511.14, 2883122
511.95, 2882161
512.75, 2882107
513.54, 2880925
516.90, 2880617
519.71, 2880296
522.78, 2880007
525.90, 2879566
529.37, 2879071
532.61, 2878091
535.91, 2871368
538.81, 2871274
542.25, 2871241
545.46, 2871164
548.75, 2871062
551.80, 2870876
555.58, 2870157
558.25, 2869995
561.47, 2869581
564.64, 2868994
567.62, 2868741
570.38, 2867938
573.50, 2866702
576.76, 2865169
578.84, 2863288
581.08, 2863165
583.00, 2862867
584.99, 2862610
586.81, 2862586
588.66, 2862567
590.59, 2862438
592.53, 2862215
594.75, 2861725
596.67, 2861667
598.63, 2861223
600.42, 2861119
