0.09, 7115196
0.09, 7101764
0.09, 7082885
0.09, 7079662
0.09, 7022561
0.09, 7021862
0.09, 7020682
0.09, 7015621
0.09, 7015191
0.09, 6958414
0.09, 6938892
0.09, 6900232
0.09, 6880997
0.09, 6857415
0.09, 6825523
0.10, 6820060
0.10, 6800348
0.10, 6799388
0.10, 6793343
0.10, 6793012
0.10, 6788851
0.10, 6745772
0.10, 6744248
0.10, 6715492
0.10, 6696761
0.10, 6692369
0.10, 6686789
0.11, 6686384
0.11, 6677952
0.11, 6671747
0.11, 6665298
0.11, 6659647
0.11, 6612069
0.11, 6560079
0.11, 6538310
0.11, 6533713
0.11, 6531698
0.11, 6495959
0.11, 6473929
0.11, 6463614
0.11, 6453242
0.11, 6424693
0.11, 6410422
0.11, 6356955
0.12, 6341507
0.12, 6327770
0.12, 6179754
0.12, 6164228
0.12, 6080143
0.12, 6066732
0.12, 6047588
0.12, 6035352
0.13, 5956244
0.13, 5937516
0.13, 5930078
0.13, 5917460
0.13, 5916804
0.13, 5908200
0.13, 5902686
0.13, 5896095
0.13, 5891095
0.13, 5882346
0.14, 5864709
0.14, 5861343
0.14, 5839006
0.14, 5765320
0.14, 5760004
0.14, 5749886
0.15, 5725824
0.15, 5670705
0.15, 5618802
0.15, 5605672
0.15, 5594947
0.16, 5591959
0.16, 5587894
0.16, 5561231
0.16, 5560190
0.16, 5549754
0.16, 5542554
0.16, 5533448
0.16, 5485912
0.16, 5485389
0.16, 5469503
0.16, 5468525
0.16, 5462643
0.16, 5462501
0.17, 5459624
0.17, 5436075
0.17, 5404275
0.17, 5398748
0.17, 5398681
0.18, 5385683
0.18, 5385619
0.18, 5360508
0.18, 5356018
0.18, 5355434
0.18, 5306878
0.18, 5298940
0.18, 5295517
0.18, 5294997
0.18, 5281882
0.18, 5281559
0.18, 5275980
0.19, 5253058
0.19, 5248634
0.19, 5211198
0.19, 5206387
0.19, 5205893
0.19, 5203059
0.19, 5186173
0.20, 5185306
0.20, 5169379
0.20, 5164362
0.20, 5137064
0.20, 5132748
0.20, 5130931
0.20, 5117511
0.21, 5108001
0.21, 5101386
0.21, 5099445
0.21, 5063712
0.21, 5059578
0.21, 5058709
0.21, 5047955
0.21, 5041337
0.21, 5034102
0.21, 5032961
0.22, 5031496
0.22, 5022946
0.22, 5003370
0.22, 5000950
0.22, 5000697
0.23, 4987249
0.23, 4962932
0.23, 4950631
0.24, 4919696
0.24, 4915991
0.24, 4914091
0.24, 4912373
0.24, 4906509
0.25, 4899016
0.25, 4886056
0.25, 4884746
0.25, 4864582
0.26, 4863208
0.26, 4758813
0.26, 4757558
0.27, 4757167
0.27, 4726131
0.28, 4722416
0.28, 4721640
0.28, 4690117
0.29, 4690036
0.29, 4680221
0.29, 4679396
0.29, 4678528
0.29, 4675329
0.29, 4673613
0.29, 4673437
0.30, 4666217
0.30, 4664955
0.30, 4660579
0.31, 4660103
0.31, 4658264
0.31, 4636296
0.32, 4632246
0.32, 4622702
0.32, 4618921
0.32, 4591577
0.32, 4585012
0.32, 4580478
0.34, 4575776
0.34, 4557557
0.35, 4554078
0.35, 4552848
0.35, 4536138
0.35, 4533704
0.35, 4525009
0.36, 4518637
0.36, 4508090
0.36, 4507901
0.37, 4478335
0.37, 4472329
0.37, 4462410
0.37, 4455755
0.37, 4454747
0.38, 4453301
0.38, 4448570
0.38, 4445999
0.38, 4422650
0.39, 4422339
0.39, 4417051
0.39, 4415910
0.40, 4414960
0.40, 4404230
0.42, 4391185
0.46, 4386629
0.46, 4382792
0.47, 4382280
0.47, 4372932
0.49, 4371753
0.51, 4363823
0.51, 4359667
0.53, 4354050
0.53, 4352256
0.54, 4349017
0.54, 4348990
0.55, 4328217
0.55, 4310593
0.56, 4300113
0.57, 4284569
0.57, 4277755
0.57, 4276585
0.57, 4271174
0.57, 4269263
0.57, 4264155
0.58, 4264130
0.58, 4257505
0.58, 4256361
0.58, 4255243
0.58, 4252752
0.59, 4250177
0.59, 4231451
0.60, 4231050
0.60, 4230786
0.60, 4217900
0.61, 4178543
0.61, 4165712
0.62, 4153607
0.62, 4144479
0.62, 4132000
0.62, 4131348
0.63, 4102511
0.64, 4089597
0.64, 4082829
0.64, 4080422
0.65, 4068489
0.65, 4066925
0.66, 4000038
0.66, 3999578
0.66, 3937806
0.66, 3932694
0.66, 3926991
0.66, 3926574
0.67, 3923664
0.67, 3922319
0.68, 3921697
0.68, 3920128
0.68, 3918797
0.68, 3917029
0.68, 3915166
0.69, 3904716
0.70, 3904528
0.70, 3897749
0.70, 3893998
0.70, 3876359
0.70, 3832683
0.71, 3832325
0.71, 3832144
0.72, 3793284
0.73, 3789843
0.73, 3788402
0.74, 3785367
0.74, 3746514
0.75, 3739142
0.75, 3735307
0.75, 3735170
0.76, 3734839
0.78, 3733941
0.79, 3733852
0.79, 3730824
0.80, 3718800
0.80, 3718614
0.81, 3717704
0.82, 3705787
0.82, 3701695
0.82, 3695091
0.83, 3690580
0.83, 3689155
0.83, 3688038
0.84, 3687868
0.85, 3687609
0.86, 3671384
0.87, 3669212
0.88, 3667278
0.89, 3662067
0.89, 3661004
0.89, 3584115
0.89, 3582671
0.89, 3582477
0.89, 3566281
0.90, 3538948
0.90, 3528795
0.90, 3520891
0.90, 3518159
0.90, 3516418
0.91, 3516393
0.92, 3513713
0.92, 3513141
0.93, 3458558
0.93, 3451428
0.93, 3433096
0.94, 3430750
0.94, 3429741
0.95, 3421216
0.95, 3417808
0.96, 3415799
0.97, 3408256
0.97, 3400666
0.99, 3397200
1.00, 3396180
1.00, 3395965
1.00, 3395559
1.01, 3382337
1.01, 3374349
1.01, 3345898
1.02, 3320187
1.02, 3319834
1.05, 3318875
1.05, 3314248
1.07, 3308824
1.07, 3307339
1.07, 3305827
1.07, 3296942
1.07, 3294626
1.08, 3287888
1.08, 3273679
1.10, 3272162
1.10, 3271792
1.10, 3252305
1.11, 3249443
1.11, 3246815
1.13, 3246686
1.13, 3245212
1.14, 3242251
1.15, 3234756
1.15, 3234125
1.16, 3223277
1.18, 3214460
1.18, 3213091
1.19, 3200715
1.19, 3150604
1.20, 3149368
1.21, 3149277
1.21, 3148911
1.21, 3148892
1.23, 3148285
1.24, 3147929
1.24, 3145743
1.28, 3143782
1.29, 3143768
1.30, 3143008
1.30, 3135246
1.31, 3122204
1.32, 3120700
1.33, 3119490
1.35, 3117993
1.35, 3105619
1.35, 3095801
1.35, 3090800
1.35, 3089892
1.36, 3078402
1.36, 3073122
1.36, 3072253
1.36, 3067764
1.37, 3067296
1.37, 3032805
1.38, 3032250
1.40, 3031919
1.40, 3029816
1.41, 3029149
1.42, 3026034
1.42, 3023477
1.42, 3008655
1.42, 3006631
1.43, 3006026
1.43, 3001289
1.44, 3001138
1.46, 2995432
1.48, 2993185
1.48, 2992880
1.50, 2910411
1.52, 2909956
1.52, 2909565
1.53, 2909080
1.54, 2907974
1.56, 2900699
1.56, 2885753
1.57, 2882430
1.57, 2880848
1.59, 2864782
1.60, 2846935
1.60, 2836996
1.60, 2836182
1.61, 2789745
1.63, 2783262
1.64, 2782422
1.64, 2782178
1.64, 2780626
1.65, 2780413
1.65, 2775641
1.65, 2775210
1.66, 2772919
1.68, 2772756
1.69, 2770571
1.70, 2769911
1.71, 2768083
1.74, 2761117
1.75, 2754090
1.75, 2750431
1.76, 2707564
1.76, 2706394
1.76, 2704121
1.76, 2700624
1.79, 2699032
1.79, 2695665
1.80, 2691884
1.80, 2690824
1.80, 2688203
1.82, 2688182
1.82, 2684039
1.83, 2679114
1.84, 2678459
1.86, 2678209
1.87, 2671304
1.89, 2665060
1.90, 2662571
1.92, 2662494
1.93, 2661635
1.97, 2659881
2.00, 2659819
2.01, 2657607
2.02, 2653568
2.04, 2651998
2.06, 2649337
2.07, 2632078
2.07, 2630568
2.08, 2627880
2.08, 2623206
2.09, 2620329
2.11, 2619198
2.11, 2618428
2.12, 2613097
2.12, 2608331
2.13, 2608151
2.13, 2607852
2.13, 2599864
2.13, 2595819
2.14, 2593230
2.15, 2591997
2.16, 2588546
2.17, 2543558
2.18, 2543238
2.18, 2535764
2.19, 2535251
2.21, 2534959
2.22, 2534591
2.23, 2534587
2.26, 2532764
2.27, 2531405
2.27, 2518702
2.32, 2518646
2.33, 2517416
2.33, 2516070
2.35, 2503456
2.36, 2499255
2.38, 2497713
2.41, 2493636
2.41, 2489586
2.43, 2487589
2.43, 2486702
2.43, 2482511
2.47, 2481538
2.52, 2481473
2.56, 2479981
2.56, 2478912
2.57, 2477379
2.57, 2475493
2.58, 2475328
2.59, 2473350
2.60, 2470948
2.61, 2448011
2.62, 2446761
2.63, 2445817
2.65, 2444378
2.71, 2443030
2.73, 2430636
2.73, 2423829
2.75, 2423264
2.75, 2416030
2.81, 2414249
2.83, 2362978
2.86, 2362610
2.88, 2357033
2.89, 2354676
2.96, 2353086
3.01, 2349292
3.07, 2348919
3.12, 2348011
3.16, 2345432
3.17, 2344749
3.21, 2339205
3.22, 2338802
3.23, 2338622
3.25, 2338315
3.26, 2336714
3.27, 2336633
3.31, 2333946
3.31, 2333830
3.36, 2330581
3.37, 2330093
3.40, 2329845
3.41, 2326406
3.42, 2325096
3.43, 2324586
3.44, 2323498
3.46, 2320772
3.46, 2319159
3.48, 2318855
3.51, 2311578
3.54, 2308723
3.57, 2308404
3.60, 2308255
3.61, 2308210
3.63, 2307832
3.67, 2307776
3.68, 2307683
3.68, 2306898
3.76, 2305758
3.76, 2302682
3.79, 2301724
3.80, 2301259
3.82, 2299574
3.83, 2299103
3.84, 2288839
3.85, 2288044
3.85, 2288038
3.86, 2287451
3.87, 2287383
3.93, 2286804
3.93, 2286531
3.94, 2285250
3.94, 2284500
3.94, 2283826
3.98, 2282521
4.13, 2282490
4.14, 2281994
4.14, 2278939
4.15, 2268753
4.20, 2268335
4.27, 2267763
4.29, 2267429
4.30, 2266883
4.33, 2265229
4.38, 2264999
4.40, 2262771
4.43, 2261537
4.43, 2256655
4.45, 2256387
4.46, 2256049
4.46, 2254748
4.46, 2253288
4.47, 2243568
4.50, 2235721
4.51, 2234533
4.51, 2234139
4.57, 2233499
4.59, 2233171
4.59, 2229446
4.60, 2228744
4.61, 2227713
4.62, 2227645
4.62, 2227405
4.64, 2227391
4.69, 2226628
4.76, 2223741
4.77, 2223468
4.81, 2222883
4.81, 2222767
4.81, 2216805
4.83, 2212644
4.87, 2212494
4.87, 2211064
4.89, 2210477
4.91, 2209440
4.92, 2208123
4.95, 2207241
4.97, 2206968
4.98, 2197476
5.05, 2196008
5.08, 2195831
5.08, 2195431
5.09, 2195352
5.10, 2195118
5.12, 2194090
5.16, 2192960
5.18, 2192530
5.22, 2192392
5.22, 2187371
5.23, 2187291
5.28, 2187022
5.29, 2179105
5.30, 2178685
5.33, 2177615
5.34, 2177525
5.34, 2177180
5.36, 2176821
5.38, 2175147
5.38, 2171370
5.42, 2171347
5.43, 2171303
5.45, 2170847
5.47, 2163631
5.47, 2163547
5.49, 2161312
5.53, 2154763
5.56, 2153912
5.57, 2152861
5.67, 2148436
5.68, 2142023
5.68, 2141805
5.68, 2137159
5.69, 2137088
5.69, 2136074
5.70, 2118431
5.70, 2113330
5.79, 2086782
5.85, 2086770
5.85, 2085035
5.85, 2084435
5.85, 2083811
5.86, 2083669
5.87, 2081518
5.87, 2080720
5.87, 2079720
5.93, 2077989
5.93, 2075904
5.95, 2075853
5.97, 2073748
5.97, 2072267
5.98, 2071662
6.00, 2070525
6.03, 2066291
6.04, 2066276
6.07, 2066266
6.07, 2065946
6.10, 2064285
6.11, 2064194
6.12, 2064149
6.14, 2063878
6.16, 2061580
6.16, 2061027
6.19, 2060478
6.29, 2059867
6.30, 2059381
6.30, 2055709
6.31, 2055265
6.33, 2053838
6.36, 2053258
6.36, 2052755
6.37, 2052300
6.42, 2051278
6.48, 2047224
6.48, 2047093
6.49, 2042077
6.56, 2041845
6.59, 2041023
6.60, 2040704
6.65, 2040672
6.80, 2039559
6.83, 2039298
6.89, 2038977
6.89, 2029617
6.91, 2027097
6.93, 2025629
6.96, 2025574
6.97, 2017757
7.00, 2017475
7.06, 2017463
7.08, 2017064
7.12, 2016403
7.18, 2005998
7.25, 2005950
7.31, 2005448
7.34, 2005141
7.37, 2005123
7.39, 2003968
7.44, 2002407
7.48, 2001933
7.53, 2001688
7.54, 1994995
7.55, 1994435
7.60, 1993691
7.63, 1992218
7.64, 1975924
7.67, 1975442
7.68, 1973442
7.79, 1973194
7.85, 1970485
7.90, 1970472
7.91, 1969527
7.92, 1967830
7.95, 1966308
7.96, 1965868
7.96, 1964835
7.99, 1963055
8.00, 1963014
8.03, 1962238
8.07, 1961948
8.09, 1960561
8.14, 1960287
8.15, 1960131
8.16, 1959852
8.17, 1959468
8.18, 1954970
8.19, 1954871
8.21, 1953974
8.30, 1953933
8.40, 1951656
8.40, 1951357
8.42, 1950551
8.56, 1948303
8.56, 1946296
8.57, 1945492
8.57, 1944171
8.62, 1943598
8.73, 1943039
8.78, 1941452
8.79, 1940680
8.82, 1939469
8.82, 1936805
8.88, 1936312
8.88, 1935204
8.93, 1935173
8.93, 1933805
8.98, 1933027
9.04, 1932206
9.06, 1931433
9.07, 1931031
9.08, 1930667
9.09, 1929226
9.10, 1925784
9.14, 1921716
9.15, 1921400
9.18, 1915559
9.27, 1910980
9.32, 1910347
9.36, 1910215
9.37, 1909570
9.41, 1906930
9.45, 1906570
9.46, 1903374
9.55, 1902133
9.59, 1901567
9.65, 1899860
9.66, 1897634
9.70, 1896444
9.74, 1896322
9.78, 1894037
9.78, 1892735
9.78, 1892252
9.86, 1891174
9.89, 1891033
10.06, 1889877
10.07, 1888421
10.08, 1887024
10.08, 1881357
10.13, 1881164
10.23, 1878101
10.31, 1876651
10.43, 1871264
10.43, 1868553
10.44, 1868203
10.45, 1866119
10.45, 1865177
10.51, 1863886
10.64, 1863675
10.66, 1863006
10.74, 1862391
10.74, 1861774
10.81, 1860124
10.83, 1858787
10.83, 1858177
10.87, 1856814
10.96, 1853433
10.98, 1852559
11.02, 1852357
11.04, 1852011
11.11, 1850493
11.12, 1846790
11.18, 1846495
11.22, 1844807
11.27, 1840797
11.28, 1840300
11.29, 1838827
11.30, 1835380
11.30, 1834782
11.32, 1834663
11.33, 1833690
65.40, 1809145
65.41, 1804628
65.46, 1804017
65.57, 1803987
65.59, 1803936
65.61, 1803866
65.63, 1803703
73.93, 1794838
73.99, 1794464
74.04, 1794399
74.05, 1794331
74.20, 1794127
74.28, 1793960
74.33, 1792828
74.85, 1787872
74.92, 1786159
74.92, 1784507
75.03, 1783617
75.10, 1781894
75.17, 1779787
75.19, 1779107
75.31, 1778680
