0.09, 7278288
0.09, 7270922
0.09, 7228559
0.09, 7111881
0.09, 7095156
0.09, 7057273
0.09, 7055657
0.09, 7000638
0.09, 6999078
0.09, 6957961
0.09, 6947150
0.10, 6867276
0.10, 6759284
0.10, 6741876
0.10, 6720515
0.10, 6695132
0.10, 6693614
0.10, 6676004
0.10, 6612724
0.10, 6612341
0.10, 6603697
0.10, 6603498
0.10, 6600395
0.10, 6572151
0.11, 6547010
0.11, 6537173
0.11, 6495277
0.11, 6479570
0.11, 6390661
0.11, 6387890
0.11, 6353889
0.11, 6349099
0.11, 6332407
0.11, 6329861
0.11, 6324162
0.11, 6314022
0.11, 6306022
0.11, 6305954
0.11, 6261174
0.11, 6250973
0.11, 6249407
0.11, 6234224
0.11, 6233002
0.12, 6222794
0.12, 6199375
0.12, 6151949
0.12, 6128294
0.12, 6117110
0.12, 6103508
0.12, 6094870
0.12, 6088924
0.12, 6088222
0.12, 6053357
0.12, 6048294
0.12, 5985620
0.13, 5980413
0.13, 5959095
0.13, 5936675
0.13, 5934672
0.13, 5901803
0.13, 5885324
0.13, 5882812
0.13, 5877177
0.14, 5871586
0.14, 5864321
0.14, 5861111
0.14, 5860280
0.14, 5814684
0.14, 5808684
0.14, 5807354
0.14, 5769196
0.14, 5754164
0.14, 5744339
0.14, 5736928
0.14, 5719193
0.15, 5711961
0.15, 5711925
0.15, 5666487
0.15, 5652179
0.15, 5650324
0.15, 5647936
0.15, 5646305
0.15, 5645025
0.15, 5641705
0.15, 5635910
0.15, 5632454
0.15, 5612195
0.15, 5610821
0.16, 5603281
0.16, 5598662
0.16, 5593418
0.16, 5589938
0.16, 5589546
0.16, 5587777
0.16, 5579040
0.16, 5572513
0.16, 5527480
0.16, 5475591
0.16, 5470312
0.16, 5470236
0.16, 5469718
0.16, 5402162
0.16, 5394551
0.16, 5393653
0.17, 5381071
0.17, 5378785
0.17, 5372430
0.17, 5347503
0.17, 5335675
0.17, 5326674
0.17, 5305004
0.17, 5287017
0.17, 5271796
0.17, 5261825
0.18, 5241943
0.18, 5236876
0.18, 5236511
0.18, 5184694
0.18, 5180577
0.18, 5096920
0.18, 5095235
0.19, 5034937
0.19, 5025206
0.19, 5020407
0.19, 5017308
0.19, 5013344
0.20, 5010542
0.20, 5010090
0.20, 4975317
0.20, 4904695
0.20, 4903342
0.20, 4891539
0.21, 4890440
0.21, 4875746
0.21, 4875391
0.21, 4857654
0.21, 4838415
0.21, 4802924
0.21, 4799623
0.21, 4796890
0.21, 4794749
0.22, 4792660
0.22, 4787015
0.22, 4771439
0.23, 4771071
0.23, 4770653
0.23, 4762106
0.24, 4760271
0.24, 4757829
0.25, 4718098
0.25, 4715350
0.25, 4648199
0.25, 4645715
0.25, 4645659
0.25, 4643774
0.25, 4631412
0.26, 4623880
0.27, 4622009
0.27, 4615519
0.28, 4607582
0.28, 4600070
0.28, 4579293
0.28, 4573580
0.29, 4573381
0.30, 4550632
0.30, 4533761
0.31, 4531465
0.31, 4513514
0.31, 4510445
0.31, 4508987
0.31, 4497235
0.31, 4487350
0.31, 4479281
0.32, 4470237
0.32, 4465431
0.32, 4455196
0.32, 4444372
0.32, 4416897
0.32, 4410465
0.32, 4362302
0.33, 4351602
0.33, 4339114
0.34, 4331441
0.34, 4299570
0.35, 4299434
0.35, 4296483
0.36, 4294559
0.36, 4256116
0.37, 4255916
0.37, 4236310
0.37, 4235264
0.37, 4235148
0.37, 4232182
0.37, 4228941
0.37, 4196536
0.38, 4191079
0.38, 4188163
0.39, 4184438
0.39, 4181684
0.39, 4178642
0.40, 4178594
0.40, 4174933
0.40, 4174665
0.40, 4169071
0.40, 4111075
0.41, 4109710
0.42, 4106453
0.42, 4100524
0.42, 4099000
0.42, 4094705
0.42, 4093166
0.43, 4082468
0.43, 4076926
0.43, 4076192
0.43, 4075340
0.44, 4073873
0.45, 4036033
0.45, 4035988
0.46, 4015347
0.47, 4014582
0.47, 3993882
0.47, 3990045
0.47, 3989638
0.48, 3988116
0.48, 3986610
0.48, 3985681
0.48, 3984225
0.48, 3983853
0.48, 3983462
0.49, 3977059
0.49, 3977005
0.49, 3976157
0.49, 3968363
0.49, 3963636
0.49, 3959798
0.49, 3941436
0.49, 3941167
0.49, 3940652
0.50, 3939615
0.50, 3936849
0.50, 3935767
0.50, 3934249
0.50, 3932645
0.51, 3928263
0.52, 3849418
0.53, 3844948
0.53, 3836857
0.53, 3835072
0.54, 3834317
0.54, 3834099
0.55, 3832718
0.56, 3828525
0.56, 3818364
0.57, 3818026
0.57, 3814352
0.58, 3783202
0.59, 3782791
0.59, 3751394
0.60, 3734104
0.60, 3716798
0.60, 3711940
0.60, 3697801
0.60, 3693975
0.61, 3644918
0.62, 3641698
0.62, 3640655
0.62, 3639057
0.62, 3638984
0.63, 3634739
0.63, 3616532
0.63, 3615649
0.63, 3614176
0.63, 3607591
0.63, 3603780
0.63, 3601578
0.64, 3585829
0.66, 3584864
0.66, 3580336
0.67, 3580049
0.67, 3572171
0.67, 3571644
0.67, 3569890
0.68, 3565570
0.70, 3563303
0.72, 3560755
0.73, 3559044
0.74, 3557413
0.74, 3543116
0.75, 3542564
0.75, 3525979
0.76, 3514952
0.76, 3513544
0.77, 3503581
0.77, 3503126
0.78, 3502251
0.78, 3500025
0.78, 3498647
0.78, 3497004
0.78, 3496383
0.79, 3483110
0.79, 3480210
0.79, 3439770
0.79, 3428959
0.79, 3428198
0.79, 3414156
0.79, 3397401
0.81, 3394608
0.81, 3393387
0.81, 3390247
0.81, 3389338
0.81, 3387030
0.81, 3384938
0.81, 3382494
0.81, 3380420
0.82, 3372821
0.82, 3363475
0.83, 3362095
0.83, 3361803
0.84, 3361033
0.84, 3344587
0.85, 3343239
0.85, 3329977
0.87, 3327396
0.89, 3302399
0.89, 3285863
0.89, 3285397
0.90, 3271393
0.90, 3270227
0.90, 3265642
0.91, 3265028
0.91, 3263711
0.94, 3262885
0.94, 3259872
0.94, 3256174
0.95, 3249563
0.96, 3246052
0.97, 3243460
0.97, 3243336
0.99, 3215383
1.01, 3211297
1.01, 3209578
1.03, 3195563
1.04, 3191394
1.05, 3190535
1.05, 3188794
1.08, 3188396
1.08, 3187432
1.09, 3184993
1.10, 3184422
1.10, 3178986
1.12, 3176920
1.13, 3164081
1.13, 3163857
1.14, 3155056
1.15, 3155031
1.16, 3147423
1.16, 3145588
1.16, 3145180
1.17, 3141833
1.18, 3141584
1.21, 3139637
1.21, 3138700
1.22, 3136313
1.22, 3132526
1.24, 3115630
1.24, 3114274
1.25, 3112266
1.25, 3111255
1.25, 3107607
1.25, 3099017
1.26, 3088179
1.26, 3077884
1.26, 3074074
1.27, 3073343
1.27, 3070767
1.27, 3070363
1.29, 3070191
1.29, 3068507
1.29, 3064534
1.30, 3061535
1.30, 3060453
1.31, 3059799
1.31, 3059242
1.31, 3059136
1.32, 3057822
1.32, 3056600
1.35, 3055318
1.35, 3055003
1.36, 3054800
1.37, 3052650
1.37, 3050766
1.37, 3050533
1.37, 3050021
1.38, 3018711
1.38, 3013303
1.40, 3005772
1.40, 2996977
1.43, 2996662
1.43, 2995222
1.44, 2995111
1.45, 2954656
1.45, 2953959
1.45, 2952081
1.47, 2950182
1.47, 2937010
1.50, 2930430
1.50, 2930115
1.51, 2929118
1.51, 2927979
1.53, 2926763
1.53, 2925849
1.55, 2922223
1.56, 2921685
1.57, 2921173
1.57, 2919716
1.58, 2916936
1.58, 2915539
1.58, 2912304
1.60, 2912153
1.61, 2911855
1.61, 2911472
1.64, 2908114
1.64, 2907525
1.64, 2905556
1.64, 2893879
1.66, 2890235
1.67, 2889593
1.69, 2883983
1.70, 2882217
1.71, 2877219
1.72, 2874028
1.75, 2873659
1.76, 2869702
1.76, 2868472
1.78, 2866602
1.79, 2864978
1.82, 2863947
1.83, 2863748
1.85, 2863411
1.86, 2862950
1.86, 2853097
1.88, 2848783
1.88, 2848669
1.88, 2785521
1.90, 2783803
1.91, 2782668
1.91, 2777242
1.92, 2776135
1.92, 2761899
1.93, 2760982
1.94, 2758025
1.94, 2731641
1.95, 2731477
1.95, 2731431
1.95, 2726707
1.96, 2721104
1.98, 2720989
1.99, 2713857
2.01, 2710464
2.03, 2708032
2.04, 2706775
2.04, 2706608
2.07, 2706458
2.08, 2706366
2.11, 2706038
2.11, 2697251
2.15, 2691928
2.16, 2686414
2.18, 2685126
2.18, 2683802
2.19, 2681782
2.25, 2671673
2.25, 2671226
2.27, 2668257
2.28, 2667712
2.30, 2665969
2.30, 2657171
2.32, 2657015
2.33, 2625330
2.34, 2619738
2.34, 2614698
2.36, 2602274
2.37, 2601317
2.37, 2597651
2.38, 2597336
2.39, 2596802
2.40, 2595836
2.42, 2595692
2.43, 2592404
2.45, 2591150
2.45, 2590469
2.47, 2587472
2.47, 2586900
2.47, 2585106
2.47, 2584556
2.47, 2582667
2.51, 2582139
2.52, 2582000
2.52, 2577161
2.53, 2572067
2.53, 2572000
2.54, 2571907
2.60, 2570594
2.64, 2567434
2.66, 2566180
2.66, 2565893
2.67, 2565733
2.71, 2565700
2.76, 2565581
2.77, 2561167
2.77, 2558612
2.79, 2551370
2.81, 2546451
2.82, 2545925
2.82, 2541567
2.83, 2541378
2.85, 2535399
2.86, 2533430
2.87, 2533031
2.87, 2530033
2.87, 2529404
2.89, 2523548
2.89, 2521961
2.90, 2521537
2.91, 2515651
2.93, 2513535
2.95, 2510888
2.97, 2509554
2.99, 2503636
3.00, 2493298
3.02, 2492626
3.05, 2459669
3.05, 2437152
3.05, 2435373
3.09, 2425928
3.10, 2425206
3.11, 2352408
3.11, 2352118
3.15, 2350558
3.16, 2349913
3.16, 2346861
3.17, 2344058
3.17, 2341488
3.19, 2313375
3.21, 2300448
3.25, 2300170
3.27, 2299806
3.29, 2295090
3.31, 2294877
3.31, 2290751
3.38, 2290122
3.40, 2288627
3.46, 2286244
3.47, 2286071
3.51, 2286006
3.51, 2285445
3.53, 2285240
3.54, 2283471
3.56, 2282459
3.60, 2281771
3.61, 2278753
3.64, 2277447
3.65, 2276658
3.65, 2276324
3.70, 2274715
3.70, 2273304
3.72, 2271546
3.73, 2266484
3.75, 2265171
3.75, 2264506
3.78, 2263736
3.80, 2262814
3.89, 2261737
3.89, 2261551
3.90, 2260602
3.92, 2257334
3.93, 2256725
3.94, 2256638
3.94, 2256144
3.96, 2255187
3.98, 2251582
4.00, 2251100
4.00, 2249321
4.04, 2248931
4.07, 2222714
4.09, 2221903
4.12, 2221647
4.15, 2219159
4.21, 2217161
4.22, 2216695
4.24, 2214456
4.25, 2208297
4.27, 2208000
4.27, 2205515
4.34, 2205494
4.37, 2205278
4.38, 2193817
4.50, 2191372
4.58, 2191080
4.62, 2168800
4.65, 2168478
4.69, 2168405
4.74, 2168119
4.75, 2167056
4.82, 2165661
4.86, 2164889
4.87, 2163998
4.92, 2163908
4.99, 2163461
5.01, 2157382
5.01, 2155634
5.03, 2155334
5.05, 2153453
5.07, 2152936
5.08, 2147954
5.22, 2146633
5.26, 2143515
5.47, 2143510
5.54, 2141875
5.66, 2141361
5.67, 2140212
5.68, 2137705
5.68, 2137592
5.69, 2137497
5.71, 2137323
5.78, 2136565
5.84, 2136017
5.84, 2135791
5.87, 2135455
5.90, 2129876
5.90, 2125974
5.91, 2124600
5.94, 2122308
6.04, 2121642
6.05, 2103424
6.13, 2091391
6.14, 2090931
6.23, 2084335
6.23, 2082637
6.29, 2081850
6.29, 2079542
6.31, 2079495
6.34, 2078804
6.38, 2069231
6.41, 2069181
6.44, 2069061
6.46, 2064598
6.51, 2059978
6.52, 2059540
6.53, 2059527
6.53, 2058457
6.63, 2058355
6.66, 2058166
6.68, 2057402
6.68, 2055481
6.68, 2055477
6.72, 2055113
6.81, 2054980
6.84, 2054812
6.87, 2053506
6.89, 2053060
6.95, 2052797
7.01, 2051813
7.09, 2048801
7.26, 2048272
7.27, 2046272
7.30, 2045343
7.31, 2045295
7.35, 2044789
7.41, 2043551
7.49, 2043530
7.49, 2042283
7.52, 2041862
7.58, 2041363
7.59, 2041161
7.66, 2038183
7.78, 2037869
7.79, 2036955
7.85, 2036818
7.91, 2036794
7.91, 2035574
7.92, 2034213
7.96, 2033454
8.00, 2029902
8.01, 2029511
8.05, 2029496
8.13, 2025506
8.17, 2025365
8.20, 2025333
8.26, 2025064
8.28, 2025028
8.35, 2023479
8.41, 2023363
8.44, 2023233
8.45, 2023178
8.47, 2021565
8.52, 2017171
8.58, 2016689
8.60, 2016367
8.78, 2016218
8.84, 2014578
8.86, 2014441
8.88, 2014189
8.91, 2013573
8.96, 2013141
8.97, 2013135
9.03, 2012314
9.04, 2012016
9.05, 2011459
9.16, 2011450
9.27, 2010765
9.38, 2010501
9.38, 2009963
9.43, 2007673
9.46, 2007663
9.58, 2001432
9.61, 2000212
9.63, 2000042
9.70, 1999523
9.70, 1999025
9.79, 1997017
9.80, 1996513
16.60, 1996212
16.63, 1996163
16.72, 1994417
16.77, 1991856
16.77, 1991808
16.77, 1988437
16.78, 1988085
16.80, 1986949
16.84, 1986750
16.87, 1986728
16.87, 1982154
16.88, 1972861
16.90, 1972776
16.93, 1970865
16.98, 1970532
17.07, 1964630
17.07, 1962754
17.11, 1962228
17.19, 1956995
17.29, 1954834
17.31, 1954179
17.37, 1953829
17.38, 1952963
17.39, 1952953
17.39, 1949241
17.42, 1935370
17.43, 1909689
17.48, 1908819
17.49, 1906124
17.49, 1904642
17.50, 1904054
17.51, 1902694
17.56, 1902528
17.57, 1901272
17.61, 1898866
17.63, 1898400
17.75, 1898053
17.78, 1894210
17.79, 1890682
17.79, 1889915
17.88, 1883696
17.94, 1881485
17.99, 1878466
18.05, 1877913
18.08, 1877737
18.10, 1874560
18.13, 1874048
18.16, 1872772
18.17, 1870456
18.22, 1868431
18.29, 1864709
18.35, 1861667
18.37, 1861377
18.45, 1861338
18.53, 1861141
18.57, 1860715
18.63, 1858019
18.70, 1857437
18.80, 1857356
18.86, 1856364
18.95, 1855583
18.96, 1853916
18.96, 1852819
18.99, 1851780
19.02, 1850678
19.17, 1848609
19.20, 1847452
19.27, 1847185
19.40, 1846722
19.44, 1845640
19.44, 1845089
19.53, 1845069
19.54, 1835024
19.59, 1833434
19.64, 1832768
19.69, 1830116
19.73, 1829692
19.73, 1829286
19.85, 1829038
19.88, 1828854
19.96, 1827828
19.99, 1827570
19.99, 1826526
20.00, 1823682
20.00, 1823252
20.04, 1819797
20.07, 1818392
20.08, 1817921
20.13, 1817530
20.21, 1817326
20.27, 1816881
20.29, 1816822
20.31, 1813830
20.35, 1813099
20.40, 1811599
20.47, 1811552
20.49, 1811405
20.50, 1810588
20.51, 1807492
20.57, 1805597
20.60, 1804640
21.01, 1804443
21.17, 1802782
21.18, 1802038
21.19, 1801857
39.55, 1799920
39.55, 1795517
39.58, 1795062
39.59, 1791340
39.62, 1790919
88.43, 1774537
88.53, 1774001
88.59, 1773953
88.60, 1773877
88.64, 1773221
88.64, 1772933
88.70, 1772390
88.80, 1771809
88.83, 1771550
88.97, 1770520
88.99, 1770491
89.00, 1765267
89.09, 1763635
89.10, 1762903
89.15, 1762806
89.18, 1762458
89.19, 1762266
89.23, 1760026
89.36, 1759876
