0.10, 6760968
0.10, 6760335
0.10, 6747891
0.11, 6737919
0.11, 6732191
0.11, 6699028
0.11, 6696547
0.11, 6587171
0.11, 6566650
0.11, 6565947
0.11, 6565867
0.11, 6558058
0.11, 6517750
0.11, 6517477
0.12, 6504319
0.12, 6503206
0.12, 6493958
0.12, 6493676
0.12, 6477220
0.12, 6455529
0.12, 6451623
0.12, 6438937
0.12, 6296398
0.12, 6292313
0.12, 6283301
0.13, 6264005
0.13, 6232704
0.13, 6232384
0.13, 6232135
0.13, 6208404
0.13, 6181058
0.13, 6181009
0.13, 6172302
0.13, 6159929
0.13, 6159870
0.13, 6156291
0.13, 6147772
0.13, 6003845
0.13, 5981896
0.14, 5979101
0.14, 5969691
0.14, 5949302
0.14, 5945475
0.14, 5944092
0.14, 5943681
0.14, 5941611
0.14, 5928204
0.14, 5917968
0.15, 5913768
0.15, 5906298
0.15, 5802786
0.15, 5790593
0.15, 5787761
0.15, 5775750
0.15, 5757731
0.15, 5754498
0.16, 5750951
0.16, 5730590
0.16, 5712885
0.16, 5708107
0.16, 5706848
0.16, 5700158
0.16, 5689371
0.16, 5686670
0.16, 5652508
0.17, 5645104
0.17, 5626980
0.17, 5533251
0.17, 5528069
0.17, 5517119
0.17, 5514150
0.17, 5502207
0.18, 5491969
0.18, 5482605
0.18, 5480636
0.18, 5461704
0.18, 5438772
0.18, 5411111
0.18, 5410849
0.18, 5410448
0.18, 5398145
0.19, 5397764
0.19, 5397025
0.19, 5388582
0.19, 5382501
0.19, 5370034
0.19, 5326367
0.19, 5321676
0.19, 5321167
0.19, 5249028
0.20, 5233799
0.20, 5233134
0.20, 5186360
0.20, 5174553
0.21, 5155787
0.21, 5098338
0.21, 5077651
0.21, 5060951
0.21, 5033644
0.22, 5026554
0.22, 4994405
0.22, 4980200
0.22, 4927030
0.23, 4915949
0.23, 4904286
0.23, 4900338
0.23, 4894667
0.23, 4881061
0.23, 4879805
0.24, 4868605
0.24, 4867433
0.24, 4829649
0.24, 4825510
0.24, 4808593
0.25, 4803975
0.25, 4800754
0.25, 4774277
0.26, 4769796
0.26, 4745440
0.26, 4743699
0.26, 4742806
0.26, 4742431
0.26, 4737669
0.26, 4737568
0.27, 4737414
0.27, 4732511
0.27, 4727097
0.27, 4720757
0.27, 4711560
0.27, 4705389
0.27, 4686260
0.28, 4663440
0.28, 4660456
0.28, 4643671
0.28, 4642599
0.28, 4640335
0.29, 4635315
0.30, 4630481
0.30, 4616270
0.30, 4608594
0.30, 4605813
0.30, 4595868
0.31, 4574568
0.31, 4571325
0.31, 4552091
0.31, 4551597
0.31, 4547271
0.32, 4539275
0.32, 4496458
0.32, 4470190
0.32, 4454274
0.32, 4451163
0.33, 4444958
0.33, 4437994
0.33, 4411174
0.34, 4393286
0.34, 4322418
0.34, 4322282
0.34, 4294500
0.35, 4215665
0.35, 4185708
0.35, 4184354
0.35, 4181756
0.36, 4180667
0.36, 4161132
0.36, 4154816
0.37, 4153811
0.38, 4077297
0.38, 4075675
0.38, 4072466
0.39, 4072439
0.39, 4022528
0.43, 4015522
0.43, 4006608
0.44, 4005201
0.44, 4005037
0.45, 4001834
0.45, 3997025
0.48, 3987473
0.48, 3981918
0.48, 3970585
0.49, 3969512
0.49, 3956646
0.49, 3955772
0.50, 3951457
0.50, 3933933
0.50, 3932885
0.51, 3900754
0.51, 3898068
0.51, 3896930
0.51, 3878998
0.52, 3868768
0.53, 3865420
0.53, 3845302
0.53, 3844901
0.59, 3842052
0.59, 3815295
0.59, 3771713
0.59, 3762798
0.59, 3762500
0.59, 3747571
0.60, 3744706
0.60, 3744013
0.60, 3741881
0.61, 3740589
0.61, 3735689
0.61, 3723680
0.61, 3722502
0.61, 3714681
0.61, 3713448
0.63, 3660788
0.63, 3631882
0.63, 3631329
0.67, 3624870
0.68, 3623086
0.69, 3609314
0.70, 3601654
0.71, 3598583
0.72, 3592257
0.74, 3590112
0.75, 3584586
0.79, 3584494
0.79, 3559771
0.80, 3550524
0.81, 3546947
0.82, 3538787
0.85, 3525615
0.90, 3524562
0.91, 3520970
0.92, 3488566
0.93, 3484718
0.94, 3466230
0.94, 3463327
0.95, 3461675
0.97, 3410132
0.97, 3366088
0.99, 3360720
0.99, 3360649
1.00, 3359502
1.03, 3350753
1.04, 3333284
1.05, 3328820
1.11, 3308359
1.11, 3284591
1.11, 3280323
1.14, 3280265
1.16, 3276287
1.18, 3275870
1.20, 3255560
1.22, 3249451
1.22, 3247494
1.23, 3245649
1.25, 3242959
1.28, 3242207
1.28, 3240987
1.29, 3233595
1.42, 3233323
1.42, 3184013
1.44, 3183472
1.46, 3181971
1.48, 3180042
1.50, 3175617
1.51, 3174892
1.67, 3174641
1.69, 3173864
1.69, 3156907
1.70, 3154652
1.72, 3144098
1.72, 3137871
1.72, 3132177
1.72, 3126058
1.75, 3125348
1.75, 3115185
1.75, 3115040
1.76, 3079854
1.76, 3076008
1.77, 3075407
1.77, 3073318
1.77, 3073182
1.77, 3066415
1.77, 3065180
1.77, 3057108
1.77, 3048227
1.78, 3047637
1.78, 3046961
1.78, 3045121
1.78, 3042350
1.79, 3040223
1.79, 3017650
1.79, 3016298
1.80, 3010001
1.80, 2978460
1.81, 2972199
1.81, 2970467
1.81, 2967035
1.82, 2967013
1.82, 2966312
1.82, 2960742
1.82, 2951810
1.83, 2950758
1.83, 2950490
1.83, 2950181
1.84, 2947287
1.84, 2945022
1.84, 2937383
1.86, 2923673
1.87, 2922565
1.87, 2921840
1.87, 2918570
1.87, 2918512
1.88, 2914941
1.89, 2914516
1.89, 2913141
1.89, 2910891
1.89, 2908173
1.89, 2900411
1.90, 2899345
1.91, 2897870
1.91, 2889783
1.91, 2878268
1.94, 2878000
1.94, 2865879
1.94, 2865649
1.95, 2865174
1.96, 2864675
1.96, 2864472
1.96, 2863124
1.97, 2856490
1.98, 2848187
1.98, 2847878
1.99, 2846897
1.99, 2845838
2.00, 2844575
2.01, 2842839
2.02, 2837113
2.03, 2833790
2.03, 2832110
2.04, 2824041
2.04, 2805399
2.05, 2804511
2.05, 2803157
2.06, 2795534
2.06, 2795514
2.06, 2792094
2.08, 2781891
2.09, 2781468
2.10, 2779896
2.11, 2747964
2.11, 2745979
2.12, 2741403
2.12, 2738484
2.13, 2737718
2.14, 2736558
2.17, 2736557
2.18, 2734997
2.18, 2734008
2.18, 2730439
2.19, 2725821
2.19, 2706748
2.21, 2704692
2.21, 2689709
2.22, 2686955
2.22, 2682080
2.22, 2678066
2.23, 2675177
2.23, 2674660
2.24, 2674463
2.24, 2666179
2.24, 2664417
2.24, 2664395
2.27, 2661495
2.28, 2660193
2.28, 2658793
2.29, 2654434
2.30, 2653944
2.32, 2653580
2.34, 2647173
2.39, 2624063
2.40, 2622700
2.41, 2622180
2.45, 2611487
2.51, 2608127
2.54, 2588351
2.55, 2586986
2.57, 2586274
2.57, 2583326
2.58, 2582391
2.59, 2581361
2.60, 2568588
2.60, 2562284
2.61, 2561147
2.62, 2561092
2.63, 2560653
2.63, 2547387
2.64, 2546989
2.64, 2546472
2.64, 2537120
2.65, 2535732
2.66, 2535489
2.69, 2535046
2.69, 2531636
2.71, 2523719
2.71, 2523298
2.75, 2522392
2.76, 2520710
2.77, 2520503
2.78, 2518906
2.80, 2518487
2.80, 2518215
2.82, 2515198
2.82, 2503086
2.84, 2500909
2.88, 2500208
2.90, 2500004
2.90, 2499304
2.91, 2498373
2.91, 2490323
2.92, 2486496
2.93, 2486375
2.94, 2484787
2.94, 2484582
2.94, 2484068
2.95, 2483110
2.96, 2483078
2.97, 2481325
3.03, 2481255
3.05, 2478825
3.07, 2477174
3.07, 2476371
3.10, 2472307
3.11, 2471675
3.11, 2469537
3.12, 2468023
3.13, 2465545
3.13, 2464363
3.16, 2462762
3.17, 2455826
3.18, 2454744
3.19, 2452439
3.19, 2450822
3.20, 2449994
3.22, 2449219
3.26, 2447189
3.29, 2445885
3.31, 2442004
3.31, 2436913
3.36, 2435241
3.37, 2435040
3.38, 2434861
3.41, 2434215
3.43, 2433282
3.48, 2423975
3.48, 2423849
3.53, 2421901
3.54, 2421614
3.55, 2421470
3.59, 2420708
3.59, 2419899
3.63, 2406944
3.63, 2403874
3.64, 2394301
3.65, 2393343
3.67, 2383388
3.68, 2380499
3.68, 2379826
3.69, 2378449
3.70, 2377690
3.72, 2376485
3.74, 2374525
3.74, 2374111
3.78, 2373564
3.80, 2372012
3.81, 2371207
3.81, 2370940
3.83, 2370408
3.84, 2367785
3.85, 2367396
3.89, 2361983
3.98, 2360235
3.98, 2359860
4.01, 2359410
4.01, 2359400
4.02, 2357722
4.03, 2357393
4.06, 2356119
4.09, 2355691
4.09, 2355526
4.09, 2353507
4.10, 2351859
4.12, 2351806
4.12, 2350782
4.16, 2349672
4.16, 2347703
4.17, 2346663
4.19, 2346075
4.20, 2345052
4.25, 2344553
4.26, 2341395
4.29, 2338423
4.30, 2333613
4.35, 2324890
4.35, 2312488
4.39, 2312456
4.39, 2311812
4.41, 2311569
4.44, 2311371
4.45, 2310521
4.48, 2310494
4.48, 2310058
4.49, 2308405
4.49, 2304326
4.50, 2300774
4.51, 2299678
4.51, 2299609
4.53, 2279293
4.56, 2278635
4.57, 2278551
4.58, 2276646
4.69, 2275271
4.73, 2273628
4.74, 2272554
4.94, 2272285
4.98, 2270985
5.00, 2270308
5.04, 2268556
5.11, 2262444
5.12, 2262182
5.17, 2251091
5.24, 2250633
5.24, 2250221
5.24, 2245590
5.24, 2243478
5.29, 2243361
5.32, 2242478
5.38, 2242182
5.43, 2242121
5.44, 2241405
5.47, 2237129
5.47, 2236932
5.48, 2236358
5.49, 2231975
5.52, 2231422
5.59, 2230341
5.60, 2229632
5.62, 2229294
5.63, 2227662
5.69, 2227317
5.76, 2226568
5.77, 2224371
5.78, 2223310
5.79, 2222527
5.82, 2221797
5.82, 2220790
5.85, 2219056
5.89, 2212285
5.90, 2212230
5.93, 2211807
5.93, 2211019
6.02, 2210459
6.03, 2208493
6.08, 2208324
6.11, 2207170
6.14, 2205003
6.21, 2204220
6.27, 2203229
6.32, 2201495
6.35, 2199421
6.47, 2198273
6.47, 2196465
6.51, 2195735
6.59, 2194920
6.61, 2194827
6.62, 2194752
6.62, 2194319
6.63, 2194072
6.65, 2193715
6.70, 2191934
6.71, 2190775
6.72, 2186452
6.77, 2185364
6.80, 2184411
6.82, 2183192
6.85, 2182598
6.93, 2181933
6.93, 2181814
6.96, 2181601
6.97, 2180747
6.99, 2180519
7.01, 2180196
7.01, 2178547
7.03, 2177883
7.04, 2177020
7.04, 2176025
7.04, 2174482
7.11, 2168963
7.11, 2168863
7.13, 2166483
7.13, 2165986
7.15, 2165615
7.25, 2154396
7.26, 2151296
7.30, 2151173
7.30, 2147395
7.41, 2146169
7.44, 2145839
7.48, 2108249
7.51, 2108097
7.52, 2099704
7.57, 2099598
7.64, 2099457
7.72, 2099354
7.73, 2099297
7.73, 2097485
7.75, 2097467
7.79, 2096586
7.81, 2095283
7.93, 2094456
8.06, 2094148
8.15, 2086495
8.17, 2086437
8.18, 2085681
8.20, 2085386
8.25, 2082491
8.29, 2082067
8.41, 2082041
8.41, 2081590
8.44, 2080214
8.50, 2079557
8.50, 2078997
8.53, 2078520
8.58, 2078376
8.58, 2073902
8.68, 2073462
8.69, 2068111
8.71, 2067691
8.76, 2067670
8.93, 2057790
9.01, 2057161
9.02, 2057064
9.13, 2056523
9.15, 2056365
9.15, 2055034
9.23, 2050230
9.30, 2050031
9.30, 2048516
9.37, 2047773
9.53, 2046399
9.65, 2045023
9.66, 2044426
14.26, 2042792
14.27, 2037979
14.30, 2037861
14.41, 2033365
14.42, 2032546
14.43, 2031797
14.44, 2031332
14.44, 2028926
14.46, 2026793
14.52, 2026457
14.53, 2025653
14.63, 2024547
14.64, 2023451
14.65, 2022679
14.71, 2022098
14.73, 2021048
14.91, 2019668
14.91, 2016941
14.96, 2014649
15.00, 2014605
15.00, 2012369
15.00, 2012255
15.00, 2010679
15.01, 2009745
15.06, 2009495
15.08, 2005243
15.09, 2004414
15.11, 1999512
15.14, 1999109
15.20, 1997439
15.22, 1997195
15.29, 1996943
15.30, 1994751
15.38, 1994340
15.45, 1989641
15.47, 1988167
15.55, 1988078
15.56, 1986370
15.58, 1985251
15.58, 1984583
15.62, 1984002
15.66, 1983951
15.68, 1982573
15.74, 1980455
15.77, 1976571
15.78, 1963994
15.81, 1963469
15.81, 1963081
15.94, 1960324
15.96, 1960244
16.07, 1959735
16.09, 1957799
16.10, 1956290
16.11, 1954622
16.11, 1941342
16.16, 1940766
16.22, 1940693
16.24, 1931089
16.24, 1930983
16.26, 1914938
16.30, 1912071
16.32, 1908025
16.32, 1907838
16.33, 1906052
16.43, 1905703
16.46, 1905692
16.48, 1905536
16.62, 1904959
16.64, 1902775
16.65, 1902477
16.66, 1900918
16.68, 1900438
16.69, 1897482
16.70, 1897438
16.72, 1896595
16.79, 1895444
16.90, 1895413
16.95, 1893813
17.00, 1893456
17.12, 1892392
17.14, 1892001
17.18, 1889679
17.24, 1889353
17.26, 1886381
17.26, 1886109
17.29, 1885816
17.34, 1881539
17.34, 1880061
17.44, 1879747
17.52, 1879690
17.53, 1879070
17.55, 1878155
17.56, 1878103
17.62, 1876765
17.63, 1874964
17.71, 1873026
17.72, 1872632
17.75, 1872540
17.75, 1871767
30.76, 1870829
30.77, 1870692
30.81, 1870650
30.91, 1870268
30.99, 1868216
31.00, 1867488
31.02, 1867425
31.03, 1867298
31.05, 1867003
31.09, 1865238
31.17, 1862939
31.17, 1861185
31.26, 1860271
31.28, 1855665
31.28, 1852823
31.33, 1852710
31.34, 1852314
31.39, 1847478
31.40, 1846528
31.49, 1842983
31.53, 1842180
31.54, 1841741
31.57, 1841730
31.61, 1841531
31.62, 1840536
31.64, 1836929
31.64, 1828642
31.67, 1828626
31.80, 1826775
31.88, 1823419
62.89, 1801236
62.89, 1800884
62.90, 1798099
62.96, 1797500
83.54, 1796691
83.62, 1795954
83.70, 1795845
83.72, 1793811
83.75, 1793108
83.76, 1792104
83.90, 1791638
83.94, 1791547
83.94, 1791029
83.98, 1790980
83.99, 1790714
84.09, 1790650
84.12, 1790432
84.15, 1790119
84.25, 1788954
84.25, 1788842
84.37, 1787786
84.38, 1786951
84.39, 1786683
84.41, 1786304
84.44, 1785061
84.58, 1784072
84.58, 1782721
84.72, 1782610
84.75, 1782100
84.84, 1782089
84.87, 1780970
84.87, 1778613
84.90, 1776240
