0.13, 7143858
0.13, 7085471
0.13, 7080316
0.13, 7036003
0.13, 7035397
0.13, 7006013
0.14, 6983019
0.14, 6956841
0.14, 6947048
0.14, 6928184
0.14, 6916526
0.14, 6913288
0.14, 6908941
0.14, 6906203
0.14, 6874327
0.14, 6857152
0.14, 6843852
0.14, 6809973
0.14, 6786649
0.14, 6747156
0.15, 6745478
0.15, 6664136
0.15, 6660139
0.15, 6631291
0.15, 6628578
0.15, 6623553
0.15, 6620078
0.15, 6618906
0.15, 6617266
0.15, 6596553
0.15, 6588359
0.15, 6577660
0.15, 6570059
0.15, 6563871
0.16, 6484785
0.16, 6462107
0.16, 6459945
0.16, 6453139
0.16, 6452023
0.16, 6437110
0.16, 6434808
0.16, 6428694
0.16, 6349487
0.16, 6327284
0.16, 6318890
0.16, 6314740
0.16, 6295581
0.16, 6276104
0.17, 6269457
0.17, 6245420
0.17, 6231517
0.17, 6169128
0.17, 6162687
0.17, 6158421
0.17, 6158418
0.17, 6141872
0.17, 6139386
0.17, 6122585
0.17, 6107650
0.18, 6070857
0.18, 6069951
0.18, 6064306
0.18, 6059814
0.18, 6000941
0.18, 5985431
0.18, 5973018
0.18, 5972868
0.18, 5970843
0.18, 5942293
0.18, 5938592
0.19, 5933736
0.19, 5933393
0.19, 5921606
0.19, 5901227
0.19, 5901103
0.19, 5895709
0.19, 5889481
0.20, 5881442
0.20, 5874557
0.20, 5862095
0.20, 5860462
0.20, 5858091
0.20, 5851786
0.20, 5838739
0.20, 5837429
0.20, 5835452
0.21, 5793886
0.21, 5784852
0.21, 5715580
0.21, 5682134
0.21, 5643837
0.21, 5637538
0.21, 5631733
0.21, 5605612
0.21, 5587470
0.21, 5582738
0.21, 5580739
0.21, 5569371
0.21, 5544248
0.22, 5539184
0.22, 5538936
0.22, 5538777
0.23, 5537657
0.23, 5534333
0.23, 5534295
0.23, 5515070
0.23, 5511941
0.23, 5411192
0.23, 5405772
0.24, 5380399
0.24, 5377669
0.24, 5376569
0.25, 5367997
0.25, 5354937
0.25, 5330550
0.25, 5325325
0.25, 5315310
0.25, 5314695
0.25, 5299463
0.25, 5297140
0.25, 5295345
0.25, 5293663
0.25, 5285557
0.25, 5284319
0.26, 5281782
0.26, 5272843
0.26, 5263296
0.26, 5257822
0.26, 5246405
0.26, 5162357
0.26, 5148672
0.27, 5146090
0.27, 5119458
0.27, 5117037
0.27, 5105926
0.27, 5081800
0.27, 5071845
0.27, 5066454
0.27, 5065470
0.28, 5060831
0.28, 5057953
0.28, 5009192
0.28, 4997524
0.28, 4997469
0.28, 4990718
0.28, 4981063
0.28, 4978082
0.28, 4973992
0.29, 4973896
0.29, 4968445
0.30, 4967746
0.30, 4966117
0.30, 4965598
0.30, 4951798
0.30, 4929734
0.30, 4827737
0.30, 4775938
0.30, 4766567
0.31, 4761906
0.31, 4749271
0.31, 4691750
0.31, 4690333
0.32, 4689441
0.32, 4663246
0.32, 4656890
0.32, 4651801
0.32, 4647602
0.33, 4644571
0.33, 4616497
0.33, 4615986
0.33, 4606360
0.34, 4596269
0.34, 4592229
0.34, 4585976
0.34, 4585271
0.34, 4575614
0.35, 4575525
0.35, 4571997
0.36, 4565163
0.36, 4563551
0.36, 4561837
0.36, 4540510
0.36, 4508100
0.36, 4507054
0.36, 4505497
0.36, 4499967
0.37, 4499857
0.38, 4498686
0.38, 4488540
0.38, 4487447
0.38, 4487408
0.39, 4487137
0.39, 4484658
0.40, 4482760
0.40, 4478093
0.40, 4477011
0.41, 4461594
0.41, 4440019
0.41, 4423537
0.41, 4421749
0.41, 4419637
0.42, 4402262
0.43, 4401362
0.43, 4398397
0.43, 4398201
0.43, 4389271
0.43, 4389257
0.43, 4385390
0.44, 4378226
0.44, 4363076
0.45, 4362198
0.46, 4358761
0.46, 4352672
0.46, 4350173
0.47, 4349256
0.47, 4347582
0.47, 4344507
0.48, 4343460
0.48, 4342688
0.49, 4322690
0.50, 4321190
0.50, 4319863
0.50, 4318876
0.50, 4294688
0.50, 4290155
0.50, 4287825
0.51, 4250087
0.51, 4250024
0.52, 4248532
0.52, 4243995
0.56, 4243357
0.57, 4227640
0.58, 4225724
0.60, 4222906
0.65, 4197622
0.69, 4179945
0.69, 4175218
0.70, 4172735
0.71, 4159557
0.71, 4154333
0.72, 4150759
0.72, 4149995
0.72, 4149230
0.73, 4143510
0.73, 4142577
0.74, 4137765
0.75, 4137476
0.75, 4121250
0.75, 4107448
0.76, 4094988
0.77, 4069980
0.78, 4069843
0.78, 4067731
0.79, 4067576
0.79, 4055547
0.80, 4050623
0.81, 4038372
0.81, 4037925
0.82, 4020530
0.83, 4009362
0.83, 4002859
0.84, 4000897
0.84, 4000796
0.84, 3999715
0.84, 3933729
0.84, 3916615
0.85, 3916471
0.85, 3910610
0.87, 3909431
0.87, 3905789
0.88, 3903661
0.88, 3844997
0.89, 3843772
0.89, 3836328
0.90, 3833422
0.90, 3828512
0.91, 3821150
0.91, 3817422
0.91, 3806001
0.91, 3801395
0.93, 3795365
0.93, 3786521
0.93, 3785741
0.94, 3784159
0.94, 3782649
0.94, 3781299
0.95, 3778970
0.95, 3778069
0.96, 3776361
0.97, 3773695
0.97, 3772817
0.97, 3771756
0.98, 3771275
0.99, 3766590
0.99, 3765541
0.99, 3764422
1.00, 3733562
1.01, 3731820
1.02, 3728871
1.02, 3718725
1.02, 3717328
1.03, 3647159
1.03, 3644846
1.03, 3644457
1.05, 3640408
1.05, 3635361
1.05, 3633137
1.05, 3632044
1.07, 3630793
1.07, 3630607
1.08, 3630053
1.08, 3627691
1.09, 3625672
1.10, 3624774
1.10, 3623405
1.10, 3622122
1.15, 3621969
1.16, 3621327
1.16, 3619307
1.16, 3618038
1.17, 3617322
1.18, 3617217
1.19, 3617132
1.19, 3614103
1.21, 3613998
1.21, 3612257
1.22, 3553642
1.23, 3526200
1.23, 3523258
1.23, 3511280
1.24, 3511243
1.24, 3509715
1.24, 3501409
1.24, 3462654
1.25, 3461709
1.25, 3460930
1.25, 3459190
1.26, 3458906
1.27, 3458593
1.28, 3458441
1.28, 3456273
1.29, 3455086
1.31, 3449215
1.31, 3446689
1.32, 3444705
1.33, 3441208
1.33, 3428506
1.33, 3427635
1.34, 3427599
1.34, 3406133
1.34, 3405413
1.35, 3404429
1.35, 3402589
1.35, 3398651
1.36, 3397650
1.36, 3391053
1.37, 3384439
1.37, 3382958
1.37, 3381530
1.38, 3321546
1.38, 3321390
1.39, 3318090
1.39, 3314093
1.40, 3312410
1.40, 3312350
1.41, 3309775
1.42, 3309026
1.42, 3307456
1.43, 3307323
1.43, 3306946
1.45, 3293325
1.45, 3293062
1.46, 3291299
1.46, 3289955
1.47, 3268534
1.47, 3267120
1.47, 3260385
1.48, 3256386
1.48, 3249819
1.50, 3248386
1.51, 3243892
1.51, 3179899
1.52, 3178226
1.52, 3177248
1.53, 3176826
1.53, 3174740
1.53, 3174208
1.53, 3173470
1.54, 3173286
1.54, 3169822
1.55, 3169687
1.55, 3168283
1.56, 3163343
1.56, 3163168
1.56, 3160194
1.56, 3150393
1.56, 3148636
1.57, 3139947
1.58, 3139337
1.58, 3138664
1.60, 3134304
1.60, 3131708
1.61, 3128671
1.62, 3075697
1.63, 3074452
1.63, 3074141
1.63, 3068574
1.64, 3000684
1.64, 3000553
1.66, 2998943
1.69, 2993028
1.70, 2992301
1.71, 2990404
1.71, 2989376
1.72, 2986496
1.73, 2985338
1.74, 2980981
1.75, 2978842
1.75, 2977770
1.75, 2973376
1.76, 2969889
1.76, 2967662
1.77, 2964659
1.77, 2963794
1.77, 2962369
1.77, 2962219
1.78, 2961772
1.78, 2958728
1.78, 2956935
1.78, 2952389
1.80, 2947340
1.81, 2945429
1.81, 2940629
1.81, 2939975
1.82, 2938123
1.82, 2937630
1.82, 2937214
1.83, 2936712
1.83, 2933599
1.85, 2929832
1.85, 2927082
1.86, 2924780
1.87, 2921449
1.88, 2919857
1.88, 2919021
1.88, 2913201
1.90, 2905570
1.90, 2888944
1.90, 2888605
1.90, 2885059
1.91, 2884794
1.91, 2880037
1.92, 2871587
1.94, 2870828
1.96, 2868266
1.97, 2867357
1.98, 2865718
1.99, 2864914
1.99, 2862663
2.05, 2860043
2.05, 2855216
2.08, 2855211
2.11, 2853758
2.12, 2851486
2.15, 2849131
2.15, 2848234
2.15, 2844789
2.15, 2842700
2.15, 2842438
2.16, 2841942
2.18, 2837873
2.18, 2800705
2.21, 2800369
2.22, 2797127
2.25, 2795803
2.25, 2791542
2.26, 2776711
2.27, 2776584
2.29, 2773553
2.32, 2760737
2.32, 2755965
2.34, 2754803
2.39, 2754632
2.40, 2751853
2.41, 2751424
2.41, 2747718
2.41, 2742409
2.43, 2739896
2.45, 2733845
2.48, 2733136
2.48, 2730856
2.50, 2727243
2.51, 2725708
2.51, 2711285
2.51, 2704726
2.52, 2702467
2.52, 2702243
2.54, 2698557
2.55, 2697714
2.56, 2683097
2.61, 2682155
2.61, 2673245
2.62, 2672435
2.64, 2670053
2.66, 2669271
2.66, 2668990
2.68, 2665657
2.70, 2658534
2.71, 2658290
2.72, 2657630
2.72, 2655115
2.72, 2654089
2.72, 2653907
2.74, 2648980
2.77, 2645468
2.78, 2644386
2.78, 2643844
2.81, 2643656
2.81, 2640839
2.82, 2640109
2.85, 2638046
2.86, 2617803
2.89, 2616108
2.90, 2615602
2.91, 2612991
2.92, 2612964
2.94, 2607601
2.94, 2604330
2.96, 2604233
2.96, 2604166
2.97, 2604072
2.98, 2600122
3.01, 2600065
3.01, 2594976
3.06, 2570905
3.07, 2568652
3.08, 2568295
3.12, 2564612
3.14, 2559291
3.14, 2540824
3.14, 2535688
3.14, 2535485
3.17, 2532900
3.18, 2531510
3.18, 2462729
3.19, 2457404
3.23, 2457214
3.24, 2454141
3.26, 2452788
3.27, 2447701
3.28, 2446597
3.29, 2445781
3.29, 2444913
3.31, 2442247
3.32, 2442024
3.32, 2428615
3.32, 2428102
3.34, 2409436
3.36, 2409091
3.37, 2407623
3.37, 2402067
3.37, 2401574
3.39, 2400822
3.43, 2400529
3.43, 2399132
3.43, 2398177
3.44, 2398105
3.46, 2393923
3.47, 2375287
3.47, 2374066
3.49, 2356954
3.50, 2356812
3.55, 2356430
3.56, 2355710
3.58, 2352747
3.60, 2351375
3.61, 2344295
3.62, 2337255
3.62, 2331210
3.72, 2330756
3.72, 2328228
3.74, 2326542
3.75, 2325718
3.80, 2324408
3.81, 2322433
3.82, 2320263
3.82, 2318700
3.82, 2316772
3.84, 2316542
3.85, 2316449
3.86, 2315915
3.90, 2313301
3.90, 2312622
3.90, 2311243
3.91, 2310450
3.91, 2310327
3.91, 2309763
3.93, 2299324
3.93, 2297708
3.94, 2292733
3.97, 2289734
4.02, 2288495
4.05, 2287924
4.06, 2287354
4.13, 2278051
4.18, 2277556
4.20, 2276069
4.21, 2275061
4.22, 2274936
4.22, 2274023
4.23, 2269783
4.23, 2251745
4.26, 2242480
4.26, 2240841
4.26, 2224111
4.27, 2223563
4.28, 2222614
4.28, 2220874
4.29, 2219656
4.30, 2212910
4.31, 2212756
4.31, 2203001
4.34, 2201333
4.34, 2195277
4.37, 2192901
4.37, 2192056
4.38, 2191538
4.39, 2175367
4.40, 2169351
4.40, 2168415
4.42, 2168063
4.42, 2167586
4.43, 2165668
4.44, 2163519
4.47, 2150818
4.48, 2149141
4.48, 2148001
4.50, 2146997
4.52, 2145297
4.55, 2138463
4.57, 2137923
4.60, 2133102
4.65, 2130433
4.66, 2123164
4.67, 2118498
4.70, 2115897
4.74, 2115319
4.76, 2115204
4.76, 2114792
4.77, 2112972
4.78, 2107473
4.83, 2107295
4.83, 2105684
4.84, 2105656
4.87, 2081386
4.92, 2081126
4.95, 2079481
4.97, 2076869
4.99, 2068979
5.00, 2065786
5.00, 2065518
5.02, 2065148
5.20, 2065122
5.21, 2064745
5.26, 2064555
5.26, 2048653
5.28, 2048629
5.28, 2048613
5.28, 2047662
5.32, 2046118
5.32, 2044598
5.37, 2043724
5.37, 2043481
5.41, 2042949
5.42, 2031591
5.43, 2029613
5.45, 2029108
5.45, 2028924
5.50, 2028669
5.52, 2028185
5.52, 2027592
14.61, 2023081
14.70, 2023043
14.78, 2022041
14.88, 2021315
14.89, 2019825
14.90, 2019687
23.99, 2018649
24.05, 2018601
24.08, 2018004
24.15, 2000999
24.16, 1999673
24.17, 1997266
24.17, 1994371
24.20, 1993966
24.23, 1993880
24.37, 1993772
30.49, 1992964
30.50, 1992930
30.51, 1990731
30.52, 1989075
30.57, 1986543
30.57, 1984728
30.60, 1984562
30.60, 1984110
30.60, 1983878
30.62, 1980447
30.63, 1980215
30.66, 1975629
30.73, 1974099
30.76, 1973917
30.83, 1972471
30.85, 1970672
30.87, 1970232
30.87, 1970191
30.88, 1965583
30.88, 1965443
30.92, 1964239
30.93, 1964059
30.99, 1962519
30.99, 1961866
31.03, 1961225
31.08, 1959824
31.09, 1959542
31.13, 1951888
31.13, 1951835
31.13, 1951447
31.17, 1950810
31.19, 1948166
31.20, 1940604
31.24, 1940547
31.29, 1938183
31.38, 1936616
31.39, 1932487
31.39, 1932397
31.50, 1930675
31.50, 1929319
31.53, 1926692
31.57, 1924718
31.57, 1924658
31.60, 1923633
31.65, 1923606
31.67, 1920908
31.67, 1919815
31.70, 1918220
31.73, 1914872
31.77, 1914072
31.77, 1911222
31.78, 1908764
31.79, 1906355
31.88, 1905144
31.91, 1900368
31.96, 1899641
31.98, 1897613
31.98, 1897300
38.36, 1891452
38.37, 1887211
38.37, 1886184
38.41, 1883198
38.47, 1882647
38.47, 1881715
38.50, 1881022
38.50, 1880959
38.52, 1880724
38.53, 1853146
38.54, 1849992
38.54, 1849751
38.60, 1848005
38.62, 1847499
38.63, 1847090
38.64, 1847016
38.67, 1845782
38.71, 1843095
38.72, 1842488
38.76, 1841694
38.78, 1839928
38.85, 1839859
38.86, 1838928
38.86, 1838838
38.90, 1838006
38.92, 1837997
38.92, 1837853
39.09, 1836648
39.18, 1836572
39.22, 1836359
39.27, 1835972
39.36, 1834955
39.38, 1833494
39.41, 1831851
39.46, 1830445
39.56, 1829126
39.67, 1828840
39.69, 1826709
39.69, 1826469
39.74, 1825999
39.76, 1825545
39.85, 1820795
39.86, 1820687
39.89, 1820230
39.90, 1819608
39.97, 1819338
39.98, 1818711
40.02, 1818609
40.03, 1818538
40.04, 1818463
40.04, 1817964
40.13, 1817301
40.14, 1808912
40.15, 1807886
40.15, 1806040
40.15, 1805696
40.15, 1803765
40.16, 1802088
40.16, 1796742
40.18, 1794157
40.23, 1788850
40.29, 1787930
40.32, 1787735
40.33, 1786608
40.35, 1786204
40.39, 1780343
40.46, 1779481
40.48, 1779178
40.49, 1777902
40.53, 1775128
40.65, 1771531
40.65, 1771251
40.66, 1770622
40.68, 1769814
40.70, 1769477
40.71, 1768028
40.76, 1767620
40.82, 1757180
40.83, 1757015
40.95, 1756807
40.97, 1756331
41.02, 1756132
41.09, 1755798
41.19, 1754288
41.24, 1753959
41.26, 1752869
41.42, 1751446
41.43, 1738646
41.43, 1738419
