0.47, 6977594
0.47, 6968080
0.48, 6941908
0.49, 6928033
0.49, 6921194
0.50, 6908313
0.50, 6903836
0.50, 6903654
0.50, 6895249
0.51, 6894749
0.51, 6891278
0.52, 6888495
0.52, 6880266
0.52, 6871290
0.52, 6834552
0.52, 6829834
0.53, 6824196
0.53, 6808097
0.53, 6804278
0.53, 6803931
0.53, 6798649
0.53, 6786099
0.53, 6773469
0.54, 6771904
0.55, 6769542
0.55, 6765790
0.55, 6764367
0.55, 6762210
0.57, 6760137
0.57, 6759312
0.58, 6759052
0.58, 6750247
0.59, 6725393
0.59, 6722149
0.59, 6722014
0.59, 6717808
0.59, 6715904
0.60, 6703719
0.61, 6680139
0.63, 6675613
0.63, 6666106
0.63, 6660927
0.64, 6654880
0.64, 6646829
0.64, 6632447
0.64, 6629483
0.64, 6611381
0.64, 6609226
0.65, 6534275
0.65, 6534168
0.65, 6529018
0.65, 6520814
0.65, 6514758
0.65, 6493664
0.66, 6479478
0.66, 6407125
0.66, 6393254
0.66, 6385309
0.67, 6384102
0.67, 6382380
0.67, 6379699
0.68, 6319595
0.68, 6313778
0.68, 6313757
0.69, 6281605
0.69, 6270635
0.69, 6270214
0.70, 6179120
0.70, 6162863
0.70, 6150773
0.70, 6100204
0.70, 6087017
0.70, 6085907
0.71, 5992686
0.71, 5957671
0.72, 5951397
0.72, 5915334
0.73, 5914812
0.75, 5912688
0.75, 5911348
0.75, 5905146
0.77, 5899646
0.77, 5896571
0.78, 5894726
0.80, 5893752
0.82, 5882559
0.82, 5881925
0.85, 5880375
0.87, 5880199
0.90, 5876638
0.93, 5873645
0.93, 5871460
0.93, 5856824
0.93, 5850280
0.93, 5842139
0.94, 5837463
0.94, 5821783
0.94, 5809718
0.94, 5781935
0.94, 5781904
0.94, 5777274
0.95, 5764202
0.97, 5762026
0.98, 5759511
0.98, 5752705
0.98, 5750430
0.98, 5746083
1.01, 5745973
1.02, 5738400
1.04, 5737970
1.09, 5734393
1.09, 5732548
1.09, 5732029
1.09, 5730355
1.09, 5704018
1.09, 5699005
1.10, 5671737
1.14, 5668423
1.18, 5668406
1.18, 5668351
1.18, 5662963
1.19, 5636758
1.19, 5627815
1.20, 5606039
1.20, 5599261
1.20, 5481423
1.21, 5476072
1.21, 5377680
1.21, 5360830
1.22, 5353283
1.22, 5352480
1.23, 5352186
1.23, 5338234
1.24, 5334415
1.26, 5313062
1.26, 5297820
1.26, 5284217
1.26, 5282842
1.27, 5275939
1.27, 5272037
1.27, 5268875
1.27, 5267453
1.28, 5262311
1.28, 5253211
1.29, 5245621
1.33, 5243582
1.33, 5239516
1.37, 5234366
1.37, 5233329
1.37, 5231862
1.43, 5229023
1.43, 5220522
1.43, 5206798
1.43, 5206573
1.43, 5183863
1.43, 5179798
1.44, 5149449
1.44, 5142532
1.51, 5140662
1.51, 5137388
1.51, 5135616
1.56, 5132727
1.56, 5132702
1.56, 5105236
1.64, 5102394
1.64, 5101820
1.65, 5099669
1.65, 5086451
1.66, 5072641
1.66, 5067252
1.66, 5063975
1.68, 5056042
1.68, 5043615
1.69, 5043282
1.70, 5039818
1.70, 5038337
1.70, 5036395
1.71, 5034258
1.71, 5030667
1.73, 5030467
1.74, 5030368
1.75, 5028407
1.77, 5007722
1.77, 5007085
1.85, 5002355
1.85, 4995833
1.86, 4989767
1.86, 4988810
1.86, 4987721
1.86, 4986293
1.86, 4986240
1.86, 4985093
1.87, 4981977
1.87, 4968390
1.87, 4964701
1.88, 4949420
1.95, 4946066
1.95, 4942136
2.04, 4941171
2.04, 4940338
2.05, 4930180
2.05, 4919492
2.17, 4915979
2.30, 4907751
2.40, 4872699
2.49, 4858902
2.57, 4856120
2.66, 4855755
2.73, 4855080
2.82, 4854969
2.89, 4854604
2.98, 4851421
3.13, 4848406
3.22, 4840727
3.29, 4832433
3.37, 4824360
3.45, 4815694
3.53, 4804529
3.80, 4802112
3.92, 4801838
4.14, 4801317
4.25, 4799710
4.36, 4796715
4.44, 4787840
4.53, 4756235
4.62, 4749320
4.71, 4731004
4.81, 4694570
4.89, 4693293
5.06, 4588830
5.15, 4588488
5.23, 4585431
5.31, 4581532
5.40, 4567527
5.48, 4478405
5.55, 4477543
5.65, 4469859
5.76, 4467515
5.88, 4466955
5.99, 4463179
6.13, 4460958
6.26, 4457391
6.42, 4455819
6.50, 4453093
6.58, 4451025
6.67, 4449786
6.76, 4423943
6.91, 4421831
7.13, 4411871
7.30, 4397479
7.47, 4396990
7.64, 4385803
7.88, 4383045
8.15, 4382329
8.39, 4379890
8.57, 4377182
8.79, 4374051
8.95, 4364019
9.09, 4360550
9.27, 4356792
9.53, 4356452
9.89, 4314104
10.23, 4311327
10.45, 4307596
10.59, 4306413
10.82, 4298583
10.97, 4295140
11.14, 4294704
11.31, 4293648
11.47, 4293011
11.66, 4292624
11.91, 4292316
12.16, 4291917
12.41, 4288915
12.57, 4282809
12.74, 4282606
12.90, 4268813
13.08, 4268487
13.29, 4261813
13.58, 4255458
14.07, 4161955
14.46, 4145879
14.76, 4135560
15.10, 4133917
15.29, 4132906
15.47, 4130078
15.64, 4128753
15.88, 4108614
16.14, 4098876
16.43, 4092041
16.72, 4055333
16.96, 4052489
17.31, 4051277
17.59, 4047713
17.94, 4047381
18.28, 4044927
18.55, 4041738
19.02, 4036514
19.57, 4035521
20.30, 4033981
20.74, 3946989
20.98, 3944426
21.46, 3873793
21.62, 3871217
21.62, 3871016
22.15, 3866880
22.81, 3862347
23.39, 3858568
24.02, 3858405
24.64, 3854966
25.21, 3854714
25.76, 3854025
26.46, 3823304
26.96, 3822006
27.12, 3820223
27.12, 3818283
27.29, 3815234
27.80, 3765789
28.11, 3763745
28.41, 3760936
28.60, 3757284
28.83, 3750501
29.15, 3747641
29.50, 3744976
30.16, 3738232
30.60, 3737543
30.93, 3737003
31.25, 3731200
31.55, 3730681
32.11, 3730007
32.49, 3724245
32.82, 3720266
33.17, 3716542
33.59, 3716446
34.05, 3715819
34.53, 3715790
34.94, 3713149
35.29, 3709124
35.67, 3706589
36.13, 3706038
36.54, 3705733
36.90, 3699976
37.28, 3699671
37.64, 3699662
38.13, 3696110
38.61, 3694657
39.10, 3693244
39.53, 3691568
40.22, 3690408
40.41, 3687360
40.41, 3687159
40.94, 3678144
41.33, 3658262
41.33, 3657505
41.33, 3657173
41.43, 3657117
41.53, 3656723
41.53, 3656680
41.63, 3654972
41.91, 3654389
42.04, 3651547
42.33, 3651320
42.83, 3646356
43.20, 3644458
43.62, 3643920
44.14, 3643193
44.69, 3641074
45.13, 3617821
45.79, 3610028
46.35, 3610017
46.80, 3608125
47.21, 3575160
47.31, 3573209
47.51, 3570648
47.52, 3570447
47.99, 3569603
48.47, 3569400
48.92, 3567994
49.36, 3567429
50.14, 3560845
50.50, 3559185
50.91, 3553499
51.33, 3549317
51.87, 3549088
52.38, 3545558
52.86, 3545523
53.27, 3543198
53.78, 3542844
54.76, 3538635
55.13, 3531604
55.65, 3530353
55.87, 3528570
55.87, 3526630
56.09, 3523581
56.65, 3517109
56.72, 3516929
56.96, 3514152
57.03, 3513568
57.24, 3510223
57.25, 3510022
57.86, 3509529
58.51, 3509390
59.10, 3508801
59.84, 3507164
60.45, 3506449
60.84, 3505331
61.36, 3494809
61.97, 3487636
62.82, 3486493
63.22, 3484710
63.22, 3482770
63.36, 3479721
63.83, 3466133
64.26, 3463572
64.26, 3463371
64.59, 3459134
65.07, 3457497
65.60, 3457059
66.26, 3455178
66.88, 3453358
67.45, 3453083
68.26, 3453048
68.87, 3450522
70.11, 3449159
70.90, 3448647
71.98, 3445327
72.89, 3444316
73.90, 3443963
74.92, 3442792
75.82, 3442669
76.95, 3442396
77.90, 3440476
79.14, 3438654
80.29, 3438335
80.92, 3438327
81.90, 3438230
83.14, 3437462
83.76, 3436300
84.87, 3436040
86.35, 3435558
87.58, 3432243
89.11, 3430970
90.73, 3429907
92.04, 3428967
93.37, 3428783
94.87, 3427846
96.34, 3427671
96.88, 3427515
97.30, 3425165
97.83, 3424160
98.50, 3417854
98.98, 3409806
99.97, 3402639
100.68, 3398936
