0.41, 7140070
0.41, 7119603
0.41, 7117643
0.41, 7113537
0.42, 7112450
0.42, 7107621
0.42, 7102911
0.42, 7099276
0.42, 7095738
0.42, 7083207
0.43, 7076870
0.43, 7076008
0.43, 7062144
0.43, 7059565
0.44, 7048139
0.44, 7043378
0.45, 7042129
0.45, 7008642
0.45, 7008514
0.45, 6988043
0.45, 6980152
0.46, 6975949
0.46, 6975305
0.47, 6973261
0.47, 6969570
0.48, 6969246
0.48, 6962140
0.49, 6962057
0.49, 6961782
0.50, 6960111
0.50, 6959171
0.51, 6957322
0.52, 6956856
0.52, 6951240
0.52, 6945797
0.53, 6945322
0.53, 6942404
0.53, 6937235
0.53, 6935193
0.55, 6932427
0.55, 6927608
0.55, 6926271
0.55, 6906007
0.55, 6903970
0.56, 6876073
0.56, 6875400
0.57, 6875025
0.57, 6874585
0.59, 6873683
0.60, 6873196
0.62, 6872760
0.62, 6870872
0.63, 6870381
0.63, 6865373
0.63, 6860840
0.65, 6858597
0.65, 6856237
0.66, 6845966
0.66, 6840846
0.68, 6840053
0.68, 6834386
0.68, 6832910
0.69, 6831569
0.71, 6831215
0.71, 6831212
0.72, 6830159
0.73, 6828491
0.73, 6826943
0.75, 6826449
0.75, 6809701
0.76, 6806579
0.76, 6806179
0.76, 6803989
0.76, 6797934
0.78, 6796598
0.80, 6796329
0.80, 6796022
0.80, 6784338
0.82, 6782143
0.83, 6659308
0.85, 6659235
0.86, 6640692
0.86, 6638441
0.90, 6637835
0.94, 6637524
0.95, 6633616
0.95, 6629318
0.95, 6626160
0.96, 6625052
0.97, 6617248
0.97, 6614601
0.97, 6605263
0.98, 6602047
0.99, 6598892
0.99, 6597770
1.00, 6597360
1.00, 6582158
1.01, 6582128
1.04, 6581299
1.05, 6579947
1.07, 6579098
1.08, 6579085
1.10, 6578983
1.10, 6578313
1.10, 6578128
1.10, 6577566
1.13, 6575362
1.13, 6574876
1.13, 6568596
1.13, 6568593
1.13, 6567079
1.14, 6565196
1.17, 6564900
1.17, 6563806
1.20, 6561933
1.20, 6549781
1.24, 6548924
1.25, 6547792
1.25, 6546328
1.25, 6545715
1.28, 6545444
1.28, 6520878
1.28, 6515337
1.30, 6515301
1.30, 6513829
1.32, 6511561
1.33, 6504955
1.35, 6503535
1.36, 6501611
1.37, 6498047
1.38, 6496282
1.40, 6494510
1.40, 6491721
1.44, 6491640
1.44, 6489780
1.44, 6485562
1.45, 6482442
1.45, 6481438
1.45, 6476314
1.45, 6475814
1.49, 6474493
1.53, 6473369
1.53, 6471396
1.60, 6469182
1.60, 6441538
1.61, 6429964
1.61, 6429500
1.67, 6427557
1.67, 6424789
1.78, 6423952
1.78, 6421722
1.88, 6421593
1.89, 6420679
1.89, 6420065
1.92, 6416654
1.92, 6416545
2.03, 6415589
2.15, 6415587
2.15, 6397744
2.16, 6397743
2.16, 6397626
2.25, 6396282
2.31, 6395705
2.31, 6393809
2.35, 6393007
2.35, 6365167
2.35, 6357727
2.35, 6356958
2.39, 6356274
2.39, 6307203
2.39, 6306789
2.40, 6304340
2.40, 6289382
2.40, 6273710
2.40, 6271898
2.41, 6271897
2.41, 6271028
2.41, 6264587
2.41, 6246361
2.41, 6241205
2.41, 6239772
2.41, 6239724
2.45, 6239320
2.46, 6237587
2.50, 6234140
2.53, 6233259
2.53, 6233233
2.54, 6233220
2.54, 6230864
2.60, 6228025
2.61, 6221948
2.61, 6221635
2.61, 6220912
2.61, 6206676
2.61, 6206555
2.68, 6206410
2.68, 6206108
2.68, 6198738
2.76, 6197013
2.76, 6196253
2.78, 6195872
2.79, 6195469
2.80, 6194211
2.80, 6194088
2.87, 6192997
2.87, 6191424
2.93, 6190252
2.98, 6189366
2.98, 6187734
2.98, 6179376
3.03, 6176035
3.03, 6174188
3.08, 6173860
3.08, 6163140
3.09, 6157557
3.09, 6152855
3.09, 6151496
3.14, 6147606
3.14, 6142191
3.20, 6142083
3.20, 6140551
3.26, 6140542
3.31, 6139805
3.32, 6138721
3.32, 6136179
3.37, 6134963
3.37, 6131412
3.43, 6130666
3.43, 6128356
3.43, 6108282
3.43, 6107542
3.44, 6103941
3.44, 6102980
3.47, 6102416
3.52, 6102210
3.52, 6102143
3.58, 6101745
3.64, 6100638
3.64, 6095258
3.64, 6092153
3.70, 6091927
3.70, 6073587
3.71, 6071345
3.71, 6053571
3.71, 6052351
3.72, 6049638
3.72, 6048660
3.72, 6038626
3.73, 6036878
3.73, 6036868
3.74, 6031039
3.74, 6030692
3.74, 6026099
3.75, 6021172
3.75, 6017305
3.75, 6012347
3.75, 6009090
3.75, 6007774
3.82, 6007072
3.88, 6005968
3.88, 5986807
3.88, 5986799
3.95, 5986571
3.95, 5955061
3.95, 5951823
4.02, 5951822
4.02, 5951077
4.02, 5950583
4.03, 5950495
4.03, 5950212
4.03, 5945053
4.03, 5944991
4.04, 5944300
4.04, 5943922
4.04, 5936403
4.05, 5880364
4.05, 5879810
4.05, 5875004
4.06, 5869310
4.06, 5868698
4.07, 5849386
4.07, 5844576
4.07, 5844522
4.08, 5843116
4.08, 5833149
4.09, 5828864
4.09, 5828405
4.10, 5821590
4.10, 5818695
4.10, 5815805
4.11, 5788738
4.11, 5712487
4.11, 5689518
4.12, 5687264
4.13, 5687154
4.22, 5686218
4.23, 5685947
4.23, 5679320
4.32, 5678777
4.32, 5676113
4.39, 5676062
4.53, 5673410
4.68, 5673054
4.81, 5668275
4.95, 5667663
5.04, 5667131
5.12, 5664500
5.30, 5660629
5.38, 5649966
5.51, 5642150
5.65, 5640430
5.76, 5640395
5.86, 5639926
5.94, 5639523
6.10, 5639496
6.24, 5638462
6.31, 5637448
6.41, 5636570
6.56, 5635461
6.73, 5635393
6.80, 5631090
6.87, 5625056
6.95, 5620876
7.03, 5620725
7.11, 5618657
7.18, 5617424
7.29, 5617367
7.31, 5617178
7.39, 5616640
7.46, 5615425
7.48, 5611756
7.50, 5609664
7.54, 5609428
7.57, 5608864
7.77, 5608647
8.00, 5607506
8.15, 5607405
8.31, 5607026
8.47, 5606369
8.62, 5605908
8.78, 5603609
8.94, 5603161
9.13, 5602633
9.33, 5601299
9.59, 5600767
9.82, 5600551
9.82, 5600526
9.90, 5600438
9.97, 5570261
10.05, 5564320
10.13, 5553363
10.21, 5552084
10.32, 5549639
10.43, 5548344
10.50, 5536512
10.61, 5535151
10.71, 5512158
10.79, 5501095
10.87, 5498385
11.16, 5497923
11.32, 5497898
11.34, 5497690
11.36, 5496990
11.36, 5496867
11.43, 5496216
11.59, 5494616
11.86, 5494593
12.17, 5494202
12.38, 5494141
12.54, 5493945
12.70, 5478494
12.87, 5461102
13.02, 5459884
13.03, 5459879
13.10, 5459854
13.17, 5459849
13.17, 5450831
13.20, 5449265
13.21, 5448404
13.22, 5447929
13.22, 5447383
13.27, 5446322
13.34, 5446170
13.40, 5445679
13.40, 5442691
13.47, 5441580
13.49, 5441103
13.73, 5440980
13.90, 5432302
13.91, 5432116
14.23, 5432036
14.23, 5431985
14.32, 5431203
14.32, 5431081
14.73, 5430927
15.00, 5429459
15.25, 5428416
15.49, 5427944
15.92, 5427921
16.17, 5427629
16.48, 5426617
16.88, 5426400
17.47, 5309503
17.77, 5309140
18.00, 5308968
18.25, 5308679
18.27, 5308122
18.27, 5307321
18.28, 5306501
18.29, 5305908
18.30, 5305443
18.33, 5304821
18.33, 5304747
18.33, 5304578
18.38, 5304404
18.46, 5304166
18.46, 5191613
18.46, 5186631
18.46, 5180345
18.46, 5170574
18.46, 5169236
18.47, 5146743
18.47, 5146300
18.47, 5145474
18.48, 5145385
18.48, 5143596
18.48, 5142309
18.56, 5136879
18.64, 5128904
18.77, 5113644
18.85, 5107394
18.93, 5097526
19.01, 5094536
19.11, 5093402
19.23, 5091586
19.30, 5086560
19.38, 5083538
19.47, 5083354
19.63, 5076991
19.85, 5075842
20.22, 5075181
20.58, 5067801
21.01, 5066337
21.48, 5065965
22.08, 5065671
22.51, 5065063
22.91, 5061850
23.03, 5061499
23.15, 5060748
23.48, 5060736
23.71, 5060677
24.08, 5060657
24.41, 5060241
24.78, 5058097
25.15, 5057320
25.47, 5053622
25.83, 5053225
26.18, 5051084
26.49, 5050911
26.94, 5048027
27.25, 5045538
27.56, 5045430
27.90, 5045406
28.34, 5045288
28.64, 5040604
29.12, 5039732
29.54, 5010917
29.89, 5010259
30.25, 5010102
30.62, 5008897
31.05, 5008800
31.22, 5008702
31.43, 4998965
31.73, 4969513
32.30, 4957178
32.61, 4949863
32.96, 4948876
33.44, 4946150
33.60, 4945728
33.88, 4945508
34.07, 4944874
34.24, 4943666
34.70, 4943505
35.15, 4943028
35.67, 4942900
36.07, 4942512
36.67, 4928642
36.67, 4928591
36.67, 4928510
36.69, 4928382
36.72, 4928327
36.72, 4927116
36.75, 4925210
36.75, 4905767
36.75, 4896760
36.75, 4896562
36.76, 4890009
36.76, 4888996
36.76, 4887764
36.76, 4887671
36.76, 4886262
36.77, 4885354
36.77, 4883888
36.77, 4882587
36.77, 4854599
36.77, 4853173
36.77, 4853078
36.78, 4846360
36.78, 4840702
36.78, 4829504
36.81, 4827955
36.81, 4827908
36.85, 4826580
37.00, 4825680
37.14, 4822799
37.28, 4822348
37.41, 4818891
37.48, 4813560
37.57, 4813557
37.71, 4813363
37.82, 4812501
37.90, 4812487
38.22, 4809971
38.57, 4808980
39.04, 4717339
39.37, 4716977
39.71, 4716898
40.14, 4715115
40.54, 4714974
40.85, 4714763
41.25, 4713982
41.57, 4710617
42.51, 4710022
42.81, 4709823
43.20, 4709351
43.21, 4708118
43.21, 4707673
43.70, 4707256
44.27, 4707066
44.79, 4706373
45.39, 4703735
45.84, 4703385
46.30, 4702991
46.84, 4701316
47.37, 4701246
47.99, 4699117
48.42, 4699085
48.94, 4698994
49.39, 4686919
49.79, 4686397
50.35, 4685456
50.81, 4685054
51.19, 4684942
51.84, 4684921
52.44, 4683381
52.90, 4682496
53.71, 4680445
54.40, 4678865
55.56, 4678455
56.57, 4678451
57.56, 4676697
58.57, 4676506
59.91, 4675606
61.19, 4675539
62.54, 4674798
63.80, 4671916
64.90, 4669937
64.91, 4669358
64.91, 4669121
64.91, 4668176
64.98, 4667940
65.06, 4666375
65.15, 4666150
65.27, 4665663
65.38, 4664506
65.66, 4664366
65.87, 4663235
66.08, 4662389
66.32, 4662335
66.57, 4661880
66.80, 4659994
67.26, 4659663
67.94, 4659209
68.49, 4658799
69.25, 4656852
69.60, 4656810
70.07, 4656658
70.47, 4656248
71.27, 4655132
72.21, 4654765
72.93, 4653620
73.46, 4643506
73.55, 4642860
73.66, 4642627
73.85, 4642584
74.04, 4642327
74.24, 4642296
75.15, 4631376
76.13, 4628339
77.06, 4587994
77.75, 4587954
78.82, 4584406
78.95, 4583934
79.08, 4582777
79.90, 4582453
80.92, 4535762
81.92, 4528285
82.81, 4527551
83.60, 4522048
83.61, 4521917
83.61, 4521650
83.61, 4520349
84.52, 4519848
85.44, 4519385
86.58, 4517277
87.41, 4516106
88.40, 4515997
89.61, 4515782
90.12, 4515380
90.54, 4514613
91.62, 4514100
92.38, 4513703
92.57, 4513462
93.03, 4513441
93.43, 4513292
93.88, 4512986
94.37, 4511980
95.03, 4511897
95.41, 4511602
95.81, 4511579
96.41, 4494233
97.01, 4493702
97.18, 4493689
97.36, 4493255
98.09, 4493166
98.92, 4492967
99.77, 4492749
100.51, 4492417
102.45, 4490534
104.12, 4489972
105.39, 4489690
106.32, 4487267
107.69, 4483744
109.43, 4483445
110.82, 4478570
112.41, 4478302
114.29, 4478017
115.53, 4477907
116.78, 4475524
117.86, 4474787
117.98, 4474650
118.74, 4474038
118.86, 4473242
118.87, 4465994
118.88, 4465244
118.88, 4464551
118.96, 4464506
119.03, 4464247
119.12, 4463761
119.13, 4462223
120.20, 4459980
121.67, 4459370
123.45, 4459222
125.12, 4459173
126.66, 4459042
128.16, 4458262
129.54, 4457941
131.45, 4456813
133.67, 4456763
135.63, 4447148
137.29, 4442917
138.96, 4442755
141.07, 4442269
142.97, 4405013
144.94, 4402547
146.74, 4402537
148.50, 4396527
150.36, 4394324
152.35, 4394067
153.95, 4390534
155.56, 4384576
157.31, 4369933
159.22, 4366222
161.18, 4366164
163.65, 4365878
165.66, 4365665
167.82, 4365586
169.68, 4365222
171.85, 4364854
174.16, 4364587
176.17, 4364560
178.36, 4326336
180.24, 4326197
182.53, 4288055
184.27, 4287838
186.48, 4286160
188.48, 4265976
190.27, 4265868
192.71, 4258478
195.05, 4209887
196.90, 4209740
198.73, 4208113
200.44, 4207970
202.65, 4207941
202.66, 4207431
202.66, 4207403
202.67, 4207313
202.67, 4207212
202.68, 4206836
202.69, 4206820
202.80, 4206583
203.04, 4204979
203.19, 4204697
203.19, 4204666
203.46, 4204257
203.69, 4204211
204.00, 4201842
204.30, 4199468
204.59, 4198118
205.01, 4197921
205.47, 4197191
205.94, 4196212
206.36, 4195298
206.91, 4195295
207.20, 4194982
207.72, 4190705
207.97, 4189718
208.27, 4189682
208.74, 4189173
209.83, 4189147
210.84, 4189090
212.22, 4189032
213.63, 4188187
214.28, 4187996
215.15, 4187984
216.39, 4187966
217.49, 4187890
218.55, 4187557
219.56, 4187354
221.03, 4186709
222.75, 4186150
224.32, 4184655
226.23, 4184480
228.31, 4183410
230.57, 4183044
232.71, 4183033
234.99, 4181787
237.48, 4181490
240.17, 4175783
243.15, 4170994
245.62, 4164069
248.03, 4163933
250.51, 4129064
253.61, 4125199
253.62, 4124912
253.62, 4124811
253.62, 4124721
253.62, 4124620
253.62, 4124244
253.62, 4123143
253.63, 4121336
253.63, 4120510
254.42, 4120484
255.29, 4120427
256.19, 4120369
258.58, 4120343
261.24, 4115837
261.25, 4114460
261.25, 4114015
261.67, 4113398
262.76, 4112513
263.35, 4111335
264.28, 4111257
265.12, 4111244
265.36, 4110262
265.36, 4109643
266.11, 4109443
267.26, 4109372
268.56, 4106327
269.82, 4105287
271.26, 4104553
273.03, 4104127
274.61, 4099539
276.25, 4099415
277.85, 4094920
279.24, 4094873
280.79, 4094020
282.72, 4089973
285.17, 4081474
286.50, 4058928
287.54, 4054235
288.58, 4047282
288.80, 4047254
288.80, 4046038
288.81, 4044963
289.47, 4044630
290.63, 4044162
291.43, 4040675
292.58, 4027618
293.15, 4027368
295.27, 4026732
297.63, 4026574
299.35, 4025282
299.84, 4023815
301.57, 4023641
303.99, 4023498
305.82, 4023181
307.80, 4008945
307.81, 4008117
307.82, 4008091
307.82, 4006907
307.88, 4006010
308.19, 4005778
308.32, 4005003
310.19, 3998626
310.28, 3998062
310.92, 3998035
312.64, 3997129
313.75, 3996961
315.54, 3996785
317.30, 3995828
318.73, 3995650
319.46, 3995278
319.85, 3995061
320.96, 3993718
322.34, 3993491
323.36, 3991395
325.44, 3991008
327.11, 3989559
328.87, 3985837
330.74, 3982460
332.78, 3970688
333.70, 3970299
334.57, 3970026
335.53, 3969458
336.24, 3969348
338.14, 3954825
338.15, 3953860
338.15, 3952987
338.16, 3951485
338.79, 3951366
339.25, 3951229
339.78, 3951223
340.23, 3951165
340.79, 3950901
341.25, 3950889
342.18, 3950763
342.81, 3950593
343.41, 3950541
344.26, 3948873
345.23, 3948594
348.53, 3948561
351.02, 3948517
353.21, 3948286
355.62, 3948227
358.20, 3947317
360.72, 3946984
363.52, 3946645
366.63, 3946432
369.39, 3946409
372.82, 3946337
375.42, 3946284
378.25, 3945434
381.34, 3945252
384.47, 3944826
387.84, 3944036
390.35, 3944008
393.78, 3943890
396.59, 3943726
399.12, 3943654
401.54, 3943596
405.39, 3943586
408.09, 3943576
410.86, 3943494
413.72, 3943459
416.45, 3943155
419.95, 3942847
423.53, 3942396
427.12, 3942081
431.01, 3941163
434.97, 3940757
439.57, 3940534
442.82, 3940372
446.77, 3939619
450.78, 3897196
453.31, 3897087
455.63, 3896754
458.66, 3896572
461.26, 3896561
464.28, 3895983
467.15, 3895885
470.11, 3895290
473.78, 3894064
477.54, 3893859
481.05, 3893781
485.44, 3891687
485.45, 3891410
485.45, 3891409
485.45, 3891408
485.46, 3891307
485.46, 3891217
485.46, 3891116
485.47, 3891014
485.47, 3890753
485.48, 3889927
485.79, 3889701
486.47, 3889494
487.43, 3889220
488.57, 3889194
489.61, 3889137
490.81, 3889079
492.59, 3889028
493.83, 3889027
497.33, 3816027
497.34, 3814947
499.95, 3814875
502.40, 3814644
504.43, 3814257
506.36, 3814237
508.53, 3813748
510.68, 3813290
513.89, 3813237
516.45, 3813089
519.50, 3812258
522.90, 3811543
522.91, 3810502
522.91, 3810309
522.99, 3810143
522.99, 3810099
523.00, 3809914
523.01, 3809642
523.09, 3809439
523.18, 3809356
524.63, 3809173
524.73, 3809122
526.38, 3808979
528.16, 3791672
529.76, 3789630
531.24, 3764808
531.24, 3763775
531.24, 3763598
531.24, 3763536
531.40, 3763337
533.24, 3762006
533.24, 3761793
534.98, 3761697
536.25, 3761191
537.58, 3760542
538.99, 3742661
540.53, 3742440
542.52, 3684139
544.13, 3682282
545.98, 3627471
547.57, 3625546
549.09, 3625296
550.53, 3606403
552.48, 3604944
553.93, 3528090
555.57, 3528068
557.21, 3528056
557.21, 3527023
557.22, 3526846
557.22, 3526784
557.37, 3526585
559.01, 3523507
560.66, 3522426
562.54, 3522379
564.27, 3521818
565.84, 3521442
567.79, 3521255
569.55, 3521175
571.35, 3520402
573.48, 3519296
575.75, 3518890
578.58, 3518621
581.45, 3518543
584.33, 3518278
587.87, 3516717
591.09, 3514551
594.47, 3494651
597.86, 3491841
601.08, 3485999
