0.10, 6951292
0.10, 6947607
0.10, 6944596
0.10, 6832053
0.10, 6817801
0.11, 6760069
0.11, 6758340
0.11, 6745786
0.11, 6731959
0.11, 6731764
0.11, 6699122
0.11, 6697196
0.11, 6675985
0.11, 6675915
0.11, 6667914
0.11, 6645222
0.12, 6612953
0.12, 6601862
0.12, 6597980
0.12, 6525327
0.12, 6523858
0.12, 6520187
0.12, 6505917
0.12, 6501172
0.12, 6495072
0.13, 6478678
0.13, 6478034
0.13, 6463939
0.13, 6452808
0.13, 6451129
0.13, 6423339
0.13, 6337638
0.13, 6335837
0.13, 6335646
0.13, 6334211
0.13, 6317482
0.13, 6315660
0.13, 6315092
0.13, 6313150
0.14, 6307799
0.14, 6306924
0.14, 6299790
0.14, 6291107
0.14, 6290466
0.14, 6231818
0.14, 6222455
0.14, 6222136
0.14, 6206873
0.14, 6202438
0.14, 6191525
0.14, 6183697
0.14, 6178748
0.14, 6163747
0.14, 6141401
0.14, 6123135
0.15, 6101074
0.15, 6097441
0.15, 6079358
0.15, 6076974
0.15, 6051056
0.15, 6035455
0.15, 6032506
0.15, 6030615
0.15, 6029945
0.15, 6017391
0.15, 6002409
0.15, 5990473
0.15, 5981444
0.16, 5896603
0.16, 5886577
0.16, 5875636
0.16, 5859958
0.16, 5856324
0.16, 5852289
0.16, 5851611
0.17, 5851410
0.17, 5843169
0.17, 5829496
0.17, 5795256
0.17, 5790938
0.17, 5789392
0.17, 5749100
0.17, 5728961
0.17, 5720108
0.17, 5702917
0.18, 5696746
0.18, 5695802
0.18, 5666611
0.19, 5660018
0.19, 5656981
0.19, 5631776
0.19, 5621489
0.19, 5593439
0.19, 5584864
0.19, 5569285
0.19, 5491535
0.20, 5484988
0.20, 5461421
0.20, 5453248
0.20, 5424532
0.20, 5412213
0.20, 5407317
0.21, 5395105
0.21, 5390911
0.21, 5363442
0.21, 5337121
0.21, 5331126
0.21, 5323764
0.21, 5316942
0.21, 5301842
0.21, 5296228
0.22, 5293098
0.22, 5279235
0.22, 5279124
0.23, 5242893
0.23, 5240084
0.24, 5228565
0.24, 5204190
0.24, 5198408
0.24, 5159158
0.24, 5158373
0.24, 5156660
0.24, 5152800
0.24, 5130264
0.24, 5123197
0.24, 5120841
0.25, 5117468
0.25, 5099398
0.25, 5094487
0.25, 5091119
0.25, 5089340
0.25, 5068427
0.25, 5066584
0.25, 5004214
0.25, 4968697
0.26, 4951116
0.26, 4950608
0.26, 4947148
0.26, 4943728
0.26, 4928822
0.26, 4923613
0.26, 4922814
0.26, 4922316
0.27, 4922206
0.27, 4920611
0.27, 4913382
0.27, 4910692
0.27, 4908505
0.27, 4899167
0.28, 4893672
0.28, 4890875
0.28, 4890226
0.28, 4890081
0.28, 4876581
0.28, 4825772
0.28, 4824019
0.29, 4815441
0.29, 4813424
0.29, 4805328
0.29, 4796487
0.30, 4772961
0.30, 4762853
0.30, 4762204
0.30, 4762199
0.31, 4759225
0.31, 4756393
0.31, 4753300
0.31, 4750261
0.31, 4744108
0.32, 4739908
0.32, 4701641
0.32, 4696068
0.32, 4695949
0.32, 4695637
0.32, 4684122
0.32, 4653020
0.32, 4637153
0.32, 4624836
0.33, 4622245
0.33, 4616700
0.33, 4616283
0.33, 4615737
0.33, 4607190
0.33, 4602588
0.34, 4562199
0.34, 4561695
0.34, 4559502
0.35, 4558924
0.35, 4558468
0.35, 4557316
0.35, 4551033
0.36, 4546276
0.36, 4545556
0.36, 4539954
0.36, 4530424
0.37, 4485363
0.37, 4484508
0.37, 4481050
0.37, 4468284
0.37, 4465660
0.37, 4459874
0.37, 4441477
0.38, 4439421
0.38, 4436586
0.38, 4403790
0.38, 4403254
0.39, 4380034
0.39, 4374068
0.39, 4373014
0.40, 4367676
0.40, 4362880
0.40, 4355884
0.41, 4336931
0.41, 4329474
0.41, 4328281
0.41, 4327649
0.41, 4325815
0.41, 4325531
0.41, 4322815
0.41, 4318943
0.42, 4317379
0.42, 4306571
0.43, 4303819
0.43, 4207683
0.43, 4185453
0.43, 4182821
0.43, 4170580
0.44, 4169979
0.45, 4167869
0.45, 4155486
0.45, 4151491
0.45, 4144229
0.47, 4139576
0.47, 4136241
0.47, 4112034
0.47, 4077896
0.48, 4076620
0.48, 4074938
0.48, 4074085
0.49, 4068644
0.50, 4054976
0.50, 4046816
0.50, 4046287
0.50, 4042723
0.51, 4041963
0.51, 4036107
0.51, 4034286
0.51, 4033697
0.52, 3959110
0.52, 3955746
0.53, 3954472
0.53, 3952823
0.53, 3944769
0.53, 3942813
0.53, 3942770
0.54, 3942057
0.55, 3928284
0.55, 3928022
0.55, 3909481
0.56, 3906319
0.57, 3905656
0.57, 3902712
0.57, 3894848
0.57, 3890852
0.57, 3887988
0.57, 3884518
0.58, 3883052
0.58, 3876066
0.58, 3875370
0.58, 3875084
0.59, 3875026
0.60, 3872256
0.60, 3860688
0.60, 3843434
0.60, 3842299
0.61, 3841028
0.61, 3840319
0.62, 3817124
0.62, 3816750
0.62, 3815761
0.62, 3808962
0.62, 3808776
0.63, 3799712
0.63, 3796105
0.63, 3775779
0.63, 3771934
0.64, 3722992
0.64, 3721586
0.64, 3721558
0.64, 3715858
0.64, 3708057
0.65, 3706456
0.67, 3705364
0.68, 3702372
0.68, 3695899
0.68, 3672511
0.68, 3669655
0.69, 3577567
0.70, 3576230
0.71, 3571702
0.71, 3571168
0.72, 3563842
0.72, 3563378
0.72, 3563190
0.73, 3559868
0.73, 3558215
0.73, 3481469
0.73, 3464901
0.73, 3461417
0.73, 3441688
0.73, 3439335
0.73, 3438630
0.73, 3433399
0.73, 3431608
0.74, 3429299
0.75, 3424544
0.75, 3423111
0.75, 3409389
0.76, 3409149
0.76, 3405558
0.76, 3400834
0.76, 3395697
0.77, 3395087
0.80, 3391719
0.80, 3391617
0.81, 3389209
0.81, 3388855
0.82, 3383695
0.83, 3383243
0.83, 3356850
0.83, 3340541
0.83, 3326475
0.84, 3326257
0.85, 3321145
0.85, 3302900
0.85, 3301604
0.85, 3295511
0.87, 3285556
0.88, 3281335
0.91, 3277324
0.91, 3250517
0.92, 3247862
0.92, 3211668
0.93, 3208451
0.94, 3207578
0.94, 3207168
0.95, 3205523
0.95, 3199277
0.96, 3191905
0.97, 3181086
0.98, 3176234
0.99, 3175953
0.99, 3173578
1.00, 3171417
1.03, 3171115
1.03, 3170577
1.04, 3162966
1.04, 3154644
1.05, 3133561
1.05, 3132996
1.06, 3128315
1.08, 3119207
1.10, 3119057
1.10, 3109893
1.10, 3104953
1.10, 3094497
1.11, 3086437
1.11, 3059089
1.13, 3054492
1.13, 3053961
1.14, 3016673
1.14, 3015584
1.16, 3014610
1.17, 3013061
1.17, 3011510
1.18, 3010207
1.21, 3003855
1.22, 3003038
1.23, 2999340
1.23, 2998640
1.23, 2998486
1.23, 2997278
1.23, 2996877
1.25, 2996263
1.25, 2980564
1.26, 2980036
1.26, 2979843
1.27, 2977859
1.27, 2969470
1.29, 2966006
1.29, 2950455
1.30, 2939770
1.30, 2938369
1.31, 2934648
1.31, 2932467
1.31, 2913886
1.33, 2913521
1.33, 2911355
1.34, 2909578
1.38, 2908839
1.38, 2907993
1.39, 2904387
1.42, 2904005
1.42, 2903438
1.42, 2901251
1.43, 2900680
1.46, 2898753
1.47, 2898468
1.48, 2898353
1.48, 2895860
1.49, 2894173
1.49, 2891374
1.50, 2891196
1.51, 2884599
1.51, 2884253
1.52, 2883344
1.53, 2876406
1.56, 2874073
1.56, 2873438
1.56, 2873408
1.58, 2857152
1.60, 2855718
1.61, 2852529
1.62, 2830976
1.63, 2829725
1.65, 2829552
1.67, 2807097
1.68, 2802490
1.70, 2798760
1.70, 2797002
1.72, 2795746
1.75, 2791687
1.76, 2791568
1.78, 2790316
1.78, 2789189
1.78, 2786089
1.79, 2784970
1.80, 2784804
1.81, 2784306
1.84, 2781386
1.84, 2774953
1.86, 2728950
1.86, 2726897
1.87, 2725778
1.88, 2720777
1.89, 2716865
1.89, 2712773
1.94, 2706183
1.94, 2704052
1.94, 2700557
1.97, 2636640
1.97, 2635186
1.98, 2632166
1.98, 2631892
1.99, 2630276
1.99, 2629101
2.01, 2625544
2.01, 2625444
2.01, 2624963
2.01, 2622331
2.02, 2621063
2.04, 2616851
2.04, 2593922
2.06, 2589813
2.07, 2589613
2.07, 2587725
2.10, 2587358
2.10, 2586385
2.12, 2585819
2.12, 2582778
2.13, 2581965
2.15, 2580955
2.17, 2561957
2.19, 2558844
2.19, 2542237
2.19, 2527616
2.21, 2526405
2.22, 2526372
2.22, 2524088
2.23, 2469235
2.31, 2462483
2.31, 2456462
2.32, 2449747
2.35, 2449560
2.38, 2449386
2.39, 2447835
2.42, 2447405
2.42, 2406330
2.43, 2402956
2.45, 2402757
2.47, 2395265
2.48, 2393772
2.50, 2392453
2.51, 2391841
2.51, 2390218
2.51, 2380694
2.52, 2325103
2.60, 2325072
2.61, 2324801
2.62, 2323790
2.62, 2321978
2.63, 2303433
2.64, 2300032
2.68, 2299980
2.71, 2298735
2.76, 2298508
2.77, 2298258
2.78, 2296082
2.78, 2295667
2.79, 2294144
2.79, 2293821
2.80, 2291135
2.82, 2281026
2.83, 2277925
2.87, 2275819
2.89, 2275655
2.89, 2265263
2.94, 2265132
2.96, 2264016
2.97, 2232449
2.98, 2229743
3.00, 2228654
3.01, 2228606
3.02, 2223358
3.02, 2222968
3.03, 2215312
3.05, 2213579
3.07, 2212484
3.08, 2210604
3.09, 2210496
3.10, 2210372
3.12, 2208710
3.13, 2208627
3.15, 2204294
3.16, 2199271
3.20, 2199089
3.22, 2196996
3.23, 2196054
3.23, 2195740
3.26, 2194350
3.29, 2191773
3.30, 2189756
3.31, 2188996
3.31, 2187017
3.39, 2186686
3.41, 2184715
3.41, 2182208
3.46, 2178268
3.49, 2177410
3.50, 2175648
3.52, 2174600
3.55, 2173178
3.55, 2172087
3.57, 2171248
3.57, 2170588
3.57, 2169299
3.58, 2168451
3.59, 2168450
3.60, 2166162
3.61, 2165672
3.63, 2164983
3.65, 2161443
3.66, 2159012
3.68, 2158004
3.68, 2157384
3.71, 2157344
3.74, 2157218
3.75, 2153938
3.75, 2152730
3.84, 2148543
3.85, 2147678
3.85, 2147563
3.86, 2147206
3.88, 2143892
3.90, 2141885
3.91, 2140979
3.91, 2132230
3.93, 2132078
3.98, 2131061
3.99, 2130192
3.99, 2122704
3.99, 2109175
3.99, 2109044
4.01, 2107958
4.03, 2105087
4.03, 2102701
4.08, 2099292
4.09, 2098652
4.19, 2095415
4.21, 2094426
4.23, 2093991
4.24, 2093815
4.24, 2091560
4.32, 2090344
4.32, 2089949
4.34, 2089734
4.35, 2087947
4.37, 2087748
4.40, 2087158
4.47, 2085705
4.48, 2085687
4.50, 2085108
4.51, 2085082
4.65, 2083959
4.65, 2079073
4.71, 2078110
4.77, 2076884
4.77, 2076499
4.78, 2075782
4.81, 2075279
4.83, 2074085
4.84, 2065606
4.84, 2064319
4.87, 2063884
4.95, 2063223
4.98, 2062700
5.08, 2061046
5.08, 2060874
5.08, 2059891
5.09, 2034933
5.20, 2034505
5.25, 2033522
5.26, 2033173
5.26, 2033057
5.39, 2032852
5.41, 2032531
5.46, 2020951
5.49, 2020934
5.50, 2020712
5.52, 2019008
5.55, 2018985
5.62, 2014856
5.63, 2014690
5.65, 2014685
5.70, 2014508
5.70, 2014473
5.72, 2013791
5.76, 2010203
5.78, 2009091
5.79, 2006463
5.82, 2006415
5.89, 2004987
5.89, 2002138
5.92, 2000543
5.94, 1997388
6.07, 1993656
6.08, 1993608
6.13, 1993175
6.13, 1992099
6.18, 1991800
6.19, 1991373
6.22, 1960586
6.22, 1952775
6.24, 1952640
6.28, 1951893
6.29, 1951420
6.33, 1950705
6.39, 1950547
6.45, 1949353
6.46, 1940329
6.51, 1938690
6.51, 1938226
6.57, 1937953
6.59, 1930570
6.60, 1929648
6.61, 1927304
6.63, 1926083
6.71, 1925442
6.74, 1925089
6.78, 1923116
6.81, 1922893
6.87, 1921313
6.87, 1920972
6.88, 1918372
6.93, 1918157
6.97, 1914568
6.98, 1914483
6.99, 1914431
6.99, 1913479
7.00, 1913470
7.03, 1913096
7.04, 1910209
7.08, 1909868
7.10, 1908441
7.16, 1906964
7.25, 1906533
7.33, 1904376
7.39, 1899145
7.41, 1898616
7.43, 1896903
7.49, 1896140
7.53, 1894736
7.58, 1894724
7.61, 1894297
7.67, 1893330
7.67, 1891131
7.76, 1888604
7.83, 1870078
7.86, 1869269
7.92, 1869125
7.97, 1861159
8.00, 1858072
8.01, 1848262
8.01, 1847743
8.07, 1847339
8.10, 1842502
8.15, 1841480
8.20, 1772430
8.25, 1771280
8.27, 1771191
8.28, 1771157
8.28, 1757266
8.35, 1756870
8.36, 1756307
8.38, 1755349
8.40, 1752657
8.40, 1750835
8.41, 1750290
8.43, 1750117
8.60, 1748999
8.66, 1746473
8.67, 1744469
8.68, 1744149
8.74, 1744129
8.77, 1743296
8.78, 1738087
8.80, 1736408
8.86, 1735111
8.89, 1735068
8.90, 1733809
8.93, 1730984
8.95, 1727827
9.05, 1726095
9.22, 1725552
9.28, 1723596
9.31, 1722378
9.32, 1722251
9.33, 1722217
9.33, 1722102
9.39, 1719452
9.45, 1718914
9.48, 1718066
9.66, 1669224
9.73, 1668637
9.82, 1668047
9.83, 1667100
9.83, 1663411
9.84, 1663125
9.88, 1659113
9.90, 1658934
10.01, 1658617
10.05, 1652562
10.06, 1650355
10.20, 1650127
10.24, 1649557
10.28, 1649516
10.35, 1649136
10.44, 1648949
10.45, 1647164
10.53, 1645913
10.56, 1644738
10.71, 1644347
10.72, 1644259
10.88, 1644129
10.89, 1643312
10.89, 1642070
10.96, 1641183
10.99, 1639640
11.02, 1638481
11.03, 1638384
11.04, 1637358
11.04, 1636301
11.12, 1635976
11.15, 1635077
11.16, 1634397
11.16, 1634114
11.22, 1633919
11.31, 1633026
11.31, 1630545
11.34, 1628538
11.38, 1627404
11.43, 1627004
