0.11, 6850834
0.11, 6844555
0.11, 6825046
0.11, 6821503
0.11, 6786460
0.11, 6784834
0.11, 6757531
0.11, 6749601
0.11, 6746768
0.11, 6733193
0.11, 6705394
0.11, 6689322
0.11, 6679688
0.12, 6654112
0.12, 6608673
0.12, 6504273
0.12, 6494227
0.13, 6493846
0.13, 6454592
0.13, 6416241
0.13, 6413422
0.13, 6370102
0.14, 6356378
0.14, 6343192
0.14, 6342394
0.14, 6341614
0.14, 6331771
0.14, 6322168
0.14, 6287160
0.14, 6281360
0.14, 6277775
0.14, 6275431
0.15, 6212989
0.15, 6206588
0.15, 6193743
0.15, 6193638
0.15, 6165158
0.15, 6162683
0.15, 6134680
0.16, 6120236
0.16, 6072484
0.16, 6063492
0.16, 5930475
0.16, 5923109
0.16, 5917030
0.16, 5895313
0.17, 5875476
0.17, 5839634
0.17, 5835549
0.17, 5833454
0.17, 5833409
0.17, 5828609
0.17, 5814698
0.17, 5813256
0.17, 5796924
0.17, 5792243
0.17, 5782135
0.17, 5780522
0.17, 5755961
0.17, 5746471
0.17, 5746426
0.17, 5721401
0.18, 5706915
0.18, 5704481
0.18, 5700539
0.18, 5651859
0.18, 5644132
0.18, 5639395
0.18, 5633432
0.18, 5632654
0.18, 5621960
0.18, 5613889
0.18, 5609303
0.18, 5556387
0.18, 5507642
0.18, 5505621
0.19, 5505165
0.19, 5472268
0.19, 5467239
0.19, 5457712
0.19, 5457263
0.19, 5451458
0.19, 5438961
0.20, 5438295
0.20, 5435152
0.20, 5404538
0.20, 5393835
0.21, 5386408
0.21, 5379369
0.21, 5309503
0.21, 5306974
0.21, 5300042
0.21, 5297911
0.22, 5296468
0.22, 5255287
0.22, 5254523
0.22, 5252975
0.22, 5242760
0.22, 5235224
0.22, 5214137
0.22, 5212862
0.22, 5203854
0.22, 5199967
0.23, 5190023
0.23, 5179549
0.23, 5176999
0.23, 5168775
0.23, 5154703
0.23, 5124754
0.23, 5120170
0.24, 5113932
0.24, 5098230
0.24, 5088716
0.24, 5083551
0.24, 5071120
0.25, 5040487
0.25, 5011875
0.25, 5006382
0.25, 5001269
0.25, 4994625
0.25, 4977650
0.25, 4975774
0.25, 4971236
0.25, 4909768
0.25, 4905035
0.26, 4902056
0.26, 4897744
0.26, 4876489
0.26, 4870277
0.27, 4831775
0.27, 4831097
0.27, 4814616
0.27, 4790546
0.28, 4787230
0.28, 4784207
0.28, 4784051
0.28, 4771279
0.28, 4746361
0.28, 4744283
0.28, 4736613
0.29, 4732496
0.30, 4729439
0.30, 4722441
0.30, 4720593
0.31, 4720020
0.31, 4719532
0.31, 4663867
0.31, 4663033
0.31, 4633566
0.31, 4626473
0.31, 4619588
0.32, 4603809
0.32, 4576931
0.32, 4523028
0.33, 4518038
0.33, 4517308
0.34, 4512752
0.34, 4509860
0.35, 4490300
0.35, 4489859
0.35, 4471521
0.35, 4464283
0.36, 4463802
0.36, 4460536
0.36, 4455391
0.36, 4454796
0.37, 4454400
0.37, 4451423
0.37, 4448383
0.37, 4436295
0.38, 4418653
0.38, 4417263
0.38, 4408384
0.39, 4405579
0.40, 4405145
0.44, 4403017
0.44, 4399582
0.45, 4396281
0.46, 4370406
0.46, 4370326
0.50, 4355427
0.52, 4354923
0.52, 4273652
0.52, 4267985
0.54, 4241267
0.55, 4240964
0.55, 4238311
0.55, 4229384
0.56, 4229264
0.56, 4223084
0.56, 4221539
0.56, 4220291
0.57, 4192331
0.57, 4192289
0.58, 4187590
0.58, 4178189
0.58, 4177906
0.58, 4177594
0.59, 4170130
0.59, 4164460
0.59, 4161026
0.60, 4159741
0.60, 4086700
0.61, 4027487
0.61, 4001902
0.61, 3999862
0.61, 3963384
0.61, 3960371
0.62, 3955932
0.64, 3953215
0.64, 3952348
0.65, 3939090
0.66, 3936472
0.67, 3919024
0.67, 3903668
0.68, 3903256
0.69, 3879987
0.69, 3876968
0.70, 3873665
0.71, 3870462
0.71, 3865457
0.71, 3860051
0.72, 3859157
0.72, 3851082
0.73, 3843641
0.73, 3841274
0.73, 3839721
0.73, 3832590
0.73, 3827658
0.74, 3826272
0.75, 3824041
0.75, 3819756
0.75, 3810161
0.75, 3808183
0.76, 3805907
0.76, 3796715
0.77, 3796018
0.78, 3792296
0.79, 3786573
0.81, 3785711
0.81, 3779445
0.82, 3755474
0.83, 3752821
0.85, 3751640
0.86, 3741599
0.88, 3739695
0.88, 3699013
0.89, 3698615
0.89, 3672534
0.89, 3667484
0.90, 3661020
0.91, 3659275
0.92, 3651090
0.93, 3644351
0.93, 3643492
0.93, 3629174
0.94, 3629162
0.94, 3621097
0.94, 3606999
0.95, 3604041
0.95, 3600785
0.95, 3590762
0.97, 3589408
0.97, 3585522
0.98, 3580361
0.98, 3580140
0.98, 3577286
0.98, 3566384
0.99, 3550226
0.99, 3550177
1.01, 3547540
1.03, 3545145
1.04, 3542735
1.04, 3542311
1.05, 3533265
1.05, 3531641
1.06, 3524373
1.07, 3518399
1.08, 3516024
1.09, 3512875
1.10, 3512588
1.12, 3503622
1.12, 3503255
1.13, 3498526
1.14, 3478493
1.14, 3477147
1.14, 3475495
1.15, 3469933
1.15, 3465803
1.16, 3465492
1.18, 3464357
1.18, 3463863
1.19, 3462246
1.19, 3447013
1.19, 3438008
1.20, 3435786
1.21, 3430130
1.21, 3427577
1.22, 3426878
1.22, 3426739
1.25, 3426439
1.25, 3423398
1.26, 3422419
1.27, 3403636
1.27, 3402708
1.28, 3396294
1.29, 3376348
1.31, 3374593
1.31, 3370394
1.32, 3363760
1.32, 3303201
1.33, 3302361
1.33, 3297309
1.34, 3294212
1.35, 3284691
1.35, 3281700
1.35, 3280198
1.35, 3275391
1.35, 3272295
1.35, 3267169
1.35, 3265062
1.35, 3262511
1.35, 3262473
1.36, 3260176
1.36, 3258079
1.36, 3253868
1.39, 3252183
1.39, 3246833
1.39, 3245436
1.39, 3237957
1.39, 3234520
1.39, 3233246
1.39, 3224366
1.40, 3206631
1.40, 3191707
1.40, 3189920
1.41, 3188867
1.42, 3188617
1.42, 3188414
1.44, 3186908
1.45, 3181020
1.46, 3180899
1.47, 3179920
1.47, 3179182
1.47, 3176698
1.48, 3176611
1.48, 3166084
1.48, 3165712
1.49, 3165269
1.49, 3155923
1.49, 3147687
1.50, 3147236
1.50, 3134944
1.51, 3134300
1.52, 3131908
1.52, 3112053
1.52, 3111981
1.53, 3109099
1.53, 3107684
1.54, 3093934
1.60, 3077253
1.61, 3073826
1.61, 3073296
1.62, 3073260
1.63, 3070325
1.63, 3069098
1.64, 3053635
1.65, 3053185
1.66, 3053119
1.66, 3050056
1.66, 3048468
1.66, 2988402
1.66, 2981658
1.67, 2980960
1.68, 2967323
1.69, 2966381
1.69, 2965287
1.70, 2959749
1.72, 2954074
1.72, 2952284
1.73, 2948277
1.75, 2943929
1.76, 2936938
1.76, 2932299
1.77, 2931603
1.77, 2930397
1.78, 2922776
1.79, 2915886
1.79, 2912952
1.81, 2907760
1.81, 2904688
1.82, 2903924
1.83, 2901876
1.85, 2901281
1.85, 2891127
1.86, 2889165
1.90, 2887815
1.94, 2863530
1.95, 2862967
1.95, 2845244
1.96, 2845039
1.97, 2837962
1.97, 2834647
1.97, 2830940
1.97, 2828347
1.98, 2825109
1.98, 2825046
1.99, 2824501
2.01, 2822726
2.04, 2821944
2.04, 2820747
2.04, 2818707
2.06, 2814949
2.09, 2813958
2.10, 2810381
2.10, 2810084
2.11, 2810057
2.12, 2808754
2.12, 2807500
2.12, 2805087
2.12, 2796267
2.13, 2794792
2.14, 2794214
2.15, 2787466
2.16, 2785000
2.16, 2784926
2.17, 2784677
2.18, 2779528
2.18, 2773103
2.19, 2772842
2.20, 2763932
2.20, 2759938
2.20, 2756923
2.23, 2756755
2.25, 2756178
2.26, 2752933
2.27, 2733649
2.31, 2733454
2.32, 2725729
2.32, 2724650
2.32, 2723702
2.35, 2716803
2.38, 2715998
2.40, 2713397
2.40, 2704594
2.41, 2701385
2.45, 2701330
2.45, 2698550
2.53, 2696371
2.53, 2695966
2.56, 2657328
2.56, 2652461
2.56, 2650948
2.57, 2647141
2.57, 2645548
2.57, 2645061
2.60, 2644846
2.60, 2643962
2.64, 2643587
2.64, 2643174
2.65, 2643062
2.70, 2642914
2.74, 2642845
2.76, 2641194
2.76, 2637072
2.78, 2636866
2.81, 2636372
2.82, 2634642
2.83, 2632910
2.84, 2630148
2.86, 2629837
2.87, 2629637
2.88, 2626735
2.88, 2624825
2.89, 2624601
2.90, 2621612
2.91, 2607558
2.92, 2605269
2.93, 2603681
2.93, 2603242
2.94, 2602142
2.94, 2570310
2.94, 2569624
2.95, 2568243
2.99, 2566253
3.01, 2566220
3.03, 2566203
3.04, 2563085
3.06, 2558229
3.07, 2558124
3.07, 2557652
3.07, 2557369
3.07, 2551889
3.08, 2550353
3.10, 2547264
3.10, 2546957
3.11, 2545809
3.12, 2543679
3.18, 2541272
3.18, 2541067
3.19, 2539567
3.26, 2499532
3.27, 2497858
3.27, 2494850
3.27, 2480217
3.27, 2475622
3.28, 2468905
3.31, 2468298
3.32, 2467614
3.32, 2465926
3.34, 2464922
3.37, 2460093
3.41, 2457110
3.44, 2455995
3.48, 2455852
3.49, 2453583
3.51, 2451558
3.53, 2451308
3.53, 2449155
3.57, 2448017
3.57, 2447799
3.64, 2444043
3.67, 2442565
3.69, 2441578
3.69, 2441388
3.70, 2441179
3.70, 2440462
3.71, 2434941
3.75, 2425255
3.76, 2425189
3.77, 2421861
3.77, 2421624
3.77, 2419417
3.78, 2417350
3.79, 2417063
3.79, 2414838
3.80, 2408694
3.81, 2408535
3.82, 2392153
3.82, 2389222
3.83, 2386739
3.83, 2378265
3.84, 2374853
3.84, 2374753
3.84, 2374360
3.86, 2373407
3.89, 2372633
3.90, 2370988
3.91, 2370316
3.92, 2369994
3.94, 2369142
3.95, 2368992
3.98, 2368522
3.98, 2363057
4.02, 2362635
4.05, 2362587
4.06, 2348461
4.06, 2347970
4.09, 2336833
4.09, 2336742
4.10, 2333732
4.12, 2333287
4.16, 2332578
4.16, 2332065
4.23, 2317129
4.24, 2296932
4.25, 2279510
4.25, 2277793
4.30, 2276471
4.31, 2276403
4.32, 2273880
4.33, 2271834
4.36, 2271169
4.37, 2267561
4.38, 2265240
4.55, 2264635
4.55, 2264288
4.56, 2263999
4.56, 2263987
4.62, 2261445
4.62, 2258640
4.68, 2258613
4.70, 2256072
4.75, 2255130
4.75, 2255090
4.78, 2248230
4.78, 2247648
4.80, 2246915
4.80, 2246589
4.83, 2246452
4.84, 2245534
4.90, 2244910
4.90, 2244512
4.92, 2243450
4.93, 2243376
4.94, 2242353
4.99, 2239392
5.02, 2238408
5.06, 2234987
5.06, 2234205
5.07, 2233486
5.07, 2232854
5.12, 2232273
5.13, 2231178
5.21, 2230307
5.23, 2230022
5.26, 2229664
5.32, 2229310
5.33, 2218939
5.33, 2214790
5.35, 2214724
5.36, 2210956
5.36, 2210860
5.37, 2207923
5.38, 2207446
5.43, 2207352
5.46, 2206277
5.48, 2205501
5.50, 2200541
5.51, 2199719
5.54, 2199126
5.54, 2197306
5.59, 2196877
5.61, 2196858
5.62, 2196823
5.62, 2194536
5.65, 2192295
5.72, 2191612
5.73, 2191403
5.74, 2190487
5.75, 2184593
5.79, 2183252
5.79, 2181681
5.86, 2180403
5.87, 2178684
5.89, 2154400
6.03, 2153458
6.04, 2151607
6.04, 2144292
6.08, 2142838
6.15, 2140798
6.19, 2139765
6.22, 2137328
6.23, 2137004
6.24, 2136155
6.26, 2132398
6.29, 2131769
6.29, 2131567
6.34, 2130649
6.36, 2129961
6.36, 2129544
6.37, 2124255
6.42, 2123758
6.46, 2121127
6.49, 2117865
6.50, 2116559
6.50, 2114807
6.51, 2112419
6.57, 2112265
6.63, 2111431
6.65, 2111131
6.76, 2110155
6.86, 2103467
6.87, 2103281
6.89, 2102799
6.93, 2097873
6.98, 2096881
7.02, 2094952
7.07, 2093899
7.10, 2091390
7.12, 2090112
7.13, 2089770
7.20, 2089574
7.21, 2088619
7.21, 2087613
7.27, 2082554
7.29, 2079570
7.32, 2079548
7.33, 2075570
7.36, 2049632
7.44, 2046161
7.47, 2041336
7.48, 2038308
7.51, 2037030
7.58, 2036900
7.58, 2036826
7.64, 2036375
7.67, 2033910
7.70, 2031385
7.70, 2031327
7.72, 2030880
7.77, 2030793
7.77, 2030210
7.89, 2013670
7.93, 2006208
7.96, 2003289
8.01, 2002274
8.16, 2001864
8.19, 2000079
8.33, 1998990
8.45, 1998910
8.45, 1998758
8.49, 1997420
8.51, 1994924
8.53, 1993468
8.55, 1992084
8.57, 1989196
8.61, 1986729
8.63, 1983737
8.65, 1983616
8.67, 1981198
8.80, 1980653
8.82, 1980622
8.83, 1978951
8.87, 1975359
8.88, 1975219
31.97, 1974863
32.00, 1972542
32.01, 1972016
32.02, 1971339
32.04, 1971013
32.08, 1969212
32.13, 1967847
32.16, 1964945
32.21, 1964018
32.28, 1963089
32.30, 1959641
32.31, 1956427
32.36, 1955213
32.36, 1954903
32.37, 1954719
32.42, 1954547
32.44, 1953176
32.49, 1952745
32.50, 1943197
32.50, 1942759
32.54, 1942279
32.56, 1941313
32.57, 1938235
32.59, 1936734
32.62, 1935794
32.64, 1922813
32.67, 1921770
32.82, 1921388
32.86, 1921205
32.88, 1919297
32.98, 1919130
33.02, 1918977
33.05, 1918936
33.09, 1917872
33.11, 1916682
33.13, 1915838
33.22, 1914962
33.31, 1903244
33.38, 1901019
33.40, 1899917
33.42, 1899739
33.45, 1899618
33.46, 1893926
33.46, 1893529
33.48, 1893309
33.49, 1885687
33.49, 1881845
33.51, 1881421
33.59, 1880814
33.59, 1880561
33.68, 1874661
33.74, 1874235
33.79, 1873262
33.79, 1872648
33.80, 1871262
33.84, 1870005
33.96, 1869146
33.97, 1868410
33.97, 1867955
34.08, 1865822
34.14, 1865487
34.15, 1864905
34.15, 1863948
34.18, 1863845
34.31, 1863791
34.38, 1863648
34.49, 1861983
34.50, 1859507
34.53, 1858103
34.68, 1856420
34.71, 1855152
34.82, 1841941
34.82, 1839429
34.84, 1836714
34.84, 1834186
35.01, 1834138
35.02, 1833713
35.03, 1833651
35.11, 1829643
35.12, 1827885
35.12, 1827457
35.15, 1825887
35.21, 1825250
35.25, 1824157
35.26, 1824090
35.31, 1821335
35.34, 1820244
35.45, 1818946
35.51, 1816484
35.58, 1816362
35.60, 1815417
35.61, 1815410
35.61, 1814491
35.67, 1814376
35.69, 1814359
35.74, 1813720
79.42, 1812781
79.45, 1812377
79.58, 1809527
79.59, 1808976
79.59, 1806202
79.68, 1805621
79.74, 1805385
79.77, 1804506
79.80, 1803415
79.82, 1803351
79.87, 1802598
79.97, 1800375
80.00, 1799290
80.04, 1799100
80.07, 1798592
80.14, 1797686
80.14, 1797353
80.17, 1794612
80.18, 1791731
80.31, 1791730
80.32, 1791210
80.43, 1790938
80.48, 1790592
80.54, 1790029
80.55, 1789795
80.62, 1789427
80.64, 1788762
80.69, 1788374
80.78, 1787208
80.80, 1786575
80.82, 1780046
80.83, 1778704
80.83, 1777849
80.96, 1776222
81.02, 1775927
81.12, 1775880
81.13, 1775360
81.18, 1775280
81.28, 1767719
81.47, 1766644
