0.33, 7359175
0.33, 7347005
0.34, 7346698
0.34, 7310860
0.34, 7304606
0.34, 7284583
0.35, 7282915
0.35, 7277093
0.36, 7263012
0.36, 7258117
0.36, 7257843
0.36, 7245703
0.36, 7232646
0.36, 7229868
0.37, 7223922
0.37, 7215376
0.37, 7210720
0.37, 7209390
0.37, 7208926
0.37, 7203311
0.37, 7190687
0.37, 7188489
0.38, 7186467
0.38, 7185327
0.38, 7184996
0.38, 7169959
0.38, 7160196
0.38, 7113729
0.39, 7102119
0.39, 7099106
0.39, 7093586
0.39, 7088560
0.39, 7018259
0.40, 7008962
0.40, 6999650
0.40, 6997983
0.40, 6995641
0.40, 6989102
0.40, 6985092
0.40, 6984695
0.40, 6976846
0.40, 6972245
0.40, 6945340
0.40, 6933416
0.41, 6930437
0.41, 6884009
0.41, 6875803
0.42, 6841932
0.42, 6835733
0.42, 6831371
0.42, 6830032
0.42, 6826834
0.43, 6813915
0.44, 6813899
0.45, 6813278
0.46, 6809400
0.46, 6726539
0.47, 6713519
0.48, 6713314
0.48, 6708443
0.50, 6708140
0.50, 6706391
0.51, 6694955
0.51, 6693169
0.51, 6691306
0.51, 6686519
0.51, 6683391
0.51, 6678934
0.51, 6672154
0.52, 6668881
0.52, 6666208
0.53, 6653286
0.53, 6649200
0.53, 6643782
0.53, 6643259
0.53, 6640851
0.53, 6613637
0.53, 6609963
0.54, 6602544
0.54, 6601527
0.54, 6600478
0.54, 6599020
0.55, 6596340
0.56, 6592055
0.56, 6554013
0.57, 6536774
0.57, 6517958
0.57, 6512151
0.60, 6511142
0.60, 6404047
0.61, 6396996
0.61, 6387692
0.61, 6360861
0.62, 6352661
0.62, 6351773
0.64, 6350720
0.64, 6350365
0.64, 6344611
0.67, 6339870
0.67, 6335129
0.70, 6334454
0.70, 6333314
0.70, 6331936
0.71, 6290797
0.71, 6289532
0.72, 6289151
0.73, 6288933
0.73, 6279822
0.74, 6277350
0.74, 6272643
0.75, 6252403
0.75, 6251596
0.75, 6249079
0.75, 6246985
0.77, 6246262
0.80, 6243688
0.80, 6168570
0.81, 6167864
0.81, 6165937
0.82, 6165014
0.82, 6162563
0.82, 6158692
0.82, 6156689
0.84, 6146417
0.85, 6144809
0.85, 6063322
0.85, 6062541
0.86, 6053022
0.86, 6051357
0.86, 6039817
0.88, 6037951
0.88, 5955317
0.88, 5951766
0.90, 5942940
0.90, 5942580
0.90, 5942567
0.90, 5940293
0.90, 5939903
0.90, 5939526
0.90, 5911590
0.90, 5904704
0.90, 5892189
0.92, 5891998
0.92, 5842599
0.92, 5839803
0.92, 5838419
0.93, 5835472
0.94, 5830983
0.95, 5827812
0.96, 5825107
0.96, 5813081
0.98, 5812623
0.98, 5811500
0.98, 5794006
0.98, 5790514
0.98, 5788359
0.99, 5787596
0.99, 5780951
0.99, 5779850
0.99, 5778756
1.03, 5777762
1.07, 5777506
1.07, 5772800
1.07, 5763558
1.07, 5760492
1.07, 5759973
1.07, 5759536
1.07, 5750547
1.07, 5745128
1.08, 5741094
1.08, 5731286
1.08, 5728216
1.08, 5726650
1.08, 5722819
1.08, 5718032
1.08, 5712441
1.09, 5711402
1.09, 5707980
1.09, 5638206
1.09, 5620729
1.09, 5612400
1.09, 5607138
1.09, 5601560
1.09, 5562700
1.09, 5561693
1.10, 5559893
1.10, 5555663
1.11, 5552799
1.14, 5552756
1.14, 5552218
1.14, 5547367
1.14, 5543828
1.15, 5540934
1.15, 5539345
1.15, 5507993
1.16, 5490333
1.16, 5482633
1.16, 5426315
1.16, 5425425
1.16, 5423559
1.17, 5405248
1.17, 5395341
1.17, 5387482
1.18, 5386844
1.18, 5385769
1.19, 5381694
1.20, 5378997
1.20, 5377160
1.20, 5366430
1.20, 5309640
1.20, 5309124
1.20, 5304195
1.21, 5304018
1.21, 5303025
1.21, 5302985
1.21, 5301558
1.21, 5295279
1.21, 5295248
1.21, 5294077
1.21, 5290628
1.21, 5286166
1.22, 5282258
1.24, 5280864
1.24, 5203969
1.24, 5200903
1.24, 5200852
1.24, 5198697
1.26, 5197955
1.26, 5193868
1.27, 5191521
1.27, 5191394
1.27, 5190597
1.27, 5188827
1.27, 5184359
1.27, 5183962
1.27, 5175171
1.27, 5173197
1.28, 5172856
1.28, 5168226
1.28, 5159084
1.28, 5154728
1.30, 5151737
1.30, 5145965
1.30, 5144410
1.31, 5136720
1.31, 5136087
1.31, 5134543
1.31, 5107021
1.32, 5104771
1.33, 5094741
1.33, 5085415
1.33, 5084732
1.33, 5082052
1.33, 5080410
1.34, 5080388
1.34, 5074624
1.36, 5073325
1.42, 5069569
1.43, 5068305
1.49, 5067881
1.55, 5067702
1.56, 5066704
1.66, 5066457
1.78, 5023149
1.95, 4893420
2.21, 4893347
2.43, 4889805
2.73, 4886016
2.83, 4885785
2.91, 4885726
3.05, 4880434
3.37, 4879354
3.68, 4849455
3.96, 4837157
4.29, 4827087
4.78, 4825713
5.04, 4820049
5.35, 4809037
5.48, 4801033
5.68, 4797715
5.94, 4788992
5.94, 4788955
6.25, 4788609
6.26, 4788444
6.27, 4777181
6.27, 4773125
6.27, 4771743
6.28, 4749812
6.28, 4739878
6.29, 4722993
6.51, 4722556
6.51, 4722271
6.51, 4687384
6.51, 4682658
6.52, 4681649
6.53, 4676861
6.56, 4674967
6.59, 4672134
6.59, 4656291
6.59, 4616156
6.60, 4593041
6.62, 4580068
6.62, 4574392
6.63, 4571894
6.63, 4550006
6.63, 4547048
6.63, 4534489
6.65, 4530953
6.67, 4530669
6.67, 4524549
6.68, 4468790
6.68, 4462576
6.69, 4452858
6.71, 4452261
6.73, 4451249
6.79, 4448597
6.79, 4448193
6.79, 4439362
6.84, 4439281
6.85, 4429780
6.85, 4428223
6.85, 4426935
6.86, 4421303
6.86, 4415969
6.87, 4415114
6.96, 4411988
7.09, 4408063
7.21, 4405468
7.22, 4404834
7.24, 4404553
7.34, 4398539
7.44, 4398494
8.02, 4393486
8.03, 4392341
8.42, 4390992
8.63, 4389886
8.90, 4386277
9.17, 4385707
9.55, 4374400
10.25, 4370572
10.94, 4326323
11.27, 4300963
11.74, 4273033
12.00, 4272978
12.84, 4266408
13.25, 4189533
13.25, 4189232
13.88, 4188983
14.41, 4186078
14.50, 4184745
14.96, 4174479
15.11, 4173470
15.53, 4166618
15.89, 4162505
15.97, 4159579
16.65, 4158307
16.91, 4106292
17.27, 4102774
17.38, 4102173
17.38, 4101609
18.31, 4100705
18.81, 4096775
18.81, 4095309
18.92, 4094850
19.18, 4094642
19.18, 4094139
19.35, 4091228
19.35, 4091142
19.59, 4055354
19.59, 4055158
19.88, 4036926
20.16, 4034761
20.43, 4033948
20.78, 4016421
20.90, 4015550
21.02, 4015381
21.15, 4009988
21.42, 4009775
21.58, 4006184
21.78, 4002361
22.01, 3929387
22.31, 3904462
22.57, 3865295
22.88, 3807598
23.09, 3793869
23.28, 3791928
23.52, 3779667
23.81, 3777020
24.24, 3770404
24.68, 3769693
24.81, 3769248
25.02, 3769077
25.39, 3759699
25.76, 3758948
26.29, 3756783
27.13, 3756225
27.66, 3748904
28.22, 3745596
28.68, 3745463
28.91, 3730490
29.69, 3727158
30.36, 3725749
31.20, 3723581
31.82, 3722627
32.84, 3721104
33.40, 3719140
34.26, 3719018
34.93, 3689446
34.93, 3689206
35.04, 3687526
35.15, 3683716
35.49, 3683125
35.87, 3673660
36.70, 3673458
37.16, 3672716
37.45, 3671063
37.61, 3669176
37.75, 3662254
37.92, 3657562
38.26, 3656416
38.53, 3645440
38.72, 3641876
38.82, 3633422
38.93, 3629802
39.06, 3629407
39.21, 3629124
39.31, 3627153
39.37, 3624433
39.45, 3623955
39.59, 3623671
39.78, 3623601
39.96, 3623126
40.12, 3623060
40.21, 3621680
40.30, 3618931
40.37, 3617788
40.43, 3612938
40.48, 3611389
40.54, 3609752
40.61, 3605805
40.67, 3603614
40.73, 3603162
40.79, 3601993
40.85, 3600460
40.91, 3599659
41.16, 3592497
41.35, 3591065
41.54, 3570327
41.72, 3569796
41.89, 3569237
42.07, 3569153
42.33, 3566228
42.59, 3564511
42.84, 3562752
42.91, 3562096
43.05, 3561258
43.91, 3540364
43.91, 3539341
43.92, 3537986
43.92, 3537396
44.40, 3534078
44.40, 3533795
44.85, 3532701
45.27, 3531796
45.69, 3531432
46.08, 3531172
46.84, 3528106
47.20, 3527454
47.76, 3526389
48.31, 3524304
48.85, 3522414
49.31, 3520590
49.93, 3519613
50.73, 3519489
51.48, 3519084
52.20, 3519068
52.96, 3517732
53.53, 3517436
54.13, 3516066
54.90, 3515736
55.60, 3515432
56.69, 3514493
57.65, 3514244
58.52, 3513731
59.26, 3513467
59.92, 3511386
60.80, 3510696
61.45, 3509424
62.46, 3506877
63.36, 3506504
64.29, 3488931
65.21, 3473569
66.17, 3473565
67.21, 3472870
68.13, 3471189
68.96, 3464234
69.73, 3463000
70.84, 3460500
71.51, 3460006
72.60, 3459673
73.70, 3459630
74.96, 3459433
75.91, 3459320
77.62, 3458932
78.76, 3458599
79.81, 3458207
81.35, 3457858
82.56, 3457697
83.67, 3455592
85.85, 3454471
88.98, 3454031
91.81, 3453634
92.75, 3452825
95.00, 3452317
95.78, 3451724
97.04, 3451555
97.78, 3451510
98.70, 3450406
99.16, 3450362
100.24, 3448928
