0.11, 7230452
0.11, 7226831
0.11, 7220664
0.11, 7184237
0.11, 7181578
0.12, 7178478
0.12, 7160600
0.12, 7158202
0.12, 7128400
0.12, 7122254
0.12, 7121595
0.12, 7072152
0.12, 7032693
0.12, 6981902
0.13, 6965866
0.13, 6940734
0.13, 6940027
0.13, 6895814
0.13, 6892026
0.13, 6862521
0.13, 6859636
0.13, 6855371
0.13, 6848243
0.13, 6827216
0.14, 6804301
0.14, 6780775
0.14, 6752193
0.14, 6720635
0.14, 6688605
0.14, 6680438
0.14, 6613783
0.14, 6613355
0.14, 6604077
0.15, 6590465
0.15, 6538753
0.15, 6518434
0.15, 6389961
0.15, 6388681
0.15, 6384278
0.15, 6374332
0.16, 6372695
0.16, 6367250
0.16, 6359291
0.16, 6259825
0.16, 6259054
0.17, 6258738
0.17, 6254394
0.17, 6226047
0.17, 6223164
0.17, 6221131
0.17, 6218651
0.17, 6215694
0.17, 6215543
0.17, 6192883
0.18, 6192230
0.18, 6190846
0.18, 6190799
0.18, 6182980
0.18, 6124956
0.18, 6120189
0.19, 6105019
0.19, 6103532
0.19, 6097758
0.19, 6095652
0.19, 6083273
0.19, 6079421
0.19, 5947852
0.19, 5941590
0.20, 5936848
0.20, 5881365
0.20, 5880313
0.20, 5872758
0.20, 5846246
0.20, 5804014
0.20, 5797019
0.20, 5786918
0.20, 5783254
0.20, 5778768
0.20, 5769544
0.20, 5736071
0.21, 5732002
0.21, 5731092
0.22, 5722586
0.22, 5720889
0.22, 5719031
0.22, 5714349
0.22, 5710872
0.22, 5654516
0.22, 5652896
0.23, 5651825
0.23, 5643195
0.23, 5607173
0.24, 5588663
0.24, 5588229
0.25, 5575321
0.26, 5570407
0.26, 5549015
0.26, 5506732
0.26, 5443768
0.27, 5438704
0.27, 5318527
0.27, 5259347
0.27, 5259343
0.27, 5257095
0.28, 5255503
0.28, 5218077
0.29, 5217176
0.29, 5178821
0.29, 5174857
0.29, 5170823
0.29, 5163538
0.29, 5151562
0.30, 5149965
0.30, 5143708
0.31, 5134224
0.31, 5124676
0.31, 5082726
0.31, 5081690
0.31, 5062276
0.31, 5034886
0.31, 5031172
0.32, 5030012
0.32, 5028933
0.32, 5021509
0.33, 5002410
0.33, 4999896
0.34, 4998318
0.34, 4997855
0.35, 4988478
0.35, 4982676
0.35, 4978011
0.36, 4968789
0.36, 4917144
0.36, 4913433
0.36, 4893488
0.37, 4893404
0.37, 4892321
0.37, 4889508
0.37, 4879839
0.37, 4879109
0.37, 4874087
0.38, 4869150
0.38, 4859755
0.38, 4858319
0.38, 4858117
0.39, 4802591
0.39, 4796173
0.39, 4795687
0.39, 4794851
0.40, 4789849
0.40, 4786464
0.40, 4785268
0.40, 4784800
0.40, 4783801
0.40, 4760296
0.41, 4755148
0.41, 4750090
0.42, 4749324
0.42, 4737110
0.43, 4735259
0.43, 4730254
0.43, 4670509
0.44, 4666459
0.45, 4665519
0.45, 4641261
0.45, 4639527
0.46, 4637824
0.46, 4622080
0.46, 4619684
0.47, 4612981
0.48, 4590359
0.48, 4589916
0.48, 4587600
0.49, 4585686
0.49, 4582573
0.49, 4582408
0.51, 4581493
0.51, 4573465
0.51, 4508988
0.51, 4506686
0.53, 4500276
0.53, 4489095
0.54, 4478259
0.57, 4459175
0.57, 4454940
0.57, 4454195
0.58, 4440747
0.58, 4430139
0.58, 4424223
0.58, 4420047
0.58, 4415514
0.59, 4415256
0.59, 4407508
0.60, 4397924
0.61, 4397436
0.63, 4386802
0.63, 4384930
0.64, 4382428
0.64, 4378524
0.65, 4371994
0.66, 4371289
0.67, 4365787
0.67, 4363118
0.67, 4362096
0.68, 4354179
0.69, 4351784
0.70, 4345594
0.70, 4342778
0.71, 4334237
0.71, 4327967
0.71, 4320217
0.71, 4312268
0.71, 4311833
0.72, 4311460
0.72, 4266321
0.72, 4257096
0.73, 4253912
0.73, 4253685
0.74, 4252101
0.74, 4247911
0.74, 4245979
0.75, 4215302
0.76, 4195072
0.76, 4189430
0.76, 4189206
0.76, 4178797
0.77, 4172981
0.77, 4102434
0.78, 4101400
0.78, 4100700
0.79, 4100694
0.79, 4090420
0.79, 4087537
0.79, 4087277
0.80, 4087021
0.81, 4075894
0.81, 4075753
0.81, 4072190
0.81, 4072085
0.82, 4065659
0.82, 4055172
0.82, 4054808
0.83, 4049821
0.83, 4046937
0.84, 4045315
0.84, 4044723
0.84, 4042185
0.84, 4040862
0.84, 3970678
0.84, 3969001
0.84, 3967561
0.85, 3953934
0.86, 3945798
0.86, 3945381
0.87, 3945017
0.87, 3918984
0.87, 3898448
0.87, 3897610
0.87, 3891960
0.88, 3891909
0.88, 3889755
0.88, 3870097
0.89, 3828933
0.90, 3827688
0.91, 3823401
0.93, 3818579
0.96, 3783704
0.97, 3767180
0.97, 3762903
0.98, 3761877
1.01, 3760942
1.01, 3759695
1.02, 3757365
1.06, 3754475
1.06, 3754202
1.09, 3752262
1.09, 3750514
1.10, 3745432
1.10, 3738536
1.10, 3738195
1.10, 3722862
1.11, 3706064
1.12, 3704405
1.12, 3692758
1.12, 3691691
1.13, 3655506
1.13, 3635854
1.13, 3633895
1.14, 3628225
1.14, 3587203
1.16, 3580127
1.16, 3576125
1.17, 3575139
1.17, 3571188
1.17, 3568016
1.18, 3563567
1.19, 3553660
1.19, 3552090
1.19, 3548780
1.19, 3546509
1.20, 3546397
1.25, 3538347
1.26, 3534681
1.26, 3532556
1.27, 3530813
1.27, 3509636
1.28, 3502862
1.28, 3502843
1.29, 3499295
1.31, 3499242
1.33, 3495424
1.33, 3494321
1.34, 3493768
1.34, 3493044
1.36, 3492627
1.36, 3485410
1.40, 3482339
1.46, 3478303
1.49, 3465895
1.51, 3464009
1.51, 3411877
1.52, 3403184
1.54, 3397585
1.57, 3396856
1.57, 3396125
1.59, 3382615
1.59, 3380243
1.59, 3379758
1.60, 3378831
1.60, 3374202
1.61, 3371740
1.62, 3370257
1.63, 3368556
1.65, 3365425
1.66, 3362642
1.66, 3360545
1.68, 3356628
1.69, 3355528
1.70, 3354354
1.72, 3339617
1.75, 3334493
1.76, 3333067
1.76, 3332820
1.76, 3331057
1.76, 3324536
1.77, 3320573
1.78, 3312699
1.79, 3304406
1.80, 3304177
1.80, 3301187
1.80, 3294715
1.83, 3287852
1.84, 3286015
1.84, 3284138
1.84, 3254820
1.86, 3244392
1.87, 3233950
1.89, 3218827
1.93, 3207629
1.93, 3202384
1.95, 3200744
1.95, 3194626
1.95, 3192142
1.96, 3191830
1.97, 3188693
1.97, 3184670
1.98, 3183213
1.99, 3180525
1.99, 3180521
1.99, 3176263
2.00, 3174334
2.00, 3174064
2.01, 3170896
2.01, 3169693
2.01, 3169630
2.04, 3168578
2.04, 3163920
2.05, 3160530
2.07, 3153109
2.10, 3099852
2.10, 3081798
2.13, 3080736
2.14, 3041454
2.14, 3040073
2.15, 3039176
2.15, 3037599
2.16, 3030463
2.18, 3023262
2.20, 3018028
2.20, 3014968
2.20, 3009224
2.22, 3008562
2.24, 3006948
2.25, 2985147
2.29, 2930847
2.30, 2930553
2.32, 2927295
2.33, 2926848
2.33, 2923765
2.35, 2922725
2.36, 2919210
2.36, 2919072
2.38, 2913959
2.39, 2894546
2.39, 2894286
2.39, 2893558
2.39, 2892596
2.40, 2892230
2.41, 2888812
2.43, 2881991
2.43, 2856284
2.43, 2855865
2.44, 2854086
2.44, 2853742
2.45, 2845422
2.46, 2842688
2.46, 2814061
2.47, 2812427
2.49, 2794077
2.49, 2783595
2.53, 2783499
2.55, 2768612
2.55, 2768275
2.55, 2765493
2.56, 2762509
2.60, 2762288
2.64, 2761470
2.64, 2761308
2.64, 2749797
2.69, 2748879
2.69, 2739544
2.70, 2738290
2.72, 2737596
2.73, 2737464
2.79, 2736336
2.79, 2736270
2.80, 2735668
2.83, 2702350
2.86, 2701849
2.88, 2697880
2.88, 2689403
2.88, 2687183
2.88, 2686802
2.90, 2684521
2.93, 2683641
2.94, 2683248
2.94, 2680699
2.98, 2663308
2.98, 2661621
2.98, 2659878
2.99, 2659042
2.99, 2645116
2.99, 2642273
3.01, 2640436
3.07, 2638762
3.09, 2635825
3.10, 2635576
3.12, 2633733
3.13, 2633197
3.18, 2632207
3.20, 2625556
3.21, 2622548
3.21, 2622233
3.23, 2592187
3.30, 2591919
3.31, 2586478
3.35, 2586038
3.38, 2585494
3.40, 2581296
3.42, 2561729
3.46, 2561485
3.46, 2555424
3.48, 2554055
3.49, 2553730
3.50, 2553213
3.50, 2553072
3.51, 2553003
3.53, 2551658
3.53, 2551311
3.55, 2551080
3.59, 2549511
3.59, 2548515
3.61, 2548474
3.61, 2518699
3.62, 2518369
3.62, 2508491
3.62, 2505135
3.64, 2498014
3.66, 2496957
3.69, 2496930
3.69, 2495857
3.70, 2495708
3.70, 2493852
3.80, 2491852
3.81, 2487089
3.84, 2487055
3.85, 2485741
3.89, 2478102
3.90, 2473831
3.91, 2473350
3.93, 2470595
3.99, 2461984
4.00, 2461263
4.02, 2454122
4.07, 2444413
4.07, 2442955
4.09, 2440192
4.10, 2438763
4.10, 2414081
4.11, 2411166
4.11, 2410840
4.11, 2407199
4.13, 2403510
4.15, 2402432
4.16, 2402177
4.19, 2399849
4.20, 2398099
4.20, 2393900
4.22, 2392176
4.25, 2390223
4.26, 2387300
4.28, 2379317
4.30, 2377282
4.30, 2361214
4.33, 2352583
4.34, 2351853
4.36, 2351355
4.40, 2344016
4.40, 2343592
4.41, 2342783
4.41, 2341809
4.43, 2339618
4.43, 2338927
4.43, 2335261
4.43, 2330182
4.46, 2329183
4.47, 2319083
4.51, 2318365
4.52, 2318114
4.53, 2317378
4.53, 2313503
4.56, 2299212
4.58, 2293020
4.59, 2292173
4.59, 2287778
4.61, 2286498
4.62, 2284731
4.64, 2281890
4.65, 2281812
4.69, 2281360
4.72, 2280216
4.73, 2280185
4.73, 2279727
4.73, 2276413
4.74, 2232227
4.76, 2230116
4.76, 2228750
4.78, 2228142
4.80, 2227671
4.80, 2217899
4.80, 2216981
4.80, 2216888
4.82, 2215152
4.86, 2214317
4.88, 2212634
4.93, 2211467
4.94, 2211043
4.94, 2210453
4.94, 2201750
4.95, 2188244
4.95, 2173960
5.02, 2168667
5.03, 2168075
5.07, 2166432
5.10, 2165774
5.11, 2162294
5.12, 2159215
5.14, 2144388
5.17, 2143720
5.19, 2142608
5.19, 2142466
5.21, 2142393
5.22, 2140174
5.24, 2139984
5.27, 2139470
5.31, 2138898
5.33, 2138457
5.33, 2138112
5.33, 2133075
5.38, 2132502
5.43, 2132338
5.45, 2095192
5.45, 2094820
5.45, 2089214
5.46, 2086754
5.47, 2084725
5.50, 2084316
5.50, 2077332
5.54, 2074405
5.55, 2073849
5.57, 2073745
5.58, 2073402
5.59, 2073359
5.60, 2070289
5.61, 2070188
5.62, 2069490
5.69, 2066924
5.71, 2065649
5.73, 2061928
5.75, 2061854
5.76, 2061800
5.76, 2061081
5.77, 2058645
5.80, 2057962
5.82, 2057725
5.85, 2056749
5.88, 2052883
5.92, 2052064
6.01, 2052057
6.04, 2047550
6.05, 2043629
6.06, 2043533
6.13, 2043052
6.18, 2043008
6.26, 2041954
6.42, 2040643
6.43, 2039606
6.44, 2039352
6.45, 2038922
6.50, 2036901
6.51, 2036639
6.55, 2036377
6.56, 2036279
6.62, 2036233
6.64, 2032487
6.64, 2032462
6.66, 2032394
6.73, 2032118
6.74, 2031670
6.77, 2004363
6.79, 2004310
6.81, 2004238
6.83, 2003256
6.83, 2002893
6.95, 2001910
6.95, 1988187
7.00, 1985709
7.00, 1984792
7.02, 1984112
7.03, 1982126
7.03, 1980920
7.06, 1980783
7.15, 1980611
7.19, 1980288
7.19, 1976716
7.20, 1976531
7.37, 1976321
7.38, 1975070
7.42, 1972513
7.48, 1953994
7.48, 1953776
7.49, 1927928
7.53, 1910526
7.61, 1908793
7.63, 1906768
7.66, 1906192
7.67, 1901006
7.70, 1900938
7.71, 1884886
7.82, 1881957
7.85, 1881935
7.86, 1880283
7.93, 1878984
7.95, 1878790
7.99, 1876989
8.03, 1874791
8.05, 1874744
8.15, 1869884
8.20, 1869086
8.21, 1868940
8.22, 1868935
8.22, 1861091
8.23, 1860934
8.23, 1860653
8.28, 1852943
8.28, 1851061
8.28, 1850982
8.30, 1834258
8.32, 1834051
8.35, 1832541
8.40, 1831897
8.54, 1831427
