0.11, 7278288
0.11, 7270922
0.11, 7228559
0.11, 7111881
0.11, 7095156
0.11, 7057273
0.12, 7055657
0.12, 7000638
0.12, 6999078
0.12, 6957961
0.12, 6947150
0.12, 6867276
0.12, 6759284
0.12, 6741876
0.12, 6720515
0.12, 6695132
0.12, 6693614
0.12, 6676004
0.12, 6612724
0.12, 6612341
0.12, 6603697
0.12, 6603498
0.12, 6600395
0.12, 6572151
0.12, 6547010
0.13, 6537173
0.13, 6495277
0.13, 6479570
0.13, 6390661
0.13, 6387890
0.13, 6353889
0.13, 6349099
0.14, 6332407
0.14, 6329861
0.14, 6324162
0.14, 6314022
0.14, 6306022
0.14, 6305954
0.14, 6261174
0.14, 6250973
0.14, 6249407
0.14, 6234224
0.14, 6233002
0.14, 6222794
0.14, 6199375
0.15, 6151949
0.15, 6128294
0.15, 6117110
0.15, 6103508
0.15, 6094870
0.15, 6088924
0.16, 6088222
0.16, 6053357
0.16, 6048294
0.16, 5985620
0.16, 5980413
0.16, 5959095
0.16, 5936675
0.17, 5934672
0.17, 5901803
0.17, 5885324
0.17, 5882812
0.17, 5877177
0.17, 5871586
0.17, 5864321
0.17, 5861111
0.17, 5860280
0.17, 5814684
0.17, 5808684
0.17, 5807354
0.17, 5769196
0.17, 5754164
0.17, 5744339
0.18, 5736928
0.18, 5719193
0.18, 5711961
0.18, 5711925
0.18, 5666487
0.18, 5652179
0.19, 5650324
0.19, 5647936
0.19, 5646305
0.19, 5645025
0.19, 5641705
0.19, 5635910
0.19, 5632454
0.19, 5612195
0.20, 5610821
0.20, 5603281
0.20, 5598662
0.20, 5593418
0.20, 5589938
0.20, 5589546
0.20, 5587777
0.20, 5579040
0.20, 5572513
0.20, 5527480
0.20, 5475591
0.20, 5470312
0.20, 5470236
0.21, 5469718
0.21, 5402162
0.21, 5394551
0.21, 5393653
0.22, 5381071
0.22, 5378785
0.22, 5372430
0.22, 5347503
0.22, 5335675
0.22, 5326674
0.22, 5305004
0.22, 5287017
0.22, 5271796
0.22, 5261825
0.23, 5241943
0.23, 5236876
0.23, 5236511
0.23, 5184694
0.23, 5180577
0.24, 5096920
0.24, 5095235
0.25, 5034937
0.25, 5025206
0.25, 5020407
0.25, 5017308
0.25, 5013344
0.26, 5010542
0.26, 5010090
0.26, 4975317
0.26, 4904695
0.26, 4903342
0.26, 4891539
0.27, 4890440
0.27, 4875746
0.27, 4875391
0.27, 4857654
0.27, 4838415
0.27, 4802924
0.27, 4799623
0.27, 4796890
0.28, 4794749
0.28, 4792660
0.28, 4787015
0.29, 4771439
0.29, 4771071
0.30, 4770653
0.30, 4762106
0.30, 4760271
0.31, 4757829
0.32, 4718098
0.32, 4715350
0.32, 4648199
0.32, 4645715
0.32, 4645659
0.32, 4643774
0.33, 4631412
0.33, 4623880
0.33, 4622009
0.34, 4615519
0.35, 4607582
0.35, 4600070
0.35, 4579293
0.35, 4573580
0.36, 4573381
0.37, 4550632
0.37, 4533761
0.38, 4531465
0.38, 4513514
0.39, 4510445
0.39, 4508987
0.39, 4497235
0.40, 4487350
0.40, 4479281
0.40, 4470237
0.40, 4465431
0.40, 4455196
0.40, 4444372
0.41, 4416897
0.41, 4410465
0.41, 4362302
0.42, 4351602
0.42, 4339114
0.43, 4331441
0.43, 4299570
0.43, 4299434
0.43, 4296483
0.44, 4294559
0.44, 4256116
0.44, 4255916
0.45, 4236310
0.45, 4235264
0.45, 4235148
0.45, 4232182
0.45, 4228941
0.45, 4196536
0.45, 4191079
0.46, 4188163
0.46, 4184438
0.46, 4181684
0.46, 4178642
0.47, 4178594
0.47, 4174933
0.47, 4174665
0.47, 4169071
0.47, 4111075
0.48, 4109710
0.48, 4106453
0.48, 4100524
0.48, 4099000
0.49, 4094705
0.49, 4093166
0.49, 4082468
0.50, 4076926
0.50, 4076192
0.50, 4075340
0.50, 4073873
0.51, 4036033
0.51, 4035988
0.52, 4015347
0.53, 4014582
0.53, 3993882
0.53, 3990045
0.53, 3989638
0.54, 3988116
0.54, 3986610
0.54, 3985681
0.54, 3984225
0.54, 3983853
0.54, 3983462
0.55, 3977059
0.55, 3977005
0.55, 3976157
0.55, 3968363
0.55, 3963636
0.55, 3959798
0.55, 3941436
0.56, 3941167
0.56, 3940652
0.56, 3939615
0.56, 3936849
0.56, 3935767
0.56, 3934249
0.56, 3932645
0.56, 3928263
0.58, 3849418
0.59, 3844948
0.59, 3836857
0.60, 3835072
0.61, 3834317
0.61, 3834099
0.62, 3832718
0.64, 3828525
0.64, 3818364
0.65, 3818026
0.65, 3814352
0.67, 3783202
0.68, 3782791
0.68, 3751394
0.68, 3734104
0.69, 3716798
0.69, 3711940
0.69, 3697801
0.69, 3693975
0.70, 3644918
0.71, 3641698
0.72, 3640655
0.72, 3639057
0.72, 3638984
0.72, 3634739
0.73, 3616532
0.73, 3615649
0.73, 3614176
0.73, 3607591
0.73, 3603780
0.73, 3601578
0.73, 3585829
0.75, 3584864
0.76, 3580336
0.76, 3580049
0.76, 3572171
0.76, 3571644
0.76, 3569890
0.78, 3565570
0.80, 3563303
0.83, 3560755
0.93, 3559044
0.97, 3557413
0.99, 3543116
1.01, 3542564
1.01, 3525979
1.02, 3514952
1.02, 3513544
1.04, 3503581
1.05, 3503126
1.06, 3502251
1.06, 3500025
1.06, 3498647
1.07, 3497004
1.07, 3496383
1.08, 3483110
1.08, 3480210
1.08, 3439770
1.08, 3428959
1.08, 3428198
1.08, 3414156
1.08, 3397401
1.11, 3394608
1.11, 3393387
1.11, 3390247
1.11, 3389338
1.11, 3387030
1.11, 3384938
1.12, 3382494
1.12, 3380420
1.13, 3372821
1.13, 3363475
1.14, 3362095
1.14, 3361803
1.15, 3361033
1.16, 3344587
1.16, 3343239
1.16, 3329977
1.17, 3327396
1.19, 3302399
1.19, 3285863
1.19, 3285397
1.20, 3271393
1.20, 3270227
1.20, 3265642
1.20, 3265028
1.21, 3263711
1.24, 3262885
1.24, 3259872
1.24, 3256174
1.24, 3249563
1.25, 3246052
1.27, 3243460
1.27, 3243336
1.29, 3215383
1.30, 3211297
1.31, 3209578
1.31, 3195563
1.32, 3191394
1.32, 3190535
1.33, 3188794
1.34, 3188396
1.35, 3187432
1.35, 3184993
1.36, 3184422
1.36, 3178986
1.37, 3176920
1.38, 3164081
1.39, 3163857
1.40, 3155056
1.42, 3155031
1.42, 3147423
1.42, 3145588
1.42, 3145180
1.43, 3141833
1.43, 3141584
1.46, 3139637
1.46, 3138700
1.47, 3136313
1.47, 3132526
1.48, 3115630
1.49, 3114274
1.49, 3112266
1.49, 3111255
1.49, 3107607
1.50, 3099017
1.50, 3088179
1.51, 3077884
1.51, 3074074
1.51, 3073343
1.51, 3070767
1.52, 3070363
1.53, 3070191
1.54, 3068507
1.54, 3064534
1.54, 3061535
1.54, 3060453
1.55, 3059799
1.56, 3059242
1.56, 3059136
1.56, 3057822
1.56, 3056600
1.58, 3055318
1.59, 3055003
1.60, 3054800
1.61, 3052650
1.61, 3050766
1.61, 3050533
1.62, 3050021
1.62, 3018711
1.62, 3013303
1.64, 3005772
1.64, 2996977
1.65, 2996662
1.66, 2995222
1.66, 2995111
1.67, 2954656
1.67, 2953959
1.67, 2952081
1.69, 2950182
1.69, 2937010
1.71, 2930430
1.71, 2930115
1.72, 2929118
1.73, 2927979
1.75, 2926763
1.75, 2925849
1.76, 2922223
1.77, 2921685
1.77, 2921173
1.77, 2919716
1.77, 2916936
1.78, 2915539
1.78, 2912304
1.79, 2912153
1.81, 2911855
1.81, 2911472
1.83, 2908114
1.83, 2907525
1.83, 2905556
1.83, 2893879
1.84, 2890235
1.85, 2889593
1.87, 2883983
1.87, 2882217
1.88, 2877219
1.89, 2874028
1.93, 2873659
1.94, 2869702
1.94, 2868472
1.96, 2866602
1.97, 2864978
2.01, 2863947
2.02, 2863748
2.04, 2863411
2.05, 2862950
2.06, 2853097
2.09, 2848783
2.09, 2848669
2.10, 2785521
2.13, 2783803
2.13, 2782668
2.13, 2777242
2.16, 2776135
2.17, 2761899
2.18, 2760982
2.18, 2758025
2.19, 2731641
2.20, 2731477
2.20, 2731431
2.20, 2726707
2.21, 2721104
2.23, 2720989
2.24, 2713857
2.26, 2710464
2.28, 2708032
2.29, 2706775
2.29, 2706608
2.32, 2706458
2.33, 2706366
2.35, 2706038
2.35, 2697251
2.39, 2691928
2.42, 2686414
2.44, 2685126
2.44, 2683802
2.45, 2681782
2.50, 2671673
2.50, 2671226
2.52, 2668257
2.53, 2667712
2.55, 2665969
2.56, 2657171
2.58, 2657015
2.59, 2625330
2.61, 2619738
2.61, 2614698
2.65, 2602274
2.66, 2601317
2.66, 2597651
2.67, 2597336
2.68, 2596802
2.71, 2595836
2.73, 2595692
2.75, 2592404
2.76, 2591150
2.76, 2590469
2.77, 2587472
2.78, 2586900
2.78, 2585106
2.79, 2584556
2.79, 2582667
2.82, 2582139
2.82, 2582000
2.83, 2577161
2.84, 2572067
2.85, 2572000
2.85, 2571907
2.89, 2570594
2.92, 2567434
2.94, 2566180
2.94, 2565893
2.94, 2565733
2.98, 2565700
3.02, 2565581
3.03, 2561167
3.03, 2558612
3.06, 2551370
3.07, 2546451
3.07, 2545925
3.08, 2541567
3.08, 2541378
3.09, 2535399
3.11, 2533430
3.11, 2533031
3.12, 2530033
3.12, 2529404
3.14, 2523548
3.15, 2521961
3.16, 2521537
3.17, 2515651
3.19, 2513535
3.22, 2510888
3.23, 2509554
3.24, 2503636
3.25, 2493298
3.27, 2492626
3.31, 2459669
3.32, 2437152
3.32, 2435373
3.37, 2425928
3.37, 2425206
3.39, 2352408
3.39, 2352118
3.43, 2350558
3.44, 2349913
3.44, 2346861
3.45, 2344058
3.45, 2341488
3.46, 2313375
3.50, 2300448
3.54, 2300170
3.55, 2299806
3.57, 2295090
3.59, 2294877
3.59, 2290751
3.69, 2290122
3.71, 2288627
3.80, 2286244
3.81, 2286071
3.85, 2286006
3.85, 2285445
3.87, 2285240
3.88, 2283471
3.90, 2282459
3.96, 2281771
3.97, 2278753
3.99, 2277447
4.01, 2276658
4.02, 2276324
4.07, 2274715
4.07, 2273304
4.08, 2271546
4.10, 2266484
4.12, 2265171
4.12, 2264506
4.16, 2263736
4.19, 2262814
4.26, 2261737
4.27, 2261551
4.28, 2260602
4.30, 2257334
4.31, 2256725
4.32, 2256638
4.32, 2256144
4.34, 2255187
4.36, 2251582
4.39, 2251100
4.39, 2249321
4.43, 2248931
4.46, 2222714
4.46, 2221903
4.49, 2221647
4.52, 2219159
4.57, 2217161
4.58, 2216695
4.61, 2214456
4.62, 2208297
4.65, 2208000
4.65, 2205515
4.73, 2205494
4.79, 2205278
4.80, 2193817
4.89, 2191372
4.97, 2191080
5.03, 2168800
5.06, 2168478
5.11, 2168405
5.16, 2168119
5.17, 2167056
5.24, 2165661
5.25, 2164889
5.27, 2163998
5.31, 2163908
5.39, 2163461
5.42, 2157382
5.43, 2155634
5.44, 2155334
5.46, 2153453
5.49, 2152936
5.50, 2147954
5.59, 2146633
5.60, 2143515
5.68, 2143510
5.74, 2141875
5.83, 2141361
5.84, 2140212
5.85, 2137705
5.86, 2137592
5.86, 2137497
5.89, 2137323
5.96, 2136565
6.01, 2136017
6.01, 2135791
6.04, 2135455
6.07, 2129876
6.08, 2125974
6.08, 2124600
6.10, 2122308
6.20, 2121642
6.21, 2103424
6.28, 2091391
6.28, 2090931
6.36, 2084335
6.37, 2082637
6.45, 2081850
6.45, 2079542
6.49, 2079495
6.52, 2078804
6.57, 2069231
6.62, 2069181
6.66, 2069061
6.68, 2064598
6.75, 2059978
6.76, 2059540
6.76, 2059527
6.76, 2058457
6.89, 2058355
6.91, 2058166
6.92, 2057402
6.92, 2055481
6.93, 2055477
6.97, 2055113
7.05, 2054980
7.10, 2054812
7.14, 2053506
7.17, 2053060
7.24, 2052797
7.30, 2051813
7.37, 2048801
7.54, 2048272
7.55, 2046272
7.59, 2045343
7.60, 2045295
7.66, 2044789
7.73, 2043551
7.82, 2043530
7.82, 2042283
7.86, 2041862
7.93, 2041363
7.94, 2041161
7.99, 2038183
8.16, 2037869
8.17, 2036955
8.24, 2036818
8.29, 2036794
8.29, 2035574
8.31, 2034213
8.35, 2033454
8.41, 2029902
8.42, 2029511
8.48, 2029496
8.57, 2025506
8.63, 2025365
8.67, 2025333
8.76, 2025064
8.78, 2025028
8.87, 2023479
8.94, 2023363
8.97, 2023233
8.98, 2023178
9.00, 2021565
9.05, 2017171
9.12, 2016689
9.14, 2016367
9.34, 2016218
9.39, 2014578
9.41, 2014441
9.43, 2014189
9.46, 2013573
9.51, 2013141
9.52, 2013135
9.59, 2012314
9.60, 2012016
9.62, 2011459
9.80, 2011450
9.94, 2010765
10.03, 2010501
10.04, 2009963
10.08, 2007673
10.12, 2007663
10.24, 2001432
10.29, 2000212
10.31, 2000042
10.38, 1999523
10.38, 1999025
10.45, 1997017
10.49, 1996513
17.43, 1996212
17.47, 1996163
17.52, 1994417
17.56, 1991856
17.56, 1991808
17.56, 1988437
17.57, 1988085
17.60, 1986949
17.64, 1986750
17.68, 1986728
17.68, 1982154
17.69, 1972861
17.71, 1972776
17.74, 1970865
17.79, 1970532
17.89, 1964630
17.89, 1962754
17.93, 1962228
18.01, 1956995
18.13, 1954834
18.14, 1954179
18.19, 1953829
18.20, 1952963
18.21, 1952953
18.21, 1949241
18.24, 1935370
18.24, 1909689
18.28, 1908819
18.29, 1906124
18.29, 1904642
18.30, 1904054
18.31, 1902694
18.38, 1902528
18.40, 1901272
18.43, 1898866
18.45, 1898400
18.58, 1898053
18.61, 1894210
18.63, 1890682
18.63, 1889915
18.73, 1883696
18.79, 1881485
18.84, 1878466
18.89, 1877913
18.93, 1877737
18.95, 1874560
18.97, 1874048
18.99, 1872772
19.00, 1870456
19.04, 1868431
19.09, 1864709
19.17, 1861667
19.18, 1861377
19.27, 1861338
19.35, 1861141
19.38, 1860715
19.42, 1858019
19.51, 1857437
19.64, 1857356
19.72, 1856364
19.82, 1855583
19.83, 1853916
19.83, 1852819
19.86, 1851780
19.88, 1850678
20.07, 1848609
20.09, 1847452
20.15, 1847185
20.30, 1846722
20.33, 1845640
20.33, 1845089
20.40, 1845069
20.41, 1835024
20.46, 1833434
20.49, 1832768
20.56, 1830116
20.59, 1829692
20.60, 1829286
20.82, 1829038
20.88, 1828854
20.99, 1827828
21.02, 1827570
21.02, 1826526
21.03, 1823682
21.04, 1823252
21.08, 1819797
21.11, 1818392
21.11, 1817921
21.16, 1817530
21.23, 1817326
21.28, 1816881
21.31, 1816822
21.32, 1813830
21.38, 1813099
21.43, 1811599
21.48, 1811552
21.52, 1811405
21.53, 1810588
21.54, 1807492
21.59, 1805597
21.61, 1804640
21.82, 1804443
21.94, 1802782
21.95, 1802038
21.96, 1801857
41.95, 1799920
41.95, 1795517
41.98, 1795062
41.98, 1791340
42.01, 1790919
94.93, 1774537
95.04, 1774001
95.10, 1773953
95.11, 1773877
95.15, 1773221
95.15, 1772933
95.19, 1772390
95.27, 1771809
95.30, 1771550
95.48, 1770520
95.51, 1770491
95.52, 1765267
95.61, 1763635
95.62, 1762903
95.68, 1762806
95.74, 1762458
95.74, 1762266
95.78, 1760026
95.93, 1759876
167.17, 1759322
167.17, 1759164
167.31, 1757879
167.34, 1753260
167.35, 1752680
167.42, 1751343
167.58, 1751212
167.58, 1750375
167.66, 1743577
167.77, 1743421
167.84, 1742449
167.87, 1742123
167.88, 1741123
167.89, 1740979
167.90, 1740294
167.90, 1738398
167.91, 1737784
167.96, 1737586
168.02, 1736440
168.04, 1732760
168.07, 1732736
168.10, 1732680
168.21, 1732548
168.32, 1731968
168.36, 1731716
168.43, 1731397
168.44, 1730423
168.47, 1728870
168.57, 1728866
168.59, 1727325
168.59, 1727277
168.59, 1726321
168.72, 1726254
168.75, 1726214
168.75, 1726010
168.83, 1724244
168.84, 1723596
168.85, 1723325
168.87, 1723018
168.89, 1722950
168.96, 1722942
168.99, 1722930
169.00, 1718906
318.20, 1718547
318.22, 1717497
318.29, 1710158
318.29, 1709866
318.34, 1709177
318.39, 1703396
318.42, 1702650
318.48, 1701448
318.52, 1691967
318.52, 1691884
318.56, 1691690
318.56, 1691368
318.70, 1691305
318.73, 1690316
318.75, 1689074
318.75, 1686501
318.78, 1686497
318.79, 1684661
318.82, 1683515
318.94, 1682486
319.00, 1681876
319.03, 1681511
319.10, 1681314
319.10, 1674103
319.10, 1673901
319.12, 1673881
319.19, 1673754
319.29, 1670726
319.33, 1670626
319.38, 1667544
319.46, 1667542
319.46, 1662979
319.47, 1662974
319.51, 1661610
319.52, 1660238
319.56, 1657560
319.59, 1656953
319.62, 1655287
319.67, 1653844
319.73, 1653547
319.75, 1650901
319.79, 1647063
319.80, 1647028
319.90, 1646301
319.93, 1646193
319.99, 1646099
320.00, 1643936
320.04, 1643803
320.04, 1643368
320.08, 1642566
320.18, 1642445
320.19, 1642234
320.29, 1639967
320.40, 1638481
320.46, 1638302
320.51, 1633076
320.63, 1626003
320.69, 1625696
320.73, 1625449
320.73, 1623127
320.79, 1621694
560.67, 1596648
560.71, 1595739
560.76, 1595357
560.84, 1590172
560.91, 1590098
560.92, 1589807
560.93, 1587962
560.98, 1586043
560.98, 1585721
560.99, 1585197
561.01, 1585021
561.04, 1584426
561.10, 1583411
561.16, 1583246
561.17, 1581940
