0.18, 7230157
0.18, 7191300
0.18, 7187683
0.18, 7160862
0.18, 7156545
0.18, 7151702
0.19, 7151286
0.19, 7147212
0.19, 7062995
0.19, 7041692
0.19, 7037287
0.19, 7035926
0.19, 7017864
0.19, 7014575
0.19, 6975229
0.20, 6974133
0.20, 6971236
0.21, 6965426
0.22, 6963064
0.22, 6952959
0.24, 6952801
0.24, 6933623
0.24, 6915050
0.24, 6906243
0.24, 6904255
0.24, 6897217
0.24, 6871040
0.25, 6858675
0.25, 6854444
0.25, 6842675
0.25, 6835073
0.25, 6710381
0.25, 6706661
0.25, 6701450
0.25, 6689271
0.25, 6689200
0.25, 6685403
0.25, 6676775
0.25, 6668327
0.25, 6532457
0.25, 6530700
0.26, 6525202
0.26, 6524746
0.26, 6518421
0.27, 6514344
0.29, 6501748
0.32, 6485241
0.35, 6471655
0.40, 6470018
0.45, 6465811
0.49, 6465444
0.55, 6450111
0.59, 6445080
0.64, 6432231
0.67, 6431490
0.71, 6431367
0.76, 6426937
0.80, 6402339
0.84, 6398654
0.87, 6397372
0.92, 6395043
0.95, 6379662
0.98, 6370776
1.00, 6364228
1.03, 6359518
1.05, 6350968
1.09, 6339778
1.12, 6315191
1.17, 6308645
1.23, 6301771
1.32, 6295108
1.38, 6292169
1.43, 6288318
1.46, 6284776
1.51, 6283746
1.54, 6283572
1.56, 6275230
1.59, 6267589
1.62, 6265435
1.65, 6237424
1.68, 6227524
1.71, 6225665
1.75, 6223728
1.78, 6193564
1.83, 6192773
1.87, 6192000
1.91, 6176036
1.95, 6166481
1.98, 6164683
2.01, 6139949
2.03, 6139760
2.06, 6125771
2.08, 6109624
2.11, 6109614
2.13, 6101196
2.16, 6092771
2.19, 6088377
2.25, 6057626
2.29, 6055919
2.33, 6051577
2.38, 6045312
2.47, 6040480
2.56, 6038883
2.60, 6034807
2.63, 6033525
2.67, 6030829
2.69, 6029146
2.72, 6026161
2.75, 6018838
2.77, 5993350
2.80, 5986872
2.82, 5984240
2.85, 5974003
2.87, 5881913
2.90, 5874049
2.92, 5872108
2.95, 5865128
2.97, 5856383
3.00, 5852989
3.02, 5847561
3.05, 5832529
3.07, 5827087
3.10, 5802326
3.17, 5800220
3.20, 5769742
3.23, 5769306
3.26, 5761019
3.28, 5647321
3.31, 5642249
3.33, 5641031
3.36, 5639876
3.38, 5638166
3.41, 5636985
3.44, 5634728
3.46, 5548931
3.49, 5547806
3.51, 5511358
3.54, 5510988
3.57, 5509144
3.59, 5507661
3.62, 5505864
3.65, 5505509
3.67, 5495200
3.70, 5494020
3.74, 5487329
3.76, 5473654
3.79, 5466460
3.81, 5447467
3.84, 5446181
3.89, 5445208
3.91, 5435787
3.93, 5413986
3.96, 5399060
3.99, 5382140
4.03, 5379079
4.08, 5326486
4.12, 5325654
4.17, 5324350
4.21, 5321361
4.24, 5313316
4.27, 5298467
4.29, 5288134
4.32, 5285060
4.37, 5284220
4.44, 5277238
4.49, 5265559
4.54, 5256099
4.59, 5246529
4.64, 5246011
4.69, 5242251
4.74, 5242124
4.79, 5226320
4.84, 5206781
4.89, 5189580
4.95, 5186934
5.08, 5185671
5.17, 5160232
5.26, 5155678
5.33, 5140779
5.41, 5130002
5.49, 5107626
5.49, 5106961
5.57, 5103390
5.57, 5099270
5.65, 5094119
5.72, 5093740
5.83, 5074290
5.95, 5049157
6.03, 5047647
6.12, 5047225
6.21, 5038261
6.33, 5017883
6.46, 5017471
6.61, 5014099
6.76, 5013296
6.92, 5001567
7.07, 4995309
7.26, 4993864
7.45, 4991685
7.67, 4986019
7.80, 4974173
7.96, 4972455
8.06, 4966866
8.16, 4960470
8.31, 4953133
8.45, 4952000
8.55, 4948092
8.66, 4939763
8.79, 4938635
8.91, 4926499
9.02, 4924770
9.12, 4919310
9.23, 4919103
9.37, 4908648
9.51, 4907426
9.67, 4906934
9.84, 4901432
10.00, 4899134
10.10, 4892658
10.10, 4891454
10.10, 4891423
10.23, 4890739
10.29, 4888528
10.37, 4827592
10.49, 4818763
10.59, 4805424
10.67, 4801961
10.73, 4800140
10.79, 4793550
10.84, 4785745
10.92, 4782024
10.99, 4752092
11.07, 4741512
11.17, 4733932
11.28, 4720492
11.46, 4720298
11.56, 4701228
11.66, 4694368
11.76, 4693274
11.83, 4677235
11.90, 4653674
11.99, 4653037
12.06, 4652951
12.19, 4652650
12.32, 4648992
12.60, 4630883
12.72, 4605272
12.82, 4594452
12.96, 4574487
13.06, 4563749
13.16, 4546290
13.27, 4545145
13.34, 4542244
13.42, 4541910
13.51, 4541372
13.58, 4535449
13.67, 4534593
13.75, 4525636
13.84, 4514315
13.96, 4512426
14.04, 4508525
14.11, 4506390
14.23, 4497883
14.35, 4495765
14.43, 4491967
14.56, 4487539
14.65, 4486763
14.80, 4485496
14.95, 4480080
15.13, 4478940
15.31, 4471862
15.41, 4471570
15.48, 4449456
15.64, 4446940
15.86, 4446867
15.94, 4446624
16.02, 4442294
16.09, 4441339
16.15, 4441103
16.27, 4440055
16.45, 4438740
16.61, 4437106
16.87, 4436524
17.10, 4435056
17.31, 4430731
17.43, 4429519
17.66, 4416277
17.89, 4412641
18.06, 4411913
18.16, 4410863
18.37, 4407370
18.48, 4407004
18.68, 4402934
18.82, 4402741
18.97, 4398396
19.12, 4394100
19.25, 4394016
19.48, 4392561
19.73, 4390698
19.88, 4311255
20.03, 4306828
20.18, 4300463
20.36, 4300316
20.50, 4299995
20.71, 4298121
20.87, 4288608
21.01, 4287664
21.21, 4286028
21.44, 4278795
21.68, 4277664
21.91, 4274862
22.09, 4268908
22.32, 4257080
22.58, 4255751
22.86, 4252907
23.17, 4243354
23.39, 4225786
23.57, 4221977
23.74, 4205507
23.91, 4203619
24.18, 4201645
24.32, 4201059
24.50, 4199114
24.57, 4193721
24.76, 4193651
24.91, 4191786
25.07, 4191542
25.21, 4191474
25.35, 4190283
25.51, 4185457
25.66, 4184698
25.83, 4184022
25.99, 4183451
26.13, 4182739
26.28, 4178682
26.52, 4178460
26.68, 4177922
26.83, 4175124
26.98, 4169670
27.14, 4167889
27.35, 4167689
27.54, 4166246
27.71, 4166233
27.85, 4164611
28.01, 4164541
28.22, 4164180
28.36, 4163573
28.57, 4162670
28.80, 4151928
29.01, 4150716
29.28, 4148969
29.47, 4148559
29.64, 4147200
29.92, 4146945
30.20, 4145912
30.47, 4129848
30.64, 4128031
30.81, 4097069
30.98, 4078370
31.14, 4074704
31.31, 4057728
31.48, 4054797
31.65, 4053025
31.85, 4048909
32.02, 4042218
32.20, 4041512
32.61, 4040839
32.78, 4034235
33.00, 4032879
33.42, 4026793
33.77, 4025470
34.16, 4021692
34.39, 4017532
34.71, 4015675
35.00, 4012967
35.22, 4012861
35.47, 4009654
35.73, 4007090
35.90, 4005150
36.14, 4004700
36.39, 4004258
36.64, 4001718
36.99, 3998331
37.25, 3998176
37.53, 3998021
37.90, 3997243
38.25, 3960992
38.39, 3959324
38.63, 3958726
39.06, 3958477
39.34, 3958420
39.59, 3958343
39.85, 3957673
40.18, 3954149
40.54, 3953420
40.88, 3950339
41.39, 3946772
41.76, 3945601
42.25, 3864009
42.78, 3861477
43.15, 3811922
43.58, 3810621
43.90, 3804816
44.33, 3794323
44.79, 3789594
45.19, 3787659
45.55, 3785131
45.97, 3783302
46.30, 3782357
46.65, 3771808
47.09, 3707270
47.42, 3703049
47.81, 3698391
48.22, 3698203
48.70, 3696182
49.08, 3687887
49.58, 3685844
50.00, 3679388
50.44, 3677299
50.77, 3671583
51.22, 3671087
51.58, 3663474
51.91, 3653202
52.25, 3651526
52.71, 3648908
53.04, 3646083
53.37, 3639517
53.84, 3637127
54.23, 3635761
54.66, 3629923
55.07, 3625766
55.41, 3623477
55.75, 3622685
56.16, 3621971
56.50, 3620934
56.86, 3616933
57.21, 3609928
57.64, 3608885
58.05, 3608205
58.49, 3608145
59.03, 3607850
59.80, 3607698
60.88, 3606723
61.77, 3606631
62.48, 3585319
63.24, 3577415
63.76, 3564452
64.43, 3563414
64.94, 3560935
65.48, 3560691
66.14, 3558941
66.68, 3557861
67.26, 3551418
67.82, 3539810
68.48, 3536422
68.87, 3536325
69.41, 3536187
69.94, 3535722
70.52, 3530346
71.01, 3530046
71.70, 3529357
72.69, 3528520
73.61, 3527409
74.51, 3519610
75.32, 3501900
76.12, 3500232
77.96, 3499672
80.77, 3496696
84.35, 3496354
87.30, 3495781
90.63, 3492961
93.75, 3492085
95.95, 3490713
98.64, 3490271
100.97, 3489316
103.70, 3488633
106.25, 3479962
108.78, 3476696
111.43, 3471591
113.89, 3471238
116.99, 3471067
119.71, 3470076
122.70, 3469652
125.40, 3465647
127.58, 3464563
129.70, 3463249
131.93, 3462574
134.64, 3455315
136.95, 3454208
139.42, 3449738
142.25, 3438390
144.72, 3438148
146.79, 3436860
148.96, 3435557
151.58, 3431682
154.70, 3428792
157.55, 3428246
160.50, 3411400
163.06, 3408147
166.24, 3408041
168.18, 3407950
170.63, 3406984
173.17, 3405732
176.15, 3403209
178.97, 3400682
182.12, 3399318
185.23, 3399016
188.30, 3390249
191.35, 3385644
191.55, 3384739
192.25, 3384630
193.12, 3383053
193.34, 3377256
195.61, 3375927
198.45, 3374678
201.16, 3366952
204.14, 3366174
206.82, 3366129
209.50, 3365529
212.27, 3363839
215.33, 3360947
218.46, 3359753
221.05, 3354176
224.50, 3348492
227.46, 3347329
230.18, 3344181
233.44, 3343355
236.44, 3342824
239.21, 3342381
242.44, 3340454
245.11, 3339533
247.93, 3305240
250.96, 3298491
254.12, 3292428
256.96, 3287914
259.71, 3285968
262.54, 3282484
265.25, 3275803
268.26, 3192368
271.59, 3185143
274.62, 3139088
277.71, 3136601
280.46, 3117589
283.70, 3053528
287.86, 3049442
290.57, 3048399
293.46, 3027329
295.92, 2983005
299.33, 2977850
302.26, 2973998
305.91, 2971410
308.91, 2969953
311.73, 2962582
315.01, 2951181
317.16, 2950111
319.39, 2949677
322.05, 2948292
324.43, 2947847
326.41, 2947789
328.43, 2947662
330.52, 2946930
332.95, 2945180
334.55, 2944975
336.10, 2944147
338.23, 2942297
340.20, 2939314
341.57, 2938924
343.04, 2937432
345.01, 2937233
347.28, 2934021
349.61, 2933632
351.92, 2933406
354.21, 2931441
356.32, 2930816
358.71, 2930507
361.09, 2929899
363.74, 2929724
366.55, 2926318
369.00, 2925781
371.82, 2924769
374.11, 2924079
376.21, 2923344
379.06, 2922916
381.57, 2922402
384.28, 2920569
387.05, 2919841
390.05, 2910329
393.66, 2873723
397.26, 2867401
400.40, 2862908
403.91, 2862768
407.57, 2862126
411.09, 2861706
413.03, 2860880
414.79, 2857328
416.44, 2852341
417.98, 2797449
421.48, 2794886
425.06, 2794798
428.54, 2794659
431.92, 2785228
435.48, 2785211
438.78, 2785089
442.80, 2783732
445.56, 2779752
448.69, 2779216
452.24, 2778599
456.24, 2778346
459.62, 2778240
463.67, 2777373
467.29, 2776731
470.21, 2774561
474.43, 2773217
478.52, 2771218
482.79, 2768456
486.06, 2767671
489.69, 2767492
494.08, 2734958
498.28, 2733729
502.09, 2703755
506.40, 2665543
509.83, 2660902
513.11, 2659266
516.24, 2657530
519.87, 2657323
524.46, 2656468
527.55, 2655579
531.86, 2653253
534.10, 2652558
538.67, 2647361
543.07, 2646602
547.09, 2631129
551.36, 2627591
555.76, 2594124
560.19, 2592558
564.09, 2592394
567.20, 2588615
571.27, 2588316
575.66, 2587542
579.86, 2577559
584.42, 2572942
587.55, 2572017
591.36, 2570520
596.34, 2569421
599.67, 2567590
602.04, 2567199
