0.10, 6997106
0.10, 6994397
0.10, 6991271
0.10, 6981201
0.10, 6953313
0.10, 6907374
0.10, 6902904
0.10, 6872138
0.11, 6870586
0.11, 6869434
0.11, 6852113
0.11, 6846602
0.11, 6796795
0.11, 6794770
0.11, 6788657
0.11, 6783967
0.11, 6782636
0.11, 6780513
0.11, 6764573
0.11, 6754180
0.12, 6739999
0.12, 6735843
0.12, 6712026
0.12, 6700165
0.12, 6698195
0.12, 6676311
0.12, 6667973
0.12, 6666830
0.12, 6596537
0.12, 6577057
0.12, 6549469
0.12, 6542579
0.12, 6520568
0.12, 6503630
0.12, 6501717
0.12, 6500163
0.12, 6486337
0.13, 6474186
0.13, 6456541
0.13, 6359133
0.13, 6355390
0.13, 6344023
0.13, 6338089
0.13, 6328576
0.13, 6318967
0.13, 6312092
0.13, 6310854
0.13, 6301829
0.13, 6271003
0.13, 6258967
0.14, 6243256
0.14, 6195416
0.14, 6180434
0.14, 6144927
0.14, 6142483
0.14, 6135595
0.15, 6093564
0.15, 6084391
0.15, 6039640
0.15, 6006321
0.15, 6002584
0.15, 5978270
0.15, 5975328
0.15, 5972134
0.16, 5969630
0.16, 5951449
0.16, 5951439
0.16, 5940283
0.16, 5931356
0.16, 5930139
0.16, 5924038
0.16, 5922358
0.16, 5906368
0.16, 5829800
0.16, 5829593
0.17, 5782635
0.17, 5772798
0.17, 5772138
0.17, 5743168
0.17, 5739443
0.17, 5723680
0.17, 5711223
0.18, 5697570
0.18, 5697531
0.18, 5690062
0.18, 5689055
0.18, 5688342
0.18, 5615625
0.18, 5613442
0.19, 5612674
0.19, 5607757
0.19, 5607272
0.19, 5592490
0.19, 5589809
0.19, 5589691
0.19, 5569233
0.19, 5545226
0.19, 5543306
0.19, 5514459
0.20, 5513432
0.20, 5511779
0.20, 5504001
0.20, 5503028
0.20, 5501990
0.20, 5497898
0.20, 5495408
0.21, 5462786
0.21, 5450107
0.21, 5441820
0.21, 5426391
0.21, 5413803
0.22, 5395982
0.22, 5317992
0.22, 5312295
0.22, 5311897
0.22, 5306726
0.22, 5290673
0.22, 5263236
0.22, 5255076
0.22, 5254164
0.22, 5250488
0.23, 5236976
0.23, 5221146
0.23, 5145653
0.23, 5140132
0.23, 5124761
0.23, 5108384
0.23, 5094999
0.23, 5094819
0.23, 5091656
0.24, 5088939
0.24, 5048461
0.24, 5045682
0.24, 4997769
0.24, 4994462
0.24, 4990344
0.24, 4988365
0.25, 4977165
0.25, 4976699
0.25, 4975589
0.25, 4975175
0.25, 4968918
0.25, 4960379
0.25, 4951818
0.25, 4949361
0.25, 4948189
0.26, 4943782
0.26, 4939199
0.26, 4932877
0.26, 4929070
0.26, 4921116
0.26, 4912357
0.26, 4912183
0.26, 4907978
0.27, 4904755
0.27, 4887537
0.27, 4878691
0.27, 4872760
0.27, 4850274
0.28, 4846974
0.28, 4840091
0.28, 4832175
0.28, 4819100
0.28, 4807847
0.28, 4798451
0.28, 4746932
0.28, 4739397
0.29, 4707470
0.29, 4648264
0.29, 4616824
0.30, 4614396
0.30, 4614371
0.30, 4590459
0.30, 4475725
0.30, 4473165
0.30, 4451998
0.30, 4444857
0.31, 4434468
0.31, 4433769
0.31, 4431788
0.32, 4430822
0.32, 4412571
0.32, 4395612
0.32, 4387596
0.32, 4386582
0.33, 4385817
0.33, 4384586
0.33, 4379773
0.33, 4294230
0.33, 4293673
0.33, 4254460
0.34, 4250151
0.34, 4249757
0.34, 4249703
0.34, 4249445
0.34, 4247941
0.35, 4246747
0.35, 4246489
0.35, 4245741
0.35, 4243359
0.35, 4241516
0.36, 4239162
0.36, 4231192
0.37, 4223980
0.37, 4220998
0.37, 4176805
0.37, 4173330
0.38, 4167378
0.38, 4155093
0.38, 4149945
0.38, 4111926
0.38, 4109826
0.39, 4107467
0.39, 4091025
0.41, 4085749
0.41, 4080223
0.41, 4063651
0.41, 4061524
0.41, 4060095
0.41, 4053521
0.42, 4048294
0.44, 4045756
0.44, 4044714
0.45, 4033783
0.45, 4021837
0.45, 4020064
0.45, 4011598
0.45, 3994543
0.45, 3994234
0.46, 3987096
0.46, 3985343
0.47, 3976719
0.47, 3957086
0.47, 3954972
0.48, 3949508
0.48, 3928767
0.49, 3920335
0.49, 3919643
0.49, 3915968
0.49, 3909757
0.49, 3889385
0.49, 3889045
0.50, 3887246
0.50, 3885198
0.50, 3883573
0.50, 3880671
0.51, 3880557
0.51, 3871497
0.51, 3870289
0.51, 3860742
0.52, 3819309
0.52, 3818652
0.52, 3817770
0.53, 3817281
0.53, 3807997
0.53, 3784108
0.53, 3776865
0.53, 3775083
0.54, 3769980
0.54, 3766534
0.54, 3766239
0.54, 3718368
0.55, 3716023
0.55, 3714954
0.55, 3712591
0.55, 3704841
0.57, 3661298
0.57, 3659402
0.57, 3659139
0.58, 3659102
0.59, 3649089
0.59, 3646872
0.61, 3642468
0.62, 3638531
0.62, 3638396
0.63, 3630431
0.63, 3629731
0.63, 3627977
0.65, 3622078
0.65, 3615920
0.66, 3603464
0.66, 3603450
0.66, 3585908
0.66, 3584584
0.67, 3573157
0.67, 3557684
0.67, 3556349
0.67, 3552027
0.67, 3549631
0.67, 3540135
0.69, 3538495
0.69, 3538067
0.69, 3537124
0.69, 3532659
0.70, 3525254
0.71, 3524361
0.73, 3522859
0.73, 3517293
0.75, 3515940
0.76, 3515829
0.77, 3513151
0.78, 3509844
0.78, 3504952
0.78, 3500727
0.80, 3498685
0.80, 3498367
0.81, 3494534
0.81, 3480743
0.83, 3480108
0.83, 3465239
0.85, 3462075
0.87, 3459456
0.88, 3459302
0.89, 3458202
0.89, 3458161
0.90, 3451682
0.92, 3446667
0.92, 3418232
0.93, 3309256
0.95, 3308674
0.95, 3305891
0.96, 3303209
0.98, 3295498
0.98, 3287522
0.99, 3270769
1.01, 3260471
1.02, 3260127
1.02, 3259119
1.03, 3259018
1.04, 3258569
1.05, 3257424
1.05, 3256446
1.06, 3253305
1.08, 3249579
1.08, 3236419
1.09, 3236217
1.10, 3214240
1.13, 3212306
1.13, 3203134
1.13, 3197505
1.14, 3197348
1.15, 3182246
1.15, 3180491
1.17, 3179823
1.18, 3174252
1.20, 3171682
1.21, 3168248
1.21, 3168048
1.22, 3165323
1.26, 3164767
1.26, 3150602
1.27, 3149299
1.27, 3141394
1.27, 3139550
1.28, 3126426
1.29, 3124706
1.29, 3120665
1.29, 3118488
1.29, 3117927
1.30, 3117713
1.30, 3114164
1.35, 3112213
1.36, 3110265
1.36, 3108705
1.37, 3107577
1.38, 3102876
1.39, 3101726
1.39, 3101453
1.41, 3101120
1.42, 3100493
1.42, 3091722
1.42, 3090917
1.42, 3090293
1.43, 3089501
1.43, 3088789
1.44, 3080336
1.44, 3079395
1.45, 3077130
1.46, 3069102
1.48, 3064638
1.48, 3064193
1.49, 3059771
1.50, 3057748
1.50, 3054109
1.51, 3053550
1.51, 3046780
1.52, 3046227
1.52, 3041234
1.52, 3035880
1.53, 3028616
1.53, 2992414
1.54, 2984763
1.55, 2980953
1.55, 2980632
1.56, 2980272
1.56, 2974370
1.62, 2973782
1.63, 2961585
1.66, 2960882
1.67, 2960518
1.68, 2959393
1.68, 2958709
1.68, 2952402
1.69, 2945604
1.73, 2943601
1.75, 2941909
1.75, 2938975
1.78, 2938198
1.78, 2936827
1.79, 2899545
1.79, 2898159
1.80, 2895712
1.81, 2895654
1.81, 2894392
1.84, 2886910
1.86, 2859461
1.88, 2859026
1.88, 2857553
1.88, 2856957
1.89, 2856901
1.89, 2856758
1.90, 2853498
1.91, 2852132
1.92, 2852114
1.92, 2846206
1.93, 2841417
1.93, 2840256
1.94, 2838926
1.94, 2837645
1.94, 2823617
1.96, 2822277
1.96, 2820965
1.97, 2820279
1.97, 2816361
2.01, 2809571
2.03, 2806737
2.05, 2804001
2.06, 2801474
2.07, 2799992
2.10, 2796359
2.12, 2792656
2.12, 2791590
2.12, 2790936
2.14, 2789244
2.17, 2789020
2.18, 2788187
2.19, 2787142
2.21, 2783394
2.22, 2782760
2.23, 2779331
2.23, 2760618
2.23, 2759025
2.24, 2757730
2.25, 2751753
2.25, 2749412
2.27, 2737251
2.31, 2734883
2.31, 2728687
2.31, 2728177
2.31, 2725963
2.32, 2725050
2.35, 2722074
2.35, 2721286
2.36, 2718150
2.37, 2714609
2.38, 2692526
2.38, 2673015
2.39, 2672924
2.39, 2670639
2.41, 2670501
2.42, 2657380
2.42, 2656932
2.42, 2655610
2.44, 2653580
2.44, 2653193
2.46, 2652877
2.49, 2652848
2.50, 2652045
2.51, 2643918
2.52, 2643527
2.53, 2642185
2.53, 2641689
2.54, 2641469
2.57, 2617966
2.66, 2614710
2.68, 2609538
2.70, 2608321
2.71, 2607163
2.73, 2605389
2.73, 2603950
2.79, 2603932
3.01, 2603844
3.02, 2603169
3.03, 2603151
3.07, 2601373
3.25, 2598894
3.26, 2574163
3.27, 2573118
3.27, 2572920
3.31, 2570844
3.34, 2565025
3.36, 2565011
3.36, 2564769
3.64, 2560696
3.68, 2560440
3.71, 2559829
3.72, 2559634
3.72, 2559069
3.73, 2558805
3.73, 2557444
3.75, 2556585
3.77, 2556220
3.78, 2552323
3.79, 2548974
3.79, 2547165
3.87, 2545642
3.93, 2520903
4.00, 2517745
4.04, 2517359
4.08, 2516666
4.08, 2516663
4.14, 2516455
4.25, 2514911
4.25, 2514063
4.32, 2513363
4.36, 2510554
4.37, 2506785
4.39, 2505772
4.40, 2505313
4.42, 2504901
4.44, 2504219
4.47, 2493604
4.49, 2492846
4.51, 2490378
4.53, 2486871
4.53, 2453997
4.55, 2451044
4.57, 2395882
4.57, 2393984
4.57, 2390644
4.58, 2389066
4.68, 2388545
4.70, 2379934
4.71, 2374152
4.75, 2373244
4.75, 2372175
4.80, 2370017
4.81, 2369839
4.89, 2368839
4.90, 2368139
4.91, 2367341
4.94, 2367334
4.94, 2365678
4.94, 2365292
4.96, 2332072
4.99, 2327710
5.00, 2327326
5.02, 2312779
5.04, 2311747
5.04, 2311352
5.05, 2311268
5.07, 2305178
5.07, 2304964
5.08, 2302937
5.08, 2301305
5.09, 2300994
5.09, 2290595
5.09, 2288569
5.11, 2288464
5.15, 2280308
5.16, 2279173
5.18, 2278803
5.18, 2278475
5.23, 2276793
5.26, 2275648
5.26, 2275043
5.26, 2273387
5.29, 2273003
5.29, 2272335
5.30, 2260283
5.31, 2259992
5.32, 2247737
5.34, 2247732
5.34, 2232863
5.36, 2231518
5.40, 2228217
5.50, 2227617
5.52, 2227357
5.56, 2227097
5.57, 2218258
5.63, 2217076
5.66, 2210432
5.67, 2209884
5.67, 2209854
5.69, 2209392
5.75, 2206913
5.77, 2190845
5.78, 2185899
5.80, 2183311
5.86, 2182933
5.94, 2182722
5.95, 2182628
5.96, 2180285
5.96, 2180245
5.99, 2172099
6.00, 2170322
6.06, 2169394
6.07, 2167722
6.07, 2164837
6.11, 2164443
6.15, 2157990
6.15, 2155625
6.19, 2152948
6.19, 2152128
6.20, 2151010
6.32, 2150755
6.33, 2150646
6.34, 2149324
6.38, 2148560
6.39, 2148420
6.39, 2146661
6.42, 2145915
6.42, 2145237
6.43, 2144965
6.46, 2143828
6.49, 2143206
6.52, 2142867
6.54, 2142428
6.57, 2139985
6.61, 2137333
6.62, 2135082
6.63, 2133491
6.66, 2128383
6.70, 2128126
6.70, 2125855
6.79, 2124311
6.81, 2122559
6.85, 2122543
6.89, 2122016
6.93, 2121525
6.95, 2119269
7.00, 2118792
7.07, 2118665
7.12, 2118588
7.21, 2116833
7.24, 2115854
7.24, 2115647
7.26, 2110967
7.27, 2110116
7.29, 2109843
7.30, 2108420
7.41, 2107905
7.57, 2107794
7.61, 2104786
7.62, 2104361
7.63, 2103300
7.63, 2097869
7.66, 2096968
7.68, 2095638
7.72, 2093403
7.74, 2092460
7.83, 2092298
7.86, 2088656
18.75, 2046245
18.75, 2046087
18.75, 2046020
25.93, 2045739
25.97, 2041509
26.03, 2040479
26.05, 2040340
26.09, 2039511
26.10, 2031311
26.12, 2030725
26.14, 2027562
26.19, 2027091
26.20, 2026815
26.20, 2026488
26.21, 2025136
26.27, 2000077
26.30, 1998725
26.33, 1997017
26.42, 1996219
26.47, 1995421
26.52, 1994402
26.53, 1992788
26.64, 1991307
26.69, 1987925
26.70, 1987496
26.76, 1985108
26.92, 1984847
27.02, 1983106
27.14, 1979796
27.17, 1979593
27.23, 1979463
27.26, 1975476
27.30, 1975356
27.30, 1975094
27.32, 1964558
27.39, 1964526
27.39, 1964418
27.41, 1958331
36.44, 1945143
36.46, 1944552
36.46, 1944477
36.48, 1942796
36.52, 1941245
36.55, 1940560
36.58, 1940210
36.62, 1939666
36.65, 1939405
36.72, 1936721
36.73, 1935918
36.84, 1935816
36.85, 1935775
36.98, 1934941
36.98, 1934901
37.09, 1933492
37.12, 1926300
37.22, 1926292
37.25, 1925937
37.36, 1924782
37.49, 1923649
37.51, 1923626
68.68, 1922002
68.72, 1906628
68.75, 1905969
68.80, 1905481
68.82, 1905017
68.86, 1904095
68.87, 1902952
68.89, 1902929
68.90, 1902887
68.91, 1900982
68.97, 1899129
68.99, 1898830
69.05, 1898353
69.08, 1895877
69.10, 1895615
69.10, 1894814
69.11, 1894788
69.15, 1894480
69.15, 1890796
69.22, 1890227
69.23, 1873926
69.26, 1873859
69.29, 1872059
69.30, 1871513
69.31, 1871236
69.32, 1870364
69.34, 1869789
69.37, 1864118
69.41, 1862654
69.41, 1860485
69.41, 1859337
69.43, 1858959
69.44, 1858899
69.51, 1858416
69.52, 1858287
69.53, 1858268
69.54, 1855695
69.55, 1850479
69.55, 1849763
69.55, 1849449
69.60, 1849395
69.61, 1847727
69.63, 1846906
69.63, 1846851
69.64, 1845241
69.69, 1844572
69.71, 1844172
69.73, 1840409
69.73, 1840281
69.74, 1838410
69.78, 1837773
69.86, 1837174
69.90, 1837168
69.92, 1836825
69.92, 1834352
69.92, 1834173
69.93, 1831484
69.97, 1831116
69.99, 1828976
70.04, 1826837
70.04, 1825803
70.09, 1824864
70.20, 1823625
70.21, 1823135
70.21, 1822464
70.25, 1819355
70.28, 1819334
70.31, 1818468
70.32, 1817994
70.36, 1817163
70.40, 1816116
70.41, 1815539
70.45, 1810412
70.51, 1810007
70.53, 1809773
70.53, 1806864
70.53, 1801228
70.55, 1800864
70.59, 1800507
70.60, 1798858
70.67, 1797893
70.68, 1788210
70.72, 1788131
70.73, 1788113
70.75, 1787718
70.83, 1786240
70.88, 1785232
70.90, 1784657
70.93, 1783969
70.93, 1779924
70.95, 1779530
70.98, 1779515
70.98, 1779411
70.99, 1776582
71.00, 1776231
71.06, 1776197
71.08, 1775946
71.14, 1775620
71.17, 1773144
71.29, 1772211
71.31, 1765492
71.33, 1764185
71.38, 1763495
71.42, 1762882
71.53, 1762158
71.54, 1762115
71.59, 1761748
71.60, 1759926
71.62, 1759831
71.63, 1759192
71.72, 1758562
71.72, 1758463
71.82, 1757205
71.86, 1756873
71.89, 1755124
71.96, 1754891
71.98, 1754724
72.01, 1754637
72.01, 1736033
72.07, 1735644
72.07, 1733304
72.10, 1729412
72.19, 1728249
72.21, 1728198
72.27, 1725406
72.31, 1722713
72.31, 1721784
72.39, 1721354
72.42, 1720504
72.47, 1718843
72.51, 1718417
72.58, 1718250
72.59, 1717968
72.61, 1712680
72.62, 1712490
72.63, 1711922
72.64, 1711346
72.73, 1708664
72.74, 1708374
72.77, 1707044
72.78, 1706150
72.86, 1705350
72.90, 1703429
72.96, 1701899
73.07, 1700052
73.13, 1700021
73.13, 1698768
73.16, 1697304
73.17, 1696758
73.20, 1695935
73.23, 1695815
73.27, 1694358
73.28, 1694352
73.32, 1693535
73.37, 1692890
73.37, 1692631
73.50, 1692524
73.50, 1691899
73.55, 1691665
73.59, 1691586
73.60, 1680308
73.63, 1678955
73.64, 1678506
73.65, 1678210
73.69, 1677865
73.78, 1677839
73.87, 1676699
73.88, 1672112
73.95, 1670423
73.96, 1667381
73.98, 1664087
74.00, 1662347
74.00, 1660381
74.11, 1659445
74.21, 1659377
74.23, 1654445
74.26, 1653109
74.29, 1652495
74.39, 1650397
74.50, 1648726
74.52, 1648329
74.55, 1646610
74.60, 1645428
74.68, 1645357
74.71, 1644998
74.71, 1644229
74.74, 1643208
74.90, 1643045
74.95, 1638877
74.96, 1638042
75.11, 1636498
75.23, 1629850
75.28, 1629711
75.43, 1629101
75.54, 1628174
75.56, 1626923
75.56, 1626798
75.59, 1626460
75.66, 1625882
75.66, 1624887
75.77, 1619284
75.87, 1618664
75.89, 1617888
