0.20, 7150863
0.20, 7135029
0.20, 7133157
0.21, 7124720
0.21, 7120852
0.21, 7112449
0.22, 7111923
0.22, 7023902
0.22, 7023300
0.22, 7023022
0.22, 7017489
0.22, 7017216
0.23, 7015654
0.23, 7014140
0.23, 6922095
0.24, 6921094
0.24, 6916722
0.24, 6914494
0.25, 6914462
0.25, 6914369
0.25, 6910556
0.25, 6908308
0.25, 6903301
0.25, 6902155
0.26, 6902065
0.26, 6897761
0.26, 6892987
0.26, 6889374
0.26, 6884274
0.27, 6881573
0.27, 6878439
0.27, 6875793
0.27, 6872954
0.27, 6869302
0.27, 6811473
0.28, 6808855
0.28, 6803645
0.28, 6800588
0.29, 6797965
0.29, 6792565
0.29, 6789262
0.29, 6788144
0.30, 6784904
0.30, 6778998
0.30, 6777841
0.30, 6764228
0.31, 6760868
0.31, 6760016
0.31, 6757847
0.31, 6751202
0.31, 6750424
0.33, 6747992
0.33, 6745023
0.33, 6729177
0.33, 6728404
0.33, 6728340
0.33, 6726997
0.34, 6712274
0.34, 6711103
0.36, 6710552
0.36, 6705220
0.38, 6703932
0.39, 6702813
0.39, 6700323
0.39, 6698027
0.40, 6694528
0.40, 6693933
0.41, 6692813
0.41, 6688320
0.41, 6684399
0.42, 6683592
0.43, 6680725
0.43, 6680014
0.45, 6679072
0.45, 6675995
0.46, 6669026
0.47, 6667115
0.47, 6662302
0.48, 6654137
0.48, 6652759
0.49, 6649439
0.49, 6643286
0.49, 6642007
0.49, 6638480
0.49, 6633768
0.49, 6628109
0.49, 6620521
0.49, 6617165
0.49, 6593887
0.49, 6586405
0.50, 6585943
0.50, 6585906
0.50, 6582735
0.50, 6574151
0.50, 6566499
0.51, 6562235
0.51, 6555106
0.51, 6552530
0.52, 6548168
0.52, 6547742
0.52, 6546821
0.52, 6540384
0.52, 6537460
0.52, 6536718
0.52, 6532430
0.52, 6530195
0.53, 6529046
0.54, 6528926
0.54, 6496167
0.54, 6492094
0.55, 6492049
0.58, 6491981
0.59, 6491830
0.59, 6491130
0.60, 6490778
0.60, 6490462
0.60, 6490263
0.63, 6488380
0.67, 6484956
0.67, 6483369
0.70, 6482557
0.70, 6481597
0.70, 6476589
0.73, 6474945
0.74, 6472842
0.75, 6472044
0.77, 6470745
0.79, 6470701
0.79, 6466754
0.79, 6392058
0.79, 6382611
0.80, 6381924
0.80, 6381687
0.80, 6377086
0.80, 6377005
0.81, 6376775
0.81, 6376741
0.81, 6376505
0.82, 6375513
0.83, 6374167
0.84, 6371001
0.84, 6367723
0.84, 6367430
0.84, 6258238
0.84, 6249044
0.85, 6247122
0.85, 6240887
0.85, 6236954
0.85, 6236741
0.85, 6236029
0.85, 6233137
0.87, 6231443
0.87, 6164176
0.87, 6156255
0.89, 6155150
0.89, 6152347
0.89, 6145222
0.89, 6144670
0.89, 6143608
0.89, 6140019
0.90, 6137017
0.90, 6136865
0.90, 6132948
0.90, 6127846
0.91, 6125718
0.91, 6065301
0.92, 6064517
0.93, 6063818
0.93, 6007639
0.93, 6006507
0.93, 6006152
0.93, 6005815
0.93, 6005237
0.93, 6005193
0.93, 6004762
0.93, 6004221
0.95, 6001057
0.95, 5999584
0.95, 5996959
0.95, 5995963
0.95, 5989040
0.95, 5983411
0.95, 5944667
0.96, 5941475
0.97, 5941083
0.97, 5940859
0.98, 5939657
0.98, 5939626
0.99, 5939597
0.99, 5920935
0.99, 5920743
1.00, 5920683
1.01, 5920209
1.02, 5918544
1.02, 5918254
1.03, 5917635
1.03, 5916711
1.03, 5910084
1.03, 5908929
1.04, 5907491
1.04, 5907062
1.05, 5906152
1.06, 5905801
1.07, 5904526
1.07, 5904409
1.07, 5830251
1.08, 5826185
1.08, 5826051
1.08, 5824524
1.08, 5749135
1.08, 5748424
1.08, 5748268
1.08, 5748174
1.08, 5742737
1.09, 5742014
1.09, 5740603
1.10, 5736537
1.12, 5734879
1.13, 5734441
1.14, 5733426
1.14, 5601184
1.17, 5598215
1.17, 5595016
1.17, 5551475
1.17, 5548044
1.17, 5543177
1.17, 5538752
1.18, 5536396
1.18, 5514482
1.18, 5511792
1.18, 5510169
1.18, 5461795
1.18, 5458257
1.18, 5441141
1.18, 5435812
1.18, 5430925
1.20, 5430159
1.20, 5428986
1.23, 5427156
1.25, 5426660
1.25, 5425435
1.29, 5423512
1.29, 5422545
1.33, 5422308
1.39, 5420159
1.39, 5417718
1.41, 5416764
1.42, 5414372
1.45, 5413888
1.45, 5412272
1.45, 5409089
1.45, 5403644
1.45, 5401248
1.45, 5398883
1.46, 5397621
1.46, 5373912
1.46, 5367024
1.46, 5365548
1.49, 5365369
1.52, 5364245
1.52, 5361342
1.52, 5360898
1.52, 5316546
1.52, 5297957
1.53, 5296461
1.53, 5216277
1.53, 5210496
1.53, 5210053
1.53, 5209827
1.54, 5208408
1.57, 5206447
1.60, 5205424
1.60, 5204850
1.60, 5203371
1.64, 5202122
1.67, 5201726
1.67, 5197374
1.67, 5197137
1.67, 5189901
1.67, 5189408
1.68, 5188865
1.68, 5186648
1.68, 5185079
1.68, 5184436
1.69, 5182883
1.71, 5181569
1.73, 5180948
1.73, 5179275
1.73, 5171214
1.73, 5170208
1.74, 5169487
1.74, 5167051
1.74, 5166075
1.74, 5165862
1.74, 5164803
1.74, 5162762
1.75, 5162597
1.77, 5162446
1.78, 5160794
1.78, 5160005
1.81, 5155758
1.81, 5150210
1.81, 5146977
1.83, 5145853
1.83, 5139943
1.83, 5093868
1.83, 5092610
1.84, 5090928
1.84, 5079673
1.84, 5072273
1.84, 5070770
1.86, 5069248
1.86, 5068518
1.86, 5025715
1.89, 5025532
1.92, 5022881
1.92, 4990858
1.94, 4988645
1.94, 4988583
1.94, 4942358
1.98, 4942272
1.98, 4842630
2.01, 4841965
2.01, 4841076
2.01, 4837311
2.01, 4818386
2.01, 4801043
2.01, 4799798
2.04, 4791546
2.10, 4789609
2.17, 4789442
2.26, 4774391
2.34, 4773115
2.38, 4765608
2.41, 4763466
2.46, 4763033
2.49, 4762847
2.53, 4762316
2.57, 4761763
2.61, 4760100
2.66, 4759709
2.73, 4757628
2.79, 4755014
2.82, 4748205
2.90, 4746278
2.98, 4746181
3.04, 4745894
3.12, 4715147
3.30, 4711977
3.43, 4708848
3.63, 4669846
3.76, 4667528
3.88, 4662920
4.34, 4662060
4.81, 4661776
5.14, 4649865
5.48, 4648492
5.74, 4645643
6.02, 4644625
6.02, 4644492
6.08, 4644306
6.12, 4644012
6.21, 4643219
6.27, 4642526
6.42, 4641563
6.58, 4641542
6.67, 4640633
6.73, 4640284
6.81, 4639896
6.87, 4622633
6.94, 4621845
6.97, 4621834
7.01, 4619465
7.04, 4619203
7.13, 4601926
7.33, 4596448
7.42, 4595684
7.66, 4595582
7.69, 4594620
7.89, 4591499
8.21, 4590555
8.54, 4590117
8.72, 4589660
8.88, 4588372
8.99, 4585194
9.10, 4584607
9.19, 4581901
9.29, 4580595
9.42, 4577233
9.62, 4574826
9.80, 4574605
10.02, 4574345
10.39, 4566119
10.84, 4565775
11.22, 4565581
11.52, 4565505
11.69, 4553492
11.69, 4553475
11.80, 4553385
11.80, 4550274
11.94, 4549298
12.22, 4545309
12.41, 4543997
12.53, 4543563
12.68, 4541663
12.81, 4541657
12.93, 4508204
13.11, 4506930
13.26, 4506746
13.40, 4489443
13.60, 4483502
13.68, 4482799
13.71, 4482385
13.77, 4481820
13.89, 4478341
13.92, 4477933
14.38, 4465783
14.50, 4465044
14.73, 4425203
14.77, 4425014
14.89, 4424985
15.06, 4421266
15.31, 4409511
15.42, 4408821
15.78, 4396462
15.86, 4396008
16.05, 4393961
16.36, 4392728
16.51, 4391079
16.70, 4390245
16.86, 4389482
17.24, 4389403
17.54, 4388469
17.78, 4387974
18.21, 4386574
18.68, 4385302
18.92, 4383085
19.14, 4382311
19.37, 4382069
19.68, 4381533
19.99, 4381339
20.31, 4380909
20.61, 4380903
20.85, 4378841
21.02, 4377621
21.19, 4376836
21.38, 4375948
21.58, 4375139
21.87, 4374709
22.10, 4374545
22.47, 4374462
22.68, 4372682
22.90, 4372311
23.18, 4371909
23.44, 4371238
23.65, 4370725
23.89, 4370538
24.25, 4369472
24.48, 4369369
24.77, 4369012
25.05, 4368104
25.35, 4367871
25.65, 4367692
25.99, 4367288
26.27, 4367082
26.50, 4366566
26.81, 4366528
27.07, 4365484
27.34, 4365181
27.66, 4364868
27.99, 4362284
28.43, 4361117
28.77, 4360697
29.09, 4360438
29.38, 4360153
29.70, 4351849
30.04, 4350539
30.48, 4346940
31.01, 4339253
31.40, 4339094
31.65, 4339092
31.92, 4338628
32.31, 4338326
32.63, 4338315
32.86, 4338262
33.09, 4338159
33.42, 4336873
33.72, 4336045
34.05, 4335860
34.46, 4335663
34.76, 4335661
35.13, 4333712
35.52, 4333690
35.92, 4333493
36.42, 4333012
36.75, 4332673
37.06, 4332412
37.40, 4331434
37.79, 4331369
38.17, 4331294
38.54, 4328482
38.98, 4327082
39.37, 4322420
39.79, 4321727
40.41, 4319434
40.93, 4319125
41.48, 4313085
41.91, 4310081
42.45, 4309426
42.84, 4309069
43.24, 4307000
43.67, 4306438
44.09, 4291372
44.58, 4286390
45.04, 4286387
45.47, 4285127
45.88, 4267798
45.89, 4267427
45.89, 4267386
45.89, 4267245
45.89, 4266808
45.89, 4266725
45.90, 4266055
45.90, 4266013
45.92, 4224413
45.95, 4150696
45.98, 4146358
46.01, 4145283
46.03, 4140988
46.35, 4140754
46.64, 4140320
46.86, 4139964
47.21, 4139426
47.54, 4138653
47.87, 4138404
48.21, 4138392
48.54, 4138292
48.91, 4138010
49.24, 4137269
49.57, 4007866
49.90, 4005504
50.33, 4005288
50.77, 4004556
51.17, 4004343
51.53, 4003976
51.99, 4002418
52.55, 4001465
52.95, 3903269
53.37, 3901177
53.77, 3900530
54.29, 3821514
54.36, 3821390
54.43, 3821387
54.50, 3821285
54.81, 3820837
55.22, 3787874
55.62, 3783809
55.93, 3783618
56.36, 3783039
56.79, 3779802
56.79, 3779652
56.79, 3779633
56.79, 3779320
56.79, 3776605
56.79, 3772978
56.93, 3772582
57.11, 3772146
57.28, 3769963
57.46, 3769960
57.63, 3769690
57.87, 3768195
58.03, 3767252
58.27, 3765562
58.45, 3764520
58.63, 3763961
58.83, 3763829
59.01, 3763080
59.16, 3762949
59.35, 3760431
59.53, 3760408
59.78, 3760202
60.04, 3759429
60.39, 3759215
60.80, 3759030
60.94, 3757890
61.08, 3757884
61.25, 3757853
61.61, 3757850
61.76, 3757674
61.91, 3757566
62.26, 3757405
62.55, 3739413
62.86, 3734992
63.15, 3734717
63.48, 3734712
63.77, 3734377
64.17, 3733402
64.56, 3732412
64.84, 3731196
65.13, 3730963
65.41, 3729452
65.70, 3727075
65.98, 3726362
66.39, 3725025
66.69, 3713750
66.97, 3712036
67.35, 3711682
67.88, 3705280
68.38, 3701835
68.87, 3693149
69.38, 3689400
69.78, 3688996
70.24, 3688817
70.24, 3688718
70.24, 3688691
70.24, 3688581
70.24, 3688457
70.25, 3688265
70.39, 3688096
70.48, 3688088
70.66, 3688013
71.10, 3684979
71.11, 3679609
71.18, 3677956
71.35, 3677551
71.60, 3677394
71.81, 3677163
71.97, 3654728
72.88, 3644973
73.52, 3642665
74.07, 3633292
74.79, 3613719
74.89, 3613273
74.97, 3613182
75.45, 3612743
75.63, 3611377
76.15, 3558640
76.88, 3557567
77.39, 3556593
77.93, 3551594
78.62, 3551540
79.14, 3551383
79.73, 3550629
80.31, 3549484
81.30, 3548690
82.00, 3545365
83.08, 3540821
83.92, 3535736
85.10, 3535303
85.95, 3521828
87.10, 3518417
88.10, 3514797
89.11, 3499197
90.00, 3490894
90.22, 3489722
90.52, 3488966
91.02, 3488927
91.98, 3487828
93.18, 3487371
94.22, 3399838
95.12, 3399699
95.74, 3396996
96.89, 3328119
97.94, 3325023
99.22, 3265952
100.10, 3262840
