0.16, 7150863
0.16, 7135029
0.16, 7133157
0.16, 7124720
0.17, 7120852
0.17, 7112449
0.17, 7111923
0.17, 7023902
0.17, 7023300
0.17, 7023022
0.17, 7017489
0.18, 7017216
0.18, 7015654
0.18, 7014140
0.18, 6922095
0.18, 6921094
0.18, 6916722
0.18, 6914494
0.18, 6914462
0.18, 6914369
0.19, 6910556
0.19, 6908308
0.19, 6903301
0.19, 6902155
0.19, 6902065
0.19, 6897761
0.19, 6892987
0.20, 6889374
0.20, 6884274
0.20, 6881573
0.20, 6878439
0.20, 6875793
0.20, 6872954
0.21, 6869302
0.21, 6811473
0.21, 6808855
0.21, 6803645
0.22, 6800588
0.23, 6797965
0.23, 6792565
0.23, 6789262
0.23, 6788144
0.24, 6784904
0.24, 6778998
0.24, 6777841
0.24, 6764228
0.26, 6760868
0.26, 6760016
0.26, 6757847
0.26, 6751202
0.26, 6750424
0.26, 6747992
0.26, 6745023
0.26, 6729177
0.26, 6728404
0.26, 6728340
0.27, 6726997
0.27, 6712274
0.27, 6711103
0.28, 6710552
0.28, 6705220
0.29, 6703932
0.29, 6702813
0.29, 6700323
0.30, 6698027
0.30, 6694528
0.30, 6693933
0.30, 6692813
0.30, 6688320
0.30, 6684399
0.30, 6683592
0.31, 6680725
0.31, 6680014
0.31, 6679072
0.31, 6675995
0.32, 6669026
0.33, 6667115
0.33, 6662302
0.34, 6654137
0.34, 6652759
0.35, 6649439
0.35, 6643286
0.35, 6642007
0.35, 6638480
0.35, 6633768
0.35, 6628109
0.35, 6620521
0.35, 6617165
0.35, 6593887
0.35, 6586405
0.35, 6585943
0.36, 6585906
0.36, 6582735
0.36, 6574151
0.36, 6566499
0.37, 6562235
0.37, 6555106
0.38, 6552530
0.38, 6548168
0.38, 6547742
0.38, 6546821
0.38, 6540384
0.38, 6537460
0.38, 6536718
0.38, 6532430
0.38, 6530195
0.39, 6529046
0.39, 6528926
0.39, 6496167
0.40, 6492094
0.40, 6492049
0.40, 6491981
0.41, 6491830
0.41, 6491130
0.41, 6490778
0.41, 6490462
0.41, 6490263
0.42, 6488380
0.43, 6484956
0.43, 6483369
0.44, 6482557
0.44, 6481597
0.44, 6476589
0.45, 6474945
0.45, 6472842
0.47, 6472044
0.48, 6470745
0.49, 6470701
0.49, 6466754
0.49, 6392058
0.49, 6382611
0.49, 6381924
0.49, 6381687
0.49, 6377086
0.49, 6377005
0.50, 6376775
0.50, 6376741
0.51, 6376505
0.51, 6375513
0.55, 6374167
0.61, 6371001
0.61, 6367723
0.61, 6367430
0.61, 6258238
0.61, 6249044
0.62, 6247122
0.62, 6240887
0.62, 6236954
0.62, 6236741
0.63, 6236029
0.63, 6233137
0.68, 6231443
0.68, 6164176
0.69, 6156255
0.74, 6155150
0.74, 6152347
0.75, 6145222
0.75, 6144670
0.75, 6143608
0.75, 6140019
0.76, 6137017
0.77, 6136865
0.77, 6132948
0.77, 6127846
0.80, 6125718
0.80, 6065301
0.80, 6064517
0.82, 6063818
0.82, 6007639
0.82, 6006507
0.82, 6006152
0.83, 6005815
0.83, 6005237
0.83, 6005193
0.83, 6004762
0.83, 6004221
0.84, 6001057
0.84, 5999584
0.84, 5996959
0.85, 5995963
0.85, 5989040
0.85, 5983411
0.85, 5944667
0.86, 5941475
0.86, 5941083
0.86, 5940859
0.87, 5939657
0.88, 5939626
0.89, 5939597
0.89, 5920935
0.89, 5920743
0.90, 5920683
0.91, 5920209
0.92, 5918544
0.93, 5918254
0.93, 5917635
0.93, 5916711
0.93, 5910084
0.94, 5908929
0.94, 5907491
0.94, 5907062
0.95, 5906152
0.96, 5905801
0.97, 5904526
0.97, 5904409
0.97, 5830251
0.98, 5826185
0.98, 5826051
0.98, 5824524
0.98, 5749135
0.98, 5748424
0.98, 5748268
0.98, 5748174
0.99, 5742737
0.99, 5742014
0.99, 5740603
1.01, 5736537
1.04, 5734879
1.05, 5734441
1.05, 5733426
1.05, 5601184
1.07, 5598215
1.07, 5595016
1.07, 5551475
1.07, 5548044
1.07, 5543177
1.07, 5538752
1.08, 5536396
1.08, 5514482
1.08, 5511792
1.08, 5510169
1.08, 5461795
1.08, 5458257
1.08, 5441141
1.08, 5435812
1.08, 5430925
1.10, 5430159
1.10, 5428986
1.12, 5427156
1.14, 5426660
1.14, 5425435
1.16, 5423512
1.16, 5422545
1.18, 5422308
1.20, 5420159
1.20, 5417718
1.22, 5416764
1.23, 5414372
1.25, 5413888
1.25, 5412272
1.25, 5409089
1.25, 5403644
1.25, 5401248
1.25, 5398883
1.25, 5397621
1.25, 5373912
1.25, 5367024
1.25, 5365548
1.28, 5365369
1.30, 5364245
1.30, 5361342
1.30, 5360898
1.30, 5316546
1.30, 5297957
1.31, 5296461
1.31, 5216277
1.31, 5210496
1.31, 5210053
1.31, 5209827
1.31, 5208408
1.33, 5206447
1.35, 5205424
1.35, 5204850
1.35, 5203371
1.37, 5202122
1.39, 5201726
1.40, 5197374
1.40, 5197137
1.40, 5189901
1.41, 5189408
1.41, 5188865
1.41, 5186648
1.42, 5185079
1.42, 5184436
1.45, 5182883
1.55, 5181569
1.58, 5180948
1.58, 5179275
1.58, 5171214
1.58, 5170208
1.58, 5169487
1.59, 5167051
1.59, 5166075
1.60, 5165862
1.61, 5164803
1.61, 5162762
1.63, 5162597
1.64, 5162446
1.64, 5160794
1.65, 5160005
1.68, 5155758
1.68, 5150210
1.68, 5146977
1.71, 5145853
1.71, 5139943
1.71, 5093868
1.71, 5092610
1.72, 5090928
1.72, 5079673
1.72, 5072273
1.72, 5070770
1.75, 5069248
1.75, 5068518
1.75, 5025715
1.79, 5025532
1.84, 5022881
1.84, 4990858
1.87, 4988645
1.88, 4988583
1.88, 4942358
1.93, 4942272
1.93, 4842630
1.98, 4841965
1.98, 4841076
1.98, 4837311
1.98, 4818386
1.98, 4801043
1.98, 4799798
2.04, 4791546
2.09, 4789609
2.13, 4789442
2.15, 4774391
2.18, 4773115
2.20, 4765608
2.23, 4763466
2.28, 4763033
2.33, 4762847
2.37, 4762316
2.41, 4761763
2.45, 4760100
2.50, 4759709
2.62, 4757628
2.78, 4755014
2.84, 4748205
2.93, 4746278
2.98, 4746181
3.05, 4745894
3.10, 4715147
3.15, 4711977
3.21, 4708848
3.27, 4669846
3.32, 4667528
3.39, 4662920
3.46, 4662060
3.55, 4661776
3.65, 4649865
3.77, 4648492
3.85, 4645643
3.93, 4644625
3.93, 4644492
3.97, 4644306
3.98, 4644012
4.01, 4643219
4.03, 4642526
4.06, 4641563
4.11, 4641542
4.14, 4640633
4.16, 4640284
4.22, 4639896
4.27, 4622633
4.32, 4621845
4.35, 4621834
4.38, 4619465
4.40, 4619203
4.49, 4601926
4.60, 4596448
4.64, 4595684
4.76, 4595582
4.79, 4594620
4.87, 4591499
4.96, 4590555
5.07, 4590117
5.15, 4589660
5.24, 4588372
5.30, 4585194
5.38, 4584607
5.48, 4581901
5.58, 4580595
5.66, 4577233
5.75, 4574826
5.85, 4574605
5.94, 4574345
6.03, 4566119
6.11, 4565775
6.20, 4565581
6.28, 4565505
6.36, 4553492
6.36, 4553475
6.47, 4553385
6.47, 4550274
6.58, 4549298
6.74, 4545309
6.84, 4543997
6.96, 4543563
7.11, 4541663
7.26, 4541657
7.36, 4508204
7.47, 4506930
7.64, 4506746
7.75, 4489443
7.86, 4483502
7.88, 4482799
7.92, 4482385
7.95, 4481820
8.04, 4478341
8.07, 4477933
8.15, 4465783
8.18, 4465044
8.27, 4425203
8.30, 4425014
8.37, 4424985
8.46, 4421266
8.56, 4409511
8.60, 4408821
8.73, 4396462
8.77, 4396008
8.87, 4393961
8.96, 4392728
9.07, 4391079
9.16, 4390245
9.26, 4389482
9.37, 4389403
9.49, 4388469
9.63, 4387974
9.81, 4386574
10.00, 4385302
10.19, 4383085
10.39, 4382311
10.75, 4382069
11.05, 4381533
11.30, 4381339
11.50, 4380909
11.70, 4380903
11.90, 4378841
12.12, 4377621
12.32, 4376836
12.53, 4375948
12.84, 4375139
13.09, 4374709
13.33, 4374545
13.58, 4374462
13.83, 4372682
14.09, 4372311
14.33, 4371909
14.64, 4371238
14.91, 4370725
15.20, 4370538
15.51, 4369472
15.77, 4369369
16.09, 4369012
16.39, 4368104
16.85, 4367871
17.19, 4367692
17.50, 4367288
17.72, 4367082
17.99, 4366566
18.29, 4366528
18.62, 4365484
18.97, 4365181
19.29, 4364868
19.59, 4362284
19.90, 4361117
20.23, 4360697
20.67, 4360438
21.07, 4360153
21.43, 4351849
22.17, 4350539
23.56, 4346940
24.98, 4339253
26.46, 4339094
27.72, 4339092
29.10, 4338628
30.33, 4338326
31.96, 4338315
33.17, 4338262
34.17, 4338159
35.57, 4336873
37.24, 4336045
38.61, 4335860
40.16, 4335663
41.85, 4335661
43.52, 4333712
45.37, 4333690
47.42, 4333493
49.40, 4333012
51.44, 4332673
52.64, 4332412
54.27, 4331434
56.00, 4331369
57.60, 4331294
59.36, 4328482
61.24, 4327082
62.85, 4322420
64.80, 4321727
66.67, 4319434
68.41, 4319125
70.09, 4313085
72.38, 4310081
73.70, 4309426
75.39, 4309069
77.41, 4307000
79.12, 4306438
80.35, 4291372
81.43, 4286390
83.69, 4286387
85.32, 4285127
87.22, 4267798
87.23, 4267427
87.23, 4267386
87.23, 4267245
87.24, 4266808
87.24, 4266725
87.26, 4266055
87.28, 4266013
87.39, 4224413
87.50, 4150696
87.63, 4146358
87.73, 4145283
87.81, 4140988
89.07, 4140754
90.18, 4140320
91.70, 4139964
92.80, 4139426
94.28, 4138653
95.59, 4138404
96.77, 4138392
98.48, 4138292
99.80, 4138010
101.20, 4137269
102.16, 4007866
104.30, 4005504
105.27, 4005288
106.49, 4004556
108.18, 4004343
110.15, 4003976
112.54, 4002418
114.68, 4001465
116.84, 3903269
118.83, 3901177
121.02, 3900530
122.86, 3821514
123.29, 3821390
123.56, 3821387
123.86, 3821285
125.46, 3820837
127.33, 3787874
129.16, 3783809
130.42, 3783618
132.31, 3783039
134.39, 3779802
134.40, 3779652
134.40, 3779633
134.40, 3779320
134.41, 3776605
134.41, 3772978
135.17, 3772582
135.94, 3772146
136.62, 3769963
137.53, 3769960
138.22, 3769690
139.11, 3768195
139.80, 3767252
140.50, 3765562
141.71, 3764520
142.44, 3763961
143.63, 3763829
144.40, 3763080
145.24, 3762949
145.96, 3760431
146.81, 3760408
147.93, 3760202
149.20, 3759429
150.33, 3759215
151.96, 3759030
152.50, 3757890
153.30, 3757884
153.96, 3757853
155.69, 3757850
156.31, 3757674
157.15, 3757566
158.31, 3757405
159.72, 3739413
162.60, 3734992
163.45, 3734717
164.14, 3734712
165.50, 3734377
166.70, 3733402
167.99, 3732412
169.42, 3731196
171.36, 3730963
172.45, 3729452
173.82, 3727075
175.16, 3726362
176.36, 3725025
177.74, 3713750
179.15, 3712036
180.40, 3711682
182.49, 3705280
184.44, 3701835
186.28, 3693149
188.25, 3689400
190.01, 3688996
192.20, 3688817
192.20, 3688718
192.21, 3688691
192.21, 3688581
192.21, 3688457
192.22, 3688265
192.63, 3688096
193.17, 3688088
193.58, 3688013
195.45, 3684979
195.46, 3679609
195.78, 3677956
196.37, 3677551
197.69, 3677394
198.37, 3677163
199.27, 3654728
199.91, 3644973
200.86, 3642665
202.08, 3633292
202.83, 3613719
202.96, 3613273
203.08, 3613182
203.40, 3612743
203.52, 3611377
204.16, 3558640
204.81, 3557567
205.64, 3556593
206.22, 3551594
207.01, 3551540
207.72, 3551383
208.31, 3550629
209.03, 3549484
209.72, 3548690
210.47, 3545365
211.95, 3540821
213.08, 3535736
214.45, 3535303
215.91, 3521828
217.56, 3518417
218.55, 3514797
219.40, 3499197
220.51, 3490894
221.19, 3489722
221.56, 3488966
221.76, 3488927
222.82, 3487828
224.15, 3487371
225.46, 3399838
226.53, 3399699
227.79, 3396996
228.97, 3328119
230.28, 3325023
231.98, 3265952
233.21, 3262840
233.40, 3262030
234.14, 3260833
235.43, 3259126
236.80, 3256984
237.57, 3256520
238.26, 3254002
240.14, 3248869
242.13, 3246330
242.88, 3238051
243.17, 3237450
244.42, 3223233
245.55, 3223200
246.98, 3220483
248.05, 3218408
249.26, 3217167
250.24, 3207402
252.10, 3196813
252.79, 3196776
254.00, 3196710
254.01, 3196648
254.01, 3195949
255.20, 3195463
256.46, 3194403
258.06, 3192895
258.07, 3190381
258.33, 3189715
259.17, 3188947
260.38, 3180790
261.85, 3180298
262.52, 3177969
263.85, 3169754
264.58, 3169450
264.87, 3169192
264.87, 3168919
265.97, 3168237
265.98, 3168098
266.12, 3167593
267.67, 3166686
269.27, 3165770
269.28, 3165769
269.28, 3165591
270.99, 3164450
272.63, 3163379
272.63, 3161691
273.72, 3161422
275.97, 3157703
278.24, 3157420
279.73, 3157207
281.52, 3156788
283.53, 3155519
286.76, 3150696
289.82, 3141127
291.36, 3140892
294.54, 3139880
296.32, 3138614
299.43, 3130390
301.62, 3122159
304.12, 3119970
306.61, 3117807
309.58, 3117791
312.49, 3117116
315.05, 3116601
317.71, 3116131
320.98, 3115724
324.32, 3104599
325.75, 3104445
326.62, 3104408
327.40, 3103625
329.01, 3027900
330.02, 3026305
332.04, 3024165
333.06, 3023899
334.69, 3005827
336.16, 2994982
337.75, 2943819
339.63, 2930072
341.67, 2928760
343.34, 2926993
344.80, 2925756
346.40, 2917547
346.40, 2917387
346.57, 2917251
346.59, 2916666
346.60, 2916568
346.60, 2916485
346.62, 2914722
346.62, 2913892
346.74, 2913771
346.74, 2911131
346.75, 2911011
346.76, 2908578
346.82, 2907833
346.88, 2907530
346.88, 2897423
346.90, 2895517
346.90, 2895051
346.91, 2892437
346.92, 2890286
346.92, 2889884
346.93, 2887339
346.93, 2887168
347.06, 2883763
347.14, 2883638
347.34, 2882998
347.49, 2882197
347.86, 2882002
348.55, 2881513
349.46, 2879498
350.07, 2879083
350.32, 2878988
352.32, 2878958
353.14, 2878806
353.42, 2878758
353.69, 2878035
354.18, 2878013
356.21, 2877670
359.21, 2876585
362.39, 2876130
363.70, 2875812
366.29, 2875381
370.21, 2875217
374.16, 2874275
377.90, 2873659
380.26, 2870298
384.67, 2869990
387.93, 2867278
391.83, 2867214
395.51, 2867046
399.19, 2866825
403.65, 2865122
405.49, 2853207
406.73, 2852848
409.58, 2812806
409.59, 2812576
409.59, 2812420
409.59, 2812408
409.60, 2812380
409.60, 2812104
409.61, 2812053
409.62, 2811469
409.63, 2811158
409.63, 2811130
409.65, 2810852
409.76, 2809885
409.76, 2809726
409.86, 2809689
409.86, 2785629
409.88, 2782958
409.88, 2781491
409.89, 2781241
409.89, 2781133
409.90, 2780897
409.91, 2780133
409.92, 2779956
409.92, 2779641
409.93, 2775727
410.09, 2775392
410.09, 2775234
410.10, 2774631
410.24, 2770184
410.42, 2769757
412.07, 2769582
413.31, 2769580
414.82, 2768179
417.54, 2768034
419.48, 2768033
422.10, 2766736
424.84, 2766217
426.85, 2766089
428.69, 2765328
430.50, 2765200
432.79, 2765179
434.62, 2762790
436.55, 2762775
438.46, 2762438
440.68, 2761451
442.80, 2761447
444.75, 2761086
446.80, 2760435
449.23, 2752908
451.81, 2742076
454.23, 2732407
456.62, 2728121
458.95, 2712924
461.59, 2708009
463.92, 2705785
466.31, 2685544
468.63, 2684384
471.55, 2679715
473.79, 2679087
476.21, 2666726
478.57, 2662371
481.37, 2660895
483.85, 2660773
486.29, 2647255
488.55, 2645460
491.12, 2633888
493.43, 2633261
495.85, 2631997
498.21, 2630762
500.62, 2630092
503.26, 2628598
505.62, 2628317
508.08, 2627005
510.45, 2626555
513.32, 2625316
515.93, 2616095
518.43, 2597650
521.41, 2592412
523.93, 2581670
526.33, 2581585
528.57, 2581051
530.82, 2581001
532.79, 2579518
532.88, 2577282
532.96, 2577117
533.05, 2576982
533.17, 2576881
533.38, 2576742
533.55, 2576131
533.72, 2575503
534.33, 2574745
535.29, 2574411
536.30, 2567580
537.47, 2567326
538.73, 2566055
540.02, 2559950
541.44, 2559923
542.55, 2559865
543.75, 2552442
544.98, 2543130
546.18, 2496015
547.30, 2490081
548.08, 2489154
548.90, 2488593
549.84, 2485287
551.30, 2477151
552.48, 2473146
553.73, 2471028
554.29, 2468605
554.83, 2467250
555.40, 2466660
556.77, 2429948
558.16, 2429925
559.48, 2415200
561.23, 2415086
562.76, 2375502
565.01, 2374514
566.46, 2372873
567.92, 2370419
569.69, 2370324
572.01, 2358298
574.56, 2323957
575.91, 2317748
577.84, 2316966
580.34, 2310052
583.11, 2309121
585.28, 2308356
587.96, 2307595
590.34, 2273021
592.47, 2272283
594.52, 2237837
596.45, 2237663
598.40, 2237531
600.33, 2223324
