0.36, 7050200
0.37, 7045397
0.37, 7037291
0.37, 7031286
0.37, 7029796
0.38, 6989985
0.38, 6982458
0.38, 6980086
0.38, 6972339
0.39, 6963814
0.40, 6939780
0.40, 6938661
0.41, 6920889
0.41, 6914022
0.41, 6912384
0.41, 6899460
0.41, 6897979
0.42, 6845618
0.43, 6841494
0.44, 6825707
0.44, 6819812
0.44, 6813621
0.45, 6795714
0.46, 6775071
0.46, 6772021
0.46, 6769389
0.46, 6767820
0.46, 6765123
0.47, 6763739
0.47, 6763326
0.48, 6753712
0.48, 6741185
0.49, 6731042
0.53, 6695837
0.55, 6690214
0.56, 6671324
0.57, 6640476
0.60, 6635103
0.60, 6602069
0.60, 6586885
0.60, 6582644
0.60, 6527666
0.62, 6525355
0.62, 6522028
0.62, 6508531
0.63, 6457886
0.63, 6457643
0.63, 6454807
0.63, 6447756
0.63, 6442438
0.64, 6423198
0.64, 6419574
0.65, 6411240
0.65, 6408355
0.66, 6401375
0.67, 6391584
0.68, 6386253
0.70, 6377442
0.70, 6369567
0.70, 6346539
0.71, 6343507
0.71, 6337495
0.71, 6306836
0.74, 6274174
0.76, 6271081
0.79, 6215498
0.79, 6206783
0.79, 6193574
0.80, 6169682
0.80, 6169008
0.80, 6159296
0.83, 6156061
0.88, 6154801
0.88, 6128319
0.88, 6120442
0.88, 6118142
0.89, 6072829
0.89, 6052389
0.89, 6026256
0.89, 6018047
0.89, 6017544
0.90, 6015589
0.90, 6000827
0.90, 5978340
0.91, 5941247
0.92, 5923756
0.92, 5922632
0.92, 5908209
0.92, 5897400
0.92, 5865041
0.93, 5858033
0.93, 5854751
0.93, 5849137
0.93, 5839500
0.94, 5831569
0.94, 5827779
0.94, 5827218
0.94, 5817585
0.95, 5798263
0.96, 5794733
0.96, 5776803
0.97, 5757061
0.97, 5755588
0.98, 5744119
0.98, 5739538
0.99, 5736211
0.99, 5727634
1.00, 5704292
1.00, 5580233
1.01, 5579947
1.01, 5575450
1.02, 5557413
1.02, 5557065
1.02, 5554913
1.03, 5546950
1.03, 5544523
1.05, 5538766
1.05, 5511422
1.05, 5488834
1.05, 5481382
1.06, 5478860
1.08, 5467688
1.08, 5456774
1.08, 5453240
1.14, 5434718
1.14, 5424416
1.14, 5407910
1.18, 5407299
1.22, 5402062
1.23, 5398697
1.23, 5393419
1.23, 5386788
1.23, 5375960
1.24, 5354092
1.24, 5348362
1.24, 5348132
1.24, 5339382
1.25, 5338869
1.26, 5328170
1.26, 5315615
1.30, 5308157
1.38, 5307467
1.39, 5305565
1.40, 5286744
1.45, 5271468
1.45, 5246121
1.45, 5245562
1.51, 5243996
1.56, 5239998
1.56, 5210786
1.57, 5187794
1.57, 5153036
1.58, 5125766
1.58, 5123334
1.73, 5119316
1.99, 5113402
1.99, 5113388
1.99, 5113387
2.04, 5112786
2.04, 5077065
2.04, 5074622
2.05, 5061044
2.05, 5057404
2.05, 5055351
2.05, 5046137
2.09, 5043948
2.14, 5025419
2.19, 5020165
2.36, 5003077
2.55, 5002785
2.72, 4989824
2.88, 4965380
3.03, 4957337
3.19, 4933521
3.33, 4929933
3.49, 4904415
3.71, 4898966
3.71, 4898952
3.92, 4894767
3.93, 4894614
4.09, 4894089
4.34, 4888266
4.48, 4879146
4.80, 4842124
5.12, 4842077
5.42, 4839043
6.14, 4837731
7.10, 4837237
8.08, 4836944
8.88, 4823848
9.88, 4782179
11.07, 4781711
12.03, 4764991
12.03, 4764430
12.17, 4764275
12.24, 4761152
12.31, 4745925
12.38, 4744649
12.47, 4725973
12.55, 4723340
12.65, 4720581
12.72, 4708479
12.80, 4701489
12.89, 4699951
12.97, 4699239
13.09, 4698653
13.18, 4687591
13.36, 4686043
13.43, 4680731
13.52, 4678936
13.59, 4657981
13.66, 4616323
13.73, 4614384
13.82, 4536534
13.97, 4525176
14.06, 4521717
14.14, 4508565
14.23, 4472397
14.34, 4469140
14.42, 4468837
14.50, 4462203
14.64, 4455091
14.75, 4397425
14.89, 4390586
15.01, 4389578
15.12, 4336285
15.24, 4335877
15.36, 4281865
15.46, 4277638
15.70, 4272718
15.91, 4264800
16.20, 4264645
16.37, 4258854
16.56, 4255065
16.73, 4253949
16.91, 4250557
17.08, 4249521
17.25, 4241908
17.46, 4238087
18.01, 4233877
18.26, 4233738
18.41, 4224131
18.62, 4200783
18.78, 4193440
19.02, 4179860
19.21, 4161319
19.39, 4158361
19.62, 4157307
19.81, 4142711
20.02, 4142221
20.20, 4141485
20.41, 4140391
20.59, 4138280
20.74, 4134343
20.91, 4132636
21.10, 4057749
21.22, 4045680
21.36, 4042867
21.57, 4041779
21.92, 4041497
22.09, 4040246
22.29, 4038579
22.46, 4035480
22.70, 4035002
22.89, 4022278
23.16, 4021634
23.39, 4014538
23.68, 4011843
23.86, 4009770
24.09, 4006732
24.35, 4005716
24.56, 3997920
24.84, 3997532
25.03, 3990089
25.29, 3986296
25.54, 3983649
25.71, 3983177
25.93, 3972134
26.14, 3971860
26.32, 3967587
26.66, 3966843
27.02, 3921346
27.34, 3919500
27.97, 3907409
28.29, 3906393
28.67, 3905988
29.11, 3905191
29.54, 3898809
29.97, 3895331
30.37, 3874635
30.76, 3870025
31.11, 3859832
31.61, 3852945
32.03, 3850539
32.42, 3839078
32.85, 3837384
33.22, 3817335
33.58, 3813281
34.01, 3813218
34.48, 3807568
34.86, 3804905
35.23, 3736626
35.64, 3728243
36.03, 3726174
36.47, 3725758
37.08, 3724961
37.41, 3716368
38.22, 3713849
38.61, 3709934
38.90, 3707411
39.25, 3707297
39.73, 3700718
40.20, 3699933
40.59, 3694741
41.13, 3694383
41.55, 3683116
41.99, 3678957
42.47, 3669413
42.91, 3668532
43.25, 3662001
43.61, 3661247
44.00, 3660930
44.40, 3659902
44.75, 3658817
45.19, 3653916
45.60, 3653134
46.00, 3652875
46.41, 3651495
46.74, 3651125
47.19, 3648525
47.83, 3630983
48.36, 3627148
48.84, 3625933
49.21, 3625581
49.53, 3624089
49.83, 3623431
50.19, 3622155
50.56, 3613770
50.96, 3599847
51.41, 3596964
51.73, 3590709
52.07, 3586360
52.36, 3562656
52.71, 3562168
53.02, 3561352
53.33, 3544124
53.73, 3536036
54.23, 3534688
54.78, 3522613
55.25, 3519496
55.66, 3514599
56.11, 3436517
56.62, 3434678
57.08, 3433832
57.70, 3425002
58.36, 3424301
58.71, 3420379
59.23, 3419953
59.76, 3419197
60.24, 3418531
60.73, 3418373
61.28, 3417867
61.74, 3417523
62.15, 3417511
62.69, 3417498
63.24, 3417389
63.69, 3416867
64.16, 3416113
64.67, 3403092
65.17, 3317313
65.65, 3315924
66.19, 3313972
66.68, 3305138
67.32, 3303748
68.05, 3303444
68.48, 3299924
68.89, 3292432
69.34, 3271742
69.82, 3259572
70.32, 3245683
70.84, 3240791
71.32, 3239827
71.82, 3189661
72.32, 3167979
72.77, 3164899
73.23, 3163761
73.66, 3163652
74.20, 3161670
74.72, 3160617
75.24, 3155947
75.85, 3155385
76.39, 3155019
76.83, 3154553
77.38, 3149830
78.10, 3149314
78.50, 3148717
78.83, 3129954
79.33, 3125148
79.90, 3124224
80.36, 3115297
80.85, 3114065
81.40, 3113912
81.90, 3108654
82.42, 3107101
82.84, 3102844
83.40, 3102350
83.97, 3101907
84.39, 3101425
85.02, 3099857
85.52, 3099623
85.97, 3095423
86.55, 3093950
87.12, 3087022
87.95, 3085674
88.40, 3083283
88.89, 3078554
89.62, 3077689
90.25, 3073600
90.74, 3073539
91.26, 3069112
91.88, 3068342
92.40, 3067791
92.92, 3067629
93.50, 3067242
94.13, 3066832
94.54, 3063763
95.04, 3059275
95.58, 3000800
96.16, 2999480
96.85, 2998947
97.65, 2996872
98.49, 2994275
99.10, 2994155
100.07, 2991662
101.13, 2991272
102.34, 2990021
103.43, 2989393
103.62, 2988155
103.95, 2967047
104.82, 2966329
105.60, 2963301
106.47, 2956683
107.31, 2956592
108.29, 2956556
109.62, 2880562
111.02, 2832367
112.73, 2817829
113.95, 2817728
115.42, 2817652
116.67, 2815872
117.84, 2815345
118.96, 2813355
120.23, 2812748
121.56, 2812230
122.92, 2811121
124.17, 2810319
125.54, 2809129
126.79, 2806621
128.26, 2806462
129.47, 2805979
130.97, 2804454
132.26, 2803857
133.57, 2801285
134.83, 2798406
136.25, 2797447
137.66, 2795338
139.32, 2792284
140.73, 2791797
141.98, 2790266
143.27, 2789941
144.54, 2784822
145.80, 2782821
147.04, 2781578
148.73, 2780328
150.01, 2779325
151.40, 2779234
152.70, 2779090
154.01, 2778858
154.89, 2778321
156.18, 2776882
157.31, 2776479
158.99, 2776180
160.63, 2774410
162.19, 2774246
163.81, 2774208
165.42, 2768751
167.28, 2768493
169.25, 2763305
170.96, 2761447
172.59, 2758172
174.29, 2756509
175.84, 2756225
177.69, 2755431
179.40, 2755429
181.09, 2755211
183.02, 2755189
184.81, 2754821
186.57, 2753438
188.94, 2753078
191.02, 2752750
193.21, 2749307
194.65, 2748830
196.04, 2748475
197.30, 2748392
198.94, 2748291
200.41, 2747490
201.86, 2747413
203.44, 2745330
204.98, 2743702
206.51, 2743401
208.26, 2740069
209.89, 2672556
211.40, 2672452
212.79, 2670697
214.58, 2600444
216.36, 2599627
218.17, 2597714
219.99, 2565260
221.77, 2563045
223.65, 2560087
224.32, 2557098
224.47, 2556279
224.64, 2556127
224.87, 2552209
225.31, 2542774
225.55, 2542161
225.76, 2539318
226.06, 2536651
226.54, 2529762
227.02, 2503204
227.82, 2465899
228.37, 2441690
228.99, 2413242
229.46, 2409827
229.93, 2398190
230.43, 2397314
230.89, 2383414
231.31, 2366741
231.78, 2365509
232.25, 2357899
232.74, 2356131
233.27, 2354821
233.79, 2354790
234.39, 2354645
235.14, 2352388
235.65, 2348980
236.09, 2348716
236.64, 2344789
237.69, 2341598
238.71, 2303092
239.40, 2301972
239.71, 2301786
240.10, 2297607
240.55, 2296797
241.24, 2296240
241.90, 2296052
242.63, 2295106
243.62, 2292237
244.31, 2292066
245.07, 2290962
245.72, 2290816
246.57, 2290534
248.00, 2211958
248.98, 2208347
250.55, 2161318
251.85, 2158211
253.35, 2158114
254.77, 2148921
255.92, 2108864
257.47, 2108640
259.16, 2064081
261.52, 2062715
263.33, 2061506
264.30, 2061376
265.23, 2060977
266.53, 2037963
268.37, 2021108
270.23, 2019760
271.99, 2019115
273.45, 2018226
274.79, 1963559
276.64, 1962835
278.86, 1959341
280.68, 1949583
282.89, 1947668
284.63, 1947351
285.80, 1924878
287.28, 1923937
289.38, 1921403
291.17, 1911588
292.93, 1909927
294.66, 1909791
296.62, 1908107
298.74, 1885736
300.33, 1885578
301.90, 1885295
303.63, 1884836
305.31, 1884696
306.25, 1863263
308.12, 1813702
310.14, 1813149
312.53, 1812796
314.88, 1810504
317.24, 1810259
320.19, 1809476
322.53, 1809426
325.15, 1802797
327.68, 1801762
330.29, 1801038
332.76, 1791509
334.97, 1791149
337.36, 1790980
339.70, 1790703
342.18, 1790146
344.52, 1788860
346.96, 1788393
349.55, 1788341
352.57, 1787905
355.71, 1787900
359.02, 1787290
362.69, 1778684
366.60, 1777729
367.17, 1772417
368.11, 1772349
368.66, 1772222
369.24, 1770088
369.88, 1764505
370.63, 1764253
374.42, 1764005
378.42, 1762875
382.24, 1762608
385.32, 1761841
388.76, 1761274
391.51, 1761235
394.47, 1759915
398.23, 1759527
402.01, 1759047
405.06, 1758942
408.10, 1758214
411.22, 1757860
414.32, 1757098
417.40, 1752165
420.26, 1751933
422.80, 1751891
425.39, 1751731
428.43, 1751431
431.40, 1750929
434.28, 1750474
437.40, 1750452
440.72, 1746528
443.22, 1746137
445.83, 1745573
448.62, 1744843
451.64, 1744360
455.09, 1740999
458.74, 1736539
461.41, 1736294
463.77, 1734982
466.48, 1734975
469.43, 1733320
472.30, 1732632
475.09, 1732336
478.16, 1731206
481.31, 1729734
484.25, 1729712
487.47, 1729609
490.96, 1729606
493.99, 1728640
496.98, 1728619
500.13, 1728237
503.98, 1728138
507.07, 1727726
510.44, 1727382
513.43, 1727148
516.08, 1726990
519.25, 1726945
522.68, 1726880
526.03, 1726837
529.62, 1724825
532.92, 1724143
536.98, 1724111
541.01, 1723237
545.67, 1722097
549.55, 1720290
553.20, 1719745
557.03, 1719609
561.30, 1718885
565.01, 1717704
568.90, 1717559
572.86, 1712092
577.14, 1711202
582.43, 1710220
586.24, 1705474
590.43, 1698649
594.18, 1697835
598.37, 1697727
602.18, 1696456
