0.30, 6951165
0.30, 6900076
0.30, 6879931
0.30, 6878580
0.31, 6798710
0.31, 6771650
0.31, 6771409
0.32, 6764588
0.32, 6760732
0.34, 6760159
0.35, 6732313
0.35, 6730105
0.36, 6725974
0.37, 6725650
0.37, 6679509
0.37, 6666010
0.39, 6665544
0.40, 6664750
0.42, 6664641
0.44, 6663551
0.45, 6653113
0.45, 6651955
0.46, 6648410
0.47, 6647972
0.49, 6647164
0.50, 6646463
0.50, 6640834
0.52, 6640831
0.53, 6640238
0.53, 6638559
0.53, 6637390
0.53, 6635534
0.53, 6635115
0.53, 6634162
0.54, 6632251
0.54, 6631915
0.54, 6628136
0.56, 6627407
0.58, 6627339
0.58, 6615720
0.59, 6614770
0.59, 6613836
0.59, 6612258
0.59, 6603661
0.62, 6603321
0.63, 6602674
0.63, 6602619
0.63, 6598515
0.63, 6596389
0.63, 6594842
0.63, 6542435
0.64, 6541222
0.65, 6539788
0.65, 6538054
0.67, 6537103
0.67, 6533813
0.67, 6528512
0.67, 6528066
0.67, 6518187
0.67, 6517398
0.68, 6514472
0.68, 6508584
0.68, 6483501
0.68, 6483105
0.68, 6477755
0.69, 6476736
0.69, 6458876
0.69, 6456439
0.69, 6450260
0.69, 6446368
0.69, 6446210
0.69, 6388926
0.69, 6386549
0.70, 6380396
0.70, 6371894
0.72, 6371266
0.74, 6369871
0.74, 6369354
0.74, 6368770
0.74, 6368111
0.74, 6367800
0.74, 6357395
0.74, 6352298
0.74, 6352274
0.75, 6351955
0.75, 6349493
0.75, 6348169
0.76, 6347090
0.76, 6346816
0.79, 6346767
0.79, 6339811
0.79, 6331679
0.80, 6330811
0.82, 6330479
0.84, 6330158
0.84, 6329244
0.85, 6329119
0.85, 6328119
0.85, 6325147
0.85, 6321506
0.85, 6312120
0.86, 6310324
0.86, 6309354
0.86, 6307302
0.87, 6306084
0.87, 6305702
0.87, 6302968
0.87, 6300750
0.87, 6282012
0.88, 6281580
0.88, 6241841
0.89, 6241043
0.89, 6223967
0.89, 6222708
0.89, 6221799
0.91, 6220982
0.94, 6220338
0.95, 6211315
0.95, 6209666
0.95, 6209292
0.95, 6206880
0.95, 6203269
0.95, 6202174
0.95, 6067110
0.95, 6066605
0.95, 6055932
0.95, 6052675
0.97, 6052360
0.99, 6052135
0.99, 6046743
0.99, 6043205
0.99, 6042988
0.99, 6034231
0.99, 6029620
0.99, 6029208
1.00, 6026969
1.00, 6026048
1.00, 6025754
1.00, 6024631
1.00, 6020012
1.00, 6019826
1.00, 6019338
1.00, 6016791
1.00, 6011664
1.00, 6011334
1.00, 5972645
1.00, 5937094
1.00, 5936931
1.01, 5933451
1.01, 5929424
1.01, 5925658
1.01, 5924956
1.02, 5924903
1.02, 5840002
1.04, 5839449
1.04, 5838441
1.05, 5836595
1.05, 5836579
1.07, 5836479
1.07, 5835542
1.09, 5835319
1.11, 5834553
1.11, 5831637
1.11, 5827513
1.11, 5827382
1.11, 5820114
1.11, 5819813
1.11, 5813845
1.11, 5803111
1.11, 5800414
1.11, 5799261
1.12, 5786655
1.12, 5773078
1.12, 5767125
1.12, 5765310
1.14, 5765112
1.16, 5765082
1.16, 5762542
1.18, 5761558
1.22, 5760772
1.22, 5666368
1.22, 5665191
1.22, 5662091
1.22, 5660899
1.24, 5660763
1.26, 5660717
1.26, 5660640
1.26, 5576831
1.26, 5572008
1.26, 5566253
1.27, 5565012
1.27, 5564456
1.27, 5564455
1.27, 5564424
1.27, 5563232
1.29, 5562260
1.31, 5562090
1.31, 5469848
1.34, 5468287
1.34, 5467851
1.34, 5431411
1.34, 5420294
1.34, 5413023
1.34, 5380832
1.35, 5361528
1.35, 5338000
1.35, 5332275
1.35, 5327174
1.35, 5324994
1.35, 5288028
1.35, 5286655
1.35, 5272711
1.35, 5270059
1.35, 5269605
1.35, 5266500
1.36, 5265947
1.36, 5263360
1.36, 5263133
1.36, 5262712
1.39, 5262640
1.39, 5261588
1.39, 5261231
1.39, 5261215
1.39, 5251857
1.44, 5251688
1.53, 5251063
1.53, 5250243
1.67, 5173432
1.91, 5173363
2.22, 5081693
2.59, 5080669
2.99, 5079425
3.11, 5073387
3.35, 5072016
3.64, 5071356
4.04, 5071335
4.26, 5071215
4.89, 5068537
5.61, 5063881
5.67, 5063655
5.76, 5063045
5.82, 5042670
5.90, 5041530
5.99, 5037280
6.08, 5035932
6.21, 5035773
6.57, 5034712
7.23, 5033219
7.50, 5029018
7.70, 5028924
8.02, 4974467
9.68, 4944036
9.85, 4943773
10.09, 4942655
10.24, 4942591
10.44, 4942216
10.68, 4903729
10.76, 4903669
10.91, 4899817
11.09, 4899671
11.21, 4899502
11.41, 4868570
11.77, 4867693
11.90, 4867526
12.68, 4867513
13.54, 4867395
14.04, 4865791
14.22, 4864789
14.85, 4856107
14.96, 4856029
15.12, 4855805
15.30, 4849774
15.34, 4848664
15.45, 4847927
15.58, 4830623
15.66, 4824522
15.69, 4824275
15.79, 4823966
15.90, 4822839
16.09, 4820305
16.21, 4820170
16.63, 4751593
16.63, 4751574
16.63, 4751518
16.63, 4751426
16.79, 4751339
16.80, 4751201
16.80, 4742358
16.81, 4741199
16.81, 4741001
16.81, 4737421
16.81, 4731855
16.94, 4705445
17.07, 4704256
17.07, 4703113
17.08, 4703015
17.08, 4702820
17.08, 4702764
17.19, 4702581
17.21, 4702434
17.33, 4656487
17.43, 4655360
17.43, 4655310
17.69, 4654942
17.85, 4654795
17.96, 4629472
18.04, 4627773
18.15, 4621823
18.34, 4620058
18.56, 4606832
18.80, 4606770
19.09, 4605068
19.25, 4604070
19.62, 4603396
19.98, 4603338
20.34, 4603258
20.46, 4602451
20.55, 4601345
20.55, 4600364
20.60, 4600220
20.67, 4600048
20.75, 4583026
20.86, 4568921
21.02, 4564919
21.15, 4549395
21.24, 4549141
21.37, 4548502
21.47, 4546767
21.58, 4546269
21.71, 4545151
21.98, 4544534
22.05, 4538596
22.12, 4533406
22.20, 4532320
22.47, 4530410
22.66, 4525668
22.80, 4525519
22.99, 4522964
23.16, 4520324
23.28, 4518499
23.44, 4516887
24.00, 4491321
24.45, 4488027
24.45, 4488019
24.47, 4487982
24.49, 4486594
24.63, 4485217
25.48, 4484629
25.73, 4484571
25.97, 4484392
26.33, 4483104
26.82, 4477716
27.22, 4475658
27.64, 4475484
28.15, 4475296
28.97, 4473186
29.50, 4471039
29.86, 4467851
30.20, 4465744
30.69, 4462793
30.69, 4462759
30.69, 4462704
31.01, 4455344
31.01, 4453763
31.20, 4452587
31.68, 4452240
31.93, 4451796
32.13, 4450946
32.71, 4448752
33.40, 4448133
34.07, 4421832
34.07, 4421765
34.07, 4421752
34.08, 4421684
34.82, 4397484
34.83, 4396770
35.10, 4394926
35.58, 4394477
35.98, 4384857
36.69, 4377947
37.65, 4370434
38.94, 4368520
39.47, 4363124
40.07, 4361828
40.40, 4338108
40.76, 4337820
41.12, 4322258
41.30, 4321876
41.59, 4320879
41.89, 4318845
42.14, 4317166
42.62, 4316067
42.86, 4315304
43.08, 4315051
43.31, 4315011
43.65, 4314115
44.17, 4313892
45.51, 4313596
45.96, 4310641
46.61, 4309326
47.15, 4308183
47.58, 4306775
48.12, 4219241
49.25, 4215790
49.83, 4183980
50.59, 4180632
51.18, 4178116
51.63, 4177853
52.08, 4177076
53.03, 4176776
53.57, 4175378
54.49, 4174937
55.86, 4174377
56.41, 4174065
57.12, 4173849
57.54, 4173836
57.91, 4173737
58.59, 4173735
59.25, 4168942
59.85, 4167564
60.72, 4167378
61.42, 4166293
62.18, 4165676
62.95, 4162626
63.67, 4160574
64.52, 4160157
65.66, 4159982
66.48, 4158374
67.53, 4158359
68.31, 4154022
69.20, 4152998
70.02, 4152439
71.11, 4151974
72.00, 4151599
73.03, 4151532
73.72, 4151271
74.71, 4151223
75.75, 4150911
77.65, 4149863
79.46, 4149856
81.23, 4149497
82.97, 4149361
84.68, 4148950
87.10, 4148931
89.03, 4148792
90.80, 4147408
92.98, 4117362
95.52, 4117156
97.76, 4114085
100.55, 4112924
