0.33, 7268834
0.33, 7266427
0.33, 7233661
0.35, 7223756
0.35, 7215019
0.37, 7214517
0.37, 7212500
0.37, 7204132
0.38, 7195923
0.38, 7182779
0.38, 7157106
0.40, 7147119
0.42, 7144267
0.42, 7141563
0.42, 7136471
0.43, 7134286
0.43, 7121647
0.43, 7119965
0.43, 7117075
0.46, 7096442
0.48, 7089979
0.49, 7069116
0.49, 7049733
0.49, 7037234
0.50, 7032759
0.50, 7009032
0.50, 6978904
0.51, 6973368
0.51, 6963637
0.51, 6959419
0.52, 6955889
0.54, 6954792
0.54, 6944591
0.54, 6928310
0.54, 6853490
0.54, 6842375
0.55, 6840561
0.55, 6825836
0.56, 6820189
0.58, 6820013
0.58, 6819960
0.58, 6795667
0.58, 6792960
0.59, 6790190
0.59, 6790090
0.59, 6758298
0.60, 6757309
0.60, 6753649
0.61, 6747613
0.61, 6694843
0.61, 6690736
0.61, 6675546
0.62, 6660313
0.62, 6617716
0.63, 6616692
0.63, 6605924
0.63, 6601022
0.63, 6589989
0.64, 6584807
0.65, 6583392
0.65, 6578645
0.68, 6577092
0.70, 6576678
0.73, 6565372
0.75, 6560528
0.75, 6559208
0.78, 6545479
0.78, 6544996
0.88, 6544940
0.89, 6518886
0.97, 6518305
1.08, 6518136
1.19, 6517883
1.21, 6516818
1.27, 6505443
1.27, 6471468
1.29, 6471208
1.30, 6450069
1.33, 6449483
1.35, 6441268
1.36, 6428512
1.38, 6427631
1.38, 6426682
1.42, 6424010
1.43, 6400026
1.43, 6387264
1.43, 6385067
1.45, 6370417
1.45, 6368610
1.47, 6367137
1.49, 6348569
1.51, 6329387
1.55, 6328751
1.57, 6328469
1.61, 6320764
1.64, 6320760
1.64, 6316589
1.64, 6271811
1.64, 6271040
1.67, 6268731
1.68, 6268428
1.71, 6268258
1.72, 6266557
1.72, 6243998
1.72, 6243094
1.72, 6224864
1.72, 6213177
1.73, 6204410
1.73, 6185464
1.73, 6132149
1.73, 6122989
1.73, 6114065
1.73, 6079711
1.73, 6076756
1.74, 6008568
1.74, 6007147
1.74, 5998619
1.75, 5994688
1.84, 5992390
1.92, 5992248
1.93, 5950587
1.94, 5939061
2.03, 5935649
2.09, 5934339
2.14, 5933792
2.14, 5911860
2.14, 5911859
2.14, 5910288
2.14, 5861104
2.20, 5860072
2.20, 5859503
2.29, 5859162
2.29, 5832576
2.42, 5809470
2.60, 5809190
2.69, 5769483
2.82, 5763350
2.93, 5762223
3.11, 5762094
3.31, 5760521
3.43, 5759927
3.53, 5757743
3.63, 5710218
3.73, 5709238
3.84, 5704863
3.94, 5701186
4.04, 5700138
4.14, 5663545
4.26, 5642023
4.40, 5640955
4.51, 5636574
4.62, 5632148
4.81, 5631283
4.96, 5631180
5.02, 5630791
5.09, 5624550
5.09, 5624330
5.26, 5623998
5.33, 5600465
5.41, 5580853
5.51, 5552315
5.60, 5549515
5.74, 5542191
5.86, 5505812
5.96, 5493998
6.04, 5478126
6.13, 5477275
6.25, 5475094
6.35, 5458064
6.46, 5457652
6.59, 5457228
6.70, 5455190
6.82, 5444086
6.95, 5444023
7.02, 5443361
7.14, 5431709
7.24, 5413033
7.36, 5353420
7.43, 5349286
7.51, 5348356
7.62, 5344670
7.70, 5340099
7.81, 5337270
7.94, 5334765
8.03, 5330963
8.11, 5315100
8.19, 5303986
8.28, 5301023
8.36, 5264903
8.46, 5255257
8.54, 5253297
8.69, 5251719
8.92, 5235107
9.19, 5209704
9.19, 5209654
9.46, 5209168
9.46, 5208805
9.62, 5194234
9.89, 5193327
9.89, 5193277
10.18, 5181988
10.18, 5181428
10.39, 5180321
10.39, 5179978
10.58, 5167133
10.74, 5166725
10.75, 5166165
11.26, 5151754
11.27, 5151353
11.48, 5145437
11.66, 5142603
11.82, 5131251
11.82, 5130651
11.99, 5129967
12.16, 5091595
12.16, 5091545
12.38, 5068306
12.38, 5067610
12.62, 5066565
12.89, 5065918
13.10, 5059538
13.11, 5059292
13.31, 5054480
13.31, 5053895
13.57, 5047202
13.57, 5046831
13.82, 5044286
14.12, 5029819
14.41, 5029376
14.58, 5021889
14.58, 5021681
14.78, 5019089
15.02, 4999918
15.02, 4999537
15.17, 4986611
15.17, 4986426
15.35, 4967747
15.35, 4967376
15.53, 4965223
15.73, 4956166
15.94, 4942039
16.15, 4940070
16.15, 4939828
16.40, 4934841
16.62, 4934782
16.81, 4934131
17.05, 4933811
17.31, 4933751
17.64, 4933215
18.06, 4931243
18.65, 4920837
19.35, 4918888
20.12, 4916235
20.61, 4916139
21.42, 4916059
21.80, 4897882
22.35, 4892880
22.89, 4890046
23.42, 4889721
23.91, 4889564
24.56, 4888987
25.23, 4873124
25.81, 4855926
26.54, 4846241
27.20, 4845523
27.90, 4828697
28.73, 4826128
29.51, 4825612
30.07, 4825194
30.74, 4813960
31.55, 4809409
32.18, 4807127
32.77, 4763525
33.39, 4644131
33.93, 4641161
34.46, 4634599
34.96, 4629133
35.54, 4628342
36.17, 4626880
36.75, 4624580
37.47, 4612476
38.12, 4609639
38.69, 4607556
39.21, 4600213
39.85, 4596348
40.45, 4590733
41.33, 4586555
41.85, 4563131
42.42, 4561153
43.00, 4546487
43.61, 4543563
44.14, 4535702
44.77, 4528458
45.41, 4525279
45.96, 4523409
46.51, 4516582
47.16, 4510841
47.58, 4510452
48.03, 4509480
48.46, 4508576
48.95, 4508237
49.58, 4507507
50.36, 4506604
51.47, 4484615
52.49, 4483975
53.23, 4483724
54.01, 4482880
54.65, 4480990
55.60, 4480082
56.44, 4480011
57.12, 4479958
57.58, 4479733
58.04, 4478344
58.48, 4478338
58.96, 4477332
59.21, 4476741
59.84, 4475186
60.35, 4469147
60.66, 4468847
61.38, 4468150
62.09, 4467548
63.13, 4467210
63.59, 4467170
64.11, 4464368
64.64, 4464193
65.21, 4464105
65.96, 4463629
66.32, 4463549
66.76, 4463302
67.57, 4461112
68.17, 4461037
68.56, 4460660
69.68, 4459891
70.98, 4458141
72.54, 4454048
73.95, 4453289
75.50, 4451719
76.63, 4450925
78.11, 4450841
79.22, 4449105
80.63, 4431777
82.45, 4431448
84.01, 4431144
84.52, 4427838
85.00, 4420391
85.51, 4417071
86.01, 4400439
86.52, 4400372
87.06, 4382956
87.54, 4371883
88.04, 4370419
88.61, 4370330
89.07, 4366687
89.55, 4345233
90.05, 4336291
90.56, 4333474
91.46, 4328870
91.96, 4328480
92.52, 4325077
93.16, 4319850
93.86, 4314522
94.31, 4314220
95.09, 4314217
95.79, 4308659
96.58, 4305857
97.38, 4303737
98.04, 4301194
98.85, 4298554
99.65, 4297585
100.50, 4289400
101.50, 4289081
102.19, 4279197
102.96, 4278453
103.72, 4278336
104.45, 4263445
104.87, 4262318
106.30, 4258098
107.50, 4254879
108.18, 4239806
108.68, 4233904
109.30, 4231315
109.84, 4228806
110.28, 4228619
111.14, 4228337
112.16, 4227236
112.84, 4226207
113.69, 4221466
114.40, 4221351
115.35, 4220969
116.03, 4220945
116.95, 4219130
117.64, 4219026
118.72, 4215487
119.47, 4214986
120.35, 4212790
121.42, 4212583
122.32, 4210087
123.21, 4208546
124.22, 4206853
124.90, 4206352
125.79, 4195414
126.51, 4195332
127.48, 4187943
128.15, 4187855
129.05, 4184941
129.70, 4184734
130.70, 4182305
131.85, 4182065
132.77, 4177299
133.60, 4176663
134.68, 4174470
135.74, 4172298
136.61, 4172058
137.51, 4168699
138.31, 4167503
139.24, 4166868
140.16, 4163681
141.23, 4151943
142.13, 4151894
143.08, 4139171
143.60, 4138024
144.06, 4137222
144.85, 4136650
145.63, 4129470
146.28, 4126130
146.73, 4126119
147.44, 4122176
147.95, 4121196
148.62, 4119874
149.31, 4100703
149.92, 4084373
150.65, 4081519
151.57, 4080993
152.23, 4080823
152.83, 4074825
153.64, 4065989
154.52, 4054151
155.31, 4050922
156.17, 4006953
157.00, 4005450
158.03, 3995539
158.90, 3988599
159.74, 3988521
160.61, 3988381
161.65, 3987443
162.49, 3986231
163.42, 3984063
164.19, 3982276
164.94, 3981555
165.83, 3972291
166.69, 3967217
167.62, 3967050
168.55, 3961041
169.37, 3960381
170.27, 3960257
171.43, 3960142
172.36, 3958352
173.29, 3958189
174.42, 3958165
175.45, 3955219
176.27, 3954337
177.22, 3949152
178.39, 3930357
179.13, 3929656
180.01, 3929159
181.34, 3925204
182.27, 3921965
183.09, 3921656
184.05, 3921344
184.88, 3920811
185.84, 3918098
186.72, 3916503
187.54, 3916194
188.45, 3912420
189.26, 3911630
190.38, 3897529
191.59, 3896141
192.57, 3883786
193.85, 3875647
194.76, 3872273
195.35, 3872268
196.08, 3871729
197.07, 3865911
198.00, 3863784
198.84, 3863616
199.68, 3862785
200.64, 3861514
201.88, 3861056
202.82, 3857081
203.77, 3855703
204.82, 3850758
205.79, 3849348
206.73, 3847595
207.74, 3846215
208.86, 3839370
209.80, 3825127
210.47, 3825034
211.51, 3824495
212.63, 3822416
213.38, 3822365
214.17, 3821548
215.20, 3820261
216.09, 3817097
217.04, 3816478
218.08, 3816312
219.04, 3812307
220.12, 3811351
221.53, 3811054
222.62, 3810457
223.67, 3809665
224.84, 3809584
225.95, 3808646
227.18, 3802460
228.35, 3802260
229.53, 3802047
230.98, 3801702
232.28, 3801697
233.44, 3801362
234.65, 3800990
236.20, 3799159
238.26, 3798833
239.71, 3798787
240.65, 3798687
242.36, 3795749
243.63, 3795152
245.15, 3793588
246.57, 3793399
248.12, 3793063
249.58, 3791509
251.48, 3784329
252.75, 3780773
254.45, 3780216
255.42, 3778728
256.67, 3774659
258.16, 3773290
259.46, 3770459
261.26, 3769420
262.73, 3768954
264.07, 3766302
265.54, 3764875
267.00, 3763671
268.64, 3762901
270.10, 3762103
271.96, 3728536
273.97, 3726822
275.54, 3726802
277.23, 3721066
278.39, 3721026
279.53, 3720414
280.97, 3719811
282.62, 3719623
284.05, 3719225
286.66, 3718745
288.34, 3715719
289.41, 3714421
290.41, 3713493
291.47, 3709757
291.86, 3709462
292.35, 3709381
293.51, 3708813
294.60, 3708776
296.15, 3707278
298.01, 3705832
299.63, 3705714
300.71, 3703711
302.38, 3695139
303.76, 3694323
305.37, 3692777
307.21, 3692621
308.49, 3692035
311.34, 3690789
312.74, 3690590
314.64, 3689410
316.16, 3687112
317.56, 3685291
318.82, 3684980
320.44, 3683003
322.24, 3673425
323.82, 3670104
325.52, 3669180
326.92, 3667094
328.55, 3664486
330.46, 3664044
332.68, 3663055
333.76, 3661689
334.72, 3657555
335.60, 3656977
336.56, 3655445
337.61, 3654890
338.69, 3654392
339.53, 3653756
340.42, 3645783
341.61, 3644131
343.14, 3642996
344.95, 3642585
346.68, 3641109
348.40, 3640396
349.89, 3639139
351.93, 3630452
353.98, 3621938
355.52, 3614650
357.17, 3614052
358.85, 3607455
360.52, 3607033
362.24, 3606441
363.92, 3606008
365.53, 3601908
367.29, 3597903
368.65, 3597337
370.24, 3593071
372.33, 3592955
374.43, 3592404
376.17, 3592103
378.11, 3591730
379.50, 3591659
380.74, 3589214
382.30, 3586933
383.69, 3586573
385.01, 3585892
386.98, 3585846
388.80, 3585830
390.55, 3585217
392.63, 3584934
394.48, 3577765
396.35, 3576220
398.32, 3576154
399.98, 3575166
402.06, 3575020
403.94, 3574779
405.59, 3574452
407.11, 3574255
408.61, 3574029
409.80, 3573820
410.90, 3573817
412.47, 3572462
414.01, 3571779
415.72, 3569877
417.55, 3568652
419.22, 3568178
421.20, 3566710
422.67, 3566516
424.13, 3566175
425.61, 3565816
427.23, 3565674
428.68, 3565389
430.25, 3564351
432.83, 3563318
435.22, 3561901
437.43, 3560662
439.71, 3560652
442.44, 3558330
444.52, 3555473
446.44, 3555376
448.67, 3555199
450.76, 3554967
453.53, 3554567
456.11, 3553415
458.64, 3551029
461.21, 3551008
463.42, 3548064
465.75, 3542815
467.18, 3542270
468.42, 3541375
470.65, 3541362
472.85, 3538552
475.23, 3538481
477.08, 3538473
479.19, 3537854
481.33, 3536912
483.29, 3536162
485.27, 3536041
488.12, 3535407
489.77, 3535399
491.14, 3534983
492.60, 3534327
494.90, 3533357
496.96, 3532812
499.18, 3532569
501.66, 3531229
503.74, 3529389
505.90, 3528522
507.96, 3528462
509.70, 3526162
512.01, 3519868
514.16, 3519140
516.32, 3517897
518.45, 3515501
520.35, 3514644
522.74, 3514372
525.07, 3513734
527.80, 3513261
529.80, 3497126
532.18, 3496258
534.54, 3470261
535.92, 3469980
537.34, 3469524
538.64, 3468563
539.95, 3467216
541.63, 3466258
543.02, 3466010
544.48, 3465762
546.12, 3465015
547.55, 3464655
549.12, 3462499
551.61, 3459057
553.76, 3458972
555.48, 3458674
557.08, 3458011
559.15, 3457931
561.60, 3450880
563.33, 3449716
565.01, 3449426
566.69, 3448691
568.85, 3447777
571.13, 3445924
573.45, 3444970
575.81, 3444769
578.18, 3444438
580.85, 3442596
584.17, 3442143
587.21, 3440913
589.74, 3440428
592.56, 3439276
594.95, 3438247
597.42, 3437276
599.79, 3435445
602.16, 3355999
