0.35, 7268834
0.35, 7266427
0.35, 7233661
0.36, 7223756
0.37, 7215019
0.37, 7214517
0.38, 7212500
0.38, 7204132
0.39, 7195923
0.39, 7182779
0.40, 7157106
0.42, 7147119
0.44, 7144267
0.44, 7141563
0.44, 7136471
0.44, 7134286
0.44, 7121647
0.44, 7119965
0.45, 7117075
0.46, 7096442
0.50, 7089979
0.50, 7069116
0.51, 7049733
0.52, 7037234
0.52, 7032759
0.53, 7009032
0.54, 6978904
0.55, 6973368
0.55, 6963637
0.56, 6959419
0.56, 6955889
0.57, 6954792
0.58, 6944591
0.58, 6928310
0.58, 6853490
0.58, 6842375
0.59, 6840561
0.59, 6825836
0.59, 6820189
0.62, 6820013
0.62, 6819960
0.62, 6795667
0.63, 6792960
0.64, 6790190
0.64, 6790090
0.64, 6758298
0.65, 6757309
0.65, 6753649
0.66, 6747613
0.66, 6694843
0.66, 6690736
0.67, 6675546
0.67, 6660313
0.68, 6617716
0.68, 6616692
0.68, 6605924
0.69, 6601022
0.69, 6589989
0.71, 6584807
0.71, 6583392
0.71, 6578645
0.77, 6577092
0.88, 6576678
0.98, 6565372
1.05, 6560528
1.05, 6559208
1.14, 6545479
1.14, 6544996
1.21, 6544940
1.21, 6518886
1.28, 6518305
1.31, 6518136
1.35, 6517883
1.36, 6516818
1.38, 6505443
1.38, 6471468
1.39, 6471208
1.39, 6450069
1.40, 6449483
1.41, 6441268
1.41, 6428512
1.42, 6427631
1.42, 6426682
1.42, 6424010
1.43, 6400026
1.43, 6387264
1.43, 6385067
1.43, 6370417
1.43, 6368610
1.43, 6367137
1.44, 6348569
1.44, 6329387
1.48, 6328751
1.51, 6328469
1.54, 6320764
1.59, 6320760
1.59, 6316589
1.59, 6271811
1.59, 6271040
1.65, 6268731
1.65, 6268428
1.71, 6268258
1.71, 6266557
1.71, 6243998
1.72, 6243094
1.72, 6224864
1.72, 6213177
1.72, 6204410
1.72, 6185464
1.72, 6132149
1.73, 6122989
1.73, 6114065
1.73, 6079711
1.73, 6076756
1.74, 6008568
1.74, 6007147
1.74, 5998619
1.75, 5994688
1.82, 5992390
1.89, 5992248
1.92, 5950587
1.93, 5939061
2.10, 5935649
2.23, 5934339
2.36, 5933792
2.36, 5911860
2.36, 5911859
2.37, 5910288
2.37, 5861104
2.57, 5860072
2.57, 5859503
2.79, 5859162
2.79, 5832576
3.03, 5809470
3.47, 5809190
3.55, 5769483
3.64, 5763350
3.73, 5762223
3.88, 5762094
3.96, 5760521
4.01, 5759927
4.08, 5757743
4.13, 5710218
4.19, 5709238
4.27, 5704863
4.39, 5701186
4.55, 5700138
4.63, 5663545
4.88, 5642023
5.10, 5640955
5.27, 5636574
5.45, 5632148
5.64, 5631283
5.82, 5631180
6.06, 5630791
6.14, 5624550
6.14, 5624330
6.29, 5623998
6.45, 5600465
6.66, 5580853
6.81, 5552315
6.99, 5549515
7.12, 5542191
7.18, 5505812
7.29, 5493998
7.37, 5478126
7.45, 5477275
7.54, 5475094
7.62, 5458064
7.71, 5457652
7.80, 5457228
7.90, 5455190
8.00, 5444086
8.11, 5444023
8.23, 5443361
8.38, 5431709
8.58, 5413033
8.78, 5353420
8.95, 5349286
9.14, 5348356
9.27, 5344670
9.33, 5340099
9.38, 5337270
9.43, 5334765
9.52, 5330963
9.57, 5315100
9.64, 5303986
9.69, 5301023
9.84, 5264903
9.91, 5255257
9.98, 5253297
10.15, 5251719
10.26, 5235107
10.41, 5209704
10.41, 5209654
10.62, 5209168
10.62, 5208805
10.78, 5194234
10.99, 5193327
10.99, 5193277
11.16, 5181988
11.16, 5181428
11.34, 5180321
11.35, 5179978
11.53, 5167133
11.64, 5166725
11.64, 5166165
11.74, 5151754
11.74, 5151353
11.87, 5145437
12.11, 5142603
12.30, 5131251
12.31, 5130651
12.54, 5129967
13.22, 5091595
13.22, 5091545
13.61, 5068306
13.61, 5067610
13.74, 5066565
13.96, 5065918
14.22, 5059538
14.22, 5059292
14.47, 5054480
14.47, 5053895
14.84, 5047202
14.84, 5046831
15.16, 5044286
15.37, 5029819
15.60, 5029376
15.76, 5021889
15.76, 5021681
15.98, 5019089
16.09, 4999918
16.09, 4999537
16.21, 4986611
16.21, 4986426
16.41, 4967747
16.41, 4967376
16.62, 4965223
16.81, 4956166
16.90, 4942039
17.09, 4940070
17.09, 4939828
17.39, 4934841
17.67, 4934782
17.83, 4934131
18.07, 4933811
18.29, 4933751
19.19, 4933215
19.52, 4931243
19.94, 4920837
20.41, 4918888
21.05, 4916235
21.44, 4916139
21.84, 4916059
22.49, 4897882
23.77, 4892880
24.06, 4890046
24.46, 4889721
25.06, 4889564
25.67, 4888987
26.45, 4873124
27.22, 4855926
27.75, 4846241
28.54, 4845523
29.23, 4828697
29.79, 4826128
30.31, 4825612
31.20, 4825194
31.79, 4813960
32.34, 4809409
33.52, 4807127
34.24, 4763525
35.03, 4644131
35.55, 4641161
36.09, 4634599
36.76, 4629133
37.56, 4628342
38.18, 4626880
38.93, 4624580
39.71, 4612476
40.24, 4609639
41.05, 4607556
41.62, 4600213
42.21, 4596348
43.11, 4590733
44.12, 4586555
44.85, 4563131
45.53, 4561153
46.26, 4546487
47.07, 4543563
47.66, 4535702
48.18, 4528458
49.03, 4525279
49.50, 4523409
50.07, 4516582
51.12, 4510841
51.62, 4510452
52.12, 4509480
52.83, 4508576
53.71, 4508237
54.17, 4507507
55.58, 4506604
56.53, 4484615
57.56, 4483975
58.83, 4483724
59.77, 4482880
61.17, 4480990
61.91, 4480082
62.76, 4480011
63.28, 4479958
63.46, 4479733
64.00, 4478344
65.25, 4478338
65.88, 4477332
66.07, 4476741
66.58, 4475186
67.04, 4469147
67.21, 4468847
67.74, 4468150
68.70, 4467548
70.03, 4467210
70.53, 4467170
71.11, 4464368
71.51, 4464193
72.02, 4464105
73.10, 4463629
73.61, 4463549
73.94, 4463302
75.14, 4461112
75.58, 4461037
76.03, 4460660
77.71, 4459891
79.19, 4458141
81.15, 4454048
83.34, 4453289
85.05, 4451719
86.29, 4450925
88.21, 4450841
89.84, 4449105
92.03, 4431777
94.01, 4431448
95.74, 4431144
96.21, 4427838
96.89, 4420391
97.51, 4417071
98.04, 4400439
98.70, 4400372
99.50, 4382956
101.23, 4371883
