0.08, 5510508
0.08, 5508196
0.08, 5467160
0.08, 5465773
0.08, 5464542
0.08, 5450790
0.08, 5409571
0.08, 5409233
0.08, 5395223
0.08, 5392344
0.08, 5387652
0.08, 5380393
0.08, 5358209
0.08, 5340097
0.08, 5328583
0.08, 5328094
0.08, 5326443
0.08, 5271939
0.09, 5251892
0.09, 5249754
0.09, 5237547
0.09, 5229979
0.09, 5227996
0.09, 5207743
0.09, 5205023
0.09, 5192996
0.09, 5044666
0.10, 5044399
0.10, 5033501
0.10, 5008173
0.10, 5001459
0.10, 4999831
0.10, 4984181
0.10, 4983831
0.10, 4981782
0.11, 4975650
0.11, 4942541
0.11, 4937400
0.11, 4894550
0.11, 4891933
0.12, 4888795
0.12, 4875687
0.12, 4839493
0.12, 4836379
0.12, 4794431
0.13, 4734933
0.13, 4700158
0.13, 4693101
0.13, 4682276
0.14, 4618301
0.14, 4596753
0.14, 4581075
0.15, 4576390
0.15, 4571342
0.15, 4563339
0.15, 4540523
0.15, 4537145
0.15, 4518039
0.16, 4507993
0.16, 4506467
0.17, 4506095
0.17, 4498281
0.18, 4475266
0.18, 4472583
0.18, 4470076
0.18, 4442040
0.18, 4401716
0.18, 4398266
0.18, 4396453
0.18, 4384181
0.19, 4383869
0.19, 4382790
0.20, 4374869
0.20, 4374839
0.20, 4299841
0.21, 4293507
0.22, 4283411
0.23, 4280769
0.23, 4247618
0.23, 4223388
0.23, 4213678
0.23, 4209987
0.23, 4204612
0.24, 4201501
0.25, 4193839
0.26, 4193252
0.26, 4061774
0.27, 4048816
0.27, 4047875
0.27, 4045333
0.27, 4029441
0.27, 4012977
0.27, 3999293
0.29, 3991367
0.29, 3989583
0.29, 3978518
0.29, 3976960
0.29, 3971709
0.29, 3968634
0.29, 3915321
0.29, 3883072
0.30, 3838419
0.31, 3836612
0.31, 3828853
0.32, 3743678
0.32, 3743421
0.32, 3720508
0.32, 3647464
0.32, 3640800
0.32, 3639674
0.33, 3636920
0.33, 3636331
0.33, 3610227
0.33, 3606776
0.33, 3579932
0.33, 3575907
0.34, 3560655
0.35, 3509544
0.36, 3508476
0.37, 3497089
0.37, 3493364
0.38, 3486708
0.40, 3479812
0.43, 3476470
0.46, 3457814
0.47, 3455881
0.50, 3431125
0.52, 3418030
0.56, 3412354
0.58, 3403377
0.61, 3386713
0.65, 3386053
0.67, 3379132
0.71, 3345900
0.74, 3336945
0.76, 3321571
0.80, 3320119
0.83, 3319155
0.86, 3300675
0.89, 3299274
0.92, 3297042
0.96, 3296080
1.00, 3295242
1.08, 3291624
1.22, 3287887
1.28, 3287203
1.34, 3285401
1.41, 3284541
1.46, 3281257
1.55, 3277909
1.63, 3201135
1.68, 3200455
1.72, 3199372
1.77, 3199334
1.96, 3195801
2.17, 3183953
2.30, 3181025
2.46, 3171603
2.54, 3167385
2.67, 3162238
2.98, 3160633
3.18, 3158942
3.51, 3156929
3.65, 3153051
3.74, 3151807
3.82, 3151205
3.87, 3151171
4.03, 3150645
4.17, 3150451
4.33, 3147115
4.50, 3146882
4.71, 3145959
5.00, 3144336
5.35, 3143638
5.71, 3136837
6.07, 3136486
6.56, 3135437
7.01, 3134305
7.51, 3134129
7.78, 3127776
8.09, 3121025
8.33, 3120700
8.59, 3114301
8.85, 3111369
9.15, 3093370
9.39, 3092704
9.80, 3085304
10.07, 3082419
10.45, 3080372
10.84, 3080077
11.19, 3072879
11.62, 3069831
11.90, 3063080
12.16, 3054539
12.16, 3054155
12.16, 3053893
12.16, 3049554
12.17, 3049543
12.17, 3044109
12.17, 3043414
12.17, 3041354
12.48, 3033914
13.00, 3018285
13.26, 2980877
13.49, 2977181
13.76, 2969645
14.17, 2920370
14.42, 2917697
14.67, 2897020
15.06, 2873540
15.38, 2868885
15.69, 2868081
16.00, 2861190
16.49, 2845290
16.78, 2824964
17.05, 2822334
17.32, 2807137
17.32, 2803382
17.32, 2802505
17.36, 2801035
17.37, 2799951
17.38, 2782376
17.73, 2778792
18.02, 2760562
18.48, 2752791
18.89, 2697980
19.18, 2663086
19.53, 2662775
19.87, 2615251
20.17, 2563979
20.46, 2548909
20.76, 2540836
21.06, 2529905
21.40, 2466731
21.79, 2465053
22.31, 2455151
22.98, 2440595
23.57, 2435036
24.00, 2430871
24.29, 2430136
24.58, 2407722
24.83, 2397676
25.19, 2316060
25.51, 2297820
26.00, 2297605
26.58, 2292539
26.99, 2291471
27.41, 2276115
27.91, 2266472
28.30, 2263031
28.33, 2261865
28.37, 2235256
28.40, 2233553
28.44, 2195100
28.83, 2141638
29.13, 2134700
29.41, 2125770
29.80, 2119976
30.12, 2103686
30.45, 2095466
30.81, 2094696
31.11, 2059110
31.39, 2009794
31.86, 1974110
32.30, 1956271
32.89, 1911047
33.38, 1882273
33.88, 1881592
34.19, 1855482
34.62, 1848274
35.03, 1845633
35.54, 1828188
35.99, 1786875
36.28, 1782020
36.63, 1765590
37.10, 1763934
37.45, 1763807
37.75, 1763260
38.04, 1763201
38.36, 1762270
38.84, 1760845
39.27, 1755823
39.76, 1752085
40.22, 1751148
40.78, 1714029
41.22, 1700383
41.82, 1689831
42.34, 1686336
43.18, 1668145
43.54, 1666817
44.00, 1666719
44.41, 1666325
44.86, 1659533
45.32, 1656563
45.74, 1654182
46.23, 1641683
47.02, 1618777
47.52, 1595352
48.00, 1564968
48.45, 1564361
49.00, 1559688
49.69, 1549933
50.33, 1548110
50.93, 1531575
51.62, 1510541
52.18, 1478479
53.16, 1472599
53.80, 1461706
54.36, 1436581
55.14, 1403398
56.04, 1396068
56.67, 1392153
57.54, 1386963
58.22, 1384545
58.89, 1379437
58.92, 1378658
58.95, 1378078
59.00, 1371416
59.05, 1370179
59.14, 1357076
59.17, 1354594
59.23, 1346903
59.31, 1342507
59.41, 1342205
59.54, 1336012
59.71, 1328954
59.92, 1326036
60.10, 1295089
60.28, 1275093
60.44, 1264369
60.61, 1255038
60.90, 1254125
61.27, 1250321
61.57, 1248519
61.79, 1214561
61.98, 1197494
62.16, 1183748
62.31, 1166460
62.48, 1130852
62.86, 1094155
63.20, 1069818
63.37, 1053368
63.57, 1047874
63.80, 1028709
64.14, 1027744
64.45, 1004583
64.63, 992314
64.96, 990841
65.19, 990041
65.44, 983278
65.75, 981050
66.01, 979862
66.26, 959247
66.52, 958690
66.78, 957849
67.20, 956501
67.52, 955853
68.05, 904309
68.52, 899344
68.82, 898752
69.14, 896788
69.45, 890932
69.90, 878890
70.41, 874629
70.79, 872850
71.21, 871150
71.70, 867650
