0.03, 5844133
0.03, 5823971
0.03, 5783043
0.03, 5780974
0.03, 5772226
0.03, 5717675
0.03, 5705051
0.03, 5703207
0.03, 5690877
0.03, 5640761
0.03, 5582083
0.03, 5568940
0.03, 5540944
0.03, 5508127
0.03, 5479766
0.03, 5438669
0.03, 5385832
0.03, 5359739
0.04, 5261994
0.04, 5212615
0.04, 5171707
0.04, 5166244
0.04, 5140739
0.04, 5097685
0.04, 5079896
0.04, 5075632
0.04, 5014231
0.04, 5014157
0.04, 4956959
0.04, 4953327
0.04, 4879838
0.04, 4832366
0.04, 4795572
0.04, 4779770
0.04, 4761179
0.04, 4746619
0.04, 4652406
0.04, 4637324
0.04, 4624724
0.04, 4595616
0.04, 4572259
0.05, 4553282
0.05, 4532491
0.05, 4522817
0.05, 4513612
0.05, 4506755
0.05, 4497987
0.05, 4426109
0.05, 4408383
0.06, 4368751
0.06, 4336984
0.06, 4325113
0.06, 4323094
0.06, 4314973
0.06, 4314208
0.06, 4197225
0.07, 4187272
0.07, 4186653
0.07, 4157686
0.07, 4090334
0.07, 4078938
0.07, 4069564
0.08, 4031566
0.08, 3999849
0.08, 3881051
0.08, 3825196
0.08, 3785116
0.08, 3784335
0.08, 3779749
0.08, 3760268
0.08, 3757707
0.08, 3724060
0.08, 3723653
0.09, 3721349
0.09, 3708019
0.09, 3700932
0.09, 3684688
0.09, 3661178
0.09, 3660776
0.09, 3610033
0.09, 3600179
0.09, 3595354
0.10, 3577270
0.10, 3575753
0.10, 3545236
0.10, 3544661
0.10, 3542115
0.10, 3487682
0.10, 3487043
0.11, 3476901
0.11, 3440222
0.11, 3417138
0.11, 3415429
0.12, 3412216
0.12, 3403224
0.12, 3367240
0.12, 3365932
0.13, 3365302
0.13, 3337145
0.14, 3310433
0.15, 3235676
0.15, 3212266
0.15, 3207390
0.15, 3204550
0.16, 3195622
0.16, 3153003
0.16, 3131760
0.17, 3108870
0.17, 3106045
0.17, 3105722
0.18, 3101291
0.18, 3090407
0.18, 3087199
0.18, 3086839
0.18, 3082038
0.19, 3069905
0.20, 3049525
0.20, 3045242
0.20, 3042778
0.20, 3042391
0.21, 3021595
0.21, 3005941
0.21, 3000796
0.21, 2995059
0.21, 2949654
0.21, 2934708
0.22, 2875884
0.22, 2875847
0.22, 2834490
0.22, 2823193
0.22, 2790430
0.23, 2790151
0.24, 2790077
0.24, 2780093
0.24, 2776134
0.25, 2772398
0.25, 2771874
0.25, 2766461
0.25, 2753875
0.25, 2730695
0.26, 2726469
0.26, 2660957
0.27, 2655806
0.29, 2646958
0.29, 2641965
0.30, 2637821
0.30, 2623718
0.30, 2621247
0.31, 2617285
0.31, 2615689
0.32, 2608570
0.32, 2605754
0.32, 2604464
0.33, 2563902
0.34, 2563803
0.34, 2560732
0.34, 2557919
0.34, 2540603
0.35, 2520610
0.35, 2517827
0.35, 2500135
0.35, 2471892
0.35, 2470186
0.36, 2445978
0.36, 2443601
0.38, 2432804
0.39, 2420049
0.40, 2411992
0.40, 2404328
0.41, 2392808
0.41, 2386185
0.42, 2381641
0.42, 2366738
0.42, 2357740
0.44, 2344681
0.44, 2340744
0.46, 2335861
0.46, 2331331
0.46, 2298767
0.47, 2285009
0.47, 2271601
0.47, 2271154
0.47, 2268939
0.48, 2266718
0.48, 2234308
0.50, 2231991
0.50, 2216934
0.51, 2215726
0.51, 2208878
0.52, 2207194
0.52, 2203245
0.53, 2200591
0.53, 2200168
0.53, 2196903
0.54, 2195035
0.54, 2189300
0.54, 2170436
0.56, 2170251
0.58, 2125221
0.60, 2109656
0.61, 2101138
0.63, 2096841
0.64, 2095422
0.64, 2090638
0.64, 2088610
0.65, 2054936
0.66, 2041005
0.66, 2034651
0.66, 2030620
0.68, 2027571
0.70, 2025086
0.70, 2022420
0.71, 2017354
0.71, 2008196
0.71, 2007758
0.73, 2004592
0.73, 2004555
0.73, 1995523
0.74, 1994997
0.75, 1989815
0.77, 1978716
0.78, 1974849
0.80, 1973939
0.80, 1968960
0.83, 1966549
0.84, 1961861
0.85, 1933264
0.86, 1932942
0.86, 1929749
0.87, 1925668
0.90, 1921452
0.90, 1919590
0.92, 1913977
0.96, 1913471
0.97, 1913164
0.98, 1896905
0.99, 1891098
0.99, 1890241
1.00, 1883029
1.00, 1879337
1.03, 1863860
1.04, 1863798
1.05, 1847862
1.07, 1840726
1.08, 1840579
1.10, 1836624
1.12, 1834992
1.12, 1832290
1.15, 1832051
1.21, 1827214
1.22, 1821429
1.35, 1820535
1.38, 1818927
1.38, 1768257
1.47, 1767720
1.51, 1767673
1.52, 1766161
1.56, 1765228
1.60, 1764598
1.65, 1762522
1.65, 1760717
1.67, 1759562
1.71, 1757482
1.71, 1751212
1.75, 1746516
1.78, 1746054
1.79, 1745221
1.80, 1745026
1.85, 1721811
1.90, 1695225
1.96, 1693847
2.01, 1691108
2.07, 1684649
2.08, 1684490
2.14, 1678181
2.14, 1668997
2.17, 1668716
2.19, 1667388
2.26, 1665167
2.29, 1662580
2.39, 1662432
2.39, 1655344
2.44, 1654634
2.47, 1652108
2.50, 1649428
2.55, 1649034
2.55, 1641225
2.55, 1636486
2.55, 1634484
2.62, 1632297
2.62, 1627523
2.64, 1625060
2.67, 1613964
2.68, 1613877
2.72, 1613181
2.72, 1611901
2.85, 1607085
2.97, 1604065
2.98, 1603025
2.99, 1596892
3.04, 1589949
3.07, 1569934
3.08, 1568107
3.15, 1562081
3.23, 1561524
3.24, 1557081
3.26, 1553465
3.27, 1551529
3.29, 1547809
3.46, 1547610
3.49, 1542832
3.49, 1541741
3.65, 1540985
3.67, 1537970
3.89, 1537822
51.06, 1504639
