0.02, 5947638
0.02, 5928416
0.02, 5844127
0.02, 5796023
0.02, 5771378
0.02, 5691528
0.02, 5608519
0.02, 5567194
0.02, 5549059
0.02, 5542895
0.02, 5404288
0.02, 5369403
0.02, 5348394
0.02, 5295158
0.02, 5284619
0.02, 5236244
0.02, 5154388
0.03, 5109368
0.03, 5083428
0.03, 5054942
0.03, 4964823
0.03, 4899330
0.03, 4848897
0.03, 4847954
0.03, 4814731
0.03, 4805963
0.03, 4774324
0.03, 4722028
0.03, 4662709
0.03, 4619743
0.03, 4598441
0.03, 4561515
0.03, 4504272
0.03, 4445436
0.03, 4390110
0.03, 4352674
0.03, 4286169
0.04, 4168627
0.04, 4142412
0.04, 4121375
0.04, 4109223
0.04, 4072386
0.04, 4065844
0.04, 4061860
0.04, 4034449
0.04, 4003205
0.04, 3997987
0.04, 3994890
0.05, 3932907
0.05, 3881006
0.05, 3879431
0.05, 3879412
0.05, 3735298
0.05, 3733801
0.05, 3729054
0.05, 3726223
0.05, 3724874
0.05, 3715806
0.06, 3714375
0.06, 3697675
0.06, 3661559
0.06, 3651747
0.06, 3650018
0.06, 3641085
0.06, 3575029
0.06, 3552545
0.06, 3540195
0.06, 3511998
0.06, 3501692
0.06, 3486876
0.06, 3480665
0.06, 3478386
0.07, 3464155
0.07, 3451634
0.07, 3437751
0.07, 3437081
0.07, 3418665
0.07, 3408637
0.07, 3302981
0.07, 3294730
0.08, 3290699
0.08, 3288144
0.08, 3276348
0.08, 3239682
0.08, 3218776
0.08, 3155621
0.08, 3141341
0.08, 3105528
0.08, 3103665
0.09, 3100061
0.09, 3095971
0.09, 3060591
0.09, 3056803
0.09, 3055652
0.09, 3035247
0.09, 3009692
0.09, 2972850
0.09, 2946909
0.10, 2946593
0.11, 2940729
0.11, 2938251
0.11, 2930671
0.11, 2896097
0.11, 2848618
0.11, 2841730
0.12, 2816073
0.12, 2815484
0.12, 2797549
0.13, 2796312
0.13, 2796075
0.13, 2792752
0.14, 2786258
0.14, 2770623
0.14, 2768401
0.15, 2762970
0.15, 2755358
0.15, 2753898
0.15, 2721704
0.16, 2721345
0.17, 2708973
0.17, 2706685
0.17, 2698642
0.18, 2698597
0.19, 2697192
0.19, 2687215
0.19, 2682710
0.19, 2674615
0.19, 2668793
0.19, 2666993
0.20, 2658643
0.20, 2658445
0.20, 2642350
0.20, 2641801
0.21, 2640867
0.22, 2633272
0.22, 2626079
0.23, 2624332
0.23, 2621462
0.23, 2618136
0.24, 2591663
0.24, 2579277
0.24, 2578969
0.24, 2565490
0.25, 2556753
0.25, 2546874
0.25, 2545804
0.26, 2542255
0.26, 2527634
0.27, 2511006
0.27, 2506352
0.29, 2494781
0.30, 2481571
0.30, 2476273
0.31, 2471555
0.31, 2462617
0.32, 2457323
0.33, 2453443
0.33, 2452065
0.33, 2449183
0.33, 2425744
0.34, 2421921
0.35, 2390659
0.35, 2373500
0.35, 2342691
0.35, 2340521
0.36, 2337115
0.37, 2332130
0.37, 2330505
0.38, 2323194
0.38, 2319435
0.39, 2302266
0.43, 2290636
0.45, 2286099
0.46, 2278903
0.50, 2241203
0.53, 2231593
0.56, 2231583
0.61, 2230343
0.62, 2228665
0.65, 2226425
0.66, 2213107
0.68, 2205138
0.69, 2197956
0.70, 2186663
0.72, 2169577
0.76, 2162785
0.76, 2156831
0.77, 2152117
0.82, 2150741
0.82, 2131198
0.82, 2125844
0.82, 2124818
0.86, 2117203
0.88, 2102079
0.91, 2101169
0.98, 2101122
1.06, 2090103
1.15, 2083571
1.21, 2075148
1.22, 2066030
1.23, 2065572
1.27, 2065343
1.34, 2055206
1.35, 2053202
1.37, 2052074
1.38, 2025219
1.38, 2020057
1.38, 2017392
1.40, 2014950
1.42, 2012630
1.52, 2004178
1.58, 2001001
1.60, 1992618
1.61, 1991688
1.62, 1989261
1.65, 1988963
1.72, 1983185
1.73, 1982899
1.73, 1977527
1.73, 1976613
1.74, 1976582
1.76, 1953060
1.76, 1950937
1.76, 1947457
1.77, 1944340
1.80, 1934796
1.81, 1932724
1.83, 1930215
1.85, 1929780
1.90, 1928040
1.91, 1927202
1.97, 1922443
1.99, 1922350
2.00, 1912329
2.09, 1910697
2.10, 1907776
2.11, 1906135
2.15, 1903366
2.17, 1903058
2.22, 1900068
2.26, 1897671
2.29, 1878623
2.30, 1866072
2.34, 1861290
4.53, 1859039
4.56, 1856647
4.57, 1856446
4.57, 1855679
4.60, 1854770
4.65, 1849066
4.66, 1844685
4.68, 1844242
4.72, 1844177
4.74, 1843235
7.04, 1833884
8.02, 1826406
8.02, 1820574
8.02, 1803025
8.03, 1802888
8.05, 1801967
8.06, 1791686
8.06, 1786813
8.09, 1783644
8.09, 1782414
8.10, 1781951
8.11, 1774247
8.12, 1765760
8.12, 1763462
8.13, 1763255
8.13, 1755124
8.13, 1750944
8.13, 1743733
8.15, 1737886
8.19, 1721766
8.20, 1715953
8.21, 1715365
8.24, 1709255
8.25, 1703235
8.25, 1699817
8.26, 1699021
8.28, 1697019
8.30, 1674259
8.35, 1663086
8.43, 1662746
8.44, 1659501
8.46, 1656543
8.47, 1647590
8.49, 1643138
8.53, 1640545
8.56, 1637413
8.56, 1635835
10.33, 1635526
10.36, 1634384
10.37, 1621784
10.38, 1620784
10.38, 1620269
10.39, 1619274
10.39, 1618310
10.39, 1616407
10.39, 1604424
10.41, 1602310
10.42, 1593522
10.46, 1590618
10.47, 1585414
10.49, 1585078
10.52, 1564483
10.54, 1561744
10.55, 1553149
10.56, 1552559
10.63, 1551320
10.68, 1551239
10.77, 1550131
10.81, 1545068
67.77, 1542496
67.80, 1511778
67.86, 1509927
67.88, 1509489
67.88, 1477585
