0.02, 6410225
0.02, 6373959
0.02, 6243796
0.02, 6188747
0.02, 6035680
0.02, 5852221
0.02, 5848097
0.02, 5828470
0.02, 5687989
0.02, 5674602
0.02, 5674409
0.02, 5668720
0.02, 5635339
0.02, 5633075
0.02, 5551983
0.02, 5549007
0.02, 5483631
0.02, 5415953
0.02, 5356549
0.02, 5345956
0.02, 5331542
0.02, 5244547
0.02, 5159628
0.02, 5101275
0.02, 4979078
0.02, 4826037
0.02, 4820428
0.02, 4744453
0.02, 4729572
0.02, 4728352
0.02, 4723111
0.03, 4707560
0.03, 4660851
0.03, 4653165
0.03, 4651185
0.03, 4643152
0.03, 4605884
0.03, 4582801
0.03, 4506738
0.04, 4373004
0.04, 4326329
0.04, 4299299
0.04, 4265368
0.04, 4245373
0.04, 4175411
0.04, 4162884
0.04, 4105671
0.04, 4099663
0.04, 4027464
0.04, 3998380
0.04, 3990363
0.04, 3979530
0.04, 3977597
0.04, 3885218
0.04, 3884664
0.04, 3878735
0.04, 3870427
0.04, 3841943
0.04, 3837821
0.04, 3807560
0.05, 3626771
0.05, 3578542
0.05, 3521262
0.05, 3517157
0.05, 3515151
0.05, 3510204
0.05, 3480173
0.05, 3466106
0.05, 3439719
0.05, 3428637
0.05, 3415831
0.05, 3411814
0.06, 3384542
0.06, 3365589
0.06, 3316023
0.06, 3306217
0.06, 3275147
0.06, 3264863
0.06, 3250496
0.06, 3250350
0.06, 3240807
0.06, 3234029
0.06, 3231434
0.06, 3216126
0.07, 3171996
0.07, 3156151
0.07, 3143330
0.07, 3103263
0.07, 3092483
0.08, 3090318
0.08, 3059176
0.08, 3050710
0.08, 3044014
0.08, 3032107
0.09, 3016355
0.09, 2971872
0.09, 2954870
0.09, 2952395
0.09, 2931869
0.10, 2924624
0.10, 2921180
0.10, 2917883
0.10, 2909705
0.10, 2888271
0.11, 2886639
0.11, 2872554
0.11, 2825132
0.11, 2821992
0.11, 2820942
0.11, 2818983
0.11, 2797152
0.11, 2792906
0.11, 2779378
0.11, 2778708
0.11, 2770182
0.11, 2765868
0.12, 2711043
0.12, 2694756
0.12, 2688889
0.13, 2687600
0.13, 2647607
0.14, 2637613
0.14, 2632628
0.14, 2614792
0.14, 2611614
0.14, 2607925
0.14, 2598019
0.14, 2564500
0.15, 2553706
0.15, 2551559
0.15, 2550824
0.15, 2542886
0.15, 2542077
0.16, 2536537
0.16, 2497823
0.16, 2497789
0.17, 2491487
0.17, 2486261
0.17, 2470908
0.18, 2436217
0.18, 2419839
0.18, 2411681
0.18, 2395657
0.18, 2388930
0.18, 2386951
0.19, 2377393
0.19, 2367380
0.19, 2360890
0.19, 2358246
0.19, 2351916
0.19, 2348792
0.20, 2325017
0.20, 2324505
0.22, 2321268
0.23, 2308580
0.23, 2305907
0.24, 2305494
0.24, 2303856
0.25, 2293735
0.25, 2244153
0.26, 2242526
0.28, 2222312
0.28, 2219277
0.29, 2197857
0.29, 2160463
0.30, 2145174
0.31, 2129050
0.32, 2123437
0.32, 2119311
0.33, 2116070
0.34, 2113620
0.34, 2099969
0.34, 2099172
0.36, 2098883
0.36, 2095886
0.37, 2086069
0.37, 2085604
0.38, 2080125
0.38, 2080089
0.38, 2076941
0.39, 2073757
0.39, 2045133
0.39, 2033492
0.39, 2033403
0.40, 2026375
0.41, 2025045
0.44, 2022434
0.44, 2015638
0.45, 2011292
0.46, 2010013
0.47, 2007714
0.47, 2005196
0.47, 1999762
0.49, 1995545
0.50, 1995470
0.50, 1986332
0.51, 1985894
0.51, 1984423
0.51, 1983674
0.54, 1976141
0.54, 1975714
0.55, 1971704
0.55, 1968410
0.55, 1967405
0.55, 1964341
0.57, 1955524
0.58, 1949918
0.58, 1948672
0.59, 1944722
0.64, 1941991
0.65, 1941384
0.66, 1929942
0.67, 1895526
0.77, 1891394
0.77, 1890535
0.85, 1888226
1.05, 1886582
1.05, 1881527
1.07, 1881412
1.07, 1875574
1.08, 1875146
1.11, 1873514
1.11, 1866317
1.12, 1866202
1.13, 1865150
1.13, 1860887
1.16, 1860486
1.17, 1857428
1.18, 1857375
1.21, 1840372
1.22, 1840129
1.22, 1838325
1.24, 1830755
1.24, 1820613
1.25, 1819870
1.25, 1817349
1.27, 1809223
1.27, 1806425
1.28, 1776571
1.30, 1776134
1.30, 1772328
1.31, 1770586
1.32, 1766143
1.34, 1765086
1.35, 1761573
1.35, 1761533
1.37, 1759868
1.37, 1746376
1.38, 1739286
1.38, 1738139
1.39, 1729510
1.39, 1726252
1.40, 1724326
2.00, 1724046
2.01, 1716563
2.02, 1714323
2.02, 1684676
2.03, 1680858
2.03, 1670028
2.05, 1659746
2.05, 1659426
2.06, 1655386
2.13, 1654786
2.19, 1647078
2.19, 1646207
2.20, 1646191
2.22, 1630059
2.25, 1625984
2.26, 1625681
2.26, 1618084
2.27, 1614262
2.27, 1610556
2.28, 1603947
2.31, 1599358
2.31, 1599332
2.32, 1594453
2.36, 1578614
2.47, 1567656
2.48, 1567269
2.48, 1556035
2.53, 1549513
2.54, 1548590
2.54, 1545724
2.56, 1539211
2.59, 1539187
2.59, 1535032
2.61, 1530337
2.61, 1515178
2.63, 1515109
2.63, 1512631
2.64, 1512502
2.67, 1493288
2.67, 1493250
2.70, 1484613
2.72, 1483327
11.98, 1483027
12.02, 1469867
12.07, 1467316
107.74, 1463167
107.75, 1460052
107.75, 1456301
107.77, 1456272
107.80, 1447953
107.80, 1447945
107.86, 1442480
107.88, 1442086
107.90, 1439847
107.91, 1436935
107.98, 1436528
108.00, 1436459
108.09, 1435515
108.15, 1433862
108.16, 1432855
108.19, 1394831
