0.07, 5994094
0.07, 5988859
0.08, 5972857
0.08, 5970867
0.08, 5957526
0.08, 5780526
0.08, 5773628
0.08, 5740485
0.08, 5724092
0.08, 5690923
0.08, 5587163
0.08, 5586136
0.09, 5581452
0.09, 5580281
0.09, 5567407
0.09, 5566312
0.09, 5564855
0.09, 5526004
0.09, 5524411
0.09, 5519069
0.09, 5514684
0.09, 5498661
0.09, 5498630
0.10, 5424917
0.10, 5400312
0.10, 5395048
0.10, 5387456
0.10, 5343136
0.10, 5325313
0.10, 5323300
0.10, 5290257
0.10, 5279563
0.11, 5265646
0.11, 5249098
0.11, 5242581
0.12, 5242426
0.12, 5214739
0.12, 5204985
0.12, 5179400
0.12, 5161298
0.13, 5161141
0.13, 5149076
0.13, 5143749
0.13, 5142443
0.13, 5114413
0.14, 5111848
0.15, 5109820
0.15, 5109806
0.15, 5100945
0.15, 5099279
0.15, 5093059
0.15, 5071852
0.15, 5067278
0.16, 5055221
0.16, 5045620
0.16, 5033603
0.16, 5025230
0.17, 5024858
0.17, 5022104
0.18, 5019478
0.18, 5001056
0.18, 4984188
0.19, 4982039
0.19, 4958463
0.19, 4956179
0.19, 4950152
0.20, 4946517
0.21, 4939593
0.21, 4864026
0.21, 4849856
0.22, 4830804
0.22, 4778094
0.22, 4758652
0.23, 4752994
0.23, 4732739
0.24, 4732173
0.24, 4726185
0.24, 4708157
0.24, 4702772
0.24, 4700585
0.24, 4691662
0.24, 4652147
0.25, 4651696
0.26, 4650803
0.26, 4635120
0.27, 4634975
0.29, 4591407
0.30, 4590594
0.32, 4587893
0.33, 4568723
0.35, 4562951
0.37, 4553648
0.40, 4549012
0.42, 4543167
0.44, 4537596
0.46, 4536761
0.48, 4529743
0.51, 4523233
0.54, 4521500
0.57, 4518304
0.59, 4508839
0.61, 4508734
0.63, 4500815
0.64, 4491430
0.66, 4485894
0.67, 4480906
0.69, 4477140
0.70, 4450308
0.72, 4450224
0.74, 4442940
0.76, 4428268
0.78, 4426361
0.79, 4407805
0.81, 4407482
0.82, 4394606
0.85, 4390991
0.87, 4386817
0.89, 4377075
0.92, 4374369
0.92, 4374024
0.92, 4364869
0.92, 4331225
0.92, 4328454
0.92, 4326551
0.92, 4326081
0.92, 4292074
0.93, 4230206
0.93, 4198798
0.93, 4198676
0.93, 4182850
0.93, 4182506
0.94, 4179120
0.95, 4150560
0.97, 4149675
0.99, 4148856
1.01, 4111726
1.02, 4095212
1.03, 4085456
1.05, 4030627
1.06, 4028685
1.08, 3979918
1.09, 3975905
1.10, 3957908
1.12, 3930370
1.13, 3917860
1.16, 3917405
1.19, 3912277
1.21, 3911597
1.22, 3909957
1.25, 3900764
1.28, 3899845
1.31, 3894221
1.34, 3890844
1.37, 3867671
1.40, 3860543
1.43, 3848252
1.47, 3832066
1.54, 3820755
1.61, 3804546
1.69, 3800623
1.76, 3782559
1.83, 3780936
1.94, 3778574
2.03, 3775848
2.15, 3772855
2.28, 3772758
2.43, 3772599
2.57, 3761673
2.77, 3761440
2.92, 3760517
3.16, 3715974
3.19, 3714328
3.21, 3712097
3.22, 3709721
3.25, 3708818
3.30, 3708421
3.34, 3610402
3.38, 3607408
3.45, 3601708
3.51, 3548570
3.57, 3545087
3.64, 3539659
3.71, 3511191
3.78, 3506918
3.86, 3481352
3.95, 3450591
4.03, 3440819
4.13, 3410105
4.22, 3404835
4.37, 3398205
4.47, 3371362
4.58, 3336328
4.69, 3304355
4.81, 3271299
5.07, 3271246
5.26, 3271064
5.34, 3270805
5.42, 3265627
5.49, 3262389
5.62, 3256395
5.84, 3217599
6.00, 3214676
6.12, 3213116
6.20, 3212428
6.56, 3164084
6.85, 3148723
7.10, 3148185
7.19, 3143385
7.26, 3143069
7.34, 3134109
7.42, 3130248
7.61, 3114067
7.84, 3076573
7.99, 3075544
8.21, 3074807
8.46, 3047173
8.57, 3044884
8.62, 3041764
8.72, 3030430
8.75, 3029468
8.82, 3028630
9.03, 3025699
9.20, 3024487
9.20, 3019005
9.21, 3016850
9.33, 3009704
9.47, 3009135
9.77, 2997598
10.14, 2997164
10.49, 2964927
10.90, 2949747
11.31, 2896973
11.63, 2888653
11.93, 2877554
12.25, 2875076
12.63, 2861725
13.09, 2858385
13.52, 2831960
14.03, 2829501
14.47, 2809253
14.97, 2788868
15.35, 2759476
15.65, 2738261
16.11, 2737589
16.46, 2733890
16.81, 2717111
17.12, 2702811
17.46, 2681136
17.77, 2678878
18.11, 2643907
18.32, 2638452
18.53, 2625820
18.82, 2598716
19.10, 2591014
19.35, 2590866
19.59, 2577305
19.86, 2545125
20.16, 2538711
20.41, 2504479
20.70, 2487015
20.96, 2472420
21.20, 2432490
21.45, 2430316
21.74, 2417090
22.10, 2408821
22.38, 2396304
22.66, 2385720
22.93, 2378930
23.34, 2369120
23.63, 2354230
23.94, 2348993
24.20, 2348908
24.63, 2330277
24.94, 2319048
25.24, 2306468
25.47, 2306361
25.72, 2280346
25.96, 2249961
26.23, 2246061
26.52, 2244621
26.81, 2235281
27.08, 2233343
27.37, 2232868
27.65, 2232213
27.94, 2232080
28.22, 2212534
28.51, 2204786
28.84, 2185372
29.11, 2174672
29.35, 2173118
29.60, 2167461
29.99, 2164737
30.30, 2160214
30.59, 2156979
30.86, 2151600
31.15, 2129583
31.42, 2124718
31.75, 2118811
32.03, 2111778
32.46, 2037944
32.74, 2016587
33.01, 2016013
33.35, 1996954
33.63, 1996745
33.93, 1996619
34.20, 1994276
34.45, 1992051
34.76, 1983824
35.16, 1973556
35.43, 1971900
35.77, 1971643
36.14, 1947492
36.46, 1947402
36.94, 1939172
37.27, 1938778
37.66, 1937512
38.01, 1937420
38.36, 1930452
38.78, 1926372
39.21, 1894140
39.66, 1887990
40.12, 1885197
40.51, 1859467
40.97, 1853821
41.52, 1843933
41.94, 1843028
42.34, 1833653
42.89, 1822995
43.38, 1820328
43.78, 1818696
44.19, 1815734
44.66, 1789429
45.17, 1782279
45.67, 1776153
46.09, 1771471
46.51, 1756918
46.95, 1752343
47.41, 1746756
47.85, 1743304
48.35, 1742678
48.91, 1730467
49.34, 1717081
49.79, 1715848
50.43, 1705805
50.89, 1675201
51.37, 1665010
51.77, 1657788
52.20, 1651658
52.62, 1642344
53.11, 1636035
53.56, 1634426
53.98, 1626780
54.57, 1625593
55.19, 1613717
55.61, 1609406
56.15, 1573586
56.64, 1554613
57.08, 1536247
57.52, 1535405
57.96, 1527635
58.36, 1524936
58.83, 1522372
59.39, 1521088
59.93, 1519843
60.42, 1519138
60.97, 1422680
61.55, 1384820
62.11, 1383523
62.71, 1379298
63.18, 1308357
63.78, 1299492
64.58, 1298016
65.35, 1297694
66.00, 1281976
66.62, 1281937
67.20, 1266225
68.02, 1248135
68.82, 1247970
69.53, 1247484
70.17, 1246168
70.76, 1236698
71.32, 1228911
71.87, 1224775
72.46, 1198725
73.11, 1198118
73.79, 1183913
74.79, 1177534
75.60, 1174027
76.21, 1169912
76.93, 1163821
77.83, 1157674
78.52, 1155891
79.14, 1147922
80.00, 1143672
80.76, 1142654
81.63, 1110774
82.32, 1102692
83.13, 1098785
83.90, 1086855
84.75, 1081270
85.43, 1074565
86.16, 1073323
87.06, 1067565
87.94, 1067496
88.84, 1066297
89.55, 1059540
90.41, 1045605
91.17, 1041030
92.01, 978546
92.72, 978455
93.53, 964661
94.23, 958371
95.33, 947941
95.94, 947626
96.63, 941280
97.49, 941009
98.16, 929221
98.91, 917178
99.72, 910054
100.41, 909658
