0.06, 5603238
0.06, 5602412
0.06, 5596541
0.07, 5579988
0.07, 5542699
0.07, 5533650
0.07, 5528624
0.07, 5513193
0.07, 5475988
0.07, 5438277
0.07, 5414015
0.08, 5307005
0.08, 5284697
0.08, 5223572
0.08, 5126642
0.08, 5109522
0.08, 5082120
0.08, 5072037
0.08, 5046798
0.09, 4914731
0.09, 4895764
0.09, 4879208
0.09, 4852144
0.09, 4835537
0.10, 4835375
0.11, 4834671
0.13, 4789674
0.14, 4788408
0.16, 4680766
0.19, 4655483
0.22, 4616208
0.25, 4556010
0.26, 4517386
0.28, 4507241
0.29, 4503643
0.31, 4490210
0.32, 4412277
0.35, 4409907
0.36, 4370563
0.38, 4365766
0.40, 4357038
0.42, 4262978
0.43, 4240742
0.45, 4230930
0.47, 4227343
0.49, 4223222
0.50, 4196619
0.52, 4193910
0.53, 4185615
0.56, 4162216
0.58, 4140601
0.60, 4127329
0.61, 4109383
0.62, 4092408
0.64, 4074363
0.65, 4071329
0.66, 4059135
0.68, 4040017
0.70, 4021951
0.71, 3997295
0.73, 3961800
0.78, 3948290
0.83, 3928767
0.86, 3920685
0.92, 3919196
0.95, 3913758
0.97, 3913111
1.01, 3909317
1.04, 3906045
1.07, 3903677
1.09, 3877429
1.13, 3876412
1.16, 3859996
1.19, 3846293
1.22, 3811180
1.25, 3809768
1.28, 3799319
1.32, 3784904
1.35, 3771170
1.38, 3771088
1.41, 3756666
1.43, 3755755
1.46, 3740066
1.49, 3696984
1.51, 3686940
1.54, 3662637
1.57, 3662020
1.59, 3658117
1.62, 3651508
1.66, 3627033
1.68, 3625382
1.72, 3623058
1.75, 3621876
1.78, 3618193
1.80, 3614374
1.83, 3613921
1.87, 3601823
1.92, 3596665
1.96, 3571115
2.08, 3565636
2.29, 3549621
2.32, 3539131
2.35, 3536689
2.39, 3522260
2.43, 3520629
2.46, 3474890
2.49, 3437643
2.52, 3413669
2.55, 3382816
2.58, 3320235
2.61, 3306842
2.64, 3297711
2.67, 3289671
2.69, 3201328
2.72, 3193750
2.75, 3187234
2.78, 3169555
2.80, 3168755
2.83, 3166809
2.86, 3161292
2.91, 3159639
2.94, 3152006
2.99, 3149706
3.06, 3146538
3.17, 3048797
3.24, 3038890
3.32, 3037022
3.38, 3035461
3.47, 3023096
3.56, 3004629
3.64, 2994522
3.71, 2971194
3.80, 2967381
3.83, 2956628
3.90, 2946860
3.96, 2945748
4.04, 2943294
4.11, 2940562
4.18, 2915942
4.25, 2897990
4.32, 2890719
4.40, 2890302
4.47, 2888766
4.54, 2875953
4.64, 2875114
4.71, 2873705
4.78, 2872707
4.85, 2861106
4.93, 2852699
5.03, 2844511
5.10, 2834074
5.18, 2832628
5.27, 2832082
5.35, 2828838
5.44, 2818670
5.59, 2818662
5.73, 2814629
6.00, 2795681
6.40, 2791382
6.62, 2786231
6.77, 2781138
6.90, 2778935
7.07, 2767912
7.23, 2765486
7.40, 2729966
7.66, 2729451
7.94, 2713804
8.16, 2699170
8.32, 2688129
8.50, 2685611
8.72, 2680281
8.90, 2669028
9.13, 2667537
9.32, 2663580
9.51, 2655221
9.72, 2653366
9.94, 2609534
10.11, 2595196
10.35, 2574002
10.53, 2556200
10.70, 2523173
10.89, 2521840
11.14, 2519202
11.33, 2483196
11.54, 2478834
11.71, 2469580
11.89, 2459588
12.05, 2403813
12.23, 2399440
12.42, 2397439
12.59, 2388349
12.75, 2385945
12.90, 2370773
13.12, 2353699
13.26, 2295524
13.41, 2278505
13.58, 2274451
13.77, 2256528
13.91, 2253194
14.12, 2241698
14.27, 2237699
14.42, 2228682
14.53, 2228582
14.67, 2211372
14.78, 2208201
14.94, 2206320
15.07, 2205395
15.17, 2204293
15.35, 2202418
15.57, 2202160
15.75, 2201409
16.08, 2200685
16.41, 2197163
16.72, 2182955
16.94, 2181611
17.14, 2179006
17.34, 2171291
17.56, 2171066
17.77, 2167410
18.01, 2167347
18.22, 2166198
18.42, 2165101
18.62, 2163652
18.80, 2154308
19.02, 2149558
19.28, 2147864
19.53, 2144487
19.75, 2138666
20.01, 2133664
20.24, 2132556
20.45, 2131060
20.67, 2105026
20.94, 2099050
21.15, 2097231
21.32, 2094459
21.51, 2090467
21.78, 2079721
22.03, 2077566
22.30, 2074675
22.74, 2066084
23.19, 2046467
23.70, 2024679
24.19, 2009537
24.65, 2000507
25.08, 1997840
25.68, 1993381
26.45, 1984418
26.58, 1982063
26.70, 1981267
26.87, 1970502
27.03, 1970014
27.21, 1968164
27.34, 1966006
27.49, 1963167
27.64, 1962459
27.77, 1960776
27.94, 1960739
28.37, 1956231
28.52, 1946399
28.65, 1945603
28.85, 1940068
29.03, 1939090
29.19, 1935413
29.39, 1932310
30.01, 1932076
30.69, 1916093
31.19, 1830740
31.65, 1826749
32.15, 1819970
32.67, 1776154
33.20, 1761417
33.74, 1761375
34.22, 1752897
34.80, 1707266
35.33, 1669129
36.16, 1639862
36.67, 1624518
37.24, 1623319
37.77, 1609114
38.27, 1598139
38.74, 1596568
39.30, 1592089
39.77, 1531605
40.25, 1531077
40.84, 1528022
41.40, 1506661
41.94, 1496352
42.65, 1491979
43.26, 1490651
43.80, 1488678
44.49, 1487651
45.07, 1486523
45.69, 1484078
46.70, 1482619
47.24, 1481408
47.84, 1464335
48.40, 1462683
48.89, 1458996
49.66, 1452303
50.34, 1452005
50.89, 1447293
51.42, 1442153
51.99, 1384443
52.65, 1383803
53.26, 1382885
53.80, 1370870
54.51, 1369214
55.03, 1366527
55.49, 1365266
56.08, 1364066
56.64, 1363561
57.30, 1351973
57.78, 1348409
58.04, 1347903
58.19, 1345867
58.28, 1344607
58.77, 1342544
59.23, 1341481
59.81, 1336542
60.31, 1332644
60.37, 1327623
60.41, 1309051
60.44, 1308494
60.47, 1308191
60.51, 1305595
60.54, 1304632
60.60, 1301928
61.07, 1297868
61.72, 1291939
62.24, 1291091
62.81, 1289159
63.42, 1262524
64.00, 1241299
64.62, 1240010
65.23, 1216671
65.82, 1213218
66.67, 1209347
67.27, 1208772
67.96, 1203662
68.61, 1202958
69.84, 1200029
70.84, 1190447
71.36, 1185576
71.79, 1183358
72.02, 1174326
72.25, 1173888
72.77, 1172039
73.63, 1151927
74.34, 1147232
75.08, 1130087
75.63, 1127207
76.56, 1126259
77.20, 1117850
77.77, 1117807
78.43, 1116866
79.06, 1115672
79.96, 1115619
80.53, 1110435
81.26, 1109093
82.02, 1103170
82.72, 1101754
83.39, 1075831
84.06, 1071070
84.83, 1053545
85.34, 1051265
85.43, 1045833
85.46, 1035080
85.91, 1022430
86.92, 1019892
87.55, 1019096
88.16, 1012418
88.91, 1010092
89.41, 1002403
89.50, 1000549
89.61, 1000095
90.02, 996210
90.44, 992238
90.98, 966584
91.66, 963924
92.37, 963576
93.08, 957571
93.81, 953606
94.56, 952367
95.25, 945917
96.07, 944534
96.89, 944138
97.68, 938271
98.40, 938190
99.05, 938011
99.65, 937111
100.45, 936894
