0.01, 6111319
0.01, 6078354
0.01, 5955862
0.01, 5929893
0.01, 5871254
0.01, 5752924
0.01, 5742345
0.01, 5688274
0.01, 5636465
0.01, 5582223
0.01, 5573694
0.01, 5438980
0.01, 5358705
0.01, 5333938
0.01, 5180577
0.02, 5176190
0.02, 5093099
0.02, 5085923
0.02, 5071348
0.02, 5054374
0.02, 4993834
0.02, 4980309
0.02, 4978542
0.02, 4973741
0.02, 4901291
0.02, 4887367
0.02, 4887301
0.02, 4877548
0.02, 4842425
0.02, 4836435
0.02, 4787487
0.02, 4773174
0.03, 4761986
0.03, 4759383
0.03, 4726407
0.03, 4689051
0.03, 4687062
0.03, 4664743
0.03, 4650171
0.03, 4642748
0.03, 4635205
0.03, 4566563
0.03, 4552228
0.03, 4522864
0.03, 4504991
0.03, 4494643
0.03, 4491079
0.03, 4472814
0.04, 4470810
0.04, 4443739
0.04, 4439952
0.04, 4418378
0.04, 4359325
0.04, 4347899
0.04, 4327973
0.04, 4315871
0.04, 4292621
0.04, 4262829
0.04, 4207623
0.04, 4191312
0.04, 4179872
0.04, 4134937
0.04, 4085823
0.04, 3991205
0.05, 3975961
0.05, 3920667
0.05, 3919943
0.05, 3906676
0.05, 3833324
0.05, 3825341
0.05, 3819972
0.05, 3801602
0.05, 3781054
0.05, 3768617
0.05, 3722826
0.05, 3699993
0.05, 3649442
0.05, 3642818
0.05, 3639846
0.06, 3635383
0.06, 3614992
0.06, 3608425
0.06, 3586274
0.06, 3570098
0.06, 3565970
0.06, 3555537
0.06, 3537941
0.07, 3532715
0.07, 3509015
0.07, 3503645
0.07, 3481841
0.07, 3449225
0.08, 3438962
0.08, 3424012
0.08, 3406256
0.08, 3402335
0.08, 3396980
0.08, 3392959
0.09, 3379474
0.09, 3373486
0.09, 3345199
0.10, 3334584
0.10, 3330665
0.10, 3303216
0.10, 3261882
0.10, 3252881
0.11, 3191919
0.11, 3178105
0.11, 3145804
0.11, 3132120
0.11, 3093990
0.11, 3077024
0.12, 3047847
0.12, 3030284
0.13, 3021932
0.13, 3020669
0.13, 2964587
0.13, 2964232
0.14, 2923226
0.14, 2907627
0.14, 2905844
0.14, 2888273
0.14, 2884875
0.14, 2869590
0.15, 2868572
0.15, 2849590
0.15, 2823537
0.15, 2819674
0.15, 2790613
0.16, 2766292
0.16, 2739776
0.17, 2720071
0.17, 2712217
0.18, 2705170
0.18, 2705165
0.20, 2690199
0.20, 2688497
0.22, 2685879
0.22, 2683670
0.22, 2677337
0.22, 2657174
0.23, 2634467
0.23, 2571989
0.23, 2565484
0.23, 2538364
0.23, 2526584
0.24, 2525140
0.25, 2515650
0.25, 2508184
0.25, 2506993
0.25, 2494653
0.25, 2493346
0.25, 2478563
0.25, 2476528
0.26, 2471147
0.26, 2458404
0.28, 2455813
0.28, 2453956
0.28, 2451016
0.29, 2433982
0.29, 2411570
0.29, 2405577
0.29, 2404951
0.29, 2399739
0.29, 2374246
0.30, 2369461
0.30, 2365205
0.30, 2357805
0.30, 2356006
0.31, 2349652
0.31, 2342626
0.31, 2333733
0.31, 2328484
0.32, 2313993
0.33, 2304481
0.34, 2295257
0.34, 2276506
0.35, 2253800
0.35, 2251150
0.36, 2241447
0.36, 2238205
0.36, 2185417
0.38, 2172471
0.39, 2165525
0.39, 2158465
0.39, 2153018
0.40, 2152880
0.40, 2143388
0.42, 2143301
0.44, 2139136
0.44, 2134345
0.44, 2132692
0.45, 2124690
0.46, 2124256
0.46, 2123069
0.47, 2113973
0.48, 2110271
0.49, 2107482
0.49, 2107094
0.49, 2106997
0.51, 2104999
0.51, 2093387
0.52, 2084618
0.53, 2084607
0.54, 2067994
0.54, 2064217
0.55, 2059837
0.55, 2056651
0.56, 2052809
0.56, 2026660
0.57, 2026260
0.57, 2022935
0.57, 2009758
0.58, 2005998
0.59, 2005557
0.61, 2002501
0.61, 2002304
0.65, 1999057
0.65, 1998583
0.66, 1993017
0.67, 1980511
0.67, 1975811
0.67, 1975229
0.67, 1972432
0.68, 1968362
0.68, 1966060
0.68, 1951983
0.68, 1951762
0.69, 1945169
0.70, 1943499
0.74, 1943470
0.79, 1931721
0.85, 1922574
0.86, 1913920
0.91, 1903752
0.93, 1897699
0.93, 1890859
0.96, 1870495
0.97, 1869581
0.99, 1862435
2.53, 1856542
2.54, 1855307
2.54, 1854747
2.55, 1849198
2.59, 1842846
2.61, 1841751
2.62, 1841285
2.67, 1822929
2.69, 1817835
2.69, 1815897
2.69, 1808163
2.70, 1806833
2.71, 1804901
2.72, 1791519
2.73, 1789031
2.79, 1760903
2.81, 1760063
2.82, 1758428
2.84, 1752448
2.86, 1747899
2.87, 1743307
2.87, 1740106
2.90, 1730445
2.94, 1729644
2.94, 1726650
2.95, 1726328
2.97, 1720204
2.99, 1720167
3.00, 1720127
3.00, 1710590
3.00, 1704380
3.01, 1698841
3.01, 1698834
3.01, 1690607
3.03, 1688816
3.07, 1686338
3.08, 1683819
3.12, 1682791
3.18, 1674761
3.23, 1666410
3.24, 1666344
3.25, 1663534
3.32, 1662890
3.32, 1656889
3.35, 1655257
3.35, 1655206
3.37, 1602060
3.37, 1595829
3.37, 1594313
3.42, 1591987
3.45, 1587524
3.51, 1586058
3.57, 1585564
3.58, 1583103
6.91, 1576286
6.93, 1576220
6.98, 1566887
7.00, 1551492
7.05, 1551461
7.07, 1537621
7.13, 1536865
7.15, 1534186
27.18, 1531724
27.22, 1528656
27.24, 1519932
27.25, 1518574
27.26, 1518411
27.29, 1516033
27.29, 1515397
27.34, 1514877
27.34, 1511567
27.39, 1509309
27.41, 1496411
27.41, 1491712
27.43, 1488350
27.47, 1479291
27.48, 1475306
