0.02, 5652630
0.02, 5548001
0.02, 5547258
0.02, 5535653
0.02, 5531306
0.02, 5476330
0.02, 5339005
0.02, 5307740
0.02, 5247501
0.02, 5198268
0.02, 5171313
0.02, 5050730
0.02, 5042096
0.02, 5039170
0.02, 5011114
0.02, 5008549
0.02, 4928444
0.02, 4894573
0.02, 4766793
0.02, 4766428
0.02, 4715028
0.02, 4701182
0.02, 4691986
0.02, 4641589
0.03, 4615022
0.03, 4585387
0.03, 4486118
0.03, 4475886
0.03, 4469603
0.03, 4469069
0.03, 4423280
0.03, 4414899
0.03, 4367093
0.03, 4352043
0.03, 4340285
0.03, 4319916
0.03, 4290006
0.03, 4287685
0.03, 4260622
0.03, 4167847
0.03, 4137578
0.03, 4133774
0.03, 4131764
0.03, 4118494
0.03, 4093328
0.04, 4011946
0.04, 4008902
0.04, 3927076
0.04, 3918844
0.04, 3882703
0.04, 3819603
0.04, 3797958
0.04, 3782035
0.04, 3774980
0.04, 3767032
0.04, 3759450
0.04, 3721568
0.05, 3713866
0.05, 3707896
0.05, 3705716
0.05, 3695456
0.05, 3691218
0.05, 3690993
0.05, 3651933
0.05, 3651549
0.05, 3605451
0.05, 3572378
0.06, 3557846
0.06, 3549020
0.06, 3470857
0.06, 3468575
0.06, 3464641
0.06, 3462029
0.06, 3459209
0.06, 3459029
0.06, 3444383
0.07, 3428078
0.07, 3393104
0.07, 3367289
0.07, 3366671
0.07, 3331489
0.07, 3327638
0.07, 3288931
0.07, 3285820
0.07, 3278484
0.08, 3258500
0.08, 3238363
0.08, 3231916
0.08, 3199782
0.08, 3186630
0.08, 3186550
0.08, 3166800
0.08, 3156071
0.08, 3141754
0.09, 3085272
0.09, 3080837
0.09, 3076336
0.09, 3054349
0.09, 3045624
0.09, 3001094
0.09, 2982054
0.10, 2959419
0.10, 2920515
0.10, 2881702
0.11, 2869848
0.11, 2854673
0.11, 2846980
0.11, 2846705
0.11, 2838118
0.11, 2799731
0.11, 2797839
0.12, 2774752
0.12, 2774030
0.12, 2720018
0.12, 2701773
0.12, 2699512
0.12, 2698239
0.13, 2686534
0.13, 2661143
0.13, 2660490
0.13, 2655684
0.13, 2632542
0.14, 2630389
0.15, 2624714
0.16, 2616639
0.17, 2594094
0.18, 2586693
0.18, 2578043
0.19, 2568636
0.19, 2560153
0.19, 2520287
0.19, 2495870
0.19, 2463053
0.20, 2458878
0.20, 2445800
0.20, 2438070
0.21, 2427110
0.22, 2386076
0.22, 2376006
0.22, 2365871
0.23, 2356843
0.24, 2353383
0.24, 2351694
0.24, 2348555
0.26, 2343988
0.26, 2339930
0.27, 2331648
0.27, 2330882
0.27, 2330063
0.28, 2325234
0.29, 2323156
0.31, 2299763
0.32, 2294107
0.32, 2290693
0.33, 2289762
0.33, 2288373
0.34, 2265341
0.34, 2262348
0.35, 2262064
0.35, 2254409
0.36, 2247102
0.36, 2245432
0.36, 2226630
0.36, 2209944
0.39, 2195744
0.53, 2175253
0.55, 2173325
0.55, 2171284
0.56, 2168664
0.56, 2163739
0.58, 2157211
0.59, 2156589
0.63, 2154990
0.65, 2154796
0.65, 2127066
0.68, 2125661
0.69, 2121371
0.78, 2094981
0.80, 2092848
0.80, 2090974
0.82, 2090674
0.89, 2085384
0.91, 2079445
0.95, 2073194
0.98, 2053638
1.04, 2051974
1.05, 2051732
1.06, 2051202
1.12, 2051075
1.16, 2047905
1.20, 2045645
1.21, 2038752
1.21, 2038014
1.25, 2037296
1.40, 2035916
1.42, 2033105
1.42, 2031213
1.42, 2023182
1.43, 2013280
1.44, 2009613
1.44, 2006164
1.48, 2005156
1.48, 2004478
1.50, 2002154
1.50, 1999250
1.50, 1995129
1.51, 1982446
1.53, 1979607
1.55, 1979468
1.57, 1978405
1.60, 1977816
1.62, 1973951
1.63, 1966528
1.66, 1960939
1.69, 1959226
1.69, 1959188
1.70, 1957373
1.71, 1955232
1.72, 1953970
2.72, 1944565
2.72, 1944507
2.73, 1913683
2.73, 1913252
2.74, 1906984
2.76, 1903747
2.77, 1897598
2.77, 1858683
2.77, 1858655
2.78, 1853948
2.80, 1852856
2.80, 1849490
2.80, 1844538
2.82, 1844440
2.82, 1843406
2.84, 1841555
2.84, 1840330
2.85, 1835638
2.86, 1820324
2.89, 1820314
2.90, 1817928
2.90, 1810319
2.91, 1796101
2.93, 1792143
2.94, 1787768
2.95, 1783498
2.97, 1783345
2.99, 1782540
3.04, 1780141
3.08, 1778202
3.12, 1777319
3.13, 1773767
3.13, 1760171
3.14, 1738843
3.17, 1737559
3.19, 1731930
3.20, 1722701
3.21, 1722305
3.22, 1720216
3.25, 1716417
3.28, 1708681
3.29, 1707555
7.67, 1703948
7.67, 1691406
7.70, 1687774
7.71, 1673728
7.75, 1663504
7.76, 1657295
7.78, 1651285
7.78, 1643166
7.81, 1642079
7.90, 1635651
7.90, 1634118
7.90, 1630542
7.95, 1629312
7.95, 1623701
7.96, 1620407
7.97, 1615034
7.97, 1613630
8.03, 1612568
8.07, 1612515
8.09, 1608468
8.10, 1607425
8.10, 1607188
12.76, 1602793
12.76, 1602010
12.77, 1600781
12.81, 1593678
16.01, 1578601
26.50, 1573797
26.51, 1566291
26.54, 1563271
26.57, 1559775
26.64, 1554158
26.67, 1547959
26.67, 1547357
26.69, 1546644
26.75, 1546479
26.76, 1543045
26.82, 1528610
26.84, 1525794
26.89, 1525791
26.89, 1524535
26.91, 1464525
26.94, 1457744
