0.06, 5799007
0.06, 5788552
0.06, 5784323
0.06, 5746270
0.06, 5742741
0.07, 5724449
0.07, 5630815
0.07, 5598234
0.07, 5583787
0.07, 5560554
0.08, 5557923
0.08, 5556962
0.08, 5554477
0.08, 5539225
0.09, 5538702
0.09, 5509165
0.09, 5498075
0.10, 5492871
0.10, 5473233
0.10, 5448543
0.10, 5441640
0.10, 5406118
0.10, 5342780
0.11, 5323783
0.12, 5315157
0.12, 5246746
0.12, 5230941
0.12, 5221784
0.12, 5211357
0.12, 5189079
0.13, 5166265
0.15, 5160480
0.16, 5159323
0.16, 5151876
0.17, 5149691
0.20, 5148350
0.23, 5144494
0.27, 5142090
0.33, 5135313
0.33, 5134505
0.38, 5132961
0.40, 5132818
0.43, 5123364
0.44, 5121478
0.46, 5036728
0.48, 5024924
0.49, 5023841
0.51, 5014007
0.54, 5011324
0.55, 4987881
0.57, 4814128
0.58, 4809339
0.60, 4803477
0.62, 4781921
0.65, 4775753
0.70, 4773552
0.73, 4765965
0.79, 4743437
0.86, 4740371
0.92, 4712257
0.92, 4711334
0.93, 4709797
0.93, 4703053
0.93, 4686566
0.93, 4686315
0.93, 4671663
0.94, 4669668
0.94, 4659980
0.94, 4651603
0.94, 4651356
0.94, 4650027
0.98, 4649509
1.00, 4649508
1.02, 4620826
1.09, 4618880
1.17, 4599187
1.20, 4595619
1.25, 4594452
1.30, 4586640
1.32, 4582795
1.38, 4578698
1.42, 4578538
1.47, 4578305
1.51, 4577382
1.62, 4575763
1.63, 4572424
1.65, 4560338
1.68, 4536097
1.71, 4508900
1.74, 4507284
1.77, 4503598
1.82, 4499980
1.86, 4494002
1.90, 4486593
1.95, 4486362
2.00, 4482971
2.06, 4443092
2.15, 4414719
2.23, 4409373
2.29, 4400900
2.35, 4396053
2.39, 4394792
2.44, 4387910
2.48, 4385318
2.53, 4381255
2.57, 4367704
2.62, 4306920
2.66, 4300434
2.66, 4299593
2.69, 4295588
2.69, 4293807
2.70, 4286978
2.70, 4280134
2.70, 4263009
2.72, 4262788
2.72, 4209676
2.72, 4201828
2.72, 4192473
2.72, 4186964
2.72, 4181939
2.72, 4170054
2.72, 4167668
2.72, 4122595
2.72, 4113390
2.72, 4100161
2.73, 4084222
2.73, 4012874
2.73, 4005189
2.73, 3999931
2.73, 3998959
2.74, 3998577
2.74, 3986109
2.74, 3985903
2.76, 3984574
2.80, 3959826
2.84, 3957311
2.89, 3932538
2.94, 3928873
3.01, 3920501
3.06, 3878443
3.10, 3877238
3.15, 3876796
3.19, 3864395
3.24, 3852026
3.29, 3850415
3.34, 3808937
3.38, 3726344
3.42, 3725459
3.47, 3706178
3.58, 3581048
3.72, 3572089
3.85, 3569101
4.00, 3547535
4.06, 3528853
4.13, 3520451
4.19, 3475671
4.25, 3461832
4.32, 3457406
4.38, 3453393
4.44, 3448791
4.50, 3448107
4.57, 3447093
4.68, 3428907
4.81, 3425362
4.88, 3399924
4.96, 3385079
5.08, 3355424
5.16, 3347629
5.24, 3347214
5.32, 3344422
5.39, 3339843
5.46, 3315949
5.71, 3304922
5.77, 3299458
5.85, 3293075
5.94, 3279722
6.05, 3266392
6.15, 3241923
6.25, 3238566
6.35, 3229499
6.46, 3226302
6.59, 3190141
6.69, 3145846
6.81, 3135332
6.93, 3126231
7.05, 3106637
7.17, 3099762
7.31, 3046101
7.43, 3024698
7.53, 3021932
7.64, 3018829
7.74, 3014833
7.88, 3014515
8.04, 3011373
8.18, 3011058
8.29, 2979002
8.41, 2976302
8.51, 2975388
8.66, 2940054
8.81, 2934283
8.97, 2863622
9.10, 2861992
9.21, 2843177
9.32, 2841743
9.43, 2826694
9.54, 2798786
9.64, 2793229
9.75, 2768928
9.86, 2746257
10.08, 2705722
10.19, 2658369
10.31, 2652200
10.49, 2644851
10.68, 2643518
10.88, 2642094
11.07, 2641493
11.23, 2638624
11.32, 2633751
11.41, 2631787
11.59, 2609292
11.73, 2607077
11.91, 2602223
12.10, 2601478
12.28, 2574771
12.46, 2574296
12.57, 2572416
12.65, 2569650
12.79, 2568165
12.94, 2567477
13.15, 2565155
13.32, 2564944
13.56, 2545939
14.02, 2535807
14.30, 2535768
14.53, 2517029
14.79, 2514745
14.99, 2512713
15.21, 2511837
15.45, 2510234
15.70, 2505121
15.94, 2502228
16.19, 2491874
16.41, 2490450
16.60, 2487467
16.86, 2483286
16.96, 2475065
17.06, 2457970
17.15, 2454684
17.25, 2451487
17.34, 2449938
17.44, 2448854
17.55, 2447120
17.71, 2443204
17.86, 2440791
17.97, 2439306
18.15, 2435179
18.26, 2431810
18.45, 2428898
18.68, 2428777
18.83, 2423956
19.02, 2421632
19.32, 2421447
19.57, 2410431
19.75, 2406466
19.95, 2406339
20.18, 2405992
20.38, 2403628
20.64, 2401826
20.89, 2394008
21.11, 2392906
21.36, 2358141
21.59, 2354490
21.84, 2348528
22.09, 2345116
22.33, 2328901
22.58, 2327650
22.85, 2302495
23.10, 2293781
23.38, 2290592
23.85, 2285216
24.20, 2258706
24.47, 2255642
24.74, 2247526
24.97, 2213016
25.20, 2188172
25.41, 2172480
25.61, 2171936
25.87, 2170438
26.13, 2149458
26.40, 2135339
26.70, 2130739
27.01, 2064930
27.33, 2038411
27.60, 2013945
27.88, 2008984
28.16, 2007558
28.56, 2000563
28.90, 1993401
29.30, 1985549
29.59, 1948013
29.91, 1913293
30.28, 1910681
30.55, 1906592
30.84, 1900125
31.14, 1895622
31.45, 1892798
31.77, 1890717
32.07, 1881830
32.33, 1870168
32.61, 1861044
32.87, 1832765
33.14, 1832759
33.40, 1827301
33.94, 1815775
34.18, 1789581
34.44, 1784095
34.76, 1732304
35.04, 1728287
35.29, 1723208
35.57, 1717167
35.90, 1713776
36.24, 1699127
36.54, 1696600
36.83, 1687482
37.17, 1682763
37.43, 1678659
37.73, 1678382
38.01, 1654918
38.25, 1654763
38.49, 1646774
38.83, 1645236
39.23, 1640554
39.60, 1618558
39.97, 1613462
40.36, 1604344
40.84, 1600842
41.21, 1600825
41.59, 1584033
41.99, 1574514
42.33, 1535860
42.70, 1528296
43.11, 1516803
43.46, 1504847
44.06, 1489712
44.44, 1486688
44.86, 1478805
45.24, 1459666
45.67, 1446554
46.16, 1430523
46.69, 1422719
47.18, 1417593
47.62, 1406809
48.05, 1400736
48.46, 1386060
48.90, 1384873
49.31, 1384822
49.71, 1384233
50.14, 1379042
50.49, 1378637
50.83, 1378094
51.11, 1375296
51.51, 1362976
52.01, 1355172
52.53, 1354510
53.04, 1316410
53.56, 1304600
54.35, 1292704
54.87, 1271765
55.47, 1271346
55.95, 1260833
56.44, 1242307
57.06, 1241400
57.76, 1224228
58.35, 1220714
58.91, 1211849
59.50, 1211423
60.09, 1210952
60.68, 1210616
61.38, 1209160
62.01, 1208895
62.60, 1208814
63.31, 1206565
64.27, 1201152
64.91, 1186971
65.70, 1178043
66.34, 1137637
67.01, 1137241
67.83, 1136122
68.47, 1127942
69.19, 1125005
69.89, 1120177
70.45, 1106534
70.71, 1105251
70.94, 1103157
71.19, 1099516
71.45, 1098640
71.67, 1097037
71.92, 1090486
72.17, 1082081
72.45, 1081285
73.21, 1052069
74.18, 1049599
74.87, 1017022
75.50, 1015614
76.25, 1012390
77.01, 1004682
77.64, 1004366
78.30, 1004111
78.61, 1003479
78.87, 982052
79.52, 967048
79.78, 960479
80.03, 958083
80.31, 956006
80.57, 940542
80.85, 924384
81.15, 923195
81.78, 921488
82.03, 919049
82.30, 909221
82.97, 903194
84.04, 891867
84.64, 890238
85.48, 880236
86.26, 879161
87.01, 877851
87.73, 871624
88.44, 871618
89.24, 870203
90.02, 868030
90.78, 866610
91.58, 866529
92.29, 863505
92.97, 862935
