0.08, 5938942
0.08, 5897745
0.08, 5889869
0.08, 5889788
0.08, 5886882
0.08, 5871865
0.09, 5858999
0.09, 5824376
0.09, 5792827
0.09, 5774566
0.09, 5744220
0.09, 5734309
0.09, 5636865
0.09, 5608185
0.09, 5603247
0.10, 5588743
0.10, 5587866
0.10, 5587454
0.11, 5581828
0.11, 5579790
0.11, 5529658
0.11, 5485832
0.11, 5481965
0.11, 5327487
0.11, 5315847
0.11, 5311171
0.12, 5298279
0.12, 5272048
0.12, 5254588
0.14, 5226897
0.14, 5212314
0.15, 5207154
0.15, 5194071
0.16, 5167593
0.16, 5145306
0.17, 5140866
0.19, 5128037
0.19, 5123297
0.20, 5118295
0.20, 5063481
0.20, 5054872
0.20, 4997542
0.21, 4945527
0.21, 4943489
0.21, 4930023
0.21, 4928519
0.21, 4924354
0.21, 4915097
0.23, 4913606
0.23, 4907530
0.23, 4906407
0.23, 4902383
0.24, 4899160
0.25, 4897211
0.25, 4892558
0.27, 4887332
0.27, 4883980
0.27, 4830276
0.29, 4829689
0.29, 4799448
0.31, 4798663
0.31, 4795695
0.33, 4782299
0.33, 4782246
0.35, 4782034
0.35, 4773300
0.36, 4721258
0.36, 4706774
0.36, 4695906
0.36, 4620909
0.36, 4615999
0.36, 4601008
0.36, 4571176
0.37, 4559919
0.37, 4549350
0.39, 4542136
0.39, 4537015
0.40, 4527068
0.40, 4507580
0.42, 4501822
0.42, 4501534
0.42, 4493159
0.42, 4478738
0.44, 4472748
0.47, 4465873
0.50, 4463002
0.53, 4462131
0.56, 4459878
0.58, 4451818
0.60, 4439977
0.63, 4439768
0.66, 4435454
0.71, 4398408
0.75, 4386757
0.77, 4386200
0.81, 4386024
0.83, 4383869
0.89, 4383411
0.98, 4373467
1.06, 4361387
1.07, 4359849
1.12, 4355496
1.17, 4353238
1.19, 4348672
1.26, 4325753
1.35, 4321302
1.38, 4321244
1.46, 4320434
1.49, 4320179
1.55, 4303940
1.56, 4302764
1.60, 4297760
1.65, 4295843
1.66, 4293688
1.71, 4289859
1.77, 4258868
1.84, 4258299
1.87, 4255134
1.92, 4239319
2.12, 4222099
2.23, 4215107
2.33, 4181294
2.40, 4178811
2.46, 4138238
2.51, 4070879
2.60, 4069939
2.72, 4062420
2.75, 4060723
2.86, 4045654
2.88, 4045025
2.91, 4037678
2.96, 4027930
3.02, 4026402
3.08, 4025624
3.15, 4025308
3.18, 4022854
3.23, 4018715
3.26, 4016417
3.31, 3998733
3.34, 3997452
3.40, 3991048
3.43, 3988300
3.53, 3986001
3.58, 3982962
3.65, 3972414
3.76, 3955877
3.87, 3942930
3.94, 3926333
4.01, 3915855
4.09, 3898162
4.20, 3884720
4.29, 3873744
4.37, 3860065
4.46, 3856347
4.51, 3855776
4.63, 3825461
4.68, 3823990
4.77, 3783258
4.87, 3771526
5.00, 3766469
5.09, 3765600
5.19, 3761161
5.28, 3759230
5.38, 3758688
5.48, 3757577
5.58, 3752747
5.66, 3731786
5.76, 3710995
5.86, 3709729
5.96, 3639274
6.06, 3631019
6.19, 3624078
6.35, 3597770
6.48, 3597509
6.70, 3591226
6.80, 3573599
7.00, 3556910
7.09, 3553081
7.21, 3550100
7.32, 3547104
7.50, 3547059
7.67, 3538305
7.79, 3514064
8.03, 3482557
8.17, 3480678
8.30, 3422297
8.42, 3407750
8.52, 3406612
8.70, 3397773
8.85, 3394258
8.97, 3357280
9.10, 3341239
9.33, 3320054
9.49, 3319541
9.70, 3307921
9.86, 3306819
9.99, 3302411
10.06, 3301848
10.16, 3297454
10.26, 3292130
10.36, 3280333
10.46, 3269928
10.56, 3267136
10.57, 3266201
10.58, 3263335
10.61, 3262577
10.62, 3257895
10.64, 3249523
10.65, 3248821
10.67, 3243290
10.69, 3231804
10.71, 3231488
10.75, 3227859
10.79, 3217720
10.80, 3216273
10.84, 3213816
10.85, 3213037
10.90, 3208945
10.92, 3206621
11.02, 3189335
11.09, 3184585
11.18, 3157146
11.30, 3154990
11.40, 3134794
11.57, 3128956
11.59, 3126725
11.62, 3126137
11.72, 3124652
11.77, 3123723
11.81, 3123163
11.94, 3117011
12.06, 3038136
12.18, 3027050
12.25, 3013988
12.34, 3004478
12.42, 2907299
12.49, 2905084
12.61, 2902606
12.72, 2894255
12.80, 2894196
12.83, 2893417
12.95, 2890977
13.07, 2883613
13.16, 2882938
13.31, 2860419
13.36, 2858028
13.39, 2853697
13.46, 2849639
13.57, 2847122
13.63, 2843809
13.71, 2839422
13.74, 2837098
13.87, 2833071
13.98, 2830854
14.10, 2777859
14.20, 2751214
14.26, 2750933
14.35, 2744658
14.41, 2737943
14.49, 2714808
14.59, 2709047
14.63, 2707386
14.65, 2706607
14.76, 2706153
14.80, 2702061
14.83, 2699737
14.99, 2692374
15.15, 2615767
15.18, 2615708
15.20, 2614929
15.25, 2614254
15.33, 2602096
15.38, 2599173
15.39, 2597726
15.44, 2593395
15.78, 2590076
16.10, 2585062
16.35, 2584139
16.77, 2582010
16.78, 2569498
16.78, 2567267
16.78, 2566897
16.78, 2566213
16.78, 2565087
16.79, 2560609
17.17, 2556982
17.39, 2555018
17.77, 2530918
18.07, 2523481
18.31, 2523200
18.59, 2519373
18.89, 2512426
19.23, 2500128
19.68, 2500013
20.07, 2492889
20.42, 2492505
20.82, 2480265
21.16, 2479154
21.50, 2478147
21.96, 2466726
22.53, 2459231
22.93, 2442394
23.37, 2438089
23.83, 2431824
24.36, 2425126
24.80, 2422747
25.31, 2417264
25.75, 2398948
26.33, 2391561
27.08, 2367250
27.48, 2349248
27.96, 2345934
28.41, 2343546
28.88, 2342311
29.40, 2327367
29.83, 2283269
30.31, 2217267
30.69, 2206372
31.04, 2197653
31.54, 2162886
31.84, 2158833
32.15, 2148507
32.50, 2141936
32.88, 2126669
33.35, 2124389
33.88, 2098703
34.28, 2083565
34.72, 2067474
35.23, 2066979
35.62, 2060536
35.99, 2060403
36.33, 2058984
37.05, 2052521
37.41, 2017454
37.89, 2003752
38.27, 2000540
38.65, 1985600
39.08, 1984494
39.45, 1965326
39.95, 1959857
40.35, 1944964
40.78, 1943354
41.34, 1943301
41.95, 1937168
42.41, 1931762
42.83, 1893587
43.21, 1873249
43.62, 1872193
44.15, 1870720
44.57, 1862138
44.96, 1860567
45.51, 1859510
45.92, 1855595
46.33, 1786167
47.10, 1778577
47.68, 1773236
48.07, 1772388
48.46, 1767637
48.89, 1725956
49.37, 1723990
49.76, 1716050
50.23, 1713141
50.98, 1690053
51.49, 1683182
52.03, 1662705
52.45, 1660834
53.03, 1659202
53.49, 1654800
53.92, 1653262
54.49, 1652569
54.94, 1651713
55.41, 1634644
55.84, 1633371
56.35, 1584933
57.10, 1581479
57.55, 1560064
58.02, 1559685
58.46, 1524756
58.88, 1500581
59.35, 1498173
59.84, 1474483
60.58, 1446005
61.55, 1425334
62.51, 1423940
63.29, 1412636
63.87, 1401743
64.29, 1399053
64.91, 1363685
65.56, 1350573
66.11, 1341314
66.89, 1327156
67.47, 1283517
68.17, 1282983
68.81, 1272052
69.35, 1265440
70.07, 1263256
70.81, 1262188
71.47, 1261009
72.12, 1255810
72.79, 1254468
73.52, 1253350
74.28, 1252084
74.80, 1232423
75.48, 1221695
76.27, 1214912
77.12, 1213100
77.72, 1204452
78.57, 1196766
79.45, 1191117
80.15, 1175437
80.75, 1172644
81.49, 1172066
82.06, 1156733
82.74, 1135014
83.61, 1128639
84.28, 1127617
85.06, 1121628
85.70, 1118359
86.45, 1117452
87.63, 1116371
88.85, 1083237
89.77, 1061649
90.39, 1052240
91.24, 1038541
92.11, 1037382
93.07, 1037127
93.80, 1034322
94.52, 1034028
95.21, 1032744
96.11, 1026023
97.20, 1024778
97.89, 1020994
98.74, 1020777
99.45, 1020738
100.16, 973060
