0.02, 5645466
0.02, 5624742
0.02, 5587710
0.02, 5346610
0.02, 5256134
0.02, 5227157
0.02, 5114983
0.02, 5073268
0.02, 5014279
0.02, 4972074
0.02, 4929535
0.02, 4917090
0.02, 4909184
0.02, 4904621
0.02, 4860057
0.02, 4859480
0.02, 4847376
0.02, 4832871
0.02, 4806865
0.02, 4674517
0.03, 4600569
0.03, 4353564
0.03, 4312889
0.03, 4260727
0.03, 4208484
0.03, 4189306
0.03, 4154402
0.03, 4137089
0.03, 4095077
0.03, 4087232
0.03, 4083888
0.03, 4079968
0.03, 4036923
0.03, 4024479
0.04, 4004983
0.04, 3953886
0.04, 3936226
0.04, 3923814
0.04, 3890277
0.04, 3868095
0.04, 3861566
0.04, 3847978
0.04, 3837979
0.04, 3775402
0.05, 3737198
0.05, 3702954
0.05, 3700290
0.05, 3699916
0.05, 3696416
0.05, 3694620
0.06, 3674819
0.06, 3653333
0.06, 3647442
0.06, 3627950
0.06, 3618334
0.06, 3605038
0.06, 3601235
0.06, 3548405
0.06, 3534434
0.07, 3521989
0.07, 3496383
0.07, 3495769
0.07, 3481113
0.08, 3440852
0.08, 3399463
0.08, 3350558
0.08, 3342283
0.08, 3330659
0.08, 3301671
0.08, 3280650
0.08, 3259374
0.08, 3254420
0.08, 3243304
0.08, 3229195
0.08, 3209404
0.09, 3207612
0.09, 3153283
0.09, 3145805
0.09, 3140783
0.09, 3103632
0.09, 3071148
0.10, 3038039
0.10, 3026842
0.10, 3024217
0.10, 3020996
0.10, 3017898
0.10, 3001745
0.10, 3000491
0.11, 2997973
0.11, 2995989
0.11, 2993062
0.11, 2981948
0.11, 2971162
0.11, 2962847
0.11, 2959965
0.11, 2934249
0.11, 2930134
0.12, 2925296
0.12, 2902080
0.12, 2861273
0.12, 2857821
0.12, 2836150
0.13, 2831518
0.13, 2813828
0.13, 2803109
0.13, 2800464
0.13, 2798630
0.13, 2789589
0.14, 2785739
0.14, 2761618
0.14, 2759421
0.14, 2732437
0.14, 2728248
0.14, 2717943
0.14, 2700275
0.15, 2691783
0.16, 2691714
0.16, 2676030
0.16, 2648606
0.16, 2600142
0.16, 2580288
0.17, 2564788
0.18, 2523400
0.18, 2519435
0.18, 2496269
0.18, 2493886
0.19, 2490470
0.19, 2477456
0.19, 2452417
0.19, 2446830
0.21, 2437170
0.21, 2433086
0.22, 2424265
0.22, 2413978
0.23, 2412401
0.24, 2400262
0.24, 2387736
0.24, 2380586
0.24, 2379756
0.25, 2366134
0.25, 2363869
0.31, 2325334
0.33, 2319538
0.35, 2272761
0.41, 2270576
0.42, 2255523
0.44, 2255214
0.45, 2251272
0.45, 2243635
0.46, 2232117
0.48, 2230959
0.52, 2206563
0.52, 2193856
0.52, 2173059
0.53, 2115291
0.53, 2114140
0.53, 2100227
0.56, 2097395
0.57, 2095538
0.59, 2095398
0.63, 2094944
0.65, 2089508
0.71, 2079517
0.72, 2078177
0.77, 2076194
0.79, 2073499
0.81, 2067747
0.81, 2045782
0.85, 2045654
0.88, 2035470
0.89, 2013472
0.91, 2007679
0.94, 1992724
0.96, 1982292
0.96, 1981538
0.97, 1981512
0.97, 1962742
0.97, 1949945
0.99, 1947943
1.00, 1941478
1.01, 1941245
1.06, 1936642
1.09, 1927523
1.18, 1927220
1.20, 1924448
1.27, 1883493
1.27, 1878006
1.32, 1877861
1.32, 1877037
1.34, 1865005
1.35, 1846512
1.36, 1845654
1.37, 1843193
1.39, 1833863
1.40, 1832922
1.40, 1832698
1.41, 1827378
1.43, 1825760
1.44, 1822140
1.45, 1815334
1.46, 1813483
1.48, 1810899
1.52, 1796854
1.52, 1785031
1.62, 1784053
1.65, 1784021
1.65, 1781322
1.66, 1773924
1.67, 1761500
1.70, 1760501
1.71, 1758095
1.74, 1756115
1.82, 1752581
1.82, 1747381
1.84, 1739259
1.87, 1732939
1.89, 1727945
1.93, 1725709
1.95, 1725628
2.01, 1725313
2.04, 1723993
2.08, 1723972
2.10, 1720770
2.13, 1718993
2.14, 1710524
2.15, 1709320
2.16, 1697078
2.17, 1692997
2.20, 1692738
2.21, 1691684
2.23, 1684519
2.23, 1684285
2.24, 1681550
2.25, 1681005
2.25, 1680299
2.25, 1680261
2.26, 1675118
2.27, 1675068
2.27, 1673721
2.27, 1668714
2.34, 1658147
2.35, 1657006
2.35, 1649521
2.35, 1647037
2.37, 1639632
2.38, 1638024
2.42, 1637550
2.51, 1637393
2.51, 1636486
2.54, 1628902
2.54, 1627378
2.58, 1619227
2.59, 1619191
6.96, 1618155
21.95, 1616207
21.95, 1613615
21.99, 1612331
21.99, 1579036
22.00, 1577833
22.02, 1577824
22.08, 1563698
22.08, 1553604
22.11, 1551969
22.17, 1549533
22.17, 1545969
22.22, 1533987
22.28, 1533771
22.30, 1532884
22.31, 1531224
22.32, 1529784
22.33, 1514876
22.34, 1514574
22.34, 1514522
22.37, 1504228
22.42, 1500298
22.45, 1496873
22.52, 1496162
22.52, 1496122
22.52, 1495140
28.66, 1492175
28.66, 1491054
28.66, 1488853
28.68, 1486844
28.71, 1479890
28.72, 1478556
28.75, 1475947
28.76, 1468247
28.76, 1455413
28.76, 1451118
28.79, 1448782
28.80, 1448383
28.86, 1447806
28.92, 1437335
28.92, 1433918
28.97, 1429593
28.99, 1414259
28.99, 1410096
29.01, 1409552
29.02, 1397330
29.06, 1385602
29.12, 1385203
29.14, 1381622
29.21, 1378925
29.21, 1367547
29.22, 1365344
29.28, 1361962
29.29, 1357957
