0.02, 6419173
0.02, 6351083
0.02, 6275252
0.02, 6273856
0.02, 6177636
0.03, 6035894
0.03, 5969875
0.03, 5845046
0.03, 5776615
0.03, 5712224
0.03, 5702593
0.03, 5690092
0.03, 5683137
0.03, 5604836
0.03, 5536932
0.03, 5524922
0.03, 5405689
0.03, 5400189
0.03, 5367898
0.03, 5305971
0.03, 5283076
0.03, 5185089
0.03, 5074058
0.03, 5004579
0.03, 4983863
0.03, 4962642
0.03, 4901618
0.04, 4794831
0.04, 4792083
0.04, 4791245
0.04, 4769558
0.04, 4755546
0.04, 4704933
0.04, 4704085
0.04, 4690856
0.04, 4586747
0.04, 4579273
0.04, 4558438
0.04, 4529374
0.04, 4527160
0.04, 4521530
0.04, 4521475
0.04, 4440656
0.04, 4437469
0.04, 4361720
0.04, 4297234
0.04, 4279533
0.04, 4253336
0.04, 4207789
0.05, 4168063
0.05, 4145249
0.05, 4142450
0.05, 4078600
0.05, 4068704
0.05, 3971542
0.05, 3960171
0.05, 3949820
0.06, 3908568
0.06, 3889207
0.06, 3843091
0.06, 3787213
0.06, 3785524
0.06, 3762529
0.06, 3733227
0.07, 3716624
0.07, 3715604
0.07, 3663924
0.07, 3630148
0.07, 3629185
0.07, 3620370
0.07, 3605398
0.07, 3602743
0.07, 3562664
0.07, 3558793
0.07, 3538366
0.07, 3479679
0.08, 3462086
0.08, 3442372
0.08, 3441095
0.08, 3440910
0.08, 3439565
0.08, 3409629
0.08, 3391890
0.08, 3286730
0.08, 3282806
0.08, 3154771
0.09, 3148310
0.09, 3128277
0.09, 3120310
0.09, 3117336
0.09, 3110210
0.09, 3108025
0.09, 3064672
0.09, 3012587
0.10, 2999124
0.10, 2974505
0.10, 2965958
0.10, 2963380
0.10, 2958964
0.10, 2958234
0.10, 2946247
0.10, 2940082
0.10, 2902419
0.10, 2886815
0.10, 2868303
0.11, 2853375
0.11, 2838818
0.11, 2836386
0.11, 2817568
0.11, 2809915
0.11, 2799127
0.11, 2783154
0.11, 2754768
0.11, 2722374
0.12, 2722076
0.12, 2676768
0.12, 2675312
0.13, 2675311
0.13, 2665781
0.14, 2654973
0.14, 2653257
0.14, 2630177
0.14, 2628865
0.14, 2624214
0.14, 2606541
0.14, 2597294
0.14, 2593291
0.15, 2575805
0.16, 2536252
0.16, 2526143
0.16, 2496540
0.16, 2489690
0.16, 2459599
0.16, 2441431
0.16, 2418819
0.17, 2403608
0.17, 2390190
0.17, 2386125
0.17, 2381020
0.18, 2341203
0.18, 2326443
0.19, 2312637
0.19, 2310459
0.20, 2302404
0.22, 2282721
0.22, 2263058
0.23, 2258404
0.24, 2257623
0.24, 2256699
0.24, 2255387
0.25, 2252076
0.25, 2249523
0.25, 2241129
0.26, 2203757
0.26, 2192681
0.27, 2190933
0.28, 2178957
0.28, 2166844
0.30, 2161275
0.31, 2158183
0.32, 2143385
0.32, 2132960
0.32, 2131316
0.33, 2130682
0.33, 2130662
0.34, 2115724
0.34, 2103799
0.34, 2100544
0.35, 2081629
0.36, 2081582
0.37, 2067663
0.37, 2045176
0.38, 2042981
0.38, 2036362
0.38, 2036073
0.38, 2035016
0.38, 2028795
0.40, 2010904
0.40, 2002318
0.42, 2001126
0.43, 1996548
0.43, 1993166
0.44, 1990989
0.44, 1955806
0.44, 1955631
0.45, 1949384
0.48, 1935509
0.51, 1926409
0.51, 1923831
0.51, 1910185
0.52, 1908564
0.57, 1908227
0.58, 1900115
0.59, 1888573
0.60, 1885872
0.61, 1883604
0.62, 1883589
0.64, 1883451
0.66, 1881144
0.66, 1880812
0.67, 1875535
0.68, 1873691
0.70, 1864377
0.72, 1861682
0.72, 1854617
0.72, 1853460
0.72, 1842839
0.73, 1832980
0.73, 1830984
0.73, 1830121
0.74, 1829416
0.79, 1823451
0.79, 1823166
0.79, 1822663
0.84, 1817665
0.85, 1803834
0.87, 1803808
0.89, 1800279
0.91, 1796064
0.95, 1792696
0.97, 1766831
1.02, 1761260
1.04, 1758785
1.05, 1753319
1.06, 1749619
1.08, 1742120
1.09, 1739625
1.13, 1734290
1.13, 1731048
1.14, 1720445
1.15, 1717485
1.20, 1707768
1.21, 1702573
1.25, 1702267
1.28, 1696793
1.32, 1695407
1.36, 1689190
1.36, 1688488
1.39, 1687852
1.42, 1686736
1.43, 1686420
1.43, 1680350
1.46, 1670995
1.50, 1670421
1.51, 1669133
1.54, 1654221
1.56, 1652578
1.57, 1649962
4.51, 1647865
9.36, 1615960
9.38, 1608440
9.51, 1603048
9.55, 1596215
9.60, 1591960
9.60, 1591196
9.60, 1583719
9.65, 1578245
9.68, 1576081
9.69, 1572894
9.73, 1571264
39.40, 1569991
39.44, 1557520
39.45, 1557300
39.47, 1556260
39.55, 1555419
39.56, 1548753
39.57, 1546462
39.58, 1535473
39.60, 1533530
39.61, 1518084
39.64, 1517643
39.66, 1516617
39.67, 1511880
39.68, 1510406
39.69, 1501165
39.69, 1500484
39.73, 1497573
39.78, 1496805
39.79, 1496583
39.82, 1492296
39.82, 1489811
39.83, 1489611
39.84, 1486617
39.86, 1480357
39.86, 1480345
39.87, 1474646
39.91, 1466306
39.98, 1460942
40.08, 1459914
40.13, 1458878
40.15, 1457600
40.18, 1457087
80.69, 1452533
