0.07, 6353781
0.07, 6351109
0.07, 6347551
0.08, 6331798
0.08, 6331733
0.08, 6327521
0.09, 6262607
0.09, 6261420
0.10, 6252935
0.11, 6245846
0.12, 6239354
0.12, 6233761
0.13, 6228126
0.14, 6216256
0.14, 6215772
0.14, 6213086
0.14, 6208357
0.14, 6189008
0.14, 6188389
0.14, 6173796
0.14, 6164511
0.14, 6156666
0.14, 6155721
0.14, 6142630
0.14, 6138767
0.15, 6137583
0.15, 6124243
0.15, 6062924
0.15, 6011860
0.15, 5986878
0.15, 5976786
0.15, 5922181
0.15, 5910813
0.15, 5908244
0.15, 5859733
0.16, 5857574
0.16, 5857156
0.17, 5844892
0.19, 5839652
0.19, 5836368
0.19, 5835705
0.21, 5830001
0.21, 5624891
0.21, 5621957
0.22, 5619360
0.22, 5619165
0.23, 5614918
0.23, 5603293
0.24, 5599185
0.25, 5503208
0.27, 5502256
0.28, 5370564
0.30, 5333018
0.32, 5288134
0.34, 5263427
0.36, 5232154
0.39, 5231224
0.41, 5225579
0.42, 5224682
0.44, 5224305
0.45, 5214867
0.47, 5185542
0.50, 5184318
0.53, 5140668
0.56, 5097819
0.57, 5097544
0.60, 5092382
0.62, 5069793
0.65, 5061254
0.69, 4952071
0.71, 4943598
0.71, 4943360
0.72, 4941439
0.73, 4936360
0.74, 4806197
0.76, 4795733
0.78, 4776513
0.79, 4756670
0.81, 4748263
0.86, 4747922
0.88, 4747349
0.92, 4744145
0.92, 4738796
0.92, 4735178
0.98, 4730431
1.07, 4691390
1.15, 4691122
1.29, 4688180
1.40, 4687767
1.47, 4666924
1.53, 4653351
1.60, 4652482
1.68, 4649546
1.73, 4649314
1.80, 4643391
1.86, 4643344
1.97, 4625498
2.02, 4624660
2.11, 4598602
2.22, 4595932
2.31, 4586717
2.31, 4584760
2.32, 4583224
2.32, 4579036
2.45, 4569794
2.57, 4564421
2.57, 4557811
2.61, 4549170
2.67, 4534643
2.86, 4532523
3.00, 4468824
3.11, 4467906
3.25, 4466110
3.36, 4465900
3.45, 4456431
3.55, 4434739
3.64, 4432013
3.64, 4429669
3.64, 4428133
3.64, 4423945
3.74, 4415061
3.74, 4412652
3.77, 4404657
3.82, 4399126
3.92, 4397774
3.96, 4397749
4.06, 4394555
4.06, 4392539
4.06, 4388351
4.16, 4371679
4.17, 4366722
4.17, 4363382
4.18, 4359764
4.31, 4326896
4.35, 4326871
4.46, 4296746
4.50, 4289022
4.59, 4281980
4.69, 4280353
4.78, 4214755
4.90, 4187187
5.04, 4184278
5.21, 4183496
5.36, 4155695
5.56, 4148815
5.69, 4146249
5.85, 4059699
5.94, 4058720
5.98, 4058188
6.08, 4055747
6.23, 4045607
6.38, 4039981
6.46, 4033987
6.62, 4031874
6.75, 4030593
6.91, 4006749
7.04, 4004431
7.22, 3995315
7.36, 3992895
7.54, 3991551
7.74, 3990630
7.96, 3990137
8.15, 3988893
8.33, 3987454
8.51, 3987093
8.73, 3966054
8.94, 3952556
9.11, 3910641
9.30, 3905526
9.54, 3896520
9.71, 3882851
9.93, 3869344
10.13, 3863470
10.32, 3854467
10.54, 3847561
10.75, 3833882
10.94, 3826028
11.19, 3825859
11.40, 3788086
11.66, 3786077
11.90, 3777181
12.13, 3774857
12.36, 3774602
12.56, 3771318
12.82, 3771021
13.04, 3742633
13.13, 3736068
13.21, 3734318
13.34, 3732335
13.46, 3694269
13.65, 3658088
13.89, 3637477
14.11, 3598934
14.36, 3589698
14.53, 3543965
14.67, 3516517
14.86, 3501823
15.02, 3440259
15.24, 3436648
15.41, 3418602
15.63, 3375449
15.95, 3303842
16.10, 3291584
16.35, 3221109
16.58, 3212741
16.84, 3191025
17.04, 3182338
17.28, 3167912
17.45, 3167333
17.67, 3160754
17.90, 3145709
18.08, 3145697
18.30, 3143107
18.54, 3139962
18.74, 3133570
18.92, 3113706
19.11, 3098206
19.35, 3088025
19.64, 3083031
19.98, 3015303
20.24, 3005168
20.60, 2995114
20.84, 2961375
21.02, 2929715
21.17, 2926483
21.34, 2894560
21.49, 2876622
21.69, 2860760
21.86, 2797472
22.05, 2787211
22.21, 2786843
22.45, 2783069
22.65, 2782755
22.85, 2780951
23.01, 2778927
23.16, 2749449
23.32, 2747541
23.46, 2741576
23.61, 2738878
23.84, 2726498
24.01, 2713888
24.18, 2700757
24.48, 2700719
24.80, 2699231
24.94, 2698972
25.11, 2697064
25.32, 2689419
25.49, 2648726
25.65, 2647629
25.81, 2636851
25.95, 2632139
26.10, 2606899
26.26, 2568200
26.45, 2559012
26.69, 2551389
26.86, 2538633
27.01, 2535935
27.16, 2534446
27.30, 2500840
27.47, 2484657
27.64, 2481960
27.81, 2473035
28.05, 2468017
28.29, 2441614
28.45, 2430126
28.61, 2429978
28.78, 2399417
28.95, 2387113
29.14, 2373542
29.31, 2354475
29.47, 2339718
29.63, 2306738
29.86, 2299212
30.03, 2270234
30.23, 2268756
30.47, 2264239
30.64, 2254726
30.82, 2253241
31.03, 2242936
31.32, 2240518
31.60, 2232381
31.94, 2228797
32.14, 2214275
32.33, 2208442
32.49, 2181563
32.68, 2179591
32.92, 2177124
33.08, 2159289
33.24, 2128616
33.39, 2101503
33.64, 2090750
33.85, 2085852
34.11, 2075863
34.32, 2074775
34.53, 2065054
34.74, 2017192
34.96, 2008388
35.20, 1988235
35.42, 1975948
35.64, 1973964
35.85, 1971784
36.08, 1960179
36.30, 1957920
36.51, 1948351
36.70, 1947562
36.93, 1903656
37.35, 1888744
37.78, 1884104
38.19, 1868328
38.56, 1867226
38.97, 1866640
39.42, 1865415
40.04, 1864850
40.69, 1861553
41.23, 1858400
41.53, 1858256
41.88, 1857309
42.25, 1850142
42.79, 1848257
43.22, 1846455
43.63, 1842154
44.07, 1841881
44.43, 1841865
44.67, 1836693
44.94, 1832960
45.20, 1830543
45.53, 1826635
45.94, 1823927
46.43, 1821509
46.93, 1817892
47.40, 1814474
47.81, 1786091
48.33, 1764712
48.98, 1750420
49.61, 1749833
50.27, 1742123
50.91, 1741300
51.37, 1737221
51.90, 1701917
52.36, 1673237
52.84, 1672788
53.38, 1664754
53.95, 1663714
54.41, 1660244
54.97, 1628393
55.42, 1604973
55.92, 1592895
56.37, 1592551
56.82, 1586250
57.26, 1577603
57.71, 1541779
58.30, 1524621
58.78, 1508463
59.34, 1499223
59.85, 1483331
60.47, 1473781
60.97, 1441224
61.37, 1422754
61.57, 1420300
61.78, 1413860
62.17, 1410625
62.54, 1410368
62.95, 1410224
63.33, 1405960
63.76, 1405513
63.96, 1405483
64.16, 1393258
64.37, 1389656
64.59, 1355932
64.83, 1347623
65.01, 1328871
65.21, 1327543
65.33, 1324742
65.45, 1324537
65.57, 1319518
65.71, 1312866
65.86, 1305223
66.09, 1304029
66.30, 1303976
66.52, 1298792
66.75, 1251404
67.02, 1249869
67.41, 1246784
67.63, 1246379
67.91, 1245985
68.16, 1245800
68.47, 1232308
68.77, 1210985
69.07, 1209825
69.37, 1209571
69.67, 1206109
70.15, 1195862
70.55, 1195538
70.93, 1178570
71.30, 1158149
71.68, 1152516
71.99, 1151161
72.29, 1145783
72.53, 1129851
72.79, 1123510
73.12, 1117870
73.51, 1100945
73.89, 1099239
74.26, 1081351
74.72, 1080586
75.08, 1079933
75.45, 1079531
75.76, 1072548
76.06, 1072129
76.42, 1030077
76.73, 1024112
77.07, 1019319
77.41, 1016979
77.76, 1003990
78.16, 1003448
78.51, 1002548
79.06, 1002428
79.46, 1002211
79.88, 1000475
80.39, 999236
80.87, 995452
81.26, 995235
81.59, 995196
82.12, 979501
82.61, 974982
83.03, 948669
83.46, 948112
83.88, 936523
84.31, 917085
84.79, 913739
85.38, 912138
85.61, 905568
85.86, 899558
86.04, 899082
86.30, 898038
86.95, 896665
87.61, 895961
88.54, 895281
89.33, 895048
90.18, 893080
90.96, 891997
