0.05, 5499989
0.05, 5475932
0.06, 5446355
0.06, 5391638
0.06, 5369148
0.06, 5358082
0.06, 5342747
0.06, 5326747
0.06, 5296794
0.07, 5284450
0.07, 5139912
0.07, 5126563
0.08, 5112580
0.08, 5107862
0.08, 5103029
0.08, 5079115
0.08, 5079039
0.08, 5051685
0.09, 5040875
0.09, 5002580
0.09, 4998529
0.09, 4980788
0.09, 4978644
0.09, 4969528
0.10, 4969455
0.11, 4968702
0.11, 4954480
0.13, 4932069
0.14, 4914801
0.14, 4890012
0.14, 4885009
0.14, 4878419
0.14, 4851448
0.15, 4818393
0.15, 4812914
0.20, 4801749
0.20, 4801227
0.26, 4795574
0.31, 4713287
0.31, 4710708
0.35, 4689800
0.35, 4689225
0.39, 4683316
0.39, 4682538
0.42, 4662507
0.42, 4662023
0.45, 4647389
0.47, 4627020
0.47, 4624021
0.50, 4616362
0.53, 4606800
0.53, 4606204
0.56, 4605497
0.59, 4591750
0.62, 4563779
0.62, 4559610
0.65, 4559595
0.68, 4514589
0.69, 4513956
0.72, 4513806
0.72, 4511840
0.76, 4486900
0.79, 4481323
0.83, 4475822
0.86, 4432246
0.90, 4398915
0.93, 4390407
0.96, 4386686
1.05, 4374262
1.21, 4346999
1.44, 4337282
1.61, 4297588
1.74, 4293314
1.85, 4236060
1.96, 4229339
2.08, 4227093
2.24, 4215049
2.34, 4211860
2.44, 4202984
2.55, 4189964
2.67, 4187730
2.84, 4187387
2.94, 4177015
3.08, 4144107
3.36, 4138917
3.61, 4137761
3.80, 4117496
3.96, 4091345
4.08, 4082281
4.21, 4072863
4.34, 4029096
4.52, 4024814
4.76, 4024447
4.89, 4010023
4.96, 3989414
5.06, 3982465
5.16, 3977662
5.29, 3975995
5.36, 3961045
5.45, 3913985
5.55, 3913030
5.62, 3861000
5.81, 3849542
5.98, 3842024
6.15, 3840408
6.34, 3831748
6.49, 3791700
6.74, 3734040
6.95, 3733479
7.16, 3715827
7.37, 3703811
7.66, 3698058
7.97, 3666025
8.10, 3662984
8.20, 3654097
8.28, 3653650
8.41, 3614346
8.71, 3585437
9.11, 3579024
9.24, 3578607
9.38, 3559920
9.52, 3535388
9.58, 3514258
9.64, 3449605
9.71, 3422158
9.80, 3405002
9.92, 3373103
10.11, 3372865
10.41, 3369748
10.53, 3369096
10.80, 3368087
11.01, 3364759
11.16, 3361263
11.32, 3358208
11.46, 3358085
11.56, 3357489
11.75, 3352830
11.98, 3265279
12.18, 3252528
12.39, 3250879
12.66, 3239639
13.00, 3239045
13.25, 3239040
13.47, 3199829
13.64, 3199446
13.85, 3191651
14.03, 3183088
14.15, 3182436
14.36, 3182208
14.59, 3171550
14.79, 3156896
15.00, 3106531
15.16, 3089338
15.30, 3089127
15.51, 3085681
15.66, 3084712
15.91, 3084399
16.09, 3081456
16.22, 3076551
16.39, 3071922
16.55, 3071725
16.87, 3070558
17.07, 3059472
17.23, 3059297
17.48, 3058342
17.72, 3057527
17.87, 3053886
18.03, 3051300
18.23, 3050404
18.43, 3047187
18.71, 2979732
18.96, 2975479
19.19, 2966863
19.38, 2958053
19.74, 2951836
19.89, 2950990
20.08, 2950383
20.27, 2903489
20.44, 2900564
20.63, 2898275
20.83, 2883435
21.01, 2879136
21.21, 2876679
21.37, 2874105
21.56, 2809463
21.79, 2795265
21.97, 2771078
22.21, 2763337
22.40, 2760166
22.63, 2748380
22.97, 2746425
23.27, 2731238
23.49, 2731005
23.73, 2717758
23.96, 2715325
24.23, 2664689
24.49, 2652361
24.73, 2618561
24.98, 2588405
25.24, 2573301
25.46, 2571141
25.77, 2566831
25.96, 2564369
26.16, 2543886
26.47, 2537372
26.72, 2534476
26.92, 2522362
27.15, 2515855
27.45, 2499096
27.68, 2493155
27.99, 2490713
28.25, 2490027
28.54, 2464204
28.73, 2455590
28.96, 2445245
29.16, 2410786
29.46, 2410744
29.70, 2360015
30.05, 2357606
30.25, 2345321
30.44, 2327860
30.63, 2326509
30.83, 2325696
31.12, 2312141
31.33, 2296729
31.52, 2291074
31.73, 2286051
31.93, 2279353
32.15, 2279144
32.39, 2266516
32.60, 2266299
32.82, 2266260
33.12, 2260731
33.47, 2255500
33.82, 2253194
34.10, 2240488
34.50, 2229893
34.81, 2211544
35.12, 2184322
35.41, 2183190
35.74, 2162482
36.03, 2154529
36.35, 2143707
36.68, 2117399
37.04, 2094489
37.42, 2089935
37.96, 2078795
38.44, 2073884
38.89, 2060011
39.45, 2055132
39.98, 2033803
40.44, 2029205
41.09, 2020183
41.55, 2007748
42.03, 2001814
42.80, 1977662
43.49, 1975729
44.17, 1973915
44.62, 1968248
45.07, 1929212
45.59, 1924481
46.01, 1915330
46.35, 1912655
46.73, 1885822
47.02, 1881319
47.15, 1880633
47.50, 1857266
47.86, 1856817
48.21, 1855083
48.51, 1797049
48.81, 1797032
49.21, 1795020
49.76, 1777849
50.18, 1771472
50.47, 1730538
50.80, 1725160
51.12, 1725057
51.42, 1715799
51.77, 1715464
52.16, 1713689
52.74, 1709101
53.14, 1706636
53.58, 1706618
54.13, 1702923
54.47, 1702201
55.01, 1692789
55.34, 1679762
55.81, 1656160
56.22, 1644327
56.60, 1639417
57.13, 1631478
57.68, 1627138
58.06, 1608009
58.44, 1605869
58.88, 1604171
59.40, 1604167
59.81, 1570217
60.30, 1561345
60.78, 1553870
61.22, 1537463
61.59, 1526951
62.02, 1525881
62.41, 1518006
62.88, 1515300
63.35, 1509686
63.91, 1500758
64.63, 1498685
65.37, 1497942
66.03, 1497005
66.78, 1493614
67.33, 1439433
67.96, 1423143
68.68, 1419739
69.43, 1415250
69.80, 1405380
70.16, 1384877
70.62, 1383384
71.10, 1378297
71.39, 1376483
71.77, 1376268
72.01, 1374411
72.44, 1372892
72.75, 1368338
72.99, 1367527
73.36, 1366328
73.85, 1338172
74.18, 1332059
74.47, 1315226
74.98, 1315137
75.27, 1309954
75.57, 1303574
75.86, 1290924
76.25, 1281469
76.73, 1280246
77.11, 1268584
77.38, 1255421
77.69, 1249773
78.00, 1243661
78.34, 1242647
78.65, 1238431
78.98, 1237138
79.39, 1235653
79.78, 1234307
80.21, 1233623
80.73, 1220150
80.99, 1218819
81.29, 1214190
81.58, 1212932
81.89, 1212548
82.18, 1211481
82.55, 1205343
82.87, 1201102
83.23, 1200463
83.58, 1198477
84.43, 1190819
85.26, 1190177
86.07, 1174107
86.71, 1167312
87.28, 1164055
88.05, 1163807
89.00, 1133392
89.54, 1130952
90.14, 1130058
90.78, 1129897
91.45, 1115641
92.33, 1106541
93.27, 1105374
93.88, 1105343
94.56, 1080679
95.33, 1076673
96.09, 1056584
96.87, 1040581
97.58, 1039695
98.25, 1039297
99.11, 1037508
99.80, 1014254
100.40, 1012136
