0.01, 5532666
0.02, 5524048
0.02, 5445417
0.02, 5353429
0.02, 5325416
0.02, 5321149
0.02, 5277957
0.02, 5251452
0.02, 5209224
0.02, 5125039
0.02, 5120106
0.02, 5098384
0.02, 5082410
0.02, 5047688
0.02, 5004516
0.02, 4960552
0.02, 4925453
0.02, 4880603
0.02, 4818522
0.02, 4799234
0.02, 4784476
0.02, 4734554
0.02, 4723766
0.02, 4582943
0.02, 4564283
0.02, 4531567
0.02, 4530612
0.02, 4448722
0.02, 4440552
0.03, 4427961
0.03, 4425757
0.03, 4419144
0.03, 4407441
0.03, 4311860
0.03, 4310043
0.03, 4289473
0.03, 4261440
0.03, 4240104
0.04, 4128132
0.04, 4124202
0.04, 4052774
0.04, 4039009
0.04, 4021871
0.04, 3971076
0.04, 3965888
0.04, 3959245
0.04, 3949925
0.05, 3933392
0.05, 3925776
0.05, 3862989
0.05, 3835500
0.05, 3783576
0.05, 3758199
0.05, 3728365
0.05, 3692118
0.05, 3675942
0.05, 3646755
0.05, 3631784
0.06, 3509289
0.06, 3479512
0.07, 3474528
0.07, 3471506
0.07, 3468292
0.07, 3374851
0.07, 3374344
0.08, 3371811
0.08, 3362873
0.08, 3356092
0.08, 3311055
0.08, 3304388
0.09, 3277620
0.09, 3238642
0.09, 3209896
0.10, 3181257
0.10, 3173840
0.10, 3171097
0.11, 3166162
0.11, 3151537
0.11, 3145794
0.11, 3145330
0.11, 3127188
0.11, 3115253
0.11, 3100089
0.11, 3097458
0.12, 3097050
0.12, 3065307
0.12, 3051156
0.12, 3041794
0.12, 3033183
0.12, 3016124
0.12, 3011845
0.12, 3008380
0.12, 2996840
0.13, 2985811
0.13, 2985704
0.14, 2939645
0.14, 2939342
0.14, 2901883
0.14, 2894928
0.14, 2891949
0.14, 2869632
0.15, 2863074
0.15, 2850314
0.15, 2823357
0.16, 2740243
0.16, 2740235
0.17, 2730124
0.17, 2723786
0.18, 2723723
0.18, 2706727
0.18, 2680444
0.18, 2676231
0.19, 2657210
0.19, 2600673
0.19, 2593397
0.20, 2589381
0.20, 2588147
0.20, 2586325
0.21, 2542618
0.21, 2524884
0.21, 2524031
0.21, 2519908
0.21, 2516678
0.22, 2514938
0.22, 2514170
0.22, 2496905
0.22, 2480894
0.22, 2479834
0.22, 2468744
0.23, 2445488
0.23, 2420205
0.24, 2411120
0.24, 2408283
0.25, 2407815
0.26, 2404597
0.27, 2378886
0.27, 2348560
0.28, 2342915
0.29, 2330093
0.30, 2329099
0.32, 2322847
0.32, 2319278
0.33, 2317115
0.33, 2312347
0.33, 2279018
0.34, 2273050
0.34, 2267163
0.35, 2266490
0.36, 2261943
0.36, 2260228
0.37, 2233653
0.37, 2182127
0.37, 2161086
0.38, 2159353
0.38, 2158271
0.39, 2157668
0.39, 2154683
0.40, 2149773
0.41, 2118690
0.41, 2109426
0.42, 2105447
0.44, 2105446
0.45, 2095143
0.46, 2092308
0.46, 2091761
0.46, 2077934
0.46, 2054055
0.47, 2043291
0.47, 2043036
0.50, 2032430
0.50, 2031226
0.51, 2018340
0.52, 2018191
0.53, 2015733
0.54, 2007065
0.54, 2006184
0.57, 1996066
0.57, 1987337
0.58, 1979207
0.58, 1960419
0.59, 1957800
0.59, 1934758
0.60, 1930327
0.60, 1927106
0.60, 1923669
0.61, 1922644
0.64, 1912566
0.65, 1907901
0.67, 1902201
0.67, 1900541
0.68, 1888862
0.69, 1884800
0.71, 1882265
0.73, 1867875
0.73, 1857673
0.77, 1844787
0.77, 1818097
0.79, 1814333
0.79, 1811836
0.82, 1811756
0.84, 1810519
0.87, 1805454
0.89, 1805441
0.94, 1802758
0.99, 1793427
1.03, 1791848
2.79, 1760378
2.81, 1760138
2.82, 1746277
2.84, 1743164
2.84, 1728886
2.88, 1728881
2.90, 1728049
2.91, 1727806
2.93, 1713336
2.95, 1708225
2.96, 1707328
2.96, 1706879
2.96, 1705137
2.97, 1704011
2.97, 1703568
2.97, 1703147
2.98, 1700447
2.99, 1699146
3.00, 1698740
3.01, 1694783
3.05, 1688445
3.05, 1675712
3.07, 1675648
3.10, 1664946
3.13, 1661963
3.14, 1657935
3.17, 1651175
18.63, 1639540
18.63, 1633935
18.65, 1633239
18.69, 1625645
18.73, 1619781
18.79, 1614886
20.97, 1612501
21.00, 1601214
21.01, 1598848
21.02, 1597672
21.04, 1593652
21.08, 1590472
21.09, 1590157
21.10, 1587565
21.13, 1587220
21.16, 1587127
21.21, 1579990
21.21, 1574212
21.22, 1570551
21.23, 1569727
21.25, 1568842
21.26, 1567326
44.47, 1564594
65.78, 1557089
65.82, 1554330
65.83, 1552213
65.83, 1551590
65.87, 1540077
65.91, 1527136
65.93, 1525265
65.98, 1523664
65.98, 1510385
65.99, 1508267
65.99, 1502496
66.02, 1501306
66.03, 1500503
66.05, 1494966
66.05, 1494899
66.09, 1494609
66.12, 1494605
66.12, 1493506
66.12, 1487376
66.13, 1487200
66.14, 1477408
66.19, 1475193
66.23, 1474938
