0.06, 5806240
0.06, 5790743
0.06, 5699863
0.06, 5697656
0.06, 5676467
0.06, 5665162
0.06, 5653535
0.06, 5644976
0.06, 5630639
0.06, 5604357
0.06, 5587421
0.06, 5584500
0.07, 5566504
0.07, 5565735
0.07, 5550535
0.07, 5531616
0.07, 5527118
0.08, 5525450
0.08, 5515245
0.08, 5505404
0.08, 5376853
0.08, 5367719
0.08, 5365736
0.08, 5364793
0.09, 5364464
0.09, 5334322
0.09, 5216961
0.10, 5213024
0.10, 5200994
0.10, 5183431
0.10, 5177742
0.10, 5141743
0.10, 5134495
0.11, 5133879
0.11, 5133142
0.12, 5128014
0.12, 5120163
0.12, 5084805
0.12, 5066207
0.13, 4993438
0.13, 4969182
0.13, 4902899
0.13, 4895615
0.13, 4887222
0.13, 4883826
0.13, 4881137
0.14, 4871123
0.14, 4859705
0.14, 4847312
0.15, 4845099
0.15, 4809694
0.15, 4804788
0.15, 4803933
0.15, 4802394
0.15, 4772034
0.15, 4770718
0.15, 4754106
0.15, 4749498
0.15, 4725647
0.16, 4724063
0.17, 4711192
0.17, 4676188
0.17, 4672945
0.17, 4633620
0.18, 4632522
0.19, 4628936
0.19, 4620697
0.19, 4612215
0.19, 4609990
0.19, 4537957
0.19, 4536758
0.20, 4525263
0.21, 4518302
0.21, 4495502
0.22, 4482734
0.22, 4481971
0.22, 4440258
0.24, 4433148
0.24, 4385983
0.25, 4385781
0.26, 4371717
0.26, 4362243
0.26, 4316263
0.26, 4299171
0.26, 4248894
0.26, 4248336
0.26, 4242117
0.27, 4192348
0.28, 4185375
0.30, 4173121
0.30, 4128435
0.31, 4128306
0.31, 4119505
0.31, 4084446
0.31, 4078896
0.32, 4065886
0.33, 4059981
0.33, 4029968
0.35, 4026860
0.35, 4006433
0.35, 4003711
0.36, 3999746
0.39, 3993975
0.42, 3993322
0.47, 3976219
0.50, 3968905
0.52, 3941602
0.55, 3941521
0.58, 3933775
0.60, 3933645
0.63, 3921579
0.66, 3920103
0.68, 3910508
0.71, 3908627
0.74, 3892975
0.77, 3892132
0.79, 3890690
0.81, 3882147
0.84, 3875209
0.86, 3847216
0.88, 3845377
0.91, 3838218
0.93, 3837125
0.93, 3837101
0.95, 3836999
0.95, 3834828
0.95, 3774487
0.96, 3774436
0.96, 3767903
0.96, 3762012
0.96, 3741230
0.96, 3722678
0.96, 3722037
0.96, 3719211
0.97, 3718596
0.97, 3717729
0.97, 3717225
0.97, 3707559
0.97, 3691582
0.97, 3685974
0.98, 3681022
1.00, 3673245
1.00, 3628476
1.00, 3622743
1.01, 3582863
1.01, 3582776
1.02, 3578081
1.02, 3577896
1.02, 3561013
1.02, 3499980
1.03, 3497466
1.04, 3490591
1.05, 3490058
1.06, 3488245
1.07, 3480554
1.08, 3477934
1.10, 3456024
1.12, 3423288
1.14, 3387178
1.16, 3358059
1.18, 3356314
1.19, 3354548
1.22, 3339377
1.25, 3336679
1.27, 3334133
1.30, 3275238
1.34, 3270069
1.37, 3265963
1.40, 3245459
1.43, 3239005
1.46, 3238781
1.49, 3231628
1.53, 3230336
1.57, 3201276
1.61, 3200942
1.66, 3119889
1.70, 3098950
1.70, 3097289
1.74, 3096963
1.75, 3096184
1.76, 3095793
1.78, 3094149
1.82, 3087306
1.89, 3084713
1.97, 3046397
2.02, 3046339
2.09, 3046258
2.15, 3044103
2.22, 3043151
2.28, 3042350
2.35, 3041940
2.43, 3022233
2.50, 3013359
2.57, 2986025
2.64, 2971119
2.72, 2968490
2.79, 2952901
2.87, 2943458
3.04, 2937711
3.11, 2937677
3.17, 2928782
3.17, 2926137
3.17, 2925963
3.18, 2925215
3.21, 2910725
3.26, 2910275
3.27, 2907629
3.27, 2907174
3.27, 2906309
3.32, 2903416
3.35, 2894821
3.37, 2887467
3.39, 2881130
3.45, 2866333
3.50, 2863348
3.53, 2851928
3.57, 2845466
3.61, 2844225
3.65, 2791642
3.68, 2774947
3.69, 2774222
3.71, 2766436
3.73, 2731202
3.76, 2730555
3.78, 2710498
3.80, 2709384
3.81, 2705323
3.82, 2695442
3.85, 2694537
3.91, 2692841
4.00, 2689505
4.22, 2676563
4.35, 2674604
4.50, 2668894
4.63, 2665361
4.77, 2662656
4.93, 2654239
5.13, 2652846
5.30, 2649743
5.47, 2644667
5.74, 2619717
6.01, 2611379
6.16, 2610537
6.35, 2591891
6.51, 2583198
6.68, 2573937
6.84, 2559309
7.00, 2548522
7.11, 2547597
7.24, 2542999
7.42, 2529250
7.72, 2496169
7.74, 2495645
7.75, 2493945
7.77, 2492826
7.80, 2485427
7.84, 2485151
7.89, 2482980
7.92, 2472859
7.98, 2472688
8.08, 2472131
8.17, 2468714
8.27, 2466559
8.39, 2464645
8.52, 2455013
8.64, 2445037
8.77, 2443170
8.82, 2441437
8.87, 2438398
8.97, 2432954
9.04, 2430617
9.10, 2430321
9.15, 2429186
9.23, 2427031
9.38, 2424449
9.52, 2423534
9.64, 2407847
9.70, 2402310
9.75, 2399271
9.91, 2398433
10.15, 2367846
10.55, 2366518
10.92, 2365174
11.30, 2343919
11.69, 2330878
11.96, 2329614
12.24, 2302826
12.46, 2302024
12.53, 2299609
12.60, 2298433
12.93, 2296945
13.32, 2292590
13.43, 2289569
13.57, 2288467
13.72, 2282678
14.05, 2270089
14.40, 2254407
14.88, 2254156
15.30, 2253023
15.69, 2251546
16.16, 2251405
16.58, 2216809
17.01, 2215336
17.46, 2210209
17.91, 2142656
18.52, 2133198
19.05, 2128448
19.51, 2122776
20.01, 2112417
20.49, 2102811
20.96, 2101846
21.52, 2079977
21.88, 2067708
22.36, 2062073
22.95, 2043342
23.63, 2042495
24.08, 2033259
24.63, 2030817
25.21, 2025437
25.76, 1996704
26.30, 1996252
26.79, 1982763
27.42, 1924656
27.93, 1922800
28.56, 1921172
29.23, 1920776
29.87, 1911366
30.37, 1875916
30.94, 1870130
31.55, 1795954
32.20, 1765629
32.96, 1756860
33.82, 1755002
34.65, 1746292
35.22, 1736632
35.90, 1712262
36.61, 1706092
37.33, 1676613
37.83, 1674585
38.45, 1648289
39.08, 1644046
39.60, 1635179
40.19, 1630929
40.78, 1622866
41.30, 1621008
41.92, 1618299
42.45, 1611654
42.95, 1600163
43.88, 1580221
44.47, 1571290
45.36, 1562343
45.90, 1543923
46.48, 1532166
47.09, 1501883
47.64, 1457538
48.34, 1436318
48.96, 1421303
49.51, 1417965
50.09, 1416808
50.69, 1394067
51.31, 1387017
51.97, 1383628
52.73, 1380844
53.86, 1365893
54.46, 1360989
55.00, 1348334
55.77, 1335270
56.58, 1333313
57.48, 1327624
58.12, 1320281
58.85, 1314674
59.49, 1313363
60.30, 1294861
61.10, 1285118
61.85, 1268604
62.62, 1225330
63.49, 1219637
64.40, 1218424
65.20, 1175456
66.17, 1166750
66.90, 1162379
67.67, 1161516
68.40, 1152864
69.15, 1116242
70.00, 1113277
70.86, 1090641
71.61, 1090355
72.47, 1079864
73.47, 1050630
74.40, 1050023
75.26, 1036499
76.01, 1032036
76.75, 997310
77.53, 992712
78.37, 991832
79.09, 991758
79.83, 991363
80.70, 989432
81.46, 984575
82.27, 984382
83.13, 975832
84.19, 969177
84.95, 968904
85.72, 968296
86.40, 964892
87.09, 946652
87.85, 946379
88.66, 945865
89.44, 938657
90.05, 933414
90.80, 924642
91.56, 922278
92.31, 917691
93.26, 916120
94.14, 911754
94.87, 908350
95.69, 905955
96.40, 883973
97.15, 874391
98.08, 871881
98.79, 871640
99.57, 871031
