0.08, 6398310
0.08, 6374721
0.09, 6360498
0.09, 6276546
0.09, 6269878
0.09, 6243856
0.09, 6211403
0.09, 6202697
0.09, 6189924
0.09, 6153962
0.10, 6147268
0.10, 6129047
0.10, 6108224
0.10, 6082651
0.10, 5935501
0.10, 5929389
0.11, 5925030
0.11, 5901999
0.11, 5895774
0.11, 5889780
0.12, 5882512
0.12, 5873011
0.12, 5861372
0.12, 5859856
0.12, 5858769
0.12, 5826026
0.12, 5821257
0.13, 5817644
0.13, 5800690
0.13, 5762716
0.13, 5752571
0.14, 5752370
0.14, 5748436
0.14, 5732438
0.14, 5732053
0.15, 5723605
0.15, 5720510
0.15, 5704919
0.15, 5693638
0.15, 5683787
0.15, 5682973
0.16, 5671736
0.16, 5572195
0.17, 5568021
0.17, 5559588
0.17, 5557653
0.18, 5547538
0.18, 5543676
0.18, 5532394
0.18, 5482948
0.18, 5471156
0.19, 5459208
0.19, 5404952
0.19, 5335917
0.19, 5259930
0.19, 5235585
0.20, 5229333
0.20, 5218733
0.21, 5214138
0.22, 5211367
0.22, 5202898
0.22, 5177937
0.22, 5176631
0.22, 5150839
0.22, 5143266
0.22, 5139745
0.23, 5138728
0.23, 5125047
0.24, 5123037
0.25, 5118297
0.25, 5118271
0.25, 5084245
0.25, 5065167
0.25, 5035796
0.25, 5019722
0.25, 4973632
0.25, 4972184
0.25, 4969250
0.25, 4954614
0.25, 4953637
0.26, 4932599
0.26, 4929523
0.26, 4926781
0.26, 4914952
0.26, 4899832
0.26, 4885342
0.26, 4850742
0.27, 4839444
0.27, 4838536
0.28, 4834786
0.28, 4828235
0.29, 4825511
0.29, 4825301
0.29, 4815869
0.29, 4799377
0.30, 4793998
0.30, 4787048
0.30, 4783049
0.31, 4751971
0.31, 4692808
0.32, 4685878
0.32, 4678790
0.32, 4676567
0.32, 4660945
0.32, 4633032
0.33, 4617524
0.35, 4615827
0.35, 4615115
0.35, 4547648
0.36, 4530188
0.37, 4529966
0.37, 4506701
0.37, 4503790
0.38, 4497920
0.38, 4467498
0.38, 4466490
0.38, 4428554
0.38, 4405548
0.38, 4405047
0.38, 4306393
0.38, 4291619
0.38, 4290583
0.38, 4277120
0.39, 4266493
0.39, 4263195
0.40, 4254094
0.41, 4248947
0.43, 4248762
0.48, 4247587
0.52, 4245891
0.57, 4244256
0.61, 4233695
0.61, 4233591
0.64, 4230813
0.65, 4223970
0.68, 4163343
0.71, 4146900
0.74, 4119824
0.77, 4112132
0.80, 4111353
0.84, 4031604
0.89, 4020805
0.94, 3996199
0.98, 3986451
1.04, 3982944
1.07, 3976046
1.12, 3975208
1.22, 3971140
1.30, 3966662
1.39, 3963685
1.47, 3954263
1.58, 3952752
1.71, 3949628
1.83, 3947738
2.17, 3937963
2.33, 3932572
2.33, 3932173
2.60, 3912049
2.94, 3909727
3.14, 3907015
3.37, 3805757
3.62, 3799557
3.84, 3798047
4.10, 3796237
4.31, 3795652
4.55, 3793636
4.82, 3690430
5.53, 3681743
5.79, 3585489
6.00, 3585224
6.17, 3576649
6.40, 3565889
6.40, 3557352
6.41, 3528746
6.42, 3528355
6.42, 3506517
6.73, 3450905
7.02, 3445159
7.40, 3444363
7.70, 3438012
7.93, 3434253
8.12, 3416304
8.47, 3403626
8.73, 3394454
8.99, 3391587
9.36, 3384913
9.74, 3373647
10.33, 3373260
10.61, 3324763
10.88, 3318790
11.14, 3285095
11.42, 3273913
11.71, 3261527
12.03, 3242598
12.42, 3223593
12.78, 3182284
13.02, 3174104
13.25, 3149070
13.50, 3118791
13.71, 3051380
13.92, 3045688
14.15, 3022572
14.44, 3022249
14.80, 3020367
15.21, 3001776
15.22, 3001407
15.22, 3000028
15.54, 2992606
16.26, 2987695
16.28, 2975445
16.31, 2968257
16.32, 2967739
16.37, 2965586
16.42, 2963492
16.44, 2963059
16.47, 2961289
16.72, 2957521
17.19, 2957070
17.98, 2952183
18.51, 2934704
18.72, 2926954
19.26, 2912937
19.50, 2912339
19.71, 2911474
20.18, 2901858
20.44, 2900621
20.66, 2896479
20.94, 2893567
21.27, 2891836
21.58, 2890911
21.93, 2890562
22.16, 2887193
22.42, 2887072
22.82, 2882251
23.11, 2879927
23.53, 2866197
23.86, 2802537
24.28, 2789729
24.64, 2788618
25.11, 2785214
25.46, 2784700
25.81, 2777025
26.28, 2774373
26.74, 2743806
27.20, 2735629
27.57, 2686844
27.95, 2679522
28.32, 2664137
28.69, 2631441
29.03, 2627422
29.42, 2622188
29.79, 2622056
30.15, 2606549
30.52, 2593211
30.93, 2580017
31.34, 2570723
31.89, 2567704
32.45, 2543288
32.91, 2520182
33.30, 2513163
33.70, 2488619
34.14, 2486961
34.57, 2485358
34.96, 2482510
35.34, 2482326
35.75, 2474208
36.16, 2469955
36.70, 2468301
37.33, 2466573
37.97, 2464200
38.49, 2427982
38.87, 2423241
39.35, 2397387
39.76, 2392712
40.21, 2318709
40.61, 2311682
41.03, 2305909
41.49, 2296007
41.90, 2271582
42.57, 2265335
43.10, 2262058
43.46, 2260680
43.78, 2257509
44.25, 2253007
44.70, 2251808
45.04, 2250205
45.38, 2246954
45.75, 2246854
46.18, 2234350
46.59, 2227645
46.95, 2225991
47.33, 2225195
47.74, 2224071
48.19, 2196614
48.69, 2189999
49.10, 2165336
49.54, 2162160
49.94, 2115077
50.37, 2114836
50.84, 2095894
51.34, 2092146
51.76, 2087238
52.30, 1987498
52.84, 1980466
53.26, 1908714
53.82, 1897952
54.25, 1873684
54.78, 1820102
55.25, 1789287
55.73, 1773919
56.27, 1748730
56.92, 1736586
57.41, 1734255
57.85, 1730089
58.31, 1722343
58.76, 1719573
59.17, 1717760
59.57, 1706847
60.18, 1700468
60.60, 1700054
61.21, 1695467
61.72, 1686815
62.23, 1680078
63.40, 1678016
64.36, 1621664
65.13, 1621557
65.69, 1621440
66.33, 1618662
66.93, 1611324
67.54, 1608773
68.24, 1606824
69.00, 1605133
69.42, 1598684
69.68, 1595731
69.94, 1589779
70.33, 1587901
70.73, 1568952
70.88, 1537509
71.04, 1534028
71.51, 1517950
72.29, 1511295
72.99, 1511221
74.08, 1502895
74.79, 1502842
75.50, 1500917
76.11, 1500849
76.77, 1499965
77.61, 1492915
78.55, 1491866
79.42, 1481153
80.05, 1480540
80.54, 1475105
81.12, 1467554
81.69, 1464923
82.51, 1460863
83.02, 1455781
83.50, 1448443
83.91, 1446872
84.36, 1435761
84.91, 1431475
85.50, 1430601
86.10, 1429226
86.58, 1427816
87.09, 1415262
87.74, 1406896
88.17, 1405738
88.61, 1397106
89.09, 1385077
89.53, 1379806
89.96, 1375691
90.38, 1368287
90.79, 1363700
91.26, 1356362
91.70, 1353911
92.41, 1353794
92.98, 1348526
93.51, 1340109
93.98, 1337323
94.49, 1327624
94.95, 1308775
95.48, 1307403
95.97, 1290494
96.48, 1276139
97.16, 1262258
97.67, 1261885
98.14, 1259579
98.61, 1256967
99.08, 1252878
99.62, 1248935
100.18, 1241354
