0.02, 5772310
0.02, 5764521
0.02, 5630835
0.02, 5571815
0.02, 5543504
0.02, 5524970
0.02, 5496705
0.02, 5468628
0.02, 5468130
0.02, 5358066
0.02, 5349718
0.02, 5302698
0.02, 5277051
0.03, 5256872
0.03, 5213417
0.03, 5209798
0.03, 5186688
0.03, 5164884
0.03, 5103424
0.03, 4963618
0.03, 4940688
0.03, 4871357
0.03, 4849354
0.03, 4809001
0.03, 4792424
0.03, 4777016
0.03, 4684454
0.03, 4651814
0.03, 4633319
0.04, 4540624
0.04, 4534186
0.04, 4370727
0.04, 4273548
0.04, 4214174
0.04, 4194436
0.04, 4150048
0.04, 4063112
0.04, 4054490
0.04, 4015512
0.04, 4007436
0.04, 4003885
0.04, 3999593
0.04, 3945497
0.04, 3913977
0.04, 3907282
0.04, 3874878
0.04, 3847767
0.04, 3797559
0.04, 3793246
0.05, 3776473
0.05, 3764478
0.05, 3721131
0.05, 3664777
0.05, 3652310
0.05, 3649845
0.05, 3557660
0.05, 3502772
0.06, 3499092
0.06, 3495454
0.06, 3473272
0.06, 3466535
0.06, 3464902
0.07, 3461974
0.07, 3450353
0.07, 3447621
0.07, 3436580
0.07, 3422073
0.07, 3419299
0.08, 3411763
0.08, 3410929
0.08, 3391627
0.08, 3388341
0.08, 3345686
0.08, 3339510
0.08, 3336276
0.08, 3319256
0.08, 3297724
0.08, 3246788
0.08, 3245351
0.08, 3240446
0.08, 3235544
0.08, 3230862
0.08, 3221491
0.09, 3195795
0.09, 3186591
0.09, 3183876
0.09, 3149840
0.09, 3149193
0.09, 3086995
0.09, 3069182
0.10, 3061746
0.10, 3004000
0.10, 2957950
0.10, 2954289
0.10, 2942527
0.10, 2920347
0.11, 2908251
0.11, 2905164
0.11, 2899403
0.11, 2897763
0.13, 2881192
0.13, 2877525
0.13, 2877119
0.14, 2854948
0.15, 2843827
0.15, 2842860
0.15, 2841710
0.15, 2818701
0.16, 2800225
0.16, 2799229
0.16, 2769573
0.16, 2757825
0.17, 2753043
0.17, 2733448
0.17, 2733345
0.17, 2730531
0.17, 2729819
0.17, 2718809
0.17, 2706390
0.18, 2687642
0.18, 2673203
0.18, 2640492
0.18, 2640409
0.20, 2618044
0.20, 2610825
0.20, 2604202
0.22, 2595947
0.22, 2592790
0.22, 2592718
0.23, 2584766
0.23, 2577076
0.23, 2561164
0.24, 2560135
0.24, 2549455
0.24, 2546643
0.24, 2539007
0.24, 2537383
0.25, 2522436
0.26, 2515237
0.26, 2503042
0.27, 2488800
0.27, 2479863
0.27, 2475231
0.28, 2465076
0.29, 2461196
0.29, 2432173
0.29, 2418590
0.29, 2407476
0.31, 2404449
0.31, 2404395
0.32, 2404314
0.32, 2402308
0.33, 2400089
0.37, 2396023
0.39, 2382820
0.40, 2368800
0.40, 2352207
0.41, 2342258
0.42, 2336895
0.42, 2320299
0.43, 2318905
0.44, 2317795
0.44, 2315245
0.44, 2314901
0.45, 2312289
0.45, 2304510
0.45, 2296033
0.46, 2291450
0.47, 2266014
0.53, 2255897
0.53, 2253757
0.61, 2244792
0.65, 2244533
0.66, 2242437
0.67, 2239888
0.67, 2235846
0.67, 2231221
0.77, 2225333
0.79, 2225230
0.80, 2201894
0.82, 2185662
0.87, 2181994
0.97, 2180754
0.99, 2180418
1.01, 2163975
1.09, 2163166
1.10, 2160270
1.18, 2160037
1.26, 2159176
1.34, 2158813
1.49, 2158563
1.52, 2146280
1.53, 2133038
1.54, 2129347
1.54, 2128665
1.57, 2127613
1.57, 2125295
1.63, 2123038
1.63, 2119439
1.64, 2119080
1.68, 2118025
1.68, 2114920
1.69, 2114726
1.69, 2112814
1.74, 2104909
1.76, 2100736
1.84, 2086963
1.88, 2082112
1.89, 2075216
1.94, 2074972
1.96, 2072944
1.99, 2059530
2.00, 2057865
2.04, 2057576
2.06, 2056787
3.13, 2050096
3.13, 2031902
3.16, 2027410
3.22, 2023955
3.23, 2022538
3.25, 2015105
3.26, 2014248
3.29, 2008143
3.31, 2005740
3.33, 1984660
3.38, 1982989
3.39, 1982394
3.40, 1982206
3.41, 1980203
3.41, 1977937
3.45, 1974559
3.46, 1973192
3.47, 1973095
3.47, 1973070
3.51, 1965248
3.54, 1965084
3.54, 1961107
3.56, 1958132
3.56, 1956859
3.56, 1955903
3.60, 1955462
3.62, 1954133
3.62, 1951981
3.62, 1947389
3.63, 1946480
3.63, 1945697
3.64, 1944535
3.68, 1941404
3.70, 1941328
3.70, 1940678
3.77, 1935417
3.80, 1934305
3.81, 1934224
3.81, 1932799
3.84, 1931173
3.89, 1929075
3.90, 1927373
3.93, 1926458
3.95, 1923918
3.96, 1922404
3.97, 1906381
3.98, 1905063
3.99, 1901261
4.04, 1899446
4.05, 1891760
4.08, 1890574
4.09, 1887037
4.10, 1885649
4.10, 1885410
4.93, 1878060
4.99, 1876392
5.06, 1855158
5.07, 1850077
5.09, 1847141
5.14, 1843044
5.15, 1833615
5.16, 1833611
5.19, 1817544
5.20, 1803485
5.23, 1799567
5.23, 1791619
5.26, 1764359
5.28, 1757443
5.28, 1754770
5.29, 1752522
5.35, 1752469
5.35, 1745694
5.36, 1743636
5.36, 1742668
5.39, 1738721
5.43, 1735529
5.46, 1720610
5.52, 1714761
7.30, 1693849
7.36, 1691486
13.47, 1683069
13.49, 1682229
13.49, 1679678
19.75, 1679452
19.83, 1678194
19.83, 1668850
19.83, 1662806
19.83, 1662674
19.84, 1647450
19.85, 1645383
19.87, 1645142
19.89, 1641806
19.95, 1640802
19.96, 1637302
20.01, 1635709
20.08, 1626507
20.10, 1609782
20.11, 1605197
20.18, 1602084
20.20, 1601199
20.21, 1600816
20.27, 1599819
20.31, 1598529
20.36, 1598506
24.57, 1570114
24.59, 1566070
24.63, 1555425
24.66, 1555219
24.66, 1555081
24.70, 1552083
24.72, 1545451
24.75, 1542948
24.82, 1536286
24.83, 1535647
24.87, 1525406
24.87, 1525075
24.88, 1520516
24.89, 1518965
24.90, 1518821
24.95, 1518810
24.97, 1515982
24.99, 1512235
25.03, 1511944
25.05, 1506460
25.06, 1505867
25.07, 1505828
25.08, 1504045
65.50, 1503714
65.51, 1503472
65.52, 1503143
65.53, 1492766
65.54, 1492496
65.55, 1490556
65.56, 1488969
65.56, 1487525
65.60, 1483121
65.61, 1482872
65.62, 1475068
65.64, 1473399
