0.02, 6153791
0.02, 6144683
0.02, 6125764
0.02, 6096487
0.02, 6093277
0.02, 6072364
0.02, 6072096
0.02, 6013399
0.02, 6006670
0.02, 5999007
0.02, 5979294
0.02, 5970310
0.02, 5960850
0.03, 5931403
0.03, 5927833
0.03, 5924631
0.03, 5902719
0.03, 5899809
0.03, 5878746
0.03, 5876243
0.03, 5863292
0.03, 5860363
0.03, 5848641
0.03, 5847961
0.03, 5830317
0.03, 5827733
0.03, 5790644
0.03, 5784471
0.03, 5719925
0.03, 5695766
0.03, 5688555
0.03, 5660836
0.03, 5659982
0.03, 5610714
0.04, 5603072
0.04, 5597135
0.04, 5587339
0.04, 5579767
0.04, 5572515
0.04, 5569387
0.04, 5563705
0.04, 5563369
0.04, 5560591
0.04, 5502484
0.04, 5487105
0.04, 5486979
0.04, 5466773
0.04, 5465077
0.04, 5449066
0.04, 5385258
0.05, 5366182
0.05, 5359264
0.05, 5357007
0.05, 5347981
0.05, 5346735
0.05, 5341136
0.05, 5337700
0.05, 5330740
0.05, 5321255
0.05, 5317914
0.06, 5297306
0.06, 5279424
0.06, 5273255
0.06, 5264518
0.06, 5263966
0.06, 5258316
0.07, 5255031
0.08, 5254106
0.08, 5248646
0.08, 5219187
0.08, 5215952
0.09, 5210774
0.09, 5210005
0.09, 5201067
0.09, 5195995
0.10, 5181243
0.10, 5180808
0.10, 5138420
0.10, 5089550
0.10, 5086281
0.10, 5070847
0.10, 5057596
0.10, 5047591
0.10, 5044046
0.10, 4996030
0.11, 4961223
0.11, 4954783
0.11, 4953886
0.11, 4894031
0.11, 4893162
0.11, 4835906
0.11, 4831339
0.11, 4830245
0.11, 4818764
0.11, 4798169
0.11, 4797213
0.11, 4796450
0.11, 4786845
0.11, 4759283
0.12, 4751146
0.13, 4749215
0.13, 4742791
0.13, 4738351
0.13, 4655655
0.13, 4647251
0.13, 4629880
0.14, 4625505
0.15, 4607632
0.15, 4595837
0.15, 4592268
0.15, 4589594
0.16, 4585405
0.16, 4533603
0.17, 4512368
0.17, 4478280
0.17, 4432037
0.17, 4431942
0.17, 4388224
0.17, 4384827
0.18, 4368322
0.18, 4329902
0.19, 4327040
0.19, 4325301
0.19, 4320161
0.20, 4316959
0.20, 4285956
0.22, 4274101
0.22, 4229315
0.24, 4224710
0.25, 4224468
0.26, 4213315
0.27, 4204946
0.28, 4200538
0.29, 4190619
0.30, 4188338
0.31, 4147265
0.31, 4146299
0.32, 4115271
0.33, 4102986
0.34, 4098647
0.34, 4094816
0.34, 4080667
0.35, 4068749
0.36, 4068525
0.37, 4055884
0.38, 4053319
0.38, 4052342
0.39, 3967884
0.40, 3956583
0.41, 3933991
0.41, 3929390
0.42, 3924761
0.43, 3923417
0.44, 3922411
0.45, 3916069
0.46, 3916057
0.48, 3910061
0.50, 3908887
0.50, 3908760
0.50, 3907321
0.52, 3900850
0.54, 3900163
0.54, 3898605
0.55, 3745600
0.57, 3726759
0.59, 3725168
0.61, 3725076
0.63, 3723851
0.68, 3722178
0.70, 3722017
0.74, 3710236
0.78, 3705755
0.79, 3699278
0.79, 3697387
0.79, 3697205
0.80, 3695154
0.80, 3682245
0.80, 3679968
0.82, 3672615
0.83, 3671323
0.85, 3650513
0.87, 3648205
0.87, 3643407
0.87, 3636058
0.87, 3633870
0.88, 3593660
0.89, 3592968
0.90, 3590163
0.91, 3588000
0.94, 3556121
0.97, 3553919
1.00, 3432836
1.03, 3426351
1.06, 3413912
1.09, 3399297
1.13, 3374032
1.24, 3357120
1.28, 3351006
1.30, 3344547
1.42, 3341917
1.47, 3237383
1.50, 3237313
1.50, 3236022
1.52, 3235243
1.57, 3232564
1.57, 3229443
1.58, 3222949
1.59, 3222789
1.60, 3195745
1.60, 3193943
1.61, 3186653
1.63, 3076871
1.65, 3068513
1.67, 3065600
1.68, 3065504
1.69, 3026286
1.71, 3020415
1.72, 3019716
1.73, 3018214
1.75, 3007062
1.77, 2940263
1.78, 2868231
1.80, 2842064
1.82, 2834189
1.84, 2829180
1.86, 2751688
1.87, 2748466
1.89, 2712920
1.91, 2685627
1.93, 2620542
1.94, 2619197
1.96, 2605882
1.98, 2603662
2.00, 2602269
2.02, 2597892
2.03, 2595807
2.04, 2589050
2.06, 2588959
2.07, 2576335
2.09, 2573886
2.11, 2573090
2.14, 2572442
2.15, 2571810
2.15, 2568612
2.16, 2566700
2.18, 2548636
2.19, 2541933
2.20, 2539010
2.22, 2517508
2.24, 2503992
2.24, 2503957
2.24, 2502354
2.24, 2501070
2.25, 2494501
2.26, 2490426
2.29, 2480230
2.33, 2476813
2.39, 2476273
2.46, 2460726
2.51, 2458886
2.59, 2454117
2.64, 2450700
2.68, 2445610
2.75, 2442974
2.82, 2437517
2.88, 2433845
2.93, 2430595
2.99, 2428013
3.04, 2425787
3.09, 2414192
3.16, 2367548
3.22, 2357427
3.25, 2355694
3.28, 2352655
3.34, 2349459
3.39, 2345400
3.43, 2343439
3.48, 2336226
3.53, 2335110
3.59, 2333142
3.64, 2332942
3.70, 2332934
3.75, 2332059
3.86, 2320224
3.94, 2319388
4.03, 2314631
4.13, 2311766
4.23, 2297331
4.35, 2297296
4.46, 2281554
4.47, 2281378
4.47, 2280217
4.47, 2277107
4.47, 2276781
4.48, 2273676
4.60, 2249178
4.71, 2231122
4.82, 2226596
4.82, 2226554
4.94, 2224194
4.94, 2222334
5.05, 2220343
5.17, 2125390
5.30, 2122798
5.42, 2107507
5.54, 2107029
5.67, 2101222
5.78, 2100022
5.90, 2098460
6.01, 2090047
6.24, 2088488
6.43, 2087651
6.58, 2085222
6.76, 2084809
6.92, 2033063
7.04, 2025916
7.19, 2018440
7.31, 2002647
7.43, 2000801
7.54, 1999667
7.68, 1982806
7.68, 1982436
7.68, 1978469
7.68, 1977378
7.69, 1975775
7.70, 1972857
7.72, 1941167
7.74, 1932190
7.77, 1922624
7.79, 1873724
7.82, 1838487
7.85, 1831641
7.88, 1813517
7.93, 1811302
7.95, 1810113
7.97, 1804374
8.00, 1791239
8.03, 1780350
8.08, 1741185
8.16, 1731309
8.23, 1728956
8.29, 1716832
8.34, 1710503
8.41, 1709703
8.47, 1702940
8.58, 1698599
8.66, 1681765
8.74, 1663047
8.80, 1662200
8.86, 1660894
8.92, 1659426
8.99, 1653561
9.05, 1645181
9.12, 1586324
9.21, 1578070
9.29, 1552702
9.39, 1529216
9.46, 1519615
9.53, 1512646
9.59, 1504085
9.68, 1478833
9.75, 1475624
9.83, 1473318
9.89, 1471889
9.96, 1467689
10.07, 1456204
10.17, 1445871
10.24, 1415803
10.31, 1394915
10.41, 1394211
10.48, 1385524
10.55, 1382135
10.65, 1380429
10.74, 1380267
10.82, 1371362
10.91, 1366392
11.00, 1365375
11.09, 1322995
11.16, 1311141
11.24, 1309440
11.30, 1300728
11.36, 1285544
11.43, 1265053
11.49, 1264310
11.56, 1257293
11.66, 1255973
11.72, 1254748
11.78, 1248050
11.85, 1245269
11.93, 1243947
12.02, 1236700
12.11, 1236105
12.22, 1231696
12.36, 1223697
12.50, 1223480
12.58, 1223441
12.67, 1217862
12.75, 1215899
12.84, 1205725
12.93, 1201898
13.05, 1199361
13.14, 1195264
13.24, 1193998
13.33, 1193992
13.42, 1169661
13.53, 1168380
13.64, 1159829
13.75, 1148546
13.85, 1107152
13.95, 1106221
14.12, 1087981
14.23, 1082052
14.34, 1078554
14.50, 1057999
14.61, 1056756
14.73, 1044604
14.84, 1034261
14.94, 1022724
15.05, 1018937
15.16, 976838
15.27, 974794
15.38, 972192
15.49, 961455
15.60, 953752
15.74, 948138
15.94, 947889
16.11, 942300
16.47, 941014
16.79, 938873
17.14, 938732
17.43, 934784
17.66, 934567
17.91, 885986
18.08, 885049
18.25, 877298
18.41, 877258
18.59, 875602
18.78, 872198
18.99, 871402
19.27, 870737
54.91, 849592
55.18, 848792
55.49, 842029
55.72, 841927
55.93, 841807
56.19, 841590
56.47, 839854
56.72, 838615
56.98, 834831
57.25, 834614
57.55, 834575
57.82, 834126
58.03, 827575
