0.02, 6093924
0.02, 6044367
0.02, 6043537
0.02, 5863924
0.02, 5824364
0.02, 5810689
0.02, 5712299
0.02, 5586180
0.02, 5518071
0.02, 5510574
0.02, 5444438
0.02, 5404478
0.02, 5379992
0.02, 5278704
0.02, 5254359
0.02, 5216196
0.02, 5151884
0.02, 5121768
0.02, 5091468
0.03, 5081445
0.03, 5040777
0.03, 5014196
0.03, 5001791
0.03, 4902718
0.03, 4902671
0.03, 4895428
0.03, 4799768
0.03, 4752133
0.03, 4748535
0.03, 4728662
0.04, 4683393
0.04, 4679331
0.04, 4660234
0.04, 4631864
0.04, 4610546
0.04, 4582694
0.04, 4563454
0.04, 4482929
0.04, 4448385
0.04, 4406678
0.04, 4400399
0.05, 4393858
0.05, 4353710
0.05, 4275446
0.05, 4272862
0.05, 4237114
0.05, 4186896
0.05, 4157832
0.06, 4131697
0.06, 4097693
0.06, 4031862
0.06, 3987003
0.06, 3983593
0.06, 3979930
0.06, 3968152
0.06, 3874703
0.06, 3847162
0.06, 3834864
0.06, 3833277
0.06, 3828951
0.06, 3805447
0.06, 3784620
0.06, 3727829
0.06, 3714306
0.06, 3708884
0.07, 3703545
0.07, 3654436
0.07, 3641531
0.07, 3609396
0.07, 3606157
0.07, 3605021
0.07, 3593002
0.07, 3585631
0.07, 3583210
0.07, 3581384
0.07, 3574518
0.07, 3561502
0.07, 3530713
0.08, 3525629
0.08, 3501349
0.08, 3496007
0.08, 3489519
0.08, 3464354
0.08, 3463075
0.08, 3457350
0.09, 3427644
0.09, 3419574
0.09, 3417971
0.09, 3414526
0.09, 3409092
0.09, 3404194
0.09, 3403067
0.10, 3394657
0.10, 3358185
0.10, 3357956
0.10, 3349787
0.11, 3348348
0.11, 3322656
0.11, 3297547
0.11, 3281600
0.11, 3271439
0.12, 3251239
0.12, 3246989
0.12, 3224582
0.12, 3190449
0.12, 3188913
0.13, 3136625
0.13, 3134968
0.13, 3113160
0.14, 3090971
0.14, 3073842
0.14, 3070212
0.14, 3061999
0.14, 3050811
0.15, 3040015
0.15, 3031640
0.15, 3031302
0.15, 3026748
0.15, 3022326
0.15, 3020791
0.15, 3020746
0.16, 3019258
0.16, 3015640
0.17, 2981066
0.17, 2957891
0.18, 2957866
0.18, 2953429
0.18, 2939844
0.18, 2931503
0.19, 2927205
0.20, 2921911
0.21, 2909993
0.21, 2909505
0.21, 2909101
0.21, 2907105
0.22, 2898002
0.22, 2865032
0.22, 2861985
0.22, 2855345
0.22, 2847399
0.23, 2846755
0.23, 2845916
0.23, 2843776
0.23, 2840570
0.23, 2837652
0.23, 2808827
0.24, 2806544
0.24, 2804766
0.24, 2803805
0.25, 2803800
0.25, 2802474
0.25, 2795463
0.25, 2791818
0.26, 2765316
0.26, 2764693
0.27, 2750645
0.27, 2732541
0.27, 2731334
0.28, 2729734
0.28, 2727014
0.28, 2723096
0.29, 2711171
0.29, 2705094
0.29, 2704210
0.30, 2695556
0.30, 2688538
0.30, 2682649
0.31, 2677309
0.32, 2675564
0.33, 2673868
0.33, 2607648
0.34, 2604422
0.34, 2602061
0.37, 2570883
0.37, 2568940
0.37, 2559196
0.37, 2538157
0.37, 2533080
0.40, 2522238
0.41, 2521622
0.41, 2515339
0.52, 2492285
0.54, 2490449
0.54, 2488589
0.55, 2488141
0.56, 2473820
0.57, 2472441
0.59, 2467783
0.61, 2462123
0.61, 2452501
0.61, 2450641
0.68, 2450426
0.68, 2447061
0.69, 2441384
0.70, 2423890
0.72, 2419655
0.73, 2411140
0.73, 2403304
0.73, 2389247
0.74, 2387578
0.78, 2382597
0.80, 2377125
0.86, 2368739
0.90, 2367621
0.90, 2367325
0.95, 2363858
0.98, 2357357
1.03, 2355351
1.04, 2351733
1.09, 2350565
1.09, 2340616
1.09, 2337802
1.11, 2331817
1.12, 2324035
1.15, 2322430
1.23, 2314882
1.26, 2314589
1.26, 2305476
1.26, 2304982
1.28, 2303814
1.29, 2302440
1.30, 2285316
1.31, 2284289
1.33, 2283103
1.34, 2235688
1.34, 2233678
1.36, 2227814
1.36, 2203524
1.36, 2169581
1.39, 2168921
1.41, 2167888
1.43, 2166798
1.44, 2166070
1.45, 2149866
1.49, 2145253
1.50, 2137961
1.51, 2111807
1.52, 2098771
1.53, 2095894
1.53, 2087402
1.56, 2074369
1.56, 2069847
1.57, 2065400
1.57, 2062830
1.57, 2058908
1.58, 2056318
1.61, 2053863
1.65, 2052934
1.65, 2037918
1.66, 2035117
1.68, 2033165
1.69, 2031478
1.74, 2025241
1.75, 2023139
1.76, 2019670
1.76, 2013601
1.78, 2003730
1.78, 1983340
1.86, 1970115
1.88, 1963146
1.90, 1939123
1.96, 1927263
1.97, 1919639
1.97, 1919075
2.05, 1918654
2.07, 1910122
2.08, 1892038
3.14, 1888981
3.16, 1887875
3.17, 1881175
3.19, 1878291
3.20, 1877232
3.21, 1876523
3.23, 1871920
3.23, 1871096
3.24, 1869046
3.24, 1856800
3.26, 1853659
3.26, 1843107
3.29, 1840870
3.30, 1840599
3.32, 1839605
3.32, 1833064
3.33, 1832931
3.35, 1821314
3.35, 1817377
3.37, 1814421
3.37, 1812526
3.40, 1812363
3.40, 1811928
3.41, 1810172
3.44, 1801307
3.45, 1800564
3.46, 1797073
3.46, 1794102
3.49, 1792292
3.50, 1791690
3.55, 1789811
3.56, 1776339
3.64, 1764375
3.66, 1762332
3.68, 1761992
3.73, 1761796
5.36, 1756958
5.41, 1751375
5.41, 1751301
5.45, 1751039
5.48, 1748803
5.53, 1726916
5.55, 1726064
5.57, 1726033
5.64, 1722758
5.68, 1722528
5.73, 1721434
5.77, 1719061
6.73, 1714718
6.73, 1708857
6.74, 1684340
6.77, 1669229
6.81, 1664585
6.81, 1663322
6.82, 1663174
6.84, 1656274
6.84, 1655417
6.86, 1654075
6.87, 1652582
6.89, 1652196
6.89, 1651296
6.90, 1645751
6.94, 1645546
6.94, 1643872
10.20, 1643218
10.21, 1638074
10.24, 1635107
10.27, 1634344
24.17, 1633016
24.19, 1630974
24.22, 1623984
24.25, 1619504
24.30, 1613316
24.36, 1613150
24.37, 1609854
24.42, 1598067
26.03, 1596344
26.04, 1582713
26.05, 1582700
26.09, 1569118
26.11, 1567242
26.15, 1566463
26.18, 1565864
26.19, 1565225
26.22, 1558737
26.23, 1558429
28.78, 1542568
28.82, 1539528
28.86, 1536062
90.54, 1531716
90.55, 1527182
90.56, 1520959
90.59, 1510140
90.62, 1499298
90.66, 1498490
90.67, 1493752
90.69, 1491902
90.71, 1489726
90.71, 1484467
90.73, 1469964
90.73, 1450614
90.77, 1441692
90.80, 1438137
90.81, 1437904
90.84, 1436643
90.89, 1436031
90.93, 1435433
90.97, 1432614
90.98, 1432459
90.99, 1428014
91.05, 1426448
91.06, 1425318
91.07, 1421689
91.13, 1416868
91.14, 1416579
