0.02, 6410225
0.02, 6373959
0.02, 6243796
0.02, 6188747
0.02, 6035680
0.02, 5852221
0.02, 5848097
0.02, 5828470
0.02, 5687989
0.02, 5674602
0.02, 5674409
0.02, 5668720
0.02, 5635339
0.02, 5633075
0.02, 5551983
0.02, 5549007
0.02, 5483631
0.02, 5415953
0.02, 5356549
0.02, 5345956
0.02, 5331542
0.02, 5244547
0.02, 5159628
0.02, 5101275
0.02, 4979078
0.02, 4826037
0.02, 4820428
0.02, 4744453
0.02, 4729572
0.02, 4728352
0.02, 4723111
0.02, 4707560
0.02, 4660851
0.02, 4653165
0.03, 4651185
0.03, 4643152
0.03, 4605884
0.03, 4582801
0.03, 4506738
0.03, 4373004
0.03, 4326329
0.03, 4299299
0.03, 4265368
0.03, 4245373
0.03, 4175411
0.03, 4162884
0.03, 4105671
0.03, 4099663
0.03, 4027464
0.03, 3998380
0.03, 3990363
0.04, 3979530
0.04, 3977597
0.04, 3885218
0.04, 3884664
0.04, 3878735
0.04, 3870427
0.04, 3841943
0.04, 3837821
0.04, 3807560
0.04, 3626771
0.04, 3578542
0.04, 3521262
0.04, 3517157
0.04, 3515151
0.04, 3510204
0.04, 3480173
0.04, 3466106
0.04, 3439719
0.05, 3428637
0.05, 3415831
0.05, 3411814
0.05, 3384542
0.05, 3365589
0.05, 3316023
0.05, 3306217
0.05, 3275147
0.05, 3264863
0.05, 3250496
0.05, 3250350
0.05, 3240807
0.05, 3234029
0.05, 3231434
0.06, 3216126
0.06, 3171996
0.06, 3156151
0.06, 3143330
0.06, 3103263
0.06, 3092483
0.06, 3090318
0.07, 3059176
0.07, 3050710
0.07, 3044014
0.07, 3032107
0.07, 3016355
0.08, 2971872
0.08, 2954870
0.08, 2952395
0.08, 2931869
0.09, 2924624
0.09, 2921180
0.09, 2917883
0.09, 2909705
0.10, 2888271
0.10, 2886639
0.10, 2872554
0.10, 2825132
0.10, 2821992
0.10, 2820942
0.10, 2818983
0.10, 2797152
0.10, 2792906
0.10, 2779378
0.11, 2778708
0.11, 2770182
0.11, 2765868
0.11, 2711043
0.11, 2694756
0.12, 2688889
0.12, 2687600
0.12, 2647607
0.13, 2637613
0.13, 2632628
0.13, 2614792
0.14, 2611614
0.14, 2607925
0.14, 2598019
0.14, 2564500
0.14, 2553706
0.15, 2551559
0.15, 2550824
0.15, 2542886
0.15, 2542077
0.16, 2536537
0.16, 2497823
0.16, 2497789
0.17, 2491487
0.17, 2486261
0.18, 2470908
0.18, 2436217
0.19, 2419839
0.19, 2411681
0.19, 2395657
0.19, 2388930
0.19, 2386951
0.20, 2377393
0.20, 2367380
0.20, 2360890
0.20, 2358246
0.20, 2351916
0.20, 2348792
0.21, 2325017
0.22, 2324505
0.23, 2321268
0.24, 2308580
0.24, 2305907
0.24, 2305494
0.25, 2303856
0.25, 2293735
0.25, 2244153
0.26, 2242526
0.27, 2222312
0.28, 2219277
0.28, 2197857
0.28, 2160463
0.29, 2145174
0.30, 2129050
0.30, 2123437
0.30, 2119311
0.32, 2116070
0.33, 2113620
0.33, 2099969
0.33, 2099172
0.35, 2098883
0.35, 2095886
0.36, 2086069
0.37, 2085604
0.37, 2080125
0.38, 2080089
0.38, 2076941
0.38, 2073757
0.39, 2045133
0.39, 2033492
0.39, 2033403
0.40, 2026375
0.41, 2025045
0.43, 2022434
0.44, 2015638
0.45, 2011292
0.45, 2010013
0.46, 2007714
0.46, 2005196
0.47, 1999762
0.49, 1995545
0.49, 1995470
0.50, 1986332
0.51, 1985894
0.51, 1984423
0.51, 1983674
0.53, 1976141
0.54, 1975714
0.54, 1971704
0.55, 1968410
0.55, 1967405
0.55, 1964341
0.58, 1955524
0.58, 1949918
0.59, 1948672
0.61, 1944722
0.67, 1941991
0.67, 1941384
0.68, 1929942
0.70, 1895526
0.74, 1891394
0.74, 1890535
0.79, 1888226
0.85, 1886582
0.85, 1881527
0.86, 1881412
0.87, 1875574
0.88, 1875146
0.89, 1873514
0.90, 1866317
0.91, 1866202
0.92, 1865150
0.92, 1860887
0.94, 1860486
0.95, 1857428
0.97, 1857375
0.99, 1840372
1.00, 1840129
1.01, 1838325
1.03, 1830755
1.03, 1820613
1.04, 1819870
1.04, 1817349
1.06, 1809223
1.07, 1806425
1.07, 1776571
1.08, 1776134
1.08, 1772328
1.08, 1770586
1.09, 1766143
1.10, 1765086
1.11, 1761573
1.12, 1761533
1.13, 1759868
1.13, 1746376
1.14, 1739286
1.14, 1738139
1.14, 1729510
1.15, 1726252
1.16, 1724326
1.77, 1724046
1.78, 1716563
1.79, 1714323
1.79, 1684676
1.81, 1680858
1.82, 1670028
1.83, 1659746
1.84, 1659426
1.85, 1655386
1.92, 1654786
1.99, 1647078
1.99, 1646207
2.00, 1646191
2.05, 1630059
2.09, 1625984
2.11, 1625681
2.11, 1618084
2.14, 1614262
2.15, 1610556
2.16, 1603947
2.21, 1599358
2.21, 1599332
2.24, 1594453
2.26, 1578614
2.34, 1567656
2.36, 1567269
2.36, 1556035
2.45, 1549513
2.46, 1548590
2.46, 1545724
2.50, 1539211
2.54, 1539187
2.54, 1535032
2.56, 1530337
2.56, 1515178
2.58, 1515109
2.58, 1512631
2.58, 1512502
2.60, 1493288
2.61, 1493250
2.64, 1484613
2.67, 1483327
15.06, 1483027
15.10, 1469867
15.17, 1467316
